7321,389333325,7321,389378019
7321,389451460,7321,389493102
7321,389550978,7321,389585962
7321,389642921,7321,389675502
7321,389732277,7321,389768856
7321,389825694,7321,389861459
7321,389918301,7321,389953949
7321,390010831,7321,390046976
7321,390103748,7321,390139208
7321,390196020,7321,390231685
7321,390288587,7321,390324115
7321,390380870,7321,390414468
7321,390471237,7321,390505076
7321,390561838,7321,390595367
7321,390652135,7321,390687923
7321,390744705,7321,390780490
7321,390837272,7321,390873063
7321,390929872,7321,390969647
7321,391026740,7321,391062334
7321,391119076,7321,391154797
7321,391211539,7321,391247734
7321,391304563,7321,391337611
7321,391394396,7321,391428155
7321,391484910,7321,391518779
7321,391575574,7321,391611372
7321,391668188,7321,391703939
7321,391760671,7321,391796375
7321,391853181,7321,391888865
7321,391945630,7321,391981692
7321,392039945,7321,392075917
7321,392132813,7321,392168571
7321,392225386,7321,392258975
7321,392315857,7321,392351766
7321,392408555,7321,392449018
7321,392506201,7321,392543030
7321,392599839,7321,392635316
7321,392692052,7321,392727847
7321,392784556,7321,392820400
7321,392877142,7321,392912830
7321,392969599,7321,393005381
7321,393062256,7321,393095835
7321,393152631,7321,393186260
7321,393243008,7321,393276928
7321,393333760,7321,393369371
7321,393426207,7321,393461878
7321,393518623,7321,393554348
7321,393611114,7321,393647199
7321,393703961,7321,393739859
7321,393796688,7321,393832209
7321,393888968,7321,393928477
7321,393985553,7321,394019275
7321,394076024,7321,394109780
7321,394166529,7321,394200214
7321,394256900,7321,394292557
7321,394349376,7321,394385044
7321,394441847,7321,394477665
7321,394534430,7321,394570141
7321,394626937,7321,394662582
7321,394719361,7321,394755122
7321,394811861,7321,394848156
7321,394904985,7321,394938444
7321,394995209,7321,395028985
7321,395085757,7321,395119556
7321,395176505,7321,395211813
7321,395268625,7321,395304033
7321,395360768,7321,395401051
7321,395458124,7321,395493715
7321,395550587,7321,395586025
7321,395642837,7321,395678629
7321,395735488,7321,395771025
7321,395827881,7321,395861527
7321,395918302,7321,395952028
7321,396009668,7321,396042279
7321,396099078,7321,396135069
7321,396191855,7321,396227720
7321,396284522,7321,396320220
7321,396377013,7321,396412788
7321,396469553,7321,396505221
7321,396562241,7321,396597715
7321,396654471,7321,396690232
7321,396746988,7321,396782499
7321,396839328,7321,396877208
7321,396934291,7321,396968020
7321,397024853,7321,397060504
7321,397117360,7321,397152924
7321,397209677,7321,397245675
7321,397302524,7321,397337932
7321,397394697,7321,397430529
7321,397487301,7321,397523139
7321,397579958,7321,397620465
7321,397680922,7321,397715008
7321,397771934,7321,397803838
7321,397860657,7321,397895577
7321,397952423,7321,397988191
7321,398045060,7321,398080494
7321,398137307,7321,398172895
7321,398229721,7321,398265522
7321,398322384,7321,398362241
7321,398419447,7321,398455128
7321,398511971,7321,398545219
7321,398602068,7321,398635080
7321,398691939,7321,398725948
7321,398782754,7321,398818622
7321,398875398,7321,398911123
7321,398967912,7321,399003573
7321,399060295,7321,399096070
7321,399152899,7321,399189915
7321,399246674,7321,399283220
7321,399339969,7321,399375951
7321,399432806,7321,399466225
7321,399523047,7321,399556830
7321,399613636,7321,399647635
7321,399704461,7321,399740215
7321,399797065,7321,399836103
7321,399893102,7321,399929104
7321,399985860,7321,400022399
7321,400078744,7321,400113284
7321,400169095,7321,400203482
7321,400259266,7321,400294010
7321,400349788,7321,400382529
7321,400438474,7321,400470834
7321,400526642,7321,400559487
7321,400615298,7321,400647899
7321,400703751,7321,400736212
7321,400791996,7321,400827040
7321,400882821,7321,400917218
7321,400973049,7321,401007686
7321,401063500,7321,401098097
7321,401153885,7321,401187938
7321,401243786,7321,401283298
7321,401339293,7321,401373813
7321,401429638,7321,401464378
7321,401520296,7321,401552757
7321,401608661,7321,401640011
7321,401695889,7321,401729545
7321,401785519,7321,401817920
7321,401873792,7321,401906263
7321,401962147,7321,401997121
7321,402053029,7321,402087432
7321,402143304,7321,402177840
7321,402233668,7321,402268455
7321,402324360,7321,402358663
7321,402414534,7321,402449181
7321,402505019,7321,402539666
7321,402595567,7321,402629917
7321,402685821,7321,402724483
7321,402780481,7321,402813372
7321,402869307,7321,402900727
7321,402956525,7321,402987424
7321,403043329,7321,403076343
7321,403132278,7321,403167205
7321,403223060,7321,403257443
7321,403313324,7321,403347881
7321,403403736,7321,403438352
7321,403494194,7321,403528827
7321,403584772,7321,403619499
7321,403675403,7321,403710064
7321,403765912,7321,403800422
7321,403856313,7321,403891073
7321,403946924,7321,403979215
7321,404012213,7321,404048288
7321,404105301,7321,404145487
7321,404202563,7321,404237490
7321,404294269,7321,404328229
7321,404384978,7321,404420315
7321,404477081,7321,404512742
7321,404569474,7321,404605272
7321,404662088,7321,404697833
7321,404754608,7321,404790376
7321,404847179,7321,404883067
7321,404939979,7321,404975561
7321,405032299,7321,405065878
7321,405122641,7321,405156473
7321,405213209,7321,405247058
7321,405303823,7321,405339561
7321,405396290,7321,405431962
7321,405488744,7321,405524318
7321,405581077,7321,405624137
7321,405681186,7321,405717909
7321,405778522,7321,405814634
7321,405871520,7321,405904795
7321,405961564,7321,405995500
7321,406052252,7321,406086008
7321,406142773,7321,406178478
7321,406235247,7321,406270972
7321,406327711,7321,406363375
7321,406420204,7321,406456019
7321,406512811,7321,406548453
7321,406605195,7321,406641287
7321,406698019,7321,406733967
7321,406790736,7321,406824215
7321,406881037,7321,406914643
7321,406971472,7321,407006896
7321,407063675,7321,407103524
7321,407160490,7321,407196435
7321,407253254,7321,407288732
7321,407345551,7321,407381316
7321,407438078,7321,407473686
7321,407530471,7321,407566330
7321,407623035,7321,407658883
7321,407715622,7321,407749581
7321,407806464,7321,407839739
7321,407896518,7321,407930844
7321,407987613,7321,408023865
7321,408080901,7321,408117570
7321,408174426,7321,408210161
7321,408266899,7321,408302651
7321,408359366,7321,408395054
7321,408451776,7321,408487364
7321,408544170,7321,408584617
7321,408641656,7321,408675041
7321,408731817,7321,408765199
7321,408822028,7321,408855800
7321,408912506,7321,408948123
7321,409004836,7321,409040857
7321,409097616,7321,409134045
7321,409190837,7321,409225811
7321,409282597,7321,409318328
7321,409375147,7321,409410945
7321,409467694,7321,409503425
7321,409560134,7321,409594123
7321,409650822,7321,409684378
7321,409741133,7321,409774906
7321,409831621,7321,409867483
7321,409924282,7321,409959602
7321,410016301,7321,410057008
7321,410114104,7321,410149225
7321,410206071,7321,410241645
7321,410298464,7321,410334646
7321,410391431,7321,410426615
7321,410483311,7321,410517150
7321,410573856,7321,410607605
7321,410664344,7321,410698109
7321,410754858,7321,410790596
7321,410847418,7321,410883173
7321,410940055,7321,410975603
7321,411032312,7321,411068390
7321,411125146,7321,411160874
7321,411217656,7321,411253508
7321,411310220,7321,411345925
7321,411402740,7321,411438465
7321,411495277,7321,411535020
7321,411592092,7321,411627907
7321,411684766,7321,411720067
7321,411776816,7321,411812741
7321,411869516,7321,411905178
7321,411961943,7321,411997908
7321,412006431,7321,412041305
7321,412098154,7321,412133632
7321,412190414,7321,412226355
7321,412283298,7321,412318682
7321,412375414,7321,412411453
7321,412468272,7321,412503719
7321,412560461,7321,412596226
7321,412652935,7321,412687321
7321,412744050,7321,412777125
7321,412833841,7321,412869515
7321,412926224,7321,412968086
7321,413025212,7321,413061273
7321,413118019,7321,413153470
7321,413210205,7321,413246003
7321,413302772,7321,413338537
7321,413395189,7321,413430984
7321,413487696,7321,413523634
7321,413580396,7321,413620026
7321,413676771,7321,413710690
7321,413767463,7321,413803237
7321,413860036,7321,413895958
7321,413956197,7321,413992770
7321,414049669,7321,414084773
7321,414141542,7321,414177446
7321,414234202,7321,414269993
7321,414326749,7321,414362223
7321,414419089,7321,414460470
7321,414517473,7321,414551789
7321,414608581,7321,414644666
7321,414701515,7321,414736826
7321,414793568,7321,414829306
7321,414885975,7321,414921866
7321,414978575,7321,415014350
7321,415071092,7321,415106960
7321,415163763,7321,415199380
7321,415256109,7321,415289862
7321,415346547,7321,415380340
7321,415437145,7321,415470867
7321,415527546,7321,415563251
7321,415619983,7321,415655961
7321,415712653,7321,415748605
7321,415805417,7321,415840992
7321,415897754,7321,415941404
7321,415998400,7321,416039197
7321,416096290,7321,416130967
7321,416187702,7321,416221455
7321,416278254,7321,416311943
7321,416368708,7321,416404479
7321,416461152,7321,416497106
7321,416553849,7321,416589483
7321,416646275,7321,416681907
7321,416738629,7321,416774520
7321,416831236,7321,416867197
7321,416923960,7321,416959731
7321,417016527,7321,417050563
7321,417107301,7321,417140730
7321,417197536,7321,417231205
7321,417288067,7321,417323261
7321,417380040,7321,417423520
7321,417480476,7321,417516981
7321,417573860,7321,417609478
7321,417666230,7321,417701865
7321,417758580,7321,417794405
7321,417851154,7321,417887066
7321,417943768,7321,417977694
7321,418034402,7321,418068025
7321,418124810,7321,418160525
7321,418217274,7321,418253602
7321,418310455,7321,418345662
7321,418402511,7321,418438199
7321,418494891,7321,418530706
7321,418587578,7321,418623213
7321,418679928,7321,418716784
7321,418773533,7321,418809368
7321,418866100,7321,418905489
7321,418962578,7321,418994465
7321,419051267,7321,419085961
7321,419142626,7321,419178481
7321,419235230,7321,419270828
7321,419327580,7321,419363451
7321,419420220,7321,419456382
7321,419513228,7321,419548672
7321,419605434,7321,419641169
7321,419697998,7321,419731623
7321,419788429,7321,419822028
7321,419878770,7321,419912576
7321,419969325,7321,420005780
7321,420062559,7321,420097579
7321,420154342,7321,420190166
7321,420246855,7321,420282219
7321,420338985,7321,420381618
7321,420438981,7321,420473958
7321,420530730,7321,420566398
7321,420623173,7321,420657299
7321,420714289,7321,420747384
7321,420804153,7321,420837835
7321,420894617,7321,420930392
7321,420987111,7321,421022912
7321,421079684,7321,421115322
7321,421172104,7321,421207959
7321,421264775,7321,421300509
7321,421357238,7321,421393050
7321,421449815,7321,421485680
7321,421542342,7321,421576255
7321,421632987,7321,421666649
7321,421723455,7321,421758672
7321,421815448,7321,421859075
7321,421916124,7321,421952556
7321,422009362,7321,422044993
7321,422101709,7321,422137507
7321,422199351,7321,422236424
7321,422293277,7321,422328624
7321,422385527,7321,422419182
7321,422475958,7321,422509620
7321,422566446,7321,422600021
7321,422656743,7321,422692528
7321,422749300,7321,422785212
7321,422841961,7321,422877612
7321,422934397,7321,422970125
7321,423026894,7321,423063110
7321,423119885,7321,423155329
7321,423212058,7321,423247806
7321,423304545,7321,423343690
7321,423400686,7321,423435029
7321,423491812,7321,423527500
7321,423584342,7321,423619956
7321,423676669,7321,423712417
7321,423769122,7321,423805104
7321,423861873,7321,423897621
7321,423954339,7321,423990097
7321,424047821,7321,424082494
7321,424139250,7321,424173152
7321,424229911,7321,424264104
7321,424320963,7321,424354122
7321,424410854,7321,424446488
7321,424503194,7321,424539179
7321,424595964,7321,424631719
7321,424688545,7321,424723342
7321,424780074,7321,424820440
7321,424877560,7321,424913481
7321,424970340,7321,425005915
7321,425062670,7321,425096379
7321,425153205,7321,425186817
7321,425243486,7321,425277282
7321,425334027,7321,425369866
7321,425426611,7321,425462930
7321,425519765,7321,425554939
7321,425611652,7321,425647543
7321,425704439,7321,425740100
7321,425796839,7321,425832530
7321,425889223,7321,425925067
7321,425981783,7321,426015582
7321,426072334,7321,426106046
7321,426162765,7321,426198059
7321,426254959,7321,426299377
7321,426356346,7321,426391987
7321,426448766,7321,426484394
7321,426541119,7321,426576871
7321,426633550,7321,426669645
7321,426726353,7321,426762111
7321,426818807,7321,426854528
7321,426911277,7321,426944896
7321,427001745,7321,427035384
7321,427092110,7321,427125241
7321,427181937,7321,427216427
7321,427273182,7321,427309017
7321,427365759,7321,427401414
7321,427458146,7321,427494021
7321,427550740,7321,427586634
7321,427643347,7321,427678627
7321,427735340,7321,427777769
7321,427834841,7321,427868794
7321,427925643,7321,427958795
7321,428016408,7321,428049233
7321,428105998,7321,428141796
7321,428198482,7321,428234260
7321,428290952,7321,428326873
7321,428383562,7321,428419387
7321,428476156,7321,428511801
7321,428568496,7321,428604468
7321,428661180,7321,428696978
7321,428753694,7321,428787546
7321,428844282,7321,428877977
7321,428934673,7321,428968375
7321,429025134,7321,429062781
7321,429119510,7321,429157147
7321,429213829,7321,429255500
7321,429312543,7321,429348922
7321,429405657,7321,429441355
7321,429498061,7321,429533882
7321,429590568,7321,429624293
7321,429680965,7321,429714751
7321,429771453,7321,429805306
7321,429862058,7321,429897880
7321,429954689,7321,429990417
7321,430047125,7321,430082930
7321,430139729,7321,430175460
7321,430232253,7321,430268551
7321,430325380,7321,430360428
7321,430420991,7321,430457530
7321,430514442,7321,430547647
7321,430604420,7321,430640351
7321,430697117,7321,430739249
7321,430796331,7321,430831532
7321,430888331,7321,430924082
7321,430980798,7321,431016409
7321,431073168,7321,431108929
7321,431165708,7321,431201593
7321,431258302,7321,431294090
7321,431350816,7321,431384515
7321,431441270,7321,431475400
7321,431532139,7321,431565521
7321,431622243,7321,431658061
7321,431714807,7321,431750605
7321,431807360,7321,431843001
7321,431899724,7321,431937467
7321,431994210,7321,432030872
7321,432088529,7321,432124894
7321,432181660,7321,432223281
7321,432280364,7321,432314099
7321,432371045,7321,432404470
7321,432461193,7321,432496911
7321,432553623,7321,432589438
7321,432646196,7321,432682395
7321,432739117,7321,432774695
7321,432831427,7321,432867215
7321,432923941,7321,432959512
7321,433016217,7321,433052132
7321,433108975,7321,433142146
7321,433198939,7321,433233202
7321,433289997,7321,433323553
7321,433380355,7321,433414218
7321,433470943,7321,433506764
7321,433563480,7321,433599058
7321,433655773,7321,433697478
7321,433754508,7321,433790639
7321,433847378,7321,433883273
7321,433939999,7321,433975530
7321,434032252,7321,434065964
7321,434122693,7321,434156606
7321,434213321,7321,434246957
7321,434303689,7321,434339520
7321,434396283,7321,434431921
7321,434488709,7321,434524487
7321,434581193,7321,434616961
7321,434673673,7321,434709601
7321,434766330,7321,434802105
7321,434858837,7321,434894595
7321,434951338,7321,434987142
7321,435043891,7321,435079869
7321,435136635,7321,435175770
7321,435232846,7321,435269058
7321,435325750,7321,435361545
7321,435418247,7321,435453982
7321,435510734,7321,435546479
7321,435603261,7321,435639072
7321,435695818,7321,435731559
7321,435788302,7321,435824120
7321,435880789,7321,435914501
7321,435971163,7321,436005846
7321,436062622,7321,436095670
7321,436152466,7321,436188197
7321,436244926,7321,436281168
7321,436337937,7321,436373234
7321,436430040,7321,436465778
7321,436522530,7321,436558312
7321,436615104,7321,436656065
7321,436713124,7321,436747530
7321,436804262,7321,436837948
7321,436894647,7321,436928379
7321,436985121,7321,437018827
7321,437075599,7321,437111427
7321,437168096,7321,437203941
7321,437260717,7321,437296431
7321,437353264,7321,437389022
7321,437445690,7321,437482052
7321,437538775,7321,437574079
7321,437630925,7321,437666676
7321,437723408,7321,437756994
7321,437813803,7321,437847625
7321,437904361,7321,437938036
7321,437994765,7321,438030590
7321,438087329,7321,438128770
7321,438185699,7321,438221864
7321,438278673,7321,438314298
7321,438371080,7321,438406975
7321,438463714,7321,438499245
7321,438556000,7321,438591852
7321,438652055,7321,438687506
7321,438744438,7321,438776005
7321,438832760,7321,438867387
7321,438924136,7321,438959887
7321,439016593,7321,439052504
7321,439109240,7321,439145138
7321,439201843,7321,439237538
7321,439294217,7321,439330115
7321,439386881,7321,439422789
7321,439479671,7321,439514311
7321,439571067,7321,439611540
7321,439668613,7321,439702445
7321,439759314,7321,439794875
7321,439851654,7321,439887716
7321,439944468,7321,439979866
7321,440037489,7321,440072470
7321,440129188,7321,440165020
7321,440221755,7321,440257640
7321,440314393,7321,440349950
7321,440406683,7321,440440582
7321,440497324,7321,440531043
7321,440587869,7321,440621497
7321,440678260,7321,440713898
7321,440770647,7321,440806608
7321,440863334,7321,440899078
7321,440955844,7321,440991058
7321,441047784,7321,441088911
7321,441146050,7321,441180998
7321,441237770,7321,441273301
7321,441330070,7321,441363735
7321,441420454,7321,441454197
7321,441510942,7321,441544738
7321,441601624,7321,441637258
7321,441694124,7321,441731150
7321,441787899,7321,441822192
7321,441878984,7321,441914922
7321,441971711,7321,442007453
7321,442064182,7321,442099906
7321,442156635,7321,442192490
7321,442249409,7321,442283348
7321,442340104,7321,442373473
7321,442430251,7321,442465279
7321,442522008,7321,442560569
7321,442617818,7321,442653233
7321,442710108,7321,442745659
7321,442802552,7321,442838230
7321,442895009,7321,442930650
7321,442987432,7321,443023214
7321,443079942,7321,443115767
7321,443172579,7321,443206272
7321,443262927,7321,443296620
7321,443353412,7321,443387328
7321,443444080,7321,443480098
7321,443536784,7321,443572325
7321,443629024,7321,443664738
7321,443721574,7321,443757349
7321,443814161,7321,443849852
7321,443906665,7321,443941819
7321,443998684,7321,444041991
7321,444099281,7321,444133807
7321,444190579,7321,444224118
7321,444280944,7321,444316709
7321,444373464,7321,444409082
7321,444465921,7321,444501592
7321,444558328,7321,444594296
7321,444651102,7321,444687113
7321,444743976,7321,444779360
7321,444836176,7321,444871880
7321,444928626,7321,444962402
7321,445019284,7321,445052903
7321,445109672,7321,445143204
7321,445199899,7321,445233805
7321,445290524,7321,445326442
7321,445383135,7321,445417895
7321,445474620,7321,445513469
7321,445570431,7321,445606119
7321,445662881,7321,445698522
7321,445755291,7321,445791213
7321,445848049,7321,445881764
7321,445938553,7321,445972042
7321,446028801,7321,446062537
7321,446119426,7321,446153014
7321,446209783,7321,446245415
7321,446302133,7321,446338102
7321,446394891,7321,446430555
7321,446487338,7321,446523106
7321,446579878,7321,446615566
7321,446672435,7321,446708209
7321,446764958,7321,446800703
7321,446860983,7321,446896864
7321,446953867,7321,446992074
7321,447049037,7321,447084862
7321,447141747,7321,447177142
7321,447233987,7321,447269442
7321,447326147,7321,447361962
7321,447418674,7321,447454612
7321,447511261,7321,447547169
7321,447603915,7321,447639646
7321,447696458,7321,447730067
7321,447786840,7321,447820665
7321,447877438,7321,447911267
7321,447968109,7321,448008436
7321,448065642,7321,448100482
7321,448157374,7321,448192972
7321,448249858,7321,448285963
7321,448342785,7321,448378600
7321,448435433,7321,448474498
7321,448531500,7321,448565069
7321,448621981,7321,448655584
7321,448712429,7321,448746055
7321,448802927,7321,448836589
7321,448893412,7321,448929026
7321,448985972,7321,449021473
7321,449078346,7321,449114013
7321,449170899,7321,449206550
7321,449263423,7321,449299184
7321,449356016,7321,449391788
7321,449448603,7321,449484475
7321,449541357,7321,449574856
7321,449631665,7321,449665174
7321,449722049,7321,449755605
7321,449812397,7321,449847588
7321,449904410,7321,449944880
7321,450001990,7321,450037461
7321,450094370,7321,450129904
7321,450186820,7321,450222404
7321,450279253,7321,450314838
7321,450371644,7321,450407418
7321,450464251,7321,450497963
7321,450554799,7321,450588401
7321,450645280,7321,450679229
7321,450736018,7321,450771476
7321,450828365,7321,450864076
7321,450920905,7321,450956573
7321,451013409,7321,451049063
7321,451106049,7321,451141537
7321,451198426,7321,451234280
7321,451291173,7321,451325750
7321,451382602,7321,451418043
7321,451475142,7321,451509749
7321,451566571,7321,451600240
7321,451657066,7321,451692764
7321,451749566,7321,451785234
7321,451841966,7321,451878221
7321,451935080,7321,451970314
7321,452027924,7321,452062881
7321,452119867,7321,452155512
7321,452212334,7321,452247852
7321,452304698,7321,452338443
7321,452395352,7321,452428838
7321,452485710,7321,452519142
7321,452575971,7321,452611813
7321,452668642,7321,452704433
7321,452761229,7321,452796723
7321,452853569,7321,452894629
7321,452951612,7321,452988294
7321,453045233,7321,453081058
7321,453137824,7321,453173398
7321,453230324,7321,453263649
7321,453320512,7321,453354120
7321,453410959,7321,453443654
7321,453500550,7321,453535186
7321,453592079,7321,453627610
7321,453684462,7321,453720257
7321,453777096,7321,453812727
7321,453869623,7321,453905421
7321,453962303,7321,453997788
7321,454054657,7321,454090278
7321,454147084,7321,454180779
7321,454237808,7321,454272936
7321,454329781,7321,454367785
7321,454424848,7321,454460669
7321,454517565,7321,454553013
7321,454609812,7321,454645606
7321,454702449,7321,454738030
7321,454794922,7321,454830660
7321,454887666,7321,454923117
7321,454979909,7321,455015714
7321,455076841,7321,455110497
7321,455167463,7321,455200678
7321,455257577,7321,455293395
7321,455350187,7321,455385758
7321,455442634,7321,455478626
7321,455535488,7321,455570822
7321,455627648,7321,455663339
7321,455720135,7321,455757932
7321,455814741,7321,455854617
7321,455911780,7321,455945205
7321,456002935,7321,456034725
7321,456091587,7321,456124058
7321,456180877,7321,456216422
7321,456273284,7321,456308975
7321,456366045,7321,456401526
7321,456458328,7321,456494033
7321,456550908,7321,456586439
7321,456643285,7321,456679464
7321,456736346,7321,456771730
7321,456828559,7321,456862282
7321,456919147,7321,456952549
7321,457009352,7321,457043134
7321,457100020,7321,457133699
7321,457190504,7321,457225271
7321,457282073,7321,457320461
7321,457377701,7321,457413462
7321,457470348,7321,457505862
7321,457562768,7321,457598426
7321,457655322,7321,457690849
7321,457747645,7321,457783400
7321,457840249,7321,457874271
7321,457931100,7321,457964542
7321,458021438,7321,458054793
7321,458111592,7321,458147364
7321,458204246,7321,458239947
7321,458296763,7321,458332367
7321,458389173,7321,458424874
7321,458481723,7321,458517431
7321,458574237,7321,458609978
7321,458666744,7321,458702135
7321,458759004,7321,458797275
7321,458854331,7321,458887866
7321,458944749,7321,458978097
7321,459034963,7321,459071165
7321,459128034,7321,459163224
7321,459220090,7321,459256556
7321,459313438,7321,459348272
7321,459405107,7321,459440845
7321,459497848,7321,459533312
7321,459590135,7321,459625876
7321,459682742,7321,459716267
7321,459773116,7321,459806862
7321,459863727,7321,459897176
7321,459953992,7321,459989860
7321,460047457,7321,460082404
7321,460139276,7321,460174029
7321,460230879,7321,460269817
7321,460326910,7321,460362160
7321,460419083,7321,460454717
7321,460511526,7321,460547451
7321,460604257,7321,460637592
7321,460694438,7321,460728043
7321,460784862,7321,460818571
7321,460875373,7321,460911038
7321,460967907,7321,461003562
7321,461060344,7321,461096152
7321,461152974,7321,461188646
7321,461245491,7321,461281183
7321,461338035,7321,461373599
7321,461430465,7321,461466694
7321,461523526,7321,461556824
7321,461613867,7321,461650086
7321,461706948,7321,461744501
7321,461801624,7321,461836611
7321,461893474,7321,461929015
7321,461985824,7321,462021592
7321,462078434,7321,462113918
7321,462170687,7321,462206545
7321,462263331,7321,462299042
7321,462355828,7321,462391596
7321,462448475,7321,462481917
7321,462538753,7321,462572545
7321,462629444,7321,462663480
7321,462720359,7321,462755570
7321,462812396,7321,462848024
7321,462904849,7321,462940627
7321,462997430,7321,463033168
7321,463089910,7321,463125114
7321,463181899,7321,463222106
7321,463281918,7321,463315300
7321,463372233,7321,463405478
7321,463462297,7321,463495909
7321,463552711,7321,463586277
7321,463643093,7321,463678927
7321,463735836,7321,463771498
7321,463828267,7321,463864425
7321,463921207,7321,463956565
7321,464014218,7321,464049135
7321,464105934,7321,464141585
7321,464198444,7321,464234186
7321,464290991,7321,464324443
7321,464381302,7321,464415055
7321,464471797,7321,464505523
7321,464562315,7321,464597119
7321,464653891,7321,464692582
7321,464749919,7321,464785253
7321,464842122,7321,464877706
7321,464934559,7321,464971728
7321,465028524,7321,465065240
7321,465122029,7321,465157380
7321,465214209,7321,465247964
7321,465304730,7321,465338382
7321,465395151,7321,465428810
7321,465485505,7321,465521330
7321,465578086,7321,465612949
7321,465669752,7321,465704422
7321,465761204,7321,465796939
7321,465853628,7321,465889459
7321,465946205,7321,465981956
7321,466038695,7321,466073465
7321,466130267,7321,466167914
7321,466225107,7321,466259944
7321,466316753,7321,466350041
7321,466406854,7321,466442678
7321,466499477,7321,466535012
7321,466591757,7321,466627525
7321,466684321,7321,466720196
7321,466776992,7321,466812693
7321,466869615,7321,466905183
7321,466962005,7321,466997703
7321,467054559,7321,467088345
7321,467145214,7321,467178726
7321,467235602,7321,467269100
7321,467325863,7321,467361721
7321,467418403,7321,467454621
7321,467511404,7321,467546371
7321,467603197,7321,467643363
7321,467700489,7321,467736067
7321,467792896,7321,467828457
7321,467885379,7321,467921177
7321,467978036,7321,468012406
7321,468069379,7321,468102040
7321,468158889,7321,468192748
7321,468249587,7321,468285075
7321,468341890,7321,468377471
7321,468434287,7321,468470098
7321,468526921,7321,468562689
7321,468619615,7321,468655626
7321,468712429,7321,468747649
7321,468804478,7321,468840246
7321,468897025,7321,468930821
7321,468987730,7321,469023632
7321,469080430,7321,469118628
7321,469175761,7321,469212536
7321,469269442,7321,469304953
7321,469361806,7321,469397530
7321,469454363,7321,469489910
7321,469546766,7321,469582531
7321,469639363,7321,469675111
7321,469732047,7321,469765519
7321,469822368,7321,469856464
7321,469913390,7321,469946645
7321,470003507,7321,470036983
7321,470093752,7321,470129530
7321,470186329,7321,470221970
7321,470278805,7321,470314660
7321,470371399,7321,470407147
7321,470463993,7321,470498843
7321,470555595,7321,470595668
7321,470652711,7321,470688883
7321,470745708,7321,470779301
7321,470836206,7321,470869745
7321,470926484,7321,470960236
7321,471017065,7321,471053180
7321,471110093,7321,471145517
7321,471202339,7321,471237884
7321,471294643,7321,471330364
7321,471387253,7321,471423011
7321,471483651,7321,471520027
7321,471576986,7321,471610114
7321,471666923,7321,471700502
7321,471757291,7321,471790996
7321,471847802,7321,471881464
7321,471938323,7321,471973951
7321,472031464,7321,472071194
7321,472128366,7321,472163414
7321,472220296,7321,472256267
7321,472313070,7321,472348411
7321,472405293,7321,472440781
7321,472497603,7321,472533394
7321,472590190,7321,472623802
7321,472680595,7321,472714270
7321,472771069,7321,472806750
7321,472863546,7321,472899377
7321,472956173,7321,472991858
7321,473048680,7321,473084425
7321,473141240,7321,473176928
7321,473233704,7321,473269468
7321,473326317,7321,473362039
7321,473418878,7321,473454035
7321,473510837,7321,473548968
7321,473606108,7321,473639843
7321,473696676,7321,473732257
7321,473789046,7321,473824713
7321,473881546,7321,473917167
7321,473973979,7321,474009724
7321,474066566,7321,474102281
7321,474159070,7321,474194841
7321,474251740,7321,474287295
7321,474344100,7321,474377849
7321,474434682,7321,474468331
7321,474525156,7321,474558795
7321,474615618,7321,474651612
7321,474708445,7321,474743929
7321,474800752,7321,474836469
7321,474893312,7321,474928673
7321,474985465,7321,475025408
7321,475082571,7321,475118222
7321,475175061,7321,475210869
7321,475267704,7321,475301197
7321,475357969,7321,475391581
7321,475448327,7321,475482049
7321,475538788,7321,475574746
7321,475631532,7321,475667139
7321,475723905,7321,475759650
7321,475816412,7321,475852567
7321,475909346,7321,475944804
7321,476004990,7321,476042083
7321,476099025,7321,476133926
7321,476190648,7321,476224357
7321,476281243,7321,476315005
7321,476371874,7321,476406584
7321,476463276,7321,476502345
7321,476559394,7321,476594775
7321,476651587,7321,476687095
7321,476743824,7321,476779605
7321,476836291,7321,476872146
7321,476928848,7321,476964599
7321,477021295,7321,477057837
7321,477114586,7321,477147831
7321,477204620,7321,477238142
7321,477294924,7321,477328783
7321,477385596,7321,477421220
7321,477477996,7321,477513984
7321,477570670,7321,477606194
7321,477662946,7321,477698698
7321,477755360,7321,477791318
7321,477848064,7321,477882844
7321,477939556,7321,477978952
7321,478035937,7321,478068989
7321,478125714,7321,478159377
7321,478216136,7321,478250389
7321,478307114,7321,478342382
7321,478399274,7321,478435025
7321,478491771,7321,478527415
7321,478584174,7321,478619969
7321,478676728,7321,478712516
7321,478769298,7321,478805100
7321,478861852,7321,478897580
7321,478954306,7321,478988011
7321,479044793,7321,479078502
7321,479135341,7321,479169084
7321,479225849,7321,479261581
7321,479318386,7321,479353193
7321,479410162,7321,479448897
7321,479505813,7321,479541394
7321,479598196,7321,479633791
7321,479693560,7321,479728657
7321,479785520,7321,479820850
7321,479877606,7321,479911412
7321,479968204,7321,480007253
7321,480064065,7321,480100994
7321,480157873,7321,480193077
7321,480249776,7321,480285624
7321,480342347,7321,480378311
7321,480435064,7321,480470858
7321,480527577,7321,480563462
7321,480620214,7321,480656293
7321,480713128,7321,480746440
7321,480803196,7321,480838400
7321,480895112,7321,480933710
7321,480990603,7321,481026180
7321,481082856,7321,481118514
7321,481175226,7321,481211107
7321,481267873,7321,481303491
7321,481360203,7321,481396115
7321,481452780,7321,481488678
