3827,946718272,3827,946935129
3827,947053695,3827,947192181
3827,947258868,3827,947394104
3827,947460884,3827,947542411
3827,947603134,3827,947669174
3827,947728980,3827,947794906
3827,947854939,3827,947919936
3827,947979695,3827,948044828
3827,948107542,3827,948177013
3827,948236843,3827,948302680
3827,948362506,3827,948426770
3827,948486370,3827,948550277
3827,948609994,3827,948674444
3827,948734154,3827,948799867
3827,948859474,3827,948924508
3827,948984265,3827,949051588
3827,949111215,3827,949207163
3827,949266910,3827,949340564
3827,949400204,3827,949548306
3827,949626780,3827,949730013
3827,949791166,3827,949868724
3827,949928837,3827,950011658
3827,950071172,3827,950147323
3827,950207329,3827,950280467
3827,950339777,3827,950412761
3827,950471978,3827,950543895
3827,950603281,3827,950678609
3827,950738246,3827,950810603
3827,950870116,3827,950939497
3827,950998840,3827,951071598
3827,951130875,3827,951203052
3827,951262702,3827,951337373
3827,951396806,3827,951470294
3827,951529673,3827,951603314
3827,951662738,3827,951733688
3827,951793135,3827,951866752
3827,951925955,3827,951997963
3827,952077997,3827,952155511
3827,952215098,3827,952339684
3827,952416771,3827,952564763
3827,952632166,3827,952769523
3827,952836323,3827,952921571
3827,952983101,3827,953054828
3827,953114844,3827,953240211
3827,953312204,3827,953419137
3827,953481763,3827,953585735
3827,953648152,3827,953723656
3827,953783896,3827,953854726
3827,953921709,3827,953999737
3827,954059430,3827,954133104
3827,954192460,3827,954268861
3827,954328117,3827,954402944
3827,954462217,3827,954534318
3827,954593874,3827,954665941
3827,954725481,3827,954796281
3827,954855621,3827,954938729
3827,954998502,3827,955070019
3827,955129512,3827,955201572
3827,955260965,3827,955333392
3827,955392725,3827,955465139
3827,955524576,3827,955596639
3827,955656249,3827,955728496
3827,955787813,3827,955906782
3827,955975582,3827,956082820
3827,956145627,3827,956221693
3827,956281769,3827,956353619
3827,956413371,3827,956483058
3827,956542784,3827,956614810
3827,956674746,3827,956746996
3827,956806952,3827,956876228
3827,956935857,3827,957006577
3827,957066120,3827,957136650
3827,957195982,3827,957266358
3827,957325871,3827,957397137
3827,957456627,3827,957528320
3827,957587812,3827,957659575
3827,957719161,3827,957793688
3827,957853317,3827,957926634
3827,957986176,3827,958063206
3827,958122799,3827,958195079
3827,958254708,3827,958327264
3827,958386927,3827,958460920
3827,958520926,3827,958605366
3827,958668166,3827,958746999
3827,958807118,3827,958880278
3827,958940264,3827,959013887
3827,959073300,3827,959143943
3827,959203499,3827,959273495
3827,959332955,3827,959405178
3827,959464477,3827,959535647
3827,959621677,3827,959696627
3827,959756390,3827,959825506
3827,959884879,3827,959959508
3827,960023091,3827,960095977
3827,960155355,3827,960227126
3827,960286668,3827,960359517
3827,960418908,3827,960498254
3827,960557762,3827,960630357
3827,960689622,3827,960761881
3827,960821552,3827,960892464
3827,960952013,3827,961026748
3827,961086123,3827,961156178
3827,961215613,3827,961331723
3827,961400484,3827,961541838
3827,961608910,3827,961717956
3827,961780655,3827,961856187
3827,961916161,3827,961994543
3827,962054585,3827,962132667
3827,962192566,3827,962267684
3827,962327302,3827,962398128
3827,962457943,3827,962528794
3827,962588496,3827,962659671
3827,962719413,3827,962790475
3827,962850140,3827,962926598
3827,962986490,3827,963059052
3827,963119120,3827,963192702
3827,963252427,3827,963325476
3827,963385297,3827,963461816
3827,963521571,3827,963592756
3827,963652508,3827,963728123
3827,963787658,3827,963859860
3827,963919455,3827,963994363
3827,964018891,3827,964103016
3827,964165100,3827,964245082
3827,964304697,3827,964377439
3827,964436897,3827,964509015
3827,964568413,3827,964642158
3827,964701529,3827,964772358
3827,964831752,3827,964903311
3827,964962785,3827,965036140
3827,965095475,3827,965164747
3827,965224484,3827,965304656
3827,965363994,3827,965437943
3827,965497337,3827,965568729
3827,965628143,3827,965702039
3827,965761323,3827,965832265
3827,965891653,3827,965968181
3827,966027679,3827,966101161
3827,966160409,3827,966233400
3827,966292912,3827,966363277
3827,966422808,3827,966493029
3827,966552364,3827,966623782
3827,966683060,3827,966789036
3827,966856614,3827,966995537
3827,967062399,3827,967202058
3827,967268824,3827,967352652
3827,967413557,3827,967484695
3827,967544570,3827,967614711
3827,967674489,3827,967745511
3827,967805299,3827,967877537
3827,967937349,3827,968012847
3827,968072912,3827,968144750
3827,968204521,3827,968275299
3827,968335440,3827,968406642
3827,968466680,3827,968539685
3827,968599479,3827,968672058
3827,968731922,3827,968802088
3827,968861662,3827,968931920
3827,968991642,3827,969063173
3827,969122885,3827,969194646
3827,969254674,3827,969326425
3827,969386453,3827,969457948
3827,969517570,3827,969615115
3827,969677963,3827,969754758
3827,969814716,3827,969887531
3827,969947309,3827,970025121
3827,970084356,3827,970160027
3827,970219335,3827,970293376
3827,970352858,3827,970428823
3827,970488098,3827,970558112
3827,970617814,3827,970687232
3827,970746516,3827,970818732
3827,970878223,3827,970948171
3827,971007489,3827,971078200
3827,971137655,3827,971207083
3827,971266451,3827,971339983
3827,971405324,3827,971477016
3827,971536490,3827,971608539
3827,971667967,3827,971739932
3827,971805586,3827,971878595
3827,971937962,3827,972014004
3827,972073742,3827,972148187
3827,972207546,3827,972321245
3827,972390063,3827,972494389
3827,972557591,3827,972665333
3827,972727401,3827,972803840
3827,972863864,3827,972937196
3827,972996771,3827,973069886
3827,973129488,3827,973201069
3827,973260541,3827,973332179
3827,973391761,3827,973463792
3827,973523497,3827,973596599
3827,973656177,3827,973726592
3827,973786177,3827,973855755
3827,973915640,3827,973992858
3827,974052603,3827,974125898
3827,974185630,3827,974258292
3827,974317996,3827,974388931
3827,974448609,3827,974519138
3827,974578706,3827,974649411
3827,974709089,3827,974780337
3827,974839815,3827,974911220
3827,974970829,3827,975058457
3827,975120372,3827,975195850
3827,975256305,3827,975327590
3827,975387312,3827,975459240
3827,975518762,3827,975591150
3827,975650748,3827,975729303
3827,975795775,3827,975865033
3827,975931492,3827,976078198
3827,976138887,3827,976212855
3827,976272933,3827,976345195
3827,976405033,3827,976474838
3827,976534230,3827,976607138
3827,976666550,3827,976736895
3827,976796176,3827,976870361
3827,976929870,3827,977000308
3827,977059693,3827,977133108
3827,977192366,3827,977263765
3827,977323166,3827,977404065
3827,977463630,3827,977534152
3827,977593703,3827,977669035
3827,977728613,3827,977833815
3827,977901794,3827,978046594
3827,978113336,3827,978252306
3827,978319088,3827,978406867
3827,978467971,3827,978538257
3827,978598078,3827,978669426
3827,978729392,3827,978801537
3827,978861495,3827,978932103
3827,978991801,3827,979062870
3827,979122618,3827,979194623
3827,979254421,3827,979324723
3827,979384364,3827,979454686
3827,979514514,3827,979584383
3827,979643984,3827,979715793
3827,979775651,3827,979848240
3827,979907924,3827,979979843
3827,980043694,3827,980116263
3827,980176224,3827,980245686
3827,980305538,3827,980378530
3827,980438298,3827,980508473
3827,980568275,3827,980668805
3827,980731616,3827,980809915
3827,980869883,3827,980942315
3827,981002164,3827,981075549
3827,981134857,3827,981210272
3827,981269708,3827,981341606
3827,981400978,3827,981473260
3827,981532645,3827,981603360
3827,981662725,3827,981733313
3827,981792732,3827,981865447
3827,981924842,3827,982002371
3827,982061752,3827,982133604
3827,982192866,3827,982263035
3827,982322443,3827,982396915
3827,982456360,3827,982530248
3827,982589593,3827,982660762
3827,982720027,3827,982796069
3827,982855667,3827,982927536
3827,982987007,3827,983058476
3827,983117714,3827,983187153
3827,983246594,3827,983356441
3827,983425079,3827,983531932
3827,983594584,3827,983700474
3827,983762702,3827,983838844
3827,983898925,3827,983970597
3827,984033226,3827,984108288
3827,984179947,3827,984253252
3827,984313194,3827,984385506
3827,984445115,3827,984516507
3827,984576135,3827,984645024
3827,984704699,3827,984776751
3827,984836359,3827,984906661
3827,984966316,3827,985036932
3827,985096547,3827,985169066
3827,985228878,3827,985299236
3827,985358815,3827,985429627
3827,985489195,3827,985560020
3827,985619659,3827,985691227
3827,985750683,3827,985823271
3827,985882873,3827,985960812
3827,986020451,3827,986106740
3827,986168505,3827,986244720
3827,986304655,3827,986377407
3827,986437006,3827,986508601
3827,986575033,3827,986659589
3827,986719364,3827,986791506
3827,986850985,3827,986923250
3827,986982869,3827,987053551
3827,987113079,3827,987184991
3827,987244720,3827,987315625
3827,987375070,3827,987445902
3827,987505410,3827,987574919
3827,987634344,3827,987706426
3827,987766052,3827,987837347
3827,987896745,3827,987968004
3827,988038130,3827,988107982
3827,988174520,3827,988243495
3827,988303087,3827,988373705
3827,988440057,3827,988510609
3827,988569931,3827,988640017
3827,988699411,3827,988786224
3827,988847599,3827,988975559
3827,989042381,3827,989184772
3827,989258020,3827,989341919
3827,989402634,3827,989474476
3827,989534238,3827,989605174
3827,989665115,3827,989735534
3827,989802449,3827,989875674
3827,989935626,3827,990013782
3827,990080653,3827,990155946
3827,990215731,3827,990289293
3827,990349058,3827,990422400
3827,990489315,3827,990561244
3827,990627979,3827,990699908
3827,990766696,3827,990838125
3827,990898030,3827,990968798
3827,991028784,3827,991100396
3827,991167188,3827,991237433
3827,991297108,3827,991369120
3827,991436048,3827,991507034
3827,991566799,3827,991649728
3827,991712609,3827,991788335
3827,991848167,3827,991920639
3827,991980281,3827,992054779
3827,992114264,3827,992186763
3827,992253268,3827,992323023
3827,992382322,3827,992452187
3827,992511828,3827,992582140
3827,992641605,3827,992710467
3827,992769948,3827,992842294
3827,992908659,3827,992978474
3827,993044869,3827,993114278
3827,993173623,3827,993251635
3827,993311003,3827,993380252
3827,993446674,3827,993517492
3827,993576837,3827,993647799
3827,993707184,3827,993777993
3827,993837321,3827,993908803
3827,993968265,3827,994041990
3827,994108435,3827,994184474
3827,994243838,3827,994331238
3827,994394969,3827,994489902
3827,994551934,3827,994644243
3827,994706255,3827,994782520
3827,994842448,3827,994914800
3827,994974705,3827,995044534
3827,995104115,3827,995174960
3827,995234365,3827,995307344
3827,995366776,3827,995438284
3827,995497936,3827,995570894
3827,995630670,3827,995702658
3827,995762146,3827,995836305
3827,995895920,3827,995966195
3827,996037684,3827,996115759
3827,996175531,3827,996248896
3827,996315174,3827,996389086
3827,996448862,3827,996521710
3827,996581208,3827,996652737
3827,996712325,3827,996784471
3827,996844005,3827,996925474
3827,996985269,3827,997079345
3827,997141283,3827,997216769
3827,997276540,3827,997347679
3827,997407121,3827,997478442
3827,997537884,3827,997612746
3827,997672108,3827,997745730
3827,997805028,3827,997879340
3827,997938648,3827,998016707
3827,998076115,3827,998149567
3827,998209099,3827,998281627
3827,998340946,3827,998413264
3827,998472619,3827,998544001
3827,998603399,3827,998674735
3827,998734199,3827,998813621
3827,998872877,3827,998943185
3827,999002433,3827,999074959
3827,999141287,3827,999212992
3827,999272317,3827,999344539
3827,999403881,3827,999473676
3827,999532971,3827,999604316
3827,999670558,3827,999766121
3827,999827499,3827,999961926
3828,000033044,3828,000171578
3828,000238617,3828,000322502
3828,000384820,3828,000457319
3828,000524271,3828,000594063
3828,000653821,3828,000724966
3828,000791821,3828,000863066
3828,000923095,3828,000994810
3828,001061492,3828,001132640
3828,001192315,3828,001263934
3828,001330803,3828,001402241
3828,001468956,3828,001538701
3828,001598516,3828,001669805
3828,001729573,3828,001801438
3828,001861130,3828,001931605
3828,001991393,3828,002067115
3828,002126707,3828,002199896
3828,002259761,3828,002331352
3828,002391167,3828,002462849
3828,002522488,3828,002624767
3828,002687479,3828,002762381
3828,002822529,3828,002894281
3828,002954159,3828,003027654
3828,003086973,3828,003158435
3828,003217823,3828,003287315
3828,003346666,3828,003416065
3828,003475480,3828,003550488
3828,003617010,3828,003687295
3828,003746713,3828,003817485
3828,003877011,3828,003946822
3828,004018998,3828,004090323
3828,004149804,3828,004219996
3828,004279664,3828,004352076
3828,004411615,3828,004482277
3828,004548702,3828,004634647
3828,004694062,3828,004766847
3828,004833112,3828,004906894
3828,004966356,3828,005037878
3828,005104303,3828,005175115
3828,005241587,3828,005332539
3828,005396648,3828,005495047
3828,005557275,3828,005667078
3828,005729173,3828,005804138
3828,005864324,3828,005936336
3828,005996044,3828,006069302
3828,006129037,3828,006202193
3828,006261887,3828,006335966
3828,006395531,3828,006467000
3828,006526778,3828,006599580
3828,006659265,3828,006731067
3828,006790762,3828,006861363
3828,006921088,3828,006990947
3828,007050592,3828,007121547
3828,007181375,3828,007254791
3828,007314402,3828,007386081
3828,007445719,3828,007518838
3828,007578523,3828,007648661
3828,007708376,3828,007778435
3828,007838130,3828,007909715
3828,007969390,3828,008066436
3828,008128637,3828,008208676
3828,008268854,3828,008340710
3828,008400705,3828,008472947
3828,008541025,3828,008614180
3828,008674135,3828,008752771
3828,008812453,3828,008885231
3828,008944833,3828,009023041
3828,009082576,3828,009152798
3828,009212313,3828,009290309
3828,009349787,3828,009422929
3828,009482404,3828,009553406
3828,009612934,3828,009683442
3828,009742944,3828,009820506
3828,009879988,3828,009960930
3828,010020408,3828,010096084
3828,010155499,3828,010227574
3828,010287099,3828,010357847
3828,010417272,3828,010488678
3828,010548203,3828,010618611
3828,010678139,3828,010781739
3828,010843431,3828,010972217
3828,011039169,3828,011174593
3828,011241514,3828,011325640
3828,011386888,3828,011457517
3828,011517492,3828,011586811
3828,011646655,3828,011715137
3828,011775193,3828,011847074
3828,011906846,3828,011977344
3828,012041833,3828,012112325
3828,012172306,3828,012242278
3828,012302170,3828,012373995
3828,012434217,3828,012505089
3828,012565007,3828,012635496
3828,012695224,3828,012764929
3828,012824571,3828,012894446
3828,012954311,3828,013025900
3828,013085671,3828,013156690
3828,013216548,3828,013290117
3828,013349769,3828,013418887
3828,013478829,3828,013570765
3828,013633353,3828,013709885
3828,013769840,3828,013842739
3828,013902457,3828,013979646
3828,014039220,3828,014117039
3828,014176638,3828,014246376
3828,014305871,3828,014376506
3828,014436078,3828,014505423
3828,014565152,3828,014633577
3828,014693038,3828,014762444
3828,014821775,3828,014894231
3828,014960796,3828,015033374
3828,015092869,3828,015161808
3828,015221443,3828,015291645
3828,015351136,3828,015425548
3828,015484937,3828,015556199
3828,015615637,3828,015686895
3828,015746387,3828,015825243
3828,015884931,3828,015955199
3828,016018698,3828,016091926
3828,016151452,3828,016254334
3828,016318179,3828,016413545
3828,016475767,3828,016580803
3828,016643011,3828,016720604
3828,016780689,3828,016855051
3828,016914673,3828,016987878
3828,017047689,3828,017120295
3828,017180053,3828,017252968
3828,017312960,3828,017385325
3828,017445053,3828,017515945
3828,017575601,3828,017648773
3828,017708777,3828,017779413
3828,017839088,3828,017911340
3828,017970921,3828,018047914
3828,018107702,3828,018183764
3828,018243542,3828,018316811
3828,018376649,3828,018449548
3828,018509313,3828,018582165
3828,018641923,3828,018715315
3828,018775113,3828,018846449
3828,018906157,3828,018988629
3828,019050171,3828,019125656
3828,019185781,3828,019258620
3828,019318625,3828,019389223
3828,019448822,3828,019519854
3828,019579535,3828,019656228
3828,019715799,3828,019785758
3828,019845473,3828,019923671
3828,019983520,3828,020072149
3828,020131744,3828,020206689
3828,020266524,3828,020334852
3828,020394508,3828,020465143
3828,020524781,3828,020596140
3828,020660815,3828,020734287
3828,020793832,3828,020870821
3828,020930192,3828,021002514
3828,021062212,3828,021133948
3828,021193286,3828,021271882
3828,021331330,3828,021400438
3828,021459900,3828,021538292
3828,021597841,3828,021681293
3828,021742761,3828,021871858
3828,021939250,3828,022096947
3828,022164176,3828,022250758
3828,022311683,3828,022384222
3828,022444097,3828,022515292
3828,022575050,3828,022646252
3828,022706024,3828,022777463
3828,022837414,3828,022905596
3828,022965451,3828,023036273
3828,023096125,3828,023166490
3828,023226635,3828,023299407
3828,023359359,3828,023430174
3828,023489935,3828,023561090
3828,023620989,3828,023691568
3828,023751266,3828,023821684
3828,023881369,3828,023950935
3828,024015300,3828,024086835
3828,024146866,3828,024217352
3828,024277133,3828,024347159
3828,024407163,3828,024504880
3828,024567611,3828,024642283
3828,024702041,3828,024773077
3828,024832862,3828,024903964
3828,024963618,3828,025034874
3828,025094462,3828,025163968
3828,025223442,3828,025293311
3828,025352809,3828,025424735
3828,025491156,3828,025563755
3828,025630297,3828,025703489
3828,025762937,3828,025832146
3828,025891694,3828,025966442
3828,026026024,3828,026097499
3828,026164215,3828,026235103
3828,026294781,3828,026367863
3828,026427365,3828,026499647
3828,026559142,3828,026628574
3828,026688105,3828,026760701
3828,026820169,3828,026890848
3828,026950302,3828,027020704
3828,027080126,3828,027181139
3828,027244934,3828,027343107
3828,027405445,3828,027506514
3828,027568709,3828,027642491
3828,027709430,3828,027781195
3828,027841073,3828,027910948
3828,027970724,3828,028061622
3828,028121588,3828,028194766
3828,028254461,3828,028324776
3828,028384365,3828,028455743
3828,028515295,3828,028586083
3828,028645685,3828,028718824
3828,028778672,3828,028850414
3828,028910089,3828,028980854
3828,029040662,3828,029110908
3828,029170526,3828,029242198
3828,029301776,3828,029373958
3828,029433666,3828,029504181
3828,029563903,3828,029635692
3828,029695420,3828,029768612
3828,029828380,3828,029919813
3828,029981238,3828,030063956
3828,030123935,3828,030197467
3828,030257608,3828,030327730
3828,030387385,3828,030459297
3828,030518752,3828,030588874
3828,030648396,3828,030718408
3828,030778039,3828,030850388
3828,030910259,3828,030981701
3828,031041350,3828,031111735
3828,031171230,3828,031242252
3828,031301877,3828,031372262
3828,031431673,3828,031501609
3828,031561070,3828,031646583
3828,031706141,3828,031777676
3828,031837288,3828,031907750
3828,031967115,3828,032040830
3828,032100441,3828,032182677
3828,032242145,3828,032315597
3828,032375282,3828,032448284
3828,032507792,3828,032593268
3828,032654483,3828,032781850
3828,032860562,3828,032999439
3828,033066511,3828,033151130
3828,033212105,3828,033284597
3828,033344742,3828,033415477
3828,033475555,3828,033546820
3828,033606702,3828,033681411
3828,033741216,3828,033814791
3828,033874879,3828,033957355
3828,034017143,3828,034091835
3828,034151570,3828,034223275
3828,034283310,3828,034355672
3828,034415657,3828,034488023
3828,034547734,3828,034620666
3828,034680381,3828,034751570
3828,034811298,3828,034881580
3828,034941328,3828,035010930
3828,035070675,3828,035142553
3828,035202252,3828,035273454
3828,035333099,3828,035428798
3828,035491907,3828,035565232
3828,035625036,3828,035695998
3828,035755867,3828,035826392
3828,035886214,3828,035958639
3828,036023467,3828,036095599
3828,036155308,3828,036226550
3828,036286158,3828,036354876
3828,036414485,3828,036487303
3828,036547045,3828,036618053
3828,036677599,3828,036748714
3828,036808425,3828,036877430
3828,036937019,3828,037006554
3828,037066162,3828,037136487
3828,037195993,3828,037264504
3828,037324022,3828,037395454
3828,037455003,3828,037526458
3828,037586003,3828,037656331
3828,037715800,3828,037785999
3828,037845520,3828,037916632
3828,037976270,3828,038085307
3828,038149192,3828,038252341
3828,038314563,3828,038423939
3828,038486151,3828,038561316
3828,038621328,3828,038693000
3828,038753051,3828,038823997
3828,038883725,3828,038958524
3828,039018392,3828,039091234
3828,039150832,3828,039223991
3828,039290826,3828,039364955
3828,039424659,3828,039496711
3828,039556517,3828,039628115
3828,039687853,3828,039760322
3828,039826994,3828,039901262
3828,039960818,3828,040037300
3828,040097068,3828,040169610
3828,040229545,3828,040302927
3828,040362475,3828,040433414
3828,040492948,3828,040564010
3828,040630576,3828,040702141
3828,040769009,3828,040849252
3828,040910707,3828,040987352
3828,041047807,3828,041119509
3828,041179477,3828,041250176
3828,041309757,3828,041381272
3828,041440778,3828,041511073
3828,041577685,3828,041649607
3828,041708928,3828,041779953
3828,041839579,3828,041912127
3828,041971675,3828,042057771
3828,042117246,3828,042188671
3828,042255246,3828,042325785
3828,042385240,3828,042456535
3828,042516000,3828,042593102
3828,042652534,3828,042722299
3828,042781937,3828,042854519
3828,042913974,3828,042983970
3828,043043548,3828,043117196
3828,043176668,3828,043246990
3828,043306515,3828,043379067
3828,043438658,3828,043523707
3828,043584829,3828,043712982
3828,043780087,3828,043922321
3828,043989363,3828,044089730
3828,044151004,3828,044243414
3828,044303965,3828,044372634
3828,044432359,3828,044502507
3828,044562309,3828,044631567
3828,044691202,3828,044762521
3828,044822329,3828,044893301
3828,044953146,3828,045023031
3828,045092497,3828,045166225
3828,045226043,3828,045296172
3828,045356110,3828,045426449
3828,045486017,3828,045554976
3828,045614574,3828,045684493
3828,045744124,3828,045813959
3828,045873478,3828,045957236
3828,046017388,3828,046093817
3828,046153212,3828,046225027
3828,046284615,3828,046385575
3828,046448420,3828,046522692
3828,046582563,3828,046654829
3828,046714657,3828,046785223
3828,046844711,3828,046915052
3828,046974631,3828,047048290
3828,047107801,3828,047177856
3828,047237235,3828,047309007
3828,047368425,3828,047440270
3828,047499935,3828,047570187
3828,047629809,3828,047701371
3828,047760895,3828,047831551
3828,047891109,3828,047962851
3828,048026659,3828,048100538
3828,048160026,3828,048233808
3828,048293410,3828,048365689
3828,048425250,3828,048496085
3828,048555557,3828,048627152
3828,048686524,3828,048757202
3828,048816651,3828,048887936
3828,048947501,3828,049055427
3828,049119052,3828,049214045
3828,049276186,3828,049369343
3828,049431551,3828,049506590
3828,049566608,3828,049642206
3828,049702045,3828,049775270
3828,049834842,3828,049910600
3828,049970419,3828,050048821
3828,050108716,3828,050183161
3828,050243019,3828,050315861
3828,050375566,3828,050450588
3828,050510557,3828,050586746
3828,050646587,3828,050720819
3828,050780647,3828,050854616
3828,050914518,3828,050987596
3828,051047398,3828,051121863
3828,051181438,3828,051255190
3828,051321879,3828,051393317
3828,051460026,3828,051532178
3828,051591709,3828,051663555
3828,051723150,3828,051819122
3828,051880617,3828,051956193
3828,052019721,3828,052091516
3828,052151334,3828,052220686
3828,052280315,3828,052352497
3828,052412185,3828,052481573
3828,052541119,3828,052610930
3828,052673149,3828,052742940
3828,052802516,3828,052876988
3828,052936656,3828,053007851
3828,053067443,3828,053138511
3828,053198126,3828,053268081
3828,053327576,3828,053397552
3828,053463994,3828,053540246
3828,053599607,3828,053671706
3828,053738247,3828,053814103
3828,053873761,3828,053957013
3828,054016539,3828,054091571
3828,054151045,3828,054223264
3828,054282692,3828,054355081
3828,054414653,3828,054530993
3828,054599454,3828,054685137
3828,054745788,3828,054817423
3828,054877248,3828,054950470
3828,055010119,3828,055080894
3828,055140715,3828,055211391
3828,055271016,3828,055339948
3828,055399782,3828,055471511
3828,055531150,3828,055601785
3828,055661340,3828,055731335
3828,055790870,3828,055860205
3828,055919773,3828,055990092
3828,056053410,3828,056123529
3828,056183337,3828,056254966
3828,056314404,3828,056385056
3828,056444501,3828,056516066
3828,056575558,3828,056646410
3828,056705745,3828,056776657
3828,056836261,3828,056908547
3828,056968092,3828,057038100
3828,057107496,3828,057207418
3828,057270127,3828,057346655
3828,057406634,3828,057483093
3828,057543071,3828,057614836
3828,057674308,3828,057748760
3828,057808375,3828,057878570
3828,057938011,3828,058021310
3828,058080795,3828,058153864
3828,058213539,3828,058284154
3828,058343742,3828,058415178
3828,058474579,3828,058547075
3828,058606543,3828,058675908
3828,058735370,3828,058805008
3828,058864370,3828,058934442
3828,058994007,3828,059065595
3828,059125310,3828,059195419
3828,059255027,3828,059326416
3828,059386147,3828,059457036
3828,059523601,3828,059595316
3828,059655198,3828,059727707
3828,059787301,3828,059889684
3828,059953506,3828,060056259
3828,060118684,3828,060222460
3828,060284675,3828,060359774
3828,060419748,3828,060490824
3828,060550526,3828,060622494
3828,060682196,3828,060752754
3828,060812449,3828,060885198
3828,060945006,3828,061015955
3828,061082850,3828,061155208
3828,061214970,3828,061285762
3828,061345400,3828,061414609
3828,061474447,3828,061544439
3828,061604310,3828,061677696
3828,061737538,3828,061810676
3828,061870528,3828,061949570
3828,062016472,3828,062093517
3828,062153285,3828,062226574
3828,062286342,3828,062358484
3828,062418162,3828,062488601
3828,062555303,3828,062642795
3828,062704230,3828,062779512
3828,062840047,3828,062912236
3828,062972157,3828,063042836
3828,063102341,3828,063169576
3828,063229098,3828,063300526
3828,063360121,3828,063428480
3828,063487998,3828,063559903
3828,063619282,3828,063693440
3828,063752865,3828,063830124
3828,063889879,3828,063959574
3828,064037383,3828,064108738
3828,064168260,3828,064237978
3828,064297557,3828,064367322
3828,064426893,3828,064496585
3828,064556054,3828,064629282
3828,064688621,3828,064759652
3828,064826121,3828,064904793
3828,064971211,3828,065041533
3828,065100842,3828,065172267
3828,065231595,3828,065361299
3828,065429354,3828,065517136
3828,065577968,3828,065650480
3828,065710551,3828,065780607
3828,065840335,3828,065909920
3828,065969918,3828,066046587
3828,066106139,3828,066177381
3828,066236893,3828,066307748
3828,066367289,3828,066438715
3828,066498330,3828,066568115
3828,066627640,3828,066696408
3828,066756133,3828,066825545
3828,066885223,3828,066955222
3828,067015027,3828,067085169
3828,067145220,3828,067217282
3828,067276971,3828,067348886
3828,067408571,3828,067477563
3828,067537115,3828,067607100
3828,067666924,3828,067738323
3828,067797975,3828,067867777
3828,067927298,3828,068029678
3828,068092366,3828,068171952
3828,068232213,3828,068304069
3828,068364113,3828,068435855
3828,068495447,3828,068567423
3828,068626857,3828,068697132
3828,068763561,3828,068834316
3828,068893731,3828,068967890
3828,069027421,3828,069101113
3828,069174845,3828,069248014
3828,069307959,3828,069378314
3828,069438029,3828,069508591
3828,069568086,3828,069638358
3828,069698010,3828,069769405
3828,069828957,3828,069903212
3828,069962774,3828,070040106
3828,070099640,3828,070172049
3828,070231528,3828,070303903
3828,070363554,3828,070435506
3828,070495031,3828,070566673
3828,070626308,3828,070734588
3828,070798633,3828,070897972
3828,070960174,3828,071059570
3828,071121795,3828,071196154
3828,071256042,3828,071329017
3828,071388835,3828,071461421
3828,071521079,3828,071595898
3828,071655769,3828,071727615
3828,071787316,3828,071859508
3828,071918943,3828,071989382
3828,072060227,3828,072133736
3828,072193527,3828,072265953
3828,072325584,3828,072399200
3828,072458938,3828,072530466
3828,072590122,3828,072661043
3828,072720841,3828,072790910
3828,072850649,3828,072922551
3828,072982229,3828,073051920
3828,073111616,3828,073183191
3828,073242876,3828,073314808
3828,073374386,3828,073455255
3828,073516527,3828,073592769
3828,073652747,3828,073724425
3828,073784270,3828,073855306
3828,073921954,3828,073998546
3828,074065158,3828,074144240
3828,074203658,3828,074273764
3828,074333222,3828,074401001
3828,074460349,3828,074533294
3828,074599822,3828,074672838
3828,074732183,3828,074802005
3828,074861433,3828,074932945
3828,074992423,3828,075063119
3828,075122577,3828,075208393
3828,075267754,3828,075338679
3828,075398258,3828,075469196
3828,075528661,3828,075600210
3828,075659831,3828,075738050
3828,075797538,3828,075868200
3828,075927635,3828,075998454
3828,076067959,3828,076168142
3828,076236064,3828,076324699
3828,076385491,3828,076457433
3828,076517454,3828,076589323
3828,076648898,3828,076718673
3828,076778295,3828,076848820
3828,076908365,3828,076977407
3828,077036915,3828,077108544
3828,077168019,3828,077238031
3828,077297632,3828,077369284
3828,077429039,3828,077500771
3828,077560393,3828,077632928
3828,077692733,3828,077763965
3828,077823693,3828,077895172
3828,077954830,3828,078035376
3828,078094887,3828,078168569
3828,078228124,3828,078299926
3828,078366534,3828,078437520
3828,078496925,3828,078570054
3828,078629735,3828,078701834
3828,078761609,3828,078863728
3828,078926400,3828,079003142
3828,079063357,3828,079137525
3828,079197517,3828,079268953
3828,079328527,3828,079398182
3828,079457698,3828,079527100
3828,079586584,3828,079660923
3828,079720321,3828,079790280
3828,079849922,3828,079919463
3828,079979125,3828,080054504
3828,080114012,3828,080184201
3828,080243759,3828,080312877
3828,080372456,3828,080441631
3828,080501182,3828,080572548
3828,080632136,3828,080702371
3828,080761953,3828,080831858
3828,080891337,3828,080961862
3828,081021243,3828,081092248
3828,081157960,3828,081232499
3828,081292131,3828,081365463
3828,081424957,3828,081538274
3828,081602019,3828,081709602
3828,081771867,3828,081865519
3828,081927678,3828,082010093
3828,082070095,3828,082143647
3828,082203255,3828,082275654
3828,082335232,3828,082410098
3828,082469836,3828,082543048
3828,082602619,3828,082674148
3828,082734040,3828,082809412
3828,082869147,3828,082940345
3828,082999927,3828,083071319
3828,083130927,3828,083202776
3828,083262544,3828,083336663
3828,083396384,3828,083469310
3828,083528874,3828,083600566
3828,083660355,3828,083732114
3828,083791892,3828,083863767
