3857,663056995,3857,663241248
3857,663472524,3857,663613269
3857,663800369,3857,663934604
3857,664124741,3857,664216551
3857,664399278,3857,664522753
3857,664709416,3857,664840145
3857,665027148,3857,665156430
3857,665343163,3857,665420650
3857,665601569,3857,665724198
3857,665911191,3857,666068334
3857,666250634,3857,666374582
3857,666556919,3857,666656623
3857,666838396,3857,666927463
3857,667109543,3857,667177702
3857,667357642,3857,667425735
3857,667605705,3857,667669034
3857,667848977,3857,667915490
3857,668098952,3857,668204545
3857,668384214,3857,668508551
3857,668704970,3857,668793682
3857,668974788,3857,669053367
3857,669233265,3857,669306847
3857,669486446,3857,669559675
3857,669739284,3857,669813386
3857,669993147,3857,670076480
3857,670256052,3857,670329014
3857,670508586,3857,670579658
3857,670759180,3857,670830829
3857,671010477,3857,671082659
3857,671262321,3857,671333560
3857,671520319,3857,671591654
3857,671771086,3857,671841085
3857,672021150,3857,672094988
3857,672276536,3857,672348548
3857,672528176,3857,672600168
3857,672779879,3857,672853447
3857,673032988,3857,673105297
3857,673285088,3857,673355463
3857,673535021,3857,673663034
3857,673857439,3857,673960898
3857,674142969,3857,674219401
3857,674399829,3857,674473794
3857,674661332,3857,674734577
3857,674914455,3857,674986074
3857,675166025,3857,675237740
3857,675417731,3857,675489803
3857,675676814,3857,675747609
3857,675927197,3857,675997349
3857,676246935,3857,676325107
3857,676505732,3857,676579333
3857,676759248,3857,676833656
3857,677013254,3857,677086189
3857,677272627,3857,677343206
3857,677529710,3857,677600959
3857,677780473,3857,677851088
3857,678030770,3857,678107368
3857,678286866,3857,678402649
3857,678593674,3857,678683709
3857,678865334,3857,678939369
3857,679120023,3857,679191055
3857,679371550,3857,679445345
3857,679625206,3857,679695948
3857,679875649,3857,679947788
3857,680137969,3857,680209254
3857,680388809,3857,680458724
3857,680638095,3857,680709057
3857,680888734,3857,680959673
3857,681139257,3857,681217042
3857,681396624,3857,681468012
3857,681654486,3857,681724905
3857,681911366,3857,681986528
3857,682166106,3857,682245315
3857,682424832,3857,682497237
3857,682676786,3857,682747100
3857,682926472,3857,682997847
3857,683177191,3857,683297537
3857,683488219,3857,683572441
3857,683753879,3857,683827564
3857,684019235,3857,684094047
3857,684274799,3857,684344498
3857,684524936,3857,684598425
3857,684778026,3857,684849891
3857,685030129,3857,685101415
3857,685281369,3857,685352261
3857,685532180,3857,685602265
3857,685782090,3857,685852158
3857,686031946,3857,686107228
3857,686287067,3857,686359268
3857,686538927,3857,686607689
3857,686787627,3857,686857929
3857,687059101,3857,687132033
3857,687311841,3857,687381020
3857,687560905,3857,687633833
3857,687813601,3857,687884066
3857,688066601,3857,688138533
3857,688318358,3857,688438919
3857,688628630,3857,688716883
3857,688898395,3857,688973474
3857,689153962,3857,689227724
3857,689407859,3857,689478684
3857,689658799,3857,689731881
3857,689911796,3857,689990565
3857,690170330,3857,690243866
3857,690423507,3857,690495926
3857,690675414,3857,690746416
3857,690925805,3857,690999134
3857,691178549,3857,691248667
3857,691428102,3857,691498581
3857,691677979,3857,691749535
3857,691928893,3857,691998918
3857,692261876,3857,692338028
3857,692517986,3857,692588811
3857,692768136,3857,692838978
3857,693018483,3857,693096832
3857,693276407,3857,693348142
3857,693527587,3857,693639627
3857,693828695,3857,693917681
3857,694098912,3857,694176218
3857,694356463,3857,694427652
3857,694614767,3857,694686902
3857,694873841,3857,694945126
3857,695124731,3857,695194833
3857,695374368,3857,695444856
3857,695624938,3857,695695403
3857,695874905,3857,695945597
3857,696136899,3857,696208907
3857,696388392,3857,696461637
3857,696641436,3857,696711391
3857,696890826,3857,696961231
3857,697140756,3857,697212008
3857,697398533,3857,697470118
3857,697656827,3857,697727522
3857,697906880,3857,697980089
3857,698159594,3857,698230932
3857,698410410,3857,698480682
3857,698667444,3857,698779230
3857,698966069,3857,699053065
3857,699232893,3857,699306949
3857,699486203,3857,699556658
3857,699735837,3857,699804238
3857,699982670,3857,700074383
3857,700255127,3857,700329850
3857,700509831,3857,700581523
3857,700761331,3857,700840677
3857,701020458,3857,701093710
3857,701273608,3857,701345404
3857,701525015,3857,701599001
3857,701785499,3857,701865038
3857,702051733,3857,702127068
3857,702313556,3857,702386185
3857,702565647,3857,702637302
3857,702816870,3857,702888312
3857,703067644,3857,703138112
3857,703317604,3857,703388749
3857,703575137,3857,703656863
3857,703843558,3857,703964915
3857,704156673,3857,704245139
3857,704426967,3857,704500733
3857,704681377,3857,704755896
3857,704936207,3857,705008576
3857,705188978,3857,705261056
3857,705441198,3857,705512770
3857,705692865,3857,705765967
3857,705945995,3857,706019694
3857,706199562,3857,706271750
3857,706451518,3857,706522407
3857,706702085,3857,706772951
3857,706952805,3857,707024131
3857,707203689,3857,707275141
3857,707454699,3857,707528087
3857,707707832,3857,707780634
3857,707960629,3857,708035788
3857,708217903,3857,708288862
3857,708468460,3857,708539548
3857,708719320,3857,708791121
3857,708971080,3857,709088879
3857,709278671,3857,709365857
3857,709547385,3857,709619931
3857,709800029,3857,709872584
3857,710084633,3857,710164115
3857,710344210,3857,710416755
3857,710596474,3857,710676016
3857,710855794,3857,710926579
3857,711106104,3857,711176473
3857,711355894,3857,711426259
3857,711605907,3857,711676196
3857,711855748,3857,711924600
3857,712116585,3857,712189340
3857,712370795,3857,712441284
3857,712620742,3857,712690480
3857,712870025,3857,712941590
3857,713120992,3857,713190774
3857,713370122,3857,713440367
3857,713619596,3857,713690117
3857,713869655,3857,713952925
3857,714132289,3857,714249779
3857,714438901,3857,714525840
3857,714707145,3857,714781010
3857,714961352,3857,715033714
3857,715213902,3857,715286057
3857,715465662,3857,715540914
3857,715720552,3857,715794611
3857,715974379,3857,716063778
3857,716243797,3857,716316885
3857,716496364,3857,716566912
3857,716747617,3857,716818936
3857,716998274,3857,717068382
3857,717247677,3857,717317332
3857,717496831,3857,717567093
3857,717746321,3857,717818163
3857,717997784,3857,718072183
3857,718251605,3857,718332800
3857,718512255,3857,718585954
3857,718765215,3857,718838037
3857,719017162,3857,719090551
3857,719269965,3857,719353145
3857,719536006,3857,719612118
3857,719792113,3857,719866429
3857,720064607,3857,720140809
3857,720328318,3857,720400586
3857,720580838,3857,720653847
3857,720833522,3857,720905584
3857,721085462,3857,721157530
3857,721337222,3857,721414977
3857,721594312,3857,721667517
3857,721846952,3857,721921017
3857,722100662,3857,722175798
3857,722355403,3857,722428031
3857,722607660,3857,722678552
3857,722857946,3857,722928612
3857,723115130,3857,723186302
3857,723373017,3857,723452063
3857,723631731,3857,723703943
3857,723883574,3857,723957876
3857,724154508,3857,724226917
3857,724406585,3857,724533178
3857,724722773,3857,724809109
3857,724990221,3857,725063673
3857,725244061,3857,725314729
3857,725495394,3857,725567706
3857,725748221,3857,725822770
3857,726002988,3857,726078197
3857,726258052,3857,726330624
3857,726510612,3857,726581791
3857,726761585,3857,726832151
3857,727011762,3857,727081931
3857,727261676,3857,727334748
3857,727514613,3857,727585611
3857,727765486,3857,727838582
3857,728022270,3857,728092732
3857,728272526,3857,728345532
3857,728525523,3857,728595562
3857,728775743,3857,728850045
3857,729029904,3857,729101106
3857,729280677,3857,729353003
3857,729532811,3857,729654187
3857,729843929,3857,729934225
3857,730115560,3857,730192552
3857,730372877,3857,730447039
3857,730627493,3857,730698779
3857,730878994,3857,730952476
3857,731132274,3857,731204489
3857,731384374,3857,731457096
3857,731636978,3857,731708100
3857,731887684,3857,731963016
3857,732146815,3857,732225644
3857,732405938,3857,732480087
3857,732659755,3857,732733321
3857,732930360,3857,733007065
3857,733186946,3857,733258672
3857,733438413,3857,733521076
3857,733700760,3857,733773752
3857,733953587,3857,734030253
3857,734209831,3857,734285269
3857,734464724,3857,734537149
3857,734716624,3857,734835081
3857,735024353,3857,735111212
3857,735292694,3857,735367689
3857,735547784,3857,735619449
3857,735799507,3857,735871616
3857,736056554,3857,736130529
3857,736310354,3857,736380569
3857,736560118,3857,736630430
3857,736809991,3857,736880023
3857,737059762,3857,737133430
3857,737313072,3857,737384190
3857,737563839,3857,737636177
3857,737815522,3857,737885567
3857,738064992,3857,738138767
3857,738318289,3857,738389491
3857,738568919,3857,738639981
3857,738819246,3857,738889168
3857,739068733,3857,739140395
3857,739319850,3857,739391528
3857,739571016,3857,739643688
3857,739823140,3857,739938023
3857,740130302,3857,740217898
3857,740399423,3857,740473955
3857,740654166,3857,740723094
3857,740903419,3857,740984825
3857,741165306,3857,741237408
3857,741417420,3857,741490875
3857,741677610,3857,741750166
3857,741929884,3857,742006259
3857,742186187,3857,742259829
3857,742439804,3857,742510643
3857,742690185,3857,742762750
3857,742942328,3857,743018027
3857,743197452,3857,743266903
3857,743446311,3857,743516730
3857,743696255,3857,743767167
3857,743946515,3857,744043181
3857,744223009,3857,744294314
3857,744473756,3857,744543848
3857,744723543,3857,744795448
3857,744982023,3857,745108823
3857,745298442,3857,745387344
3857,745568646,3857,745641561
3857,745822193,3857,745894441
3857,746081790,3857,746159352
3857,746433496,3857,746509395
3857,746689366,3857,746763228
3857,746943260,3857,747019285
3857,747199297,3857,747270212
3857,747450134,3857,747521619
3857,747708317,3857,747777729
3857,747957547,3857,748038346
3857,748218461,3857,748291830
3857,748471781,3857,748544510
3857,748724275,3857,748795100
3857,748975015,3857,749046300
3857,749226015,3857,749295994
3857,749475775,3857,749545667
3857,749725432,3857,749795740
3857,749975395,3857,750050527
3857,750230182,3857,750354246
3857,750543961,3857,750635220
3857,750816718,3857,750889390
3857,751069705,3857,751143400
3857,751323269,3857,751395881
3857,751575749,3857,751647631
3857,751827549,3857,751906598
3857,752096426,3857,752172325
3857,752352110,3857,752427155
3857,752606713,3857,752678289
3857,752857880,3857,752930062
3857,753109390,3857,753182865
3857,753362297,3857,753435869
3857,753615307,3857,753685936
3857,753865551,3857,753947043
3857,754126415,3857,754200017
3857,754379478,3857,754451667
3857,754631178,3857,754702603
3857,754882328,3857,754953567
3857,755132768,3857,755204387
3857,755383852,3857,755509705
3857,755698730,3857,755786520
3857,755977261,3857,756055383
3857,756235728,3857,756315077
3857,756495355,3857,756572344
3857,756751912,3857,756824954
3857,757004526,3857,757084971
3857,757264500,3857,757336908
3857,757516480,3857,757587802
3857,757767047,3857,757838385
3857,758018070,3857,758092319
3857,758271853,3857,758346419
3857,758525807,3857,758598042
3857,758777614,3857,758849773
3857,759029344,3857,759101920
3857,759281248,3857,759352919
3857,759532354,3857,759604566
3857,759783864,3857,759854970
3857,760046375,3857,760117717
3857,760297212,3857,760368600
3857,760547925,3857,760637074
3857,760820453,3857,760899428
3857,761079496,3857,761151688
3857,761331503,3857,761403752
3857,761583773,3857,761655229
3857,761835214,3857,761906829
3857,762086547,3857,762163733
3857,762350371,3857,762435147
3857,762621915,3857,762692694
3857,762872048,3857,762941834
3857,763121229,3857,763192331
3857,763371992,3857,763443121
3857,763629536,3857,763699605
3857,763879166,3857,763956645
3857,764143643,3857,764212629
3857,764392213,3857,764463299
3857,764642867,3857,764720222
3857,764899870,3857,764972462
3857,765158784,3857,765229519
3857,765409087,3857,765479649
3857,765659214,3857,765791728
3857,765981383,3857,766071702
3857,766252997,3857,766325846
3857,766513307,3857,766584626
3857,766765194,3857,766835336
3857,767022795,3857,767093917
3857,767273805,3857,767343863
3857,767523962,3857,767594890
3857,767774865,3857,767845730
3857,768036649,3857,768107064
3857,768293939,3857,768365017
3857,768544832,3857,768616444
3857,768797583,3857,768865891
3857,769052990,3857,769124072
3857,769303993,3857,769374418
3857,769561377,3857,769630735
3857,769817547,3857,769888956
3857,770068817,3857,770144679
3857,770324631,3857,770395866
3857,770582614,3857,770654110
3857,770840918,3857,770952751
3857,771142316,3857,771228529
3857,771409744,3857,771482389
3857,771662791,3857,771733876
3857,771914181,3857,771990576
3857,772171037,3857,772245480
3857,772432088,3857,772507037
3857,772693738,3857,772766090
3857,772945938,3857,773017807
3857,773197312,3857,773271214
3857,773450682,3857,773527407
3857,773713876,3857,773785661
3857,773965219,3857,774037528
3857,774223803,3857,774294402
3857,774473913,3857,774545575
3857,774732284,3857,774804759
3857,774984101,3857,775055532
3857,775241898,3857,775314330
3857,775500941,3857,775578913
3857,775758525,3857,775830667
3857,776027429,3857,776152912
3857,776342054,3857,776430816
3857,776612558,3857,776686240
3857,776866525,3857,776940334
3857,777120212,3857,777192210
3857,777371878,3857,777443450
3857,777623388,3857,777696180
3857,777875679,3857,777951787
3857,778131329,3857,778204211
3857,778383576,3857,778456715
3857,778636240,3857,778703525
3857,778891240,3857,778964148
3857,779143973,3857,779215428
3857,779395063,3857,779466842
3857,779646673,3857,779717539
3857,779896997,3857,779971776
3857,780170228,3857,780245863
3857,780425204,3857,780496500
3857,780676091,3857,780746697
3857,780926242,3857,780998434
3857,781177772,3857,781272211
3857,781455273,3857,781534818
3857,781714786,3857,781788622
3857,781968473,3857,782045375
3857,782225583,3857,782297939
3857,782484794,3857,782559469
3857,782745944,3857,782818560
3857,782998355,3857,783069850
3857,783249338,3857,783328574
3857,783507822,3857,783580324
3857,783759702,3857,783830421
3857,784020969,3857,784094758
3857,784281149,3857,784353228
3857,784532533,3857,784604142
3857,784790467,3857,784861272
3857,785040630,3857,785111402
3857,785297871,3857,785367236
3857,785546844,3857,785618529
3857,785797824,3857,785868859
3857,786048337,3857,786124659
3857,786310954,3857,786441562
3857,786631380,3857,786720219
3857,786901624,3857,786973689
3857,787160998,3857,787234510
3857,787414928,3857,787487183
3857,787667671,3857,787740847
3857,787921155,3857,787995534
3857,788239734,3857,788318966
3857,788499511,3857,788571553
3857,788751517,3857,788824139
3857,789004034,3857,789074749
3857,789254771,3857,789324676
3857,789511241,3857,789581597
3857,789761232,3857,789836727
3857,790023309,3857,790102781
3857,790282506,3857,790354944
3857,790534649,3857,790603618
3857,790790536,3857,790859945
3857,791046750,3857,791114108
3857,791300863,3857,791371265
3857,791551000,3857,791672680
3857,791862492,3857,791951024
3857,792136739,3857,792210034
3857,792390606,3857,792462651
3857,792642996,3857,792714905
3857,792901970,3857,792974192
3857,793153920,3857,793224322
3857,793404064,3857,793476259
3857,793655974,3857,793727866
3857,793914394,3857,793989159
3857,794168494,3857,794240983
3857,794427444,3857,794499590
3857,794679088,3857,794750923
3857,794937288,3857,795006897
3857,795186359,3857,795264734
3857,795451232,3857,795522651
3857,795709033,3857,795779481
3857,795958886,3857,796034915
3857,796214380,3857,796290159
3857,796476890,3857,796549202
3857,796735577,3857,796851094
3857,797040172,3857,797128258
3857,797309669,3857,797381775
3857,797561969,3857,797633171
3857,797813186,3857,797883785
3857,798063583,3857,798139865
3857,798319737,3857,798391126
3857,798570780,3857,798644039
3857,798823727,3857,798900409
3857,799080257,3857,799150783
3857,799330294,3857,799400809
3857,799580131,3857,799650226
3857,799829811,3857,799900060
3857,800084428,3857,800156687
3857,800336235,3857,800408963
3857,800588308,3857,800657863
3857,800837215,3857,800908757
3857,801088339,3857,801165324
3857,801344979,3857,801417864
3857,801597362,3857,801667574
3857,801864446,3857,801963332
3857,802146401,3857,802226323
3857,802406408,3857,802480046
3857,802667011,3857,802738467
3857,802925655,3857,803003811
3857,803183762,3857,803262251
3857,803441822,3857,803516118
3857,803695753,3857,803768361
3857,803947779,3857,804043185
3857,804222634,3857,804295222
3857,804474731,3857,804545729
3857,804725227,3857,804804703
3857,804991005,3857,805064033
3857,805243278,3857,805313773
3857,805500325,3857,805568837
3857,805748125,3857,805819870
3857,805999272,3857,806080907
3857,806260449,3857,806332001
3857,806511429,3857,806581688
3857,806768213,3857,806838681
3857,807018123,3857,807144046
3857,807333512,3857,807419607
3857,807600942,3857,807672944
3857,807853103,3857,807925798
3857,808109780,3857,808181852
3857,808369353,3857,808443542
3857,808630517,3857,808701439
3857,808881084,3857,808956966
3857,809136831,3857,809207822
3857,809387407,3857,809455742
3857,809642447,3857,809710803
3857,809890218,3857,809964020
3857,810150751,3857,810221590
3857,810401195,3857,810472150
3857,810651558,3857,810728684
3857,810915212,3857,810985648
3857,811172193,3857,811242831
3857,811429450,3857,811498888
3857,811678439,3857,811747475
3857,811926943,3857,812012735
3857,812199954,3857,812325360
3857,812514985,3857,812602618
3857,812783966,3857,812858581
3857,813038993,3857,813112975
3857,813293076,3857,813364388
3857,813544423,3857,813616172
3857,813795577,3857,813869416
3857,814056284,3857,814131869
3857,814318848,3857,814391970
3857,814571425,3857,814642937
3857,814822435,3857,814900994
3857,815080449,3857,815149537
3857,815329032,3857,815398407
3857,815584735,3857,815654740
3857,815841162,3857,815917491
3857,816097882,3857,816168404
3857,816347903,3857,816418031
3857,816604390,3857,816681528
3857,816867860,3857,816945209
3857,817124477,3857,817195376
3857,817381777,3857,817493000
3857,817682275,3857,817770048
3857,817951303,3857,818030385
3857,818210970,3857,818283642
3857,818463880,3857,818535042
3857,818715163,3857,818786452
3857,818966200,3857,819035906
3857,819215884,3857,819286863
3857,819466651,3857,819536879
3857,819716371,3857,819786662
3857,819966214,3857,820050640
3857,820230448,3857,820306817
3857,820486391,3857,820555710
3857,820735075,3857,820805847
3857,820985265,3857,821063711
3857,821243306,3857,821315954
3857,821495476,3857,821567738
3857,821747202,3857,821818118
3857,821997686,3857,822071424
3857,822250856,3857,822323315
3857,822502700,3857,822613939
3857,822801614,3857,822895800
3857,823076952,3857,823150844
3857,823330735,3857,823400380
3857,823580342,3857,823659217
3857,823845652,3857,823914701
3857,824120244,3857,824190395
3857,824369960,3857,824440095
3857,824619660,3857,824687829
3857,824889718,3857,824962730
3857,825142275,3857,825212100
3857,825391658,3857,825466087
3857,825645561,3857,825722264
3857,825901635,3857,825977124
3857,826156765,3857,826227827
3857,826407209,3857,826487078
3857,826666773,3857,826744378
3857,826923813,3857,826995205
3857,827174537,3857,827245465
3857,827424827,3857,827495912
3857,827675447,3857,827792967
3857,827982165,3857,828080441
3857,828262430,3857,828336868
3857,828517476,3857,828588942
3857,828769433,3857,828841372
3857,829021667,3857,829094769
3857,829274727,3857,829346656
3857,829533471,3857,829604669
3857,829791531,3857,829863856
3857,830043615,3857,830118530
3857,830298425,3857,830369430
3857,830549285,3857,830621020
3857,830800608,3857,830869383
3857,831048942,3857,831119654
3857,831299339,3857,831368814
3857,831548402,3857,831620714
3857,831800239,3857,831868637
3857,832051312,3857,832120107
3857,832299779,3857,832369254
3857,832549116,3857,832627305
3857,832806946,3857,832928719
3857,833118511,3857,833205744
3857,833386852,3857,833465127
3857,833645465,3857,833717031
3857,833897359,3857,833975528
3857,834155492,3857,834228254
3857,834408109,3857,834486428
3857,834666230,3857,834737152
3857,834916967,3857,834987225
3857,835166964,3857,835246982
3857,835426821,3857,835499643
3857,835679607,3857,835751119
3857,835930837,3857,835999852
3857,836206772,3857,836280927
3857,836460582,3857,836529400
3857,836708868,3857,836778610
3857,836958212,3857,837027837
3857,837207389,3857,837276707
3857,837456082,3857,837527061
3857,837706389,3857,837776121
3857,837955502,3857,838088649
3857,838277811,3857,838371277
3857,838552455,3857,838626957
3857,838807512,3857,838883657
3857,839063746,3857,839135411
3857,839315272,3857,839387831
3857,839567283,3857,839637558
3857,839817426,3857,839893375
3857,840098854,3857,840170452
3857,840349917,3857,840421236
3857,840600681,3857,840672039
3857,840851548,3857,840920576
3857,841099898,3857,841170726
3857,841350151,3857,841419426
3857,841598614,3857,841667203
3857,841846708,3857,841919273
3857,842098868,3857,842172897
3857,842352288,3857,842424613
3857,842604021,3857,842679630
3857,842859018,3857,842928054
3857,843107702,3857,843217175
3857,843405327,3857,843489932
3857,843670827,3857,843744292
3857,843924281,3857,843996579
3857,844176548,3857,844252390
3857,844432155,3857,844504147
3857,844683805,3857,844752860
3857,844932251,3857,845001673
3857,845181295,3857,845257607
3857,845437315,3857,845513970
3857,845693545,3857,845764201
3857,845943719,3857,846023318
3857,846203106,3857,846281555
3857,846461006,3857,846530152
3857,846709513,3857,846779258
3857,846958813,3857,847031678
3857,847211186,3857,847288052
3857,847467720,3857,847539825
3857,847731004,3857,847802236
3857,847981941,3857,848071383
3857,848251248,3857,848364448
3857,848553850,3857,848640169
3857,848821287,3857,848893852
3857,849074187,3857,849148456
3857,849329314,3857,849401156
3857,849581498,3857,849652390
3857,849832144,3857,849902210
3857,850082404,3857,850155953
3857,850335915,3857,850409210
3857,850589138,3857,850660070
3857,850839749,3857,850911057
3857,851090719,3857,851163014
3857,851342692,3857,851412037
3857,851591549,3857,851660271
3857,851839619,3857,851911648
3857,852094846,3857,852167028
3857,852346830,3857,852417418
3857,852596943,3857,852665398
3857,852844833,3857,852914672
3857,853094280,3857,853164138
3857,853343990,3857,853468820
3857,853658578,3857,853746881
3857,853928089,3857,854006661
3857,854186706,3857,854259378
3857,854439680,3857,854510742
3857,854690930,3857,854763265
3857,854942940,3857,855014038
3857,855200750,3857,855271815
3857,855458444,3857,855530206
3857,855709904,3857,855781136
3857,855960511,3857,856041650
3857,856221415,3857,856291953
3857,856471268,3857,856542457
3857,856721935,3857,856792640
3857,856971951,3857,857043040
3857,857222492,3857,857291454
3857,857470799,3857,857539971
3857,857719469,3857,857789654
3857,857969069,3857,858057385
3857,858236713,3857,858309105
3857,858488439,3857,858618526
3857,858807678,3857,858895694
3857,859076692,3857,859149077
3857,859329472,3857,859402587
3857,859582749,3857,859654871
3857,859834963,3857,859908945
3857,860107556,3857,860179395
3857,860359167,3857,860431045
3857,860610617,3857,860681792
3857,860861534,3857,860935453
3857,861115174,3857,861187293
3857,861366967,3857,861438503
3857,861618184,3857,861687879
3857,861867711,3857,861948060
3857,862127665,3857,862199613
3857,862379088,3857,862449934
3857,862629362,3857,862698790
3857,862878505,3857,862946677
3857,863126328,3857,863201314
3857,863380839,3857,863450077
3857,863629432,3857,863734702
3857,863922917,3857,864018002
3857,864199794,3857,864272519
3857,864452851,3857,864519610
3857,864699315,3857,864771777
3857,864951565,3857,865020353
3857,865199925,3857,865269316
3857,865448881,3857,865522210
3857,865701545,3857,865781264
3857,865960699,3857,866033387
3857,866212709,3857,866283768
3857,866463102,3857,866536281
3857,866715602,3857,866794528
3857,866973876,3857,867043341
3857,867222739,3857,867292755
3857,867472240,3857,867548938
3857,867728380,3857,867801452
3857,867980854,3857,868068659
3857,868248221,3857,868317876
3857,868497498,3857,868568406
3857,868747881,3857,868872788
3857,869062019,3857,869147252
3857,869328497,3857,869399972
3857,869580177,3857,869650062
3857,869830447,3857,869899606
3857,870079811,3857,870157753
3857,870337738,3857,870409886
3857,870615958,3857,870691347
3857,870871512,3857,870943887
3857,871123739,3857,871194641
3857,871374502,3857,871445994
3857,871625913,3857,871697448
3857,871877136,3857,871946128
3857,872129917,3857,872200512
3857,872380193,3857,872451918
3857,872631450,3857,872701452
3857,872881153,3857,872949662
3857,873129220,3857,873197299
3857,873376797,3857,873444312
3857,873623970,3857,873693269
3857,873872880,3857,874004144
3857,874193909,3857,874284208
3857,874465643,3857,874538602
3857,874718600,3857,874789245
3857,874969477,3857,875042706
3857,875222784,3857,875293359
3857,875473350,3857,875551086
3857,875730751,3857,875801936
3857,875981697,3857,876056343
3857,876236098,3857,876315116
3857,876494738,3857,876564800
3857,876744068,3857,876814334
3857,876993705,3857,877064697
3857,877251212,3857,877322667
3857,877502122,3857,877585998
3857,877765309,3857,877837021
3857,878016456,3857,878092461
3857,878271856,3857,878342895
3857,878522556,3857,878593538
3857,878779957,3857,878853199
3857,879032780,3857,879155797
3857,879345162,3857,879431351
3857,879612643,3857,879687105
3857,879867339,3857,879940268
3857,880123153,3857,880196802
3857,880376576,3857,880449722
3857,880629453,3857,880702679
3857,880889630,3857,880960309
3857,881145741,3857,881215693
3857,881395308,3857,881466433
3857,881653115,3857,881722693
3857,881902401,3857,881979104
3857,882158818,3857,882230690
3857,882417179,3857,882489231
3857,882668652,3857,882738120
3857,882917575,3857,882985971
3857,883172529,3857,883241961
3857,883421286,3857,883489621
3857,883676160,3857,883744475
3857,883923849,3857,884017479
3857,884197400,3857,884303450
3857,884491338,3857,884577174
3857,884757965,3857,884828417
3857,885008552,3857,885076674
3857,885256536,3857,885335785
3857,885515326,3857,885587951
3857,885767493,3857,885837998
3857,886017619,3857,886092725
3857,886272336,3857,886348872
3857,886528340,3857,886601549
3857,886780974,3857,886853592
3857,887040114,3857,887111196
3857,887297764,3857,887367730
3857,887547121,3857,887622710
3857,887802285,3857,887871473
3857,888076259,3857,888145507
3857,888325032,3857,888394537
3857,888574239,3857,888646594
3857,888833176,3857,888906741
3857,889086329,3857,889155908
3857,889335246,3857,889473307
3857,889662872,3857,889749977
3857,889931179,3857,890007731
3857,890188309,3857,890260284
3857,890440646,3857,890511935
3857,890692370,3857,890764712
3857,890944673,3857,891016565
3857,891196673,3857,891268249
3857,891448217,3857,891519252
3857,891699007,3857,891767889
3857,891947554,3857,892019626
3857,892199571,3857,892270096
3857,892449704,3857,892519246
3857,892698971,3857,892767789
3857,892947467,3857,893016779
3857,893196344,3857,893266803
3857,893465091,3857,893538657
3857,893719055,3857,893790627
3857,893970315,3857,894045124
3857,894224936,3857,894296741
3857,894476486,3857,894596369
3857,894787774,3857,894875437
3857,895056505,3857,895128974
3857,895309185,3857,895381504
3857,895561809,3857,895632930
3857,895813005,3857,895890681
3857,896074806,3857,896146921
3857,896326676,3857,896396545
3857,896576326,3857,896654695
3857,896834240,3857,896907952
3857,897087517,3857,897169692
3857,897349507,3857,897420303
3857,897599631,3857,897668039
3857,897847347,3857,897916559
3857,898096094,3857,898171099
3857,898350588,3857,898421493
3857,898600988,3857,898671550
3857,898850688,3857,898919370
3857,899098638,3857,899170333
3857,899349635,3857,899420470
3857,899606838,3857,899732068
3857,899921254,3857,900024306
3857,900206408,3857,900280253
3857,900460908,3857,900532847
3857,900713395,3857,900782717
3857,900962942,3857,901044324
3857,901224222,3857,901294691
3857,901481296,3857,901559305
3857,901739230,3857,901809948
3857,901989440,3857,902067685
3857,902247147,3857,902319552
3857,902499070,3857,902570015
3857,902756717,3857,902832819
3857,903012157,3857,903083419
3857,903262897,3857,903338746
3857,903518164,3857,903589133
3857,903775918,3857,903848370
3857,904038445,3857,904110557
3857,904290265,3857,904360277
3857,904539986,3857,904611488
3857,904791162,3857,904904052
3857,905092264,3857,905180779
3857,905362434,3857,905437060
3857,905617115,3857,905688143
3857,905868285,3857,905956907
3857,906136322,3857,906212167
3857,906391852,3857,906462904
3857,906649499,3857,906725521
3857,906905413,3857,906983648
3857,907170070,3857,907242289
3857,907421894,3857,907494772
3857,907674127,3857,907747266
3857,907926944,3857,908027840
3857,908207138,3857,908279007
3857,908457712,3857,908526050
3857,908704289,3857,908777047
3857,908955182,3857,909024680
3857,909202942,3857,909272550
3857,909450795,3857,909518384
3857,909696919,3857,909766937
3857,909952282,3857,910081182
3857,910270871,3857,910357567
3857,910539128,3857,910610237
3857,910790271,3857,910860067
3857,911040548,3857,911109964
3857,911290469,3857,911361524
3857,911541629,3857,911612461
3857,911792649,3857,911864561
3857,912046042,3857,912118844
3857,912298896,3857,912371488
3857,912551489,3857,912624228
3857,912803953,3857,912878245
3857,913058083,3857,913131022
3857,913310997,3857,913381976
3857,913561670,3857,913633486
3857,913813264,3857,913885369
3857,914064907,3857,914138219
3857,914317931,3857,914388553
3857,914568174,3857,914637040
3857,914816798,3857,914888077
3857,915067605,3857,915185425
3857,915374946,3857,915461419
3857,915642337,3857,915715505
3857,915895837,3857,915967512
3857,916151827,3857,916226189
3857,916431499,3857,916504764
3857,916684545,3857,916765754
3857,916945636,3857,917015614
3857,917195242,3857,917268538
3857,917448429,3857,917520441
3857,917699979,3857,917771541
3857,917951143,3857,918027068
3857,918206560,3857,918278182
3857,918457557,3857,918530509
3857,918709823,3857,918781985
3857,918961420,3857,919032582
3857,919212120,3857,919290282
3857,919469727,3857,919539909
3857,919719514,3857,919795333
3857,919974795,3857,920051663
3857,920231402,3857,920355135
3857,920544273,3857,920631459
3857,920812780,3857,920886296
3857,921067044,3857,921151040
3857,921331218,3857,921411017
