3904,619499767,3904,619673118
3904,620804502,3904,620955068
3904,622058727,3904,622171334
3904,623268306,3904,623427106
3904,624526954,3904,624719348
3904,625823619,3904,625976469
3904,627081383,3904,627289380
3904,628411116,3904,628542682
3904,629624585,3904,629761051
3904,630823984,3904,630939887
3904,632066223,3904,632184087
3904,633245272,3904,633351766
3904,634412298,3904,634533982
3904,635594520,3904,635707777
3904,636778679,3904,636878000
3904,637938662,3904,638034404
3904,639094796,3904,639222628
3904,640315197,3904,640408563
3904,641469127,3904,641664391
3904,642740596,3904,643033895
3904,644126711,3904,644371531
3904,645445002,3904,645701849
3904,646788367,3904,647049527
3904,648151199,3904,648413098
3904,649494147,3904,649749745
3904,650823087,3904,651056348
3904,652143443,3904,652351763
3904,653424316,3904,653633162
3904,654696058,3904,654881244
3904,655942080,3904,656141239
3904,657202209,3904,657380487
3904,658441101,3904,658632357
3904,659693040,3904,659879476
3904,660951089,3904,661127834
3904,662187717,3904,662366795
3904,663426701,3904,663602309
3904,664677275,3904,664853543
3904,665914007,3904,666074245
3904,667134800,3904,667433644
3904,668544273,3904,668753529
3904,669842845,3904,670070241
3904,671165637,3904,671377292
3904,672497892,3904,672737812
3904,673830401,3904,674026173
3904,675098974,3904,675300859
3904,676403692,3904,676579680
3904,677641205,3904,677803233
3904,678864238,3904,679031613
3904,680101858,3904,680256353
3904,681317719,3904,681479916
3904,682540719,3904,682709970
3904,683770696,3904,683933561
3904,685025994,3904,685184071
3904,686245047,3904,686415912
3904,687476281,3904,687728771
3904,688865869,3904,689099005
3904,690194268,3904,690418168
3904,691499074,3904,691696473
3904,692799172,3904,692995818
3904,694058990,3904,694218957
3904,695279843,3904,695438880
3904,696500343,3904,696650293
3904,697711416,3904,697869923
3904,698930795,3904,699077933
3904,700162238,3904,700320593
3904,701380802,3904,701529179
3904,702589178,3904,702748872
3904,703808845,3904,703954595
3904,705047888,3904,705173302
3904,706234167,3904,706371254
3904,707439163,3904,707592971
3904,708678340,3904,708817368
3904,709877470,3904,710220072
3904,711280994,3904,711533464
3904,712653525,3904,712879178
3904,713975031,3904,714188634
3904,715285210,3904,715523240
3904,716645080,3904,716888340
3904,717977570,3904,718159001
3904,719238991,3904,719430142
3904,720503348,3904,720650092
3904,721711018,3904,721867182
3904,722928014,3904,723080288
3904,724145067,3904,724275078
3904,725336060,3904,725482894
3904,726543756,3904,726700634
3904,727760812,3904,727907376
3904,728977825,3904,729119019
3904,730178991,3904,730319315
3904,731379267,3904,731530038
3904,732639798,3904,732782715
3904,733843801,3904,733982408
3904,735043217,3904,735199931
3904,736277507,3904,736516031
3904,737601150,3904,737820779
3904,738906729,3904,739131362
3904,740237302,3904,740467641
3904,741552674,3904,741777797
3904,742851126,3904,743047348
3904,744133601,3904,744314069
3904,745376991,3904,745525125
3904,746587784,3904,746739622
3904,747800370,3904,747965548
3904,749050664,3904,749201718
3904,750262397,3904,750417618
3904,751484774,3904,751635802
3904,752734621,3904,752882569
3904,753943184,3904,754086335
3904,755153974,3904,755300115
3904,756385024,3904,756544392
3904,757605017,3904,757756568
3904,758817150,3904,758975931
3904,760045710,3904,760205211
3904,761266017,3904,761486873
3904,762585039,3904,762814089
3904,763902872,3904,764153755
3904,765243395,3904,765488221
3904,766580991,3904,766833785
3904,767906834,3904,768113396
3904,769186795,3904,769388400
3904,770451303,3904,770621488
3904,771682723,3904,771845717
3904,772922057,3904,773083065
3904,774143954,3904,774300121
3904,775367877,3904,775535278
3904,776595614,3904,776766038
3904,777826114,3904,777993448
3904,779053493,3904,779214328
3904,780299921,3904,780474659
3904,781543561,3904,781713936
3904,782781855,3904,782957159
3904,784048996,3904,784195860
3904,785256162,3904,785411576
3904,786471812,3904,786729206
3904,787824556,3904,788055758
3904,789140675,3904,789369458
3904,790455310,3904,790701314
3904,791793186,3904,792052027
3904,793132410,3904,793327491
3904,794396317,3904,794589639
3904,795652352,3904,795817703
3904,796910113,3904,797076700
3904,798137866,3904,798281373
3904,799342229,3904,799513126
3904,800590973,3904,800743110
3904,801804076,3904,801967523
3904,803028389,3904,803193187
3904,804299024,3904,804450548
3904,805510593,3904,805670834
3904,806730946,3904,806893687
3904,807953613,3904,808113090
3904,809173482,3904,809326703
3904,810394512,3904,810561450
3904,811622006,3904,811847365
3904,812973079,3904,813206979
3904,814298245,3904,814535005
3904,815632365,3904,815858931
3904,816966771,3904,817195431
3904,818285974,3904,818524160
3904,819607663,3904,819794288
3904,820899021,3904,821079453
3904,822142232,3904,822276962
3904,823337947,3904,823489885
3904,824561474,3904,824696564
3904,825757437,3904,825907751
3904,826968473,3904,827139244
3904,828231460,3904,828366434
3904,829427220,3904,829578904
3904,830639586,3904,830799440
3904,831859719,3904,832011743
3904,833071836,3904,833225713
3904,834285669,3904,834440679
3904,835500638,3904,835649732
3904,836726435,3904,836976955
3904,838061755,3904,838255737
3904,839342392,3904,839575099
3904,840685106,3904,840902135
3904,841987451,3904,842182960
3904,843256239,3904,843456538
3904,844583612,3904,844757980
3904,845820876,3904,845977133
3904,847038292,3904,847204276
3904,848267772,3904,848403539
3904,849464421,3904,849628559
3904,850689318,3904,850844072
3904,851904721,3904,852065772
3904,853126487,3904,853282745
3904,854343464,3904,854498661
3904,855558797,3904,855709757
3904,856769883,3904,856922720
3904,857983373,3904,858098599
3904,859159158,3904,859308859
3904,860386438,3904,860541129
3904,861601998,3904,861828961
3904,862921320,3904,863145660
3904,864262620,3904,864496473
3904,865582303,3904,865827036
3904,866912502,3904,867174653
3904,868273546,3904,868477055
3904,869547520,3904,869751646
3904,870820178,3904,871028901
3904,872093070,3904,872235414
3904,873296226,3904,873474084
3904,874534636,3904,874713794
3904,875774356,3904,875919764
3904,877005443,3904,877140753
3904,878201636,3904,878327379
3904,879388101,3904,879536549
3904,880621225,3904,880733835
3904,881802284,3904,881952191
3904,883013037,3904,883163168
3904,884240460,3904,884391817
3904,885451820,3904,885596510
3904,886656352,3904,886857208
3904,887946084,3904,888139446
3904,889230259,3904,889434821
3904,890530451,3904,890742863
3904,891834026,3904,892061506
3904,893137619,3904,893297339
3904,894377352,3904,894550887
3904,895620440,3904,895763260
3904,896848340,3904,896990337
3904,898051339,3904,898160965
3904,899221647,3904,899355918
3904,900419920,3904,900546383
3904,901607205,3904,901741383
3904,902809218,3904,902950299
3904,904049036,3904,904171605
3904,905231704,3904,905356051
3904,906416873,3904,906560097
3904,907627966,3904,907776463
3904,908868453,3904,908985909
3904,910046945,3904,910158161
3904,911225867,3904,911449856
3904,912569967,3904,912763605
3904,913856772,3904,914064788
3904,915166368,3904,915384790
3904,916493667,3904,916693079
3904,917772112,3904,917948086
3904,919027049,3904,919206371
3904,920281327,3904,920437167
3904,921499973,3904,921633777
3904,922694662,3904,922822456
3904,923883305,3904,924018722
3904,925094738,3904,925206954
3904,926267772,3904,926395296
3904,927456158,3904,927581921
3904,928681991,3904,928786221
3904,929847100,3904,929982330
3904,931042662,3904,931174689
3904,932251342,3904,932363368
3904,933423367,3904,933547414
3904,934614476,3904,934749636
3904,935809665,3904,936021331
3904,937122721,3904,937311573
3904,938396032,3904,938593961
3904,939675000,3904,939885263
3904,940983742,3904,941183555
3904,942256844,3904,942413271
3904,943482330,3904,943634138
3904,944720437,3904,944869415
3904,945932237,3904,946045670
3904,947106776,3904,947242483
3904,948306879,3904,948412635
3904,949473577,3904,949598324
3904,950659083,3904,950796626
3904,951858835,3904,951958028
3904,953043898,3904,953154257
3904,954224500,3904,954336796
3904,955397751,3904,955525601
3904,956610644,3904,956726494
3904,957787419,3904,957928363
3904,958988929,3904,959116866
3904,960193865,3904,960378363
3904,961461949,3904,961647461
3904,962728297,3904,962949157
3904,964066607,3904,964266942
3904,965358105,3904,965589418
3904,966662724,3904,966841952
3904,967910882,3904,968079653
3904,969148235,3904,969313800
3904,970376692,3904,970517046
3904,971577978,3904,971718945
3904,972788901,3904,972929418
3904,973990217,3904,974122560
3904,975183299,3904,975323279
3904,976409046,3904,976535822
3904,977596681,3904,977725621
3904,978793147,3904,978920407
3904,979980313,3904,980156561
3904,981216887,3904,981348523
3904,982408296,3904,982548623
3904,983608389,3904,983739692
3904,984824985,3904,984978409
3904,986071159,3904,986259657
3904,987354983,3904,987575923
3904,988704413,3904,988888275
3904,989990415,3904,990179787
3904,991263006,3904,991445828
3904,992541674,3904,992699796
3904,993777768,3904,993939926
3904,995002608,3904,995134862
3904,996204677,3904,996307310
3904,997367193,3904,997492426
3904,998559311,3904,998686198
3904,999745850,3904,999875331
3905,000957836,3905,001066016
3905,002127598,3905,002224724
3905,003292634,3905,003406693
3905,004486159,3905,004590475
3905,005651301,3905,005776064
3905,006836663,3905,006966053
3905,008065366,3905,008198720
3905,009258866,3905,009451534
3905,010553354,3905,010765873
3905,011858306,3905,012076816
3905,013166932,3905,013387668
3905,014478231,3905,014708707
3905,015792604,3905,015931741
3905,017011080,3905,017211228
3905,018294531,3905,018474319
3905,019554972,3905,019723093
3905,020811843,3905,020976944
3905,022039860,3905,022151513
3905,023212645,3905,023340472
3905,024440739,3905,024552625
3905,025613594,3905,025730750
3905,026791455,3905,026918026
3905,027978664,3905,028128922
3905,029190051,3905,029313744
3905,030381173,3905,030501303
3905,031561288,3905,031693862
3905,032764015,3905,032871438
3905,033931200,3905,034106301
3905,035196214,3905,035401033
3905,036519437,3905,036719589
3905,037801792,3905,037997940
3905,039084120,3905,039287189
3905,040378012,3905,040537599
3905,041606765,3905,041770870
3905,042839265,3905,043005293
3905,044084913,3905,044217756
3905,045278061,3905,045386624
3905,046446907,3905,046582277
3905,047642569,3905,047775046
3905,048835985,3905,048961088
3905,050021954,3905,050142397
3905,051203162,3905,051345396
3905,052424423,3905,052552196
3905,053636999,3905,053755946
3905,054816161,3905,054941024
3905,056033811,3905,056162441
3905,057223120,3905,057350106
3905,058410672,3905,058612801
3905,059697043,3905,059908046
3905,061021856,3905,061238585
3905,062323201,3905,062550011
3905,063661638,3905,063898961
3905,064996841,3905,065137715
3905,066206840,3905,066356645
3905,067426881,3905,067593685
3905,068681935,3905,068825552
3905,069886497,3905,070017034
3905,071077763,3905,071216033
3905,072293666,3905,072435763
3905,073496632,3905,073627359
3905,074687941,3905,074825202
3905,075892487,3905,076040915
3905,077100767,3905,077228227
3905,078287966,3905,078429616
3905,079489375,3905,079628739
3905,080722188,3905,080831145
3905,081891734,3905,082014754
3905,083075133,3905,083267878
3905,084367391,3905,084557519
3905,085651796,3905,085865039
3905,086960132,3905,087182871
3905,088296085,3905,088488526
3905,089568009,3905,089721360
3905,090799856,3905,090975434
3905,092062743,3905,092200814
3905,093263270,3905,093399793
3905,094467579,3905,094616350
3905,095677045,3905,095804369
3905,096897688,3905,097014542
3905,098075224,3905,098198574
3905,099258706,3905,099398013
3905,100504409,3905,100629943
3905,101689729,3905,101818725
3905,102885681,3905,103044452
3905,104136552,3905,104273305
3905,105333134,3905,105476418
3905,106536247,3905,106671424
3905,107732489,3905,107936015
3905,109066919,3905,109432623
3905,110522359,3905,110724228
3905,111821454,3905,112044547
3905,113149273,3905,113364266
3905,114467713,3905,114661008
3905,115738114,3905,115915579
3905,117015766,3905,117177290
3905,118247052,3905,118362565
3905,119423327,3905,119549171
3905,120626900,3905,120737573
3905,121805436,3905,121943006
3905,123011912,3905,123146038
3905,124223471,3905,124339491
3905,125407254,3905,125538017
3905,126598522,3905,126730193
3905,127790174,3905,127913345
3905,128997124,3905,129105127
3905,130172079,3905,130278776
3905,131345728,3905,131481992
3905,132558528,3905,132729756
3905,133820799,3905,134025364
3905,135111881,3905,135307039
3905,136413296,3905,136620492
3905,137708121,3905,137900810
3905,138976455,3905,139133260
3905,140220246,3905,140381510
3905,141450210,3905,141599194
3905,142668749,3905,142790669
3905,143858398,3905,143997839
3905,145083989,3905,145203702
3905,146264647,3905,146388744
3905,147449443,3905,147588643
3905,148681256,3905,148796536
3905,149857152,3905,149985978
3905,151053754,3905,151179887
3905,152258547,3905,152384913
3905,153445602,3905,153570012
3905,154630621,3905,154758035
3905,155826784,3905,155959584
3905,157045367,3905,157214732
3905,158303871,3905,158505623
3905,159590589,3905,159808649
3905,160929669,3905,161128921
3905,162213560,3905,162421506
3905,163489082,3905,163709458
3905,164806481,3905,164975433
3905,166049892,3905,166207839
3905,167276302,3905,167442253
3905,168506445,3905,168648156
3905,169709004,3905,169846638
3905,170907394,3905,171037670
3905,172123197,3905,172258264
3905,173335183,3905,173466333
3905,174534116,3905,174665953
3905,175726702,3905,175873026
3905,176958762,3905,177090165
3905,178151088,3905,178280161
3905,179347480,3905,179485344
3905,180562399,3905,180707410
3905,181767529,3905,181955377
3905,183045491,3905,183251196
3905,184374163,3905,184579529
3905,185666758,3905,185839690
3905,186931343,3905,187155773
3905,188264706,3905,188452584
3905,189527973,3905,189676414
3905,190751606,3905,190914655
3905,191984274,3905,192133864
3905,193195033,3905,193319263
3905,194380072,3905,194505575
3905,195566341,3905,195706338
3905,196806141,3905,196943625
3905,198004414,3905,198126634
3905,199194283,3905,199326906
3905,200411029,3905,200548966
3905,201615995,3905,201745335
3905,202828428,3905,202946065
3905,204030278,3905,204157175
3905,205217103,3905,205338260
3905,206398162,3905,206587370
3905,207679156,3905,207903199
3905,209018110,3905,209242232
3905,210338632,3905,210501007
3905,211597280,3905,211817509
3905,212919429,3905,213072960
3905,214153929,3905,214309847
3905,215389893,3905,215564945
3905,216646024,3905,216764461
3905,217832686,3905,217959523
3905,219027422,3905,219151272
3905,220214335,3905,220310837
3905,221371416,3905,221491119
3905,222551378,3905,222675298
3905,223742467,3905,223864030
3905,224955406,3905,225056039
3905,226123068,3905,226230691
3905,227290750,3905,227414570
3905,228491153,3905,228608849
3905,229675955,3905,229806512
3905,230874567,3905,231083093
3905,232193107,3905,232386215
3905,233470015,3905,233670133
3905,234755983,3905,234952968
3905,236054622,3905,236273901
3905,237347203,3905,237504381
3905,238581527,3905,238738898
3905,239816510,3905,239986159
3905,241055978,3905,241184954
3905,242246043,3905,242354846
3905,243415718,3905,243540515
3905,244633565,3905,244735511
3905,245796210,3905,245909730
3905,246985319,3905,247122466
3905,248215589,3905,248334606
3905,249396525,3905,249526481
3905,250587027,3905,250712214
3905,251779593,3905,251908336
3905,253006519,3905,253130449
3905,254190201,3905,254295054
3905,255355987,3905,255562419
3905,256698176,3905,256890928
3905,257980631,3905,258187527
3905,259282106,3905,259512639
3905,260610582,3905,260793850
3905,261866640,3905,262029804
3905,263101263,3905,263263891
3905,264352584,3905,264496641
3905,265557860,3905,265702361
3905,266763177,3905,266902164
3905,267962942,3905,268136554
3905,269199089,3905,269331687
3905,270392195,3905,270524169
3905,271591601,3905,271722892
3905,272814668,3905,272944411
3905,274005507,3905,274128400
3905,275189482,3905,275330603
3905,276414365,3905,276543042
3905,277603098,3905,277737745
3905,278797570,3905,278928677
3905,279989659,3905,280195335
3905,281288261,3905,281491797
3905,282593843,3905,282793562
3905,283877188,3905,284089908
3905,285176960,3905,285366739
3905,286443312,3905,286627683
3905,287701746,3905,287871444
3905,288964744,3905,289120475
3905,290184670,3905,290306453
3905,291368666,3905,291506996
3905,292585679,3905,292715352
3905,293776141,3905,293910925
3905,294971377,3905,295105444
3905,296204874,3905,296346141
3905,297406933,3905,297526053
3905,298586858,3905,298725159
3905,299785984,3905,299923114
3905,301007844,3905,301145011
3905,302205803,3905,302313969
3905,303381835,3905,303516056
3905,304601475,3905,304769216
3905,305867630,3905,306052578
3905,307142725,3905,307347030
3905,308467597,3905,308653336
3905,309743295,3905,309949164
3905,311040580,3905,311207298
3905,312304998,3905,312474939
3905,313550915,3905,313719830
3905,314783595,3905,314917206
3905,315978238,3905,316124752
3905,317194561,3905,317311027
3905,318380040,3905,318512977
3905,319573629,3905,319692779
3905,320769838,3905,320878558
3905,321940667,3905,322055280
3905,323115999,3905,323248306
3905,324326402,3905,324436638
3905,325503827,3905,325621353
3905,326681282,3905,326806049
3905,327866014,3905,327988638
3905,329065097,3905,329257146
3905,330347269,3905,330552441
3905,331641524,3905,331857800
3905,332967590,3905,333170442
3905,334251555,3905,334442760
3905,335516692,3905,335673123
3905,336760063,3905,336914467
3905,337983226,3905,338138557
3905,339208193,3905,339342676
3905,340405725,3905,340515815
3905,341576537,3905,341707654
3905,342768246,3905,342904960
3905,343965629,3905,344098822
3905,345167628,3905,345292508
3905,346353157,3905,346474144
3905,347534916,3905,347657922
3905,348750472,3905,348869832
3905,349930704,3905,350047204
3905,351109176,3905,351240183
3905,352324259,3905,352439752
3905,353499611,3905,353689610
3905,354778213,3905,354975391
3905,356096142,3905,356313595
3905,357405454,3905,357625103
3905,358716450,3905,358952466
3905,360050946,3905,360226898
3905,361295887,3905,361460135
3905,362537347,3905,362700835
3905,363763680,3905,363919518
3905,364982040,3905,365112817
3905,366180840,3905,366303526
3905,367372068,3905,367512776
3905,368598249,3905,368723632
3905,369783891,3905,369911867
3905,370971876,3905,371109317
3905,372186996,3905,372324390
3905,373400042,3905,373528686
3905,374589521,3905,374730798
3905,375792227,3905,375935471
3905,377012364,3905,377151371
3905,378211270,3905,378399268
3905,379487398,3905,379699100
3905,380829031,3905,381004786
3905,382088388,3905,382271273
3905,383360930,3905,383577963
3905,384693323,3905,384855521
3905,385924463,3905,386076764
3905,387151760,3905,387326121
3905,388413180,3905,388543547
3905,389604529,3905,389731306
3905,390792102,3905,390927092
3905,392025889,3905,392157782
3905,393227148,3905,393351162
3905,394411330,3905,394545631
3905,395605560,3905,395731966
3905,396824423,3905,396951520
3905,398012358,3905,398127905
3905,399195400,3905,399344228
3905,400428197,3905,400548237
3905,401608153,3905,401734613
3905,402794525,3905,402990914
3905,404111827,3905,404333360
3905,405428920,3905,405650446
3905,406754173,3905,406972989
3905,408086735,3905,408296461
3905,409378747,3905,409549169
3905,410623558,3905,410799426
3905,411876102,3905,412051923
3905,413114729,3905,413251383
3905,414319445,3905,414435625
3905,415497684,3905,415631077
3905,416700286,3905,416813609
3905,417875748,3905,417990661
3905,419058194,3905,419180597
3905,420279063,3905,420376369
3905,421436458,3905,421560855
3905,422621657,3905,422743954
3905,423806050,3905,423930756
3905,425008135,3905,425113105
3905,426173214,3905,426281384
3905,427348416,3905,427549164
3905,428663131,3905,428860524
3905,429945196,3905,430120498
3905,431206491,3905,431423830
3905,432525617,3905,432733295
3905,433800854,3905,433992583
3905,435072456,3905,435231907
3905,436318977,3905,436473764
3905,437542640,3905,437697644
3905,438760383,3905,438898753
3905,439959732,3905,440083385
3905,441144308,3905,441261774
3905,442322430,3905,442449650
3905,443510388,3905,443638812
3905,444716508,3905,444833718
3905,445895857,3905,446011950
3905,447079369,3905,447208876
3905,448292618,3905,448411391
3905,449471447,3905,449590870
3905,450650666,3905,450779530
3905,451839445,3905,452059174
3905,453145227,3905,453329715
3905,454418572,3905,454645378
3905,455734340,3905,455966920
3905,457065463,3905,457261992
3905,458335115,3905,458504396
3905,459573495,3905,459739976
3905,460831859,3905,460996960
3905,462066336,3905,462200496
3905,463262732,3905,463404806
3905,464466982,3905,464594912
3905,465655587,3905,465786874
3905,466847510,3905,466976407
3905,468068926,3905,468201620
3905,469263869,3905,469393166
3905,470453808,3905,470593195
3905,471661730,3905,471773657
3905,472850813,3905,472979236
3905,474039072,3905,474159398
3905,475226301,3905,475363848
3905,476440790,3905,476608188
3905,477696802,3905,477894887
3905,478986410,3905,479190762
3905,480319473,3905,480533935
3905,481622181,3905,481832284
3905,482914410,3905,483096695
3905,484200088,3905,484372526
3905,485451825,3905,485613707
3905,486676362,3905,486808786
3905,487870838,3905,488022152
3905,489106998,3905,489223325
3905,490284300,3905,490413117
3905,491475246,3905,491599902
3905,492684295,3905,492796858
3905,493857081,3905,493998331
3905,495058326,3905,495190640
3905,496275430,3905,496401996
3905,497462852,3905,497589309
3905,498651204,3905,498777441
3905,499844914,3905,499982481
3905,501096401,3905,501280326
3905,502375549,3905,502590621
3905,503680488,3905,503884303
3905,504998943,3905,505203275
3905,506297882,3905,506510965
3905,507595991,3905,507767419
3905,508862945,3905,509024569
3905,510110343,3905,510271530
3905,511334202,3905,511470020
3905,512547519,3905,512654475
3905,513715424,3905,513835504
3905,514897503,3905,515032696
3905,516131909,3905,516242886
3905,517303771,3905,517427575
3905,518488477,3905,518616674
3905,519677506,3905,519807873
3905,520893239,3905,520999542
3905,522060361,3905,522167817
3905,523242463,3905,523361679
3905,524438249,3905,524546092
3905,525606017,3905,525782185
3905,526871185,3905,527065470
3905,528171480,3905,528370035
3905,529454162,3905,529649404
3905,530741917,3905,530940902
3905,532031559,3905,532188719
3905,533257968,3905,533401959
3905,534470588,3905,534624505
3905,535687378,3905,535810384
3905,536894964,3905,537013694
3905,538074469,3905,538192012
3905,539252845,3905,539380088
3905,540465484,3905,540583724
3905,541644060,3905,541763366
3905,542823309,3905,542949082
3905,544033731,3905,544159362
3905,545220160,3905,545339964
3905,546400822,3905,546530209
3905,547590978,3905,547719901
3905,548798804,3905,548912464
3905,549980380,3905,550164291
3905,551256184,3905,551463837
3905,552586164,3905,552806207
3905,553895616,3905,554113619
3905,555197782,3905,555421548
3905,556520061,3905,556694313
3905,557764592,3905,557930006
3905,558998458,3905,559171100
3905,560251309,3905,560391593
3905,561452692,3905,561591472
3905,562652264,3905,562784118
3905,563853004,3905,563989181
3905,565081144,3905,565206617
3905,566267509,3905,566404376
3905,567464928,3905,567605656
3905,568683361,3905,568819325
3905,569887818,3905,570009581
3905,571085247,3905,571211957
3905,572288729,3905,572422577
3905,573482532,3905,573624536
3905,574684348,3905,574873537
3905,575962659,3905,576202563
3905,577296326,3905,577514478
3905,578602398,3905,578815824
3905,579905926,3905,580127782
3905,581204955,3905,581361480
3905,582432569,3905,582604317
3905,583680679,3905,583857141
3905,584944124,3905,585079464
3905,586140616,3905,586259743
3905,587320545,3905,587449299
3905,588535941,3905,588639004
3905,589699657,3905,589828363
3905,590890072,3905,591033109
3905,592132192,3905,592263692
3905,593324461,3905,593459409
3905,594520041,3905,594653418
3905,595713943,3905,595850844
3905,596934880,3905,597057663
3905,598118882,3905,598235682
3905,599295501,3905,599488396
3905,600609410,3905,600808255
3905,601900998,3905,602069949
3905,603165233,3905,603374131
3905,604488262,3905,604692690
3905,605789410,3905,605962362
3905,607040998,3905,607199459
3905,608295572,3905,608453090
3905,609517165,3905,609621255
3905,610700424,3905,610822161
3905,611883323,3905,612018546
3905,613094819,3905,613199535
3905,614260597,3905,614381511
3905,615441650,3905,615560000
3905,616652323,3905,616753305
3905,617814157,3905,617941611
3905,619002293,3905,619124557
3905,620202442,3905,620308529
3905,621369861,3905,621489377
3905,622550576,3905,622680876
3905,623742852,3905,623936597
3905,625051268,3905,625222872
3905,626308235,3905,626504737
3905,627585817,3905,627793169
3905,628900939,3905,629091831
3905,630164923,3905,630314004
3905,631383076,3905,631544801
3905,632631414,3905,632779834
3905,633842557,3905,633941999
3905,635002931,3905,635073797
3905,636135402,3905,636227218
3905,637295097,3905,637404410
3905,638464932,3905,638562431
3905,639637891,3905,639734880
3905,640801866,3905,640921932
3905,641981878,3905,642090854
3905,643150730,3905,643279349
3905,644340258,3905,644446011
3905,645506554,3905,645620100
3905,646680482,3905,646803919
3905,647872178,3905,648094901
3905,649188087,3905,649385439
3905,650476962,3905,650702665
3905,651797618,3905,652042038
3905,653130734,3905,653345470
3905,654418529,3905,654587834
3905,655661263,3905,655832381
3905,656928367,3905,657071098
3905,658132957,3905,658244300
3905,659320239,3905,659453576
3905,660532196,3905,660650772
3905,661711534,3905,661837761
3905,662898397,3905,663041724
3905,664141074,3905,664270781
3905,665330906,3905,665463146
3905,666529975,3905,666663305
3905,667730194,3905,667881618
3905,668965888,3905,669096611
3905,670156604,3905,670273827
3905,671340666,3905,671471783
3905,672562699,3905,672737804
3905,673826314,3905,674032986
3905,675116682,3905,675306320
3905,676437818,3905,676641247
3905,677732513,3905,677930285
3905,679003471,3905,679167545
3905,680271835,3905,680436013
3905,681509086,3905,681660313
3905,682723032,3905,682851386
3905,683912238,3905,684044282
3905,685105107,3905,685222734
3905,686283409,3905,686424503
3905,687486418,3905,687622515
3905,688730372,3905,688852205
3905,689912914,3905,690027440
3905,691088196,3905,691224013
3905,692309393,3905,692438036
3905,693498185,3905,693627472
3905,694687387,3905,694801670
3905,695861546,3905,695975232
3905,697060322,3905,697233777
3905,698329753,3905,698557836
3905,699654479,3905,699869742
3905,700990669,3905,701153880
3905,702251247,3905,702413518
3905,703506397,3905,703666855
3905,704765185,3905,704919805
3905,705993508,3905,706144372
3905,707207027,3905,707334088
3905,708399180,3905,708493399
3905,709554391,3905,709666461
3905,710727270,3905,710866184
3905,711926963,3905,712047423
3905,713107722,3905,713228895
3905,714297367,3905,714412084
3905,715472876,3905,715610000
3905,716687546,3905,716803642
3905,717865734,3905,717985638
3905,719063447,3905,719186923
3905,720264666,3905,720375706
3905,721436615,3905,721622330
3905,722707049,3905,722903124
3905,723988961,3905,724227584
3905,725308707,3905,725529610
3905,726612105,3905,726812265
3905,727885750,3905,728050165
3905,729119360,3905,729266654
3905,730335270,3905,730488058
3905,731558950,3905,731687897
3905,732765563,3905,732874719
3905,733936764,3905,734038831
3905,735099546,3905,735221749
3905,736314239,3905,736430562
3905,737491998,3905,737605601
3905,738665783,3905,738790620
3905,739851279,3905,739974878
3905,741046381,3905,741170825
3905,742231543,3905,742354563
3905,743422099,3905,743552613
3905,744643695,3905,744755575
3905,745815397,3905,746004793
3905,747104136,3905,747320248
3905,748458046,3905,748658978
3905,749754641,3905,749981874
3905,751055013,3905,751227301
3905,752325898,3905,752497136
3905,753571875,3905,753732529
3905,754802165,3905,754939272
3905,756049239,3905,756188673
3905,757249722,3905,757377379
3905,758438111,3905,758571724
3905,759632423,3905,759765951
3905,760841500,3905,760969370
3905,762030068,3905,762149265
3905,763219127,3905,763358251
3905,764449978,3905,764577621
3905,765637516,3905,765757773
3905,766817618,3905,766953712
3905,768037672,3905,768181952
3905,769241861,3905,769374518
3905,770436691,3905,770627946
3905,771717792,3905,771923801
3905,773046875,3905,773228497
3905,774318573,3905,774522725
3905,775619815,3905,775828937
3905,776930920,3905,777089801
3905,778162954,3905,778319138
3905,779392420,3905,779567612
3905,780655938,3905,780788408
3905,781849430,3905,781985071
3905,783045733,3905,783172393
3905,784242839,3905,784354969
3905,785415574,3905,785564315
3905,786624257,3905,786763004
3905,787822743,3905,787942553
3905,789049297,3905,789171530
3905,790232202,3905,790352938
3905,791414764,3905,791550528
3905,792634754,3905,792764108
3905,793823903,3905,793941006
3905,795001528,3905,795186027
3905,796304024,3905,796527633
3905,797619880,3905,797824698
3905,798917575,3905,799146241
3905,800253658,3905,800459360
3905,801538442,3905,801708101
3905,802786106,3905,802953004
3905,804042934,3905,804200331
3905,805262997,3905,805385814
3905,806446646,3905,806573386
3905,807634248,3905,807759162
3905,808828624,3905,808939077
3905,810001199,3905,810105819
3905,811173618,3905,811294642
3905,812386004,3905,812482067
3905,813542066,3905,813667332
3905,814727251,3905,814865928
3905,815927677,3905,816042077
3905,817126626,3905,817232506
3905,818293248,3905,818422212
3905,819482900,3905,819680423
3905,820779423,3905,820967818
3905,822056237,3905,822235425
3905,823324532,3905,823538474
3905,824639714,3905,824809202
3905,825882324,3905,826026305
3905,827095554,3905,827253312
3905,828372172,3905,828523286
3905,829585892,3905,829712372
3905,830774294,3905,830895544
3905,831956273,3905,832082020
3905,833142962,3905,833255928
3905,834316684,3905,834440421
3905,835500593,3905,835635466
3905,836720136,3905,836825402
3905,837885384,3905,837999054
3905,839067793,3905,839193846
3905,840278506,3905,840392146
3905,841452811,3905,841569235
3905,842636477,3905,842764137
3905,843823986,3905,844027008
3905,845111537,3905,845292486
3905,846377418,3905,846591091
3905,847681134,3905,847883839
3905,849004603,3905,849232683
3905,850310902,3905,850482053
3905,851551019,3905,851721614
