3888,708603035,3888,708788208
3888,709348992,3888,709560062
3888,710081246,3888,710234845
3888,710751875,3888,710940231
3888,711460111,3888,711650531
3888,712174385,3888,712322727
3888,712806541,3888,712921856
3888,713402854,3888,713524376
3888,714005034,3888,714100362
3888,714581093,3888,714742129
3888,715222740,3888,715366165
3888,715846833,3888,715990315
3888,716474220,3888,716588848
3888,717069070,3888,717196642
3888,717676436,3888,717810922
3888,718290876,3888,718402871
3888,718890059,3888,719039035
3888,719518883,3888,719665439
3888,720148844,3888,720308498
3888,720804750,3888,721018013
3888,721499881,3888,721658282
3888,722139473,3888,722281741
3888,722762662,3888,722928040
3888,723409242,3888,723563085
3888,724044798,3888,724165821
3888,724646542,3888,724792906
3888,725273603,3888,725413527
3888,725894251,3888,726024682
3888,726505359,3888,726647416
3888,727128010,3888,727266494
3888,727746541,3888,727884882
3888,728368520,3888,728485883
3888,728966008,3888,729095358
3888,729575362,3888,729722034
3888,730202215,3888,730300581
3888,730787792,3888,730930277
3888,731410334,3888,731528821
3888,732026936,3888,732159563
3888,732639473,3888,732836899
3888,733331316,3888,733511077
3888,733993114,3888,734117494
3888,734599128,3888,734815134
3888,735331238,3888,735563721
3888,736105576,3888,736315592
3888,736829289,3888,737041759
3888,737553519,3888,737774352
3888,738276609,3888,738431877
3888,738913967,3888,739065037
3888,739553024,3888,739692885
3888,740199222,3888,740325025
3888,740805668,3888,740931518
3888,741411478,3888,741544092
3888,742031058,3888,742150025
3888,742636918,3888,742793486
3888,743273395,3888,743406289
3888,743886825,3888,744052660
3888,744556070,3888,744656556
3888,745135475,3888,745256395
3888,745742202,3888,745873385
3888,746488702,3888,746633226
3888,747112116,3888,747302084
3888,747792704,3888,747952481
3888,748444602,3888,748558588
3888,749039761,3888,749187822
3888,749668785,3888,749809289
3888,750290092,3888,750430939
3888,750911708,3888,751067409
3888,751548149,3888,751699247
3888,752204703,3888,752316360
3888,752797263,3888,752935656
3888,753416113,3888,753548893
3888,754029656,3888,754173367
3888,754653340,3888,754792037
3888,755271993,3888,755403120
3888,755883076,3888,756083342
3888,756564532,3888,756695565
3888,757176735,3888,757300765
3888,757780588,3888,757900525
3888,758381541,3888,758525962
3888,759006628,3888,759148839
3888,759628792,3888,759817253
3888,760310401,3888,760454028
3888,760936211,3888,761076868
3888,761557888,3888,761687344
3888,762168258,3888,762284471
3888,762765557,3888,762914528
3888,763395195,3888,763537502
3888,764043409,3888,764178889
3888,764659565,3888,764782595
3888,765263198,3888,765421856
3888,765932963,3888,766052303
3888,766533373,3888,766683544
3888,767164380,3888,767297020
3888,767777647,3888,767925534
3888,768423227,3888,768548924
3888,769028804,3888,769151174
3888,769631154,3888,769769674
3888,770249467,3888,770374250
3888,770853893,3888,770998394
3888,771478200,3888,771617144
3888,772114241,3888,772302539
3888,772792343,3888,772946157
3888,773428617,3888,773584624
3888,774065777,3888,774202758
3888,774683757,3888,774855446
3888,775336299,3888,775484046
3888,775964472,3888,776134251
3888,776616520,3888,776763554
3888,777244417,3888,777391228
3888,777871854,3888,778009612
3888,778490198,3888,778646049
3888,779126605,3888,779287543
3888,779767759,3888,779913160
3888,780410313,3888,780551454
3888,781031304,3888,781177781
3888,781658001,3888,781788081
3888,782267657,3888,782404394
3888,782884240,3888,783030154
3888,783509771,3888,783649608
3888,784146598,3888,784284478
3888,784764118,3888,784944240
3888,785433450,3888,785585170
3888,786067340,3888,786200577
3888,786681587,3888,786856198
3888,787344465,3888,787499772
3888,787980682,3888,788150170
3888,788638086,3888,788756927
3888,789237800,3888,789362650
3888,789843246,3888,789977643
3888,790458336,3888,790606540
3888,791094543,3888,791242284
3888,791729524,3888,791875041
3888,792359048,3888,792469051
3888,792948791,3888,793086481
3888,793566280,3888,793705024
3888,794184827,3888,794291794
3888,794771900,3888,794918271
3888,795405294,3888,795551708
3888,796063148,3888,796194705
3888,796674612,3888,796790978
3888,797270825,3888,797463383
3888,797952733,3888,798084907
3888,798567073,3888,798724544
3888,799205501,3888,799350001
3888,799831041,3888,799972288
3888,800478042,3888,800597785
3888,801078565,3888,801216292
3888,801703752,3888,801828542
3888,802309108,3888,802453552
3888,802934192,3888,803076739
3888,803557196,3888,803697286
3888,804194593,3888,804328090
3888,804815593,3888,804937829
3888,805417662,3888,805531875
3888,806011875,3888,806126552
3888,806606525,3888,806747038
3888,807227178,3888,807357902
3888,807837898,3888,807962775
3888,808450115,3888,808579335
3888,809059158,3888,809190052
3888,809669841,3888,809871650
3888,810361200,3888,810550345
3888,811032315,3888,811175706
3888,811656769,3888,811787279
3888,812293193,3888,812429803
3888,812910483,3888,813038210
3888,813518819,3888,813658966
3888,814138860,3888,814278127
3888,814758916,3888,814907050
3888,815387524,3888,815536424
3888,816032471,3888,816159905
3888,816640311,3888,816755264
3888,817242531,3888,817374174
3888,817854067,3888,818006838
3888,818486634,3888,818643002
3888,819122832,3888,819275343
3888,819755202,3888,819894003
3888,820390766,3888,820529327
3888,821009033,3888,821142290
3888,821646480,3888,821780247
3888,822260104,3888,822458385
3888,822947765,3888,823110657
3888,823592623,3888,823743270
3888,824227793,3888,824348707
3888,824829406,3888,824961553
3888,825442240,3888,825577417
3888,826064783,3888,826182910
3888,826663470,3888,826838594
3888,827319494,3888,827466548
3888,827947025,3888,828096882
3888,828601289,3888,828727756
3888,829208342,3888,829355840
3888,829836273,3888,829998817
3888,830479360,3888,830641654
3888,831122151,3888,831251951
3888,831739307,3888,831891908
3888,832396855,3888,832536746
3888,833016532,3888,833170020
3888,833649713,3888,833786137
3888,834265923,3888,834400717
3888,834880350,3888,835079618
3888,835568782,3888,835737296
3888,836251810,3888,836380467
3888,836861980,3888,836995420
3888,837483457,3888,837622594
3888,838103557,3888,838244924
3888,838725864,3888,838884228
3888,839364878,3888,839505565
3888,839993438,3888,840160806
3888,840649180,3888,840788370
3888,841268980,3888,841408017
3888,841888757,3888,842019234
3888,842499997,3888,842652594
3888,843140417,3888,843287161
3888,843767291,3888,843914228
3888,844425356,3888,844556693
3888,845036749,3888,845158706
3888,845638539,3888,845776696
3888,846256629,3888,846378452
3888,846865562,3888,847017149
3888,847497082,3888,847686561
3888,848200165,3888,848333182
3888,848815511,3888,848949185
3888,849430432,3888,849557992
3888,850038851,3888,850171372
3888,850659281,3888,850807235
3888,851287552,3888,851417992
3888,851898775,3888,852048773
3888,852529582,3888,852677316
3888,853158086,3888,853297283
3888,853785180,3888,853923747
3888,854404290,3888,854531193
3888,855011737,3888,855151474
3888,855631983,3888,855773040
3888,856256540,3888,856365887
3888,856845900,3888,856983727
3888,857470830,3888,857608570
3888,858088444,3888,858192036
3888,858672113,3888,858804323
3888,859284090,3888,859436380
3888,859916397,3888,860110799
3888,860600336,3888,860753900
3888,861235759,3888,861370213
3888,861851509,3888,862005864
3888,862486737,3888,862645354
3888,863126084,3888,863273691
3888,863754394,3888,863907972
3888,864405242,3888,864540055
3888,865020582,3888,865161126
3888,865641645,3888,865789256
3888,866269742,3888,866412743
3888,866893302,3888,867058421
3888,867538827,3888,867663357
3888,868167474,3888,868299591
3888,868779330,3888,868918524
3888,869398247,3888,869531204
3888,870010874,3888,870139244
3888,870618907,3888,870765825
3888,871245388,3888,871362621
3888,871842214,3888,871981338
3888,872464484,3888,872627925
3888,873117192,3888,873277986
3888,873759803,3888,873906717
3888,874387940,3888,874524164
3888,875004990,3888,875162234
3888,875643181,3888,875791818
3888,876298192,3888,876439392
3888,876919495,3888,877053363
3888,877557596,3888,877706930
3888,878187717,3888,878311033
3888,878791666,3888,878950800
3888,879431303,3888,879588654
3888,880069598,3888,880203021
3888,880682934,3888,880821348
3888,881301258,3888,881439645
3888,881919541,3888,882048714
3888,882528637,3888,882691309
3888,883171085,3888,883324856
3888,883804752,3888,883941309
3888,884438656,3888,884586470
3888,885066343,3888,885255948
3888,885744972,3888,885877645
3888,886359655,3888,886494269
3888,886982568,3888,887118289
3888,887599062,3888,887725635
3888,888206689,3888,888327409
3888,888807642,3888,888942759
3888,889423448,3888,889564895
3888,890045448,3888,890152831
3888,890633358,3888,890789492
3888,891269952,3888,891409389
3888,891889488,3888,892061390
3888,892541346,3888,892673270
3888,893160233,3888,893296744
3888,893783657,3888,893917594
3888,894397334,3888,894524500
3888,895004113,3888,895151444
3888,895631097,3888,895792318
3888,896296388,3888,896428995
3888,896908788,3888,897031778
3888,897518645,3888,897696376
3888,898185556,3888,898312633
3888,898794646,3888,898940447
3888,899421790,3888,899568697
3888,900081834,3888,900202124
3888,900690351,3888,900825091
3888,901305171,3888,901440795
3888,901921481,3888,902052762
3888,902533845,3888,902690675
3888,903178435,3888,903325889
3888,903806539,3888,903929149
3888,904419456,3888,904529739
3888,905009718,3888,905139875
3888,905619902,3888,905757429
3888,906244849,3888,906342548
3888,906830911,3888,906913477
3888,907393563,3888,907512433
3888,907992406,3888,908148033
3888,908628127,3888,908752727
3888,909237787,3888,909375177
3888,909855174,3888,910053949
3888,910543165,3888,910703967
3888,911186230,3888,911321023
3888,911802127,3888,911936623
3888,912435357,3888,912578631
3888,913059587,3888,913199855
3888,913687628,3888,913830955
3888,914318398,3888,914449505
3888,914930121,3888,915080572
3888,915561192,3888,915698759
3888,916195812,3888,916321202
3888,916801032,3888,916932232
3888,917420055,3888,917536375
3888,918022158,3888,918153595
3888,918634155,3888,918789039
3888,919269609,3888,919409573
3888,919889689,3888,920033323
3888,920512966,3888,920647327
3888,921127500,3888,921251276
3888,921738259,3888,921849036
3888,922328859,3888,922525554
3888,923014861,3888,923170675
3888,923653062,3888,923793999
3888,924308133,3888,924467134
3888,924948220,3888,925095608
3888,925576394,3888,925724388
3888,926204441,3888,926338158
3888,926818848,3888,926975002
3888,927455415,3888,927598192
3888,928095939,3888,928245900
3888,928726610,3888,928864563
3888,929352137,3888,929500891
3888,929980741,3888,930123324
3888,930603277,3888,930757162
3888,931237018,3888,931383982
3888,931863785,3888,932039473
3888,932519589,3888,932647416
3888,933143063,3888,933291803
3888,933772606,3888,933906287
3888,934387236,3888,934516893
3888,934997537,3888,935192015
3888,935680835,3888,935847173
3888,936332833,3888,936445662
3888,936927009,3888,937069463
3888,937550306,3888,937707467
3888,938195620,3888,938335220
3888,938815237,3888,938964451
3888,939445301,3888,939615352
3888,940128042,3888,940247003
3888,940727789,3888,940858676
3888,941338692,3888,941463252
3888,941951089,3888,942083292
3888,942571279,3888,942708946
3888,943189575,3888,943343883
3888,943823743,3888,943963083
3888,944466927,3888,944600931
3888,945087907,3888,945227818
3888,945707511,3888,945852005
3888,946338858,3888,946474728
3888,946954508,3888,947115086
3888,947602319,3888,947785947
3888,948299571,3888,948436308
3888,948918388,3888,949038875
3888,949527435,3888,949661291
3888,950142324,3888,950265708
3888,950746564,3888,950895038
3888,951375905,3888,951525539
3888,952031496,3888,952159146
3888,952639646,3888,952770326
3888,953258226,3888,953389776
3888,953870086,3888,953991036
3888,954472379,3888,954604466
3888,955084419,3888,955218476
3888,955705529,3888,955829919
3888,956333863,3888,956429522
3888,956909255,3888,957031819
3888,957518879,3888,957664563
3888,958151756,3888,958257362
3888,958744322,3888,958875965
3888,959355848,3888,959495419
3888,959982365,3888,960171100
3888,960659594,3888,960813234
3888,961294144,3888,961449708
3888,961929608,3888,962270141
3888,962756994,3888,962895821
3888,963382588,3888,963519721
3888,963999217,3888,964228314
3888,964710127,3888,964828027
3888,965308743,3888,965434463
3888,965915243,3888,966053283
3888,966541214,3888,966684241
3888,967171927,3888,967318948
3888,967799511,3888,967928418
3888,968412691,3888,968525134
3888,969012131,3888,969142178
3888,969629184,3888,969759314
3888,970239111,3888,970367098
3888,970854221,3888,970998428
3888,971478128,3888,971602921
3888,972122049,3888,972261142
3888,972741115,3888,972913673
3888,973402890,3888,973558274
3888,974040491,3888,974185221
3888,974666381,3888,974825202
3888,975305912,3888,975453436
3888,975934112,3888,976069269
3888,976557739,3888,976698546
3888,977179003,3888,977317993
3888,977798579,3888,977916133
3888,978396726,3888,978541050
3888,979020906,3888,979165260
3888,979644886,3888,979805114
3888,980309964,3888,980443374
3888,980923347,3888,981053398
3888,981533157,3888,981676011
3888,982155834,3888,982296778
3888,982776381,3888,982930489
3888,983410292,3888,983557166
3888,984039002,3888,984143915
3888,984623695,3888,984763599
3888,985243195,3888,985430080
3888,985918923,3888,986070164
3888,986552468,3888,986696495
3888,987185028,3888,987339462
3888,987820542,3888,987962039
3888,988482763,3888,988592196
3888,989095143,3888,989229454
3888,989710387,3888,989866128
3888,990346637,3888,990494721
3888,990975658,3888,991126505
3888,991607018,3888,991741985
3888,992246662,3888,992382502
3888,992863229,3888,992985415
3888,993472769,3888,993626843
3888,994106766,3888,994243179
3888,994722822,3888,994889390
3888,995369263,3888,995514794
3888,995994624,3888,996153598
3888,996633841,3888,996764535
3888,997244471,3888,997381551
3888,997861305,3888,998065120
3888,998554467,3888,998709771
3888,999191827,3888,999304534
3888,999785533,3888,999926534
3889,000408047,3889,000520333
3889,001001506,3889,001142227
3889,001622390,3889,001746630
3889,002227493,3889,002356660
3889,002837220,3889,002992117
3889,003480130,3889,003618494
3889,004102030,3889,004226794
3889,004707394,3889,004839104
3889,005319227,3889,005461104
3889,005940977,3889,006063467
3889,006543464,3889,006667454
3889,007154587,3889,007285197
3889,007765377,3889,007895277
3889,008407358,3889,008502167
3889,008982000,3889,009102186
3889,009582203,3889,009718600
3889,010198506,3889,010377418
3889,010866594,3889,011037216
3889,011518929,3889,011652966
3889,012159203,3889,012288693
3889,012769450,3889,012910483
3889,013390833,3889,013529520
3889,014016603,3889,014144823
3889,014625236,3889,014774804
3889,015254967,3889,015379220
3889,015866797,3889,015992933
3889,016491500,3889,016587536
3889,017067809,3889,017202406
3889,017697056,3889,017815010
3889,018302060,3889,018444997
3889,018924570,3889,019065487
3889,019544980,3889,019696918
3889,020200925,3889,020318108
3889,020797728,3889,020918314
3889,021397857,3889,021521864
3889,022008594,3889,022128164
3889,022607697,3889,022816606
3889,023306179,3889,023495838
3889,023978008,3889,024175636
3889,024657686,3889,024792433
3889,025273406,3889,025413420
3889,025894213,3889,026041164
3889,026521863,3889,026669447
3889,027150000,3889,027292937
3889,027780914,3889,027927091
3889,028425068,3889,028566175
3889,029046142,3889,029183832
3889,029663875,3889,029808439
3889,030288169,3889,030446606
3889,030926686,3889,031080573
3889,031567633,3889,031719877
3889,032199947,3889,032322091
3889,032801964,3889,032947501
3889,033427287,3889,033579041
3889,034059101,3889,034191118
3889,034678268,3889,034839219
3889,035319119,3889,035492353
3889,035981867,3889,036183609
3889,036666662,3889,036795716
3889,037277099,3889,037411322
3889,037892502,3889,038022689
3889,038503642,3889,038645336
3889,039125406,3889,039260082
3889,039740909,3889,039888776
3889,040393920,3889,040542944
3889,041023543,3889,041161277
3889,041641554,3889,041779621
3889,042259821,3889,042414235
3889,042894471,3889,043042162
3889,043521655,3889,043668649
3889,044172356,3889,044318720
3889,044813617,3889,044938697
3889,045419000,3889,045543483
3889,046023699,3889,046155380
3889,046635866,3889,046776823
3889,047257260,3889,047373760
3889,047853486,3889,048042458
3889,048531694,3889,048679551
3889,049161048,3889,049287348
3889,049768268,3889,049910145
3889,050390485,3889,050538026
3889,051018509,3889,051159286
3889,051639662,3889,051769156
3889,052284223,3889,052410137
3889,052893236,3889,052987906
3889,053467972,3889,053607942
3889,054088155,3889,054188761
3889,054669104,3889,054815798
3889,055296141,3889,055427939
3889,055914818,3889,056054869
3889,056535192,3889,056620274
3889,057099940,3889,057232561
3889,057712254,3889,057841824
3889,058321577,3889,058436030
3889,058923020,3889,059067291
3889,059546814,3889,059687394
3889,060183471,3889,060357169
3889,060846949,3889,060985066
3889,061467259,3889,061585952
3889,062067062,3889,062190949
3889,062672662,3889,062822006
3889,063303163,3889,063426946
3889,063907309,3889,064051309
3889,064532382,3889,064658626
3889,065139345,3889,065264806
3889,065745872,3889,065879009
3889,066367146,3889,066503932
3889,066984659,3889,067132190
3889,067613206,3889,067774150
3889,068279521,3889,068381447
3889,068861720,3889,069001203
3889,069489374,3889,069624717
3889,070105284,3889,070228501
3889,070709507,3889,070857444
3889,071338204,3889,071460644
3889,071940887,3889,072089951
3889,072569994,3889,072753956
3889,073243319,3889,073399090
3889,073881136,3889,074027150
3889,074508163,3889,074664265
3889,075144751,3889,075295789
3889,075776582,3889,075936532
3889,076457110,3889,076595650
3889,077075637,3889,077222347
3889,077702957,3889,077856498
3889,078336767,3889,078494515
3889,078974928,3889,079134816
3889,079615112,3889,079782580
3889,080274110,3889,080385637
3889,080865213,3889,081001733
3889,081481363,3889,081616326
3889,082096243,3889,082239600
3889,082719230,3889,082879431
3889,083366264,3889,083505461
3889,083985214,3889,084164335
3889,084644775,3889,084796826
3889,085276473,3889,085460991
3889,085950571,3889,086095228
3889,086577775,3889,086717092
3889,087198288,3889,087342056
3889,087822935,3889,087951112
3889,088471936,3889,088605676
3889,089086053,3889,089228040
3889,089709090,3889,089864521
3889,090345100,3889,090487641
3889,090968387,3889,091130365
3889,091610775,3889,091750869
3889,092255569,3889,092404906
3889,092886096,3889,093009216
3889,093489969,3889,093628956
3889,094109069,3889,094234486
3889,094715306,3889,094873177
3889,095353737,3889,095489107
3889,095969820,3889,096119584
3889,096600940,3889,096728284
3889,097208524,3889,097353634
3889,097833741,3889,098021092
3889,098510652,3889,098662036
3889,099144356,3889,099278800
3889,099760019,3889,099885760
3889,100409651,3889,100539020
3889,101020274,3889,101152281
3889,101632974,3889,101748590
3889,102229203,3889,102351103
3889,102831617,3889,102972394
3889,103453007,3889,103577490
3889,104074937,3889,104206864
3889,104687507,3889,104825687
3889,105305857,3889,105441831
3889,105921674,3889,106049104
3889,106529297,3889,106645756
3889,107125653,3889,107278740
3889,107758747,3889,107873930
3889,108370820,3889,108495850
3889,108975683,3889,109412328
3889,109892941,3889,110024205
3889,110504821,3889,110724444
3889,111214927,3889,111378139
3889,111860075,3889,111987159
3889,112468895,3889,112597488
3889,113078081,3889,113219885
3889,113700475,3889,113841002
3889,114320962,3889,114471309
3889,114951772,3889,115102473
3889,115583099,3889,115732520
3889,116230674,3889,116369217
3889,116849167,3889,116974797
3889,117454694,3889,117576667
3889,118056313,3889,118163349
3889,118650543,3889,118792250
3889,119271743,3889,119419360
3889,119900030,3889,120041674
3889,120546101,3889,120677341
3889,121157051,3889,121280681
3889,121761204,3889,121888377
3889,122368730,3889,122498554
3889,122978320,3889,123177832
3889,123667156,3889,123829623
3889,124337554,3889,124472331
3889,124953607,3889,125101461
3889,125582365,3889,125738039
3889,126218715,3889,126364432
3889,126852366,3889,126999976
3889,127480636,3889,127628883
3889,128126430,3889,128276918
3889,128757527,3889,128903758
3889,129390854,3889,129521472
3889,130008685,3889,130150769
3889,130630515,3889,130784422
3889,131264249,3889,131417379
3889,131897239,3889,132039933
3889,132520089,3889,132666633
3889,133146436,3889,133286854
3889,133766707,3889,133910541
3889,134390277,3889,134532304
3889,135012261,3889,135160855
3889,135640581,3889,135834523
3889,136362251,3889,136502118
3889,136984591,3889,137120935
3889,137602271,3889,137729835
3889,138210574,3889,138324481
3889,138805240,3889,138952051
3889,139439914,3889,139587438
3889,140091605,3889,140223209
3889,140703815,3889,140835875
3889,141316578,3889,141449369
3889,141929162,3889,142051908
3889,142531691,3889,142679912
3889,143167665,3889,143303886
3889,143791539,3889,143939629
3889,144443713,3889,144589454
3889,145069280,3889,145207851
3889,145687781,3889,145826361
3889,146306127,3889,146455975
3889,146942875,3889,147083495
3889,147570365,3889,147708272
3889,148205006,3889,148390254
3889,148879241,3889,149038405
3889,149520785,3889,149641791
3889,150122815,3889,150262048
3889,150742928,3889,150884452
3889,151365242,3889,151514239
3889,151994809,3889,152141666
3889,152622889,3889,152763306
3889,153243749,3889,153375603
3889,153856113,3889,154002927
3889,154483500,3889,154631757
3889,155112223,3889,155252251
3889,155732187,3889,155873294
3889,156395732,3889,156525752
3889,157006998,3889,157140005
3889,157620805,3889,157747065
3889,158227578,3889,158357988
3889,158838494,3889,158972835
3889,159452868,3889,159578251
3889,160075138,3889,160200185
3889,160680168,3889,160852573
3889,161342386,3889,161490533
3889,161972506,3889,162096190
3889,162584233,3889,162726810
3889,163207697,3889,163349187
3889,163829840,3889,163975991
3889,164481971,3889,164610118
3889,165090808,3889,165230792
3889,165718525,3889,165835798
3889,166316631,3889,166463262
3889,166943259,3889,167085786
3889,167572836,3889,167719243
3889,168216210,3889,168333080
3889,168812669,3889,168933866
3889,169420982,3889,169544076
3889,170023632,3889,170144612
3889,170625312,3889,170766646
3889,171254369,3889,171392849
3889,171872725,3889,172028793
3889,172508693,3889,172620299
3889,173099862,3889,173274260
3889,173763597,3889,173901924
3889,174384247,3889,174512480
3889,175000490,3889,175149331
3889,175630281,3889,175792642
3889,176306126,3889,176432092
3889,176912312,3889,177062256
3889,177543049,3889,177700794
3889,178181520,3889,178321937
3889,178809707,3889,178964248
3889,179444811,3889,179589332
3889,180087149,3889,180249606
3889,180729659,3889,180860107
3889,181347696,3889,181484684
3889,181965237,3889,182104637
3889,182592540,3889,182728037
3889,183208487,3889,183353401
3889,183833438,3889,183985685
3889,184482518,3889,184619812
3889,185099695,3889,185229035
3889,185715902,3889,185894243
3889,186383330,3889,186543437
3889,187025944,3889,187176895
3889,187657901,3889,187806842
3889,188334843,3889,188456816
3889,188937786,3889,189062363
3889,189550069,3889,189685406
3889,190166076,3889,190297679
3889,190778246,3889,190919943
3889,191400779,3889,191541430
3889,192053477,3889,192196774
3889,192677584,3889,192817831
3889,193298481,3889,193455735
3889,193936292,3889,194075139
3889,194555849,3889,194711873
3889,195199653,3889,195353230
3889,195833310,3889,195980601
3889,196491945,3889,196624005
3889,197103764,3889,197242712
3889,197722678,3889,197848078
3889,198328037,3889,198533643
3889,199022720,3889,199177907
3889,199660004,3889,199787391
3889,200293184,3889,200427404
3889,200908511,3889,201055151
3889,201535901,3889,201676388
3889,202156381,3889,202264798
3889,202745581,3889,202900371
3889,203380971,3889,203514572
3889,203995385,3889,204169753
3889,204650679,3889,204775549
3889,205256242,3889,205380992
3889,205860949,3889,206004696
3889,206484516,3889,206629453
3889,207109513,3889,207239939
3889,207719866,3889,207859440
3889,208356214,3889,208473687
3889,208960193,3889,209094474
3889,209574453,3889,209714724
3889,210194487,3889,210296930
3889,210778890,3889,210890519
3889,211379982,3889,211549547
3889,212043120,3889,212187708
3889,212668871,3889,212782097
3889,213263103,3889,213420154
3889,213900761,3889,214027784
3889,214508494,3889,214657668
3889,215138214,3889,215294135
3889,215774675,3889,215917569
3889,216415986,3889,216546366
3889,217026325,3889,217166299
3889,217646196,3889,217772762
3889,218253432,3889,218368602
3889,218849315,3889,219013163
3889,219493839,3889,219635646
3889,220132956,3889,220284207
3889,220764244,3889,220910218
3889,221389981,3889,221533515
3889,222013164,3889,222137118
3889,222616941,3889,222764941
3889,223244698,3889,223444660
3889,223933990,3889,224115078
3889,224604861,3889,224738235
3889,225219518,3889,225344031
3889,225824931,3889,225976349
3889,226457075,3889,226620723
3889,227101346,3889,227239090
3889,227719616,3889,227870857
3889,228368850,3889,228517514
3889,228998124,3889,229137711
3889,229625018,3889,229762381
3889,230242311,3889,230391948
3889,230871778,3889,231032863
3889,231512663,3889,231672993
3889,232170037,3889,232327318
3889,232807364,3889,232947715
3889,233427581,3889,233566315
3889,234046255,3889,234173768
3889,234653595,3889,234802229
3889,235282112,3889,235429903
3889,235909626,3889,236102054
3889,236590894,3889,236753018
3889,237235468,3889,237363302
3889,237844431,3889,237984355
3889,238465402,3889,238616036
3889,239096845,3889,239238133
3889,239718402,3889,239859109
3889,240364410,3889,240497367
3889,240985330,3889,241133497
3889,241621577,3889,241751811
3889,242231840,3889,242361247
3889,242841273,3889,243000121
3889,243480271,3889,243631672
3889,244119031,3889,244244685
3889,244724681,3889,244854348
3889,245341328,3889,245486982
3889,245966902,3889,246084075
3889,246566008,3889,246727929
3889,247208785,3889,247336593
3889,247824622,3889,247958200
3889,248463363,3889,248651135
3889,249140258,3889,249266445
3889,249748745,3889,249869881
3889,250350878,3889,250505599
3889,250986612,3889,251129486
3889,251617105,3889,251758653
3889,252264060,3889,252390203
3889,252870376,3889,252998250
3889,253478859,3889,253624790
3889,254105356,3889,254212656
3889,254705803,3889,254838580
3889,255319156,3889,255465547
3889,255945700,3889,256076997
3889,256556753,3889,256703097
3889,257183917,3889,257317917
3889,257798497,3889,257922613
3889,258403290,3889,258537960
3889,259018556,3889,259151084
3889,259630873,3889,259760860
3889,260272134,3889,260396617
3889,260876350,3889,261047615
3889,261537432,3889,261677405
3889,262159378,3889,262292535
3889,262773475,3889,262931353
3889,263412193,3889,263567594
3889,264073767,3889,264203177
3889,264683287,3889,264816388
3889,265296084,3889,265403523
3889,265884070,3889,266021873
3889,266502416,3889,266656294
3889,267135947,3889,267252134
3889,267747677,3889,267885047
3889,268382101,3889,268507841
3889,268987551,3889,269110504
3889,269590480,3889,269721354
3889,270201017,3889,270299606
3889,270779276,3889,270937440
3889,271417380,3889,271563131
3889,272060838,3889,272187734
3889,272668204,3889,272801711
3889,273281698,3889,273456489
3889,273945642,3889,274100413
3889,274582349,3889,274752817
3889,275234044,3889,275405481
3889,275886335,3889,276052926
3889,276534022,3889,276681653
3889,277162366,3889,277309563
3889,277789593,3889,277924290
3889,278404680,3889,278550634
3889,279031140,3889,279188044
3889,279668674,3889,279826495
3889,280323372,3889,280472936
3889,280952782,3889,281095100
3889,281574943,3889,281728897
3889,282208566,3889,282358731
3889,282838667,3889,282998768
3889,283478395,3889,283624385
3889,284121562,3889,284269692
3889,284749605,3889,284901783
3889,285381526,3889,285511080
3889,285991123,3889,286167704
3889,286656691,3889,286825198
3889,287314635,3889,287427552
3889,287908961,3889,288060922
3889,288542182,3889,288679546
3889,289160385,3889,289294706
3889,289782636,3889,289921539
3889,290409409,3889,290559463
3889,291039926,3889,291187010
3889,291667597,3889,291828221
3889,292332548,3889,292472779
3889,292959875,3889,293112933
3889,293592719,3889,293726366
3889,294213313,3889,294343696
3889,294823493,3889,294966250
3889,295446033,3889,295599254
3889,296103084,3889,296242048
3889,296729198,3889,296866655
3889,297346395,3889,297476925
3889,297956788,3889,298071261
3889,298551894,3889,298763650
3889,299252846,3889,299412067
3889,299894091,3889,300033851
3889,300515217,3889,300664055
3889,301144924,3889,301285905
3889,301766851,3889,301900275
3889,302380014,3889,302515442
3889,302995825,3889,303152635
3889,303640475,3889,303765479
3889,304263059,3889,304394636
3889,304875342,3889,305015723
3889,305496243,3889,305634336
3889,306114273,3889,306256270
3889,306743237,3889,306883040
3889,307370160,3889,307492517
3889,307972376,3889,308137328
3889,308617714,3889,308734657
3889,309214777,3889,309343460
3889,309823370,3889,309966910
3889,310454047,3889,310593007
3889,311072964,3889,311260572
3889,311750049,3889,311911073
3889,312418497,3889,312547050
3889,313028484,3889,313157114
3889,313637820,3889,313775164
3889,314255837,3889,314377187
3889,314857710,3889,315005727
3889,315486194,3889,315632301
3889,316130075,3889,316263535
3889,316743982,3889,316888772
3889,317368849,3889,317498349
3889,317978185,3889,318093211
3889,318572918,3889,318706648
3889,319186528,3889,319319402
3889,319799685,3889,319941035
3889,320438715,3889,320573603
3889,321054199,3889,321201800
3889,321687983,3889,321822170
3889,322302880,3889,322434726
3889,322915373,3889,323051620
3889,323559957,3889,323736528
3889,324257803,3889,324429207
3889,324911110,3889,325068044
3889,325549424,3889,325706332
3889,326186915,3889,326340685
3889,326821355,3889,326983663
3889,327464299,3889,327624450
3889,328121800,3889,328271171
3889,328751774,3889,328890718
3889,329371158,3889,329525386
3889,330005999,3889,330152366
3889,330632819,3889,330802593
3889,331283007,3889,331436618
3889,331916691,3889,332088628
3889,332568338,3889,332713619
3889,333194032,3889,333358126
3889,333838759,3889,333992283
3889,334472833,3889,334634241
3889,335114767,3889,335267721
3889,335747551,3889,335907139
