3863,250872792,3863,251062348
3863,251312986,3863,251450772
3863,251657902,3863,251794504
3863,252077949,3863,252214715
3863,252420656,3863,252547728
3863,252753952,3863,252880468
3863,253086605,3863,253216558
3863,253422362,3863,253548484
3863,253754668,3863,253829550
3863,254028713,3863,254093675
3863,254292352,3863,254410111
3863,254616195,3863,254743587
3863,254949714,3863,255046523
3863,255248250,3863,255315381
3863,255514335,3863,255584237
3863,255782970,3863,255846162
3863,256059019,3863,256159235
3863,256358605,3863,256427997
3863,256626821,3863,256770130
3863,256985111,3863,257076823
3863,257278367,3863,257352526
3863,257552830,3863,257624584
3863,257824612,3863,257896143
3863,258096251,3863,258189659
3863,258389213,3863,258466775
3863,258666119,3863,258738504
3863,258938021,3863,259010119
3863,259209986,3863,259280928
3863,259480439,3863,259558490
3863,259757854,3863,259826246
3863,260034933,3863,260106275
3863,260305853,3863,260375245
3863,260574817,3863,260643428
3863,260843066,3863,260917542
3863,261117140,3863,261190198
3863,261389686,3863,261461968
3863,261661310,3863,261739835
3863,261939330,3863,262015342
3863,262221830,3863,262360507
3863,262574089,3863,262668275
3863,262870193,3863,262946171
3863,263147090,3863,263223938
3863,263424506,3863,263499745
3863,263700363,3863,263804669
3863,264015964,3863,264093450
3863,264294042,3863,264367561
3863,264567557,3863,264639956
3863,264840324,3863,264913127
3863,265113192,3863,265185584
3863,265392524,3863,265464996
3863,265664711,3863,265737150
3863,265936849,3863,266015438
3863,266215017,3863,266331950
3863,266541960,3863,266633366
3863,266834855,3863,266909117
3863,267109690,3863,267185322
3863,267385791,3863,267458666
3863,267658702,3863,267731154
3863,267930823,3863,268022949
3863,268226512,3863,268298944
3863,268499100,3863,268571936
3863,268771736,3863,268845348
3863,269045217,3863,269117203
3863,269316836,3863,269387558
3863,269587194,3863,269664249
3863,269870909,3863,269952038
3863,270151481,3863,270226977
3863,270426587,3863,270498952
3863,270698555,3863,270778607
3863,270978130,3863,271048962
3863,271255378,3863,271326471
3863,271525864,3863,271621653
3863,271826493,3863,271901562
3863,272105058,3863,272177890
3863,272378209,3863,272449841
3863,272651014,3863,272721769
3863,272922155,3863,272994610
3863,273194546,3863,273264055
3863,273464267,3863,273536452
3863,273736645,3863,273806320
3863,274006156,3863,274079685
3863,274279507,3863,274350736
3863,274550608,3863,274622270
3863,274822123,3863,274890941
3863,275090937,3863,275159762
3863,275359628,3863,275428490
3863,275628239,3863,275698094
3863,275897903,3863,275966229
3863,276168815,3863,276239360
3863,276439182,3863,276509051
3863,276719306,3863,276791948
3863,276991751,3863,277110974
3863,277319743,3863,277408415
3863,277609551,3863,277683173
3863,277883999,3863,277959774
3863,278160193,3863,278232855
3863,278433051,3863,278504836
3863,278712238,3863,278784873
3863,278985136,3863,279056265
3863,279256046,3863,279337256
3863,279536894,3863,279610056
3863,279810075,3863,279880787
3863,280085179,3863,280157688
3863,280357180,3863,280427362
3863,280626968,3863,280697070
3863,280896441,3863,280966927
3863,281166819,3863,281237624
3863,281437026,3863,281506065
3863,281705630,3863,281775545
3863,281974921,3863,282050583
3863,282250278,3863,282324134
3863,282523502,3863,282651439
3863,282860055,3863,282950157
3863,283151479,3863,283224461
3863,283424937,3863,283497579
3863,283697914,3863,283770259
3863,283970582,3863,284049787
3863,284250569,3863,284323901
3863,284523913,3863,284595005
3863,284802207,3863,284872519
3863,285072858,3863,285145190
3863,285345285,3863,285416680
3863,285616152,3863,285690014
3863,285889709,3863,285967038
3863,286173783,3863,286245959
3863,286445634,3863,286517869
3863,286717575,3863,286790393
3863,286997149,3863,287068607
3863,287268276,3863,287341821
3863,287541546,3863,287611572
3863,287811154,3863,287882452
3863,288084624,3863,288185854
3863,288393189,3863,288478601
3863,288679450,3863,288753159
3863,288953654,3863,289023576
3863,289223928,3863,289294836
3863,289495462,3863,289573064
3863,289780486,3863,289855628
3863,290055674,3863,290134069
3863,290333911,3863,290407340
3863,290607005,3863,290685464
3863,290892186,3863,290961905
3863,291168376,3863,291238642
3863,291438160,3863,291509036
3863,291708505,3863,291786627
3863,291986122,3863,292056140
3863,292255942,3863,292328061
3863,292527523,3863,292598878
3863,292798507,3863,292867812
3863,293067461,3863,293136996
3863,293336588,3863,293407703
3863,293607278,3863,293729262
3863,293937450,3863,294028820
3863,294230055,3863,294304327
3863,294504556,3863,294575011
3863,294775993,3863,294846662
3863,295046864,3863,295117589
3863,295318131,3863,295389093
3863,295588998,3863,295659400
3863,295859472,3863,295930270
3863,296133776,3863,296204958
3863,296404730,3863,296475818
3863,296675507,3863,296745962
3863,296945648,3863,297015210
3863,297214905,3863,297283537
3863,297483379,3863,297557731
3863,297757457,3863,297827018
3863,298026734,3863,298100669
3863,298300228,3863,298371803
3863,298571465,3863,298644247
3863,298843876,3863,298912851
3863,299112789,3863,299236983
3863,299445488,3863,299530284
3863,299731436,3863,299804248
3863,300009380,3863,300082296
3863,300282968,3863,300354443
3863,300554679,3863,300625444
3863,300825776,3863,300903432
3863,301104774,3863,301176902
3863,301387561,3863,301461390
3863,301661509,3863,301732724
3863,301932710,3863,302016778
3863,302216701,3863,302291856
3863,302491655,3863,302563090
3863,302762685,3863,302833041
3863,303032506,3863,303104412
3863,303303837,3863,303374749
3863,303574178,3863,303645460
3863,303844965,3863,303916250
3863,304117692,3863,304190468
3863,304390020,3863,304461935
3863,304663134,3863,304777517
3863,304986359,3863,305075795
3863,305277284,3863,305352163
3863,305552542,3863,305626407
3863,305826442,3863,305901141
3863,306100897,3863,306178402
3863,306378637,3863,306455273
3863,306655312,3863,306729334
3863,306929016,3863,307001018
3863,307200564,3863,307271502
3863,307470967,3863,307542973
3863,307742698,3863,307814780
3863,308034163,3863,308109018
3863,308308780,3863,308379476
3863,308578904,3863,308651483
3863,308851232,3863,308922071
3863,309121572,3863,309193348
3863,309392760,3863,309465049
3863,309664377,3863,309737903
3863,309937348,3863,310012897
3863,310212359,3863,310301788
3863,310503870,3863,310578396
3863,310779091,3863,310850033
3863,311050019,3863,311123017
3863,311330399,3863,311402185
3863,311602554,3863,311681559
3863,311881844,3863,311953453
3863,312164355,3863,312237431
3863,312444527,3863,312515985
3863,312722827,3863,312799873
3863,312999428,3863,313069710
3863,313269339,3863,313338994
3863,313538513,3863,313607924
3863,313807547,3863,313876622
3863,314076207,3863,314150726
3863,314350288,3863,314422350
3863,314621996,3863,314692464
3863,314892163,3863,314975025
3863,315174514,3863,315243382
3863,315449941,3863,315520023
3863,315719628,3863,315836515
3863,316047931,3863,316134357
3863,316335638,3863,316409274
3863,316609546,3863,316680451
3863,316881397,3863,316953319
3863,317160704,3863,317229119
3863,317429218,3863,317498887
3863,317698782,3863,317769377
3863,317969469,3863,318045218
3863,318244920,3863,318316609
3863,318523031,3863,318591916
3863,318791549,3863,318860560
3863,319060406,3863,319128618
3863,319328273,3863,319398211
3863,319597810,3863,319666965
3863,319866721,3863,319936803
3863,320146785,3863,320216427
3863,320416129,3863,320484718
3863,320684286,3863,320752182
3863,320951697,3863,321020705
3863,321220444,3863,321341008
3863,321549617,3863,321638069
3863,321839464,3863,321914220
3863,322114719,3863,322194304
3863,322394336,3863,322470815
3863,322671150,3863,322739499
3863,322939607,3863,323014019
3863,323213865,3863,323285547
3863,323485292,3863,323566121
3863,323765757,3863,323834288
3863,324038084,3863,324112249
3863,324311761,3863,324383276
3863,324582709,3863,324652304
3863,324851716,3863,324920935
3863,325120590,3863,325191955
3863,325391414,3863,325461466
3863,325660815,3863,325729860
3863,325939035,3863,326016574
3863,326216393,3863,326289428
3863,326489007,3863,326560699
3863,326760255,3863,326883408
3863,327091814,3863,327178669
3863,327379925,3863,327453160
3863,327653469,3863,327725041
3863,327925339,3863,327997504
3863,328246755,3863,328326390
3863,328527383,3863,328599968
3863,328799726,3863,328870748
3863,329070451,3863,329143312
3863,329343101,3863,329415467
3863,329615409,3863,329688057
3863,329887533,3863,329964262
3863,330163897,3863,330236799
3863,330436381,3863,330506500
3863,330706038,3863,330775484
3863,330975022,3863,331046564
3863,331245970,3863,331316865
3863,331516510,3863,331588959
3863,331788431,3863,331859576
3863,332069785,3863,332146187
3863,332345623,3863,332451066
3863,332658785,3863,332744204
3863,332945193,3863,333019651
3863,333219803,3863,333293349
3863,333493834,3863,333566703
3863,333766891,3863,333838173
3863,334044793,3863,334122955
3863,334329763,3863,334402509
3863,334602381,3863,334673603
3863,334873365,3863,334943553
3863,335143382,3863,335214007
3863,335420616,3863,335491998
3863,335691524,3863,335762415
3863,335961871,3863,336058857
3863,336258626,3863,336332021
3863,336531546,3863,336601282
3863,336800824,3863,336872402
3863,337078938,3863,337155817
3863,337362456,3863,337433471
3863,337632933,3863,337704168
3863,337903607,3863,338037301
3863,338245576,3863,338333442
3863,338534674,3863,338605149
3863,338805835,3863,338877820
3863,339078589,3863,339149637
3863,339349793,3863,339421075
3863,339621710,3863,339691996
3863,339892037,3863,339961899
3863,340165452,3863,340237194
3863,340437092,3863,340507198
3863,340706903,3863,340780468
3863,340980391,3863,341051799
3863,341251618,3863,341321580
3863,341521308,3863,341595410
3863,341802279,3863,341872001
3863,342071653,3863,342150045
3863,342349861,3863,342419520
3863,342619151,3863,342689207
3863,342888992,3863,342960444
3863,343160156,3863,343230965
3863,343430513,3863,343555010
3863,343763672,3863,343849235
3863,344055294,3863,344129179
3863,344329468,3863,344399600
3863,344600122,3863,344670601
3863,344870959,3863,344942454
3863,345142807,3863,345214002
3863,345414037,3863,345486496
3863,345686368,3863,345756383
3863,345955846,3863,346031451
3863,346231210,3863,346314912
3863,346514427,3863,346586999
3863,346786505,3863,346858523
3863,347058122,3863,347130428
3863,347329976,3863,347400861
3863,347600677,3863,347671716
3863,347871294,3863,347941660
3863,348151479,3863,348224957
3863,348424809,3863,348495581
3863,348695300,3863,348767429
3863,348967058,3863,349097974
3863,349306247,3863,349398122
3863,349599215,3863,349673573
3863,349873919,3863,349962465
3863,350162540,3863,350236082
3863,350436487,3863,350511419
3863,350719935,3863,350794374
3863,350994199,3863,351067818
3863,351267840,3863,351358489
3863,351558561,3863,351630866
3863,351830872,3863,351903567
3863,352122093,3863,352194748
3863,352394651,3863,352467436
3863,352666814,3863,352735663
3863,352935132,3863,353006757
3863,353206189,3863,353278061
3863,353477683,3863,353548672
3863,353748187,3863,353820819
3863,354020441,3863,354095463
3863,354294955,3863,354367824
3863,354567603,3863,354680866
3863,354888524,3863,354975130
3863,355176206,3863,355247598
3863,355447746,3863,355519022
3863,355726574,3863,355798389
3863,356016879,3863,356089437
3863,356289106,3863,356362501
3863,356562343,3863,356633622
3863,356833541,3863,356904769
3863,357104285,3863,357174910
3863,357374296,3863,357447164
3863,357653639,3863,357722991
3863,357929447,3863,358008159
3863,358207414,3863,358285813
3863,358485219,3863,358557414
3863,358763940,3863,358833835
3863,359033274,3863,359103039
3863,359302421,3863,359380893
3863,359580428,3863,359649627
3863,359849073,3863,359919258
3863,360142841,3863,360264054
3863,360472219,3863,360557478
3863,360758550,3863,360831209
3863,361031191,3863,361100763
3863,361301292,3863,361371357
3863,361571862,3863,361641808
3863,361849353,3863,361918875
3863,362125941,3863,362202403
3863,362402445,3863,362474780
3863,362674749,3863,362746147
3863,362945893,3863,363015202
3863,363214650,3863,363285122
3863,363491741,3863,363563093
3863,363769892,3863,363838841
3863,364049380,3863,364118328
3863,364318070,3863,364388442
3863,364587924,3863,364655486
3863,364862269,3863,364930627
3863,365130412,3863,365198328
3863,365404977,3863,365475072
3863,365681731,3863,365801664
3863,366010133,3863,366101849
3863,366303238,3863,366380270
3863,366580532,3863,366661831
3863,366869103,3863,366940965
3863,367141354,3863,367214196
3863,367414354,3863,367487823
3863,367687732,3863,367758767
3863,367965529,3863,368039925
3863,368239737,3863,368310372
3863,368517121,3863,368587920
3863,368787765,3863,368861797
3863,369061373,3863,369139171
3863,369339110,3863,369409265
3863,369608794,3863,369686360
3863,369885955,3863,369961970
3863,370161216,3863,370233061
3863,370439743,3863,370508905
3863,370708457,3863,370780043
3863,370986661,3863,371057630
3863,371257096,3863,371379886
3863,371588121,3863,371673964
3863,371875135,3863,371948327
3863,372160457,3863,372230342
3863,372431174,3863,372505566
3863,372705745,3863,372775910
3863,372975565,3863,373046737
3863,373246766,3863,373319345
3863,373519177,3863,373593262
3863,373792834,3863,373864969
3863,374064405,3863,374141407
3863,374341012,3863,374414701
3863,374614443,3863,374688302
3863,374887777,3863,374959699
3863,375159348,3863,375235000
3863,375443406,3863,375516538
3863,375716296,3863,375789145
3863,375988704,3863,376060986
3863,376260948,3863,376334033
3863,376533779,3863,376604717
3863,376804366,3863,376916049
3863,377124178,3863,377211974
3863,377412949,3863,377486018
3863,377686297,3863,377758522
3863,377958344,3863,378034416
3863,378234095,3863,378314337
3863,378513825,3863,378586161
3863,378785653,3863,378854385
3863,379053714,3863,379124426
3863,379331054,3863,379399983
3863,379599542,3863,379667677
3863,379867296,3863,379939388
3863,380143006,3863,380213688
3863,380413251,3863,380482869
3863,380682298,3863,380753833
3863,380953365,3863,381023487
3863,381222896,3863,381292908
3863,381492490,3863,381572039
3863,381778714,3863,381854083
3863,382053732,3863,382129891
3863,382329316,3863,382438722
3863,382646928,3863,382732857
3863,382934439,3863,383006044
3863,383206417,3863,383277902
3863,383485601,3863,383556016
3863,383763565,3863,383837390
3863,384042396,3863,384116308
3863,384316223,3863,384387009
3863,384587017,3863,384657032
3863,384856975,3863,384927873
3863,385134809,3863,385204994
3863,385411987,3863,385483985
3863,385683710,3863,385753176
3863,385952914,3863,386031900
3863,386231712,3863,386306084
3863,386512683,3863,386583718
3863,386790454,3863,386861739
3863,387061334,3863,387132826
3863,387339652,3863,387410481
3863,387610169,3863,387681451
3863,387881037,3863,388052468
3863,388260507,3863,388352409
3863,388553635,3863,388627197
3863,388827559,3863,388897837
3863,389098237,3863,389173435
3863,389373890,3863,389446449
3863,389653738,3863,389725530
3863,389925442,3863,390002687
3863,390209807,3863,390281912
3863,390481434,3863,390551456
3863,390750918,3863,390827660
3863,391027049,3863,391098334
3863,391304886,3863,391377168
3863,391583764,3863,391651779
3863,391851441,3863,391922636
3863,392139542,3863,392214197
3863,392413913,3863,392489928
3863,392696564,3863,392768206
3863,392967931,3863,393047007
3863,393253766,3863,393324634
3863,393531250,3863,393646196
3863,393854709,3863,393948724
3863,394150147,3863,394229372
3863,394429797,3863,394501473
3863,394701832,3863,394777697
3863,394978176,3863,395051518
3863,395251770,3863,395324328
3863,395524331,3863,395597039
3863,395796944,3863,395867240
3863,396085636,3863,396160084
3863,396359653,3863,396432405
3863,396632191,3863,396703753
3863,396903274,3863,396973803
3863,397173389,3863,397245321
3863,397444896,3863,397515661
3863,397715296,3863,397785915
3863,397985517,3863,398060069
3863,398259521,3863,398331913
3863,398531459,3863,398603497
3863,398803056,3863,398874442
3863,399074103,3863,399186293
3863,399393956,3863,399481154
3863,399682300,3863,399755509
3863,399955487,3863,400037549
3863,400246605,3863,400320237
3863,400520066,3863,400600388
3863,400799980,3863,400872299
3863,401071801,3863,401145530
3863,401347039,3863,401418691
3863,401618049,3863,401695415
3863,401894844,3863,401971726
3863,402171238,3863,402245553
3863,402445049,3863,402515474
3863,402714949,3863,402787371
3863,402986843,3863,403055915
3863,403255374,3863,403325686
3863,403525194,3863,403596236
3863,403795509,3863,403873508
3863,404090180,3863,404160209
3863,404359591,3863,404429633
3863,404629234,3863,404730644
3863,404939036,3863,405022612
3863,405223827,3863,405296036
3863,405496192,3863,405568203
3863,405768999,3863,405840914
3863,406041543,3863,406115702
3863,406315480,3863,406389126
3863,406596011,3863,406668086
3863,406868002,3863,406938034
3863,407144896,3863,407217721
3863,407417530,3863,407487196
3863,407686967,3863,407758303
3863,407957991,3863,408032643
3863,408232442,3863,408304878
3863,408504586,3863,408575475
3863,408775180,3863,408845096
3863,409044848,3863,409115173
3863,409314748,3863,409382867
3863,409582559,3863,409653704
3863,409853366,3863,409925258
3863,410125037,3863,410251010
3863,410459966,3863,410548645
3863,410749960,3863,410826176
3863,411026688,3863,411100013
3863,411300969,3863,411374564
3863,411574549,3863,411645035
3863,411845234,3863,411932426
3863,412137015,3863,412210804
3863,412410762,3863,412481567
3863,412681153,3863,412753918
3863,412953757,3863,413024326
3863,413223887,3863,413294299
3863,413493998,3863,413566117
3863,413765619,3863,413835891
3863,414035539,3863,414111478
3863,414310977,3863,414385513
3863,414585121,3863,414655420
3863,414854865,3863,414924613
3863,415124143,3863,415196068
3863,415395596,3863,415467945
3863,415667377,3863,415786347
3863,415994492,3863,416094042
3863,416295858,3863,416369170
3863,416569652,3863,416645387
3863,416846236,3863,416920481
3863,417120760,3863,417192369
3863,417392634,3863,417463333
3863,417663345,3863,417734430
3863,417934659,3863,418010117
3863,418209743,3863,418283388
3863,418483090,3863,418554196
3863,418753568,3863,418827293
3863,419027089,3863,419098567
3863,419298346,3863,419370561
3863,419570394,3863,419642395
3863,419842037,3863,419913153
3863,420123359,3863,420196974
3863,420396792,3863,420469814
3863,420669583,3863,420739922
3863,420939734,3863,421012193
3863,421211818,3863,421324048
3863,421531900,3863,421620559
3863,421822358,3863,421895450
3863,422095538,3863,422172240
3863,422372023,3863,422445018
3863,422644573,3863,422723702
3863,422923434,3863,422995673
3863,423195228,3863,423266767
3863,423466492,3863,423536811
3863,423736427,3863,423808598
3863,424027128,3863,424101090
3863,424300668,3863,424372920
3863,424572502,3863,424643457
3863,424858507,3863,424933639
3863,425133271,3863,425202879
3863,425402495,3863,425473587
3863,425673085,3863,425743044
3863,425942776,3863,426025892
3863,426225330,3863,426298572
3863,426498011,3863,426568423
3863,426767952,3863,426876042
3863,427084390,3863,427173673
3863,427375032,3863,427447997
3863,427648299,3863,427720138
3863,427920620,3863,427992312
3863,428220008,3863,428292716
3863,428493379,3863,428564894
3863,428765113,3863,428837231
3863,429037180,3863,429109372
3863,429309361,3863,429378839
3863,429578591,3863,429648447
3863,429848202,3863,429918107
3863,430117736,3863,430190535
3863,430390040,3863,430460745
3863,430660441,3863,430728932
3863,430928541,3863,430998227
3863,431198055,3863,431269181
3863,431468826,3863,431538754
3863,431738380,3863,431809059
3863,432012351,3863,432081596
3863,432281178,3863,432404702
3863,432613297,3863,432699440
3863,432900648,3863,432974637
3863,433174896,3863,433245748
3863,433445910,3863,433516975
3863,433717057,3863,433789522
3863,433989518,3863,434065760
3863,434265799,3863,434337247
3863,434537030,3863,434607445
3863,434807050,3863,434877805
3863,435077284,3863,435155243
3863,435354738,3863,435425857
3863,435625202,3863,435694518
3863,435894173,3863,435966019
3863,436170534,3863,436240246
3863,436439728,3863,436511483
3863,436710832,3863,436783364
3863,436982813,3863,437054034
3863,437253470,3863,437330386
3863,437529864,3863,437598106
3863,437797511,3863,437922695
3863,438130977,3863,438223096
3863,438424278,3863,438500184
3863,438700406,3863,438771791
3863,438979200,3863,439052265
3863,439252391,3863,439323010
3863,439523231,3863,439593977
3863,439793922,3863,439865724
3863,440091344,3863,440162326
3863,440362031,3863,440431266
3863,440630981,3863,440702650
3863,440902346,3863,440971994
3863,441171666,3863,441242535
3863,441442023,3863,441511875
3863,441711364,3863,441781813
3863,441981295,3863,442054404
3863,442253879,3863,442325757
3863,442525173,3863,442594971
3863,442794384,3863,442864322
3863,443063874,3863,443134916
3863,443334412,3863,443447341
3863,443655320,3863,443740046
3863,443941111,3863,444018073
3863,444218412,3863,444290541
3863,444490660,3863,444561328
3863,444761527,3863,444829599
3863,445036464,3863,445107673
3863,445307405,3863,445379654
3863,445579372,3863,445650324
3863,445849833,3863,445929009
3863,446128484,3863,446206509
3863,446405868,3863,446478390
3863,446677795,3863,446749924
3863,446949456,3863,447028625
3863,447228037,3863,447298936
3863,447498511,3863,447572293
3863,447771739,3863,447844504
3863,448046312,3863,448118721
3863,448317177,3863,448388019
3863,448586281,3863,448656436
3863,448855108,3863,448979958
3863,449187933,3863,449271692
3863,449484565,3863,449560767
3863,449761296,3863,449834728
3863,450035096,3863,450111065
3863,450311601,3863,450385756
3863,450586471,3863,450658247
3863,450858205,3863,450929701
3863,451129896,3863,451200215
3863,451400100,3863,451470472
3863,451670464,3863,451740383
3863,451940192,3863,452015647
3863,452215949,3863,452287894
3863,452487950,3863,452557968
3863,452757784,3863,452828036
3863,453027904,3863,453097976
3863,453297855,3863,453367974
3863,453567782,3863,453638431
3863,453838006,3863,453908075
3863,454107844,3863,454181859
3863,454381661,3863,454503865
3863,454712647,3863,454798619
3863,454999808,3863,455072697
3863,455273189,3863,455346721
3863,455547013,3863,455618375
3863,455818357,3863,455889772
3863,456101931,3863,456175463
3863,456375476,3863,456446367
3863,456646270,3863,456717438
3863,456917257,3863,456990355
3863,457190244,3863,457261700
3863,457461398,3863,457531734
3863,457731432,3863,457801014
3863,458000773,3863,458076945
3863,458276437,3863,458356079
3863,458555465,3863,458626817
3863,458826205,3863,458897607
3863,459097079,3863,459166251
3863,459365853,3863,459434708
3863,459634267,3863,459709586
3863,459908938,3863,460038218
3863,460245877,3863,460334643
3863,460536365,3863,460609304
3863,460810376,3863,460882808
3863,461083053,3863,461154878
3863,461354627,3863,461427803
3863,461627665,3863,461696797
3863,461896632,3863,461973207
3863,462172920,3863,462244788
3863,462451283,3863,462523745
3863,462723141,3863,462793446
3863,462992972,3863,463066147
3863,463265689,3863,463338054
3863,463544590,3863,463617659
3863,463817094,3863,463886912
3863,464096982,3863,464167687
3863,464367139,3863,464436187
3863,464635659,3863,464706165
3863,464905560,3863,464975479
3863,465182157,3863,465252199
3863,465458792,3863,465563875
3863,465772097,3863,465857049
3863,466060361,3863,466138397
3863,466338512,3863,466411194
3863,466610980,3863,466681728
3863,466881350,3863,466960489
3863,467167281,3863,467238830
3863,467438445,3863,467506924
3863,467706403,3863,467775398
3863,467974910,3863,468075266
3863,468274841,3863,468346773
3863,468546476,3863,468616634
3863,468816210,3863,468887585
3863,469087203,3863,469164109
3863,469363538,3863,469435447
3863,469634978,3863,469704497
3863,469911043,3863,469984965
3863,470191537,3863,470262729
3863,470462368,3863,470534270
3863,470733738,3863,470804644
3863,471004256,3863,471130153
3863,471338565,3863,471425027
3863,471626036,3863,471698368
3863,471898494,3863,471967849
3863,472172701,3863,472244096
3863,472444372,3863,472516300
3863,472716472,3863,472788158
3863,472987893,3863,473056528
3863,473256474,3863,473328202
3863,473527864,3863,473595710
3863,473795515,3863,473863073
3863,474080129,3863,474159158
3863,474358970,3863,474430826
3863,474630368,3863,474699260
3863,474898921,3863,474970527
3863,475170056,3863,475240774
3863,475440400,3863,475508178
3863,475707657,3863,475778522
3863,475977997,3863,476051583
3863,476251595,3863,476321117
3863,476520659,3863,476644876
3863,476853501,3863,476938317
3863,477139509,3863,477213164
3863,477414153,3863,477486655
3863,477686861,3863,477761353
3863,477961664,3863,478037923
3863,478238062,3863,478311904
3863,478511746,3863,478582391
3863,478781963,3863,478851592
3863,479050938,3863,479119759
3863,479319075,3863,479387607
3863,479587315,3863,479656634
3863,479863096,3863,479931638
3863,480141554,3863,480212269
3863,480411898,3863,480481056
3863,480680495,3863,480751760
3863,480951155,3863,481022411
3863,481228977,3863,481302232
3863,481501570,3863,481572929
3863,481772338,3863,481842686
3863,482049275,3863,482172205
3863,482380484,3863,482469173
3863,482670829,3863,482745558
3863,482945943,3863,483017205
3863,483217374,3863,483290523
3863,483490684,3863,483561036
3863,483768952,3863,483840411
3863,484059347,3863,484131952
3863,484331927,3863,484400713
3863,484600328,3863,484670420
3863,484870202,3863,484940754
3863,485147536,3863,485216428
3863,485415930,3863,485485645
3863,485692014,3863,485762176
3863,485961635,3863,486036010
3863,486235436,3863,486307261
3863,486506676,3863,486577535
3863,486784114,3863,486854099
3863,487060565,3863,487131547
3863,487331102,3863,487402090
3863,487601599,3863,487714102
3863,487922378,3863,488017461
3863,488218893,3863,488293395
3863,488493430,3863,488564822
3863,488764494,3863,488835883
3863,489035398,3863,489114994
3863,489314622,3863,489385344
3863,489584777,3863,489654462
3863,489853964,3863,489924899
3863,490131411,3863,490219644
3863,490419319,3863,490492394
3863,490692007,3863,490761422
3863,490960934,3863,491033923
3863,491233401,3863,491305467
3863,491504856,3863,491576024
3863,491775389,3863,491845211
3863,492054897,3863,492124136
3863,492323678,3863,492399253
3863,492598755,3863,492668984
3863,492875393,3863,492946191
3863,493152770,3863,493288564
3863,493496973,3863,493583218
3863,493784298,3863,493856179
3863,494056528,3863,494140857
3863,494340873,3863,494415178
3863,494615546,3863,494685358
3863,494885614,3863,494955412
3863,495155551,3863,495228593
3863,495428345,3863,495499320
3863,495698956,3863,495769938
3863,495969500,3863,496041549
3863,496241404,3863,496311956
3863,496511488,3863,496579626
3863,496779142,3863,496846801
3863,497046396,3863,497114921
3863,497314643,3863,497384421
3863,497583867,3863,497651786
3863,497851224,3863,497920286
3863,498119821,3863,498192463
3863,498392146,3863,498463631
3863,498679737,3863,498790010
3863,498998649,3863,499085231
3863,499286500,3863,499361309
3863,499561727,3863,499632766
3863,499832848,3863,499905543
3863,500117242,3863,500185917
3863,500386003,3863,500460195
3863,500660144,3863,500733662
3863,500933691,3863,501006053
3863,501205789,3863,501276627
3863,501476649,3863,501553714
3863,501753474,3863,501824379
3863,502023984,3863,502099479
3863,502299125,3863,502370197
3863,502569742,3863,502640154
3863,502839823,3863,502912718
3863,503112287,3863,503182929
3863,503382578,3863,503454486
3863,503660935,3863,503731994
3863,503931653,3863,504017698
3863,504217747,3863,504335264
3863,504543622,3863,504631248
3863,504832483,3863,504913432
3863,505114238,3863,505187373
3863,505394859,3863,505466388
3863,505674036,3863,505746708
3863,505946951,3863,506024193
3863,506224031,3863,506297913
3863,506497766,3863,506568888
3863,506768686,3863,506840162
3863,507039510,3863,507109575
3863,507316151,3863,507384970
3863,507584638,3863,507657184
3863,507856906,3863,507925405
3863,508144207,3863,508214392
3863,508414015,3863,508483340
3863,508683042,3863,508753000
3863,508952762,3863,509023381
3863,509223207,3863,509293768
3863,509493254,3863,509563116
3863,509770051,3863,509880468
3863,510088383,3863,510181779
3863,510382981,3863,510457900
3863,510657925,3863,510730921
3863,510931613,3863,511004365
3863,511204797,3863,511274402
3863,511481834,3863,511555393
3863,511762349,3863,511833547
3863,512045426,3863,512119038
3863,512319040,3863,512388306
3863,512588054,3863,512657503
3863,512864145,3863,512933297
3863,513132963,3863,513204271
3863,513410700,3863,513489049
3863,513688741,3863,513758386
3863,513957925,3863,514034247
3863,514233702,3863,514307114
3863,514513660,3863,514591135
3863,514797804,3863,514868306
3863,515067915,3863,515138753
3863,515338542,3863,515455749
3863,515663884,3863,515751184
3863,515952455,3863,516027451
3863,516228523,3863,516301378
3863,516501920,3863,516573472
3863,516774084,3863,516844059
3863,517043885,3863,517115827
3863,517315729,3863,517386104
3863,517585896,3863,517655765
3863,517855651,3863,517924986
3863,518124844,3863,518197703
3863,518397548,3863,518470264
3863,518670233,3863,518742221
3863,518941986,3863,519014962
3863,519214934,3863,519283986
3863,519483628,3863,519553947
3863,519753805,3863,519822684
3863,520026863,3863,520096271
3863,520295900,3863,520368419
3863,520567964,3863,520635226
3863,520834818,3863,520954058
3863,521162657,3863,521249986
3863,521451508,3863,521525250
3863,521725599,3863,521797581
3863,521997829,3863,522075548
3863,522275787,3863,522348349
3863,522548778,3863,522622253
3863,522821995,3863,522891550
3863,523091492,3863,523162804
3863,523386270,3863,523463339
3863,523663454,3863,523737840
3863,523937569,3863,524024271
3863,524224280,3863,524297868
3863,524497614,3863,524569349
3863,524768758,3863,524841430
3863,525040852,3863,525110581
3863,525310063,3863,525380105
3863,525579723,3863,525652128
3863,525851894,3863,525922519
3863,526121881,3863,526195940
3863,526395622,3863,526522082
3863,526730421,3863,526818370
3863,527019656,3863,527093588
3863,527293743,3863,527365079
3863,527565284,3863,527637433
3863,527837648,3863,527915407
3863,528134623,3863,528209832
3863,528410054,3863,528487589
3863,528687598,3863,528776300
