5195,165713343,5195,165967666
5195,166243737,5195,166471302
5195,166718168,5195,166958234
5195,167204420,5195,167446709
5195,167693481,5195,167921100
5195,168171410,5195,168325213
5195,168565124,5195,168750168
5195,168996403,5195,169212569
5195,169458834,5195,169624914
5195,169865478,5195,170058523
5195,170304707,5195,170464194
5195,170704151,5195,170890606
5195,171136850,5195,171276165
5195,171522130,5195,171671442
5195,171918127,5195,172073293
5195,172319692,5195,172454007
5195,172707457,5195,172779761
5195,173020437,5195,173083701
5195,173323342,5195,173385130
5195,173625138,5195,173686909
5195,173926438,5195,173990908
5195,174230764,5195,174292608
5195,174532033,5195,174593557
5195,174832562,5195,174893149
5195,175132511,5195,175192831
5195,175431903,5195,175501998
5195,175741173,5195,175800704
5195,176042438,5195,176105867
5195,176347641,5195,176410739
5195,176650390,5195,176711378
5195,176950702,5195,177010391
5195,177249838,5195,177310137
5195,177549217,5195,177612112
5195,177851763,5195,177914908
5195,178154148,5195,178225364
5195,178464611,5195,178528120
5195,178767210,5195,178829392
5195,179069076,5195,179130681
5195,179370119,5195,179430907
5195,179670031,5195,179730796
5195,179970053,5195,180040089
5195,180282047,5195,180343438
5195,180582667,5195,180644008
5195,180883170,5195,180944301
5195,181183500,5195,181244688
5195,181484693,5195,181547851
5195,181787120,5195,181857481
5195,182097093,5195,182167575
5195,182406733,5195,182467491
5195,182706673,5195,182768001
5195,183007286,5195,183068501
5195,183308710,5195,183373101
5195,183612556,5195,183681831
5195,183921109,5195,183983954
5195,184249060,5195,184319668
5195,184559070,5195,184623468
5195,184862593,5195,184923748
5195,185163056,5195,185224314
5195,185463712,5195,185526257
5195,185766445,5195,185832460
5195,186071662,5195,186141460
5195,186380618,5195,186441893
5195,186681055,5195,186742566
5195,186982588,5195,187041969
5195,187280997,5195,187342879
5195,187582041,5195,187643565
5195,187882827,5195,187951269
5195,188215361,5195,188279296
5195,188518464,5195,188580003
5195,188818991,5195,188879760
5195,189118852,5195,189179553
5195,189418532,5195,189480347
5195,189719606,5195,189788351
5195,190027593,5195,190092088
5195,190331183,5195,190391868
5195,190631704,5195,190694205
5195,190933231,5195,190994129
5195,191233258,5195,191295959
5195,191534968,5195,191603146
5195,191842499,5195,191910187
5195,192166743,5195,192229844
5195,192469117,5195,192530398
5195,192769581,5195,192832226
5195,193071798,5195,193133203
5195,193372532,5195,193433797
5195,193672816,5195,193734358
5195,193973510,5195,194038092
5195,194277891,5195,194338579
5195,194577731,5195,194639400
5195,194878479,5195,194947734
5195,195195260,5195,195266805
5195,195506768,5195,195567892
5195,195806985,5195,195869583
5195,196133586,5195,196196951
5195,196436291,5195,196497773
5195,196737442,5195,196798484
5195,197037710,5195,197098405
5195,197337581,5195,197406467
5195,197645566,5195,197713381
5195,197952364,5195,198015749
5195,198255045,5195,198317191
5195,198556380,5195,198617742
5195,198856901,5195,198920163
5195,199159379,5195,199222498
5195,199461884,5195,199523709
5195,199762859,5195,199824024
5195,200088268,5195,200151766
5195,200391473,5195,200452724
5195,200692165,5195,200753623
5195,200992850,5195,201056715
5195,201296255,5195,201367724
5195,201607581,5195,201676259
5195,201915683,5195,201978415
5195,202217565,5195,202279863
5195,202519230,5195,202581555
5195,202821342,5195,202886114
5195,203125574,5195,203187896
5195,203427253,5195,203490221
5195,203729238,5195,203790990
5195,204031027,5195,204093502
5195,204333332,5195,204394524
5195,204633641,5195,204695763
5195,204934953,5195,205003252
5195,205242839,5195,205309621
5195,205549004,5195,205608726
5195,205847989,5195,205910511
5195,206149745,5195,206210057
5195,206449370,5195,206509902
5195,206749289,5195,206810861
5195,207050138,5195,207113253
5195,207352380,5195,207421965
5195,207661212,5195,207723658
5195,207962878,5195,208041703
5195,208281137,5195,208344548
5195,208584052,5195,208644964
5195,208884634,5195,208945775
5195,209185465,5195,209252927
5195,209492191,5195,209554629
5195,209793826,5195,209854934
5195,210094474,5195,210156909
5195,210396279,5195,210456274
5195,210695471,5195,210764073
5195,211003230,5195,211073145
5195,211312895,5195,211372943
5195,211612070,5195,211673782
5195,211912922,5195,211974443
5195,212213603,5195,212275875
5195,212515582,5195,212577283
5195,212816526,5195,212885168
5195,213124254,5195,213184856
5195,213423832,5195,213484531
5195,213723721,5195,213786862
5195,214025892,5195,214089607
5195,214328807,5195,214392362
5195,214631472,5195,214693937
5195,214933223,5195,214996935
5195,215236375,5195,215296757
5195,215535933,5195,215598405
5195,215837594,5195,215897393
5195,216153356,5195,216215851
5195,216455124,5195,216514579
5195,216753789,5195,216823148
5195,217062250,5195,217125369
5195,217365115,5195,217426437
5195,217665416,5195,217727898
5195,217967021,5195,218030686
5195,218269739,5195,218329774
5195,218569471,5195,218630152
5195,218869632,5195,218931647
5195,219170807,5195,219233805
5195,219472705,5195,219534286
5195,219774100,5195,219834988
5195,220091285,5195,220155957
5195,220394939,5195,220458408
5195,220697674,5195,220766873
5195,221006653,5195,221069548
5195,221309184,5195,221369092
5195,221608102,5195,221670717
5195,221909960,5195,221974689
5195,222218695,5195,222290340
5195,222529584,5195,222593155
5195,222832339,5195,222894863
5195,223134117,5195,223196385
5195,223435691,5195,223497216
5195,223736343,5195,223798848
5195,224054988,5195,224117213
5195,224356526,5195,224417797
5195,224657511,5195,224718702
5195,224957752,5195,225019394
5195,225258474,5195,225319645
5195,225558732,5195,225618596
5195,225858253,5195,225921188
5195,226160381,5195,226227700
5195,226466782,5195,226529081
5195,226768184,5195,226830932
5195,227070069,5195,227132774
5195,227372250,5195,227433035
5195,227672118,5195,227732813
5195,227971653,5195,228049685
5195,228289508,5195,228359357
5195,228598497,5195,228665805
5195,228904682,5195,228966436
5195,229205340,5195,229266008
5195,229505771,5195,229568630
5195,229807846,5195,229880188
5195,230119348,5195,230186653
5195,230425749,5195,230488398
5195,230727631,5195,230789709
5195,231029082,5195,231091087
5195,231330393,5195,231393872
5195,231632982,5195,231695010
5195,231934827,5195,231996718
5195,232236942,5195,232311077
5195,232552003,5195,232621875
5195,232861209,5195,232923060
5195,233162680,5195,233226272
5195,233465968,5195,233527373
5195,233766696,5195,233837512
5195,234076715,5195,234142700
5195,234382333,5195,234443448
5195,234682988,5195,234743063
5195,234982210,5195,235043834
5195,235282871,5195,235345063
5195,235584816,5195,235645284
5195,235884687,5195,235945389
5195,236201536,5195,236272555
5195,236511688,5195,236574910
5195,236814236,5195,236876348
5195,237115665,5195,237178403
5195,237417479,5195,237478121
5195,237717274,5195,237778959
5195,238018809,5195,238082164
5195,238321434,5195,238389503
5195,238628486,5195,238690901
5195,238930127,5195,238993226
5195,239232733,5195,239296831
5195,239536144,5195,239595919
5195,239835279,5195,239901331
5195,240143491,5195,240205632
5195,240443812,5195,240503504
5195,240741390,5195,240802219
5195,241040535,5195,241100074
5195,241339073,5195,241400058
5195,241638365,5195,241706750
5195,241945050,5195,242007475
5195,242245688,5195,242304733
5195,242543466,5195,242605081
5195,242843417,5195,242904453
5195,243142826,5195,243204401
5195,243442634,5195,243503382
5195,243741809,5195,243802920
5195,244035363,5195,244103155
5195,244343152,5195,244406174
5195,244645776,5195,244709162
5195,244948448,5195,245010503
5195,245250850,5195,245315208
5195,245554508,5195,245622666
5195,245861683,5195,245933101
5195,246172351,5195,246236603
5195,246475776,5195,246537781
5195,246777151,5195,246839863
5195,247078862,5195,247140558
5195,247379794,5195,247439732
5195,247678725,5195,247739717
5195,247978610,5195,248065123
5195,248488234,5195,248603867
5195,248843587,5195,248907852
5195,249148035,5195,249211744
5195,249456010,5195,249518985
5195,249758295,5195,249819533
5195,250058443,5195,250121711
5195,250361538,5195,250421546
5195,250660746,5195,250721018
5195,250960134,5195,251022942
5195,251261905,5195,251322791
5195,251562007,5195,251624612
5195,251863808,5195,251931763
5195,252187814,5195,252251599
5195,252490668,5195,252552577
5195,252791767,5195,252852575
5195,253091822,5195,253152523
5195,253391590,5195,253454108
5195,253693315,5195,253754246
5195,253993666,5195,254055568
5195,254294551,5195,254357016
5195,254596169,5195,254658364
5195,254897734,5195,254959095
5195,255198562,5195,255261277
5195,255500760,5195,255562035
5195,255801302,5195,255871084
5195,256126991,5195,256189452
5195,256428285,5195,256492237
5195,256731197,5195,256792192
5195,257031135,5195,257091693
5195,257330600,5195,257399738
5195,257639698,5195,257709090
5195,257948120,5195,258011075
5195,258249951,5195,258311506
5195,258550496,5195,258612944
5195,258852048,5195,258912979
5195,259151996,5195,259213841
5195,259453011,5195,259516269
5195,259755412,5195,259817811
5195,260074441,5195,260139599
5195,260378766,5195,260440431
5195,260679581,5195,260741112
5195,260980122,5195,261041127
5195,261280834,5195,261348826
5195,261587772,5195,261655391
5195,261894477,5195,261956309
5195,262195562,5195,262257584
5195,262497177,5195,262557119
5195,262796408,5195,262857264
5195,263096340,5195,263158162
5195,263397038,5195,263464953
5195,263704043,5195,263773805
5195,264029895,5195,264092720
5195,264331797,5195,264394345
5195,264633178,5195,264695313
5195,264934990,5195,264996088
5195,265235121,5195,265295460
5195,265534269,5195,265602031
5195,265841098,5195,265905796
5195,266145479,5195,266208931
5195,266448011,5195,266511303
5195,266750372,5195,266811001
5195,267050024,5195,267111119
5195,267350225,5195,267418754
5195,267657924,5195,267720605
5195,267959622,5195,268037477
5195,268276744,5195,268339379
5195,268578855,5195,268641730
5195,268880680,5195,268940942
5195,269180271,5195,269241527
5195,269480703,5195,269542641
5195,269781625,5195,269842633
5195,270081773,5195,270144414
5195,270383328,5195,270445376
5195,270684379,5195,270745574
5195,270984680,5195,271052479
5195,271291832,5195,271360487
5195,271599461,5195,271661579
5195,271900499,5195,271960720
5195,272216587,5195,272279742
5195,272518696,5195,272580724
5195,272819640,5195,272888216
5195,273127305,5195,273197314
5195,273437107,5195,273499375
5195,273738535,5195,273799283
5195,274038313,5195,274101952
5195,274341178,5195,274402063
5195,274641133,5195,274701951
5195,274940868,5195,275002056
5195,275241203,5195,275312501
5195,275551511,5195,275613363
5195,275852472,5195,275915768
5195,276171745,5195,276234719
5195,276478343,5195,276540228
5195,276779351,5195,276841823
5195,277080776,5195,277139894
5195,277379010,5195,277438502
5195,277677549,5195,277739423
5195,277978494,5195,278043195
5195,278282678,5195,278343480
5195,278582803,5195,278645102
5195,278884218,5195,278954493
5195,279193470,5195,279261522
5195,279500948,5195,279562850
5195,279801753,5195,279864555
5195,280120602,5195,280183343
5195,280422250,5195,280484675
5195,280724381,5195,280786060
5195,281025559,5195,281093868
5195,281333085,5195,281395530
5195,281634756,5195,281696511
5195,281935784,5195,282000769
5195,282240216,5195,282301927
5195,282541011,5195,282601376
5195,282840466,5195,282903101
5195,283142844,5195,283202526
5195,283441562,5195,283501384
5195,283740470,5195,283801878
5195,284041312,5195,284105563
5195,284345100,5195,284408662
5195,284647678,5195,284708927
5195,284948066,5195,285010458
5195,285249614,5195,285309983
5195,285549086,5195,285611234
5195,285850517,5195,285912679
5195,286151599,5195,286212170
5195,286451297,5195,286511145
5195,286750282,5195,286811224
5195,287050360,5195,287111598
5195,287350758,5195,287411926
5195,287650956,5195,287713678
5195,287952674,5195,288030947
5195,288270379,5195,288340165
5195,288579118,5195,288648440
5195,288887516,5195,288949788
5195,289189454,5195,289249760
5195,289488842,5195,289549974
5195,289789371,5195,289850356
5195,290089326,5195,290153260
5195,290392814,5195,290462312
5195,290701475,5195,290763911
5195,291003060,5195,291064349
5195,291303192,5195,291364107
5195,291603167,5195,291664081
5195,291903142,5195,291963740
5195,292219670,5195,292283665
5195,292522662,5195,292582900
5195,292822520,5195,292882674
5195,293122201,5195,293183973
5195,293422939,5195,293484858
5195,293723971,5195,293787573
5195,294026925,5195,294091691
5195,294331017,5195,294392005
5195,294631035,5195,294698380
5195,294937184,5195,294999009
5195,295238918,5195,295298217
5195,295537196,5195,295597338
5195,295836285,5195,295898350
5195,296154053,5195,296218405
5195,296457695,5195,296519720
5195,296758866,5195,296819628
5195,297058608,5195,297120126
5195,297359343,5195,297421584
5195,297661004,5195,297721739
5195,297960719,5195,298031984
5195,298271054,5195,298342273
5195,298581576,5195,298646591
5195,298885621,5195,298946089
5195,299185133,5195,299248374
5195,299487271,5195,299550572
5195,299789526,5195,299853481
5195,300109421,5195,300174439
5195,300413413,5195,300481421
5195,300720244,5195,300782709
5195,301021542,5195,301082437
5195,301321281,5195,301382949
5195,301622026,5195,301685044
5195,301924060,5195,301988355
5195,302227302,5195,302290270
5195,302529373,5195,302591285
5195,302830581,5195,302892556
5195,303131613,5195,303192868
5195,303436085,5195,303500033
5195,303739319,5195,303808098
5195,304063962,5195,304127587
5195,304366503,5195,304428578
5195,304667681,5195,304727720
5195,304967359,5195,305028894
5195,305267771,5195,305330182
5195,305569123,5195,305630974
5195,305869984,5195,305940129
5195,306179715,5195,306247671
5195,306486671,5195,306548619
5195,306787872,5195,306849340
5195,307088387,5195,307149289
5195,307388872,5195,307449507
5195,307688550,5195,307747972
5195,307986998,5195,308049736
5195,308289009,5195,308352361
5195,308591908,5195,308653929
5195,308893486,5195,308953937
5195,309193017,5195,309254819
5195,309494095,5195,309555274
5195,309795173,5195,309855675
5195,310094982,5195,310155807
5195,310394973,5195,310456755
5195,310695645,5195,310757936
5195,310997070,5195,311057611
5195,311296564,5195,311358069
5195,311597396,5195,311658904
5195,311898050,5195,311961049
5195,312225396,5195,312290395
5195,312529454,5195,312591509
5195,312831409,5195,312892697
5195,313131898,5195,313193972
5195,313432849,5195,313493884
5195,313732804,5195,313794995
5195,314034955,5195,314100147
5195,314339097,5195,314400125
5195,314639142,5195,314700150
5195,314939297,5195,315000831
5195,315239765,5195,315301286
5195,315540379,5195,315609618
5195,315848474,5195,315918589
5195,316174666,5195,316238982
5195,316478031,5195,316541166
5195,316780110,5195,316841538
5195,317080818,5195,317142596
5195,317381646,5195,317450821
5195,317689921,5195,317754803
5195,317994306,5195,318057444
5195,318296371,5195,318358893
5195,318597976,5195,318659638
5195,318898791,5195,318960369
5195,319199756,5195,319261580
5195,319500694,5195,319562159
5195,319801229,5195,319863264
5195,320119414,5195,320181859
5195,320420999,5195,320481910
5195,320721014,5195,320782965
5195,321022115,5195,321082527
5195,321321730,5195,321381582
5195,321620494,5195,321681606
5195,321920746,5195,321985361
5195,322224435,5195,322285149
5195,322524896,5195,322584074
5195,322822827,5195,322883962
5195,323123182,5195,323184157
5195,323423333,5195,323484862
5195,323723845,5195,323785603
5195,324041844,5195,324104595
5195,324343732,5195,324407757
5195,324646813,5195,324707282
5195,324946298,5195,325009230
5195,325248336,5195,325310095
5195,325549175,5195,325608636
5195,325847749,5195,325910261
5195,326150054,5195,326212066
5195,326451495,5195,326511914
5195,326750894,5195,326812539
5195,327051545,5195,327113667
5195,327352740,5195,327413712
5195,327653088,5195,327714487
5195,327953616,5195,328032522
5195,328271762,5195,328336200
5195,328576053,5195,328638808
5195,328877698,5195,328938393
5195,329177423,5195,329238678
5195,329477887,5195,329538726
5195,329777979,5195,329841417
5195,330080681,5195,330145189
5195,330388772,5195,330454388
5195,330693464,5195,330755569
5195,330995045,5195,331058047
5195,331297494,5195,331358458
5195,331597605,5195,331659143
5195,331898093,5195,331958492
5195,332214372,5195,332277087
5195,332516150,5195,332578388
5195,332817682,5195,332885927
5195,333124856,5195,333186568
5195,333425775,5195,333488393
5195,333727403,5195,333787344
5195,334026421,5195,334090769
5195,334329763,5195,334390331
5195,334630107,5195,334690989
5195,334930309,5195,334991711
5195,335230623,5195,335290745
5195,335529932,5195,335592547
5195,335831623,5195,335894498
5195,336150672,5195,336213504
5195,336452470,5195,336514262
5195,336753508,5195,336814850
5195,337054573,5195,337118052
5195,337357215,5195,337423377
5195,337662486,5195,337724035
5195,337963181,5195,338026909
5195,338266480,5195,338328448
5195,338567771,5195,338630826
5195,338870039,5195,338932531
5195,339171547,5195,339233182
5195,339472779,5195,339533841
5195,339772801,5195,339834069
5195,340089992,5195,340154394
5195,340393418,5195,340455889
5195,340695492,5195,340758464
5195,340997874,5195,341059982
5195,341299022,5195,341361950
5195,341600990,5195,341662018
5195,341901822,5195,341964730
5195,342204180,5195,342266698
5195,342505895,5195,342575447
5195,342814616,5195,342883108
5195,343122508,5195,343183443
5195,343422416,5195,343485048
5195,343724071,5195,343784613
5195,344040553,5195,344102488
5195,344341928,5195,344402143
5195,344641063,5195,344701798
5195,344940694,5195,345002429
5195,345241442,5195,345303474
5195,345543030,5195,345605145
5195,345844352,5195,345906453
5195,346145453,5195,346208842
5195,346447832,5195,346508540
5195,346748200,5195,346816238
5195,347055191,5195,347116400
5195,347355369,5195,347417708
5195,347656534,5195,347719252
5195,347958246,5195,348037071
5195,348276461,5195,348346566
5195,348585523,5195,348656725
5195,348895651,5195,348955283
5195,349194426,5195,349258101
5195,349497494,5195,349558982
5195,349797936,5195,349859150
5195,350098131,5195,350159902
5195,350399069,5195,350468931
5195,350707777,5195,350770649
5195,351009465,5195,351072330
5195,351311273,5195,351373385
5195,351612438,5195,351674373
5195,351913396,5195,351975058
5195,352230802,5195,352293246
5195,352532577,5195,352594498
5195,352833455,5195,352895840
5195,353135189,5195,353197288
5195,353436478,5195,353498406
5195,353737593,5195,353800614
5195,354039868,5195,354105056
5195,354344359,5195,354406854
5195,354646197,5195,354710132
5195,354949316,5195,355011087
5195,355250337,5195,355312372
5195,355551695,5195,355612437
5195,355851903,5195,355913792
5195,356169706,5195,356232274
5195,356471507,5195,356535236
5195,356774505,5195,356835940
5195,357074950,5195,357136045
5195,357379358,5195,357441693
5195,357681197,5195,357743442
5195,357982688,5195,358045493
5195,358284549,5195,358346691
5195,358585831,5195,358646813
5195,358886336,5195,358946957
5195,359186274,5195,359248279
5195,359487222,5195,359549180
5195,359788210,5195,359849742
5195,360106279,5195,360177141
5195,360416014,5195,360476522
5195,360715742,5195,360778301
5195,361017457,5195,361079309
5195,361318298,5195,361380723
5195,361619890,5195,361679358
5195,361918592,5195,361990994
5195,362229983,5195,362290612
5195,362529521,5195,362592160
5195,362831459,5195,362894451
5195,363133601,5195,363195286
5195,363434216,5195,363495741
5195,363735141,5195,363794669
5195,364039132,5195,364111824
5195,364350911,5195,364413246
5195,364652142,5195,364712867
5195,364952690,5195,365014609
5195,365253635,5195,365313687
5195,365552636,5195,365614175
5195,365853078,5195,365914480
5195,366153646,5195,366215478
5195,366454751,5195,366516356
5195,366755273,5195,366818941
5195,367058011,5195,367121113
5195,367360682,5195,367422594
5195,367661860,5195,367723609
5195,367962539,5195,368033510
5195,368272770,5195,368334052
5195,368573752,5195,368633690
5195,368872580,5195,368934965
5195,369174215,5195,369235066
5195,369474143,5195,369536314
5195,369776185,5195,369840473
5195,370079556,5195,370144928
5195,370384084,5195,370444873
5195,370683906,5195,370744651
5195,370984340,5195,371043889
5195,371282949,5195,371344730
5195,371583794,5195,371652372
5195,371891298,5195,371959000
5195,372215774,5195,372279092
5195,372518129,5195,372581254
5195,372820247,5195,372883099
5195,373122065,5195,373182780
5195,373421980,5195,373484205
5195,373723518,5195,373784763
5195,374023670,5195,374085178
5195,374324294,5195,374386066
5195,374625649,5195,374689641
5195,374928908,5195,374991956
5195,375230973,5195,375300895
5195,375540098,5195,375607356
5195,375846326,5195,375909618
5195,376151854,5195,376214756
5195,376453879,5195,376517218
5195,376756217,5195,376817799
5195,377057489,5195,377118067
5195,377357371,5195,377419369
5195,377658655,5195,377719640
5195,377958693,5195,378022162
5195,378261098,5195,378322607
5195,378562120,5195,378624881
5195,378863921,5195,378925316
5195,379164423,5195,379225734
5195,379464828,5195,379524929
5195,379764076,5195,379826311
5195,380067237,5195,380129552
5195,380370042,5195,380432020
5195,380672797,5195,380735699
5195,380974859,5195,381045614
5195,381284813,5195,381355845
5195,381595045,5195,381657357
5195,381896867,5195,381959959
5195,382199018,5195,382259533
5195,382498853,5195,382559928
5195,382799204,5195,382866410
5195,383105443,5195,383172528
5195,383411551,5195,383473723
5195,383712673,5195,383774735
5195,384030991,5195,384093150
5195,384336323,5195,384400675
5195,384639818,5195,384702470
5195,384941649,5195,385011248
5195,385250265,5195,385317950
5195,385556996,5195,385618498
5195,385857821,5195,385921596
5195,386160639,5195,386221157
5195,386460134,5195,386521695
5195,386761495,5195,386821210
5195,387060357,5195,387128155
5195,387367215,5195,387434080
5195,387673047,5195,387734245
5195,387974102,5195,388053164
5195,388292443,5195,388355735
5195,388594818,5195,388655503
5195,388894503,5195,388963212
5195,389203005,5195,389272200
5195,389511533,5195,389572232
5195,389811225,5195,389879810
5195,390118927,5195,390180755
5195,390420208,5195,390482173
5195,390721176,5195,390782758
5195,391021748,5195,391092600
5195,391331666,5195,391391498
5195,391631161,5195,391691806
5195,391931082,5195,391991678
5195,392247771,5195,392311290
5195,392550189,5195,392611675
5195,392851124,5195,392912709
5195,393152042,5195,393213364
5195,393452487,5195,393513975
5195,393752952,5195,393813244
5195,394052254,5195,394115639
5195,394354802,5195,394416550
5195,394655410,5195,394716808
5195,394955835,5195,395017036
5195,395256856,5195,395320138
5195,395559721,5195,395622036
5195,395861046,5195,395921164
5195,396176931,5195,396239836
5195,396478963,5195,396541494
5195,396780424,5195,396842146
5195,397081156,5195,397144164
5195,397383314,5195,397444489
5195,397683405,5195,397744054
5195,397983033,5195,398044755
5195,398283818,5195,398344726
5195,398583927,5195,398645718
5195,398884768,5195,398947003
5195,399186113,5195,399249385
5195,399488647,5195,399550246
5195,399789362,5195,399850421
5195,400106178,5195,400168433
5195,400407489,5195,400471221
5195,400710361,5195,400771409
5195,401010489,5195,401072384
5195,401312200,5195,401372325
5195,401611675,5195,401673427
5195,401912457,5195,401975565
5195,402214605,5195,402277233
5195,402516773,5195,402576428
5195,402815484,5195,402878313
5195,403117326,5195,403179211
5195,403418181,5195,403478236
5195,403717972,5195,403778617
5195,404034697,5195,404099076
5195,404338032,5195,404397410
5195,404636554,5195,404697149
5195,404936729,5195,404996134
5195,405235300,5195,405297112
5195,405536051,5195,405597317
5195,405836356,5195,405899521
5195,406139261,5195,406200043
5195,406439086,5195,406500504
5195,406739761,5195,406801602
5195,407040729,5195,407101514
5195,407341270,5195,407403842
5195,407642862,5195,407703637
5195,407942630,5195,408027696
5195,408267239,5195,408331441
5195,408570514,5195,408633589
5195,408872772,5195,408933364
5195,409172604,5195,409234785
5195,409473935,5195,409535147
5195,409774683,5195,409834235
5195,410073441,5195,410144053
5195,410383397,5195,410443708
5195,410682858,5195,410746403
5195,410985666,5195,411049018
5195,411292785,5195,411354643
5195,411593696,5195,411657158
5195,411896184,5195,411965896
5195,412222767,5195,412286842
5195,412525971,5195,412587607
5195,412826536,5195,412887241
5195,413126388,5195,413186463
5195,413426376,5195,413486614
5195,413725921,5195,413787519
5195,414026672,5195,414097054
5195,414336227,5195,414399756
5195,414639592,5195,414703717
5195,414943261,5195,415005309
5195,415244439,5195,415306650
5195,415545683,5195,415605858
5195,415845585,5195,415907783
5195,416163867,5195,416228592
5195,416467595,5195,416528483
5195,416767560,5195,416827322
5195,417067014,5195,417128630
5195,417367943,5195,417429104
5195,417668088,5195,417730086
5195,417969079,5195,418031231
5195,418270277,5195,418329996
5195,418568935,5195,418628427
5195,418867757,5195,418930222
5195,419169251,5195,419228627
5195,419467636,5195,419528785
5195,419768064,5195,419829703
5195,420068856,5195,420130237
5195,420369328,5195,420429976
5195,420669129,5195,420730717
5195,420969977,5195,421031379
5195,421270272,5195,421331864
5195,421570970,5195,421632145
5195,421871015,5195,421934163
5195,422173143,5195,422233701
5195,422472881,5195,422533426
5195,422772463,5195,422832444
5195,423071501,5195,423132093
5195,423371025,5195,423432744
5195,423671940,5195,423734789
5195,423973662,5195,424051041
5195,424290167,5195,424353766
5195,424593102,5195,424655097
5195,424894223,5195,424954535
5195,425193505,5195,425253733
5195,425493620,5195,425561352
5195,425800485,5195,425879443
5195,426118507,5195,426181495
5195,426420498,5195,426481856
5195,426721016,5195,426781808
5195,427020868,5195,427081726
5195,427320692,5195,427382214
5195,427621341,5195,427688596
5195,427928089,5195,427991257
5195,428247371,5195,428310086
5195,428549113,5195,428610021
5195,428849018,5195,428909672
5195,429148652,5195,429209917
5195,429448977,5195,429510909
5195,429750102,5195,429812617
5195,430051660,5195,430116662
5195,430355602,5195,430417920
5195,430657033,5195,430718812
5195,430957955,5195,431020313
5195,431259390,5195,431322055
5195,431560945,5195,431621999
5195,431861206,5195,431923618
5195,432179518,5195,432242043
5195,432481033,5195,432541154
5195,432780198,5195,432840766
5195,433079999,5195,433142604
5195,433381477,5195,433443216
5195,433682272,5195,433742841
5195,433981980,5195,434048159
5195,434287642,5195,434349990
5195,434589094,5195,434650338
5195,434889538,5195,434952190
5195,435191890,5195,435255065
5195,435493941,5195,435563423
5195,435802536,5195,435864645
5195,436120571,5195,436183080
5195,436422140,5195,436483891
5195,436722711,5195,436784023
5195,437022960,5195,437083351
5195,437322381,5195,437384019
5195,437622962,5195,437683654
5195,437922604,5195,437985149
5195,438228365,5195,438291050
5195,438530184,5195,438590882
5195,438829889,5195,438889850
5195,439129047,5195,439189435
5195,439428435,5195,439497277
5195,439736089,5195,439796975
5195,440053065,5195,440117693
5195,440356630,5195,440418292
5195,440657258,5195,440720096
5195,440958899,5195,441026991
5195,441266555,5195,441333870
5195,441573316,5195,441633735
5195,441872627,5195,441937063
5195,442175989,5195,442239044
5195,442478564,5195,442540565
5195,442779906,5195,442842377
5195,443081267,5195,443143259
5195,443382162,5195,443444047
5195,443683366,5195,443744075
5195,443983011,5195,444061174
5195,444300323,5195,444363262
5195,444602098,5195,444663037
5195,444903050,5195,444966178
5195,445205212,5195,445267306
5195,445506356,5195,445568981
5195,445808061,5195,445879186
5195,446118860,5195,446182018
5195,446421405,5195,446484823
5195,446723639,5195,446784325
5195,447023157,5195,447084539
5195,447323542,5195,447385677
5195,447624677,5195,447685622
5195,447924592,5195,447985840
5195,448241677,5195,448305099
5195,448544539,5195,448603964
5195,448842924,5195,448904159
5195,449143182,5195,449209720
5195,449448677,5195,449510405
5195,449749455,5195,449811920
5195,450051220,5195,450114121
5195,450353071,5195,450415186
5195,450654103,5195,450723445
5195,450963084,5195,451032240
5195,451271476,5195,451335538
5195,451574481,5195,451636229
5195,451875113,5195,451934688
5195,452190831,5195,452254939
5195,452494243,5195,452557391
5195,452796444,5195,452855976
5195,453095169,5195,453155374
5195,453394850,5195,453457562
5195,453697368,5195,453761917
5195,454001040,5195,454065968
5195,454304899,5195,454365363
5195,454604490,5195,454666252
5195,454905588,5195,454966697
5195,455205863,5195,455266885
5195,455505901,5195,455569056
5195,455808913,5195,455870961
5195,456126964,5195,456189906
5195,456428879,5195,456487708
5195,456726801,5195,456787316
5195,457027076,5195,457090624
5195,457329554,5195,457391355
5195,457630249,5195,457693707
5195,457932853,5195,457996785
5195,458236118,5195,458303710
5195,458542870,5195,458612072
5195,458851055,5195,458910793
5195,459149956,5195,459211905
5195,459451401,5195,459512216
5195,459751339,5195,459813634
5195,460069365,5195,460132530
5195,460371513,5195,460432228
5195,460671154,5195,460733756
5195,460972733,5195,461035467
5195,461274471,5195,461336632
5195,461575572,5195,461638111
5195,461877384,5195,461941709
5195,462181075,5195,462251097
5195,462490070,5195,462557175
5195,462796125,5195,462856680
5195,463095823,5195,463156652
5195,463395921,5195,463456540
5195,463695553,5195,463758748
5195,463997901,5195,464083394
5195,464322617,5195,464390985
5195,464630372,5195,464694177
5195,464933147,5195,464994025
5195,465237215,5195,465302363
5195,465541783,5195,465603825
5195,465842705,5195,465907497
5195,466146493,5195,466208725
5195,466447618,5195,466510516
5195,466750189,5195,466812411
5195,467051385,5195,467113173
5195,467352373,5195,467411994
5195,467651061,5195,467712373
5195,467952172,5195,468030688
5195,468270044,5195,468339466
5195,468578419,5195,468640458
5195,468879467,5195,468940906
5195,469180592,5195,469242924
5195,469481977,5195,469544205
5195,469783495,5195,469845710
5195,470084680,5195,470147492
5195,470386725,5195,470448683
5195,470688076,5195,470747528
5195,470986701,5195,471046953
