5209,121666808,5209,121940248
5209,122488053,5209,122735720
5209,123252754,5209,123516721
5209,124036002,5209,124280386
5209,124792103,5209,125046700
5209,125565654,5209,125813214
5209,126318654,5209,126511480
5209,126992666,5209,127182778
5209,127663198,5209,127863846
5209,128348369,5209,128498567
5209,128978573,5209,129156971
5209,129637044,5209,129810289
5209,130289632,5209,130488234
5209,130967630,5209,131145382
5209,131624728,5209,131807199
5209,132289076,5209,132407309
5209,132886975,5209,133047139
5209,133526346,5209,133657646
5209,134137699,5209,134267509
5209,134747189,5209,134874579
5209,135353905,5209,135504612
5209,135983968,5209,136154650
5209,136642206,5209,136757326
5209,137237086,5209,137365436
5209,137844503,5209,137990450
5209,138469586,5209,138597759
5209,139077846,5209,139186089
5209,139665242,5209,139784972
5209,140267101,5209,140347564
5209,140826784,5209,140949350
5209,141428736,5209,141559080
5209,142038300,5209,142176843
5209,142656050,5209,142792177
5209,143271280,5209,143400974
5209,143880597,5209,144026351
5209,144506010,5209,144636564
5209,145115800,5209,145246620
5209,145725870,5209,145846473
5209,146325583,5209,146454680
5209,146934103,5209,147056620
5209,147535793,5209,147665630
5209,148161653,5209,148292223
5209,148771463,5209,148886876
5209,149366306,5209,149486329
5209,149965492,5209,150088639
5209,150567829,5209,150689975
5209,151169045,5209,151291008
5209,151770601,5209,151891014
5209,152386931,5209,152525052
5209,153004351,5209,153125418
5209,153604591,5209,153725704
5209,154205087,5209,154348077
5209,154827957,5209,154956664
5209,155435854,5209,155571927
5209,156068101,5209,156184557
5209,156663644,5209,156799524
5209,157279440,5209,157414420
5209,157893507,5209,158024904
5209,158504187,5209,158617460
5209,159096600,5209,159231763
5209,159710776,5209,159817272
5209,160297789,5209,160384265
5209,160863288,5209,160985221
5209,161464384,5209,161591428
5209,162070461,5209,162209424
5209,162689117,5209,162810437
5209,163289717,5209,163391897
5209,163871120,5209,163991999
5209,164488320,5209,164625183
5209,165104440,5209,165233037
5209,165712300,5209,165841279
5209,166320499,5209,166457606
5209,166936746,5209,167064633
5209,167543856,5209,167671999
5209,168151406,5209,168267225
5209,168746465,5209,168882166
5209,169362089,5209,169485112
5209,169964585,5209,170094992
5209,170574145,5209,170670730
5209,171149890,5209,171258960
5209,171738309,5209,171869057
5209,172365323,5209,172499980
5209,172979293,5209,173108486
5209,173587669,5209,173688742
5209,174167975,5209,174320566
5209,174799696,5209,174935106
5209,175414129,5209,175508662
5209,175987851,5209,176142706
5209,176622422,5209,176768336
5209,177247549,5209,177377199
5209,177864556,5209,177997563
5209,178476949,5209,178605939
5209,179085609,5209,179215196
5209,179694125,5209,179822596
5209,180318813,5209,180442066
5209,180921229,5209,181050672
5209,181529975,5209,181654042
5209,182133509,5209,182259105
5209,182738098,5209,182867048
5209,183346211,5209,183470542
5209,183949705,5209,184079934
5209,184559117,5209,184688541
5209,185167591,5209,185280737
5209,185759974,5209,185901077
5209,186380090,5209,186502584
5209,186981447,5209,187103180
5209,187582963,5209,187684386
5209,188188456,5209,188310786
5209,188790119,5209,188918576
5209,189397692,5209,189520222
5209,189999585,5209,190118092
5209,190597228,5209,190725265
5209,191204318,5209,191334375
5209,191813318,5209,191941774
5209,192438151,5209,192555644
5209,193034667,5209,193170528
5209,193649514,5209,193785888
5209,194265001,5209,194396308
5209,194875537,5209,194994424
5209,195473621,5209,195594884
5209,196091244,5209,196229454
5209,196708617,5209,196843358
5209,197322868,5209,197436841
5209,197916007,5209,198039387
5209,198518596,5209,198640126
5209,199119439,5209,199240566
5209,199719633,5209,199848576
5209,200344976,5209,200475109
5209,200954132,5209,201090246
5209,201569429,5209,201705886
5209,202185043,5209,202324506
5209,202803429,5209,202938720
5209,203417696,5209,203546836
5209,204043926,5209,204168026
5209,204647616,5209,204776456
5209,205255499,5209,205385109
5209,205864059,5209,206010086
5209,206489129,5209,206625300
5209,207105036,5209,207225909
5209,207705265,5209,207811418
5209,208307839,5209,208436399
5209,208915715,5209,209037992
5209,209516938,5209,209644125
5209,210123221,5209,210229674
5209,210708924,5209,210838537
5209,211317647,5209,211446941
5209,211926070,5209,212065844
5209,212545311,5209,212673937
5209,213153074,5209,213275160
5209,213754303,5209,213896617
5209,214375897,5209,214512997
5209,214992130,5209,215114994
5209,215594173,5209,215723283
5209,216219857,5209,216336567
5209,216816550,5209,216931920
5209,217411096,5209,217531742
5209,218010949,5209,218128648
5209,218607938,5209,218735608
5209,219214805,5209,219330761
5209,219810228,5209,219937701
5209,220434095,5209,220565818
5209,221045064,5209,221167178
5209,221646511,5209,221768751
5209,222248134,5209,222391654
5209,222870871,5209,223000428
5209,223479754,5209,223616798
5209,224113671,5209,224238225
5209,224717487,5209,224846265
5209,225325214,5209,225461041
5209,225940304,5209,226062318
5209,226542317,5209,226657897
5209,227137060,5209,227258186
5209,227737543,5209,227859506
5209,228355540,5209,228472776
5209,228952679,5209,229082379
5209,229561856,5209,229690256
5209,230169349,5209,230301899
5209,230781299,5209,230909429
5209,231389042,5209,231519596
5209,232020359,5209,232145249
5209,232624626,5209,232760272
5209,233239312,5209,233368892
5209,233848195,5209,233970129
5209,234449085,5209,234562762
5209,235041908,5209,235172831
5209,235651851,5209,235781002
5209,236276878,5209,236406469
5209,236885572,5209,237017665
5209,237496958,5209,237624198
5209,238103495,5209,238226021
5209,238705221,5209,238826124
5209,239305720,5209,239426204
5209,239905423,5209,240041400
5209,240519573,5209,240647407
5209,241126076,5209,241261850
5209,241739923,5209,241884220
5209,242362450,5209,242499434
5209,242977787,5209,243119121
5209,243597263,5209,243715223
5209,244194953,5209,244327650
5209,244807969,5209,244937356
5209,245417353,5209,245541276
5209,246020906,5209,246152349
5209,246632192,5209,246748315
5209,247227395,5209,247350495
5209,247829498,5209,247951432
5209,248518050,5209,248638016
5209,249117136,5209,249253043
5209,249732436,5209,249853016
5209,250332423,5209,250454760
5209,250934023,5209,251049396
5209,251528879,5209,251656662
5209,252152876,5209,252283029
5209,252762309,5209,252884166
5209,253364072,5209,253484828
5209,253964018,5209,254094392
5209,254573528,5209,254703098
5209,255182194,5209,255310708
5209,255790014,5209,255904574
5209,256400667,5209,256516457
5209,256995857,5209,257119360
5209,257598577,5209,257705093
5209,258184436,5209,258314413
5209,258793539,5209,258922013
5209,259400999,5209,259536029
5209,260039880,5209,260168983
5209,260648013,5209,260784793
5209,261263973,5209,261399773
5209,261878793,5209,262015090
5209,262494896,5209,262629596
5209,263108946,5209,263230456
5209,263709696,5209,263843609
5209,264347616,5209,264476750
5209,264956356,5209,265085643
5209,265565290,5209,265687053
5209,266166176,5209,266282389
5209,266761375,5209,266882835
5209,267361992,5209,267472535
5209,267951765,5209,268096775
5209,268576338,5209,268713765
5209,269192938,5209,269328092
5209,269807315,5209,269923534
5209,270402731,5209,270522854
5209,271001940,5209,271123934
5209,271603130,5209,271736897
5209,272241377,5209,272370631
5209,272849834,5209,272979901
5209,273458897,5209,273587234
5209,274066294,5209,274190257
5209,274669613,5209,274801627
5209,275280603,5209,275387023
5209,275866492,5209,275986819
5209,276490772,5209,276614416
5209,277093766,5209,277209139
5209,277688345,5209,277816789
5209,278295938,5209,278431979
5209,278910962,5209,279047336
5209,279527175,5209,279655269
5209,280159302,5209,280292140
5209,280771329,5209,280914063
5209,281393146,5209,281527706
5209,282006969,5209,282138606
5209,282618009,5209,282730772
5209,283213185,5209,283313608
5209,283792701,5209,283928878
5209,284432792,5209,284557565
5209,285036848,5209,285158855
5209,285638171,5209,285760764
5209,286252121,5209,286379135
5209,286859114,5209,286994778
5209,287474558,5209,287588527
5209,288092441,5209,288230128
5209,288709721,5209,288838871
5209,289318577,5209,289441408
5209,289920844,5209,290044187
5209,290523370,5209,290655951
5209,291135277,5209,291250813
5209,291730070,5209,291857329
5209,292361343,5209,292484593
5209,292963750,5209,293092777
5209,293571863,5209,293700770
5209,294179713,5209,294317613
5209,294796663,5209,294920997
5209,295400240,5209,295513699
5209,295993016,5209,296147163
5209,296626409,5209,296750049
5209,297229539,5209,297362826
5209,297841999,5209,297966242
5209,298445419,5209,298576099
5209,299055469,5209,299178298
5209,299657438,5209,299786022
5209,300289972,5209,300427626
5209,300906772,5209,301043259
5209,301522402,5209,301650505
5209,302129748,5209,302260532
5209,302739572,5209,302865805
5209,303344971,5209,303488852
5209,303967965,5209,304121739
5209,304601019,5209,304721916
5209,305201082,5209,305330189
5209,305809305,5209,305939972
5209,306419205,5209,306540542
5209,307019795,5209,307134064
5209,307613298,5209,307742968
5209,308247072,5209,308378548
5209,308858341,5209,308981418
5209,309460545,5209,309591575
5209,310070574,5209,310209822
5209,310688965,5209,310831792
5209,311311702,5209,311430785
5209,311909841,5209,312044888
5209,312524291,5209,312646591
5209,313125944,5209,313261018
5209,313740694,5209,313879217
5209,314358280,5209,314474154
5209,314953217,5209,315080877
5209,315560063,5209,315688413
5209,316192120,5209,316314237
5209,316793426,5209,316914667
5209,317393686,5209,317513790
5209,317992913,5209,318102459
5209,318581902,5209,318711275
5209,319190688,5209,319322222
5209,319801378,5209,319945632
5209,320427662,5209,320557805
5209,321037018,5209,321165965
5209,321645032,5209,321774419
5209,322253565,5209,322384288
5209,322863458,5209,323007342
5209,323486458,5209,323616229
5209,324096375,5209,324189834
5209,324668917,5209,324797861
5209,325276977,5209,325393394
5209,325872330,5209,326004404
5209,326483933,5209,326613330
5209,327092420,5209,327237017
5209,327716380,5209,327853534
5209,328357300,5209,328488121
5209,328967174,5209,329095814
5209,329575217,5209,329682786
5209,330161843,5209,330293560
5209,330772556,5209,330915430
5209,331394730,5209,331514816
5209,331993926,5209,332139450
5209,332618953,5209,332756537
5209,333235956,5209,333364783
5209,333843949,5209,333961359
5209,334440639,5209,334563049
5209,335042209,5209,335165119
5209,335644975,5209,335774242
5209,336278282,5209,336399979
5209,336879362,5209,337008332
5209,337487292,5209,337615552
5209,338095225,5209,338221148
5209,338700251,5209,338822131
5209,339301098,5209,339437161
5209,339916271,5209,340077192
5209,340561345,5209,340685682
5209,341164975,5209,341293885
5209,341772891,5209,341912722
5209,342391841,5209,342527325
5209,343006635,5209,343134145
5209,343613431,5209,343720751
5209,344216798,5209,344353908
5209,344833081,5209,344956198
5209,345435691,5209,345571734
5209,346050821,5209,346174321
5209,346653371,5209,346782120
5209,347261423,5209,347404461
5209,347884320,5209,348023198
5209,348502701,5209,348618344
5209,349097400,5209,349233301
5209,349712254,5209,349836453
5209,350316440,5209,350469418
5209,350948864,5209,351060727
5209,351539823,5209,351667347
5209,352163247,5209,352293964
5209,352773047,5209,352895000
5209,353374033,5209,353496553
5209,353975386,5209,354100493
5209,354579422,5209,354708619
5209,355187916,5209,355315942
5209,355795205,5209,355921582
5209,356417579,5209,356547786
5209,357026905,5209,357157019
5209,357636219,5209,357764162
5209,358243215,5209,358380732
5209,358860028,5209,358988019
5209,359467148,5209,359603309
5209,360100039,5209,360230376
5209,360709562,5209,360838502
5209,361317609,5209,361444082
5209,361923351,5209,362060425
5209,362539578,5209,362672532
5209,363151862,5209,363264955
5209,363744048,5209,363864721
5209,364360647,5209,364484684
5209,364964081,5209,365099408
5209,365578557,5209,365707771
5209,366187057,5209,366340628
5209,366820078,5209,366955888
5209,367435305,5209,367562958
5209,368058992,5209,368182552
5209,368661761,5209,368790548
5209,369269991,5209,369406625
5209,369886538,5209,370014911
5209,370494118,5209,370607187
5209,371086397,5209,371216267
5209,371695247,5209,371830954
5209,372327718,5209,372451081
5209,372930130,5209,373051754
5209,373530930,5209,373656947
5209,374135893,5209,374267723
5209,374746779,5209,374861149
5209,375340389,5209,375454162
5209,375933302,5209,376063602
5209,376542725,5209,376680966
5209,377160092,5209,377281428
5209,377760885,5209,377891295
5209,378370355,5209,378507202
5209,378986372,5209,379120755
5209,379600685,5209,379721262
5209,380204845,5209,380295660
5209,380782277,5209,380908657
5209,381387720,5209,381522964
5209,382002140,5209,382131850
5209,382610997,5209,382724593
5209,383203966,5209,383324326
5209,383803422,5209,383933269
5209,384443887,5209,384560606
5209,385040223,5209,385177086
5209,385656543,5209,385778223
5209,386257339,5209,386402210
5209,386881313,5209,387003316
5209,387482312,5209,387610726
5209,388106662,5209,388243126
5209,388722136,5209,388845366
5209,389324542,5209,389467493
5209,389947389,5209,390070389
5209,390549768,5209,390678469
5209,391157649,5209,391291985
5209,391771015,5209,391892658
5209,392389482,5209,392513748
5209,392992868,5209,393112762
5209,393591888,5209,393713601
5209,394192774,5209,394323241
5209,394806788,5209,394932534
5209,395411754,5209,395539571
5209,396035471,5209,396166285
5209,396645434,5209,396774061
5209,397253017,5209,397381374
5209,397860531,5209,397990354
5209,398469717,5209,398605567
5209,399084814,5209,399214507
5209,399694514,5209,399816390
5209,400312527,5209,400447327
5209,400926604,5209,401055390
5209,401534447,5209,401662877
5209,402142010,5209,402259196
5209,402738413,5209,402858729
5209,403337899,5209,403459502
5209,403938542,5209,404070932
5209,404550215,5209,404680862
5209,405160075,5209,405290372
5209,405769705,5209,405909976
5209,406389049,5209,406510659
5209,406990669,5209,407105625
5209,407584698,5209,407721295
5209,408217328,5209,408340065
5209,408819575,5209,408957325
5209,409436321,5209,409559102
5209,410038215,5209,410154394
5209,410633597,5209,410768638
5209,411247981,5209,411368327
5209,411847600,5209,411954590
5209,412450447,5209,412572870
5209,413051929,5209,413173600
5209,413652776,5209,413775856
5209,414255396,5209,414377769
5209,414856868,5209,414984329
5209,415463532,5209,415597508
5209,416093579,5209,416223675
5209,416703328,5209,416838486
5209,417317649,5209,417446075
5209,417925242,5209,418062032
5209,418541385,5209,418677712
5209,419156932,5209,419281468
5209,419760638,5209,419895509
5209,420391395,5209,420521332
5209,421001175,5209,421131582
5209,421611148,5209,421724915
5209,422203928,5209,422339995
5209,422819101,5209,422943942
5209,423423251,5209,423545044
5209,424041068,5209,424156105
5209,424635454,5209,424764437
5209,425243547,5209,425373238
5209,425853147,5209,425991811
5209,426470907,5209,426592761
5209,427071804,5209,427186037
5209,427665206,5209,427799246
5209,428295090,5209,428425653
5209,428905250,5209,429033503
5209,429512580,5209,429641676
5209,430120849,5209,430253040
5209,430732186,5209,430859709
5209,431338812,5209,431452279
5209,431931285,5209,432069259
5209,432548422,5209,432670755
5209,433150668,5209,433273168
5209,433752201,5209,433883805
5209,434362871,5209,434499048
5209,434978181,5209,435113955
5209,435593225,5209,435714221
5209,436210258,5209,436334098
5209,436813314,5209,436936534
5209,437415747,5209,437544348
5209,438023484,5209,438144894
5209,438624290,5209,438737753
5209,439216880,5209,439358237
5209,439837560,5209,439966107
5209,440462143,5209,440585284
5209,441064493,5209,441177910
5209,441657143,5209,441786819
5209,442266059,5209,442419500
5209,442899233,5209,443028050
5209,443507313,5209,443622269
5209,444118523,5209,444258023
5209,444737409,5209,444869243
5209,445349136,5209,445479473
5209,445959022,5209,446083233
5209,446562439,5209,446689339
5209,447168749,5209,447305213
5209,447784259,5209,447914219
5209,448410053,5209,448539542
5209,449023196,5209,449145576
5209,449624792,5209,449760232
5209,450239358,5209,450378192
5209,450857142,5209,450977912
5209,451456901,5209,451592579
5209,452088579,5209,452212892
5209,452692349,5209,452827812
5209,453307065,5209,453432929
5209,453912008,5209,454044049
5209,454523292,5209,454653972
5209,455133312,5209,455267052
5209,455746212,5209,455875519
5209,456371512,5209,456505616
5209,456984619,5209,457113105
5209,457593268,5209,457722376
5209,458201772,5209,458332762
5209,458811798,5209,458940039
5209,459419095,5209,459555462
5209,460051569,5209,460181972
5209,460661388,5209,460784665
5209,461263732,5209,461378538
5209,461857694,5209,461989014
5209,462468244,5209,462597381
5209,463076664,5209,463204521
5209,463683907,5209,463811637
5209,464307564,5209,464430471
5209,464909804,5209,465041154
5209,465520320,5209,465642463
5209,466121386,5209,466259523
5209,466738610,5209,466874090
5209,467353957,5209,467483517
5209,467962763,5209,468083183
5209,468563006,5209,468678039
5209,469157476,5209,469279479
5209,469759352,5209,469893046
5209,470372292,5209,470487028
5209,470966061,5209,471093398
5209,471572485,5209,471694245
5209,472191048,5209,472320988
5209,472800005,5209,472926855
5209,473406044,5209,473541765
5209,474020941,5209,474152411
5209,474631661,5209,474760324
5209,475239591,5209,475355030
5209,475834450,5209,475962957
5209,476458970,5209,476589711
5209,477068794,5209,477197027
5209,477676017,5209,477789673
5209,478269146,5209,478405403
5209,478884610,5209,479020977
5209,479500023,5209,479620146
5209,480116056,5209,480240353
5209,480719540,5209,480841339
5209,481320372,5209,481448549
5209,481928326,5209,482052346
5209,482531792,5209,482666719
5209,483145799,5209,483283856
5209,483763389,5209,483893122
5209,484390180,5209,484522456
5209,485001826,5209,485131466
5209,485610496,5209,485745669
5209,486224742,5209,486348966
5209,486828842,5209,486972716
5209,487451843,5209,487564552
5209,488060755,5209,488183909
5209,488663065,5209,488789605
5209,489269278,5209,489398042
5209,489877121,5209,489999808
5209,490478861,5209,490615915
5209,491095234,5209,491224315
5209,491703834,5209,491832901
5209,492328881,5209,492459011
5209,492938078,5209,493059718
5209,493538814,5209,493675324
5209,494155264,5209,494284894
5209,494764127,5209,494884740
5209,495363967,5209,495499944
5209,495979090,5209,496127711
5209,496607181,5209,496738018
5209,497217187,5209,497333694
5209,497812700,5209,497946790
5209,498426034,5209,498556894
5209,499036293,5209,499157653
5209,499637237,5209,499759103
5209,500255210,5209,500378110
5209,500857196,5209,500992203
5209,501472103,5209,501586313
5209,502065359,5209,502187039
5209,502666112,5209,502794369
5209,503278142,5209,503401922
5209,503881192,5209,504024446
5209,504504152,5209,504628139
5209,505107168,5209,505243529
5209,505722675,5209,505879343
5209,506359059,5209,506503100
5209,506982476,5209,507103339
5209,507582312,5209,507711299
5209,508207202,5209,508336456
5209,508815739,5209,508945616
5209,509424982,5209,509539468
5209,510018531,5209,510140701
5209,510619781,5209,510749061
5209,511228778,5209,511351797
5209,511831084,5209,511957911
5209,512453787,5209,512583598
5209,513062744,5209,513198484
5209,513678334,5209,513813634
5209,514292814,5209,514432195
5209,514911148,5209,515040154
5209,515519174,5209,515649871
5209,516133864,5209,516221513
5209,516700776,5209,516821873
5209,517301123,5209,517428943
5209,517907959,5209,518025059
5209,518504208,5209,518633392
5209,519112538,5209,519225971
5209,519705064,5209,519825084
5209,520304417,5209,520393203
5209,520872503,5209,521003349
5209,521482522,5209,521604286
5209,522083496,5209,522227883
5209,522707416,5209,522845599
5209,523324896,5209,523447732
5209,523927182,5209,524079880
5209,524559353,5209,524690209
5209,525169372,5209,525304316
5209,525784199,5209,525918276
5209,526397612,5209,526518596
5209,526997692,5209,527124049
5209,527603175,5209,527726575
5209,528223252,5209,528353816
5209,528833042,5209,528949305
5209,529428362,5209,529551691
5209,530030788,5209,530154995
5209,530634588,5209,530756654
5209,531235624,5209,531363871
5209,531843054,5209,531964524
5209,532460494,5209,532598078
5209,533077811,5209,533198287
5209,533679810,5209,533780423
5209,534259763,5209,534397937
5209,534877156,5209,535000623
5209,535479699,5209,535607813
5209,536103783,5209,536229400
5209,536708669,5209,536837069
5209,537316109,5209,537451559
5209,537931502,5209,538054386
5209,538533425,5209,538640892
5209,539120031,5209,539242478
5209,539721597,5209,539836074
5209,540331971,5209,540462041
5209,540941187,5209,541061187
5209,541540373,5209,541669404
5209,542148573,5209,542286341
5209,542766104,5209,542886763
5209,543365840,5209,543501790
5209,543980823,5209,544118903
5209,544598753,5209,544742497
5209,545221657,5209,545355817
5209,545835090,5209,545950790
5209,546430050,5209,546559183
5209,547039030,5209,547168313
5209,547647453,5209,547776766
5209,548272920,5209,548392717
5209,548871863,5209,549000316
5209,549479379,5209,549608023
5209,550087276,5209,550191289
5209,550670505,5209,550799825
5209,551279091,5209,551400958
5209,551880998,5209,552027955
5209,552507218,5209,552637348
5209,553116515,5209,553247281
5209,553726518,5209,553881412
5209,554361365,5209,554504042
5209,554983445,5209,555104989
5209,555584095,5209,555713545
5209,556209655,5209,556339345
5209,556819091,5209,556953069
5209,557436815,5209,557573932
5209,558052969,5209,558176492
5209,558655585,5209,558778985
5209,559258142,5209,559371318
5209,559850468,5209,559978961
5209,560475181,5209,560597514
5209,561076637,5209,561221111
5209,561700501,5209,561836735
5209,562316038,5209,562454185
5209,562933231,5209,563061781
5209,563540898,5209,563661004
5209,564157088,5209,564301112
5209,564780298,5209,564903935
5209,565383108,5209,565502621
5209,565981710,5209,566105381
5209,566584734,5209,566713970
5209,567193470,5209,567316830
5209,567795940,5209,567912306
5209,568408273,5209,568539476
5209,569018689,5209,569133929
5209,569613426,5209,569727046
5209,570206148,5209,570329745
5209,570808905,5209,570938242
5209,571417191,5209,571554035
5209,572050058,5209,572178935
5209,572658021,5209,572778675
5209,573257898,5209,573392818
5209,573872011,5209,574008672
5209,574487765,5209,574608881
5209,575088111,5209,575224005
5209,575703151,5209,575824488
5209,576320535,5209,576457695
5209,576936902,5209,577066065
5209,577544964,5209,577665764
5209,578145141,5209,578269331
5209,578749077,5209,578865347
5209,579344613,5209,579474457
5209,579953523,5209,580072240
5209,580558753,5209,580695030
5209,581174206,5209,581310073
5209,581789283,5209,581913013
5209,582392299,5209,582518863
5209,582998036,5209,583127082
5209,583607192,5209,583738502
5209,584234456,5209,584364636
5209,584843752,5209,584966889
5209,585446129,5209,585579529
5209,586058705,5209,586190706
5209,586669922,5209,586798795
5209,587278085,5209,587391365
5209,587870418,5209,587986034
5209,588482114,5209,588604568
5209,589083787,5209,589213228
5209,589692364,5209,589820637
5209,590299690,5209,590438184
5209,590917367,5209,591046374
5209,591525441,5209,591652997
5209,592148798,5209,592265111
5209,592744264,5209,592879567
5209,593358570,5209,593493304
5209,593972650,5209,594107071
5209,594586170,5209,594707337
5209,595186623,5209,595308096
5209,595787359,5209,595925633
5209,596421777,5209,596544397
5209,597023670,5209,597143823
5209,597623009,5209,597751939
5209,598231042,5209,598361946
5209,598841279,5209,598969236
5209,599448369,5209,599563492
5209,600045725,5209,600137347
5209,600616680,5209,600746164
5209,601225407,5209,601352644
5209,601831670,5209,601948993
5209,602428123,5209,602563793
5209,603043776,5209,603173210
5209,603652643,5209,603789916
5209,604286050,5209,604409960
5209,604889246,5209,605018830
5209,605497970,5209,605640013
5209,606119093,5209,606242230
5209,606721443,5209,606835916
5209,607315106,5209,607836546
5209,608333504,5209,608460387
5209,608940303,5209,609069874
5209,609549683,5209,609686593
5209,610166483,5209,610291137
5209,610771000,5209,610900673
5209,611379693,5209,611509186
5209,611992823,5209,612146027
5209,612625540,5209,612770294
5209,613249523,5209,613386374
5209,613865544,5209,613990397
5209,614469506,5209,614596483
5209,615075856,5209,615203186
5209,615682366,5209,615818406
5209,616314746,5209,616449737
5209,616929007,5209,617050346
5209,617529609,5209,617650133
5209,618129692,5209,618264983
5209,618744406,5209,618872342
5209,619351492,5209,619480496
5209,619959639,5209,620083585
5209,620563112,5209,620692932
5209,621172488,5209,621301258
5209,621780505,5209,621902822
5209,622381958,5209,622511441
5209,622990501,5209,623126895
5209,623605938,5209,623725795
5209,624222028,5209,624343491
5209,624822797,5209,624951888
5209,625431141,5209,625560387
5209,626039530,5209,626161957
5209,626641227,5209,626756184
5209,627235383,5209,627356783
5209,627835866,5209,627964236
5209,628460233,5209,628582743
5209,629061912,5209,629190716
5209,629669813,5209,629797779
5209,630276892,5209,630421246
5209,630900676,5209,631021232
5209,631500342,5209,631615935
5209,632111965,5209,632242365
5209,632723889,5209,632825935
5209,633305131,5209,633426498
5209,633905851,5209,634021711
5209,634501104,5209,634629927
5209,635109240,5209,635238980
5209,635718277,5209,635846800
5209,636350711,5209,636458760
5209,636938040,5209,637059377
5209,637538406,5209,637666193
5209,638145539,5209,638267346
5209,638746552,5209,638868682
5209,639347835,5209,639479739
5209,639959095,5209,640118693
5209,640598246,5209,640727643
5209,641206936,5209,641335592
5209,641814702,5209,641945496
5209,642425599,5209,642549102
5209,643028398,5209,643164762
5209,643643868,5209,643765152
5209,644261295,5209,644385112
5209,644864828,5209,644994305
5209,645473691,5209,645603058
5209,646082218,5209,646206688
5209,646685868,5209,646800091
5209,647279927,5209,647401847
5209,647881127,5209,648030244
5209,648509564,5209,648639337
5209,649118510,5209,649247844
5209,649727590,5209,649882851
5209,650361931,5209,650499098
5209,650978167,5209,651101698
5209,651581047,5209,651712011
5209,652209115,5209,652346832
5209,652826151,5209,652961625
5209,653441151,5209,653562868
5209,654042114,5209,654166708
5209,654646567,5209,654761190
5209,655240330,5209,655368550
5209,655847656,5209,655962803
5209,656458763,5209,656593207
5209,657072533,5209,657202593
5209,657682086,5209,657804399
5209,658283649,5209,658420479
5209,658899742,5209,659022816
5209,659502762,5209,659639372
5209,660135339,5209,660265839
5209,660744832,5209,660867129
5209,661346145,5209,661480389
5209,661960205,5209,662090689
5209,662569952,5209,662690165
5209,663169302,5209,663292538
5209,663771528,5209,663907228
5209,664403135,5209,664542145
5209,665021348,5209,665156926
5209,665636189,5209,665744838
5209,666228415,5209,666366775
5209,666845885,5209,666968931
5209,667448228,5209,667576968
5209,668072928,5209,668197398
5209,668676578,5209,668805961
5209,669284934,5209,669423992
5209,669903285,5209,670028051
5209,670507104,5209,670635338
5209,671114488,5209,671236474
5209,671715700,5209,671850051
5209,672346061,5209,672475788
5209,672955084,5209,673089311
5209,673568687,5209,673696338
5209,674175364,5209,674313721
5209,674793354,5209,674921231
5209,675400294,5209,675521547
5209,676022087,5209,676146050
5209,676626103,5209,676755887
5209,677235020,5209,677355813
5209,677834993,5209,677958683
5209,678437773,5209,678568436
5209,679047773,5209,679175393
5209,679654416,5209,679790933
5209,680286950,5209,680414270
5209,680893530,5209,681022477
5209,681502216,5209,681638723
5209,682118016,5209,682248233
5209,682727249,5209,682848586
5209,683327726,5209,683448446
5209,683927472,5209,684081060
5209,684560316,5209,684685896
5209,685165219,5209,685294419
5209,685773585,5209,685910106
5209,686389499,5209,686511665
5209,686990718,5209,687119918
5209,687598951,5209,687721771
5209,688217925,5209,688348585
5209,688828275,5209,688965615
5209,689444858,5209,689567752
5209,690046905,5209,690165018
5209,690644164,5209,690773054
5209,691252834,5209,691403831
5209,691883147,5209,692024215
5209,692504021,5209,692627995
5209,693107244,5209,693236501
5209,693715567,5209,693845645
5209,694325081,5209,694456618
5209,694935761,5209,695058501
5209,695537554,5209,695666237
5209,696162111,5209,696292808
5209,696772014,5209,696892734
5209,697371907,5209,697484800
5209,697964003,5209,698094416
5209,698573663,5209,698703693
5209,699182710,5209,699317680
5209,699796799,5209,699918033
5209,700413846,5209,700549093
5209,701028386,5209,701163726
5209,701642979,5209,701771096
5209,702250223,5209,702387783
5209,702867009,5209,702993333
5209,703473279,5209,703608149
5209,704104096,5209,704242540
5209,704721630,5209,704850220
5209,705329506,5209,705454610
5209,705933586,5209,706065759
5209,706544769,5209,706679743
5209,707159032,5209,707280252
5209,707759562,5209,707887925
5209,708371072,5209,708465198
5209,708944811,5209,709074558
5209,709553837,5209,709676111
5209,710155367,5209,710246613
5209,710725726,5209,710850606
5209,711330232,5209,711459629
5209,711938742,5209,712079020
5209,712558299,5209,712680549
5209,713160582,5209,713283609
5209,713762938,5209,713900332
5209,714379452,5209,714502122
5209,714981258,5209,715101458
5209,715580665,5209,715681027
5209,716176894,5209,716292094
5209,716771340,5209,716894343
5209,717373356,5209,717510440
5209,717989810,5209,718116700
5209,718596466,5209,718731906
5209,719210936,5209,719333409
5209,719812632,5209,719955103
5209,720455503,5209,720593847
5209,721073520,5209,721195747
5209,721674770,5209,721803836
5209,722282936,5209,722395416
5209,722874785,5209,723017026
5209,723496452,5209,723616856
5209,724112882,5209,724228455
5209,724707548,5209,724835296
5209,725315072,5209,725437378
5209,725916615,5209,726039258
5209,726518238,5209,726635948
5209,727115131,5209,727251391
5209,727731054,5209,727853124
5209,728348984,5209,728471718
5209,728950708,5209,729072157
5209,729551297,5209,729678934
5209,730158133,5209,730290694
5209,730770090,5209,730889956
5209,731369073,5209,731475799
5209,731954855,5209,732091576
