5204,893927491,5204,894173411
5204,894547037,5204,894789833
5204,895135937,5204,895366277
5204,895710915,5204,895959228
5204,896332781,5204,896566931
5204,896938164,5204,897133296
5204,897456328,5204,897625529
5204,897946134,5204,898095205
5204,898415483,5204,898567577
5204,898887920,5204,899031210
5204,899351382,5204,899488486
5204,899808544,5204,899946821
5204,900269433,5204,900368260
5204,900688085,5204,900755421
5204,901075823,5204,901145382
5204,901465708,5204,901526820
5204,901846899,5204,901917394
5204,902236900,5204,902306252
5204,902625911,5204,902696480
5204,903016346,5204,903078488
5204,903398160,5204,903466312
5204,903786188,5204,903848360
5204,904172826,5204,904232794
5204,904552404,5204,904614719
5204,904934861,5204,904996973
5204,905316636,5204,905377514
5204,905697580,5204,905759955
5204,906080051,5204,906144176
5204,906463859,5204,906532988
5204,906852607,5204,906915955
5204,907236521,5204,907298843
5204,907618345,5204,907679974
5204,907999727,5204,908137437
5204,908457466,5204,908552466
5204,908873558,5204,908946303
5204,909266956,5204,909328710
5204,909648976,5204,909711838
5204,910032080,5204,910095079
5204,910415171,5204,910477502
5204,910796945,5204,910858906
5204,911178722,5204,911240124
5204,911559826,5204,911623594
5204,911943460,5204,912032376
5204,912354178,5204,912451044
5204,912770586,5204,912882652
5204,913202257,5204,913303920
5204,913623672,5204,913724891
5204,914044643,5204,914148343
5204,914468128,5204,914571867
5204,914891433,5204,914973375
5204,915293397,5204,915356995
5204,915677050,5204,915739722
5204,916076401,5204,916166050
5204,916485722,5204,916592518
5204,916912360,5204,917013656
5204,917333111,5204,917406123
5204,917726098,5204,917789087
5204,918108492,5204,918172430
5204,918492382,5204,918553790
5204,918873782,5204,918953048
5204,919272713,5204,919359028
5204,919678570,5204,919782913
5204,920107245,5204,920174203
5204,920493762,5204,920555994
5204,920876025,5204,920937607
5204,921257172,5204,921319977
5204,921639489,5204,921702257
5204,922022263,5204,922085664
5204,922405316,5204,922468118
5204,922787656,5204,922851062
5204,923171340,5204,923232352
5204,923551720,5204,923613565
5204,923933231,5204,924028073
5204,924348182,5204,924451511
5204,924772286,5204,924873726
5204,925194351,5204,925297403
5204,925617689,5204,925720645
5204,926040907,5204,926146176
5204,926466131,5204,926569277
5204,926888823,5204,926990729
5204,927310417,5204,927390156
5204,927709551,5204,927771043
5204,928107895,5204,928197461
5204,928517296,5204,928610566
5204,928930157,5204,929009680
5204,929329435,5204,929398637
5204,929718406,5204,929787657
5204,930107359,5204,930171541
5204,930491400,5204,930554098
5204,930873650,5204,930936328
5204,931263850,5204,931342149
5204,931661888,5204,931724776
5204,932045208,5204,932115080
5204,932434562,5204,932497934
5204,932817643,5204,932880257
5204,933200103,5204,933262278
5204,933582177,5204,933646135
5204,933965634,5204,934029889
5204,934349764,5204,934412239
5204,934731915,5204,934799630
5204,935119195,5204,935181304
5204,935500912,5204,935562734
5204,935882239,5204,935944841
5204,936268120,5204,936331145
5204,936650867,5204,936719702
5204,937039168,5204,937108936
5204,937429038,5204,937491270
5204,937810896,5204,937906415
5204,938226020,5204,938330500
5204,938650069,5204,938729764
5204,939049926,5204,939113031
5204,939432700,5204,939501162
5204,939820907,5204,939883285
5204,940202964,5204,940265273
5204,940585102,5204,940646856
5204,940966352,5204,941027917
5204,941347529,5204,941410844
5204,941730349,5204,941791548
5204,942111450,5204,942176571
5204,942496047,5204,942557652
5204,942877334,5204,942939532
5204,943258958,5204,943322933
5204,943642418,5204,943703857
5204,944040602,5204,944131252
5204,944451007,5204,944532053
5204,944851808,5204,944913950
5204,945233865,5204,945296533
5204,945616005,5204,945678734
5204,945998342,5204,946064021
5204,946383506,5204,946446521
5204,946766586,5204,946837022
5204,947156657,5204,947224072
5204,947543801,5204,947605036
5204,947924561,5204,947986396
5204,948323329,5204,948412458
5204,948731926,5204,948833699
5204,949153558,5204,949235650
5204,949555105,5204,949617130
5204,949937272,5204,950000841
5204,950320562,5204,950384114
5204,950703616,5204,950765478
5204,951085007,5204,951147542
5204,951467507,5204,951529859
5204,951849710,5204,951919972
5204,952239911,5204,952303040
5204,952622268,5204,952684863
5204,953005002,5204,953067997
5204,953387852,5204,953450594
5204,953770249,5204,953832844
5204,954152203,5204,954216535
5204,954536153,5204,954605298
5204,954924711,5204,954985245
5204,955304934,5204,955367493
5204,955687118,5204,955748659
5204,956085578,5204,956180111
5204,956499970,5204,956602826
5204,956922481,5204,957025574
5204,957345143,5204,957446652
5204,957766624,5204,957880537
5204,958199966,5204,958300712
5204,958620768,5204,958729537
5204,959049056,5204,959129041
5204,959448977,5204,959512135
5204,959832004,5204,959894152
5204,960230705,5204,960319197
5204,960638862,5204,960740942
5204,961061084,5204,961163110
5204,961482692,5204,961584898
5204,961904464,5204,961985196
5204,962304688,5204,962367173
5204,962687155,5204,962749680
5204,963069282,5204,963130564
5204,963450699,5204,963521604
5204,963841216,5204,963905168
5204,964242074,5204,964330966
5204,964650438,5204,964751234
5204,965070789,5204,965151722
5204,965471093,5204,965533052
5204,965852967,5204,965918042
5204,966242434,5204,966306656
5204,966626375,5204,966688596
5204,967008232,5204,967070134
5204,967390025,5204,967458284
5204,967777966,5204,967838638
5204,968161103,5204,968224492
5204,968543930,5204,968606608
5204,968926297,5204,968990182
5204,969309781,5204,969379479
5204,969699258,5204,969774327
5204,970094049,5204,970166331
5204,970486406,5204,970548865
5204,970868577,5204,970930008
5204,971249717,5204,971312832
5204,971632434,5204,971694982
5204,972031948,5204,972122164
5204,972441586,5204,972543755
5204,972863191,5204,972964604
5204,973284372,5204,973385532
5204,973705427,5204,973785383
5204,974105265,5204,974171050
5204,974491102,5204,974560594
5204,974880036,5204,974949591
5204,975269596,5204,975331485
5204,975651167,5204,975713078
5204,976049418,5204,976137390
5204,976456875,5204,976559261
5204,976879270,5204,976982786
5204,977302642,5204,977404964
5204,977724686,5204,977788138
5204,978107583,5204,978172212
5204,978491757,5204,978553999
5204,978873487,5204,978936523
5204,979256488,5204,979319249
5204,979638808,5204,979701843
5204,980038716,5204,980134095
5204,980453984,5204,980554960
5204,980874615,5204,980957114
5204,981276522,5204,981339051
5204,981659013,5204,981722061
5204,982041587,5204,982113559
5204,982433241,5204,982502502
5204,982822021,5204,982884306
5204,983203838,5204,983266293
5204,983586079,5204,983648427
5204,983968219,5204,984049524
5204,984371726,5204,984468259
5204,984788274,5204,984891090
5204,985210639,5204,985311762
5204,985631394,5204,985712273
5204,986031818,5204,986096937
5204,986417029,5204,986479893
5204,986799366,5204,986861647
5204,987181229,5204,987244831
5204,987564333,5204,987626838
5204,987946763,5204,988024005
5204,988343601,5204,988431436
5204,988751132,5204,988833391
5204,989152973,5204,989214558
5204,989534540,5204,989596168
5204,989916064,5204,989984636
5204,990304417,5204,990365289
5204,990684751,5204,990746749
5204,991066982,5204,991130047
5204,991449069,5204,991510520
5204,991829183,5204,991887377
5204,992207016,5204,992280571
5204,992602054,5204,992665995
5204,992986337,5204,993049792
5204,993370061,5204,993433992
5204,993754241,5204,993816790
5204,994137565,5204,994208710
5204,994529226,5204,994608948
5204,994928973,5204,994998965
5204,995318570,5204,995381465
5204,995701694,5204,995762686
5204,996082901,5204,996145326
5204,996465195,5204,996529166
5204,996848579,5204,996910484
5204,997230449,5204,997295164
5204,997614613,5204,997675657
5204,997995230,5204,998059308
5204,998378813,5204,998440565
5204,998760571,5204,998822642
5204,999142394,5204,999203709
5204,999523654,5204,999585713
5204,999905158,5204,999966740
5205,000290045,5205,000352430
5205,000672176,5205,000732697
5205,001057069,5205,001121265
5205,001440887,5205,001502448
5205,001822667,5205,001887202
5205,002206747,5205,002275356
5205,002594901,5205,002655836
5205,002975312,5205,003037970
5205,003358246,5205,003421790
5205,003741766,5205,003802901
5205,004127237,5205,004196832
5205,004516497,5205,004578119
5205,004897901,5205,004960875
5205,005280604,5205,005344080
5205,005663765,5205,005724910
5205,006044565,5205,006108337
5205,006427972,5205,006489537
5205,006809079,5205,006879611
5205,007199280,5205,007267715
5205,007587300,5205,007648048
5205,007967681,5205,008048863
5205,008368741,5205,008456897
5205,008776559,5205,008857478
5205,009177173,5205,009246442
5205,009566414,5205,009626662
5205,009946494,5205,010009939
5205,010330045,5205,010392320
5205,010712001,5205,010773777
5205,011093425,5205,011155177
5205,011474952,5205,011537931
5205,011857529,5205,011919854
5205,012256597,5205,012344586
5205,012664568,5205,012745353
5205,013064912,5205,013126490
5205,013446366,5205,013509324
5205,013828763,5205,013891764
5205,014211736,5205,014272975
5205,014592560,5205,014655402
5205,014974944,5205,015038345
5205,015357941,5205,015420119
5205,015740194,5205,015802669
5205,016122612,5205,016184333
5205,016503895,5205,016567217
5205,016886666,5205,016954981
5205,017274426,5205,017337221
5205,017656780,5205,017718065
5205,018037690,5205,018101229
5205,018420957,5205,018482146
5205,018802485,5205,018872603
5205,019192405,5205,019262917
5205,019582932,5205,019648591
5205,019968133,5205,020046945
5205,020366774,5205,020454663
5205,020774645,5205,020876927
5205,021196796,5205,021276128
5205,021595824,5205,021657195
5205,021977204,5205,022041189
5205,022361004,5205,022424923
5205,022744698,5205,022806337
5205,023125872,5205,023188187
5205,023508379,5205,023569527
5205,023889079,5205,023957015
5205,024293504,5205,024397717
5205,024717435,5205,024812611
5205,025132580,5205,025232636
5205,025552241,5205,025652864
5205,025972812,5205,026055105
5205,026374720,5205,026436642
5205,026756887,5205,026818395
5205,027138437,5205,027201446
5205,027521054,5205,027584339
5205,027903948,5205,027966246
5205,028290948,5205,028352560
5205,028672416,5205,028734450
5205,029054089,5205,029116448
5205,029436183,5205,029498895
5205,029818950,5205,029884772
5205,030204397,5205,030266412
5205,030585984,5205,030648702
5205,030968371,5205,031030410
5205,031350428,5205,031412597
5205,031732265,5205,031796167
5205,032119796,5205,032181054
5205,032500643,5205,032562294
5205,032882610,5205,032944175
5205,033263790,5205,033325625
5205,033645341,5205,033707069
5205,034026678,5205,034091050
5205,034411148,5205,034472760
5205,034792395,5205,034855034
5205,035174715,5205,035237917
5205,035562023,5205,035625641
5205,035945623,5205,036033006
5205,036352814,5205,036468824
5205,036788536,5205,036888582
5205,037208147,5205,037303957
5205,037623972,5205,037719351
5205,038038750,5205,038151170
5205,038470815,5205,038575125
5205,038894910,5205,039005366
5205,039325212,5205,039427938
5205,039747866,5205,039841772
5205,040178321,5205,040280841
5205,040600526,5205,040695619
5205,041015864,5205,041116360
5205,041436232,5205,041537012
5205,041856567,5205,041952043
5205,042271628,5205,042371724
5205,042691769,5205,042792339
5205,043111904,5205,043218980
5205,043538646,5205,043620744
5205,043940310,5205,044024689
5205,044345551,5205,044463177
5205,044783206,5205,044900299
5205,045220045,5205,045317097
5205,045636916,5205,045732272
5205,046052427,5205,046122946
5205,046442731,5205,046504519
5205,046824241,5205,046886100
5205,047205642,5205,047268463
5205,047588549,5205,047650327
5205,047969916,5205,048049101
5205,048371580,5205,048458879
5205,048778354,5205,048871534
5205,049192056,5205,049291562
5205,049611277,5205,049711943
5205,050031645,5205,050127425
5205,050447073,5205,050539826
5205,050860178,5205,050921613
5205,051241491,5205,051304073
5205,051623692,5205,051685204
5205,052021603,5205,052110752
5205,052430984,5205,052531857
5205,052853849,5205,052926421
5205,053246126,5205,053307788
5205,053627310,5205,053688248
5205,054007777,5205,054072435
5205,054391861,5205,054454059
5205,054773594,5205,054835609
5205,055155155,5205,055216839
5205,055536905,5205,055600270
5205,055920168,5205,055981877
5205,056319153,5205,056408362
5205,056727800,5205,056826390
5205,057146768,5205,057256381
5205,057576180,5205,057670043
5205,057989975,5205,058099951
5205,058419550,5205,058513539
5205,058833524,5205,058940867
5205,059260673,5205,059361499
5205,059681157,5205,059783560
5205,060120009,5205,060221862
5205,060542054,5205,060643453
5205,060963372,5205,061035681
5205,061355106,5205,061417627
5205,061737300,5205,061798581
5205,062118870,5205,062183038
5205,062502967,5205,062565849
5205,062885601,5205,062949486
5205,063268931,5205,063330269
5205,063650265,5205,063713246
5205,064050016,5205,064138635
5205,064458240,5205,064553589
5205,064872971,5205,064966957
5205,065286806,5205,065388172
5205,065708078,5205,065800866
5205,066120499,5205,066217631
5205,066537220,5205,066632099
5205,066952462,5205,067053171
5205,067372989,5205,067467806
5205,067787754,5205,067883407
5205,068219832,5205,068316265
5205,068636194,5205,068741720
5205,069061235,5205,069163092
5205,069482673,5205,069590100
5205,069909928,5205,070006128
5205,070326056,5205,070426889
5205,070746758,5205,070865194
5205,071184823,5205,071280169
5205,071599798,5205,071710571
5205,072051566,5205,072160509
5205,072480998,5205,072581041
5205,072901363,5205,073002476
5205,073322748,5205,073423900
5205,073744716,5205,073839282
5205,074159377,5205,074248549
5205,074568181,5205,074630133
5205,074949735,5205,075012797
5205,075333199,5205,075395611
5205,075715422,5205,075778801
5205,076115723,5205,076212749
5205,076532358,5205,076627234
5205,076946846,5205,077040751
5205,077360754,5205,077455840
5205,077775428,5205,077889428
5205,078209183,5205,078320183
5205,078640188,5205,078744011
5205,079063990,5205,079157143
5205,079476888,5205,079546319
5205,079865948,5205,079929883
5205,080250489,5205,080315220
5205,080635056,5205,080704045
5205,081023586,5205,081093401
5205,081413000,5205,081473585
5205,081793071,5205,081856102
5205,082175625,5205,082238686
5205,082558288,5205,082619810
5205,082939465,5205,083001567
5205,083321799,5205,083386604
5205,083706479,5205,083770734
5205,084107244,5205,084197906
5205,084517552,5205,084617777
5205,084937710,5205,085032559
5205,085352574,5205,085422036
5205,085741838,5205,085805123
5205,086124788,5205,086197354
5205,086516956,5205,086578754
5205,086898393,5205,086961261
5205,087280990,5205,087342915
5205,087662637,5205,087726939
5205,088063874,5205,088159910
5205,088479552,5205,088579518
5205,088899297,5205,088992616
5205,089312305,5205,089405484
5205,089725193,5205,089826542
5205,090146324,5205,090256607
5205,090576376,5205,090674912
5205,090994570,5205,091082356
5205,091402615,5205,091503964
5205,091823846,5205,091930482
5205,092254374,5205,092348954
5205,092668632,5205,092775135
5205,093095391,5205,093188833
5205,093508828,5205,093611561
5205,093931130,5205,094035073
5205,094354718,5205,094456334
5205,094776310,5205,094869785
5205,095189631,5205,095260696
5205,095580258,5205,095641546
5205,095961265,5205,096039234
5205,096361666,5205,096449292
5205,096768991,5205,096886647
5205,097206422,5205,097314339
5205,097634230,5205,097737093
5205,098057449,5205,098132528
5205,098452250,5205,098516088
5205,098835757,5205,098897332
5205,099217027,5205,099287342
5205,099607764,5205,099668966
5205,099988428,5205,100051163
5205,100371132,5205,100435387
5205,100754955,5205,100817747
5205,101137696,5205,101200584
5205,101520093,5205,101582075
5205,101901813,5205,101965715
5205,102285094,5205,102347855
5205,102667347,5205,102729546
5205,103049224,5205,103110936
5205,103430568,5205,103492753
5205,103812095,5205,103873394
5205,104210679,5205,104298055
5205,104617697,5205,104714870
5205,105034461,5205,105129644
5205,105449089,5205,105550049
5205,105869871,5205,105973324
5205,106292926,5205,106387358
5205,106707014,5205,106800319
5205,107119925,5205,107215331
5205,107534789,5205,107800826
5205,108142609,5205,108250405
5205,108571051,5205,108675997
5205,108996029,5205,109092618
5205,109413534,5205,109500786
5205,109820395,5205,109914644
5205,110234459,5205,110328442
5205,110647964,5205,110723819
5205,111043851,5205,111107123
5205,111426805,5205,111490790
5205,111810415,5205,111871880
5205,112195082,5205,112258514
5205,112578450,5205,112641174
5205,112960773,5205,113022645
5205,113342067,5205,113403602
5205,113722957,5205,113785026
5205,114105354,5205,114177250
5205,114497065,5205,114565127
5205,114884626,5205,114946857
5205,115266209,5205,115328608
5205,115648480,5205,115710945
5205,116048434,5205,116137350
5205,116457048,5205,116560614
5205,116880157,5205,116981253
5205,117301274,5205,117402197
5205,117721656,5205,117821805
5205,118141514,5205,118244624
5205,118564049,5205,118665218
5205,118984817,5205,119081130
5205,119401025,5205,119493964
5205,119813583,5205,119915702
5205,120251941,5205,120354727
5205,120674743,5205,120744011
5205,121063783,5205,121125132
5205,121444654,5205,121507055
5205,121826651,5205,121898039
5205,122218248,5205,122288860
5205,122608702,5205,122679937
5205,122999583,5205,123063611
5205,123383136,5205,123445615
5205,123765873,5205,123834442
5205,124170721,5205,124266117
5205,124585839,5205,124688338
5205,125007643,5205,125077572
5205,125397634,5205,125459962
5205,125779334,5205,125841283
5205,126160828,5205,126225413
5205,126544895,5205,126605800
5205,126925735,5205,126987131
5205,127307032,5205,127368407
5205,127687893,5205,127749931
5205,128086277,5205,128182626
5205,128502415,5205,128602378
5205,128921990,5205,129015549
5205,129335174,5205,129428573
5205,129747942,5205,129818828
5205,130138933,5205,130208855
5205,130528347,5205,130590212
5205,130909641,5205,130970662
5205,131290081,5205,131351003
5205,131671114,5205,131730586
5205,132066875,5205,132155564
5205,132475196,5205,132576619
5205,132896101,5205,132989817
5205,133309636,5205,133411218
5205,133730904,5205,133838860
5205,134158489,5205,134238954
5205,134558353,5205,134620448
5205,134940217,5205,135002152
5205,135321863,5205,135384392
5205,135704094,5205,135765165
5205,136101445,5205,136190401
5205,136510382,5205,136591738
5205,136911123,5205,136972908
5205,137292847,5205,137361629
5205,137681134,5205,137743783
5205,138063775,5205,138126169
5205,138445452,5205,138506200
5205,138825745,5205,138886150
5205,139205839,5205,139268477
5205,139588449,5205,139651018
5205,139970359,5205,140049378
5205,140369180,5205,140459506
5205,140779015,5205,140857464
5205,141176936,5205,141239087
5205,141558836,5205,141621768
5205,141941433,5205,142015999
5205,142335597,5205,142403905
5205,142723871,5205,142786576
5205,143106324,5205,143166580
5205,143490955,5205,143554890
5205,143874362,5205,143938117
5205,144258076,5205,144319987
5205,144639680,5205,144700401
5205,145019946,5205,145083452
5205,145402854,5205,145465559
5205,145785511,5205,145848096
5205,146167915,5205,146233786
5205,146553405,5205,146615120
5205,146934569,5205,147003024
5205,147322449,5205,147392171
5205,147711760,5205,147788606
5205,148111234,5205,148200973
5205,148520472,5205,148600334
5205,148920239,5205,148982788
5205,149302417,5205,149364191
5205,149684327,5205,149746235
5205,150065904,5205,150131332
5205,150451251,5205,150511739
5205,150831311,5205,150891646
5205,151211105,5205,151271646
5205,151591092,5205,151652123
5205,151972099,5205,152050421
5205,152370370,5205,152458242
5205,152777911,5205,152880210
5205,153199625,5205,153279951
5205,153600216,5205,153662058
5205,153982143,5205,154046142
5205,154365924,5205,154427122
5205,154746357,5205,154809349
5205,155129581,5205,155193376
5205,155513268,5205,155575577
5205,155895062,5205,155959077
5205,156295529,5205,156396322
5205,156716331,5205,156790960
5205,157110811,5205,157182077
5205,157501765,5205,157570884
5205,157890259,5205,157953297
5205,158273540,5205,158335728
5205,158655423,5205,158716852
5205,159036817,5205,159098225
5205,159417704,5205,159480993
5205,159801008,5205,159870916
5205,160207715,5205,160308728
5205,160628177,5205,160729453
5205,161048835,5205,161118453
5205,161438442,5205,161501307
5205,161821089,5205,161885021
5205,162204680,5205,162267125
5205,162586573,5205,162649559
5205,162969401,5205,163031866
5205,163351538,5205,163416086
5205,163735672,5205,163798883
5205,164135212,5205,164231615
5205,164551617,5205,164653930
5205,164973522,5205,165052847
5205,165372496,5205,165436374
5205,165755806,5205,165818421
5205,166138310,5205,166203678
5205,166523610,5205,166585196
5205,166904804,5205,166968576
5205,167288021,5205,167349960
5205,167669681,5205,167732760
5205,168069092,5205,168157615
5205,168477523,5205,168558072
5205,168877761,5205,168942060
5205,169261905,5205,169324960
5205,169644749,5205,169706077
5205,170025895,5205,170097504
5205,170416983,5205,170481118
5205,170800513,5205,170863045
5205,171182623,5205,171243888
5205,171563651,5205,171626712
5205,171946221,5205,172032796
5205,172352808,5205,172456208
5205,172775833,5205,172859739
5205,173179308,5205,173286054
5205,173605446,5205,173684494
5205,174004663,5205,174068352
5205,174388160,5205,174451209
5205,174770761,5205,174833159
5205,175152528,5205,175216023
5205,175535338,5205,175599296
5205,175918942,5205,175979880
5205,176316499,5205,176405175
5205,176724727,5205,176826973
5205,177147242,5205,177248198
5205,177567897,5205,177637489
5205,177957097,5205,178021129
5205,178345135,5205,178408636
5205,178728111,5205,178791160
5205,179110639,5205,179172637
5205,179492236,5205,179555061
5205,179874486,5205,179943861
5205,180280894,5205,180376510
5205,180696262,5205,180777531
5205,181097170,5205,181160261
5205,181479813,5205,181542718
5205,181862510,5205,181934009
5205,182253741,5205,182315573
5205,182635111,5205,182697999
5205,183017515,5205,183078016
5205,183397652,5205,183460724
5205,183780395,5205,183842737
5205,184179316,5205,184271069
5205,184590631,5205,184692907
5205,185013209,5205,185115728
5205,185435577,5205,185515626
5205,185835464,5205,185899216
5205,186218608,5205,186281483
5205,186601795,5205,186664190
5205,186983925,5205,187045791
5205,187365576,5205,187429798
5205,187749176,5205,187811505
5205,188148391,5205,188237679
5205,188557388,5205,188638287
5205,188957816,5205,189020207
5205,189339576,5205,189401841
5205,189721833,5205,189782885
5205,190102560,5205,190173809
5205,190493441,5205,190557589
5205,190877201,5205,190940990
5205,191260515,5205,191323740
5205,191643529,5205,191705737
5205,192042116,5205,192123872
5205,192443387,5205,192505889
5205,192825868,5205,192887992
5205,193207451,5205,193269590
5205,193589228,5205,193651406
5205,193971032,5205,194035827
5205,194355809,5205,194426181
5205,194745580,5205,194808728
5205,195128307,5205,195192168
5205,195511501,5205,195573996
5205,195894338,5205,195957246
5205,196293868,5205,196390041
5205,196709463,5205,196809589
5205,197129255,5205,197230854
5205,197550826,5205,197652795
5205,197972661,5205,198060276
5205,198379752,5205,198489902
5205,198809337,5205,198909249
5205,199229032,5205,199330174
5205,199649666,5205,199749872
5205,200086205,5205,200196524
5205,200515980,5205,200588602
5205,200908853,5205,200971022
5205,201290604,5205,201353926
5205,201673448,5205,201734493
5205,202053978,5205,202119626
5205,202439522,5205,202508340
5205,202828022,5205,202890497
5205,203210063,5205,203273538
5205,203592843,5205,203655885
5205,203975633,5205,204056336
5205,204376321,5205,204471630
5205,204791186,5205,204861941
5205,205181589,5205,205242768
5205,205562623,5205,205624998
5205,205944500,5205,206008102
5205,206327834,5205,206390082
5205,206709621,5205,206770272
5205,207090501,5205,207153046
5205,207472898,5205,207535207
5205,207854829,5205,207917470
5205,208254009,5205,208341345
5205,208660857,5205,208756666
5205,209076189,5205,209173674
5205,209493380,5205,209587223
5205,209906634,5205,209988187
5205,210308045,5205,210371334
5205,210691119,5205,210750854
5205,211070309,5205,211132748
5205,211452237,5205,211514248
5205,211834350,5205,211897222
5205,212233778,5205,212322620
5205,212642282,5205,212711424
5205,213030876,5205,213092748
5205,213416870,5205,213480095
5205,213799913,5205,213892256
5205,214211751,5205,214323461
5205,214642896,5205,214736609
5205,215056384,5205,215157450
5205,215477286,5205,215578528
5205,215898084,5205,215992297
5205,216328602,5205,216438539
5205,216758094,5205,216852090
5205,217171655,5205,217241364
5205,217561012,5205,217624777
5205,217944289,5205,218015465
5205,218335286,5205,218397415
5205,218717034,5205,218779502
5205,219099221,5205,219162576
5205,219482167,5205,219543726
5205,219863755,5205,219923989
5205,220260219,5205,220348668
5205,220668123,5205,220768809
5205,221088505,5205,221157937
5205,221478048,5205,221539437
5205,221859136,5205,221924547
5205,222244079,5205,222313624
5205,222633050,5205,222694111
5205,223013707,5205,223075609
5205,223395284,5205,223465949
5205,223785654,5205,223848483
5205,224170868,5205,224234110
5205,224553982,5205,224616704
5205,224936219,5205,224997074
5205,225316696,5205,225378677
5205,225698093,5205,225760112
5205,226079660,5205,226145072
5205,226464804,5205,226526026
5205,226845584,5205,226909709
5205,227229162,5205,227290730
5205,227610492,5205,227672094
5205,227991669,5205,228107695
5205,228427830,5205,228522743
5205,228842312,5205,228936134
5205,229256077,5205,229329439
5205,229649214,5205,229717129
5205,230036771,5205,230101119
5205,230420608,5205,230482763
5205,230802772,5205,230865267
5205,231184625,5205,231245827
5205,231565382,5205,231629104
5205,231948640,5205,232028632
5205,232348964,5205,232437876
5205,232757715,5205,232830690
5205,233149988,5205,233211917
5205,233531489,5205,233597671
5205,233917923,5205,233984731
5205,234304293,5205,234367138
5205,234686790,5205,234750045
5205,235069634,5205,235130869
5205,235450894,5205,235514003
5205,235833701,5205,235894840
5205,236231172,5205,236320064
5205,236639640,5205,236741816
5205,237061591,5205,237131223
5205,237450922,5205,237512950
5205,237832555,5205,237896364
5205,238215823,5205,238278021
5205,238597970,5205,238659401
5205,238978940,5205,239040902
5205,239360420,5205,239423092
5205,239742587,5205,239811016
5205,240147945,5205,240249301
5205,240567860,5205,240634935
5205,240953417,5205,241014605
5205,241332944,5205,241393922
5205,241712868,5205,241774589
5205,242093331,5205,242156420
5205,242474828,5205,242537667
5205,242856072,5205,242915300
5205,243233782,5205,243294808
5205,243613263,5205,243673241
5205,243991640,5205,244100953
5205,244421171,5205,244502394
5205,244822539,5205,244886384
5205,245206193,5205,245274251
5205,245593780,5205,245656118
5205,245975603,5205,246040212
5205,246360367,5205,246421916
5205,246741527,5205,246802889
5205,247122441,5205,247184403
5205,247504062,5205,247566440
5205,247886058,5205,247949240
5205,248510319,5205,248640383
5205,248960371,5205,249046800
5205,249366395,5205,249441284
5205,249760816,5205,249821585
5205,250141280,5205,250206345
5205,250526100,5205,250588622
5205,250908277,5205,250970866
5205,251290531,5205,251352389
5205,251672418,5205,251735376
5205,252072226,5205,252161184
5205,252480913,5205,252562095
5205,252881661,5205,252942922
5205,253262874,5205,253326180
5205,253645745,5205,253707240
5205,254026969,5205,254091371
5205,254410852,5205,254473334
5205,254793616,5205,254856515
5205,255175826,5205,255238188
5205,255557834,5205,255619672
5205,255939104,5205,256021820
5205,256342542,5205,256448015
5205,256767540,5205,256828531
5205,257147954,5205,257209932
5205,257529217,5205,257590732
5205,257910674,5205,257974902
5205,258294448,5205,258357340
5205,258677091,5205,258739127
5205,259058522,5205,259120397
5205,259439862,5205,259503514
5205,259823256,5205,259885584
5205,260229674,5205,260339773
5205,260659319,5205,260721654
5205,261041692,5205,261104084
5205,261423386,5205,261484974
5205,261804296,5205,261877532
5205,262197044,5205,262259945
5205,262579884,5205,262642353
5205,262961928,5205,263025816
5205,263345408,5205,263409327
5205,263728738,5205,263790427
5205,264135149,5205,264238146
5205,264558031,5205,264627273
5205,264946598,5205,265016530
5205,265336006,5205,265404884
5205,265724916,5205,265786821
5205,266106420,5205,266171445
5205,266490883,5205,266555569
5205,266875024,5205,266936955
5205,267257114,5205,267319066
5205,267638908,5205,267709560
5205,268053819,5205,268148652
5205,268468247,5205,268537666
5205,268857551,5205,268920376
5205,269240252,5205,269302673
5205,269622168,5205,269683547
5205,270003116,5205,270067631
5205,270387779,5205,270450778
5205,270770533,5205,270832631
5205,271152380,5205,271216012
5205,271535524,5205,271597569
5205,271917751,5205,271979756
5205,272324179,5205,272418615
5205,272738143,5205,272813802
5205,273133231,5205,273195309
5205,273515131,5205,273586276
5205,273905812,5205,273991944
5205,274311486,5205,274405875
5205,274725361,5205,274826843
5205,275146618,5205,275247108
5205,275566587,5205,275667003
5205,275986311,5205,276104048
5205,276423763,5205,276505285
5205,276824778,5205,276887299
5205,277206751,5205,277268843
5205,277588108,5205,277651273
5205,277970599,5205,278036160
5205,278357846,5205,278421007
5205,278740966,5205,278803748
5205,279123166,5205,279185965
5205,279505317,5205,279566665
5205,279886221,5205,279949632
5205,280294352,5205,280403845
5205,280723126,5205,280793855
5205,281113227,5205,281175076
5205,281494547,5205,281556979
5205,281876635,5205,281942063
5205,282261355,5205,282323340
5205,282642719,5205,282703980
5205,283023746,5205,283088191
5205,283412319,5205,283474828
5205,283794390,5205,283857481
5205,284201838,5205,284297747
5205,284617345,5205,284696771
5205,285016433,5205,285080632
5205,285400187,5205,285463712
5205,285783024,5205,285845622
5205,286165877,5205,286230763
5205,286550655,5205,286611940
5205,286931512,5205,286994617
5205,287314302,5205,287377134
5205,287696636,5205,287758441
5205,288102870,5205,288211087
5205,288530472,5205,288610168
5205,288929599,5205,288990708
5205,289310770,5205,289372085
5205,289691670,5205,289755262
5205,290074894,5205,290138689
5205,290458248,5205,290522016
5205,290841414,5205,290902923
