5218,546625800,5218,546889636
5218,547747836,5218,547998658
5218,548859034,5218,549102250
5218,549941419,5218,550164499
5218,551001871,5218,551244550
5218,552075632,5218,552299747
5218,553147523,5218,553417525
5218,554238817,5218,554423982
5218,555225503,5218,555418168
5218,556222574,5218,556381142
5218,557181645,5218,557372050
5218,558172136,5218,558367611
5218,559167683,5218,559360438
5218,560165204,5218,560314160
5218,561114295,5218,561308068
5218,562107577,5218,562286710
5218,563086165,5218,563277378
5218,564086867,5218,564254317
5218,565053736,5218,565235644
5218,566034956,5218,566208353
5218,567016119,5218,567189793
5218,567989082,5218,568186271
5218,568985723,5218,569168106
5218,569967575,5218,570141777
5218,570940982,5218,571124631
5218,571924000,5218,572093619
5218,572892955,5218,573061431
5218,573860677,5218,574008935
5218,574808245,5218,574960697
5218,575759930,5218,575917675
5218,576749235,5218,576905120
5218,577704279,5218,577857327
5218,578656777,5218,578814764
5218,579614101,5218,579775045
5218,580598312,5218,580727389
5218,581526773,5218,581640500
5218,582439808,5218,582577961
5218,583377103,5218,583506733
5218,584307504,5218,584399339
5218,585198653,5218,585315423
5218,586115103,5218,586247150
5218,587046371,5218,587170764
5218,587969974,5218,588131725
5218,588931246,5218,589060636
5218,589859820,5218,589992417
5218,590791668,5218,590905914
5218,591705145,5218,591815104
5218,592615442,5218,592745962
5218,593545060,5218,593680787
5218,594480108,5218,594616568
5218,595415802,5218,595540829
5218,596341014,5218,596430276
5218,597229607,5218,597345181
5218,598144352,5218,598270192
5218,599069420,5218,599207937
5218,600025346,5218,600157909
5218,600957254,5218,601086505
5218,601885803,5218,602005543
5218,602804825,5218,602942592
5218,603741957,5218,603865178
5218,604681486,5218,604810610
5218,605609879,5218,605747466
5218,606546775,5218,606694306
5218,607493594,5218,607800076
5218,608617022,5218,608757346
5218,609557208,5218,609684741
5218,610484676,5218,610626147
5218,611426916,5218,611565590
5218,612382075,5218,612507072
5218,613306227,5218,613421994
5218,614221286,5218,614367116
5218,615167098,5218,615287338
5218,616103457,5218,616236127
5218,617043662,5218,617168556
5218,617967864,5218,618115418
5218,618914669,5218,619044443
5218,619844165,5218,619981225
5218,620805390,5218,620915537
5218,621714631,5218,621856752
5218,622656136,5218,622794600
5218,623593905,5218,623724655
5218,624548254,5218,624678521
5218,625477812,5218,625600136
5218,626399544,5218,626545611
5218,627345063,5218,627460643
5218,628276788,5218,628404169
5218,629203597,5218,629335801
5218,630135183,5218,630267993
5218,631067574,5218,631197278
5218,631996540,5218,632135300
5218,632943185,5218,633069982
5218,633873284,5218,633979577
5218,634786979,5218,634910743
5218,635710734,5218,635856628
5218,636681431,5218,636813334
5218,637613556,5218,637752346
5218,638551698,5218,638698406
5218,639497694,5218,639615710
5218,640431959,5218,640561526
5218,641360898,5218,641475017
5218,642274309,5218,642414209
5218,643213671,5218,643330521
5218,644146673,5218,644277947
5218,645077218,5218,645218902
5218,646018247,5218,646158408
5218,646957859,5218,647080833
5218,647880084,5218,648035075
5218,648834627,5218,648963157
5218,649763372,5218,649905783
5218,650705178,5218,650826928
5218,651626353,5218,651756293
5218,652572375,5218,652704032
5218,653504087,5218,653642368
5218,654441706,5218,654588127
5218,655387559,5218,655504545
5218,656320807,5218,656443163
5218,657243259,5218,657365769
5218,658164977,5218,658291850
5218,659090975,5218,659222399
5218,660038611,5218,660182479
5218,660981817,5218,661119830
5218,661919189,5218,662057753
5218,662856941,5218,662988758
5218,663788017,5218,663911143
5218,664728136,5218,664853619
5218,665653007,5218,665776107
5218,666575519,5218,666715063
5218,667514338,5218,667651818
5218,668468020,5218,668605131
5218,669404609,5218,669520542
5218,670319747,5218,670465754
5218,671264946,5218,671371269
5218,672188061,5218,672311741
5218,673111376,5218,673241106
5218,674040398,5218,674157664
5218,674956956,5218,675094387
5218,675893908,5218,676042212
5218,676841514,5218,676967297
5218,677766536,5218,677904070
5218,678703382,5218,678831798
5218,679631360,5218,679762640
5218,680578813,5218,680695406
5218,681494767,5218,681630857
5218,682430096,5218,682562720
5218,683362111,5218,683507505
5218,684323404,5218,684447651
5218,685247066,5218,685369779
5218,686169024,5218,686302791
5218,687102736,5218,687218089
5218,688034065,5218,688175762
5218,688975010,5218,689105360
5218,689904842,5218,690030249
5218,690830217,5218,690952477
5218,691751725,5218,691888352
5218,692704564,5218,692836561
5218,693635867,5218,693764377
5218,694564415,5218,694689769
5218,695489197,5218,695634241
5218,696450457,5218,696585290
5218,697384692,5218,697530179
5218,698329521,5218,698468298
5218,699267393,5218,699383510
5218,700199642,5218,700330812
5218,701130007,5218,701259587
5218,702059552,5218,702185392
5218,702984797,5218,703107864
5218,703907312,5218,704055100
5218,704854805,5218,704994025
5218,705793460,5218,705925524
5218,706724806,5218,706847482
5218,707646747,5218,707782454
5218,708606510,5218,708714366
5218,709513534,5218,709643401
5218,710442809,5218,710575193
5218,711374525,5218,711511438
5218,712342358,5218,712455578
5218,713255076,5218,713386426
5218,714185825,5218,714315188
5218,715114623,5218,715244406
5218,716065582,5218,716203339
5218,717002634,5218,717132685
5218,717932456,5218,718050146
5218,718849485,5218,718979108
5218,719778337,5218,719914170
5218,720731176,5218,720866999
5218,721666418,5218,721782154
5218,722581626,5218,722720007
5218,723519341,5218,723634138
5218,724451090,5218,724562430
5218,725361881,5218,725484381
5218,726283556,5218,726423607
5218,727222969,5218,727351698
5218,728168614,5218,728307624
5218,729107076,5218,729222316
5218,730021564,5218,730147241
5218,730946556,5218,731062696
5218,731861931,5218,731991404
5218,732807863,5218,732939614
5218,733738942,5218,733854832
5218,734654273,5218,734775880
5218,735575562,5218,735711999
5218,736528275,5218,736651431
5218,737450953,5218,737589123
5218,738388338,5218,738513499
5218,739312837,5218,739449981
5218,740266116,5218,740403477
5218,741202805,5218,741333142
5218,742132667,5218,742257283
5218,743056872,5218,743186215
5218,743985770,5218,744145331
5218,744945016,5218,745074950
5218,745874358,5218,745999112
5218,746799250,5218,746915597
5218,747715095,5218,747838505
5218,748639856,5218,748745699
5218,749545775,5218,749667281
5218,750467320,5218,750606440
5218,751406381,5218,751542345
5218,752374055,5218,752497051
5218,753296710,5218,753431826
5218,754231308,5218,754364055
5218,755163340,5218,755293981
5218,756110306,5218,756233332
5218,757032761,5218,757175075
5218,757974447,5218,758092963
5218,758892332,5218,759031352
5218,759831200,5218,759953000
5218,760769480,5218,760878629
5218,761677991,5218,761802341
5218,762601642,5218,762725556
5218,763524824,5218,763658838
5218,764475190,5218,764599390
5218,765398648,5218,765527222
5218,766326647,5218,766464000
5218,767263939,5218,767401132
5218,768200951,5218,768289800
5218,769089172,5218,769218779
5218,770018201,5218,770158411
5218,770957962,5218,771083676
5218,771883068,5218,772026298
5218,772826097,5218,772957917
5218,773757279,5218,773902362
5218,774701468,5218,774811314
5218,775610379,5218,775734236
5218,776550328,5218,776680845
5218,777480099,5218,777603060
5218,778402291,5218,778527495
5218,779327209,5218,779452790
5218,780268905,5218,780407572
5218,781206737,5218,781342608
5218,782141849,5218,782274493
5218,783074585,5218,783211938
5218,784028034,5218,784165441
5218,784964666,5218,785095846
5218,785895131,5218,786020668
5218,786820630,5218,786950293
5218,787749552,5218,787879225
5218,788695324,5218,788833041
5218,789632246,5218,789741202
5218,790540818,5218,790679708
5218,791478946,5218,791595146
5218,792411318,5218,792547538
5218,793346720,5218,793475987
5218,794275372,5218,794415179
5218,795231451,5218,795348504
5218,796148053,5218,796264959
5218,797064225,5218,797199591
5218,797999600,5218,798132704
5218,798936955,5218,799076325
5218,799875934,5218,800031581
5218,800831037,5218,800962014
5218,801761965,5218,801892886
5218,802692091,5218,802821351
5218,803620636,5218,803749869
5218,804566078,5218,804689635
5218,805489020,5218,805611397
5218,806410535,5218,806534288
5218,807333637,5218,807465970
5218,808281942,5218,808412493
5218,809211871,5218,809342544
5218,810141846,5218,810275540
5218,811074875,5218,811205142
5218,812021287,5218,812159848
5218,812959102,5218,813097543
5218,813897115,5218,814028752
5218,814828010,5218,814962887
5218,815762316,5218,815898736
5218,816722782,5218,816834278
5218,817633636,5218,817756783
5218,818556035,5218,818702629
5218,819501784,5218,819608837
5218,820408692,5218,820504377
5218,821304736,5218,821421736
5218,822221514,5218,822341641
5218,823141896,5218,823274236
5218,824091441,5218,824222645
5218,825021990,5218,825166057
5218,825965262,5218,826084532
5218,826883650,5218,827014374
5218,827813572,5218,827928912
5218,828752891,5218,828896242
5218,829695620,5218,829837484
5218,830636726,5218,830761276
5218,831560851,5218,831683978
5218,832508037,5218,832647144
5218,833446523,5218,833578222
5218,834377451,5218,834517055
5218,835316240,5218,835425743
5218,836249629,5218,836368085
5218,837167417,5218,837295420
5218,838094719,5218,838227446
5218,839026941,5218,839157031
5218,839956229,5218,840108850
5218,840908742,5218,841053275
5218,841852844,5218,841984751
5218,842784122,5218,842907056
5218,843706251,5218,843844021
5218,844667857,5218,844808067
5218,845607259,5218,845737356
5218,846536811,5218,846669831
5218,847469196,5218,847614913
5218,848438826,5218,848577389
5218,849376555,5218,849506135
5218,850305550,5218,850430826
5218,851230055,5218,851353148
5218,852177007,5218,852307297
5218,853106516,5218,853242876
5218,854042421,5218,854174421
5218,854973617,5218,855105747
5218,855904922,5218,856060613
5218,856859818,5218,856990608
5218,857790020,5218,857920970
5218,858720135,5218,858845968
5218,859645030,5218,859783014
5218,860606953,5218,860738263
5218,861537501,5218,861666645
5218,862465840,5218,862598977
5218,863398152,5218,863529669
5218,864354034,5218,864484381
5218,865283880,5218,865414356
5218,866213452,5218,866345325
5218,867144607,5218,867277397
5218,868081156,5218,868183069
5218,868991101,5218,869127941
5218,869927723,5218,870060446
5218,870860284,5218,870983898
5218,871783693,5218,871915117
5218,872740169,5218,872871596
5218,873670867,5218,873799651
5218,874598856,5218,874726059
5218,875525421,5218,875654758
5218,876479094,5218,876616817
5218,877416092,5218,877552493
5218,878351655,5218,878494875
5218,879294630,5218,879423077
5218,880226662,5218,880312985
5218,881111983,5218,881233460
5218,882037172,5218,882125040
5218,882924306,5218,883061999
5218,883861537,5218,883991271
5218,884822103,5218,884946184
5218,885745322,5218,885881839
5218,886681271,5218,886820571
5218,887619889,5218,887760440
5218,888584492,5218,888707386
5218,889506770,5218,889627567
5218,890426929,5218,890571569
5218,891370988,5218,891507555
5218,892331464,5218,892461491
5218,893260786,5218,893377823
5218,894177968,5218,894318292
5218,895117750,5218,895239457
5218,896063366,5218,896194719
5218,896994074,5218,897122848
5218,897922156,5218,898039776
5218,898839621,5218,898968238
5218,899767429,5218,899897833
5218,900721752,5218,900853196
5218,901652524,5218,901775571
5218,902574846,5218,902712876
5218,903512135,5218,903649182
5218,904473267,5218,904612731
5218,905412069,5218,905534493
5218,906334061,5218,906471728
5218,907274093,5218,907338762
5218,908143950,5218,908238729
5218,909037961,5218,909154888
5218,909954326,5218,910076326
5218,910875554,5218,911004788
5218,911804003,5218,911928533
5218,912760482,5218,912885295
5218,913684817,5218,913814050
5218,914613309,5218,914759216
5218,915558638,5218,915701132
5218,916525004,5218,916656768
5218,917456436,5218,917579507
5218,918378632,5218,918526326
5218,919325634,5218,919469441
5218,920293387,5218,920425637
5218,921225122,5218,921350089
5218,922149361,5218,922274617
5218,923073779,5218,923209846
5218,924033912,5218,924158935
5218,924958513,5218,925074576
5218,925873702,5218,926000262
5218,926799503,5218,926936391
5218,927736365,5218,927874182
5218,928698425,5218,928821732
5218,929621057,5218,929743993
5218,930543122,5218,930690216
5218,931489500,5218,931619444
5218,932435616,5218,932551539
5218,933351018,5218,933481591
5218,934280716,5218,934436597
5218,935236016,5218,935371222
5218,936195695,5218,936325588
5218,937124830,5218,937241923
5218,938041092,5218,938181312
5218,938980624,5218,939110291
5218,939909919,5218,940056707
5218,940856208,5218,940968751
5218,941768170,5218,941901623
5218,942700838,5218,942837455
5218,943637020,5218,943758500
5218,944582489,5218,944707709
5218,945507134,5218,945644631
5218,946443796,5218,946589477
5218,947389082,5218,947510699
5218,948334698,5218,948467128
5218,949266447,5218,949397756
5218,950196945,5218,950342626
5218,951142074,5218,951271624
5218,952095710,5218,952227934
5218,953027325,5218,953164493
5218,953963657,5218,954103134
5218,954902450,5218,955016136
5218,955815461,5218,955925861
5218,956749986,5218,956881883
5218,957681205,5218,957817222
5218,958616600,5218,958754770
5218,959553882,5218,959677549
5218,960501395,5218,960639218
5218,961438567,5218,961575294
5218,962374962,5218,962498822
5218,963298071,5218,963421057
5218,964245160,5218,964383384
5218,965187075,5218,965318396
5218,966118017,5218,966248838
5218,967048056,5218,967172839
5218,967972064,5218,968135745
5218,968935411,5218,969059607
5218,969858772,5218,969976305
5218,970775470,5218,970897294
5218,971696329,5218,971819832
5218,972644774,5218,972769518
5218,973568879,5218,973709733
5218,974508885,5218,974655262
5218,975454711,5218,975601925
5218,976426524,5218,976556961
5218,977356393,5218,977486076
5218,978285208,5218,978425065
5218,979224150,5218,979347846
5218,980172429,5218,980302822
5218,981102171,5218,981230718
5218,982029946,5218,982161193
5218,982960478,5218,983077164
5218,983876546,5218,984023623
5218,984823175,5218,984960942
5218,985760231,5218,985887807
5218,986687136,5218,986818836
5218,987618784,5218,987763905
5218,988588411,5218,988712374
5218,989511569,5218,989649113
5218,990448161,5218,990586819
5218,991386557,5218,991521624
5218,992345959,5218,992474270
5218,993273611,5218,993400981
5218,994200123,5218,994350464
5218,995150345,5218,995288099
5218,996112222,5218,996250972
5218,997050157,5218,997180517
5218,997979729,5218,998112536
5218,998911847,5218,999042254
5218,999841673,5218,999970059
5219,000793838,5219,000919359
5219,001718864,5219,001856527
5219,002655779,5219,002793556
5219,003593252,5219,003722098
5219,004546251,5219,004658197
5219,005457628,5219,005595246
5219,006394641,5219,006535261
5219,007334943,5219,007471167
5219,008301969,5219,008426269
5219,009225587,5219,009349301
5219,010148696,5219,010280133
5219,011079578,5219,011200284
5219,011999519,5219,012161954
5219,012961452,5219,013098529
5219,013898521,5219,014009497
5219,014809149,5219,014946073
5219,015745341,5219,015862385
5219,016686830,5219,016823884
5219,017623066,5219,017738836
5219,018538287,5219,018676631
5219,019475946,5219,019605219
5219,020429489,5219,020561182
5219,021360547,5219,021498234
5219,022297619,5219,022422816
5219,023222131,5219,023350358
5219,024174666,5219,024311130
5219,025111372,5219,025232622
5219,026032174,5219,026149014
5219,026948612,5219,027081216
5219,027880441,5219,028026175
5219,028825723,5219,028950520
5219,029749805,5219,029882862
5219,030682877,5219,030813174
5219,031612969,5219,031743186
5219,032559211,5219,032696988
5219,033496486,5219,033635110
5219,034434425,5219,034559535
5219,035359257,5219,035481837
5219,036298229,5219,036428963
5219,037228518,5219,037357804
5219,038157116,5219,038282633
5219,039082051,5219,039218935
5219,040035134,5219,040167935
5219,040967446,5219,041106003
5219,041905298,5219,042048492
5219,042847984,5219,042984401
5219,043783763,5219,043914439
5219,044730671,5219,044845835
5219,045662227,5219,045765283
5219,046564938,5219,046704482
5219,047503683,5219,047639080
5219,048459923,5219,048584689
5219,049384214,5219,049531038
5219,050330700,5219,050470094
5219,051269502,5219,051400325
5219,052216598,5219,052354285
5219,053177667,5219,053287387
5219,054087122,5219,054241646
5219,055041045,5219,055164108
5219,055963503,5219,056123051
5219,056922966,5219,057047539
5219,057846984,5219,057978901
5219,058778266,5219,058894556
5219,059693924,5219,059808278
5219,060625160,5219,060734696
5219,061534357,5219,061663074
5219,062462429,5219,062593766
5219,063393021,5219,063515374
5219,064331723,5219,064463354
5219,065263039,5219,065394079
5219,066193257,5219,066310797
5219,067110179,5219,067232429
5219,068049608,5219,068166941
5219,068966503,5219,069092313
5219,069891501,5219,070023365
5219,070822747,5219,070953100
5219,071752395,5219,071882192
5219,072698207,5219,072821051
5219,073620449,5219,073744702
5219,074544147,5219,074668964
5219,075468329,5219,075590219
5219,076406711,5219,076531511
5219,077331116,5219,077455553
5219,078254808,5219,078393868
5219,079193254,5219,079338284
5219,080154816,5219,080291177
5219,081090529,5219,081207752
5219,082006967,5219,082154961
5219,082954099,5219,083068025
5219,083867401,5219,084025111
5219,084824793,5219,084955563
5219,085754832,5219,085902032
5219,086701334,5219,086832174
5219,087631589,5219,087762113
5219,088578295,5219,088709442
5219,089508690,5219,089624567
5219,090424915,5219,090558129
5219,091357630,5219,091487018
5219,092303386,5219,092412396
5219,093211631,5219,093342158
5219,094141830,5219,094267419
5219,095066838,5219,095196938
5219,095996283,5219,096153877
5219,096953676,5219,097076876
5219,097876131,5219,098002721
5219,098802256,5219,098938603
5219,099738048,5219,099867831
5219,100684203,5219,100824264
5219,101624146,5219,101754399
5219,102553958,5219,102685538
5219,103484803,5219,103614470
5219,104430549,5219,104554799
5219,105354194,5219,105463077
5219,106262302,5219,106374848
5219,107174137,5219,107319418
5219,108135606,5219,108286430
5219,109085579,5219,109216532
5219,110016007,5219,110149568
5219,110948763,5219,111080383
5219,111879518,5219,112026272
5219,112825793,5219,112950030
5219,113749655,5219,113900989
5219,114700291,5219,114817581
5219,115616833,5219,115747173
5219,116563048,5219,116709542
5219,117509030,5219,117637301
5219,118436476,5219,118553762
5219,119353090,5219,119475877
5219,120292690,5219,120409733
5219,121209158,5219,121323604
5219,122122766,5219,122247603
5219,123046871,5219,123161130
5219,123960405,5219,124119426
5219,124918948,5219,125037155
5219,125836446,5219,125982554
5219,126781866,5219,126911139
5219,127710267,5219,127839415
5219,128655910,5219,128787054
5219,129586122,5219,129723402
5219,130522627,5219,130667668
5219,131471563,5219,131596597
5219,132413089,5219,132544705
5219,133343977,5219,133481471
5219,134280686,5219,134405449
5219,135205424,5219,135336464
5219,136152676,5219,136284090
5219,137083365,5219,137207699
5219,138006827,5219,138146217
5219,138946036,5219,139080596
5219,139879744,5219,140032425
5219,140831703,5219,140956524
5219,141755749,5219,141903229
5219,142702531,5219,142839035
5219,143638300,5219,143761450
5219,144577742,5219,144708246
5219,145507524,5219,145643931
5219,146443130,5219,146590047
5219,147389625,5219,147517625
5219,148333534,5219,148450274
5219,149249729,5219,149387139
5219,150187007,5219,150311591
5219,151111183,5219,151238906
5219,152055012,5219,152193332
5219,152992690,5219,153129301
5219,153928946,5219,154061310
5219,154860805,5219,154988975
5219,155788313,5219,155918177
5219,156734412,5219,156852399
5219,157652380,5219,157790291
5219,158589826,5219,158735507
5219,159534621,5219,159649385
5219,160465630,5219,160594200
5219,161393859,5219,161521192
5219,162320541,5219,162460401
5219,163259582,5219,163381796
5219,164197822,5219,164300937
5219,165100429,5219,165230516
5219,166029684,5219,166147741
5219,166946872,5219,167075970
5219,167875161,5219,167991091
5219,168807290,5219,168933463
5219,169733052,5219,169882046
5219,170681261,5219,170811774
5219,171610996,5219,171723826
5219,172540301,5219,172679178
5219,173478697,5219,173617347
5219,174416949,5219,174556686
5219,175356004,5219,175479274
5219,176295970,5219,176423187
5219,177222798,5219,177365715
5219,178164897,5219,178282257
5219,179081399,5219,179195509
5219,179994807,5219,180133290
5219,180932839,5219,181056085
5219,181855244,5219,181987561
5219,182786799,5219,182908763
5219,183708811,5219,183852968
5219,184669441,5219,184801157
5219,185600383,5219,185746597
5219,186545932,5219,186677432
5219,187477047,5219,187613634
5219,188429709,5219,188566670
5219,189366068,5219,189504519
5219,190303680,5219,190450811
5219,191250609,5219,191367855
5219,192184064,5219,192325081
5219,193124390,5219,193254077
5219,194053215,5219,194177268
5219,194977010,5219,195107190
5219,195906789,5219,196054593
5219,196853911,5219,196983345
5219,197782470,5219,197914503
5219,198713722,5219,198830195
5219,199629774,5219,199774197
5219,200590383,5219,200721323
5219,201520691,5219,201664885
5219,202464264,5219,202597394
5219,203396766,5219,203526229
5219,204342315,5219,204480562
5219,205279793,5219,205407410
5219,206206455,5219,206339886
5219,207139380,5219,207276514
5219,208092516,5219,208217246
5219,209016471,5219,209139208
5219,209938539,5219,210024375
5219,210823530,5219,210960487
5219,211759662,5219,211888892
5219,212705264,5219,212821414
5219,213621309,5219,213745340
5219,214549032,5219,214689702
5219,215488960,5219,215619337
5219,216435490,5219,216559119
5219,217358468,5219,217488595
5219,218288053,5219,218434917
5219,219234259,5219,219356479
5219,220172608,5219,220303978
5219,221103253,5219,221238827
5219,222038175,5219,222172499
5219,222971754,5219,223109301
5219,223908439,5219,224049817
5219,224849355,5219,224973315
5219,225772720,5219,225890520
5219,226689701,5219,226818785
5219,227618000,5219,227739117
5219,228555125,5219,228681429
5219,229481024,5219,229605320
5219,230404512,5219,230558553
5219,231357868,5219,231486805
5219,232302964,5219,232433500
5219,233232979,5219,233365776
5219,234165174,5219,234312868
5219,235111973,5219,235248350
5219,236064512,5219,236210109
5219,237009598,5219,237133361
5219,237932503,5219,238071607
5219,238870865,5219,238992105
5219,239791904,5219,239916640
5219,240733036,5219,240847549
5219,241645871,5219,241774631
5219,242572983,5219,242709803
5219,243508561,5219,243652185
5219,244453110,5219,244600794
5219,245401019,5219,245525243
5219,246325004,5219,246471755
5219,247272280,5219,247411877
5219,248229116,5219,248602333
5219,249402015,5219,249532845
5219,250332060,5219,250478270
5219,251277362,5219,251414563
5219,252231028,5219,252361555
5219,253160780,5219,253277616
5219,254076795,5219,254202591
5219,255001870,5219,255131323
5219,255930795,5219,256086196
5219,256885521,5219,257001487
5219,257800866,5219,257940423
5219,258739641,5219,258876818
5219,259676350,5219,259813990
5219,260630139,5219,260748863
5219,261548127,5219,261685081
5219,262484310,5219,262618193
5219,263417741,5219,263551645
5219,264367831,5219,264485614
5219,265284906,5219,265415776
5219,266215167,5219,266363741
5219,267163487,5219,267292460
5219,268108526,5219,268218799
5219,269018027,5219,269146797
5219,269945909,5219,270077309
5219,270876764,5219,271006177
5219,271805416,5219,271928919
5219,272744925,5219,272875615
5219,273674880,5219,273813457
5219,274613082,5219,274760176
5219,275559438,5219,275676084
5219,276492296,5219,276623247
5219,277422678,5219,277553115
5219,278352631,5219,278504755
5219,279303996,5219,279432826
5219,280248915,5219,280379379
5219,281178734,5219,281314904
5219,282114039,5219,282248376
5219,283047461,5219,283178622
5219,283977746,5219,284138184
5219,284937659,5219,285052949
5219,285852230,5219,285970294
5219,286769362,5219,286905809
5219,287705087,5219,287834331
5219,288650700,5219,288782433
5219,289581878,5219,289698615
5219,290497880,5219,290643411
5219,291442656,5219,291580096
5219,292396388,5219,292526969
5219,293326234,5219,293472874
5219,294272266,5219,294417177
5219,295216352,5219,295353142
5219,296169991,5219,296293568
5219,297093102,5219,297215209
5219,298019134,5219,298151764
5219,298951116,5219,299089277
5219,299888445,5219,300028555
5219,300828347,5219,300938644
5219,301737955,5219,301890026
5219,302689208,5219,302825645
5219,303624653,5219,303741040
5219,304557999,5219,304697172
5219,305496524,5219,305625214
5219,306424593,5219,306555236
5219,307354518,5219,307484815
5219,308301020,5219,308438887
5219,309238439,5219,309359786
5219,310158924,5219,310282631
5219,311081985,5219,311219176
5219,312035278,5219,312168505
5219,312968200,5219,313105984
5219,313905312,5219,314016909
5219,314816277,5219,314944917
5219,315744255,5219,315874399
5219,316690911,5219,316814021
5219,317613436,5219,317727146
5219,318526524,5219,318672871
5219,319472143,5219,319603040
5219,320419459,5219,320557560
5219,321356791,5219,321472875
5219,322272106,5219,322418733
5219,323218122,5219,323355829
5219,324172245,5219,324301242
5219,325100626,5219,325222693
5219,326022011,5219,326154049
5219,326953343,5219,327091547
5219,327891116,5219,328038423
5219,328837761,5219,328962465
5219,329761973,5219,329902907
5219,330702075,5219,330826928
5219,331626343,5219,331754967
5219,332571093,5219,332702509
5219,333501698,5219,333638538
5219,334437780,5219,334568247
5219,335367705,5219,335497495
5219,336313667,5219,336431084
5219,337230265,5219,337360076
5219,338159277,5219,338298118
5219,339097769,5219,339225869
5219,340041955,5219,340166418
5219,340965663,5219,341102804
5219,341902022,5219,342040733
5219,342840351,5219,342950837
5219,343750116,5219,343864186
5219,344680228,5219,344797045
5219,345596249,5219,345731943
5219,346531425,5219,346663285
5219,347462657,5219,347608011
5219,348423943,5219,348561867
5219,349361148,5219,349497938
5219,350297490,5219,350438057
5219,351237272,5219,351367203
5219,352183241,5219,352321039
5219,353120380,5219,353271164
5219,354070633,5219,354189203
5219,354988551,5219,355132988
5219,355932133,5219,356065271
5219,356864442,5219,356999736
5219,357799038,5219,357915911
5219,358715142,5219,358830635
5219,359629924,5219,359748857
5219,360572606,5219,360690266
5219,361489814,5219,361618881
5219,362418043,5219,362557227
5219,363356538,5219,363479051
5219,364295274,5219,364425494
5219,365224692,5219,365354982
5219,366154130,5219,366263833
5219,367062959,5219,367192642
5219,367991937,5219,368153118
5219,368952933,5219,369090920
5219,369890159,5219,370015082
5219,370814587,5219,370952778
5219,371751916,5219,371894573
5219,372718546,5219,372834519
5219,373633867,5219,373750597
5219,374549835,5219,374682506
5219,375481647,5219,375617678
5219,376441703,5219,376572353
5219,377371619,5219,377501782
5219,378301494,5219,378452948
5219,379252340,5219,379382430
5219,380185061,5219,380280624
5219,381084359,5219,381221726
5219,382021098,5219,382146738
5219,382946267,5219,383083020
5219,383882126,5219,384035080
5219,384834428,5219,384956378
5219,385755563,5219,385891663
5219,386691205,5219,386820625
5219,387619680,5219,387749001
5219,388572723,5219,388688936
5219,389488208,5219,389618968
5219,390418439,5219,390560480
5219,391359735,5219,391490805
5219,392314921,5219,392453258
5219,393252400,5219,393383393
5219,394182871,5219,394336075
5219,395135137,5219,395264281
5219,396088197,5219,396226517
5219,397026369,5219,397155506
5219,397955037,5219,398072374
5219,398871526,5219,399007892
5219,399807101,5219,399902737
5219,400726679,5219,400864813
5219,401664438,5219,401790835
5219,402589990,5219,402727844
5219,403526932,5219,403646432
5219,404470338,5219,404596081
5219,405395596,5219,405512646
5219,406311691,5219,406451194
5219,407250496,5219,407372216
5219,408196632,5219,408313632
5219,409113354,5219,409242474
5219,410041602,5219,410167729
5219,410966921,5219,411096978
5219,411896763,5219,412052037
5219,412851628,5219,412986366
5219,413785891,5219,413909714
5219,414708876,5219,414833369
5219,415632978,5219,415765511
5219,416566269,5219,416664409
5219,417463653,5219,417592857
5219,418392305,5219,418517966
5219,419317134,5219,419447677
5219,420278787,5219,420402710
5219,421201868,5219,421329775
5219,422128864,5219,422267364
5219,423066479,5219,423196789
5219,423996011,5219,424150132
5219,424949647,5219,425072604
5219,425871878,5219,426012122
5219,426811434,5219,426942864
5219,427742406,5219,427872996
5219,428689405,5219,428820586
5219,429619697,5219,429756644
5219,430555913,5219,430702647
5219,431501825,5219,431624492
5219,432440454,5219,432555487
5219,433354795,5219,433485255
5219,434284490,5219,434424024
5219,435223592,5219,435347723
5219,436163898,5219,436289218
5219,437088573,5219,437225230
5219,438025249,5219,438156879
5219,438956234,5219,439094201
5219,439893493,5219,440056251
5219,440855619,5219,440980289
5219,441779531,5219,441909434
5219,442708633,5219,442855313
5219,443654645,5219,443783402
5219,444599420,5219,444729444
5219,445528782,5219,445671343
5219,446470861,5219,446608931
5219,447408170,5219,447530820
5219,448347075,5219,448465059
5219,449264344,5219,449393770
5219,450193406,5219,450323786
5219,451123284,5219,451259058
5219,452075133,5219,452206291
5219,453006032,5219,453123622
5219,453923007,5219,454061554
5219,454860786,5219,454989942
5219,455789188,5219,455903301
5219,456720246,5219,456843383
5219,457643108,5219,457771885
5219,458571156,5219,458710867
5219,459509952,5219,459632218
5219,460448700,5219,460578871
5219,461378189,5219,461520323
5219,462319561,5219,462450778
5219,463250146,5219,463367686
5219,464188559,5219,464321342
5219,465120671,5219,465244807
5219,466044072,5219,466175746
5219,466974881,5219,467089674
5219,467888896,5219,468043397
5219,468842752,5219,468974439
5219,469773747,5219,469904574
5219,470703709,5219,470826542
5219,471625724,5219,471749021
5219,472565076,5219,472712027
5219,473511425,5219,473641215
5219,474440444,5219,474571214
5219,475371052,5219,475512423
5219,476328731,5219,476466405
5219,477265617,5219,477395430
5219,478194459,5219,478327183
5219,479126437,5219,479249768
5219,480065900,5219,480202517
5219,481001622,5219,481130792
5219,481930020,5219,482061167
