5163,546752846,5163,547052815
5163,547159545,5163,547350187
5163,547426741,5163,547616599
5163,547693093,5163,547887371
5163,547963805,5163,548164464
5163,548240908,5163,548436830
5163,548513084,5163,548698913
5163,548775307,5163,548949273
5163,549025554,5163,549196516
5163,549272676,5163,549445308
5163,549521786,5163,549599633
5163,549670027,5163,549732785
5163,549802413,5163,549863240
5163,549932474,5163,549992178
5163,550061262,5163,550120393
5163,550189543,5163,550250674
5163,550319772,5163,550380989
5163,550449893,5163,550514187
5163,550583252,5163,550645982
5163,550715796,5163,550779344
5163,550848528,5163,550910952
5163,550979906,5163,551039580
5163,551108828,5163,551170485
5163,551239969,5163,551300210
5163,551369184,5163,551429422
5163,551498469,5163,551558683
5163,551627974,5163,551687591
5163,551757459,5163,551819089
5163,551888277,5163,551951794
5163,552033649,5163,552098370
5163,552169718,5163,552231843
5163,552301324,5163,552365085
5163,552434287,5163,552496421
5163,552565502,5163,552628031
5163,552697175,5163,552764330
5163,552833435,5163,552893959
5163,552963014,5163,553023178
5163,553092070,5163,553154114
5163,553223179,5163,553286047
5163,553355698,5163,553416686
5163,553485734,5163,553547615
5163,553617397,5163,553679438
5163,553748736,5163,553811361
5163,553880472,5163,553945727
5163,554014695,5163,554078663
5163,554148021,5163,554211805
5163,554280837,5163,554342271
5163,554411699,5163,554473988
5163,554542795,5163,554604443
5163,554674052,5163,554735829
5163,554805147,5163,554867325
5163,554936433,5163,554999808
5163,555068756,5163,555130164
5163,555199945,5163,555261156
5163,555330695,5163,555392276
5163,555461384,5163,555523455
5163,555592673,5163,555653638
5163,555723193,5163,555783777
5163,555853272,5163,555914880
5163,555983924,5163,556048493
5163,556119991,5163,556181690
5163,556251165,5163,556314503
5163,556383682,5163,556444731
5163,556513986,5163,556574968
5163,556643989,5163,556705871
5163,556775033,5163,556837148
5163,556906187,5163,556966869
5163,557035977,5163,557098016
5163,557167201,5163,557229053
5163,557298228,5163,557365267
5163,557434432,5163,557494724
5163,557563802,5163,557627451
5163,557696479,5163,557758491
5163,557827963,5163,557895482
5163,557964687,5163,558026016
5163,558095058,5163,558157776
5163,558226898,5163,558288516
5163,558357961,5163,558419347
5163,558488525,5163,558551697
5163,558620822,5163,558682654
5163,558751793,5163,558813741
5163,558883393,5163,558944792
5163,559014064,5163,559075935
5163,559144974,5163,559207579
5163,559276604,5163,559337596
5163,559406718,5163,559468060
5163,559537132,5163,559598567
5163,559667519,5163,559728317
5163,559797449,5163,559858798
5163,559927860,5163,559988855
5163,560088385,5163,560158531
5163,560228073,5163,560291342
5163,560360261,5163,560422070
5163,560491260,5163,560552735
5163,560621741,5163,560681613
5163,560750796,5163,560812241
5163,560881347,5163,560943009
5163,561012339,5163,561073874
5163,561143007,5163,561204969
5163,561274045,5163,561337014
5163,561406180,5163,561467709
5163,561537138,5163,561598920
5163,561668363,5163,561728832
5163,561797914,5163,561859866
5163,561931329,5163,561994391
5163,562063404,5163,562123993
5163,562193069,5163,562252254
5163,562321377,5163,562382286
5163,562451202,5163,562512170
5163,562581353,5163,562652299
5163,562721662,5163,562783417
5163,562852497,5163,562915102
5163,562985205,5163,563047300
5163,563116733,5163,563177189
5163,563246437,5163,563307397
5163,563376522,5163,563438338
5163,563507447,5163,563571023
5163,563640196,5163,563702881
5163,563771970,5163,563833633
5163,563902728,5163,563965424
5163,564051301,5163,564117499
5163,564186445,5163,564248960
5163,564318043,5163,564380781
5163,564449860,5163,564512409
5163,564582164,5163,564644236
5163,564713625,5163,564774797
5163,564844000,5163,564904142
5163,564973224,5163,565033939
5163,565103708,5163,565165640
5163,565234729,5163,565297994
5163,565367497,5163,565431092
5163,565500198,5163,565562696
5163,565632165,5163,565694397
5163,565763376,5163,565824898
5163,565894161,5163,565957636
5163,566026671,5163,566089183
5163,566158239,5163,566220555
5163,566289660,5163,566348672
5163,566417694,5163,566480356
5163,566549425,5163,566610254
5163,566679366,5163,566738225
5163,566807127,5163,566868046
5163,566937065,5163,566999677
5163,567068702,5163,567129341
5163,567198360,5163,567260085
5163,567329131,5163,567390723
5163,567460008,5163,567522220
5163,567591382,5163,567653441
5163,567722537,5163,567783839
5163,567852831,5163,567913760
5163,567982802,5163,568046014
5163,568118143,5163,568180991
5163,568250493,5163,568313155
5163,568382277,5163,568444068
5163,568513177,5163,568575589
5163,568644554,5163,568705146
5163,568774055,5163,568835806
5163,568904758,5163,568966920
5163,569036015,5163,569097974
5163,569167076,5163,569230078
5163,569299526,5163,569362181
5163,569431317,5163,569493905
5163,569563067,5163,569625666
5163,569694814,5163,569756373
5163,569826001,5163,569891406
5163,569960402,5163,570021773
5163,570090785,5163,570150684
5163,570219786,5163,570282301
5163,570352190,5163,570413751
5163,570483046,5163,570546182
5163,570615400,5163,570678262
5163,570747291,5163,570809899
5163,570879658,5163,570943023
5163,571012235,5163,571075480
5163,571144942,5163,571207674
5163,571276846,5163,571337094
5163,571406659,5163,571468308
5163,571537643,5163,571598568
5163,571667617,5163,571729102
5163,571803334,5163,571866649
5163,571935948,5163,571998353
5163,572094342,5163,572158857
5163,572228002,5163,572290944
5163,572359989,5163,572422024
5163,572491119,5163,572553438
5163,572622700,5163,572684904
5163,572753883,5163,572816108
5163,572885023,5163,572946634
5163,573015553,5163,573076002
5163,573144990,5163,573205048
5163,573274083,5163,573335735
5163,573404647,5163,573467532
5163,573536470,5163,573596638
5163,573665563,5163,573725705
5163,573794754,5163,573857665
5163,573926727,5163,573991056
5163,574060007,5163,574122729
5163,574191827,5163,574251906
5163,574320921,5163,574381919
5163,574451624,5163,574512613
5163,574581424,5163,574642256
5163,574711261,5163,574775459
5163,574844498,5163,574906333
5163,574975392,5163,575038060
5163,575107018,5163,575168680
5163,575237978,5163,575300366
5163,575369365,5163,575430180
5163,575499659,5163,575561413
5163,575630612,5163,575691957
5163,575761009,5163,575822820
5163,575891876,5163,575955077
5163,576049650,5163,576114101
5163,576183283,5163,576245655
5163,576314866,5163,576376801
5163,576445850,5163,576507661
5163,576577129,5163,576636885
5163,576705916,5163,576767038
5163,576835880,5163,576896881
5163,576965963,5163,577030418
5163,577099953,5163,577160424
5163,577229526,5163,577293078
5163,577362126,5163,577422924
5163,577491949,5163,577553241
5163,577622276,5163,577685531
5163,577754429,5163,577815791
5163,577884819,5163,577950871
5163,578019903,5163,578081187
5163,578151046,5163,578213251
5163,578282269,5163,578343761
5163,578412723,5163,578474897
5163,578544009,5163,578605771
5163,578675286,5163,578737904
5163,578807146,5163,578866947
5163,578936156,5163,578999558
5163,579068676,5163,579129741
5163,579199533,5163,579261321
5163,579330379,5163,579391507
5163,579460372,5163,579536341
5163,579605716,5163,579668051
5163,579737543,5163,579798858
5163,579867833,5163,579927994
5163,579997166,5163,580086058
5163,580155354,5163,580217038
5163,580286010,5163,580348208
5163,580417213,5163,580478528
5163,580547536,5163,580608838
5163,580677957,5163,580740928
5163,580810753,5163,580873461
5163,580942340,5163,581004145
5163,581073200,5163,581135558
5163,581204460,5163,581267831
5163,581337389,5163,581400348
5163,581469416,5163,581530424
5163,581599420,5163,581661734
5163,581730816,5163,581793641
5163,581862626,5163,581926014
5163,581995116,5163,582057497
5163,582126606,5163,582188654
5163,582257642,5163,582321184
5163,582390289,5163,582453261
5163,582522153,5163,582582741
5163,582651666,5163,582713467
5163,582782462,5163,582843567
5163,582912706,5163,582973484
5163,583042939,5163,583104474
5163,583173682,5163,583235317
5163,583304489,5163,583364354
5163,583433492,5163,583494250
5163,583568329,5163,583630370
5163,583699559,5163,583761517
5163,583830519,5163,583890777
5163,583959699,5163,584030477
5163,584099822,5163,584163777
5163,584233395,5163,584294737
5163,584363905,5163,584425697
5163,584494798,5163,584556307
5163,584625358,5163,584686877
5163,584755848,5163,584817673
5163,584886892,5163,584948696
5163,585017785,5163,585080657
5163,585150038,5163,585211126
5163,585280482,5163,585342039
5163,585411075,5163,585472986
5163,585542138,5163,585604456
5163,585673714,5163,585735776
5163,585804771,5163,585865876
5163,585934888,5163,585997183
5163,586066574,5163,586128469
5163,586197428,5163,586260469
5163,586329538,5163,586392542
5163,586461527,5163,586523946
5163,586593514,5163,586657526
5163,586726547,5163,586787692
5163,586856707,5163,586918215
5163,586987274,5163,587048319
5163,587117867,5163,587179142
5163,587248067,5163,587308832
5163,587377894,5163,587438945
5163,587507867,5163,587570198
5163,587639147,5163,587700272
5163,587769380,5163,587829241
5163,587898100,5163,587968398
5163,588040640,5163,588103808
5163,588173457,5163,588236425
5163,588305801,5163,588367782
5163,588436971,5163,588499489
5163,588568464,5163,588631262
5163,588700278,5163,588761330
5163,588830365,5163,588891016
5163,588960058,5163,589020347
5163,589089428,5163,589150270
5163,589219182,5163,589281470
5163,589350416,5163,589410347
5163,589479462,5163,589540584
5163,589609589,5163,589670981
5163,589740656,5163,589801038
5163,589870043,5163,589934438
5163,590003493,5163,590065015
5163,590133940,5163,590194875
5163,590263760,5163,590324265
5163,590393117,5163,590453848
5163,590522807,5163,590584609
5163,590653471,5163,590714742
5163,590784147,5163,590852276
5163,590921624,5163,590982933
5163,591051928,5163,591112199
5163,591181228,5163,591241993
5163,591311385,5163,591372530
5163,591441668,5163,591501894
5163,591570819,5163,591633557
5163,591702512,5163,591763341
5163,591832846,5163,591895431
5163,591964572,5163,592033431
5163,592102536,5163,592164535
5163,592233714,5163,592294932
5163,592364704,5163,592426612
5163,592495921,5163,592556806
5163,592625885,5163,592687836
5163,592756755,5163,592819343
5163,592888458,5163,592949367
5163,593018642,5163,593080337
5163,593149396,5163,593210951
5163,593280026,5163,593341038
5163,593410730,5163,593471331
5163,593540297,5163,593601838
5163,593670774,5163,593731876
5163,593800767,5163,593863009
5163,593932674,5163,593994166
5163,594063101,5163,594124180
5163,594193282,5163,594255620
5163,594324585,5163,594384387
5163,594454339,5163,594517604
5163,594586813,5163,594647351
5163,594716373,5163,594780665
5163,594849570,5163,594909555
5163,594978330,5163,595039522
5163,595108497,5163,595170206
5163,595243768,5163,595306466
5163,595375592,5163,595435826
5163,595504832,5163,595566787
5163,595635925,5163,595696247
5163,595765296,5163,595827297
5163,595896336,5163,595958524
5163,596030993,5163,596093405
5163,596162454,5163,596223515
5163,596292564,5163,596355039
5163,596424297,5163,596485213
5163,596554455,5163,596615920
5163,596684958,5163,596747340
5163,596816389,5163,596877837
5163,596946972,5163,597009678
5163,597078876,5163,597140691
5163,597209966,5163,597271691
5163,597340810,5163,597401175
5163,597470264,5163,597530992
5163,597600611,5163,597662586
5163,597731731,5163,597793690
5163,597862835,5163,597926290
5163,597995199,5163,598055480
5163,598124606,5163,598185154
5163,598254316,5163,598315305
5163,598384437,5163,598447412
5163,598516573,5163,598577842
5163,598647310,5163,598710956
5163,598779914,5163,598840666
5163,598909728,5163,598971333
5163,599040291,5163,599101420
5163,599171135,5163,599230910
5163,599299926,5163,599360357
5163,599429272,5163,599490351
5163,599559386,5163,599621045
5163,599690067,5163,599753515
5163,599822740,5163,599882119
5163,599951327,5163,600030499
5163,600099715,5163,600163707
5163,600232822,5163,600295520
5163,600364539,5163,600425907
5163,600495056,5163,600558178
5163,600627226,5163,600688945
5163,600757753,5163,600818751
5163,600887800,5163,600949669
5163,601018677,5163,601080305
5163,601149167,5163,601214292
5163,601283621,5163,601344710
5163,601413825,5163,601474020
5163,601542885,5163,601602797
5163,601671782,5163,601731844
5163,601801519,5163,601862904
5163,601932192,5163,601993678
5163,602062560,5163,602124068
5163,602193153,5163,602255295
5163,602324227,5163,602388155
5163,602457594,5163,602520145
5163,602589224,5163,602651236
5163,602720401,5163,602782593
5163,602852048,5163,602912239
5163,602981231,5163,603040793
5163,603109775,5163,603171073
5163,603240185,5163,603301617
5163,603370749,5163,603433998
5163,603503123,5163,603566658
5163,603635546,5163,603696375
5163,603765197,5163,603825602
5163,603894984,5163,603956945
5163,604028764,5163,604091026
5163,604160214,5163,604222263
5163,604291188,5163,604352173
5163,604421748,5163,604486663
5163,604555648,5163,604618577
5163,604687718,5163,604759197
5163,604828449,5163,604889668
5163,604958986,5163,605022654
5163,605092056,5163,605154475
5163,605223557,5163,605284975
5163,605353803,5163,605415358
5163,605485060,5163,605546532
5163,605615581,5163,605676172
5163,605745461,5163,605806329
5163,605875431,5163,605940756
5163,606009851,5163,606072406
5163,606141445,5163,606203177
5163,606272042,5163,606332880
5163,606401742,5163,606462904
5163,606531815,5163,606592167
5163,606661206,5163,606723397
5163,606792333,5163,606853467
5163,606926736,5163,606989215
5163,607058643,5163,607121348
5163,607190323,5163,607251728
5163,607320707,5163,607382145
5163,607451054,5163,607842371
5163,607911340,5163,607990122
5163,608075984,5163,608141716
5163,608210768,5163,608273916
5163,608342838,5163,608405423
5163,608474501,5163,608536447
5163,608605592,5163,608665483
5163,608734398,5163,608796357
5163,608865335,5163,608926417
5163,608995299,5163,609056357
5163,609125439,5163,609188757
5163,609257752,5163,609319658
5163,609388526,5163,609450827
5163,609520269,5163,609582398
5163,609651833,5163,609712681
5163,609781510,5163,609844982
5163,609914023,5163,609978235
5163,610047690,5163,610110309
5163,610179394,5163,610240485
5163,610309374,5163,610371422
5163,610440504,5163,610500685
5163,610569907,5163,610631209
5163,610700181,5163,610762876
5163,610831808,5163,610894646
5163,610963645,5163,611025386
5163,611094245,5163,611155410
5163,611224392,5163,611286453
5163,611355362,5163,611416527
5163,611485592,5163,611548547
5163,611618335,5163,611680077
5163,611748956,5163,611812191
5163,611881032,5163,611942178
5163,612028346,5163,612090768
5163,612159843,5163,612223968
5163,612292897,5163,612354585
5163,612423574,5163,612484805
5163,612553830,5163,612615869
5163,612685051,5163,612747209
5163,612816491,5163,612877009
5163,612946037,5163,613006859
5163,613075808,5163,613136649
5163,613205661,5163,613266579
5163,613335531,5163,613395176
5163,613464144,5163,613541503
5163,613610512,5163,613673007
5163,613742169,5163,613804954
5163,613874042,5163,613937247
5163,614006209,5163,614067380
5163,614136422,5163,614199648
5163,614268676,5163,614331761
5163,614400786,5163,614463025
5163,614532043,5163,614592674
5163,614661760,5163,614722342
5163,614791433,5163,614852751
5163,614922013,5163,614981965
5163,615050883,5163,615111418
5163,615180270,5163,615242509
5163,615312114,5163,615372659
5163,615441501,5163,615504582
5163,615573474,5163,615634712
5163,615703608,5163,615765112
5163,615834204,5163,615896789
5163,615965791,5163,616045700
5163,616114885,5163,616176563
5163,616245638,5163,616306150
5163,616376085,5163,616437520
5163,616506669,5163,616568511
5163,616637519,5163,616698834
5163,616767709,5163,616829597
5163,616899542,5163,616960967
5163,617030189,5163,617090838
5163,617159696,5163,617222054
5163,617291146,5163,617353464
5163,617422343,5163,617483071
5163,617552223,5163,617610814
5163,617679966,5163,617742178
5163,617811213,5163,617884745
5163,617953744,5163,618014662
5163,618083637,5163,618146765
5163,618215724,5163,618278549
5163,618347554,5163,618411072
5163,618479977,5163,618542256
5163,618611168,5163,618671933
5163,618740961,5163,618804020
5163,618873148,5163,618934403
5163,619007941,5163,619071557
5163,619141015,5163,619202630
5163,619271575,5163,619333007
5163,619401925,5163,619464047
5163,619533515,5163,619596051
5163,619665089,5163,619726900
5163,619795982,5163,619857024
5163,619926033,5163,619986641
5163,620072850,5163,620135818
5163,620205253,5163,620266632
5163,620335670,5163,620396048
5163,620465077,5163,620526752
5163,620596321,5163,620658132
5163,620726987,5163,620788589
5163,620857444,5163,620918729
5163,620987631,5163,621053350
5163,621122308,5163,621183586
5163,621252415,5163,621312633
5163,621381642,5163,621445230
5163,621514132,5163,621576160
5163,621645076,5163,621706740
5163,621775526,5163,621836834
5163,621905706,5163,621977225
5163,622046330,5163,622110081
5163,622179206,5163,622241038
5163,622310267,5163,622372612
5163,622441503,5163,622502945
5163,622571834,5163,622633355
5163,622702257,5163,622763192
5163,622832044,5163,622893386
5163,622962278,5163,623023516
5163,623092515,5163,623153186
5163,623222148,5163,623284626
5163,623353588,5163,623413830
5163,623482702,5163,623543357
5163,623612345,5163,623673714
5163,623743222,5163,623805644
5163,623874606,5163,623935827
5163,624021913,5163,624084021
5163,624153330,5163,624215471
5163,624284747,5163,624346239
5163,624415177,5163,624476025
5163,624545027,5163,624606516
5163,624675474,5163,624738596
5163,624808121,5163,624871176
5163,624940075,5163,625001777
5163,625070702,5163,625132840
5163,625201835,5163,625263790
5163,625333569,5163,625396441
5163,625465689,5163,625528911
5163,625597839,5163,625661165
5163,625730170,5163,625793268
5163,625862777,5163,625925442
5163,625994327,5163,626054209
5163,626123144,5163,626185146
5163,626254261,5163,626316863
5163,626385961,5163,626449077
5163,626518295,5163,626580563
5163,626649635,5163,626710767
5163,626781992,5163,626842544
5163,626911466,5163,626972507
5163,627041429,5163,627102134
5163,627171383,5163,627232144
5163,627301146,5163,627361988
5163,627431524,5163,627492092
5163,627561053,5163,627623179
5163,627692081,5163,627753939
5163,627822811,5163,627885636
5163,627954561,5163,628034586
5163,628103808,5163,628166837
5163,628235746,5163,628295387
5163,628364442,5163,628424027
5163,628493856,5163,628556554
5163,628625466,5163,628685908
5163,628754896,5163,628815655
5163,628885517,5163,628949782
5163,629018794,5163,629081439
5163,629150411,5163,629212616
5163,629281881,5163,629343232
5163,629412804,5163,629473743
5163,629542848,5163,629603573
5163,629672525,5163,629734923
5163,629803889,5163,629865567
5163,629934572,5163,629997374
5163,630066739,5163,630129764
5163,630198700,5163,630261505
5163,630330590,5163,630400222
5163,630469760,5163,630531819
5163,630601031,5163,630661952
5163,630735861,5163,630798446
5163,630867574,5163,630927876
5163,630996842,5163,631057353
5163,631126408,5163,631187603
5163,631256652,5163,631320334
5163,631389279,5163,631451957
5163,631520962,5163,631582788
5163,631651920,5163,631713711
5163,631782700,5163,631844145
5163,631913393,5163,631975172
5163,632061121,5163,632125616
5163,632194694,5163,632256176
5163,632325204,5163,632388313
5163,632457415,5163,632518053
5163,632587185,5163,632648303
5163,632717365,5163,632777767
5163,632847022,5163,632909247
5163,632978296,5163,633039728
5163,633109353,5163,633171067
5163,633239993,5163,633303785
5163,633372827,5163,633434878
5163,633504040,5163,633564125
5163,633633497,5163,633693809
5163,633762684,5163,633823192
5163,633892027,5163,633956922
5163,634025951,5163,634087559
5163,634156494,5163,634219600
5163,634288492,5163,634349736
5163,634418728,5163,634480773
5163,634549799,5163,634611480
5163,634680492,5163,634740117
5163,634809229,5163,634870497
5163,634939442,5163,635001997
5163,635070889,5163,635130484
5163,635200043,5163,635260821
5163,635330040,5163,635391468
5163,635460390,5163,635522308
5163,635591230,5163,635653395
5163,635722891,5163,635784639
5163,635853924,5163,635915062
5163,635984158,5163,636048159
5163,636116984,5163,636179206
5163,636248815,5163,636310987
5163,636379988,5163,636441356
5163,636510348,5163,636573257
5163,636642352,5163,636703230
5163,636772992,5163,636834984
5163,636904373,5163,636965121
5163,637033926,5163,637094348
5163,637163396,5163,637224531
5163,637293929,5163,637355721
5163,637424937,5163,637484918
5163,637553870,5163,637615398
5163,637684274,5163,637744032
5163,637813830,5163,637888252
5163,637957701,5163,638020443
5163,638089558,5163,638151349
5163,638220408,5163,638282240
5163,638351255,5163,638413330
5163,638482325,5163,638546093
5163,638615162,5163,638677790
5163,638746749,5163,638817134
5163,638886426,5163,638947891
5163,639017003,5163,639076574
5163,639145463,5163,639207148
5163,639276187,5163,639336278
5163,639405906,5163,639468655
5163,639538057,5163,639601082
5163,639669970,5163,639732029
5163,639801151,5163,639862309
5163,639931337,5163,639993909
5163,640080751,5163,640145050
5163,640214175,5163,640276143
5163,640345125,5163,640405300
5163,640474992,5163,640537660
5163,640607092,5163,640669744
5163,640738632,5163,640800611
5163,640869559,5163,640930751
5163,640999703,5163,641060861
5163,641129906,5163,641192844
5163,641261730,5163,641323772
5163,641392633,5163,641453345
5163,641522973,5163,641584829
5163,641653987,5163,641715422
5163,641784367,5163,641846182
5163,641915234,5163,641978086
5163,642046914,5163,642108413
5163,642177688,5163,642239749
5163,642308821,5163,642370620
5163,642443705,5163,642507393
5163,642576555,5163,642639827
5163,642709009,5163,642772504
5163,642841412,5163,642904170
5163,642973216,5163,643035978
5163,643104886,5163,643167084
5163,643236253,5163,643296621
5163,643365713,5163,643428298
5163,643497266,5163,643558112
5163,643627587,5163,643689438
5163,643758463,5163,643819392
5163,643888317,5163,643949345
5163,644035434,5163,644098966
5163,644167984,5163,644229723
5163,644299178,5163,644360673
5163,644429678,5163,644493207
5163,644562155,5163,644623790
5163,644693158,5163,644755410
5163,644824642,5163,644887127
5163,644956106,5163,645019427
5163,645088589,5163,645149824
5163,645219546,5163,645281574
5163,645350900,5163,645411288
5163,645480260,5163,645541471
5163,645610407,5163,645670849
5163,645740280,5163,645800648
5163,645869520,5163,645934226
5163,646003271,5163,646066129
5163,646135284,5163,646198286
5163,646267618,5163,646330163
5163,646399388,5163,646461556
5163,646530772,5163,646593177
5163,646662208,5163,646723047
5163,646792179,5163,646854720
5163,646923769,5163,646985407
5163,647054519,5163,647116001
5163,647184999,5163,647261648
5163,647330863,5163,647391935
5163,647461033,5163,647521768
5163,647590867,5163,647651722
5163,647720784,5163,647789052
5163,647858104,5163,647920652
5163,647989837,5163,648049273
5163,648118495,5163,648180729
5163,648250461,5163,648312963
5163,648381952,5163,648444080
5163,648513268,5163,648575907
5163,648644779,5163,648707014
5163,648776079,5163,648836820
5163,648905802,5163,648969438
5163,649038533,5163,649100974
5163,649169869,5163,649230635
5163,649300330,5163,649361601
5163,649430646,5163,649492708
5163,649561894,5163,649623465
5163,649692347,5163,649752972
5163,649822524,5163,649891803
5163,649961145,5163,650023783
5163,650092694,5163,650155756
5163,650224698,5163,650285950
5163,650355558,5163,650416973
5163,650486135,5163,650547014
5163,650616042,5163,650677577
5163,650746549,5163,650806584
5163,650875466,5163,650936574
5163,651005536,5163,651066821
5163,651135723,5163,651197754
5163,651266720,5163,651327698
5163,651396657,5163,651458801
5163,651527743,5163,651588929
5163,651658051,5163,651719882
5163,651788980,5163,651851736
5163,651921504,5163,651984089
5163,652070118,5163,652134297
5163,652203382,5163,652264570
5163,652333502,5163,652393414
5163,652462379,5163,652524547
5163,652593612,5163,652653301
5163,652722446,5163,652783904
5163,652852839,5163,652913625
5163,652983470,5163,653044975
5163,653114100,5163,653173582
5163,653242580,5163,653303765
5163,653372707,5163,653433325
5163,653503124,5163,653564642
5163,653633567,5163,653694772
5163,653764048,5163,653825786
5163,653894905,5163,653959336
5163,654028831,5163,654089833
5163,654163222,5163,654226240
5163,654295229,5163,654359587
5163,654428586,5163,654490204
5163,654560039,5163,654621574
5163,654690553,5163,654752508
5163,654821523,5163,654882605
5163,654951507,5163,655012485
5163,655082050,5163,655142705
5163,655211634,5163,655273399
5163,655342381,5163,655405739
5163,655474804,5163,655536152
5163,655605664,5163,655675806
5163,655745205,5163,655805960
5163,655874972,5163,655937117
5163,656009529,5163,656071747
5163,656140739,5163,656201747
5163,656270696,5163,656333611
5163,656402593,5163,656464181
5163,656533146,5163,656595025
5163,656664540,5163,656729572
5163,656798434,5163,656859452
5163,656928580,5163,656989306
5163,657058328,5163,657118832
5163,657188431,5163,657250743
5163,657319628,5163,657380853
5163,657449755,5163,657510716
5163,657579645,5163,657641253
5163,657711122,5163,657772797
5163,657841752,5163,657905774
5163,657974653,5163,658037901
5163,658106662,5163,658169614
5163,658238650,5163,658300988
5163,658370116,5163,658431455
5163,658500403,5163,658562125
5163,658631114,5163,658694415
5163,658763947,5163,658824212
5163,658892994,5163,658953742
5163,659022697,5163,659083236
5163,659152141,5163,659211896
5163,659281538,5163,659343256
5163,659412348,5163,659472553
5163,659541702,5163,659604110
5163,659673172,5163,659736290
5163,659806156,5163,659869194
5163,659938232,5163,659999601
5163,660090897,5163,660155058
5163,660224194,5163,660286809
5163,660355861,5163,660416675
5163,660485591,5163,660547726
5163,660616751,5163,660679579
5163,660748781,5163,660812193
5163,660881328,5163,660944050
5163,661013378,5163,661079107
5163,661148109,5163,661210854
5163,661279829,5163,661341057
5163,661410449,5163,661471941
5163,661541266,5163,661604951
5163,661674016,5163,661735628
5163,661804610,5163,661866075
5163,661935903,5163,661999082
5163,662068170,5163,662129649
5163,662198820,5163,662260155
5163,662329034,5163,662391082
5163,662460534,5163,662521229
5163,662590414,5163,662651966
5163,662720858,5163,662781696
5163,662850581,5163,662912490
5163,662981929,5163,663043030
5163,663111815,5163,663173304
5163,663242399,5163,663304600
5163,663373539,5163,663435284
5163,663504349,5163,663566651
5163,663635593,5163,663697614
5163,663766526,5163,663828431
5163,663897313,5163,663958435
5163,664045171,5163,664111402
5163,664180627,5163,664242889
5163,664312211,5163,664373729
5163,664442798,5163,664504713
5163,664574155,5163,664636010
5163,664704968,5163,664766997
5163,664836132,5163,664897054
5163,664966039,5163,665027980
5163,665097582,5163,665164324
5163,665233353,5163,665294021
5163,665363036,5163,665425658
5163,665494643,5163,665556431
5163,665625553,5163,665685125
5163,665753937,5163,665815652
5163,665888904,5163,665955502
5163,666024651,5163,666086693
5163,666156368,5163,666218689
5163,666287931,5163,666348526
5163,666417575,5163,666478260
5163,666547272,5163,666610977
5163,666680559,5163,666743097
5163,666812182,5163,666873897
5163,666942752,5163,667003474
5163,667072669,5163,667134331
5163,667204059,5163,667266341
5163,667335150,5163,667394388
5163,667463520,5163,667525865
5163,667595054,5163,667655545
5163,667725060,5163,667786172
5163,667855201,5163,667916602
5163,667985681,5163,668048526
5163,668117514,5163,668179413
5163,668248604,5163,668309369
5163,668378205,5163,668438416
5163,668507558,5163,668570340
5163,668639412,5163,668705664
5163,668774819,5163,668835364
5163,668904652,5163,668965021
5163,669033916,5163,669095451
5163,669164519,5163,669226311
5163,669295383,5163,669356254
5163,669425090,5163,669485328
5163,669554277,5163,669613668
5163,669682663,5163,669744322
5163,669813337,5163,669885886
5163,669954794,5163,670017622
5163,670086614,5163,670148659
5163,670217761,5163,670280623
5163,670350378,5163,670411926
5163,670480978,5163,670540777
5163,670609908,5163,670669953
5163,670738935,5163,670801284
5163,670870452,5163,670931074
5163,671000009,5163,671060721
5163,671129963,5163,671193344
5163,671262316,5163,671324235
5163,671393647,5163,671454421
5163,671523406,5163,671586838
5163,671655830,5163,671717115
5163,671786107,5163,671846502
5163,671915881,5163,671975865
5163,672047721,5163,672111406
5163,672180574,5163,672243026
5163,672312025,5163,672374339
5163,672444038,5163,672513910
5163,672582862,5163,672644960
5163,672713925,5163,672774884
5163,672843866,5163,672904587
5163,672973976,5163,673033544
5163,673102526,5163,673162854
5163,673231866,5163,673292611
5163,673361846,5163,673425248
5163,673494890,5163,673567332
5163,673636327,5163,673696859
5163,673765887,5163,673827669
5163,673896668,5163,673961456
5163,674030664,5163,674092640
5163,674162092,5163,674222450
5163,674291348,5163,674353490
5163,674422552,5163,674483270
5163,674552935,5163,674614477
5163,674683342,5163,674744507
5163,674813362,5163,674874207
5163,674943169,5163,675004058
5163,675073006,5163,675135668
5163,675204620,5163,675266352
5163,675335173,5163,675396001
5163,675465000,5163,675526742
5163,675596424,5163,675657472
5163,675726700,5163,675788252
5163,675857151,5163,675918156
5163,675986944,5163,676048563
5163,676118445,5163,676180799
5163,676250028,5163,676311746
5163,676381002,5163,676443483
5163,676512538,5163,676573657
5163,676642742,5163,676704624
5163,676773636,5163,676834877
5163,676903742,5163,676964104
5163,677033049,5163,677093914
5163,677163249,5163,677225385
5163,677294423,5163,677355231
5163,677424383,5163,677486202
5163,677559650,5163,677622319
5163,677692110,5163,677753852
5163,677823014,5163,677891156
5163,677960101,5163,678020823
5163,678089801,5163,678152803
5163,678221635,5163,678282040
5163,678350875,5163,678413737
5163,678482539,5163,678543960
5163,678612939,5163,678678310
5163,678747999,5163,678807964
5163,678876786,5163,678935864
5163,679004716,5163,679066801
5163,679135730,5163,679197214
5163,679266633,5163,679327175
5163,679396257,5163,679456891
5163,679525900,5163,679586875
5163,679655937,5163,679717815
5163,679786804,5163,679848666
5163,679917611,5163,679978449
5163,680064555,5163,680128360
