5223,591873340,5223,592137544
5223,593233888,5223,593491483
5223,594558660,5223,594845298
5223,595924982,5223,596153775
5223,597235295,5223,597475918
5223,598576122,5223,598832912
5223,599925302,5223,600160872
5223,601255468,5223,601499401
5223,602593071,5223,602857911
5223,603945181,5223,604143903
5223,605225928,5223,605416610
5223,606479129,5223,606683351
5223,607743996,5223,607920241
5223,609018637,5223,609192598
5223,610252813,5223,610463496
5223,611523801,5223,611716096
5223,612815916,5223,612993174
5223,614053009,5223,614231060
5223,615290669,5223,615490541
5223,616574067,5223,616757922
5223,617817511,5223,618004166
5223,619063762,5223,619248827
5223,620332246,5223,620528132
5223,621587641,5223,621772382
5223,622831885,5223,623034117
5223,624117623,5223,624304305
5223,625363884,5223,625556926
5223,626616422,5223,626805760
5223,627865206,5223,628041490
5223,629109246,5223,629282820
5223,630342416,5223,630554022
5223,631613607,5223,631798732
5223,632882242,5223,633070123
5223,634129905,5223,634332537
5223,635392289,5223,635590065
5223,636650626,5223,636846129
5223,637906584,5223,638095266
5223,639155541,5223,639343353
5223,640427696,5223,640625367
5223,641685070,5223,641877722
5223,642937357,5223,643131112
5223,644214745,5223,644401174
5223,645460883,5223,645653818
5223,646713420,5223,646912145
5223,647971644,5223,648184323
5223,649244558,5223,649424186
5223,650483845,5223,650697635
5223,651757223,5223,651933858
5223,653017497,5223,653192612
5223,654252324,5223,654471463
5223,655531159,5223,655726954
5223,656810397,5223,656993176
5223,658052831,5223,658236470
5223,659296005,5223,659477337
5223,660560686,5223,660732284
5223,661791953,5223,661944297
5223,663003675,5223,663158780
5223,664242013,5223,664393313
5223,665453056,5223,665616543
5223,666676182,5223,666830789
5223,667890148,5223,668051332
5223,669111158,5223,669256252
5223,670315771,5223,670492308
5223,671551817,5223,671702235
5223,672785777,5223,672941219
5223,674000814,5223,674158281
5223,675217747,5223,675386055
5223,676469424,5223,676628868
5223,677688451,5223,677833484
5223,678892957,5223,679049664
5223,680133000,5223,680297575
5223,681357264,5223,681513642
5223,682573117,5223,682729518
5223,683789164,5223,683950941
5223,685034451,5223,685190742
5223,686250347,5223,686413845
5223,687473367,5223,687612571
5223,688695927,5223,688850764
5223,689910436,5223,690069160
5223,691128636,5223,691285820
5223,692345566,5223,692483893
5223,693543354,5223,693700416
5223,694759887,5223,694929539
5223,695988921,5223,696176456
5223,697236348,5223,697379045
5223,698438591,5223,698603945
5223,699663390,5223,699826315
5223,700909798,5223,701067455
5223,702126964,5223,702272521
5223,703331960,5223,703493808
5223,704585301,5223,704738002
5223,705798574,5223,705956601
5223,707016730,5223,707154231
5223,708218200,5223,708338553
5223,709398712,5223,709563289
5223,710622905,5223,710785562
5223,711845018,5223,711990552
5223,713050091,5223,713208508
5223,714268844,5223,714441225
5223,715501441,5223,715652715
5223,716736761,5223,716885442
5223,717945651,5223,718110855
5223,719170330,5223,719332218
5223,720415574,5223,720572735
5223,721632311,5223,721778371
5223,722837963,5223,723007644
5223,724090810,5223,724246441
5223,725306797,5223,725468175
5223,726528300,5223,726674757
5223,727734916,5223,727884506
5223,728968499,5223,729129247
5223,730188786,5223,730357554
5223,731417049,5223,731564317
5223,732647463,5223,732807197
5223,733867029,5223,734027724
5223,735087116,5223,735249841
5223,736333990,5223,736484577
5223,737544856,5223,737702380
5223,738762656,5223,738936084
5223,739996336,5223,740223466
5223,741284567,5223,741441745
5223,742501977,5223,742661572
5223,743721690,5223,743878981
5223,744963004,5223,745111198
5223,746170757,5223,746321661
5223,747381140,5223,747528057
5223,748592609,5223,748740583
5223,749800989,5223,749941039
5223,751001378,5223,751157945
5223,752241942,5223,752395486
5223,753455041,5223,753624246
5223,754683694,5223,754846749
5223,755906104,5223,756078142
5223,757137875,5223,757292545
5223,758352127,5223,758530345
5223,759589914,5223,759745395
5223,760828911,5223,760981452
5223,762041188,5223,762198712
5223,763258257,5223,763422712
5223,764506251,5223,764653202
5223,765712797,5223,765856915
5223,766916446,5223,767071587
5223,768154974,5223,768320501
5223,769380177,5223,769528841
5223,770588113,5223,770748524
5223,771808003,5223,771970600
5223,773053913,5223,773218667
5223,774278093,5223,774438957
5223,775498383,5223,775653944
5223,776713713,5223,776867890
5223,777927232,5223,778091324
5223,779150913,5223,779296967
5223,780380442,5223,780537510
5223,781596942,5223,781763040
5223,782822522,5223,782993013
5223,784077113,5223,784221073
5223,785281342,5223,785421206
5223,786481501,5223,786637616
5223,787697828,5223,787866329
5223,788949818,5223,789100752
5223,790160164,5223,790319282
5223,791378767,5223,791533678
5223,792609348,5223,792778555
5223,793837844,5223,793990105
5223,795049550,5223,795200351
5223,796299098,5223,796442888
5223,797502961,5223,797666265
5223,798726327,5223,798894635
5223,799954620,5223,800111675
5223,801174223,5223,801303464
5223,802363619,5223,802525660
5223,803585046,5223,803739686
5223,804830323,5223,804937625
5223,805997041,5223,806125691
5223,807184933,5223,807317980
5223,808401219,5223,808537263
5223,809596669,5223,809718035
5223,810777407,5223,810930905
5223,811990517,5223,812150628
5223,813216127,5223,813344997
5223,814404663,5223,814535099
5223,815594485,5223,815729732
5223,816813898,5223,816928294
5223,817987750,5223,818118290
5223,819177696,5223,819299552
5223,820397876,5223,820521819
5223,821581238,5223,821709001
5223,822768310,5223,822895120
5223,823954472,5223,824080235
5223,825139477,5223,825267134
5223,826326483,5223,826470097
5223,827529392,5223,827655969
5223,828739522,5223,828854308
5223,829913694,5223,830043187
5223,831102506,5223,831245280
5223,832322479,5223,832453226
5223,833513448,5223,833642275
5223,834702400,5223,834841294
5223,835901813,5223,836055617
5223,837115942,5223,837257656
5223,838317369,5223,838463753
5223,839523171,5223,839660375
5223,840736957,5223,840867354
5223,841926796,5223,842058756
5223,843118169,5223,843234395
5223,844294101,5223,844403094
5223,845462843,5223,845599163
5223,846658521,5223,846803965
5223,847863258,5223,847992901
5223,849052290,5223,849196650
5223,850256966,5223,850395653
5223,851455858,5223,851587475
5223,852664404,5223,852788595
5223,853848767,5223,853979330
5223,855038772,5223,855174786
5223,856251065,5223,856394836
5223,857454271,5223,857583902
5223,858643457,5223,858774487
5223,859833809,5223,859958576
5223,861034866,5223,861150479
5223,862210094,5223,862348908
5223,863408493,5223,863529693
5223,864606309,5223,864743499
5223,865803008,5223,865947149
5223,867006561,5223,867134134
5223,868210480,5223,868339960
5223,869406629,5223,869545016
5223,870604325,5223,870736912
5223,871796554,5223,871931945
5223,873008024,5223,873146711
5223,874206200,5223,874343673
5223,875403252,5223,875537536
5223,876613549,5223,876743755
5223,877803211,5223,877942575
5223,879001980,5223,879131257
5223,880194139,5223,880288991
5223,881348527,5223,881471657
5223,882531842,5223,882662586
5223,883722628,5223,883860941
5223,884945231,5223,885069071
5223,886129250,5223,886254293
5223,887313839,5223,887453673
5223,888530182,5223,888659779
5223,889719407,5223,889849151
5223,890908570,5223,891030950
5223,892107219,5223,892243389
5223,893303665,5223,893440275
5223,894500560,5223,894647554
5223,895706977,5223,895838957
5223,896915286,5223,897040793
5223,898100375,5223,898218538
5223,899277850,5223,899401737
5223,900477940,5223,900593310
5223,901652195,5223,901773695
5223,902832280,5223,902978958
5223,904053430,5223,904170213
5223,905231489,5223,905357852
5223,906418318,5223,906553292
5223,907613547,5223,907753820
5223,908838690,5223,908968293
5223,910027822,5223,910160822
5223,911220321,5223,911356232
5223,912440501,5223,912577758
5223,913637270,5223,913772347
5223,914831759,5223,914964526
5223,916048772,5223,916179846
5223,917239518,5223,917376428
5223,918435777,5223,918573408
5223,919638067,5223,919761616
5223,920845873,5223,920969813
5223,922029435,5223,922168869
5223,923228251,5223,923365028
5223,924449314,5223,924579561
5223,925639040,5223,925768329
5223,926827682,5223,926965995
5223,928050175,5223,928180965
5223,929240480,5223,929363407
5223,930422949,5223,930574883
5223,931634445,5223,931770882
5223,932855475,5223,932991445
5223,934050961,5223,934183871
5223,935243187,5223,935366324
5223,936450456,5223,936580563
5223,937639972,5223,937756468
5223,938815720,5223,938947131
5223,940031200,5223,940168597
5223,941228076,5223,941358076
5223,942417548,5223,942557612
5223,943617004,5223,943747107
5223,944831523,5223,944955654
5223,946015196,5223,946122069
5223,947181401,5223,947316068
5223,948400261,5223,948530277
5223,949589843,5223,949732380
5223,950791856,5223,950929713
5223,951989778,5223,952158836
5223,953218595,5223,953340845
5223,954400337,5223,954545781
5223,955605180,5223,955736263
5223,956820313,5223,956950983
5223,958010352,5223,958136325
5223,959195561,5223,959326104
5223,960410200,5223,960547220
5223,961606529,5223,961750473
5223,962809662,5223,962947885
5223,964031968,5223,964171639
5223,965231358,5223,965368618
5223,966428560,5223,966573811
5223,967633133,5223,967763967
5223,968848983,5223,968981190
5223,970041322,5223,970181092
5223,971241211,5223,971378191
5223,972463124,5223,972594034
5223,973654283,5223,973784300
5223,974843829,5223,974983786
5223,976068382,5223,976191975
5223,977251744,5223,977368274
5223,978427833,5223,978572116
5223,979631702,5223,979769182
5223,980853268,5223,980990132
5223,982049564,5223,982175857
5223,983235186,5223,983358450
5223,984442742,5223,984586490
5223,985645945,5223,985775632
5223,986835101,5223,986974025
5223,988058367,5223,988194498
5223,989254153,5223,989383050
5223,990442739,5223,990588553
5223,991647898,5223,991772025
5223,992856307,5223,992988031
5223,994047597,5223,994146979
5223,995206194,5223,995321311
5223,996405417,5223,996527150
5223,997586506,5223,997713180
5223,998772438,5223,998910699
5223,999970411,5224,000123095
5224,001183391,5224,001313738
5224,002373423,5224,002520620
5224,003580102,5224,003717363
5224,004802045,5224,004915602
5224,005975327,5224,006116295
5224,007175880,5224,007305810
5224,008397400,5224,008531606
5224,009591055,5224,009718829
5224,010778104,5224,010917155
5224,011976573,5224,012128651
5224,013188423,5224,013311763
5224,014371225,5224,014502579
5224,015562081,5224,015685288
5224,016769580,5224,016900084
5224,017959816,5224,018106217
5224,019165619,5224,019303163
5224,020387178,5224,020524906
5224,021584324,5224,021708584
5224,022767900,5224,022913880
5224,023973949,5224,024128313
5224,025188045,5224,025327216
5224,026391315,5224,026537759
5224,027597374,5224,027735168
5224,028819511,5224,028961624
5224,030021060,5224,030138533
5224,031198102,5224,031322369
5224,032406528,5224,032541742
5224,033601761,5224,033733081
5224,034792416,5224,034928633
5224,035988092,5224,036140206
5224,037200795,5224,037337892
5224,038398018,5224,038544078
5224,039603437,5224,039727664
5224,040811913,5224,040944940
5224,042004742,5224,042112675
5224,043172641,5224,043302394
5224,044386627,5224,044515370
5224,045574879,5224,045703426
5224,046762881,5224,046909278
5224,047968647,5224,048132678
5224,049192420,5224,049322894
5224,050382493,5224,050521360
5224,051589636,5224,051698312
5224,052761867,5224,052885001
5224,053944526,5224,054068937
5224,055128465,5224,055257085
5224,056348448,5224,056471555
5224,057531027,5224,057669334
5224,058728773,5224,058867457
5224,059926925,5224,060074446
5224,061134088,5224,061266098
5224,062326210,5224,062421673
5224,063481132,5224,063614192
5224,064698258,5224,064842052
5224,065901721,5224,066025894
5224,067085876,5224,067215496
5224,068292646,5224,068424359
5224,069484141,5224,069613275
5224,070672960,5224,070818114
5224,071877626,5224,071997779
5224,073079526,5224,073203972
5224,074263628,5224,074401105
5224,075460677,5224,075588934
5224,076673193,5224,076803486
5224,077863072,5224,077981069
5224,079040567,5224,079170418
5224,080255701,5224,080397981
5224,081458323,5224,081597417
5224,082657539,5224,082797413
5224,083857639,5224,083988409
5224,085073295,5224,085211409
5224,086271634,5224,086417548
5224,087477540,5224,087614254
5224,088699100,5224,088837564
5224,089897626,5224,090005522
5224,091065691,5224,091188168
5224,092272380,5224,092395527
5224,093455226,5224,093584989
5224,094644564,5224,094789775
5224,095849851,5224,095987714
5224,097072274,5224,097202107
5224,098261852,5224,098399633
5224,099459152,5224,099597245
5224,100681408,5224,100817985
5224,101877477,5224,101995414
5224,103054899,5224,103190860
5224,104275773,5224,104413086
5224,105473332,5224,105609332
5224,106669438,5224,106814685
5224,107873987,5224,107993774
5224,109053232,5224,109196956
5224,110257642,5224,110384968
5224,111445284,5224,111577611
5224,112662660,5224,112787560
5224,113847822,5224,113994586
5224,115054768,5224,115195736
5224,116279849,5224,116411599
5224,117471108,5224,117618268
5224,118677954,5224,118817711
5224,119877513,5224,119993326
5224,121052721,5224,121176941
5224,122236977,5224,122336053
5224,123396242,5224,123533715
5224,124618558,5224,124748611
5224,125808900,5224,125933664
5224,126993196,5224,127127620
5224,128211636,5224,128334483
5224,129394112,5224,129509585
5224,130568967,5224,130700077
5224,131759466,5224,131882156
5224,132970999,5224,133116919
5224,134176605,5224,134315552
5224,135375081,5224,135505868
5224,136589777,5224,136720274
5224,137779726,5224,137904486
5224,138964548,5224,139093451
5224,140177551,5224,140299058
5224,141358693,5224,141501297
5224,142560575,5224,142705349
5224,143765442,5224,143903209
5224,144988035,5224,145123692
5224,146183810,5224,146316884
5224,147377070,5224,147508923
5224,148593839,5224,148720346
5224,149780531,5224,149905628
5224,150965190,5224,151095007
5224,152179023,5224,152317187
5224,153377156,5224,153514590
5224,154574161,5224,154704575
5224,155763997,5224,155887664
5224,156971786,5224,157109520
5224,158168869,5224,158300149
5224,159359495,5224,159489968
5224,160574161,5224,160711908
5224,161771460,5224,161911010
5224,162971109,5224,163107850
5224,164191929,5224,164316530
5224,165376682,5224,165507368
5224,166567537,5224,166707141
5224,167767150,5224,167896173
5224,168980946,5224,169103786
5224,170164121,5224,170274661
5224,171334893,5224,171473334
5224,172558123,5224,172688720
5224,173748482,5224,173891356
5224,174950951,5224,175088382
5224,176172695,5224,176302788
5224,177362424,5224,177498794
5224,178558316,5224,178690543
5224,179749789,5224,179885689
5224,180969665,5224,181100056
5224,182160128,5224,182298331
5224,183357667,5224,183486967
5224,184570873,5224,184693919
5224,185753385,5224,185884522
5224,186944747,5224,187068314
5224,188152587,5224,188275403
5224,189334939,5224,189464089
5224,190523441,5224,190662638
5224,191722697,5224,191851584
5224,192935670,5224,193067016
5224,194126625,5224,194267689
5224,195327391,5224,195465425
5224,196549618,5224,196671714
5224,197731190,5224,197872754
5224,198932103,5224,199077023
5224,200161209,5224,200290556
5224,201350705,5224,201488145
5224,202547511,5224,202679044
5224,203738426,5224,203868500
5224,204953479,5224,205086586
5224,206147058,5224,206271782
5224,207331754,5224,207454977
5224,208539696,5224,208670807
5224,209730896,5224,209880267
5224,210940972,5224,211078606
5224,212163259,5224,212301442
5224,213361744,5224,213491678
5224,214551763,5224,214705264
5224,215764673,5224,215893660
5224,216978959,5224,217103166
5224,218163605,5224,218281701
5224,219341936,5224,219478690
5224,220563590,5224,220700296
5224,221760339,5224,221902683
5224,222962035,5224,223091995
5224,224176335,5224,224306522
5224,225365827,5224,225488111
5224,226547419,5224,226678856
5224,227738302,5224,227875836
5224,228959988,5224,229104022
5224,230163414,5224,230309398
5224,231368844,5224,231500024
5224,232584163,5224,232708627
5224,233768049,5224,233907502
5224,234967564,5224,235098448
5224,236182621,5224,236311638
5224,237371246,5224,237507773
5224,238567232,5224,238705039
5224,239768671,5224,239906882
5224,240991251,5224,241110584
5224,242169400,5224,242306767
5224,243365179,5224,243487672
5224,244548878,5224,244667844
5224,245728220,5224,245858183
5224,246917932,5224,247042206
5224,248126862,5224,248256952
5224,249325328,5224,249467562
5224,250527443,5224,250656777
5224,251716549,5224,251844372
5224,252929572,5224,253072762
5224,254132564,5224,254257371
5224,255316720,5224,255446620
5224,256522379,5224,256652003
5224,257711128,5224,257847055
5224,258906914,5224,259037774
5224,260113647,5224,260241210
5224,261300326,5224,261435300
5224,262494212,5224,262639782
5224,263699384,5224,263830508
5224,264906217,5224,265022287
5224,266081352,5224,266188602
5224,267247507,5224,267385294
5224,268461093,5224,268599187
5224,269658266,5224,269787853
5224,270846715,5224,270987726
5224,272063788,5224,272200659
5224,273259947,5224,273388764
5224,274447836,5224,274592777
5224,275651792,5224,275788002
5224,276863772,5224,277008719
5224,278068288,5224,278198535
5224,279257450,5224,279379990
5224,280455673,5224,280583882
5224,281642921,5224,281772598
5224,282831727,5224,282962367
5224,284038103,5224,284167490
5224,285226552,5224,285355412
5224,286414365,5224,286561128
5224,287620010,5224,287755717
5224,288831426,5224,288947413
5224,290007148,5224,290140832
5224,291200825,5224,291341635
5224,292419108,5224,292549468
5224,293609230,5224,293740154
5224,294799372,5224,294937266
5224,295996298,5224,296155305
5224,297214664,5224,297333844
5224,298392996,5224,298521823
5224,299580765,5224,299715542
5224,300791421,5224,300915221
5224,301991177,5224,302100220
5224,303159182,5224,303275106
5224,304351295,5224,304488005
5224,305547844,5224,305676371
5224,306735283,5224,306877953
5224,307936889,5224,308083086
5224,309142358,5224,309264231
5224,310323477,5224,310461960
5224,311520892,5224,311643219
5224,312719168,5224,312848555
5224,313907521,5224,314011907
5224,315070929,5224,315202449
5224,316278055,5224,316406852
5224,317465964,5224,317603485
5224,318662526,5224,318798224
5224,319857262,5224,319994149
5224,321053178,5224,321173194
5224,322233197,5224,322365884
5224,323425596,5224,323554706
5224,324631795,5224,324762412
5224,325822087,5224,325961801
5224,327020827,5224,327151524
5224,328227413,5224,328364290
5224,329423469,5224,329559826
5224,330618721,5224,330763699
5224,331823324,5224,331961862
5224,333038484,5224,333168141
5224,334227859,5224,334373713
5224,335433399,5224,335576516
5224,336653169,5224,336785062
5224,337845018,5224,337978211
5224,339037913,5224,339168800
5224,340245266,5224,340375653
5224,341434862,5224,341550078
5224,342609197,5224,342740154
5224,343799393,5224,343935073
5224,345010785,5224,345153772
5224,346217544,5224,346340225
5224,347399403,5224,347537210
5224,348613283,5224,348750013
5224,349809109,5224,349933615
5224,350992548,5224,351124251
5224,352200051,5224,352336611
5224,353395613,5224,353536890
5224,354595852,5224,354740760
5224,355799682,5224,355928555
5224,357004167,5224,357126971
5224,358185939,5224,358324457
5224,359383389,5224,359499012
5224,360575461,5224,360698498
5224,361758163,5224,361888447
5224,362947402,5224,363084509
5224,364160179,5224,364295959
5224,365355021,5224,365475901
5224,366534776,5224,366672974
5224,367731979,5224,367868659
5224,368944441,5224,369066268
5224,370125270,5224,370256874
5224,371315789,5224,371444796
5224,372520905,5224,372650626
5224,373709611,5224,373838721
5224,374897680,5224,375041094
5224,376117716,5224,376248527
5224,377308949,5224,377432456
5224,378491488,5224,378624841
5224,379684497,5224,379814410
5224,380913433,5224,381017846
5224,382077522,5224,382202105
5224,383261854,5224,383398871
5224,384475657,5224,384606217
5224,385665949,5224,385797179
5224,386856722,5224,386997162
5224,388072928,5224,388201548
5224,389260573,5224,389381070
5224,390439982,5224,390585389
5224,391644388,5224,391785799
5224,392861485,5224,392996918
5224,394055843,5224,394154380
5224,395213328,5224,395335352
5224,396411314,5224,396541167
5224,397600229,5224,397721003
5224,398780135,5224,398925009
5224,399984061,5224,400143146
5224,401203407,5224,401339728
5224,402398694,5224,402543184
5224,403602056,5224,403724256
5224,404799902,5224,404929742
5224,405988784,5224,406127595
5224,407186486,5224,407316473
5224,408392322,5224,408522116
5224,409581265,5224,409717885
5224,410776784,5224,410920698
5224,411979470,5224,412144741
5224,413204787,5224,413329643
5224,414389299,5224,414529423
5224,415589075,5224,415720188
5224,416796851,5224,416920541
5224,417980283,5224,418105490
5224,419165152,5224,419294265
5224,420370688,5224,420507995
5224,421567774,5224,421704361
5224,422764003,5224,422903680
5224,423963305,5224,424116370
5224,425176635,5224,425309089
5224,426368967,5224,426507878
5224,427567603,5224,427696390
5224,428773263,5224,428915986
5224,429976682,5224,430102152
5224,431161801,5224,431290991
5224,432367547,5224,432497827
5224,433557560,5224,433677153
5224,434736972,5224,434863861
5224,435923624,5224,436064371
5224,437124329,5224,437248230
5224,438307562,5224,438453899
5224,439513247,5224,439642381
5224,440718494,5224,440849054
5224,441908072,5224,442006202
5224,443065081,5224,443188411
5224,444264113,5224,444401470
5224,445460433,5224,445581032
5224,446639968,5224,446778938
5224,447837750,5224,447980891
5224,449056760,5224,449187537
5224,450246532,5224,450398457
5224,451457335,5224,451580679
5224,452660708,5224,452798682
5224,453857840,5224,453989247
5224,455048063,5224,455176443
5224,456252126,5224,456368982
5224,457428118,5224,457551421
5224,458610373,5224,458757074
5224,459816106,5224,459962290
5224,461037992,5224,461168843
5224,462227851,5224,462358072
5224,463417371,5224,463547770
5224,464624403,5224,464746233
5224,465806175,5224,465924615
5224,466984457,5224,467123361
5224,468183573,5224,468300116
5224,469359355,5224,469501059
5224,470560037,5224,470700394
5224,471759330,5224,471886907
5224,472969856,5224,473078222
5224,474137204,5224,474260338
5224,475319353,5224,475436123
5224,476519459,5224,476643455
5224,477702624,5224,477838835
5224,478897811,5224,479043394
5224,480119090,5224,480255401
5224,481314513,5224,481437196
5224,482496091,5224,482649199
5224,483708237,5224,483829521
5224,484905180,5224,485033163
5224,486092189,5224,486231776
5224,487291065,5224,487421078
5224,488497734,5224,488639455
5224,489699270,5224,489827187
5224,490886419,5224,491024386
5224,492100309,5224,492246936
5224,493305898,5224,493420241
5224,494479094,5224,494616384
5224,495675189,5224,495796962
5224,496872742,5224,497010122
5224,498069081,5224,498208525
5224,499267446,5224,499396637
5224,500472442,5224,500604370
5224,501664335,5224,501794468
5224,502853457,5224,502984214
5224,504060780,5224,504192784
5224,505252633,5224,505383386
5224,506443142,5224,506590193
5224,507649888,5224,507780365
5224,508857031,5224,508992508
5224,510051570,5224,510175326
5224,511234242,5224,511355738
5224,512431361,5224,512553448
5224,513612443,5224,513733803
5224,514792742,5224,514930942
5224,515989761,5224,516151378
5224,517210711,5224,517347815
5224,518406830,5224,518504852
5224,519563781,5224,519686718
5224,520763000,5224,520900471
5224,521959580,5224,522057979
5224,523116841,5224,523244864
5224,524320610,5224,524458267
5224,525518093,5224,525654916
5224,526713909,5224,526864169
5224,527923112,5224,528062609
5224,529121991,5224,529247361
5224,530306579,5224,530446166
5224,531505242,5224,531627192
5224,532703044,5224,532827548
5224,533886503,5224,534017937
5224,535077526,5224,535222260
5224,536298299,5224,536441786
5224,537500748,5224,537624395
5224,538683367,5224,538821057
5224,539879923,5224,540034830
5224,541093922,5224,541223836
5224,542282981,5224,542421325
5224,543480224,5224,543618361
5224,544694473,5224,544831361
5224,545890322,5224,546021673
5224,547080621,5224,547210678
5224,548286497,5224,548416131
5224,549475177,5224,549597243
5224,550656282,5224,550794616
5224,551855448,5224,551956911
5224,553033673,5224,553164757
5224,554224639,5224,554325322
5224,555384857,5224,555518317
5224,556594703,5224,556732747
5224,557792592,5224,557918146
5224,558981988,5224,559111108
5224,560187141,5224,560312347
5224,561371433,5224,561500973
5224,562559922,5224,562705429
5224,563764885,5224,563893942
5224,564970478,5224,565104811
5224,566164656,5224,566303654
5224,567362643,5224,567491802
5224,568574279,5224,568717646
5224,569776661,5224,569910488
5224,570969457,5224,571091727
5224,572182813,5224,572305550
5224,573365388,5224,573495725
5224,574554817,5224,574706732
5224,575765600,5224,575889497
5224,576965289,5224,577096170
5224,578155442,5224,578302159
5224,579361144,5224,579490945
5224,580566781,5224,580696184
5224,581755320,5224,581889427
5224,582948355,5224,583084236
5224,584159968,5224,584296135
5224,585355201,5224,585484894
5224,586543736,5224,586689063
5224,587748806,5224,587879412
5224,588956018,5224,589086618
5224,590146321,5224,590265477
5224,591325103,5224,591448619
5224,592524992,5224,592661846
5224,593721481,5224,593878872
5224,594937854,5224,595075181
5224,596151214,5224,596280281
5224,597339410,5224,597483160
5224,598542125,5224,598679533
5224,599738695,5224,599869575
5224,600945661,5224,601080678
5224,602139813,5224,602246826
5224,603305875,5224,603445902
5224,604521721,5224,604651788
5224,605710840,5224,605833283
5224,606892352,5224,607031322
5224,608107095,5224,608227322
5224,609286494,5224,609416594
5224,610475673,5224,610613437
5224,611672402,5224,611809576
5224,612885519,5224,613030549
5224,614089591,5224,614214845
5224,615273753,5224,615403013
5224,616478696,5224,616609806
5224,617676055,5224,617796762
5224,618855654,5224,618993977
5224,620069837,5224,620199340
5224,621258496,5224,621388335
5224,622447271,5224,622585182
5224,623644130,5224,623766904
5224,624843573,5224,624966642
5224,626027035,5224,626146221
5224,627206007,5224,627322137
5224,628398703,5224,628522709
5224,629582572,5224,629705851
5224,630765530,5224,630917108
5224,631976667,5224,632120427
5224,633180379,5224,633302933
5224,634362631,5224,634507462
5224,635567290,5224,635708738
5224,636793437,5224,636928377
5224,637988266,5224,638105819
5224,639165492,5224,639301752
5224,640378251,5224,640515719
5224,641575451,5224,641711207
5224,642770263,5224,642908850
5224,643967769,5224,644110626
5224,645170142,5224,645301919
5224,646360954,5224,646492494
5224,647551620,5224,647673049
5224,648748882,5224,648878216
5224,649937348,5224,650044547
5224,651103489,5224,651239336
5224,652315149,5224,652443215
5224,653502107,5224,653640805
5224,654700433,5224,654845431
5224,655904459,5224,656056877
5224,657116869,5224,657247916
5224,658307665,5224,658465879
5224,659524955,5224,659667862
5224,660743721,5224,660879332
5224,661938463,5224,662056970
5224,663115855,5224,663245562
5224,664308905,5224,664396850
5224,665460449,5224,665579155
5224,666638414,5224,666768748
5224,667827620,5224,667955713
5224,669046473,5224,669176417
5224,670235282,5224,670372669
5224,671431504,5224,671561428
5224,672637147,5224,672767174
5224,673826189,5224,673958990
5224,675018092,5224,675146522
5224,676208838,5224,676319217
5224,677378369,5224,677511286
5224,678570652,5224,678708345
5224,679767937,5224,679905498
5224,680982693,5224,681098503
5224,682158192,5224,682250918
5224,683311171,5224,683433594
5224,684517557,5224,684626396
5224,685685475,5224,685808562
5224,686867370,5224,687013464
5224,688089177,5224,688227480
5224,689286419,5224,689421916
5224,690480795,5224,690619359
5224,691678191,5224,691806787
5224,692883193,5224,693020184
5224,694079816,5224,694205189
5224,695264691,5224,695394341
5224,696454043,5224,696592084
5224,697652110,5224,697789850
5224,698848945,5224,698993183
5224,700069022,5224,700191615
5224,701250564,5224,701379561
5224,702439530,5224,702584894
5224,703644512,5224,703774719
5224,704851088,5224,704973892
5224,706033517,5224,706165874
5224,707225929,5224,707362013
5224,708425555,5224,708520491
5224,709580390,5224,709711127
5224,710770249,5224,710909696
5224,711969155,5224,712134123
5224,713193752,5224,713324175
5224,714383900,5224,714515828
5224,715575520,5224,715705613
5224,716773685,5224,716912176
5224,717972431,5224,718112355
5224,719171397,5224,719308424
5224,720399073,5224,720522220
5224,721581396,5224,721735414
5224,722795012,5224,722925712
5224,723984685,5224,724120318
5224,725179650,5224,725316344
5224,726375336,5224,726520477
5224,727579379,5224,727723459
5224,728807666,5224,728922702
5224,729981727,5224,730094537
5224,731153445,5224,731289566
5224,732380472,5224,732496232
5224,733555154,5224,733695841
5224,734754760,5224,734908541
5224,735967390,5224,736118531
5224,737178793,5224,737319160
5224,738378209,5224,738476814
5224,739535723,5224,739666114
5224,740741960,5224,740865009
5224,741924002,5224,742040525
5224,743099447,5224,743228310
5224,744289739,5224,744389505
5224,745449344,5224,745585391
5224,746645133,5224,746782387
5224,747841992,5224,747962636
5224,749055262,5224,749187075
5224,750246824,5224,750391808
5224,751451573,5224,751586807
5224,752663379,5224,752785920
5224,753845748,5224,753976565
5224,755035911,5224,755171111
5224,756246764,5224,756376594
5224,757435426,5224,757565416
5224,758624748,5224,758763075
5224,759822491,5224,759945767
5224,761011663,5224,761141023
5224,762201252,5224,762293721
5224,763354323,5224,763478000
5224,764563139,5224,764693466
5224,765753659,5224,765902753
5224,766962832,5224,767094298
5224,768179201,5224,768303271
5224,769363390,5224,769511481
5224,770571176,5224,770709770
5224,771774188,5224,771912712
5224,772989318,5224,773126922
5224,774186344,5224,774337082
5224,775396584,5224,775533814
5224,776618247,5224,776727153
5224,777786562,5224,777912202
5224,778971474,5224,779108675
5224,780199974,5224,780315587
5224,781374896,5224,781499189
5224,782558465,5224,782698055
5224,783757347,5224,783901678
5224,784985871,5224,785123554
5224,786183140,5224,786315273
5224,787374579,5224,787505979
5224,788582129,5224,788719026
5224,789778591,5224,789910575
5224,790969824,5224,791100297
5224,792163392,5224,792258615
5224,793318027,5224,793455531
5224,794514943,5224,794656594
