5174,064102350,5174,064380827
5174,064597990,5174,064793967
5174,064980831,5174,065194387
5174,065381194,5174,065599674
5174,065786568,5174,065934513
5174,066114920,5174,066240156
5174,066419537,5174,066617990
5174,066804434,5174,066980088
5174,067167089,5174,067339793
5174,067526264,5174,067640864
5174,067821058,5174,067982919
5174,068173369,5174,068247234
5174,068427338,5174,068545131
5174,068731652,5174,068873608
5174,069060482,5174,069191388
5174,069378332,5174,069449113
5174,069629335,5174,069691409
5174,069871140,5174,069956641
5174,070138592,5174,070252265
5174,070434157,5174,070513644
5174,070693432,5174,070755663
5174,070934984,5174,070996782
5174,071176317,5174,071238332
5174,071418056,5174,071484964
5174,071664359,5174,071723967
5174,071903434,5174,071965322
5174,072148198,5174,072212540
5174,072391992,5174,072453578
5174,072633187,5174,072694836
5174,072874862,5174,072936987
5174,073116299,5174,073178648
5174,073357944,5174,073426806
5174,073606148,5174,073674920
5174,073854910,5174,073921001
5174,074100527,5174,074163823
5174,074343285,5174,074404854
5174,074584163,5174,074653498
5174,074833294,5174,074901323
5174,075080825,5174,075142411
5174,075322067,5174,075389628
5174,075568868,5174,075630707
5174,075809992,5174,075871647
5174,076053467,5174,076115846
5174,076295206,5174,076356228
5174,076535615,5174,076598517
5174,076778287,5174,076842099
5174,077021703,5174,077084882
5174,077264011,5174,077325930
5174,077505237,5174,077567080
5174,077747026,5174,077809045
5174,077988508,5174,078052444
5174,078231714,5174,078294653
5174,078473946,5174,078547712
5174,078727552,5174,078790934
5174,078970124,5174,079032459
5174,079211643,5174,079279401
5174,079458538,5174,079523867
5174,079703134,5174,079772219
5174,079951279,5174,080040158
5174,080222353,5174,080283932
5174,080463100,5174,080525803
5174,080705818,5174,080768527
5174,080948222,5174,081009138
5174,081188690,5174,081257253
5174,081436771,5174,081506336
5174,081685715,5174,081750261
5174,081930082,5174,081992728
5174,082172344,5174,082236359
5174,082415824,5174,082477464
5174,082657552,5174,082719981
5174,082899500,5174,082960206
5174,083139440,5174,083201520
5174,083380685,5174,083441881
5174,083621959,5174,083684979
5174,083864643,5174,083924613
5174,084107019,5174,084167434
5174,084346810,5174,084408465
5174,084588230,5174,084650422
5174,084830087,5174,084891242
5174,085070397,5174,085130916
5174,085310261,5174,085372782
5174,085552601,5174,085615359
5174,085794858,5174,085856826
5174,086036151,5174,086109806
5174,086289045,5174,086351776
5174,086531525,5174,086593483
5174,086772998,5174,086834503
5174,087013969,5174,087075484
5174,087254829,5174,087316084
5174,087495516,5174,087557344
5174,087744669,5174,087808567
5174,087987976,5174,088114376
5174,088305505,5174,088388993
5174,088569675,5174,088635667
5174,088815445,5174,088876521
5174,089055726,5174,089124125
5174,089303623,5174,089366109
5174,089545424,5174,089608103
5174,089787738,5174,089849940
5174,090029409,5174,090092381
5174,090271636,5174,090333192
5174,090512437,5174,090581516
5174,090761034,5174,090829836
5174,091009262,5174,091071837
5174,091251289,5174,091312608
5174,091491793,5174,091554698
5174,091734654,5174,091795946
5174,091975075,5174,092054076
5174,092233637,5174,092297329
5174,092476643,5174,092539765
5174,092719682,5174,092782271
5174,092961685,5174,093022794
5174,093202514,5174,093264343
5174,093443490,5174,093506829
5174,093686523,5174,093755592
5174,093934896,5174,094005551
5174,094185188,5174,094248807
5174,094428171,5174,094490154
5174,094670101,5174,094732750
5174,094911934,5174,094973999
5174,095153323,5174,095213802
5174,095393079,5174,095455738
5174,095635642,5174,095704187
5174,095883694,5174,095944317
5174,096140767,5174,096204184
5174,096383637,5174,096445924
5174,096625814,5174,096687424
5174,096866718,5174,096935091
5174,097114658,5174,097176451
5174,097355898,5174,097416665
5174,097596128,5174,097658358
5174,097837791,5174,097902098
5174,098081228,5174,098144235
5174,098323325,5174,098395002
5174,098574695,5174,098641205
5174,098820386,5174,098880229
5174,099066229,5174,099130299
5174,099309582,5174,099371006
5174,099550736,5174,099612876
5174,099791833,5174,099853089
5174,100049683,5174,100114126
5174,100293329,5174,100360578
5174,100539921,5174,100602447
5174,100781630,5174,100842980
5174,101022416,5174,101083906
5174,101263015,5174,101323255
5174,101503107,5174,101572034
5174,101751030,5174,101829573
5174,102008772,5174,102073359
5174,102252585,5174,102314775
5174,102494028,5174,102555764
5174,102735440,5174,102795733
5174,102974862,5174,103036102
5174,103215381,5174,103278341
5174,103457950,5174,103519144
5174,103698283,5174,103760276
5174,103939319,5174,104025649
5174,104206723,5174,104268447
5174,104448261,5174,104510785
5174,104690259,5174,104751759
5174,104930853,5174,105001010
5174,105180258,5174,105243258
5174,105422519,5174,105484499
5174,105663473,5174,105724427
5174,105903694,5174,105968525
5174,106147529,5174,106218013
5174,106397727,5174,106465440
5174,106644748,5174,106705405
5174,106884656,5174,106946999
5174,107126143,5174,107187051
5174,107366838,5174,107819154
5174,107998231,5174,108102626
5174,108282185,5174,108351416
5174,108530515,5174,108601999
5174,108781955,5174,108850426
5174,109029545,5174,109097562
5174,109276584,5174,109348029
5174,109527145,5174,109590689
5174,109769691,5174,109832005
5174,110016584,5174,110082945
5174,110262241,5174,110325685
5174,110504921,5174,110568595
5174,110747831,5174,110809422
5174,110988744,5174,111050058
5174,111229437,5174,111296241
5174,111475534,5174,111545034
5174,111724154,5174,111785861
5174,111965320,5174,112044858
5174,112224077,5174,112288236
5174,112467531,5174,112529570
5174,112708628,5174,112769883
5174,112949149,5174,113010577
5174,113189909,5174,113251681
5174,113430593,5174,113493175
5174,113672524,5174,113735002
5174,113914248,5174,113979006
5174,114158372,5174,114220110
5174,114399216,5174,114463061
5174,114642296,5174,114703981
5174,114883167,5174,114946262
5174,115125457,5174,115187596
5174,115366848,5174,115436153
5174,115615832,5174,115677207
5174,115856649,5174,115917854
5174,116114224,5174,116177949
5174,116357409,5174,116417748
5174,116597347,5174,116658302
5174,116837485,5174,116899414
5174,117078367,5174,117139712
5174,117318752,5174,117380954
5174,117560570,5174,117630705
5174,117809815,5174,117899938
5174,118078948,5174,118141333
5174,118320589,5174,118384418
5174,118563897,5174,118625723
5174,118804629,5174,118865354
5174,119044501,5174,119105909
5174,119285172,5174,119346831
5174,119526657,5174,119588482
5174,119767785,5174,119830147
5174,120026134,5174,120090423
5174,120269584,5174,120331756
5174,120511566,5174,120571915
5174,120751122,5174,120811514
5174,120990718,5174,121058537
5174,121237761,5174,121299123
5174,121479170,5174,121541046
5174,121720439,5174,121782412
5174,121961568,5174,122026714
5174,122205631,5174,122267137
5174,122446920,5174,122507829
5174,122686856,5174,122748232
5174,122934043,5174,122996041
5174,123175052,5174,123237237
5174,123417288,5174,123477450
5174,123656737,5174,123718663
5174,123897870,5174,123960195
5174,124149219,5174,124213565
5174,124392578,5174,124453360
5174,124632729,5174,124694378
5174,124873740,5174,124936089
5174,125115279,5174,125176578
5174,125356397,5174,125425593
5174,125604875,5174,125667471
5174,125846734,5174,125911713
5174,126091062,5174,126152901
5174,126332174,5174,126392892
5174,126572362,5174,126631540
5174,126810777,5174,126873539
5174,127052695,5174,127120994
5174,127300987,5174,127362592
5174,127542038,5174,127604514
5174,127783870,5174,127846236
5174,128042345,5174,128106277
5174,128286008,5174,128355003
5174,128534028,5174,128604063
5174,128783598,5174,128845563
5174,129024831,5174,129085982
5174,129265884,5174,129327135
5174,129506446,5174,129567848
5174,129747119,5174,129808468
5174,129987699,5174,130051570
5174,130231452,5174,130293327
5174,130472535,5174,130535233
5174,130714294,5174,130776206
5174,130955534,5174,131017452
5174,131197254,5174,131266982
5174,131446183,5174,131507542
5174,131691393,5174,131755904
5174,131935316,5174,131998937
5174,132200729,5174,132264561
5174,132443781,5174,132505879
5174,132685391,5174,132748445
5174,132927629,5174,132990988
5174,133170122,5174,133231347
5174,133410481,5174,133489516
5174,133668767,5174,133729658
5174,133909020,5174,133972331
5174,134151655,5174,134213657
5174,134393257,5174,134455189
5174,134634323,5174,134697628
5174,134876639,5174,134939010
5174,135118948,5174,135181826
5174,135361104,5174,135424502
5174,135603900,5174,135665594
5174,135844722,5174,135905473
5174,136101835,5174,136171103
5174,136350481,5174,136413069
5174,136592363,5174,136653241
5174,136832362,5174,136893694
5174,137073015,5174,137134610
5174,137313957,5174,137375549
5174,137554900,5174,137616911
5174,137796009,5174,137861097
5174,138040932,5174,138102426
5174,138281518,5174,138344222
5174,138523670,5174,138584548
5174,138763666,5174,138826014
5174,139005368,5174,139066787
5174,139245901,5174,139306869
5174,139485920,5174,139554978
5174,139734160,5174,139796404
5174,139975819,5174,140055464
5174,140234802,5174,140298003
5174,140477308,5174,140538986
5174,140718107,5174,140780558
5174,140960243,5174,141021591
5174,141200706,5174,141262517
5174,141441852,5174,141505166
5174,141684231,5174,141745892
5174,141924990,5174,141988658
5174,142167646,5174,142230521
5174,142409779,5174,142478894
5174,142657942,5174,142722296
5174,142902024,5174,142963066
5174,143142070,5174,143204085
5174,143383233,5174,143444364
5174,143623729,5174,143684567
5174,143864402,5174,143934086
5174,144130308,5174,144193990
5174,144373215,5174,144435040
5174,144614278,5174,144677479
5174,144856944,5174,144919406
5174,145098471,5174,145161189
5174,145340227,5174,145403942
5174,145582844,5174,145652132
5174,145832194,5174,145903779
5174,146083191,5174,146145439
5174,146324460,5174,146385559
5174,146564587,5174,146625698
5174,146805730,5174,146867055
5174,147046340,5174,147114805
5174,147294136,5174,147356428
5174,147535646,5174,147598748
5174,147778292,5174,147837798
5174,148034029,5174,148096305
5174,148275446,5174,148336958
5174,148516280,5174,148578232
5174,148757437,5174,148819292
5174,148998784,5174,149075743
5174,149255198,5174,149318527
5174,149497955,5174,149560590
5174,149740189,5174,149801674
5174,149980739,5174,150043484
5174,150223046,5174,150290411
5174,150469667,5174,150532368
5174,150711527,5174,150772862
5174,150952194,5174,151013979
5174,151193511,5174,151254256
5174,151433345,5174,151492753
5174,151672088,5174,151733823
5174,151913298,5174,151975020
5174,152171326,5174,152235398
5174,152414640,5174,152478505
5174,152658170,5174,152720662
5174,152899994,5174,152961996
5174,153141367,5174,153208719
5174,153392754,5174,153461906
5174,153641108,5174,153703460
5174,153882848,5174,153947910
5174,154126955,5174,154187541
5174,154366646,5174,154428588
5174,154608056,5174,154669575
5174,154848990,5174,154910642
5174,155089880,5174,155153399
5174,155332457,5174,155393376
5174,155572484,5174,155635769
5174,155815058,5174,155874746
5174,156070721,5174,156132980
5174,156312255,5174,156375004
5174,156554552,5174,156617630
5174,156797008,5174,156858240
5174,157037445,5174,157098287
5174,157277599,5174,157341264
5174,157520669,5174,157582233
5174,157761312,5174,157823654
5174,158002899,5174,158066330
5174,158245749,5174,158313891
5174,158493596,5174,158555427
5174,158734672,5174,158796701
5174,158975916,5174,159037854
5174,159216886,5174,159277807
5174,159457812,5174,159527907
5174,159707012,5174,159769854
5174,159949183,5174,160027241
5174,160206593,5174,160269571
5174,160449599,5174,160511164
5174,160690136,5174,160752161
5174,160931175,5174,160999557
5174,161178856,5174,161248041
5174,161428049,5174,161489854
5174,161669179,5174,161731824
5174,161910885,5174,161973830
5174,162152872,5174,162214500
5174,162394191,5174,162458103
5174,162637348,5174,162705736
5174,162885011,5174,162946089
5174,163125328,5174,163185599
5174,163365270,5174,163428629
5174,163607987,5174,163670162
5174,163849080,5174,163911509
5174,164093404,5174,164157738
5174,164337313,5174,164400005
5174,164579190,5174,164657842
5174,164837060,5174,164899615
5174,165078763,5174,165142351
5174,165321569,5174,165383928
5174,165563146,5174,165623397
5174,165802619,5174,165864220
5174,166043395,5174,166108523
5174,166288675,5174,166349543
5174,166528674,5174,166591106
5174,166770708,5174,166832582
5174,167011731,5174,167076032
5174,167255714,5174,167316879
5174,167496330,5174,167555788
5174,167735076,5174,167799382
5174,167978653,5174,168059352
5174,168239086,5174,168303298
5174,168482523,5174,168544775
5174,168723942,5174,168791441
5174,168970623,5174,169040758
5174,169219836,5174,169281377
5174,169460712,5174,169521400
5174,169700598,5174,169761094
5174,169940525,5174,170006327
5174,170186325,5174,170248517
5174,170427465,5174,170489543
5174,170668711,5174,170730566
5174,170909757,5174,170970992
5174,171151094,5174,171212495
5174,171391880,5174,171452729
5174,171632140,5174,171694378
5174,171873476,5174,171938518
5174,172135000,5174,172198705
5174,172377916,5174,172439815
5174,172619106,5174,172681918
5174,172861129,5174,172923381
5174,173102916,5174,173163700
5174,173343165,5174,173406591
5174,173585862,5174,173654767
5174,173833738,5174,173896204
5174,174075575,5174,174137816
5174,174316821,5174,174378626
5174,174557751,5174,174620113
5174,174799238,5174,174860619
5174,175044454,5174,175107019
5174,175286081,5174,175347929
5174,175527247,5174,175587255
5174,175766366,5174,175828188
5174,176026293,5174,176088878
5174,176267990,5174,176329988
5174,176508973,5174,176572651
5174,176751693,5174,176821792
5174,177001510,5174,177063162
5174,177242536,5174,177302908
5174,177482080,5174,177544408
5174,177723753,5174,177786541
5174,177965773,5174,178029801
5174,178209353,5174,178269504
5174,178448856,5174,178511704
5174,178690882,5174,178752517
5174,178932022,5174,178994241
5174,179173589,5174,179234200
5174,179413402,5174,179475014
5174,179654282,5174,179715850
5174,179895755,5174,179957643
5174,180154018,5174,180220407
5174,180399715,5174,180462644
5174,180641602,5174,180703647
5174,180883662,5174,180945780
5174,181125112,5174,181186414
5174,181365958,5174,181428307
5174,181607428,5174,181670550
5174,181850209,5174,181915220
5174,182094318,5174,182155170
5174,182334718,5174,182396530
5174,182575555,5174,182639037
5174,182818101,5174,182879493
5174,183058982,5174,183120343
5174,183299808,5174,183362000
5174,183541251,5174,183602963
5174,183782128,5174,183842843
5174,184039148,5174,184102170
5174,184281288,5174,184343883
5174,184522955,5174,184584487
5174,184763515,5174,184824980
5174,185004415,5174,185063733
5174,185242778,5174,185303043
5174,185482261,5174,185545846
5174,185725628,5174,185794360
5174,185973325,5174,186042330
5174,186221681,5174,186284986
5174,186464085,5174,186526213
5174,186705491,5174,186766243
5174,186945554,5174,187006993
5174,187186335,5174,187248403
5174,187427534,5174,187490053
5174,187669711,5174,187730963
5174,187909991,5174,187970069
5174,188166341,5174,188230856
5174,188410038,5174,188470590
5174,188650335,5174,188711393
5174,188890671,5174,188953526
5174,189132578,5174,189194443
5174,189373477,5174,189435362
5174,189614377,5174,189675639
5174,189854851,5174,189918492
5174,190097684,5174,190161382
5174,190340564,5174,190408252
5174,190588164,5174,190649699
5174,190829217,5174,190889406
5174,191068537,5174,191129252
5174,191308520,5174,191372132
5174,191551190,5174,191611772
5174,191791117,5174,191852865
5174,192048730,5174,192120139
5174,192299287,5174,192367639
5174,192546827,5174,192608126
5174,192787370,5174,192850072
5174,193029354,5174,193092045
5174,193271110,5174,193332288
5174,193512307,5174,193582165
5174,193761384,5174,193821895
5174,194000960,5174,194065235
5174,194244467,5174,194306698
5174,194485950,5174,194548231
5174,194727283,5174,194789605
5174,194968780,5174,195030321
5174,195209489,5174,195271125
5174,195451219,5174,195519688
5174,195698939,5174,195771434
5174,195950699,5174,196015755
5174,196194813,5174,196260808
5174,196440389,5174,196501734
5174,196685419,5174,196748578
5174,196927759,5174,196995324
5174,197174629,5174,197236291
5174,197415469,5174,197476960
5174,197656395,5174,197716937
5174,197895992,5174,197960820
5174,198139888,5174,198199730
5174,198379518,5174,198440796
5174,198619945,5174,198681750
5174,198860835,5174,198921813
5174,199101064,5174,199164260
5174,199343364,5174,199405533
5174,199584621,5174,199646699
5174,199825874,5174,199887989
5174,200084214,5174,200146676
5174,200326574,5174,200388293
5174,200567507,5174,200629642
5174,200808747,5174,200870722
5174,201049691,5174,201113935
5174,201293897,5174,201361679
5174,201540687,5174,201602865
5174,201782107,5174,201844448
5174,202023500,5174,202086778
5174,202265973,5174,202326991
5174,202506233,5174,202568298
5174,202747499,5174,202812068
5174,202991153,5174,203061535
5174,203240613,5174,203301968
5174,203481339,5174,203542694
5174,203722103,5174,203785571
5174,203964809,5174,204043648
5174,204222972,5174,204285624
5174,204465106,5174,204533748
5174,204712773,5174,204780391
5174,204959509,5174,205022431
5174,205201666,5174,205263718
5174,205442872,5174,205505761
5174,205684876,5174,205746001
5174,205925309,5174,205996704
5174,206176705,5174,206239897
5174,206419349,5174,206480694
5174,206659865,5174,206722944
5174,206902065,5174,206963520
5174,207142775,5174,207203383
5174,207382668,5174,207444887
5174,207624118,5174,207684136
5174,207863261,5174,207926913
5174,208123288,5174,208186890
5174,208366272,5174,208428490
5174,208607661,5174,208668590
5174,208847708,5174,208908323
5174,209087741,5174,209149270
5174,209328625,5174,209390170
5174,209569394,5174,209629633
5174,209808861,5174,209879756
5174,210059175,5174,210120179
5174,210299281,5174,210360773
5174,210540101,5174,210603473
5174,210782684,5174,210846116
5174,211026024,5174,211086933
5174,211265941,5174,211343120
5174,211522271,5174,211585693
5174,211764867,5174,211826763
5174,212022974,5174,212086420
5174,212265808,5174,212333943
5174,212513251,5174,212580890
5174,212760124,5174,212822193
5174,213001935,5174,213064463
5174,213243838,5174,213306859
5174,213485958,5174,213546809
5174,213726084,5174,213787782
5174,213967434,5174,214037283
5174,214216544,5174,214279276
5174,214458414,5174,214522196
5174,214701137,5174,214763289
5174,214943114,5174,215006169
5174,215185727,5174,215256169
5174,215435391,5174,215504839
5174,215683837,5174,215747982
5174,215927434,5174,215989106
5174,216185117,5174,216250383
5174,216429504,5174,216491776
5174,216670967,5174,216732629
5174,216912701,5174,216976032
5174,217155364,5174,217224692
5174,217403860,5174,217465026
5174,217644137,5174,217705822
5174,217885533,5174,217948589
5174,218127934,5174,218191692
5174,218375363,5174,218440362
5174,218619577,5174,218682275
5174,218862023,5174,218924142
5174,219103463,5174,219166982
5174,219345977,5174,219408155
5174,219587276,5174,219648105
5174,219827696,5174,219890721
5174,220086557,5174,220150352
5174,220329340,5174,220398475
5174,220577670,5174,220641322
5174,220821180,5174,220882468
5174,221061423,5174,221122465
5174,221301703,5174,221364094
5174,221543356,5174,221605528
5174,221784699,5174,221847341
5174,222027002,5174,222092134
5174,222271462,5174,222334204
5174,222513289,5174,222576124
5174,222755219,5174,222818587
5174,222998056,5174,223066501
5174,223245769,5174,223314567
5174,223493809,5174,223556647
5174,223735802,5174,223797264
5174,223976322,5174,224054647
5174,224233972,5174,224297354
5174,224476402,5174,224538227
5174,224717782,5174,224779677
5174,224958679,5174,225019357
5174,225198525,5174,225261580
5174,225440582,5174,225505550
5174,225685258,5174,225746533
5174,225925615,5174,225989457
5174,226168772,5174,226237340
5174,226416528,5174,226486933
5174,226666485,5174,226727263
5174,226906622,5174,226976790
5174,227156091,5174,227218650
5174,227397805,5174,227460407
5174,227640001,5174,227701703
5174,227881248,5174,227941883
5174,228137868,5174,228200217
5174,228379475,5174,228442763
5174,228622574,5174,228686700
5174,228865921,5174,228928593
5174,229107801,5174,229169013
5174,229348114,5174,229416013
5174,229595988,5174,229657779
5174,229836877,5174,229900719
5174,230079848,5174,230142469
5174,230321667,5174,230386032
5174,230565154,5174,230626119
5174,230805160,5174,230874485
5174,231053674,5174,231120552
5174,231299901,5174,231362842
5174,231542540,5174,231604539
5174,231783904,5174,231844882
5174,232040881,5174,232105079
5174,232284104,5174,232348072
5174,232527557,5174,232589632
5174,232768924,5174,232829192
5174,233008340,5174,233070005
5174,233249183,5174,233312275
5174,233491466,5174,233555132
5174,233734053,5174,233794825
5174,233973803,5174,234038198
5174,234217376,5174,234286745
5174,234466423,5174,234529155
5174,234708469,5174,234769378
5174,234948630,5174,235013004
5174,235192246,5174,235254754
5174,235434553,5174,235495761
5174,235675069,5174,235736907
5174,235916086,5174,235979434
5174,236175526,5174,236240111
5174,236419186,5174,236480144
5174,236659412,5174,236723061
5174,236902243,5174,236965561
5174,237144689,5174,237207327
5174,237386286,5174,237447081
5174,237626259,5174,237688450
5174,237867572,5174,237930467
5174,238109709,5174,238171790
5174,238351808,5174,238414400
5174,238593305,5174,238655237
5174,238834255,5174,238894530
5174,239073535,5174,239135210
5174,239315068,5174,239375960
5174,239555215,5174,239617007
5174,239796151,5174,239857403
5174,240057975,5174,240123907
5174,240302795,5174,240364897
5174,240543212,5174,240605987
5174,240784325,5174,240845086
5174,241023341,5174,241082923
5174,241261041,5174,241323239
5174,241501271,5174,241563106
5174,241741397,5174,241810016
5174,241987961,5174,242057849
5174,242236584,5174,242297912
5174,242476097,5174,242596564
5174,242786556,5174,242857958
5174,243036676,5174,243099184
5174,243277316,5174,243337807
5174,243516889,5174,243578094
5174,243756325,5174,243816397
5174,243994352,5174,244093748
5174,244273799,5174,244337385
5174,244517209,5174,244580648
5174,244759706,5174,244824188
5174,245003299,5174,245065364
5174,245244629,5174,245312674
5174,245492246,5174,245554221
5174,245733289,5174,245795377
5174,245974732,5174,246040991
5174,246220246,5174,246283307
5174,246462582,5174,246529907
5174,246708992,5174,246771034
5174,246950319,5174,247012090
5174,247191188,5174,247251284
5174,247430498,5174,247490726
5174,247670141,5174,247732477
5174,247911565,5174,247974593
5174,248170885,5174,248479383
5174,248659728,5174,248763178
5174,248942403,5174,249003174
5174,249182482,5174,249243674
5174,249422979,5174,249482794
5174,249662265,5174,249720410
5174,249899449,5174,249968174
5174,250147528,5174,250210600
5174,250389665,5174,250452947
5174,250632718,5174,250695453
5174,250874808,5174,250937623
5174,251116625,5174,251177000
5174,251355991,5174,251418483
5174,251598345,5174,251660813
5174,251840444,5174,251901760
5174,252098165,5174,252162323
5174,252341555,5174,252404590
5174,252584321,5174,252646980
5174,252826061,5174,252887910
5174,253067338,5174,253128089
5174,253307164,5174,253367956
5174,253546967,5174,253608222
5174,253787207,5174,253846932
5174,254026244,5174,254090012
5174,254269307,5174,254330795
5174,254510614,5174,254572728
5174,254751863,5174,254812645
5174,254991957,5174,255052628
5174,255231983,5174,255291271
5174,255470436,5174,255532591
5174,255711969,5174,255773975
5174,255953443,5174,256039205
5174,256218417,5174,256296575
5174,256476527,5174,256539512
5174,256718903,5174,256779878
5174,256959230,5174,257020815
5174,257199860,5174,257259941
5174,257439143,5174,257502015
5174,257681319,5174,257742518
5174,257921936,5174,257984201
5174,258163396,5174,258225357
5174,258404462,5174,258484428
5174,258664143,5174,258725545
5174,258904663,5174,258965534
5174,259144716,5174,259207154
5174,259387056,5174,259448661
5174,259627815,5174,259690174
5174,259869166,5174,259930550
5174,260126736,5174,260189501
5174,260369055,5174,260431764
5174,260611242,5174,260673397
5174,260852609,5174,260912524
5174,261091695,5174,261152904
5174,261332612,5174,261392287
5174,261571458,5174,261631950
5174,261811128,5174,261885067
5174,262069422,5174,262133690
5174,262312905,5174,262375447
5174,262554502,5174,262623143
5174,262802325,5174,262863987
5174,263043175,5174,263103973
5174,263284018,5174,263343746
5174,263522818,5174,263584053
5174,263763191,5174,263831313
5174,264028018,5174,264100080
5174,264280118,5174,264339587
5174,264518742,5174,264580243
5174,264759291,5174,264821000
5174,265000031,5174,265059550
5174,265238638,5174,265298089
5174,265477398,5174,265540756
5174,265720164,5174,265783396
5174,265962411,5174,266027409
5174,266206698,5174,266270166
5174,266449314,5174,266512686
5174,266691757,5174,266753849
5174,266933287,5174,267003246
5174,267183114,5174,267251842
5174,267431087,5174,267491309
5174,267670594,5174,267733166
5174,267912317,5174,267975279
5174,268171961,5174,268235743
5174,268414791,5174,268475709
5174,268654857,5174,268714422
5174,268893754,5174,268955992
5174,269135350,5174,269195859
5174,269375260,5174,269437665
5174,269617114,5174,269679965
5174,269859213,5174,269923949
5174,270103170,5174,270173442
5174,270352380,5174,270412562
5174,270591837,5174,270653252
5174,270832300,5174,270893311
5174,271073250,5174,271134965
5174,271314083,5174,271375174
5174,271554549,5174,271617258
5174,271796296,5174,271857821
5174,272054630,5174,272116724
5174,272295809,5174,272356215
5174,272535429,5174,272596611
5174,272775772,5174,272838228
5174,273017269,5174,273079491
5174,273258845,5174,273326424
5174,273505479,5174,273565554
5174,273744935,5174,273807244
5174,273986319,5174,274057714
5174,274237676,5174,274301581
5174,274480629,5174,274545320
5174,274724732,5174,274787721
5174,274966732,5174,275029550
5174,275208825,5174,275271097
5174,275450508,5174,275512537
5174,275691645,5174,275752823
5174,275931925,5174,275992820
5174,276189285,5174,276253297
5174,276432458,5174,276493277
5174,276672415,5174,276732806
5174,276912054,5174,276972450
5174,277152241,5174,277211643
5174,277390584,5174,277452369
5174,277631421,5174,277693039
5174,277872337,5174,277936102
5174,278115241,5174,278177046
5174,278356167,5174,278418389
5174,278597347,5174,278660195
5174,278839224,5174,278899865
5174,279078980,5174,279140355
5174,279319670,5174,279382418
5174,279561396,5174,279623308
5174,279802326,5174,279866325
5174,280062397,5174,280125675
5174,280304873,5174,280366025
5174,280544900,5174,280608208
5174,280787273,5174,280848445
5174,281027873,5174,281089305
5174,281268433,5174,281331351
5174,281510516,5174,281574401
5174,281753469,5174,281816017
5174,281995606,5174,282059471
5174,282238399,5174,282300764
5174,282480269,5174,282542791
5174,282721916,5174,282782384
5174,282962275,5174,283022274
5174,283201575,5174,283263383
5174,283442732,5174,283504783
5174,283688172,5174,283751230
5174,283930765,5174,283993130
5174,284189122,5174,284252867
5174,284432165,5174,284493734
5174,284672922,5174,284734873
5174,284914051,5174,284977217
5174,285156448,5174,285219336
5174,285398321,5174,285462936
5174,285642085,5174,285703493
5174,285882468,5174,285947499
5174,286127024,5174,286189643
5174,286368884,5174,286431523
5174,286610634,5174,286673186
5174,286853118,5174,286916006
5174,287095204,5174,287158329
5174,287338011,5174,287399786
5174,287579167,5174,287639915
5174,287819207,5174,287880819
5174,288076851,5174,288139166
5174,288318437,5174,288381282
5174,288560370,5174,288622289
5174,288801804,5174,288863435
5174,289042670,5174,289106325
5174,289285464,5174,289348462
5174,289527630,5174,289604902
5174,289784470,5174,289847279
5174,290026184,5174,290089869
5174,290268817,5174,290329788
5174,290509037,5174,290570022
5174,290749806,5174,290811558
5174,290990890,5174,291052528
5174,291231826,5174,291293651
5174,291472829,5174,291532864
5174,291712669,5174,291782858
5174,291962016,5174,292047138
5174,292226313,5174,292289588
5174,292468720,5174,292531102
5174,292710856,5174,292772375
5174,292951569,5174,293013031
5174,293192160,5174,293258851
5174,293437913,5174,293499608
5174,293679219,5174,293742655
5174,293922083,5174,293987861
5174,294166902,5174,294227728
5174,294406799,5174,294468764
5174,294647972,5174,294710127
5174,294889602,5174,294952871
5174,295131932,5174,295199167
5174,295378255,5174,295439917
5174,295619629,5174,295680867
5174,295860352,5174,295920997
5174,296117329,5174,296180711
5174,296359959,5174,296420001
5174,296599966,5174,296659910
5174,296839142,5174,296900867
5174,297080049,5174,297142910
5174,297322008,5174,297384037
5174,297563798,5174,297625123
5174,297804335,5174,297864790
5174,298044325,5174,298104826
5174,298283948,5174,298345563
5174,298525155,5174,298586606
5174,298766081,5174,298828216
5174,299007588,5174,299069596
5174,299248761,5174,299310306
5174,299489371,5174,299551186
5174,299730330,5174,299789589
5174,299968640,5174,300046266
5174,300225614,5174,300288042
5174,300468050,5174,300530022
5174,300709100,5174,300771809
5174,300950977,5174,301013668
5174,301192710,5174,301253855
5174,301433810,5174,301495445
5174,301674400,5174,301735378
5174,301914413,5174,301978538
5174,302157536,5174,302218418
5174,302398146,5174,302459038
5174,302638182,5174,302702371
5174,302881669,5174,302943861
5174,303123156,5174,303185871
5174,303365522,5174,303429217
5174,303608435,5174,303671627
5174,303850679,5174,303911574
5174,304107596,5174,304170924
5174,304350216,5174,304410990
5174,304590055,5174,304651347
5174,304830779,5174,304893027
5174,305072372,5174,305157764
5174,305341542,5174,305406071
5174,305585079,5174,305645628
5174,305824869,5174,305890567
5174,306069802,5174,306130677
5174,306310679,5174,306371287
5174,306550495,5174,306611870
5174,306791049,5174,306852363
5174,307031541,5174,307097253
5174,307277232,5174,307338823
5174,307518088,5174,307579860
5174,307759111,5174,307820093
5174,307999311,5174,308085444
5174,308265042,5174,308325760
5174,308504965,5174,308567940
5174,308746958,5174,308808883
5174,308987848,5174,309049080
5174,309228711,5174,309290813
5174,309470028,5174,309531513
5174,309710721,5174,309774433
5174,309953738,5174,310017449
