5189,444620287,5189,444882555
5189,445119009,5189,445313768
5189,445519938,5189,445720528
5189,445927067,5189,446139350
5189,446345957,5189,446489884
5189,446690104,5189,446816238
5189,447015870,5189,447209823
5189,447416243,5189,447611255
5189,447817478,5189,448043962
5189,448252837,5189,448469846
5189,448676195,5189,448810155
5189,449009921,5189,449164405
5189,449370763,5189,449502614
5189,449709085,5189,449839689
5189,450045981,5189,450128520
5189,450328789,5189,450410557
5189,450612106,5189,450695408
5189,450896993,5189,450964382
5189,451164014,5189,451226925
5189,451426511,5189,451489956
5189,451689218,5189,451752469
5189,451952171,5189,452017370
5189,452218515,5189,452282177
5189,452481785,5189,452543917
5189,452743252,5189,452806373
5189,453006372,5189,453076697
5189,453275982,5189,453345050
5189,453544239,5189,453614391
5189,453813432,5189,453887274
5189,454086306,5189,454148758
5189,454347873,5189,454416668
5189,454615890,5189,454678402
5189,454877490,5189,454946352
5189,455145357,5189,455213379
5189,455412797,5189,455483059
5189,455682351,5189,455743176
5189,455942857,5189,456016873
5189,456218778,5189,456283193
5189,456482751,5189,456551867
5189,456751022,5189,456819760
5189,457019412,5189,457089844
5189,457289466,5189,457350301
5189,457549396,5189,457611211
5189,457810166,5189,457902978
5189,458101980,5189,458162369
5189,458361274,5189,458421808
5189,458620827,5189,458683368
5189,458882344,5189,458943852
5189,459142934,5189,459205612
5189,459404531,5189,459466082
5189,459665211,5189,459726412
5189,459925431,5189,459986316
5189,460188558,5189,460258813
5189,460457948,5189,460520270
5189,460719381,5189,460783017
5189,460982138,5189,461042710
5189,461241772,5189,461302904
5189,461502002,5189,461564184
5189,461763069,5189,461825224
5189,462024596,5189,462094737
5189,462293823,5189,462356504
5189,462555536,5189,462616801
5189,462815900,5189,462878362
5189,463077383,5189,463138652
5189,463337627,5189,463399028
5189,463598074,5189,463659178
5189,463858214,5189,463919669
5189,464144051,5189,464207063
5189,464406722,5189,464477597
5189,464676686,5189,464737527
5189,464936573,5189,465003375
5189,465202400,5189,465271219
5189,465470377,5189,465531039
5189,465730124,5189,465792656
5189,465991928,5189,466057273
5189,466256499,5189,466318267
5189,466517606,5189,466586728
5189,466785957,5189,466848278
5189,467047367,5189,467118136
5189,467317358,5189,467378083
5189,467577215,5189,467638386
5189,467837325,5189,467897740
5189,468100206,5189,468165104
5189,468364233,5189,468425902
5189,468625160,5189,468687199
5189,468886388,5189,468947706
5189,469147015,5189,469206650
5189,469405845,5189,469467370
5189,469666996,5189,469729421
5189,469928360,5189,469990591
5189,470198054,5189,470261466
5189,470460604,5189,470526096
5189,470725285,5189,470787600
5189,470986499,5189,471049784
5189,471248920,5189,471313158
5189,471512067,5189,471571782
5189,471771528,5189,471833059
5189,472049205,5189,472112437
5189,472311566,5189,472372134
5189,472571027,5189,472631551
5189,472830617,5189,472893255
5189,473092204,5189,473152076
5189,473351014,5189,473419453
5189,473618305,5189,473688404
5189,473887356,5189,473950678
5189,474149473,5189,474211188
5189,474411023,5189,474471819
5189,474670801,5189,474730726
5189,474929788,5189,474991433
5189,475190559,5189,475251790
5189,475451382,5189,475519491
5189,475718526,5189,475780021
5189,475979113,5189,476056822
5189,476256154,5189,476320366
5189,476520065,5189,476581900
5189,476781175,5189,476841897
5189,477040992,5189,477104381
5189,477303466,5189,477366091
5189,477565580,5189,477627008
5189,477826024,5189,477889609
5189,478088724,5189,478150016
5189,478349058,5189,478416613
5189,478615688,5189,478677074
5189,478876182,5189,478938904
5189,479137959,5189,479201524
5189,479400670,5189,479462522
5189,479662237,5189,479724262
5189,479923284,5189,479982026
5189,480198048,5189,480261883
5189,480460899,5189,480529617
5189,480728663,5189,480789711
5189,480988823,5189,481051448
5189,481250417,5189,481312342
5189,481511307,5189,481571429
5189,481770561,5189,481832352
5189,482031441,5189,482094713
5189,482294065,5189,482355783
5189,482554872,5189,482617670
5189,482817639,5189,482880161
5189,483079593,5189,483141258
5189,483340303,5189,483401232
5189,483600340,5189,483669695
5189,483868831,5189,483933799
5189,484132988,5189,484195046
5189,484394088,5189,484455823
5189,484654932,5189,484716440
5189,484916299,5189,484977057
5189,485176062,5189,485237887
5189,485437146,5189,485498698
5189,485697893,5189,485758575
5189,485957830,5189,486020635
5189,486220024,5189,486282275
5189,486481368,5189,486542246
5189,486741205,5189,486811930
5189,487011315,5189,487079914
5189,487279016,5189,487343707
5189,487542866,5189,487606471
5189,487805436,5189,487868425
5189,488068227,5189,488130165
5189,488329090,5189,488390769
5189,488589871,5189,488653149
5189,488852164,5189,488921443
5189,489120602,5189,489182620
5189,489381766,5189,489444370
5189,489643526,5189,489706624
5189,489905647,5189,489969815
5189,490168694,5189,490230148
5189,490429071,5189,490491616
5189,490690518,5189,490750609
5189,490949621,5189,491011336
5189,491210982,5189,491271533
5189,491470625,5189,491532150
5189,491731069,5189,491791841
5189,491991053,5189,492079062
5189,492279161,5189,492343536
5189,492542764,5189,492604273
5189,492803361,5189,492865470
5189,493064682,5189,493126937
5189,493326079,5189,493389184
5189,493593313,5189,493658698
5189,493857797,5189,493923568
5189,494122677,5189,494184632
5189,494384278,5189,494448279
5189,494647418,5189,494709463
5189,494908598,5189,494970714
5189,495169735,5189,495232421
5189,495432226,5189,495493221
5189,495692289,5189,495754575
5189,495953810,5189,496031575
5189,496230878,5189,496295103
5189,496494281,5189,496554550
5189,496753522,5189,496813687
5189,497012922,5189,497075634
5189,497274813,5189,497336564
5189,497536510,5189,497598958
5189,497798194,5189,497858995
5189,498058201,5189,498121699
5189,498321035,5189,498381876
5189,498581262,5189,498642620
5189,498841729,5189,498901940
5189,499101366,5189,499162681
5189,499361799,5189,499423218
5189,499622526,5189,499683242
5189,499882337,5189,499944035
5189,500160505,5189,500223143
5189,500422225,5189,500484694
5189,500683929,5189,500743634
5189,500942829,5189,501002611
5189,501201810,5189,501263925
5189,501463067,5189,501524808
5189,501724621,5189,501786422
5189,501985611,5189,502055556
5189,502254812,5189,502318490
5189,502517572,5189,502579011
5189,502778536,5189,502839394
5189,503038553,5189,503101235
5189,503300337,5189,503362052
5189,503561227,5189,503625072
5189,503824158,5189,503886306
5189,504088395,5189,504152464
5189,504351485,5189,504414541
5189,504613826,5189,504677914
5189,504877520,5189,504939505
5189,505138740,5189,505208072
5189,505407084,5189,505475553
5189,505674718,5189,505734953
5189,505934128,5189,505998430
5189,506197762,5189,506258754
5189,506458019,5189,506521291
5189,506720549,5189,506782688
5189,506981947,5189,507043708
5189,507243300,5189,507304419
5189,507503494,5189,507565892
5189,507765145,5189,507826746
5189,508042905,5189,508106967
5189,508306192,5189,508367614
5189,508566710,5189,508635051
5189,508834220,5189,508904135
5189,509103738,5189,509163366
5189,509364585,5189,509426110
5189,509625232,5189,509687047
5189,509886092,5189,509950634
5189,510149819,5189,510211184
5189,510410576,5189,510471825
5189,510670877,5189,510731992
5189,510931034,5189,510991685
5189,511191104,5189,511251729
5189,511450858,5189,511511456
5189,511710462,5189,511770130
5189,511969419,5189,512047568
5189,512246899,5189,512309148
5189,512508400,5189,512578258
5189,512777614,5189,512838432
5189,513037641,5189,513099962
5189,513300045,5189,513363693
5189,513562762,5189,513623640
5189,513822866,5189,513888951
5189,514087983,5189,514149574
5189,514348766,5189,514409825
5189,514609113,5189,514670165
5189,514869400,5189,514929899
5189,515129111,5189,515198366
5189,515397632,5189,515459690
5189,515658892,5189,515720617
5189,515919819,5189,515981297
5189,516197136,5189,516260612
5189,516459963,5189,516523059
5189,516722157,5189,516782556
5189,516986228,5189,517049039
5189,517248218,5189,517309437
5189,517508869,5189,517569690
5189,517769076,5189,517830011
5189,518029156,5189,518091595
5189,518290763,5189,518353235
5189,518552980,5189,518615982
5189,518815237,5189,518878076
5189,519077124,5189,519138016
5189,519337115,5189,519398090
5189,519597292,5189,519658717
5189,519857892,5189,519918181
5189,520117709,5189,520180374
5189,520379320,5189,520442001
5189,520641727,5189,520703845
5189,520903271,5189,520967486
5189,521166721,5189,521228813
5189,521427908,5189,521489837
5189,521689669,5189,521750841
5189,521950226,5189,522022124
5189,522221246,5189,522290038
5189,522489111,5189,522550262
5189,522750018,5189,522810542
5189,523010141,5189,523071870
5189,523270955,5189,523330487
5189,523529592,5189,523591994
5189,523791109,5189,523853468
5189,524069713,5189,524132061
5189,524331154,5189,524393469
5189,524592501,5189,524653903
5189,524853091,5189,524915480
5189,525115065,5189,525176594
5189,525375519,5189,525436577
5189,525635739,5189,525697428
5189,525897006,5189,525961091
5189,526160317,5189,526221642
5189,526420937,5189,526483529
5189,526682678,5189,526743853
5189,526943822,5189,527004737
5189,527203885,5189,527265054
5189,527464199,5189,527526821
5189,527726033,5189,527788185
5189,527987533,5189,528051025
5189,528250714,5189,528313069
5189,528512291,5189,528574436
5189,528773781,5189,528837816
5189,529037329,5189,529099310
5189,529298426,5189,529360517
5189,529559829,5189,529621341
5189,529820846,5189,529887162
5189,530086430,5189,530147955
5189,530347354,5189,530409796
5189,530608934,5189,530677959
5189,530877515,5189,530941227
5189,531140432,5189,531200510
5189,531399813,5189,531460814
5189,531660016,5189,531721141
5189,531921087,5189,531989399
5189,532205558,5189,532267993
5189,532467288,5189,532530696
5189,532729852,5189,532791067
5189,532990076,5189,533051167
5189,533250539,5189,533311398
5189,533510450,5189,533572755
5189,533771963,5189,533834272
5189,534033984,5189,534100602
5189,534299901,5189,534363583
5189,534562775,5189,534625110
5189,534824372,5189,534885593
5189,535084683,5189,535147234
5189,535346406,5189,535409905
5189,535609130,5189,535677812
5189,535877050,5189,535939002
5189,536155038,5189,536217096
5189,536416315,5189,536476053
5189,536675159,5189,536737094
5189,536936323,5189,536998334
5189,537197956,5189,537260115
5189,537459317,5189,537520672
5189,537719884,5189,537782842
5189,537982157,5189,538046256
5189,538245935,5189,538307916
5189,538507022,5189,538567847
5189,538766809,5189,538828267
5189,539027239,5189,539088814
5189,539288496,5189,539350675
5189,539549817,5189,539613162
5189,539812154,5189,539873022
5189,540088831,5189,540151336
5189,540354905,5189,540418283
5189,540617436,5189,540678387
5189,540877403,5189,540938254
5189,541137407,5189,541198445
5189,541397440,5189,541458648
5189,541657767,5189,541718986
5189,541917994,5189,541982770
5189,542181881,5189,542243663
5189,542442672,5189,542509754
5189,542709036,5189,542770014
5189,542968939,5189,543032328
5189,543231460,5189,543292978
5189,543492697,5189,543554808
5189,543753941,5189,543816446
5189,544032441,5189,544095990
5189,544295242,5189,544356890
5189,544556459,5189,544619467
5189,544818803,5189,544881781
5189,545080720,5189,545141175
5189,545340357,5189,545401916
5189,545601031,5189,545663066
5189,545862441,5189,545926630
5189,546125782,5189,546188037
5189,546387102,5189,546449021
5189,546648853,5189,546711608
5189,546911040,5189,546972802
5189,547172207,5189,547238889
5189,547438054,5189,547498539
5189,547697668,5189,547760933
5189,547960222,5189,548040297
5189,548239480,5189,548301631
5189,548500747,5189,548562312
5189,548761397,5189,548823132
5189,549022494,5189,549082399
5189,549281858,5189,549342676
5189,549541891,5189,549602637
5189,549802262,5189,549861944
5189,550061375,5189,550125191
5189,550324189,5189,550384268
5189,550583523,5189,550645405
5189,550844937,5189,550905435
5189,551104694,5189,551165695
5189,551364761,5189,551427222
5189,551626421,5189,551688456
5189,551888435,5189,551950873
5189,552167309,5189,552230661
5189,552429856,5189,552499875
5189,552699251,5189,552760945
5189,552960624,5189,553020829
5189,553220128,5189,553280246
5189,553479248,5189,553541953
5189,553741055,5189,553801854
5189,554001259,5189,554063327
5189,554262429,5189,554322778
5189,554521843,5189,554586385
5189,554785650,5189,554848339
5189,555049087,5189,555112256
5189,555311511,5189,555373199
5189,555572392,5189,555633690
5189,555832845,5189,555900860
5189,556104426,5189,556167605
5189,556366976,5189,556428408
5189,556627557,5189,556688472
5189,556887810,5189,556949356
5189,557149174,5189,557211559
5189,557410951,5189,557472203
5189,557671318,5189,557733140
5189,557932282,5189,557997307
5189,558196246,5189,558257461
5189,558456727,5189,558518228
5189,558717390,5189,558786849
5189,558985881,5189,559049613
5189,559249271,5189,559310233
5189,559509371,5189,559569473
5189,559768572,5189,559828564
5189,560052163,5189,560115775
5189,560315380,5189,560377575
5189,560576817,5189,560638926
5189,560838214,5189,560899026
5189,561098161,5189,561159293
5189,561358438,5189,561419300
5189,561618489,5189,561676837
5189,561875969,5189,561938817
5189,562137946,5189,562207058
5189,562406170,5189,562473989
5189,562673277,5189,562736236
5189,562935461,5189,562997926
5189,563196921,5189,563259880
5189,563459665,5189,563520527
5189,563723989,5189,563786631
5189,563985753,5189,564049758
5189,564248897,5189,564309485
5189,564509221,5189,564571192
5189,564770608,5189,564830369
5189,565029428,5189,565090877
5189,565290125,5189,565352844
5189,565552492,5189,565616174
5189,565815373,5189,565889178
5189,566088270,5189,566149862
5189,566348887,5189,566410573
5189,566610581,5189,566673613
5189,566872908,5189,566934203
5189,567133359,5189,567194910
5189,567394052,5189,567454917
5189,567654666,5189,567716524
5189,567915877,5189,567976518
5189,568192861,5189,568258336
5189,568457385,5189,568520476
5189,568719609,5189,568782560
5189,568981969,5189,569043857
5189,569242940,5189,569312795
5189,569512037,5189,569572522
5189,569771470,5189,569833849
5189,570033137,5189,570095883
5189,570294954,5189,570357273
5189,570556458,5189,570618860
5189,570818682,5189,570880504
5189,571079669,5189,571141871
5189,571340776,5189,571404298
5189,571603444,5189,571664315
5189,571864114,5189,571923925
5189,572140358,5189,572211366
5189,572410509,5189,572478987
5189,572678046,5189,572739011
5189,572938120,5189,572998858
5189,573198367,5189,573261332
5189,573460637,5189,573522869
5189,573722091,5189,573783223
5189,573982308,5189,574044930
5189,574244148,5189,574304737
5189,574503999,5189,574566210
5189,574765436,5189,574826951
5189,575026499,5189,575089374
5189,575288660,5189,575350275
5189,575549657,5189,575617799
5189,575816864,5189,575885833
5189,576101659,5189,576166000
5189,576365206,5189,576426754
5189,576626056,5189,576688655
5189,576887733,5189,576949862
5189,577149370,5189,577212816
5189,577412267,5189,577480163
5189,577679508,5189,577747723
5189,577946879,5189,578009087
5189,578208303,5189,578269637
5189,578468970,5189,578531815
5189,578731137,5189,578793915
5189,578993010,5189,579055246
5189,579254477,5189,579315846
5189,579515341,5189,579576880
5189,579776225,5189,579836740
5189,580052719,5189,580118364
5189,580318063,5189,580380698
5189,580579903,5189,580642942
5189,580842227,5189,580909959
5189,581109054,5189,581170046
5189,581369341,5189,581431690
5189,581630795,5189,581693660
5189,581892842,5189,581956767
5189,582155886,5189,582217228
5189,582416297,5189,582479775
5189,582679097,5189,582741375
5189,582940551,5189,583001159
5189,583200314,5189,583262123
5189,583461791,5189,583525270
5189,583724522,5189,583785474
5189,583984789,5189,584047537
5189,584246723,5189,584308954
5189,584508727,5189,584571115
5189,584770324,5189,584830218
5189,585029367,5189,585090049
5189,585289238,5189,585349636
5189,585548825,5189,585618457
5189,585817635,5189,585894721
5189,586093843,5189,586155544
5189,586354577,5189,586413425
5189,586612504,5189,586673878
5189,586872924,5189,586934645
5189,587138341,5189,587200046
5189,587399252,5189,587466284
5189,587665299,5189,587728591
5189,587927699,5189,587989144
5189,588191550,5189,588258261
5189,588457544,5189,588519862
5189,588719028,5189,588782146
5189,588981351,5189,589044113
5189,589243315,5189,589304350
5189,589503542,5189,589564351
5189,589763529,5189,589824974
5189,590024103,5189,590088395
5189,590287510,5189,590349865
5189,590549344,5189,590612612
5189,590811861,5189,590873683
5189,591072842,5189,591134553
5189,591333855,5189,591396114
5189,591595129,5189,591656564
5189,591855726,5189,591916958
5189,592133111,5189,592196445
5189,592395734,5189,592457139
5189,592656275,5189,592717830
5189,592917255,5189,592980137
5189,593179299,5189,593241554
5189,593440832,5189,593501034
5189,593700193,5189,593762078
5189,593961280,5189,594031538
5189,594230927,5189,594300062
5189,594499375,5189,594561820
5189,594761165,5189,594822170
5189,595021409,5189,595083597
5189,595282726,5189,595342734
5189,595541919,5189,595603341
5189,595802856,5189,595866308
5189,596082408,5189,596146066
5189,596345181,5189,596406936
5189,596606738,5189,596669097
5189,596868159,5189,596930577
5189,597129819,5189,597192301
5189,597391316,5189,597454851
5189,597654197,5189,597716225
5189,597915144,5189,597977865
5189,598177118,5189,598239056
5189,598438125,5189,598501676
5189,598701045,5189,598763327
5189,598962522,5189,599032618
5189,599231876,5189,599293035
5189,599492176,5189,599554622
5189,599753610,5189,599812865
5189,600014914,5189,600080656
5189,600279921,5189,600341933
5189,600541042,5189,600602763
5189,600802589,5189,600865427
5189,601064689,5189,601125914
5189,601325363,5189,601386471
5189,601585967,5189,601646532
5189,601845964,5189,601910002
5189,602109197,5189,602170096
5189,602369214,5189,602438426
5189,602637542,5189,602705987
5189,602905133,5189,602972361
5189,603171906,5189,603232778
5189,603431993,5189,603494202
5189,603693407,5189,603755166
5189,603954334,5189,604032693
5189,604231975,5189,604301454
5189,604500516,5189,604570388
5189,604769883,5189,604830345
5189,605029426,5189,605093822
5189,605293007,5189,605356535
5189,605555664,5189,605616829
5189,605815828,5189,605887153
5189,606086819,5189,606149057
5189,606347949,5189,606409204
5189,606608343,5189,606669421
5189,606868590,5189,606931392
5189,607130523,5189,607192369
5189,607391824,5189,607835656
5189,608051828,5189,608122804
5189,608321829,5189,608393901
5189,608593163,5189,608661985
5189,608861084,5189,608921946
5189,609121331,5189,609183746
5189,609382858,5189,609446790
5189,609645885,5189,609709057
5189,609908173,5189,609970904
5189,610169980,5189,610231178
5189,610430373,5189,610493455
5189,610692540,5189,610755019
5189,610958654,5189,611022573
5189,611221755,5189,611283973
5189,611482992,5189,611546190
5189,611745859,5189,611807271
5189,612023513,5189,612088575
5189,612287857,5189,612350865
5189,612549941,5189,612612529
5189,612811625,5189,612872506
5189,613071672,5189,613133340
5189,613332496,5189,613396117
5189,613595596,5189,613658758
5189,613858106,5189,613922882
5189,614122067,5189,614183132
5189,614382201,5189,614444636
5189,614643808,5189,614711339
5189,614910452,5189,614978470
5189,615177486,5189,615238451
5189,615437439,5189,615498768
5189,615697800,5189,615760082
5189,615959277,5189,616037665
5189,616237164,5189,616302393
5189,616501668,5189,616572284
5189,616771715,5189,616834494
5189,617034482,5189,617097774
5189,617297000,5189,617359891
5189,617558893,5189,617620742
5189,617819914,5189,617889176
5189,618088968,5189,618151226
5189,618350635,5189,618418814
5189,618617879,5189,618681124
5189,618880226,5189,618943218
5189,619142306,5189,619202841
5189,619402117,5189,619463862
5189,619663094,5189,619726239
5189,619925398,5189,619987922
5189,620204162,5189,620269304
5189,620468466,5189,620530274
5189,620729473,5189,620790464
5189,620989696,5189,621051278
5189,621250774,5189,621318012
5189,621517651,5189,621578992
5189,621778181,5189,621838149
5189,622037272,5189,622101040
5189,622301095,5189,622366187
5189,622565522,5189,622628711
5189,622827753,5189,622889361
5189,623088380,5189,623149925
5189,623349057,5189,623411399
5189,623610521,5189,623671499
5189,623870521,5189,623931369
5189,624147175,5189,624211984
5189,624411162,5189,624472614
5189,624672006,5189,624741695
5189,624940827,5189,625002102
5189,625201131,5189,625263399
5189,625462438,5189,625524786
5189,625723978,5189,625784396
5189,625983492,5189,626047347
5189,626246469,5189,626315578
5189,626514533,5189,626576218
5189,626775423,5189,626837745
5189,627036924,5189,627099409
5189,627298677,5189,627361386
5189,627561118,5189,627623896
5189,627823205,5189,627884967
5189,628101059,5189,628164561
5189,628363736,5189,628426305
5189,628626044,5189,628689178
5189,628888278,5189,628948319
5189,629147585,5189,629209693
5189,629408738,5189,629470857
5189,629670112,5189,629738807
5189,629937992,5189,630008161
5189,630209820,5189,630271522
5189,630470907,5189,630533402
5189,630732538,5189,630793973
5189,630993471,5189,631055290
5189,631254362,5189,631316404
5189,631515822,5189,631583847
5189,631783033,5189,631843841
5189,632060090,5189,632124442
5189,632323511,5189,632385116
5189,632584521,5189,632645730
5189,632844972,5189,632906570
5189,633105822,5189,633169397
5189,633368539,5189,633437538
5189,633636597,5189,633697961
5189,633897194,5189,633960635
5189,634159817,5189,634222939
5189,634426444,5189,634489596
5189,634688712,5189,634751833
5189,634951032,5189,635013507
5189,635212696,5189,635275771
5189,635474843,5189,635536561
5189,635735957,5189,635796835
5189,635996391,5189,636085446
5189,636284915,5189,636347886
5189,636547082,5189,636609767
5189,636809169,5189,636879341
5189,637078400,5189,637140432
5189,637339580,5189,637401379
5189,637600534,5189,637663096
5189,637862231,5189,637926226
5189,638126192,5189,638194083
5189,638393129,5189,638455047
5189,638654156,5189,638715711
5189,638914983,5189,638976771
5189,639175827,5189,639239889
5189,639438997,5189,639500689
5189,639699957,5189,639761169
5189,639960358,5189,640032543
5189,640232429,5189,640295197
5189,640494433,5189,640556277
5189,640755473,5189,640817278
5189,641016493,5189,641078768
5189,641277947,5189,641339715
5189,641538664,5189,641598779
5189,641797964,5189,641859960
5189,642059268,5189,642119410
5189,642318488,5189,642380767
5189,642579889,5189,642641301
5189,642840696,5189,642901568
5189,643100816,5189,643161951
5189,643361593,5189,643422638
5189,643621900,5189,643682965
5189,643882361,5189,643944559
5189,644148908,5189,644211283
5189,644410899,5189,644471497
5189,644670752,5189,644732447
5189,644931729,5189,645000688
5189,645199920,5189,645269072
5189,645467991,5189,645529355
5189,645728428,5189,645790302
5189,645989475,5189,646053353
5189,646252422,5189,646320524
5189,646520182,5189,646580848
5189,646780083,5189,646841185
5189,647040293,5189,647102692
5189,647301863,5189,647363519
5189,647562680,5189,647626112
5189,647825334,5189,647887596
5189,648111295,5189,648175521
5189,648374719,5189,648443931
5189,648643850,5189,648705595
5189,648904611,5189,648966732
5189,649165834,5189,649226799
5189,649425948,5189,649486650
5189,649686552,5189,649747280
5189,649946405,5189,650012601
5189,650211916,5189,650274361
5189,650473607,5189,650536711
5189,650735890,5189,650796405
5189,650995728,5189,651056452
5189,651255641,5189,651316716
5189,651515902,5189,651578330
5189,651777545,5189,651847017
5189,652062767,5189,652125515
5189,652324757,5189,652386705
5189,652585701,5189,652647496
5189,652846658,5189,652906496
5189,653105718,5189,653166613
5189,653365915,5189,653427987
5189,653627442,5189,653689134
5189,653888796,5189,653952521
5189,654151870,5189,654212511
5189,654411910,5189,654472715
5189,654671757,5189,654733152
5189,654932311,5189,654994506
5189,655193758,5189,655255600
5189,655454849,5189,655517540
5189,655716642,5189,655780087
5189,655979666,5189,656046798
5189,656245983,5189,656310232
5189,656509424,5189,656570192
5189,656769361,5189,656831386
5189,657031191,5189,657093883
5189,657293005,5189,657354460
5189,657553462,5189,657615094
5189,657818589,5189,657887138
5189,658086446,5189,658151852
5189,658350910,5189,658412482
5189,658611801,5189,658673009
5189,658872134,5189,658932949
5189,659132151,5189,659193826
5189,659393035,5189,659453440
5189,659652672,5189,659713724
5189,659912989,5189,659975491
5189,660191507,5189,660252892
5189,660452004,5189,660514426
5189,660713357,5189,660774029
5189,660973088,5189,661037173
5189,661236652,5189,661298577
5189,661497942,5189,661559984
5189,661758943,5189,661831961
5189,662031077,5189,662094995
5189,662294280,5189,662356449
5189,662555641,5189,662616809
5189,662816011,5189,662877993
5189,663077105,5189,663140217
5189,663339379,5189,663399354
5189,663598423,5189,663661954
5189,663860906,5189,663922871
5189,664138910,5189,664202609
5189,664402301,5189,664464753
5189,664663801,5189,664726566
5189,664925685,5189,664986880
5189,665185989,5189,665246900
5189,665446743,5189,665509501
5189,665708630,5189,665770538
5189,665969630,5189,666033832
5189,666233057,5189,666295646
5189,666495218,5189,666564063
5189,666763261,5189,666825783
5189,667024955,5189,667086547
5189,667285732,5189,667347404
5189,667547393,5189,667608311
5189,667807380,5189,667867161
5189,668083497,5189,668146213
5189,668345348,5189,668407703
5189,668607048,5189,668669070
5189,668868502,5189,668929614
5189,669129323,5189,669192381
5189,669391627,5189,669452151
5189,669652270,5189,669715235
5189,669914317,5189,669984943
5189,670184231,5189,670245850
5189,670444898,5189,670506390
5189,670705632,5189,670766687
5189,670965783,5189,671027717
5189,671226793,5189,671289138
5189,671488180,5189,671550652
5189,671750007,5189,671811836
5189,672027715,5189,672090773
5189,672289815,5189,672350860
5189,672549889,5189,672610037
5189,672809856,5189,672872871
5189,673072070,5189,673134918
5189,673334074,5189,673396525
5189,673595741,5189,673658429
5189,673858171,5189,673922860
5189,674121985,5189,674184137
5189,674383549,5189,674446010
5189,674645159,5189,674707394
5189,674906563,5189,674968198
5189,675167280,5189,675230115
5189,675429227,5189,675490352
5189,675689414,5189,675750889
5189,675950705,5189,676029917
5189,676229292,5189,676293060
5189,676492229,5189,676554201
5189,676753360,5189,676817815
5189,677016984,5189,677077208
5189,677276197,5189,677337602
5189,677536708,5189,677597849
5189,677796938,5189,677858993
5189,678058182,5189,678120814
5189,678319975,5189,678380891
5189,678580032,5189,678647824
5189,678846963,5189,678908088
5189,679107387,5189,679168968
5189,679368134,5189,679428412
5189,679627508,5189,679688312
5189,679887385,5189,679948846
5189,680165035,5189,680228634
5189,680427809,5189,680488504
5189,680687743,5189,680749565
5189,680948790,5189,681012218
5189,681215717,5189,681278985
5189,681478221,5189,681540099
5189,681739345,5189,681801223
5189,682000265,5189,682067664
5189,682267079,5189,682327098
5189,682526179,5189,682589518
5189,682788880,5189,682852412
5189,683051414,5189,683113572
5189,683313494,5189,683382436
5189,683581628,5189,683650620
5189,683849922,5189,683912257
5189,684128316,5189,684192874
5189,684392760,5189,684456168
5189,684655221,5189,684717746
5189,684917038,5189,684979133
5189,685178321,5189,685240760
5189,685440762,5189,685502444
5189,685701559,5189,685764304
5189,685963429,5189,686025891
5189,686224906,5189,686286791
5189,686485950,5189,686547675
5189,686746627,5189,686807859
5189,687007088,5189,687067896
5189,687266881,5189,687329643
5189,687529379,5189,687595814
5189,687794892,5189,687856314
5189,688072310,5189,688135211
5189,688334220,5189,688394988
5189,688594614,5189,688656066
5189,688855468,5189,688917433
5189,689116625,5189,689179287
5189,689378455,5189,689439797
5189,689639649,5189,689704984
5189,689904333,5189,689970055
5189,690169300,5189,690232175
5189,690431478,5189,690500876
5189,690700815,5189,690762827
5189,690962085,5189,691022677
5189,691221765,5189,691282757
5189,691481779,5189,691543234
5189,691742286,5189,691804485
5189,692020617,5189,692083156
5189,692282334,5189,692343733
5189,692542998,5189,692604880
5189,692804508,5189,692867120
5189,693066189,5189,693127741
5189,693326793,5189,693388748
5189,693587883,5189,693649431
5189,693848847,5189,693912028
5189,694111081,5189,694172352
5189,694371345,5189,694433099
5189,694632205,5189,694694296
5189,694893939,5189,694956830
5189,695155976,5189,695225354
5189,695424603,5189,695492738
5189,695692137,5189,695754362
5189,695953904,5189,696033246
5189,696232805,5189,696296480
5189,696495638,5189,696556914
5189,696756152,5189,696817701
5189,697017229,5189,697078061
5189,697277167,5189,697338965
5189,697538057,5189,697598932
5189,697798177,5189,697862626
5189,698061741,5189,698123916
5189,698323142,5189,698384780
5189,698584255,5189,698647337
5189,698846762,5189,698908694
5189,699108289,5189,699171191
5189,699370200,5189,699432235
5189,699631333,5189,699692875
5189,699892231,5189,699953219
5189,700152938,5189,700222913
5189,700422169,5189,700484270
5189,700683452,5189,700745424
5189,700944489,5189,701006438
5189,701205666,5189,701265915
5189,701465223,5189,701527229
5189,701726364,5189,701787759
5189,701987127,5189,702058203
5189,702257258,5189,702319930
5189,702518975,5189,702580370
5189,702779479,5189,702841704
5189,703040970,5189,703103114
5189,703302253,5189,703363441
5189,703562470,5189,703625295
5189,703824437,5189,703886242
5189,704102292,5189,704165336
5189,704364592,5189,704426757
5189,704630533,5189,704692634
5189,704891820,5189,704952138
5189,705151653,5189,705213308
5189,705412564,5189,705472715
5189,705671964,5189,705733893
5189,705933208,5189,705998243
5189,706197305,5189,706259230
5189,706458292,5189,706522674
5189,706722176,5189,706785101
5189,706984160,5189,707044931
5189,707244030,5189,707304622
5189,707504137,5189,707564102
5189,707763294,5189,707823786
5189,708035028,5189,708100047
5189,708299105,5189,708361400
5189,708560429,5189,708621391
5189,708820520,5189,708880631
5189,709079827,5189,709141498
5189,709340827,5189,709404195
5189,709603471,5189,709664196
