2861,947192382,2861,947401423
2861,947694739,2861,947834805
2861,948085255,2861,948236095
2861,948483207,2861,948621690
2861,948868802,2861,948955415
2861,949196591,2861,949273784
2861,949513786,2861,949648539
2861,949895828,2861,950053604
2861,950300656,2861,950441273
2861,950688282,2861,950767818
2861,951008430,2861,951076300
2861,951316702,2861,951453002
2861,951700041,2861,951814470
2861,952058443,2861,952148847
2861,952391448,2861,952460849
2861,952701603,2861,952767750
2861,953008274,2861,953096375
2861,953336792,2861,953408039
2861,953648370,2861,953776901
2861,954033152,2861,954134366
2861,954376203,2861,954450431
2861,954690668,2861,954763212
2861,955003246,2861,955075676
2861,955316314,2861,955390691
2861,955630716,2861,955702613
2861,955942394,2861,956014964
2861,956257667,2861,956334604
2861,956574591,2861,956647748
2861,956887658,2861,956960038
2861,957199881,2861,957271528
2861,957511438,2861,957584585
2861,957824268,2861,957896085
2861,958135595,2861,958211828
2861,958451698,2861,958524355
2861,958764138,2861,958835465
2861,959075305,2861,959147911
2861,959387731,2861,959459768
2861,959699421,2861,959771391
2861,960017295,2861,960142309
2861,960396778,2861,960531243
2861,960782448,2861,960921619
2861,961168718,2861,961310213
2861,961557018,2861,961696163
2861,961943412,2861,962116230
2861,962362989,2861,962489310
2861,962730239,2861,962893586
2861,963140372,2861,963334410
2861,963581066,2861,963680250
2861,963933619,2861,964071260
2861,964318204,2861,964461055
2861,964707788,2861,964844560
2861,965091707,2861,965212638
2861,965455538,2861,965531425
2861,965771698,2861,965843573
2861,966083909,2861,966159563
2861,966399503,2861,966474337
2861,966714311,2861,966790845
2861,967031391,2861,967100886
2861,967340979,2861,967428397
2861,967671860,2861,967750437
2861,967991281,2861,968077335
2861,968317674,2861,968391782
2861,968632377,2861,968706482
2861,968946717,2861,969018319
2861,969258581,2861,969330745
2861,969570770,2861,969642802
2861,969882911,2861,969961472
2861,970201301,2861,970275322
2861,970514974,2861,970586646
2861,970826404,2861,970896892
2861,971136660,2861,971208305
2861,971447880,2861,971519418
2861,971759307,2861,971828995
2861,972072510,2861,972143676
2861,972383609,2861,972453262
2861,972693082,2861,972764631
2861,973004698,2861,973077207
2861,973317164,2861,973388229
2861,973627939,2861,973742260
2861,973985020,2861,974064752
2861,974305406,2861,974378685
2861,974619136,2861,974689868
2861,974930698,2861,975002277
2861,975242901,2861,975313073
2861,975553373,2861,975624509
2861,975864996,2861,975939082
2861,976183612,2861,976257941
2861,976497959,2861,976569908
2861,976809550,2861,976880866
2861,977120650,2861,977193273
2861,977452412,2861,977526554
2861,977766632,2861,977839135
2861,978079119,2861,978154325
2861,978394210,2861,978465716
2861,978705510,2861,978775660
2861,979015558,2861,979086323
2861,979326241,2861,979396957
2861,979636952,2861,979707044
2861,979946946,2861,980074830
2861,980323334,2861,980411306
2861,980653180,2861,980725876
2861,980966603,2861,981040782
2861,981281156,2861,981355831
2861,981603682,2861,981677387
2861,981917405,2861,981991557
2861,982238460,2861,982311109
2861,982551196,2861,982622445
2861,982862193,2861,982940541
2861,983180092,2861,983249760
2861,983496394,2861,983567803
2861,983807564,2861,983878359
2861,984121013,2861,984191895
2861,984431705,2861,984504441
2861,984751644,2861,984823923
2861,985064663,2861,985137399
2861,985377112,2861,985448664
2861,985688438,2861,985759946
2861,985999896,2861,986075835
2861,986315885,2861,986425345
2861,986679429,2861,986766848
2861,987008312,2861,987080541
2861,987321254,2861,987391806
2861,987639433,2861,987717232
2861,987957739,2861,988037885
2861,988285528,2861,988354567
2861,988594770,2861,988668432
2861,988916022,2861,988986128
2861,989233234,2861,989303183
2861,989543156,2861,989614471
2861,989854258,2861,989923580
2861,990163350,2861,990234875
2861,990474408,2861,990544430
2861,990783987,2861,990852762
2861,991092312,2861,991161671
2861,991401217,2861,991470902
2861,991717556,2861,991788351
2861,992038831,2861,992109000
2861,992355780,2861,992426285
2861,992672875,2861,992787678
2861,993036079,2861,993124468
2861,993366141,2861,993441336
2861,993689020,2861,993762019
2861,994009402,2861,994085734
2861,994326197,2861,994397886
2861,994644563,2861,994717365
2861,994958435,2861,995038130
2861,995277706,2861,995347805
2861,995593625,2861,995664644
2861,995911797,2861,995981963
2861,996228599,2861,996304795
2861,996545058,2861,996617283
2861,996857197,2861,996932779
2861,997179682,2861,997253128
2861,997493141,2861,997565533
2861,997811946,2861,997882552
2861,998137469,2861,998214591
2861,998454384,2861,998525423
2861,998765016,2861,998835728
2861,999082281,2861,999217438
2861,999466355,2861,999555431
2861,999796981,2861,999870910
2862,000113506,2862,000187595
2862,000428218,2862,000502184
2862,000742777,2862,000813849
2862,001055202,2862,001127314
2862,001367521,2862,001439350
2862,001679573,2862,001751891
2862,001991868,2862,002069277
2862,002309324,2862,002381392
2862,002621142,2862,002692964
2862,002932697,2862,003002906
2862,003242539,2862,003313171
2862,003552738,2862,003625726
2862,003865387,2862,003937255
2862,004180909,2862,004253864
2862,004493454,2862,004567413
2862,004807239,2862,004879221
2862,005119045,2862,005190963
2862,005430736,2862,005547670
2862,005806021,2862,005895839
2862,006137480,2862,006213568
2862,006454482,2862,006528854
2862,006769047,2862,006842933
2862,007083469,2862,007164438
2862,007404385,2862,007475920
2862,007715910,2862,007786872
2862,008031529,2862,008103894
2862,008343507,2862,008421176
2862,008660910,2862,008732978
2862,008972758,2862,009044307
2862,009284113,2862,009354669
2862,009594552,2862,009673831
2862,009914525,2862,009990530
2862,010230490,2862,010305055
2862,010544942,2862,010615290
2862,010855057,2862,010927936
2862,011167593,2862,011239615
2862,011479378,2862,011551990
2862,011791977,2862,011909513
2862,012161910,2862,012247856
2862,012489129,2862,012560344
2862,012800918,2862,012870873
2862,013118660,2862,013187862
2862,013428422,2862,013499024
2862,013746351,2862,013817499
2862,014057716,2862,014131855
2862,014372165,2862,014442387
2862,014682087,2862,014751629
2862,014998489,2862,015067124
2862,015313835,2862,015382550
2862,015622183,2862,015689785
2862,015936402,2862,016026404
2862,016266874,2862,016341759
2862,016581650,2862,016650045
2862,016889678,2862,016960043
2862,017206830,2862,017275972
2862,017522542,2862,017591391
2862,017830924,2862,017900810
2862,018140446,2862,018267517
2862,018516453,2862,018606899
2862,018848406,2862,018923115
2862,019163748,2862,019243020
2862,019483777,2862,019557106
2862,019797352,2862,019868037
2862,020119791,2862,020193553
2862,020434233,2862,020507705
2862,020755249,2862,020826771
2862,021066450,2862,021135069
2862,021374866,2862,021446078
2862,021685858,2862,021756573
2862,022003263,2862,022078198
2862,022325029,2862,022396527
2862,022636291,2862,022713246
2862,022960206,2862,023031815
2862,023271355,2862,023342427
2862,023582347,2862,023654306
2862,023901192,2862,023973578
2862,024223588,2862,024296633
2862,024543520,2862,024683987
2862,024933137,2862,025043184
2862,025284777,2862,025358036
2862,025598846,2862,025673462
2862,025914041,2862,025991744
2862,026239300,2862,026314766
2862,026555032,2862,026625481
2862,026866111,2862,026935810
2862,027175896,2862,027250199
2862,027497342,2862,027568191
2862,027815467,2862,027886873
2862,028145637,2862,028218632
2862,028458619,2862,028531201
2862,028771008,2862,028843790
2862,029090800,2862,029162422
2862,029402101,2862,029472990
2862,029719810,2862,029793229
2862,030040099,2862,030116121
2862,030355828,2862,030427130
2862,030666836,2862,030739832
2862,030986672,2862,031101298
2862,031349925,2862,031438858
2862,031680368,2862,031753546
2862,031994463,2862,032095976
2862,032337322,2862,032411485
2862,032652195,2862,032732293
2862,032972414,2862,033044406
2862,033284562,2862,033355231
2862,033595651,2862,033669653
2862,033909490,2862,033990342
2862,034239132,2862,034311997
2862,034552018,2862,034623183
2862,034862906,2862,034933461
2862,035173258,2862,035243560
2862,035483327,2862,035555169
2862,035794885,2862,035866204
2862,036109131,2862,036180319
2862,036420176,2862,036497148
2862,036736915,2862,036808590
2862,037048430,2862,037117789
2862,037357569,2862,037466725
2862,037715002,2862,037803108
2862,038044561,2862,038121370
2862,038362027,2862,038436075
2862,038683575,2862,038755864
2862,038996204,2862,039065519
2862,039305793,2862,039373981
2862,039614191,2862,039684346
2862,039931797,2862,040015002
2862,040255736,2862,040327248
2862,040567435,2862,040638453
2862,040878933,2862,040949721
2862,041189675,2862,041259874
2862,041506714,2862,041574026
2862,041813562,2862,041882624
2862,042129284,2862,042201456
2862,042448110,2862,042518008
2862,042757698,2862,042825997
2862,043065670,2862,043134852
2862,043381495,2862,043448754
2862,043695194,2862,043809927
2862,044062324,2862,044149744
2862,044391390,2862,044464989
2862,044705855,2862,044776637
2862,045024174,2862,045098646
2862,045339113,2862,045409858
2862,045657192,2862,045727744
2862,045968120,2862,046044659
2862,046284493,2862,046356841
2862,046596448,2862,046668357
2862,046915300,2862,046988182
2862,047228769,2862,047302647
2862,047542418,2862,047615913
2862,047855976,2862,047932502
2862,048175675,2862,048250774
2862,048490277,2862,048560556
2862,048807326,2862,048880345
2862,049127115,2862,049198557
2862,049438140,2862,049510856
2862,049750555,2862,049821644
2862,050061488,2862,050204192
2862,050453095,2862,050551111
2862,050793034,2862,050866863
2862,051107380,2862,051181502
2862,051422045,2862,051495571
2862,051735927,2862,051809149
2862,052061506,2862,052138825
2862,052386258,2862,052463007
2862,052710514,2862,052783933
2862,053023956,2862,053097988
2862,053338095,2862,053412377
2862,053652610,2862,053726412
2862,053973392,2862,054048831
2862,054288555,2862,054361037
2862,054607790,2862,054679516
2862,054926312,2862,054995727
2862,055235444,2862,055305609
2862,055545366,2862,055617731
2862,055864438,2862,055939453
2862,056189697,2862,056261556
2862,056501499,2862,056620072
2862,056868632,2862,056956929
2862,057198498,2862,057272674
2862,057512920,2862,057586506
2862,057826703,2862,057899171
2862,058139608,2862,058221090
2862,058461070,2862,058533375
2862,058773292,2862,058847824
2862,059087664,2862,059159263
2862,059399173,2862,059472432
2862,059712328,2862,059785493
2862,060036747,2862,060110419
2862,060350109,2862,060425675
2862,060665565,2862,060743604
2862,060983343,2862,061054455
2862,061294209,2862,061366407
2862,061606371,2862,061676836
2862,061916499,2862,061999721
2862,062239441,2862,062311543
2862,062561037,2862,062632919
2862,062872756,2862,062966575
2862,063209915,2862,063285477
2862,063526057,2862,063597609
2862,063837589,2862,063908484
2862,064149454,2862,064221546
2862,064461946,2862,064533238
2862,064780428,2862,064849120
2862,065096400,2862,065169206
2862,065409389,2862,065480991
2862,065720945,2862,065791246
2862,066030786,2862,066105328
2862,066351962,2862,066420281
2862,066659884,2862,066730129
2862,066976943,2862,067045978
2862,067292808,2862,067362347
2862,067601974,2862,067671369
2862,067911155,2862,067980657
2862,068230114,2862,068298209
2862,068544840,2862,068614608
2862,068854248,2862,068922393
2862,069162153,2862,069280860
2862,069529737,2862,069615359
2862,069857296,2862,069928705
2862,070169538,2862,070247087
2862,070494070,2862,070565902
2862,070806499,2862,070877814
2862,071118101,2862,071189110
2862,071429506,2862,071500202
2862,071747479,2862,071818547
2862,072070054,2862,072144183
2862,072384303,2862,072456705
2862,072696751,2862,072770303
2862,073010814,2862,073085966
2862,073333209,2862,073407391
2862,073647401,2862,073721503
2862,073968286,2862,074042062
2862,074281805,2862,074353617
2862,074593307,2862,074664236
2862,074904039,2862,074976214
2862,075222911,2862,075293390
2862,075538117,2862,075671773
2862,075920760,2862,076016310
2862,076258183,2862,076331442
2862,076572028,2862,076645194
2862,076885921,2862,076958466
2862,077206296,2862,077278562
2862,077519012,2862,077591977
2862,077832500,2862,077906345
2862,078146809,2862,078223174
2862,078463171,2862,078537300
2862,078777246,2862,078848912
2862,079088758,2862,079161324
2862,079407967,2862,079479689
2862,079726473,2862,079798085
2862,080041555,2862,080116454
2862,080356457,2862,080429029
2862,080675726,2862,080747574
2862,080994521,2862,081067550
2862,081307457,2862,081381099
2862,081627822,2862,081698234
2862,081938017,2862,082060364
2862,082308931,2862,082396947
2862,082638273,2862,082711575
2862,082951982,2862,083023554
2862,083264017,2862,083337313
2862,083577416,2862,083649151
2862,083889081,2862,083960337
2862,084204827,2862,084275249
2862,084515488,2862,084584887
2862,084824697,2862,084902046
2862,085141776,2862,085212448
2862,085452111,2862,085522333
2862,085762217,2862,085833022
2862,086072648,2862,086155294
2862,086394987,2862,086467019
2862,086706599,2862,086776438
2862,087016188,2862,087087897
2862,087327413,2862,087405139
2862,087644882,2862,087713914
2862,087953728,2862,088028346
2862,088268166,2862,088361359
2862,088604169,2862,088680998
2862,088921428,2862,088993383
2862,089233943,2862,089305998
2862,089553355,2862,089623350
2862,089870814,2862,089942266
2862,090182433,2862,090256938
2862,090496728,2862,090568246
2862,090824607,2862,090897926
2862,091138146,2862,091211871
2862,091451918,2862,091523950
2862,091764410,2862,091836842
2862,092080195,2862,092151217
2862,092391051,2862,092462946
2862,092702569,2862,092771638
2862,093011521,2862,093080236
2862,093319986,2862,093388465
2862,093628065,2862,093696817
2862,093936540,2862,094010469
2862,094250102,2862,094320484
2862,094560054,2862,094683817
2862,094932797,2862,095018566
2862,095259796,2862,095331132
2862,095571982,2862,095645207
2862,095885624,2862,095959406
2862,096211329,2862,096283368
2862,096523961,2862,096594800
2862,096835290,2862,096908519
2862,097149239,2862,097219561
2862,097459324,2862,097529806
2862,097769533,2862,097839111
2862,098079064,2862,098152760
2862,098392327,2862,098466715
2862,098706509,2862,098778151
2862,099017834,2862,099087992
2862,099327659,2862,099396981
2862,099636715,2862,099706176
2862,099945903,2862,100018405
2862,100258272,2862,100329521
2862,100569024,2862,100640012
2862,100879599,2862,101019393
2862,101268567,2862,101364352
2862,101605696,2862,101678014
2862,101918545,2862,101994773
2862,102235437,2862,102308672
2862,102549262,2862,102622467
2862,102862977,2862,102934016
2862,103174666,2862,103247685
2862,103488211,2862,103558380
2862,103798573,2862,103869805
2862,104128659,2862,104201531
2862,104441435,2862,104515340
2862,104755290,2862,104826609
2862,105066408,2862,105136200
2862,105376084,2862,105446836
2862,105686492,2862,105757414
2862,105997174,2862,106072783
2862,106312816,2862,106384285
2862,106624488,2862,106696670
2862,106936520,2862,107008086
2862,107247889,2862,107365269
2862,107613622,2862,107699915
2862,107941101,2862,108018854
2862,108259413,2862,108330059
2862,108570905,2862,108645167
2862,108885421,2862,108963910
2862,109203310,2862,109272985
2862,109513155,2862,109583350
2862,109823510,2862,109894716
2862,110134449,2862,110216418
2862,110456744,2862,110813457
2862,111052998,2862,111141067
2862,111380803,2862,111453232
2862,111693012,2862,111773874
2862,112016938,2862,112088927
2862,112328813,2862,112400175
2862,112640252,2862,112711660
2862,112951650,2862,113023596
2862,113263479,2862,113336851
2862,113577061,2862,113650866
2862,113890616,2862,114016186
2862,114264457,2862,114352165
2862,114593126,2862,114663978
2862,114904054,2862,114974433
2862,115214233,2862,115284408
2862,115524811,2862,115599670
2862,115839787,2862,115908638
2862,116150199,2862,116218814
2862,116460347,2862,116527956
2862,116767712,2862,116834941
2862,117074618,2862,117143020
2862,117382426,2862,117449401
2862,117688945,2862,117756993
2862,117996496,2862,118077269
2862,118316772,2862,118387214
2862,118626761,2862,118697086
2862,118936556,2862,119005828
2862,119253891,2862,119326120
2862,119565737,2862,119635552
2862,119875239,2862,119946554
2862,120189997,2862,120305830
2862,120554431,2862,120642453
2862,120883737,2862,120957279
2862,121198345,2862,121270831
2862,121511594,2862,121582096
2862,121822426,2862,121894315
2862,122134475,2862,122209160
2862,122449010,2862,122522479
2862,122762342,2862,122833644
2862,123073317,2862,123142829
2862,123382470,2862,123453942
2862,123694025,2862,123767040
2862,124018727,2862,124090759
2862,124330762,2862,124403464
2862,124643238,2862,124712973
2862,124952509,2862,125023091
2862,125262512,2862,125333097
2862,125572987,2862,125643222
2862,125882662,2862,125960371
2862,126199991,2862,126276420
2862,126516069,2862,126654466
2862,126903090,2862,127005430
2862,127247290,2862,127321448
2862,127562385,2862,127637524
2862,127878207,2862,127952019
2862,128195009,2862,128269478
2862,128509748,2862,128582210
2862,128822573,2862,128898525
2862,129138769,2862,129213911
2862,129454118,2862,129529866
2862,129769970,2862,129842102
2862,130081845,2862,130157970
2862,130397657,2862,130473309
2862,130713099,2862,130784621
2862,131024238,2862,131098643
2862,131338430,2862,131409248
2862,131648905,2862,131720911
2862,131960787,2862,132052730
2862,132292696,2862,132368448
2862,132608202,2862,132680747
2862,132920514,2862,133039893
2862,133288207,2862,133375870
2862,133617300,2862,133688071
2862,133928855,2862,134006697
2862,134247111,2862,134320483
2862,134560713,2862,134639812
2862,134879568,2862,134947266
2862,135187303,2862,135260782
2862,135501085,2862,135570207
2862,135810140,2862,135889999
2862,136134023,2862,136203518
2862,136443065,2862,136514000
2862,136753757,2862,136824465
2862,137064139,2862,137133827
2862,137373337,2862,137443936
2862,137683612,2862,137754454
2862,137993994,2862,138068830
2862,138308523,2862,138388262
2862,138627888,2862,138697614
2862,138937344,2862,139011703
2862,139251492,2862,139362025
2862,139610062,2862,139696028
2862,139937811,2862,140015853
2862,140256407,2862,140328462
2862,140568142,2862,140640268
2862,140880671,2862,140951766
2862,141191389,2862,141260555
2862,141499995,2862,141569617
2862,141809200,2862,141879992
2862,142119589,2862,142192451
2862,142431887,2862,142503463
2862,142742852,2862,142812678
2862,143052251,2862,143122027
2862,143361423,2862,143430198
2862,143669762,2862,143740394
2862,143979937,2862,144051352
2862,144291175,2862,144360307
2862,144599804,2862,144669223
2862,144908739,2862,144977398
2862,145216968,2862,145289110
2862,145528923,2862,145651193
2862,145899480,2862,145990116
2862,146231379,2862,146305795
2862,146546768,2862,146622473
2862,146863133,2862,146935575
2862,147176065,2862,147248021
2862,147513508,2862,147587213
2862,147826983,2862,147900319
2862,148142019,2862,148213147
2862,148452947,2862,148524596
2862,148764243,2862,148835748
2862,149075491,2862,149147266
2862,149386950,2862,149457165
2862,149696852,2862,149768821
2862,150008357,2862,150082936
2862,150322522,2862,150395651
2862,150635225,2862,150707000
2862,150946650,2862,151018032
2862,151257645,2862,151327187
2862,151566690,2862,151638776
2862,151878372,2862,152089868
2862,152338058,2862,152462569
2862,152703985,2862,152779544
2862,153020237,2862,153094789
2862,153335280,2862,153407388
2862,153647931,2862,153720690
2862,153960903,2862,154035879
2862,154276349,2862,154350161
2862,154590531,2862,154664516
2862,154904583,2862,154976268
2862,155216395,2862,155287820
2862,155527924,2862,155599339
2862,155838979,2862,155909134
2862,156152281,2862,156223440
2862,156463286,2862,156534818
2862,156774455,2862,156846487
2862,157086040,2862,157157026
2862,157396912,2862,157469154
2862,157708884,2862,157780673
2862,158020396,2862,158095575
2862,158335434,2862,158455768
2862,158703875,2862,158791334
2862,159032457,2862,159103669
2862,159344002,2862,159414388
2862,159654938,2862,159726923
2862,159967370,2862,160047805
2862,160295019,2862,160367477
2862,160607667,2862,160678069
2862,160918136,2862,160989698
2862,161229275,2862,161301117
2862,161540880,2862,161613685
2862,161853512,2862,161926378
2862,162173701,2862,162250637
2862,162490343,2862,162568819
2862,162808428,2862,162878190
2862,163117741,2862,163187396
2862,163427099,2862,163500098
2862,163746851,2862,163824230
2862,164064410,2862,164135659
2862,164375129,2862,164448061
2862,164687530,2862,164798377
2862,165046164,2862,165130813
2862,165372816,2862,165443888
2862,165684578,2862,165756114
2862,165995867,2862,166069265
2862,166309519,2862,166380617
2862,166620678,2862,166689266
2862,166928759,2862,166999048
2862,167238575,2862,167308483
2862,167548070,2862,167617731
2862,167857308,2862,167927084
2862,168170820,2862,168242019
2862,168481629,2862,168553364
2862,168793008,2862,168863276
2862,169102993,2862,169173508
2862,169413088,2862,169482647
2862,169722063,2862,169793249
2862,170032748,2862,170105930
2862,170345487,2862,170414043
2862,170653456,2862,170722628
2862,170962078,2862,171082348
2862,171330884,2862,171415700
2862,171657167,2862,171738366
2862,171978709,2862,172063425
2862,172303965,2862,172378734
2862,172619410,2862,172691772
2862,172931576,2862,173002551
2862,173242528,2862,173314710
2862,173554783,2862,173627775
2862,173867702,2862,173939524
2862,174179684,2862,174254022
2862,174493716,2862,174566798
2862,174806481,2862,174879567
2862,175119096,2862,175189698
2862,175429382,2862,175501854
2862,175759664,2862,175835153
2862,176086617,2862,176160819
2862,176400582,2862,176471767
2862,176712277,2862,176784429
2862,177024052,2862,177096821
2862,177336555,2862,177471722
2862,177720432,2862,177807551
2862,178049084,2862,178127327
2862,178368056,2862,178438752
2862,178679085,2862,178752837
2862,178993234,2862,179065049
2862,179305385,2862,179376511
2862,179616791,2862,179691570
2862,179931370,2862,180024242
2862,180264749,2862,180338181
2862,180577831,2862,180650970
2862,180890653,2862,180963138
2862,181202842,2862,181275717
2862,181515180,2862,181585905
2862,181825589,2862,181895247
2862,182134908,2862,182209930
2862,182449579,2862,182521668
2862,182761295,2862,182835787
2862,183075504,2862,183146306
2862,183385975,2862,183457837
2862,183697414,2862,183813344
2862,184065554,2862,184151344
2862,184392843,2862,184467369
2862,184708042,2862,184778237
2862,185025651,2862,185097243
2862,185344683,2862,185415035
2862,185655448,2862,185726060
2862,185966384,2862,186043119
2862,186283239,2862,186355481
2862,186595317,2862,186673900
2862,186913893,2862,186984238
2862,187230879,2862,187299787
2862,187539260,2862,187613609
2862,187853269,2862,187925118
2862,188168725,2862,188243443
2862,188483413,2862,188555015
2862,188794885,2862,188865444
2862,189105384,2862,189183549
2862,189423183,2862,189497515
2862,189737094,2862,189808296
2862,190048067,2862,190170720
2862,190425590,2862,190513873
2862,190754913,2862,190830718
2862,191071421,2862,191144380
2862,191384967,2862,191456426
2862,191696926,2862,191767341
2862,192011668,2862,192084670
2862,192325016,2862,192395942
2862,192635929,2862,192705964
2862,192945924,2862,193016339
2862,193256379,2862,193328694
2862,193568968,2862,193640350
2862,193879903,2862,193950518
2862,194190208,2862,194262590
2862,194502207,2862,194573096
2862,194812565,2862,194883394
2862,195123028,2862,195191566
2862,195430939,2862,195500681
2862,195740341,2862,195810313
2862,196052893,2862,196122335
2862,196361052,2862,196483135
2862,196731769,2862,196819425
2862,197060818,2862,197133243
2862,197373890,2862,197448742
2862,197689165,2862,197757337
2862,197997777,2862,198074916
2862,198314636,2862,198387344
2862,198627981,2862,198698603
2862,198938930,2862,199009311
2862,199248918,2862,199316457
2862,199556253,2862,199627522
2862,199867572,2862,199941361
2862,200182391,2862,200254523
2862,200494756,2862,200568691
2862,200808588,2862,200881647
2862,201122244,2862,201195576
2862,201435686,2862,201507901
2862,201747824,2862,201819666
2862,202059593,2862,202133872
2862,202373675,2862,202445670
2862,202685520,2862,202823124
2862,203071628,2862,203165540
2862,203406773,2862,203478189
2862,203719079,2862,203791734
2862,204061585,2862,204140814
2862,204381224,2862,204453236
2862,204693466,2862,204764825
2862,205004981,2862,205076120
2862,205316813,2862,205389248
2862,205629349,2862,205699724
2862,205939417,2862,206013543
2862,206253356,2862,206324024
2862,206563628,2862,206635790
2862,206875560,2862,206947615
2862,207187548,2862,207259074
2862,207498941,2862,207567063
2862,207807049,2862,207878694
2862,208121798,2862,208194720
2862,208434570,2862,208505352
2862,208745265,2862,208817270
2862,209056887,2862,209175320
2862,209423730,2862,209511513
2862,209752759,2862,209824625
2862,210072292,2862,210148114
2862,210388724,2862,210459603
2862,210706883,2862,210787158
2862,211026921,2862,211097063
2862,211336750,2862,211406822
2862,211646835,2862,211719597
2862,211966307,2862,212042093
2862,212288946,2862,212362755
2862,212602735,2862,212673950
2862,212913754,2862,212985736
2862,213233096,2862,213309408
2862,213549228,2862,213619650
2862,213866403,2862,213935949
2862,214175556,2862,214248188
2862,214487624,2862,214559229
2862,214798956,2862,214868878
2862,215115265,2862,215184120
2862,215430564,2862,215531613
2862,215786777,2862,215873456
2862,216118629,2862,216187608
2862,216428234,2862,216498796
2862,216746650,2862,216815925
2862,217057182,2862,217127817
2862,217375094,2862,217444096
2862,217691333,2862,217761638
2862,218002008,2862,218074370
2862,218314220,2862,218383482
2862,218630092,2862,218698521
2862,218945321,2862,219013153
2862,219252626,2862,219322338
2862,219568948,2862,219639790
2862,219879380,2862,219949625
2862,220199012,2862,220269161
2862,220508817,2862,220578783
2862,220825500,2862,220895332
2862,221141878,2862,221210483
2862,221449997,2862,221523579
2862,221763299,2862,221884652
2862,222140099,2862,222231789
2862,222473265,2862,222548854
2862,222789250,2862,222863903
2862,223111429,2862,223184341
2862,223424742,2862,223497120
2862,223744161,2862,223811716
2862,224063466,2862,224139118
2862,224386582,2862,224460114
2862,224706924,2862,224782413
2862,225022236,2862,225092488
2862,225332121,2862,225403880
2862,225643890,2862,225716902
2862,225964435,2862,226041471
2862,226281337,2862,226354989
2862,226601690,2862,226672942
2862,226912635,2862,226984167
2862,227223717,2862,227294119
2862,227533652,2862,227604021
2862,227850621,2862,227921803
2862,228171774,2862,228307234
2862,228555874,2862,228642733
2862,228884133,2862,228958082
2862,229198485,2862,229273357
2862,229513607,2862,229586686
2862,229827102,2862,229900905
2862,230141291,2862,230219073
2862,230459370,2862,230531909
2862,230772032,2862,230844634
2862,231084330,2862,231156022
2862,231395716,2862,231468525
2862,231708141,2862,231779940
2862,232031907,2862,232103205
2862,232359673,2862,232433398
2862,232674231,2862,232749773
2862,232989697,2862,233063192
2862,233303202,2862,233375004
2862,233615177,2862,233685523
2862,233925186,2862,233999318
2862,234239065,2862,234311797
2862,234551463,2862,234671220
2862,234919684,2862,235007153
2862,235248213,2862,235321902
2862,235562275,2862,235634330
2862,235874790,2862,235947885
2862,236194102,2862,236275714
2862,236516065,2862,236586980
2862,236827423,2862,236899932
2862,237146988,2862,237221061
2862,237460964,2862,237539926
2862,237779600,2862,237853008
2862,238099845,2862,238175541
2862,238422451,2862,238496213
2862,238736466,2862,238807624
2862,239047278,2862,239119563
2862,239359100,2862,239429615
2862,239669145,2862,239739780
2862,239979450,2862,240061986
2862,240308616,2862,240378158
2862,240624931,2862,240695303
2862,240934860,2862,241041340
2862,241296813,2862,241384979
2862,241626552,2862,241698834
2862,241939318,2862,242014630
2862,242262124,2862,242334416
2862,242581659,2862,242652885
2862,242893338,2862,242962643
2862,243202803,2862,243274878
2862,243522105,2862,243592141
2862,243839074,2862,243910656
2862,244153733,2862,244224031
2862,244471211,2862,244540403
2862,244894270,2862,245006353
2862,245253147,2862,245324169
2862,245564622,2862,245634454
2862,245881607,2862,245959913
2862,246206846,2862,246282732
2862,246522988,2862,246594860
2862,246834621,2862,246905396
2862,247152070,2862,247219755
2862,247466491,2862,247582431
2862,247830988,2862,247919187
2862,248165118,2862,248241550
2862,248482470,2862,248554472
2862,248801745,2862,248874557
2862,249114887,2862,249185666
2862,249433153,2862,249506388
2862,249753608,2862,249825204
2862,250065066,2862,250139555
2862,250379535,2862,250452844
2862,250699501,2862,250770493
2862,251017280,2862,251088668
2862,251328298,2862,251399730
2862,251646264,2862,251720999
2862,251961416,2862,252038681
2862,252278541,2862,252351767
2862,252598480,2862,252670742
2862,252917412,2862,252989167
2862,253228684,2862,253299520
2862,253539196,2862,253609805
2862,253849295,2862,253989699
2862,254238496,2862,254338262
2862,254579655,2862,254653480
2862,254894114,2862,254966176
2862,255206413,2862,255278121
2862,255518464,2862,255594207
2862,255834523,2862,255906342
2862,256151215,2862,256225441
2862,256465258,2862,256536873
2862,256776626,2862,256846188
2862,257085868,2862,257157500
2862,257397443,2862,257470995
2862,257711048,2862,257782030
2862,258021697,2862,258096016
2862,258335799,2862,258406971
2862,258646684,2862,258717026
2862,258956773,2862,259026961
2862,259266615,2862,259339793
2862,259579317,2862,259649789
2862,259889305,2862,259960694
2862,260203881,2862,260327047
2862,260575334,2862,260661770
2862,260912471,2862,260986506
2862,261227072,2862,261296761
2862,261537184,2862,261609690
2862,261850953,2862,261931535
2862,262171849,2862,262246618
2862,262486661,2862,262556263
2862,262796419,2862,262870551
2862,263110295,2862,263181280
2862,263420947,2862,263501236
2862,263741329,2862,263811214
2862,264055491,2862,264127736
2862,264367470,2862,264447392
2862,264687105,2862,264758877
2862,264998564,2862,265070332
2862,265309786,2862,265379815
2862,265619438,2862,265698340
2862,265937953,2862,266012565
2862,266252102,2862,266324831
2862,266564367,2862,266664690
2862,266913183,2862,267000306
