2840,306826212,2840,307003442
2840,307235296,2840,307378775
2840,307566024,2840,307703734
2840,307891120,2840,308032003
2840,308219214,2840,308353614
2840,308540975,2840,308681946
2840,308869241,2840,309002241
2840,309189099,2840,309324282
2840,309511140,2840,309591142
2840,309771940,2840,309839295
2840,310019257,2840,310125189
2840,310307274,2840,310409083
2840,310591208,2840,310660666
2840,310840844,2840,310909776
2840,311089520,2840,311164316
2840,311344110,2840,311411115
2840,311590833,2840,311656805
2840,311836723,2840,311905468
2840,312087256,2840,312262538
2840,312458814,2840,312560080
2840,312741302,2840,312815751
2840,312996363,2840,313074765
2840,313254894,2840,313326933
2840,313507022,2840,313580734
2840,313760879,2840,313844658
2840,314024613,2840,314103906
2840,314284025,2840,314362393
2840,314542299,2840,314615458
2840,314795523,2840,314867275
2840,315047177,2840,315120179
2840,315300035,2840,315374177
2840,315554095,2840,315626061
2840,315806210,2840,315878245
2840,316062607,2840,316136376
2840,316316492,2840,316390354
2840,316570413,2840,316642922
2840,316823011,2840,316896497
2840,317076413,2840,317148588
2840,317328447,2840,317459822
2840,317654058,2840,317745011
2840,317926656,2840,318010295
2840,318191078,2840,318268437
2840,318456230,2840,318538532
2840,318718948,2840,318797030
2840,318976986,2840,319048418
2840,319228794,2840,319301266
2840,319481912,2840,319559908
2840,319739610,2840,319866901
2840,320067020,2840,320219122
2840,320406017,2840,320488983
2840,320670448,2840,320742640
2840,320923709,2840,320999858
2840,321180167,2840,321250892
2840,321431628,2840,321505390
2840,321685848,2840,321757650
2840,321937939,2840,322019455
2840,322199497,2840,322273713
2840,322453791,2840,322523877
2840,322703702,2840,322776394
2840,322956143,2840,323025522
2840,323205260,2840,323273789
2840,323453434,2840,323521570
2840,323701125,2840,323768250
2840,323947915,2840,324029264
2840,324209069,2840,324277881
2840,324457663,2840,324526421
2840,324706390,2840,324823056
2840,325019489,2840,325107794
2840,325289126,2840,325365204
2840,325545839,2840,325629779
2840,325810183,2840,325884519
2840,326064470,2840,326145146
2840,326325024,2840,326400273
2840,326580311,2840,326655964
2840,326836115,2840,326907800
2840,327087385,2840,327162511
2840,327342102,2840,327413474
2840,327593199,2840,327669028
2840,327849140,2840,327921645
2840,328113060,2840,328185586
2840,328365390,2840,328438566
2840,328618264,2840,328690686
2840,328870614,2840,328944563
2840,329124234,2840,329195323
2840,329374891,2840,329445746
2840,329625425,2840,329697183
2840,329877205,2840,330006338
2840,330196530,2840,330282319
2840,330462541,2840,330538780
2840,330719065,2840,330798757
2840,331003779,2840,331082014
2840,331262566,2840,331336978
2840,331517246,2840,331591145
2840,331771350,2840,331843818
2840,332036254,2840,332110476
2840,332290217,2840,332363816
2840,332543657,2840,332613546
2840,332793514,2840,332868263
2840,333048284,2840,333119280
2840,333299241,2840,333369033
2840,333548825,2840,333619797
2840,333799881,2840,333871690
2840,334051598,2840,334130117
2840,334309878,2840,334384210
2840,334563982,2840,334635947
2840,334815686,2840,334890074
2840,335070116,2840,335191929
2840,335380918,2840,335470070
2840,335651265,2840,335726531
2840,335906845,2840,335987224
2840,336172503,2840,336249935
2840,336430476,2840,336503092
2840,336683223,2840,336756142
2840,336943157,2840,337019606
2840,337199764,2840,337271553
2840,337458371,2840,337531267
2840,337717978,2840,337789054
2840,337968829,2840,338049401
2840,338229186,2840,338304812
2840,338484846,2840,338556442
2840,338743220,2840,338821362
2840,339001417,2840,339073439
2840,339253348,2840,339325246
2840,339505225,2840,339578460
2840,339765125,2840,339836704
2840,340017615,2840,340105251
2840,340285206,2840,340369335
2840,340551934,2840,340630966
2840,340810274,2840,340880096
2840,341058888,2840,341129513
2840,341315015,2840,341384057
2840,341569462,2840,341637660
2840,341816115,2840,341884287
2840,342069806,2840,342143551
2840,342321926,2840,342390368
2840,342575923,2840,342644989
2840,342823583,2840,342891055
2840,343076584,2840,343145006
2840,343330388,2840,343396773
2840,343575288,2840,343643796
2840,343822215,2840,343889307
2840,344076582,2840,344148914
2840,344329295,2840,344400121
2840,344580302,2840,344650974
2840,344838136,2840,344911262
2840,345091250,2840,345161042
2840,345340917,2840,345455000
2840,345650812,2840,345741658
2840,345923133,2840,346005702
2840,346193234,2840,346269876
2840,346450298,2840,346523636
2840,346704188,2840,346778343
2840,346965625,2840,347048241
2840,347228456,2840,347304132
2840,347491383,2840,347566185
2840,347753497,2840,347833293
2840,348024852,2840,348099547
2840,348279722,2840,348356787
2840,348544072,2840,348616944
2840,348804463,2840,348878999
2840,349059370,2840,349134242
2840,349321618,2840,349397123
2840,349577135,2840,349648773
2840,349835988,2840,349913714
2840,350093629,2840,350171941
2840,350358860,2840,350432569
2840,350619420,2840,350752197
2840,350947079,2840,351035662
2840,351216887,2840,351293482
2840,351473951,2840,351547949
2840,351728348,2840,351803860
2840,351984242,2840,352059250
2840,352239279,2840,352311681
2840,352491869,2840,352563951
2840,352744123,2840,352817981
2840,352998080,2840,353072985
2840,353252947,2840,353326309
2840,353505977,2840,353579636
2840,353759267,2840,353831373
2840,354029851,2840,354110757
2840,354290842,2840,354365667
2840,354546076,2840,354620448
2840,354800319,2840,354873168
2840,355053136,2840,355126018
2840,355305763,2840,355384046
2840,355564031,2840,355637499
2840,355818594,2840,355928374
2840,356120159,2840,356209472
2840,356390907,2840,356463465
2840,356644110,2840,356717459
2840,356897827,2840,356974416
2840,357161528,2840,357233063
2840,357413078,2840,357485440
2840,357672349,2840,357751731
2840,357939906,2840,358021185
2840,358200973,2840,358271979
2840,358451777,2840,358522722
2840,358702484,2840,358775289
2840,358955354,2840,359029333
2840,359209551,2840,359281833
2840,359461791,2840,359535203
2840,359715218,2840,359794291
2840,359973956,2840,360048864
2840,360229019,2840,360306182
2840,360494073,2840,360566515
2840,360746270,2840,360817569
2840,360997181,2840,361109734
2840,361297915,2840,361381528
2840,361562660,2840,361639169
2840,361826804,2840,361899359
2840,362080017,2840,362160626
2840,362348025,2840,362420080
2840,362600075,2840,362671347
2840,362858526,2840,362929204
2840,363109166,2840,363182601
2840,363369750,2840,363442725
2840,363629997,2840,363701686
2840,363881331,2840,363952929
2840,364137048,2840,364208890
2840,364395601,2840,364466607
2840,364653135,2840,364724161
2840,364903976,2840,364973474
2840,365160216,2840,365229951
2840,365409723,2840,365479945
2840,365659600,2840,365731102
2840,365918157,2840,365995650
2840,366182481,2840,366292094
2840,366494133,2840,366584622
2840,366766074,2840,366842596
2840,367023181,2840,367096103
2840,367283658,2840,367360581
2840,367547859,2840,367621661
2840,367801810,2840,367881295
2840,368087308,2840,368163803
2840,368343958,2840,368422487
2840,368602792,2840,368676634
2840,368863875,2840,368937391
2840,369124083,2840,369197561
2840,369384207,2840,369456842
2840,369636530,2840,369711142
2840,369890844,2840,369969806
2840,370156408,2840,370228890
2840,370408482,2840,370479560
2840,370666172,2840,370738011
2840,370924842,2840,370995884
2840,371175576,2840,371248871
2840,371428620,2840,371561254
2840,371756342,2840,371846135
2840,372032073,2840,372113425
2840,372294504,2840,372369756
2840,372550214,2840,372625646
2840,372805814,2840,372885140
2840,373065438,2840,373139774
2840,373319846,2840,373393741
2840,373573783,2840,373654415
2840,373834313,2840,373906515
2840,374086300,2840,374164592
2840,374344271,2840,374417893
2840,374597858,2840,374670193
2840,374849911,2840,374927737
2840,375107348,2840,375186004
2840,375365999,2840,375439634
2840,375619609,2840,375696962
2840,375876780,2840,375948992
2840,376132280,2840,376207729
2840,376387851,2840,376462596
2840,376642345,2840,376753614
2840,376942529,2840,377036835
2840,377228887,2840,377306886
2840,377487521,2840,377570177
2840,377750282,2840,377823854
2840,378004159,2840,378080837
2840,378260986,2840,378334835
2840,378514753,2840,378595169
2840,378774917,2840,378846799
2840,379026447,2840,379102976
2840,379282804,2840,379353683
2840,379533471,2840,379611640
2840,379791492,2840,379863547
2840,380044002,2840,380116681
2840,380296342,2840,380368588
2840,380548233,2840,380621481
2840,380801046,2840,380873735
2840,381053360,2840,381124495
2840,381304107,2840,381376326
2840,381555911,2840,381633389
2840,381812888,2840,381923354
2840,382111389,2840,382202972
2840,382384367,2840,382459149
2840,382639664,2840,382718633
2840,382898784,2840,382972326
2840,383152605,2840,383225807
2840,383406042,2840,383478177
2840,383665145,2840,383737504
2840,383924329,2840,383995458
2840,384175380,2840,384248135
2840,384428487,2840,384505142
2840,384685677,2840,384757733
2840,384944754,2840,385018173
2840,385197968,2840,385276657
2840,385456852,2840,385526151
2840,385705946,2840,385775557
2840,385955116,2840,386028208
2840,386207539,2840,386277585
2840,386464196,2840,386532522
2840,386719187,2840,386788532
2840,386968224,2840,387082740
2840,387278002,2840,387368065
2840,387549636,2840,387624992
2840,387812500,2840,387886099
2840,388077724,2840,388153166
2840,388340988,2840,388414537
2840,388594812,2840,388671328
2840,388851656,2840,388933501
2840,389113790,2840,389189022
2840,389376357,2840,389449726
2840,389636768,2840,389708466
2840,389888321,2840,389979030
2840,390159049,2840,390234787
2840,390421803,2840,390493965
2840,390674020,2840,390749962
2840,390937010,2840,391011676
2840,391198488,2840,391269886
2840,391449891,2840,391523310
2840,391703298,2840,391773817
2840,391960739,2840,392041597
2840,392221792,2840,392356483
2840,392545888,2840,392636834
2840,392818009,2840,392892631
2840,393072920,2840,393144945
2840,393325397,2840,393401142
2840,393581457,2840,393655849
2840,393843234,2840,393918806
2840,394105952,2840,394185904
2840,394365962,2840,394438624
2840,394618376,2840,394690685
2840,394870376,2840,394944242
2840,395130930,2840,395202135
2840,395381847,2840,395456332
2840,395643174,2840,395716856
2840,395896728,2840,395970800
2840,396169889,2840,396244081
2840,396424129,2840,396497675
2840,396677583,2840,396759135
2840,396946044,2840,397020486
2840,397200394,2840,397274279
2840,397454111,2840,397570551
2840,397759383,2840,397846818
2840,398028200,2840,398109032
2840,398289481,2840,398369650
2840,398550111,2840,398626230
2840,398806902,2840,398878514
2840,399058712,2840,399133361
2840,399313733,2840,399394105
2840,399574423,2840,399646525
2840,399826487,2840,399898839
2840,400083614,2840,400155152
2840,400344037,2840,400420176
2840,400599984,2840,400678497
2840,400858435,2840,400930377
2840,401110375,2840,401181134
2840,401361056,2840,401442365
2840,401622213,2840,401694465
2840,401874437,2840,401962539
2840,402142407,2840,402217163
2840,402397008,2840,402479996
2840,402659921,2840,402763454
2840,402951609,2840,403044526
2840,403225894,2840,403299169
2840,403479511,2840,403550043
2840,403730528,2840,403801423
2840,403989065,2840,404061594
2840,404248532,2840,404320124
2840,404500549,2840,404571598
2840,404751713,2840,404823375
2840,405003453,2840,405074405
2840,405261443,2840,405330852
2840,405510970,2840,405581222
2840,405767814,2840,405838706
2840,406018341,2840,406092723
2840,406279539,2840,406348997
2840,406529022,2840,406601804
2840,406788703,2840,406861758
2840,407048280,2840,407124065
2840,407303850,2840,407373642
2840,407553547,2840,407623729
2840,407810381,2840,407925341
2840,408124373,2840,408220079
2840,408401601,2840,408478043
2840,408658705,2840,408737294
2840,408917469,2840,408994204
2840,409174916,2840,409248504
2840,409428816,2840,409509365
2840,409696560,2840,409768169
2840,409955114,2840,410033963
2840,410214198,2840,410288803
2840,410468585,2840,410539357
2840,410718999,2840,410791394
2840,410978056,2840,411050218
2840,411230206,2840,411303398
2840,411483283,2840,411556052
2840,411735660,2840,411808069
2840,411987914,2840,412065376
2840,412246387,2840,412321579
2840,412508391,2840,412578807
2840,412765519,2840,412837004
2840,413016462,2840,413141726
2840,413336611,2840,413422890
2840,413604075,2840,413679577
2840,413860146,2840,413936181
2840,414123416,2840,414201268
2840,414388503,2840,414461395
2840,414641767,2840,414715706
2840,414895934,2840,414972623
2840,415152691,2840,415226647
2840,415406565,2840,415480284
2840,415659925,2840,415733481
2840,415920469,2840,415994588
2840,416177730,2840,416251958
2840,416431933,2840,416505852
2840,416685730,2840,416760712
2840,416947777,2840,417023693
2840,417210601,2840,417286293
2840,417465852,2840,417537797
2840,417717512,2840,417789831
2840,417976783,2840,418054058
2840,418240827,2840,418359616
2840,418548361,2840,418644791
2840,418826066,2840,418900655
2840,419080983,2840,419162008
2840,419341900,2840,419414479
2840,419594704,2840,419669342
2840,419849491,2840,419923143
2840,420115865,2840,420187937
2840,420368259,2840,420440891
2840,420620702,2840,420693624
2840,420873329,2840,420944068
2840,421123996,2840,421203279
2840,421383054,2840,421455326
2840,421635427,2840,421708159
2840,421888064,2840,421965766
2840,422145675,2840,422229533
2840,422409202,2840,422483724
2840,422663802,2840,422736251
2840,422916056,2840,422998542
2840,423178420,2840,423260289
2840,423449864,2840,423547207
2840,423730515,2840,423808214
2840,423989009,2840,424060468
2840,424240929,2840,424319455
2840,424499720,2840,424573002
2840,424753394,2840,424827839
2840,425007467,2840,425079886
2840,425259961,2840,425332020
2840,425518795,2840,425589814
2840,425776939,2840,425860604
2840,426040489,2840,426118931
2840,426298973,2840,426372842
2840,426552860,2840,426623565
2840,426803260,2840,426872572
2840,427059198,2840,427127609
2840,427314258,2840,427383063
2840,427562972,2840,427633424
2840,427812875,2840,427883037
2840,428072709,2840,428143764
2840,428330673,2840,428400362
2840,428580170,2840,428694880
2840,428889972,2840,428977528
2840,429159129,2840,429233138
2840,429413663,2840,429489785
2840,429670850,2840,429743762
2840,429931324,2840,430007023
2840,430193828,2840,430267143
2840,430447191,2840,430520793
2840,430700805,2840,430776537
2840,430956639,2840,431029471
2840,431216409,2840,431290448
2840,431470426,2840,431548212
2840,431734861,2840,431806139
2840,431986054,2840,432060013
2840,432239638,2840,432310316
2840,432496905,2840,432569424
2840,432756035,2840,432832224
2840,433019003,2840,433090028
2840,433269753,2840,433343155
2840,433522893,2840,433595699
2840,433782467,2840,433909677
2840,434104553,2840,434199455
2840,434380747,2840,434458096
2840,434638531,2840,434712820
2840,434893455,2840,434969397
2840,435149605,2840,435223047
2840,435403159,2840,435476758
2840,435663796,2840,435737468
2840,435924877,2840,435997539
2840,436233059,2840,436312228
2840,436492403,2840,436569071
2840,436755853,2840,436832032
2840,437012333,2840,437088495
2840,437275611,2840,437349066
2840,437535918,2840,437608437
2840,437788362,2840,437860737
2840,438040532,2840,438119684
2840,438306476,2840,438380578
2840,438567220,2840,438648015
2840,438827603,2840,438900072
2840,439086781,2840,439216881
2840,439405916,2840,439495246
2840,439676411,2840,439751116
2840,439931488,2840,440028710
2840,440210075,2840,440283827
2840,440463879,2840,440537414
2840,440717273,2840,440789125
2840,440969016,2840,441053485
2840,441233544,2840,441308892
2840,441488791,2840,441560046
2840,441739488,2840,441810400
2840,441990045,2840,442070737
2840,442250522,2840,442321584
2840,442501175,2840,442572214
2840,442751802,2840,442824061
2840,443003643,2840,443075291
2840,443255103,2840,443325965
2840,443505737,2840,443579479
2840,443759214,2840,443830842
2840,444013807,2840,444086339
2840,444266128,2840,444361301
2840,444544412,2840,444624478
2840,444805086,2840,444882931
2840,445063260,2840,445136595
2840,445317163,2840,445386905
2840,445567250,2840,445645726
2840,445832768,2840,445903790
2840,446083715,2840,446160444
2840,446340559,2840,446410737
2840,446620690,2840,446694842
2840,446875017,2840,446946369
2840,447126267,2840,447199776
2840,447379774,2840,447453293
2840,447633328,2840,447702720
2840,447882341,2840,447950293
2840,448133185,2840,448201660
2840,448381412,2840,448454240
2840,448633939,2840,448703864
2840,448883542,2840,448953438
2840,449133329,2840,449201375
2840,449381066,2840,449496319
2840,449692108,2840,449778791
2840,449960046,2840,450038878
2840,450219313,2840,450293265
2840,450473730,2840,450546065
2840,450726543,2840,450801245
2840,450981297,2840,451053062
2840,451232877,2840,451308179
2840,451495135,2840,451569460
2840,451749398,2840,451821420
2840,452023406,2840,452099281
2840,452279366,2840,452355145
2840,452535423,2840,452609205
2840,452789354,2840,452862909
2840,453042941,2840,453115909
2840,453295988,2840,453370903
2840,453550971,2840,453623660
2840,453803818,2840,453874550
2840,454054202,2840,454131347
2840,454311109,2840,454384131
2840,454563863,2840,454697363
2840,454892185,2840,454980784
2840,455161986,2840,455237868
2840,455418087,2840,455491049
2840,455671450,2840,455745236
2840,455925411,2840,456022090
2840,456202788,2840,456277144
2840,456457012,2840,456531117
2840,456711086,2840,456783108
2840,456963026,2840,457034865
2840,457214660,2840,457286705
2840,457466167,2840,457538845
2840,457718387,2840,457790582
2840,457970501,2840,458045996
2840,458225454,2840,458296586
2840,458476398,2840,458546517
2840,458726135,2840,458798730
2840,458978495,2840,459048444
2840,459227999,2840,459300547
2840,459480112,2840,459549821
2840,459729466,2840,459845599
2840,460038311,2840,460127810
2840,460309315,2840,460387401
2840,460567843,2840,460648635
2840,460828947,2840,460900522
2840,461080990,2840,461157926
2840,461337957,2840,461411686
2840,461591464,2840,461670690
2840,461850535,2840,461921133
2840,462101108,2840,462178854
2840,462358386,2840,462430251
2840,462609859,2840,462687828
2840,462867440,2840,462941782
2840,463121610,2840,463193122
2840,463372697,2840,463445293
2840,463625098,2840,463705310
2840,463884852,2840,463958104
2840,464140959,2840,464212877
2840,464392442,2840,464464188
2840,464643743,2840,464723828
2840,464903410,2840,465013459
2840,465201711,2840,465286903
2840,465467908,2840,465539317
2840,465719459,2840,465788631
2840,465968202,2840,466044221
2840,466223743,2840,466294391
2840,466473866,2840,466542095
2840,466721793,2840,466792015
2840,466971537,2840,467040972
2840,467220567,2840,467293246
2840,467472777,2840,467543619
2840,467723661,2840,467797946
2840,467977425,2840,468048593
2840,468230228,2840,468301504
2840,468481265,2840,468552037
2840,468731699,2840,468800767
2840,468980339,2840,469051844
2840,469231459,2840,469301564
2840,469496863,2840,469567412
2840,469747224,2840,469816642
2840,469996074,2840,470113730
2840,470309215,2840,470397972
2840,470579473,2840,470654439
2840,470834637,2840,470913826
2840,471094227,2840,471166206
2840,471346534,2840,471418350
2840,471598851,2840,471673203
2840,471853432,2840,471939627
2840,472120806,2840,472192378
2840,472372322,2840,472447455
2840,472627830,2840,472699362
2840,472879123,2840,472951769
2840,473131770,2840,473202832
2840,473382571,2840,473453563
2840,473633421,2840,473705333
2840,473885068,2840,473972844
2840,474152626,2840,474224678
2840,474404249,2840,474476725
2840,474656496,2840,474726638
2840,474906286,2840,474980279
2840,475159960,2840,475294130
2840,475489093,2840,475577595
2840,475759150,2840,475836359
2840,476028641,2840,476103523
2840,476283921,2840,476359793
2840,476539895,2840,476611500
2840,476791052,2840,476864841
2840,477044942,2840,477118088
2840,477298039,2840,477369631
2840,477549196,2840,477619178
2840,477798827,2840,477871159
2840,478050977,2840,478127112
2840,478306687,2840,478378083
2840,478557688,2840,478630176
2840,478809675,2840,478882070
2840,479061828,2840,479133774
2840,479313415,2840,479387847
2840,479567296,2840,479638864
2840,479818299,2840,479891081
2840,480081120,2840,480158019
2840,480337724,2840,480462957
2840,480651812,2840,480743015
2840,480924123,2840,480997429
2840,481177577,2840,481249769
2840,481430101,2840,481510030
2840,481690275,2840,481764250
2840,481944425,2840,482022890
2840,482202952,2840,482284337
2840,482464302,2840,482536424
2840,482716459,2840,482788455
2840,482968623,2840,483038312
2840,483218110,2840,483290435
2840,483470024,2840,483540689
2840,483720424,2840,483792503
2840,483972358,2840,484055543
2840,484235475,2840,484307067
2840,484486808,2840,484556394
2840,484735989,2840,484809261
2840,484988992,2840,485061581
2840,485241133,2840,485317825
2840,485497460,2840,485603463
2840,485791515,2840,485878274
2840,486059302,2840,486141244
2840,486321456,2840,486394565
2840,486574263,2840,486645678
2840,486825140,2840,486896252
2840,487075860,2840,487145102
2840,487324884,2840,487394753
2840,487574454,2840,487643653
2840,487823258,2840,487899880
2840,488083378,2840,488152140
2840,488332019,2840,488403087
2840,488582989,2840,488652731
2840,488832379,2840,488902204
2840,489081749,2840,489150878
2840,489330523,2840,489401441
2840,489581213,2840,489650498
2840,489829873,2840,489899265
2840,490078927,2840,490152532
2840,490332130,2840,490402112
2840,490581697,2840,490696374
2840,490891219,2840,490978235
2840,491159657,2840,491234915
2840,491415200,2840,491486962
2840,491667391,2840,491746243
2840,491926821,2840,492020361
2840,492201172,2840,492277448
2840,492475496,2840,492550785
2840,492731080,2840,492804442
2840,492984347,2840,493056036
2840,493236094,2840,493311206
2840,493491288,2840,493569207
2840,493749239,2840,493821267
2840,494000909,2840,494076994
2840,494256609,2840,494328761
2840,494508420,2840,494580318
2840,494759873,2840,494830962
2840,495010674,2840,495080986
2840,495260611,2840,495335713
2840,495515314,2840,495586666
2840,495766621,2840,495900265
2840,496099047,2840,496187493
2840,496368798,2840,496444757
2840,496624988,2840,496698550
2840,496879192,2840,496954401
2840,497134439,2840,497209465
2840,497389246,2840,497463098
2840,497642876,2840,497717099
2840,497897477,2840,497975602
2840,498155301,2840,498228069
2840,498407684,2840,498483790
2840,498663465,2840,498735707
2840,498915322,2840,498986427
2840,499165945,2840,499238424
2840,499417959,2840,499490351
2840,499669866,2840,499742061
2840,499921753,2840,499996448
2840,500176050,2840,500249709
2840,500429730,2840,500511949
2840,500691977,2840,500763503
2840,500943218,2840,501063911
2840,501252653,2840,501339835
2840,501521267,2840,501595262
2840,501782464,2840,501862143
2840,502042395,2840,502121784
2840,502302182,2840,502375874
2840,502556006,2840,502627738
2840,502814823,2840,502888205
2840,503068143,2840,503139802
2840,503326607,2840,503401809
2840,503581547,2840,503651823
2840,503831484,2840,503911507
2840,504095842,2840,504166980
2840,504346882,2840,504415281
2840,504595056,2840,504669641
2840,504849266,2840,504926605
2840,505106237,2840,505179465
2840,505359000,2840,505437469
2840,505624034,2840,505699090
2840,505878755,2840,505963030
2840,506149866,2840,506263969
2840,506451897,2840,506538953
2840,506719861,2840,506791160
2840,506970862,2840,507043547
2840,507223312,2840,507293034
2840,507472465,2840,507541611
2840,507720896,2840,507790224
2840,507969733,2840,508040648
2840,508220276,2840,508295138
2840,508474590,2840,508544432
2840,508723897,2840,508792686
2840,508972187,2840,509042513
2840,509221987,2840,509290273
2840,509469671,2840,509538949
2840,509718404,2840,509785959
2840,509965231,2840,510039163
2840,510218525,2840,510286553
2840,510466242,2840,510535157
2840,510714622,2840,510786177
2840,510965652,2840,511034241
2840,511213516,2840,511328482
2840,511523614,2840,511613467
2840,511794639,2840,511869434
2840,512054992,2840,512132891
2840,512313453,2840,512386728
2840,512566963,2840,512640405
2840,512819933,2840,512893082
2840,513073084,2840,513148452
2840,513328461,2840,513401693
2840,513581734,2840,513655543
2840,513835425,2840,513908243
2840,514088028,2840,514164557
2840,514344039,2840,514416854
2840,514596506,2840,514666081
2840,514846016,2840,514919881
2840,515099646,2840,515171145
2840,515368237,2840,515445259
2840,515625701,2840,515698583
2840,515878481,2840,515952977
2840,516136015,2840,516211184
2840,516390932,2840,516528099
2840,516723018,2840,516811837
2840,516992989,2840,517067778
2840,517247929,2840,517321595
2840,517501893,2840,517574758
2840,517755253,2840,517828092
2840,518007791,2840,518084223
2840,518264134,2840,518337926
2840,518517708,2840,518588790
2840,518768608,2840,518840287
2840,519019995,2840,519093467
2840,519273292,2840,519344588
2840,519524379,2840,519598221
2840,519778076,2840,519848888
2840,520040693,2840,520120656
2840,520300344,2840,520371816
2840,520551404,2840,520621599
2840,520801134,2840,520871233
2840,521050895,2840,521123673
2840,521303498,2840,521377160
2840,521556715,2840,521674675
2840,521863461,2840,521964777
2840,522145999,2840,522220787
2840,522401222,2840,522476771
2840,522657146,2840,522727955
2840,522915187,2840,522990149
2840,523170257,2840,523243779
2840,523431184,2840,523510016
2840,523690165,2840,523763407
2840,523943328,2840,524018434
2840,524198229,2840,524271608
2840,524451483,2840,524531848
2840,524711960,2840,524784929
2840,524965034,2840,525037659
2840,525217627,2840,525293019
2840,525473121,2840,525551176
2840,525730935,2840,525802377
2840,525981872,2840,526057400
2840,526237215,2840,526308181
2840,526487856,2840,526564048
2840,526743773,2840,526856019
2840,527044157,2840,527130813
2840,527311728,2840,527383077
2840,527562908,2840,527632680
2840,527812239,2840,527882257
2840,528066176,2840,528137221
2840,528317359,2840,528386871
2840,528566613,2840,528635728
2840,528815353,2840,528884435
2840,529064053,2840,529133365
2840,529312957,2840,529383299
2840,529562877,2840,529640293
2840,529820091,2840,529891256
2840,530070941,2840,530145353
2840,530325362,2840,530394880
2840,530574485,2840,530644461
2840,530824246,2840,530893498
2840,531073063,2840,531146448
2840,531326146,2840,531395302
2840,531575103,2840,531645065
2840,531824720,2840,531920383
2840,532109078,2840,532190284
2840,532370699,2840,532443294
2840,532623502,2840,532695674
2840,532876073,2840,532947608
2840,533127906,2840,533201902
2840,533381620,2840,533456159
2840,533635920,2840,533707832
2840,533887694,2840,533967239
2840,534146818,2840,534221476
2840,534401058,2840,534472663
2840,534652188,2840,534724510
2840,534904112,2840,534974411
2840,535154022,2840,535227458
2840,535407039,2840,535478231
2840,535657866,2840,535731585
2840,535911267,2840,535980522
2840,536170194,2840,536243169
2840,536422804,2840,536499969
2840,536679514,2840,536750946
2840,536930595,2840,537064469
2840,537258980,2840,537354337
2840,537535178,2840,537612780
2840,537793232,2840,537868404
2840,538048669,2840,538126071
2840,538325100,2840,538401122
2840,538581184,2840,538653946
2840,538833938,2840,538905610
2840,539085245,2840,539160947
2840,539340712,2840,539413207
2840,539592689,2840,539663137
2840,539843002,2840,539916604
2840,540108199,2840,540182425
2840,540362283,2840,540433528
2840,540613227,2840,540684049
2840,540863737,2840,540937936
2840,541117614,2840,541191266
2840,541370791,2840,541439783
2840,541619691,2840,541690787
2840,541870512,2840,541941380
2840,542121122,2840,542241058
2840,542430067,2840,542521686
2840,542702965,2840,542776910
2840,542957528,2840,543030034
2840,543210375,2840,543281414
2840,543461582,2840,543532684
2840,543719539,2840,543790608
2840,543970526,2840,544055112
2840,544235317,2840,544309959
2840,544490071,2840,544561042
2840,544740881,2840,544813176
2840,544993064,2840,545072744
2840,545252362,2840,545325661
2840,545505092,2840,545574091
2840,545760559,2840,545833351
2840,546012900,2840,546087749
2840,546274554,2840,546347896
2840,546527471,2840,546596983
2840,546776571,2840,546851356
2840,547030928,2840,547109233
2840,547289035,2840,547402621
2840,547590607,2840,547676006
2840,547856661,2840,547929736
2840,548114001,2840,548185140
2840,548365082,2840,548433694
2840,548620375,2840,548690354
2840,548870042,2840,548939051
2840,549125816,2840,549197538
2840,549384070,2840,549453175
2840,549632580,2840,549701905
2840,549881567,2840,549974880
2840,550161935,2840,550234400
2840,550421159,2840,550492807
2840,550672546,2840,550742708
2840,550929416,2840,551001398
2840,551181050,2840,551250852
2840,551437530,2840,551507442
2840,551686997,2840,551763486
2840,551949894,2840,552024360
2840,552210038,2840,552278324
2840,552456788,2840,552556528
2840,552755097,2840,552833332
2840,553013581,2840,553092666
2840,553272684,2840,553343270
2840,553523781,2840,553600423
2840,553787278,2840,553859660
2840,554039179,2840,554116964
2840,554296759,2840,554380188
2840,554567277,2840,554641026
2840,554827627,2840,554899013
2840,555085524,2840,555159790
2840,555339425,2840,555411717
2840,555591308,2840,555663760
2840,555850215,2840,555920354
2840,556101132,2840,556174578
2840,556360966,2840,556434098
2840,556620740,2840,556693152
2840,556872700,2840,556944732
2840,557124551,2840,557196646
2840,557383468,2840,557458427
2840,557645485,2840,557771202
2840,557966224,2840,558059940
2840,558241255,2840,558315387
2840,558495822,2840,558568284
2840,558748525,2840,558820454
2840,559000406,2840,559071821
2840,559251553,2840,559323058
2840,559503006,2840,559579482
2840,559759410,2840,559829159
2840,560027834,2840,560102060
2840,560281965,2840,560352974
2840,560532805,2840,560606047
2840,560785902,2840,560857524
2840,561037186,2840,561108511
2840,561305530,2840,561380512
2840,561560200,2840,561629952
2840,561809654,2840,561883566
2840,562063107,2840,562141020
2840,562320721,2840,562394750
2840,562574305,2840,562646834
2840,562826359,2840,562930248
2840,563114417,2840,563192309
2840,563372554,2840,563444253
2840,563624624,2840,563703543
2840,563890545,2840,563962264
2840,564153049,2840,564227744
2840,564407679,2840,564478418
2840,564665176,2840,564745645
2840,564925480,2840,564997592
2840,565177371,2840,565248036
2840,565427781,2840,565499596
2840,565678951,2840,565749887
2840,565936259,2840,566016617
2840,566203526,2840,566277181
