2813,986496935,2813,986755910
2813,986869535,2813,987018989
2813,987086061,2813,987226406
2813,987293395,2813,987380956
2813,987441905,2813,987509968
2813,987570153,2813,987639799
2813,987699788,2813,987766694
2813,987826666,2813,987893541
2813,987953430,2813,988023839
2813,988084055,2813,988152150
2813,988212396,2813,988278181
2813,988338057,2813,988405526
2813,988465492,2813,988530224
2813,988590153,2813,988655638
2813,988715437,2813,988782706
2813,988842738,2813,988909500
2813,988969439,2813,989035435
2813,989095314,2813,989161873
2813,989221925,2813,989357853
2813,989433728,2813,989548343
2813,989609738,2813,989684474
2813,989744786,2813,989819655
2813,989879581,2813,989962469
2813,990022151,2813,990095834
2813,990155616,2813,990228735
2813,990288547,2813,990362219
2813,990422134,2813,990496043
2813,990556039,2813,990626898
2813,990686860,2813,990759659
2813,990819368,2813,990892320
2813,990952335,2813,991024558
2813,991084400,2813,991157649
2813,991217624,2813,991290019
2813,991349675,2813,991421221
2813,991480846,2813,991552795
2813,991612648,2813,991684189
2813,991743838,2813,991813784
2813,991873476,2813,991944812
2813,992018081,2813,992135075
2813,992209058,2813,992356986
2813,992424018,2813,992564907
2813,992632079,2813,992716505
2813,992784734,2813,992856300
2813,992916259,2813,992986084
2813,993046150,2813,993124713
2813,993184535,2813,993254274
2813,993314410,2813,993385606
2813,993445452,2813,993514257
2813,993581087,2813,993659969
2813,993719822,2813,993791014
2813,993850740,2813,993920526
2813,993980491,2813,994057530
2813,994117336,2813,994189579
2813,994249382,2813,994319641
2813,994379570,2813,994450582
2813,994510481,2813,994582064
2813,994641726,2813,994719059
2813,994778935,2813,994851864
2813,994918733,2813,995031275
2813,995102844,2813,995191676
2813,995253062,2813,995326774
2813,995386880,2813,995459342
2813,995519425,2813,995590354
2813,995650190,2813,995717896
2813,995777332,2813,995848044
2813,995907836,2813,995976535
2813,996037728,2813,996108146
2813,996167797,2813,996241462
2813,996300936,2813,996371131
2813,996430559,2813,996500340
2813,996559748,2813,996630160
2813,996689958,2813,996761469
2813,996821254,2813,996890939
2813,996950794,2813,997020785
2813,997080373,2813,997147921
2813,997207343,2813,997275174
2813,997334642,2813,997401990
2813,997461488,2813,997576975
2813,997646076,2813,997789569
2813,997856497,2813,998014532
2813,998081370,2813,998171664
2813,998232505,2813,998307283
2813,998367381,2813,998439722
2813,998499581,2813,998571972
2813,998631850,2813,998705418
2813,998765206,2813,998837091
2813,998896912,2813,998966104
2813,999025992,2813,999097680
2813,999157578,2813,999230223
2813,999290191,2813,999363515
2813,999434590,2813,999514540
2813,999574609,2813,999646263
2813,999706055,2813,999776759
2813,999836664,2813,999907522
2813,999967477,2814,000039322
2814,000100183,2814,000171441
2814,000231583,2814,000305424
2814,000365259,2814,000452540
2814,000516311,2814,000594352
2814,000654577,2814,000733952
2814,000794320,2814,000868511
2814,000928409,2814,001001797
2814,001061809,2814,001133027
2814,001192922,2814,001265810
2814,001325675,2814,001397216
2814,001457308,2814,001531122
2814,001590944,2814,001663285
2814,001723083,2814,001794498
2814,001854269,2814,001927187
2814,001986789,2814,002063737
2814,002123565,2814,002198800
2814,002258548,2814,002330166
2814,002389787,2814,002464002
2814,002523727,2814,002593998
2814,002653856,2814,002727084
2814,002786919,2814,002862814
2814,002922636,2814,002996557
2814,003056328,2814,003174611
2814,003243643,2814,003386202
2814,003453513,2814,003593126
2814,003660254,2814,003745298
2814,003806530,2814,003880008
2814,003940243,2814,004018097
2814,004080336,2814,004152315
2814,004212093,2814,004285129
2814,004345037,2814,004415792
2814,004475751,2814,004546113
2814,004606119,2814,004678817
2814,004738726,2814,004810564
2814,004870470,2814,004942352
2814,005002214,2814,005073623
2814,005133635,2814,005213680
2814,005273619,2814,005343950
2814,005403986,2814,005473771
2814,005533730,2814,005603672
2814,005663627,2814,005735412
2814,005795421,2814,005864060
2814,005924009,2814,006009574
2814,006071896,2814,006149784
2814,006210073,2814,006280878
2814,006340667,2814,006410982
2814,006470607,2814,006542509
2814,006602072,2814,006674326
2814,006733909,2814,006803331
2814,006862939,2814,006933248
2814,006992694,2814,007063262
2814,007122771,2814,007193293
2814,007252925,2814,007322467
2814,007381866,2814,007449221
2814,007508703,2814,007578618
2814,007638290,2814,007708065
2814,007767658,2814,007838233
2814,007897912,2814,007967237
2814,008028653,2814,008098769
2814,008158472,2814,008226715
2814,008286195,2814,008358708
2814,008418221,2814,008488011
2814,008547547,2814,008671177
2814,008739803,2814,008882076
2814,008949283,2814,009096705
2814,009163885,2814,009250548
2814,009311598,2814,009382558
2814,009442528,2814,009513337
2814,009573357,2814,009645707
2814,009705563,2814,009777873
2814,009837653,2814,009907052
2814,009966809,2814,010043486
2814,010103492,2814,010177025
2814,010236781,2814,010309508
2814,010369254,2814,010439494
2814,010499470,2814,010570824
2814,010630607,2814,010702696
2814,010762643,2814,010834559
2814,010894366,2814,010964922
2814,011024802,2814,011095112
2814,011154872,2814,011226868
2814,011286424,2814,011360011
2814,011419787,2814,011531923
2814,011595120,2814,011672273
2814,011746273,2814,011823139
2814,011883509,2814,011956755
2814,012028512,2814,012103231
2814,012163107,2814,012234740
2814,012294566,2814,012368059
2814,012428045,2814,012500921
2814,012560777,2814,012634187
2814,012693853,2814,012767429
2814,012827182,2814,012899648
2814,012959274,2814,013032317
2814,013092150,2814,013165583
2814,013225252,2814,013298642
2814,013358321,2814,013430834
2814,013490670,2814,013563913
2814,013623786,2814,013694792
2814,013754551,2814,013824778
2814,013884607,2814,013964330
2814,014024046,2814,014098326
2814,014158155,2814,014277914
2814,014346990,2814,014454693
2814,014517795,2814,014613842
2814,014676088,2814,014752597
2814,014812723,2814,014884829
2814,014951399,2814,015024308
2814,015084105,2814,015155620
2814,015222450,2814,015298496
2814,015358313,2814,015428665
2814,015488435,2814,015558711
2814,015618504,2814,015694883
2814,015754976,2814,015826612
2814,015893525,2814,015963304
2814,016028357,2814,016099244
2814,016166081,2814,016234658
2814,016294604,2814,016363254
2814,016423041,2814,016492794
2814,016552531,2814,016621601
2814,016681541,2814,016758991
2814,016818944,2814,016890594
2814,016950471,2814,017032988
2814,017093998,2814,017167251
2814,017226535,2814,017297155
2814,017356375,2814,017425241
2814,017483861,2814,017551945
2814,017617802,2814,017684825
2814,017743462,2814,017813252
2814,017872239,2814,017949295
2814,018015015,2814,018086082
2814,018151809,2814,018218762
2814,018284599,2814,018351409
2814,018410035,2814,018476105
2814,018534905,2814,018601512
2814,018667289,2814,018735709
2814,018801522,2814,018871362
2814,018929999,2814,018999542
2814,019065309,2814,019134266
2814,019192989,2814,019260693
2814,019319333,2814,019388916
2814,019454680,2814,019523273
2814,019588970,2814,019704383
2814,019780456,2814,019923533
2814,019990806,2814,020148444
2814,020218205,2814,020304633
2814,020365456,2814,020438130
2814,020498291,2814,020569818
2814,020629769,2814,020701016
2814,020767903,2814,020841654
2814,020901618,2814,020976789
2814,021036759,2814,021113840
2814,021180920,2814,021253581
2814,021320615,2814,021393542
2814,021453393,2814,021526580
2814,021593664,2814,021665665
2814,021725552,2814,021796759
2814,021863897,2814,021934477
2814,021994358,2814,022068638
2814,022135459,2814,022210170
2814,022276907,2814,022349747
2814,022409585,2814,022481635
2814,022541399,2814,022657814
2814,022721458,2814,022799431
2814,022859822,2814,022935373
2814,022995577,2814,023067747
2814,023127944,2814,023200862
2814,023260682,2814,023333660
2814,023393474,2814,023464644
2814,023524625,2814,023595455
2814,023655313,2814,023727037
2814,023786930,2814,023860125
2814,023920028,2814,023992036
2814,024144903,2814,024222595
2814,024283139,2814,024355805
2814,024415463,2814,024486662
2814,024546393,2814,024616698
2814,024676463,2814,024747651
2814,024807377,2814,024877858
2814,024937553,2814,025007978
2814,025067650,2814,025138008
2814,025197697,2814,025269249
2814,025329096,2814,025443789
2814,025512988,2814,025631064
2814,025694020,2814,025771095
2814,025831583,2814,025904485
2814,025964700,2814,026041452
2814,026108427,2814,026181785
2814,026248890,2814,026326819
2814,026386754,2814,026458286
2814,026518147,2814,026589776
2814,026649691,2814,026721909
2814,026781791,2814,026850816
2814,026910607,2814,026981513
2814,027041401,2814,027111862
2814,027171561,2814,027241236
2814,027308268,2814,027378643
2814,027438721,2814,027510283
2814,027569958,2814,027640316
2814,027700074,2814,027771739
2814,027831598,2814,027901313
2814,027960908,2814,028036356
2814,028103369,2814,028197379
2814,028260204,2814,028337824
2814,028399479,2814,028469521
2814,028529493,2814,028599879
2814,028659611,2814,028730537
2814,028790016,2814,028859281
2814,028918773,2814,028987073
2814,029053735,2814,029123424
2814,029190073,2814,029258972
2814,029318630,2814,029387616
2814,029447368,2814,029517007
2814,029583929,2814,029652615
2814,029719408,2814,029787913
2814,029847475,2814,029916178
2814,029982827,2814,030058396
2814,030118078,2814,030189517
2814,030249356,2814,030322791
2814,030389611,2814,030461683
2814,030528345,2814,030597888
2814,030664603,2814,030734109
2814,030793768,2814,030908031
2814,030975334,2814,031113815
2814,031180331,2814,031282474
2814,031345060,2814,031419986
2814,031486164,2814,031555937
2814,031621806,2814,031690281
2814,031748940,2814,031816219
2814,031874855,2814,031946207
2814,032023277,2814,032098606
2814,032165933,2814,032238832
2814,032305532,2814,032376795
2814,032436531,2814,032511281
2814,032571306,2814,032643859
2814,032710649,2814,032781132
2814,032840791,2814,032912368
2814,032979227,2814,033051357
2814,033118130,2814,033189199
2814,033249065,2814,033320025
2814,033379738,2814,033450844
2814,033517550,2814,033589936
2814,033656686,2814,033759211
2814,033823070,2814,033898510
2814,033958672,2814,034037936
2814,034097991,2814,034172448
2814,034232054,2814,034305420
2814,034365153,2814,034435342
2814,034494942,2814,034565695
2814,034625201,2814,034696207
2814,034755786,2814,034829149
2814,034888862,2814,034958838
2814,035018500,2814,035091667
2814,035151860,2814,035224736
2814,035284459,2814,035356629
2814,035416381,2814,035489514
2814,035549193,2814,035620566
2814,035680209,2814,035751269
2814,035810981,2814,035884111
2814,035943890,2814,036027920
2814,036087635,2814,036161408
2814,036221164,2814,036293039
2814,036366989,2814,036489606
2814,036558705,2814,036665205
2814,036728107,2814,036859895
2814,036922181,2814,036999383
2814,037066376,2814,037140058
2814,037199827,2814,037272063
2814,037331922,2814,037413754
2814,037473736,2814,037548082
2814,037608147,2814,037680577
2814,037740582,2814,037812534
2814,037872420,2814,037953669
2814,038013648,2814,038087497
2814,038154426,2814,038229049
2814,038288824,2814,038360470
2814,038427199,2814,038498295
2814,038558133,2814,038628376
2814,038688258,2814,038759610
2814,038819242,2814,038890785
2814,038957623,2814,039031010
2814,039097905,2814,039170074
2814,039230303,2814,039313549
2814,039382612,2814,039458467
2814,039518813,2814,039590499
2814,039650511,2814,039720470
2814,039780122,2814,039850754
2814,039917550,2814,039986712
2814,040064855,2814,040137943
2814,040198182,2814,040268337
2814,040327896,2814,040397011
2814,040456557,2814,040525029
2814,040591767,2814,040660396
2814,040719888,2814,040788947
2814,040855385,2814,040924341
2814,040983982,2814,041054651
2814,041121407,2814,041191799
2814,041251331,2814,041321619
2814,041388228,2814,041459310
2814,041525915,2814,041595341
2814,041654916,2814,041723968
2814,041783386,2814,041851165
2814,041910830,2814,042037964
2814,042106719,2814,042221250
2814,042284468,2814,042393541
2814,042456000,2814,042532459
2814,042592261,2814,042663723
2814,042723378,2814,042794787
2814,042861635,2814,042932871
2814,042999426,2814,043072211
2814,043138797,2814,043209179
2814,043268701,2814,043339349
2814,043398911,2814,043470380
2814,043536835,2814,043608304
2814,043667933,2814,043739568
2814,043806203,2814,043879126
2814,043945918,2814,044029390
2814,044089172,2814,044163470
2814,044223212,2814,044294354
2814,044361039,2814,044430377
2814,044496962,2814,044566888
2814,044626422,2814,044696331
2814,044763246,2814,044869922
2814,044933283,2814,045011475
2814,045071674,2814,045144479
2814,045204497,2814,045276689
2814,045336411,2814,045412333
2814,045471934,2814,045542633
2814,045602278,2814,045673759
2814,045733284,2814,045807190
2814,045866654,2814,045945370
2814,046005008,2814,046082607
2814,046142118,2814,046214720
2814,046274538,2814,046347740
2814,046407485,2814,046479723
2814,046539255,2814,046611310
2814,046670825,2814,046744114
2814,046803628,2814,046874567
2814,046934165,2814,047005537
2814,047065182,2814,047136364
2814,047196059,2814,047267464
2814,047327055,2814,047399364
2814,047459025,2814,047548598
2814,047611719,2814,047712172
2814,047774464,2814,047880656
2814,047942908,2814,048021393
2814,048081841,2814,048161210
2814,048228088,2814,048299580
2814,048359488,2814,048437490
2814,048497345,2814,048569173
2814,048629105,2814,048698887
2814,048775952,2814,048847784
2814,048907789,2814,048978634
2814,049038502,2814,049110030
2814,049170028,2814,049241407
2814,049301245,2814,049371796
2814,049431675,2814,049510580
2814,049570235,2814,049645593
2814,049705385,2814,049778053
2814,049838028,2814,049909170
2814,049969145,2814,050053890
2814,050113698,2814,050187157
2814,050246942,2814,050329467
2814,050391092,2814,050467440
2814,050527522,2814,050598827
2814,050658772,2814,050731674
2814,050791265,2814,050859930
2814,050919662,2814,050990283
2814,051049838,2814,051118897
2814,051178721,2814,051248903
2814,051308551,2814,051376703
2814,051436181,2814,051506826
2814,051566301,2814,051637733
2814,051697591,2814,051766099
2814,051832841,2814,051903403
2814,051963177,2814,052036772
2814,052096484,2814,052167976
2814,052234671,2814,052304119
2814,052363547,2814,052432346
2814,052491894,2814,052562286
2814,052629637,2814,052703103
2814,052762744,2814,052833026
2814,052892734,2814,052995676
2814,053064912,2814,053179498
2814,053242539,2814,053353929
2814,053416604,2814,053493716
2814,053560750,2814,053632449
2814,053699371,2814,053770309
2814,053830044,2814,053904279
2814,053963944,2814,054042246
2814,054102097,2814,054177793
2814,054244547,2814,054318293
2814,054385245,2814,054457889
2814,054517504,2814,054588180
2814,054654838,2814,054725486
2814,054785248,2814,054857116
2814,054916878,2814,054988936
2814,055055598,2814,055126916
2814,055193658,2814,055268353
2814,055335535,2814,055408533
2814,055468568,2814,055541690
2814,055601638,2814,055672657
2814,055739825,2814,055832371
2814,055895835,2814,055974827
2814,056039966,2814,056114671
2814,056174955,2814,056245774
2814,056305566,2814,056377191
2814,056436846,2814,056506597
2814,056573492,2814,056644831
2814,056709893,2814,056781681
2814,056841479,2814,056910961
2814,056970512,2814,057041081
2814,057100916,2814,057171947
2814,057231456,2814,057301927
2814,057361472,2814,057434697
2814,057494299,2814,057566690
2814,057633536,2814,057705934
2814,057765722,2814,057839917
2814,057899636,2814,057975544
2814,058035266,2814,058112171
2814,058178863,2814,058253278
2814,058312986,2814,058386411
2814,058453056,2814,058558502
2814,058621897,2814,058721859
2814,058784081,2814,058891931
2814,058954269,2814,059029777
2814,059090056,2814,059162741
2814,059222749,2814,059294391
2814,059354285,2814,059425291
2814,059485219,2814,059556940
2814,059616642,2814,059688321
2814,059748295,2814,059818687
2814,059878425,2814,059956524
2814,060020626,2814,060093271
2814,060152863,2814,060221888
2814,060281826,2814,060352061
2814,060411846,2814,060488335
2814,060548237,2814,060620678
2814,060680600,2814,060750322
2814,060810284,2814,060880062
2814,060945857,2814,061026793
2814,061086691,2814,061159650
2814,061219595,2814,061307497
2814,061368802,2814,061444841
2814,061505026,2814,061576431
2814,061636376,2814,061707285
2814,061767197,2814,061837558
2814,061904277,2814,061978429
2814,062044971,2814,062115656
2814,062175078,2814,062245476
2814,062305048,2814,062373923
2814,062433391,2814,062503617
2814,062563068,2814,062630857
2814,062690358,2814,062760877
2814,062820625,2814,062890257
2814,062949896,2814,063021888
2814,063081306,2814,063147931
2814,063207499,2814,063275134
2814,063341709,2814,063410588
2814,063477273,2814,063545325
2814,063604747,2814,063673418
2814,063740057,2814,063811335
2814,063871084,2814,063976907
2814,064014418,2814,064114491
2814,064177106,2814,064281958
2814,064344350,2814,064461200
2814,064523512,2814,064596927
2814,064656726,2814,064729305
2814,064789216,2814,064859428
2814,064926554,2814,064999392
2814,065066211,2814,065136183
2814,065195948,2814,065267086
2814,065327002,2814,065397050
2814,065456872,2814,065530337
2814,065590446,2814,065660261
2814,065720156,2814,065792288
2814,065858663,2814,065928455
2814,065988277,2814,066062469
2814,066122151,2814,066193809
2814,066253548,2814,066325116
2814,066385322,2814,066457717
2814,066517432,2814,066589117
2814,066655966,2814,066760459
2814,066823814,2814,066899349
2814,066959588,2814,067031136
2814,067091235,2814,067163464
2814,067230156,2814,067302718
2814,067369486,2814,067438501
2814,067498309,2814,067568501
2814,067628167,2814,067697399
2814,067757077,2814,067825672
2814,067885364,2814,067956086
2814,068018348,2814,068092873
2814,068152628,2814,068227787
2814,068287332,2814,068359591
2814,068419233,2814,068492672
2814,068552336,2814,068624492
2814,068684233,2814,068757872
2814,068824717,2814,068894836
2814,068954475,2814,069024710
2814,069091285,2814,069161127
2814,069220766,2814,069292355
2814,069359116,2814,069465200
2814,069528651,2814,069607670
2814,069668275,2814,069739881
2814,069800499,2814,069872291
2814,069932423,2814,070008188
2814,070068003,2814,070140205
2814,070200051,2814,070279296
2814,070339221,2814,070412037
2814,070471952,2814,070542337
2814,070602065,2814,070671497
2814,070731246,2814,070807325
2814,070867276,2814,070936952
2814,070996734,2814,071067989
2814,071127714,2814,071201323
2814,071261138,2814,071338137
2814,071397912,2814,071467544
2814,071527342,2814,071597091
2814,071657069,2814,071726238
2814,071786186,2814,071856158
2814,071916197,2814,071987665
2814,072051164,2814,072131456
2814,072193144,2814,072267987
2814,072328072,2814,072398627
2814,072458642,2814,072526971
2814,072586632,2814,072657371
2814,072716809,2814,072787518
2814,072847063,2814,072916268
2814,072991134,2814,073064623
2814,073124288,2814,073192900
2814,073252468,2814,073322996
2814,073382628,2814,073451087
2814,073510655,2814,073581164
2814,073640625,2814,073709834
2814,073769353,2814,073839025
2814,073898629,2814,073970652
2814,074030136,2814,074099128
2814,074158480,2814,074226966
2814,074286540,2814,074356346
2814,074415724,2814,074484616
2814,074544101,2814,074614060
2814,074673581,2814,074781341
2814,074845916,2814,074954196
2814,075016638,2814,075124207
2814,075186693,2814,075263541
2814,075323547,2814,075397479
2814,075457210,2814,075528812
2814,075588517,2814,075660953
2814,075720544,2814,075792936
2814,075852632,2814,075925154
2814,075985022,2814,076056917
2814,076116842,2814,076189177
2814,076248856,2814,076320268
2814,076379989,2814,076452378
2814,076512123,2814,076583255
2814,076643000,2814,076715662
2814,076775407,2814,076849626
2814,076909381,2814,076980643
2814,077040295,2814,077113997
2814,077173718,2814,077245197
2814,077304985,2814,077378320
2814,077437959,2814,077555695
2814,077619251,2814,077694929
2814,077755204,2814,077826623
2814,077886684,2814,077963217
2814,078022925,2814,078096350
2814,078156162,2814,078226868
2814,078286626,2814,078358664
2814,078418426,2814,078490335
2814,078550130,2814,078623579
2814,078683293,2814,078756795
2814,078816427,2814,078888449
2814,078948298,2814,079019296
2814,079078958,2814,079150816
2814,079210568,2814,079281077
2814,079340848,2814,079410224
2814,079469885,2814,079540600
2814,079600376,2814,079670854
2814,079730576,2814,079799661
2814,079859303,2814,079929045
2814,079988596,2814,080059808
2814,080119833,2814,080203086
2814,080265677,2814,080342573
2814,080403018,2814,080474866
2814,080534811,2814,080606927
2814,080666921,2814,080737873
2814,080797735,2814,080867991
2814,080927892,2814,081005978
2814,081066039,2814,081136411
2814,081196266,2814,081267358
2814,081327163,2814,081398942
2814,081458937,2814,081537502
2814,081597397,2814,081668699
2814,081728678,2814,081800223
2814,081860038,2814,081929880
2814,081989618,2814,082063494
2814,082123438,2814,082197214
2814,082257202,2814,082330114
2814,082390026,2814,082461941
2814,082522013,2814,082603498
2814,082663416,2814,082736748
2814,082796747,2814,082885219
2814,082946258,2814,083020493
2814,083081002,2814,083153417
2814,083213275,2814,083283353
2814,083342755,2814,083413547
2814,083473079,2814,083540307
2814,083599942,2814,083669304
2814,083728706,2814,083797541
2814,083857009,2814,083924498
2814,083983976,2814,084063515
2814,084123093,2814,084191748
2814,084251200,2814,084317125
2814,084376507,2814,084445805
2814,084505451,2814,084575176
2814,084634931,2814,084705742
2814,084765364,2814,084836076
2814,084907705,2814,084978117
2814,085037735,2814,085108810
2814,085168635,2814,085238374
2814,085297862,2814,085365577
2814,085425036,2814,085531489
2814,085595780,2814,085675043
2814,085735077,2814,085806326
2814,085866258,2814,085944590
2814,086004335,2814,086080690
2814,086140455,2814,086211967
2814,086271712,2814,086342651
2814,086402276,2814,086477421
2814,086537083,2814,086607878
2814,086667483,2814,086739612
2814,086799250,2814,086872022
2814,086931640,2814,087004945
2814,087064761,2814,087138536
2814,087198351,2814,087268413
2814,087328188,2814,087400413
2814,087460288,2814,087531180
2814,087590861,2814,087661430
2814,087721145,2814,087792274
2814,087852049,2814,087922467
2814,087982129,2814,088065994
2814,088125693,2814,088224949
2814,088288244,2814,088367183
2814,088427471,2814,088501520
2814,088561485,2814,088634914
2814,088694555,2814,088766357
2814,088826275,2814,088898921
2814,088958709,2814,089032098
2814,089091669,2814,089165511
2814,089225226,2814,089296505
2814,089355967,2814,089428419
2814,089488263,2814,089561365
2814,089621111,2814,089692376
2814,089752137,2814,089824806
2814,089884508,2814,089962430
2814,090022175,2814,090097327
2814,090156905,2814,090229644
2814,090289309,2814,090362107
2814,090421773,2814,090493965
2814,090553576,2814,090626981
2814,090686496,2814,090758045
2814,090817943,2814,090908782
2814,090971168,2814,091048023
2814,091108465,2814,091181490
2814,091242065,2814,091311920
2814,091371705,2814,091442774
2814,091502518,2814,091572877
2814,091632649,2814,091709581
2814,091769413,2814,091839295
2814,091898993,2814,091968835
2814,092033617,2814,092103655
2814,092163527,2814,092235542
2814,092295357,2814,092365579
2814,092425574,2814,092498616
2814,092558451,2814,092629159
2814,092688961,2814,092767637
2814,092827402,2814,092898591
2814,092958285,2814,093029134
2814,093088932,2814,093160868
2814,093220546,2814,093291211
2814,093351043,2814,093420411
2814,093480330,2814,093561339
2814,093622224,2814,093695873
2814,093756324,2814,093827779
2814,093887658,2814,093963183
2814,094022945,2814,094094354
2814,094153865,2814,094223180
2814,094282725,2814,094353281
2814,094412802,2814,094482488
2814,094541889,2814,094610318
2814,094669803,2814,094739235
2814,094798619,2814,094867258
2814,094926600,2814,094996375
2814,095055913,2814,095124275
2814,095183940,2814,095252422
2814,095311990,2814,095380159
2814,095439804,2814,095509026
2814,095568398,2814,095636296
2814,095696048,2814,095764640
2814,095824031,2814,095892803
2814,095952368,2814,096024253
2814,096083919,2814,096182441
2814,096246483,2814,096350342
2814,096412861,2814,096516317
2814,096578646,2814,096654734
2814,096714799,2814,096787084
2814,096873031,2814,096947839
2814,097007991,2814,097079886
2814,097139758,2814,097211703
2814,097271752,2814,097342974
2814,097402752,2814,097476000
2814,097535802,2814,097608904
2814,097668719,2814,097740961
2814,097800783,2814,097873061
2814,097932943,2814,098008285
2814,098068364,2814,098140262
2814,098200141,2814,098271269
2814,098331227,2814,098403749
2814,098463761,2814,098535857
2814,098595612,2814,098669694
2814,098729528,2814,098804014
2814,098863889,2814,098971852
2814,099035167,2814,099110939
2814,099171261,2814,099244020
2814,099304064,2814,099376746
2814,099436485,2814,099506570
2814,099566395,2814,099637374
2814,099696739,2814,099768794
2814,099828533,2814,099899798
2814,099959376,2814,100033941
2814,100093420,2814,100165572
2814,100225520,2814,100296402
2814,100356060,2814,100427006
2814,100486511,2814,100559413
2814,100618988,2814,100690780
2814,100750341,2814,100823247
2814,100882785,2814,100955474
2814,101014972,2814,101087061
2814,101146729,2814,101217018
2814,101276466,2814,101347985
2814,101407433,2814,101478725
2814,101538273,2814,101634236
2814,101696771,2814,101771863
2814,101832262,2814,101905047
2814,101965359,2814,102042601
2814,102102469,2814,102174404
2814,102241290,2814,102312605
2814,102372560,2814,102443525
2814,102503430,2814,102577386
2814,102637517,2814,102709939
2814,102769725,2814,102842027
2814,102902011,2814,102979330
2814,103039188,2814,103108627
2814,103168672,2814,103239811
2814,103299666,2814,103370341
2814,103429966,2814,103505758
2814,103565583,2814,103636095
2814,103696177,2814,103766776
2814,103826610,2814,103898472
2814,103958104,2814,104040163
2814,104100238,2814,104170937
2814,104230695,2814,104313238
2814,104375159,2814,104453281
2814,104513806,2814,104588125
2814,104648330,2814,104718562
2814,104777977,2814,104847712
2814,104907214,2814,104976862
2814,105036411,2814,105104766
2814,105164178,2814,105234816
2814,105294235,2814,105364707
2814,105423982,2814,105493770
2814,105553075,2814,105622844
2814,105682136,2814,105752121
2814,105811899,2814,105882408
2814,105941849,2814,106013125
2814,106072816,2814,106142935
2814,106202266,2814,106271678
2814,106331304,2814,106400262
2814,106459917,2814,106528269
2814,106587731,2814,106656229
2814,106715757,2814,106785659
2814,106845148,2814,106953157
2814,107017426,2814,107123049
2814,107185081,2814,107291017
2814,107353065,2814,107428477
2814,107488336,2814,107558764
2814,107618423,2814,107690705
2814,107750423,2814,107824101
2814,107883877,2814,107954619
2814,108018824,2814,108089749
2814,108149544,2814,108219922
2814,108279594,2814,108350856
2814,108410404,2814,108479320
2814,108539041,2814,108609847
2814,108669482,2814,108739994
2814,108808845,2814,108880997
2814,108940479,2814,109012311
2814,109071966,2814,109142648
2814,109202493,2814,109274168
2814,109333993,2814,109403745
2814,109463404,2814,109534682
2814,109594400,2814,109715344
2814,109778599,2814,109853968
2814,109914056,2814,109989341
2814,110049187,2814,110124265
2814,110183680,2814,110257752
2814,110317190,2814,110387806
2814,110447294,2814,110855412
2814,110914817,2814,111003829
2814,111063115,2814,111137387
2814,111196998,2814,111267443
2814,111327098,2814,111397810
2814,111457325,2814,111530408
2814,111589942,2814,111661234
2814,111720739,2814,111791938
2814,111851396,2814,111924265
2814,111983726,2814,112057692
2814,112117304,2814,112185742
2814,112245267,2814,112314576
2814,112373834,2814,112444213
2814,112503804,2814,112572853
2814,112632474,2814,112723494
2814,112785819,2814,112861131
2814,112921526,2814,112994234
2814,113054480,2814,113123422
2814,113183383,2814,113255642
2814,113315613,2814,113386665
2814,113446387,2814,113524933
2814,113584811,2814,113655643
2814,113715428,2814,113785730
2814,113845611,2814,113917103
2814,113976935,2814,114061801
2814,114121665,2814,114194757
2814,114254649,2814,114327751
2814,114387666,2814,114456525
2814,114516353,2814,114592732
2814,114652680,2814,114723349
2814,114783084,2814,114853953
2814,114913821,2814,114984856
2814,115044668,2814,115117040
2814,115176818,2814,115245660
2814,115305522,2814,115392074
2814,115453882,2814,115527844
2814,115588093,2814,115657715
2814,115717870,2814,115790375
2814,115850040,2814,115918465
2814,115978034,2814,116049506
2814,116108944,2814,116179606
2814,116239198,2814,116307800
2814,116367428,2814,116436546
2814,116495965,2814,116563873
2814,116623305,2814,116691940
2814,116751408,2814,116819527
2814,116879125,2814,116947994
2814,117007499,2814,117077624
2814,117137109,2814,117204771
2814,117264279,2814,117335294
2814,117394830,2814,117466092
2814,117525866,2814,117594928
2814,117654403,2814,117723945
2814,117783433,2814,117852735
2814,117912500,2814,118017537
2814,118081882,2814,118200482
2814,118262527,2814,118357646
2814,118419784,2814,118495923
2814,118555805,2814,118629560
2814,118689135,2814,118761020
2814,118820839,2814,118894381
2814,118954059,2814,119027111
2814,119086773,2814,119159475
2814,119219146,2814,119290735
2814,119350450,2814,119420712
2814,119480487,2814,119553606
2814,119613207,2814,119684809
2814,119744371,2814,119815800
2814,119875631,2814,119945786
2814,120009378,2814,120081734
2814,120141455,2814,120212014
2814,120272012,2814,120343504
2814,120403159,2814,120475505
2814,120535306,2814,120607092
2814,120666573,2814,120777713
2814,120840971,2814,120916697
2814,120976802,2814,121047564
2814,121114126,2814,121187304
2814,121246873,2814,121319551
2814,121379113,2814,121451268
2814,121510787,2814,121580085
2814,121639610,2814,121713955
2814,121773697,2814,121842516
2814,121902218,2814,121975800
2814,122035384,2814,122107903
2814,122167478,2814,122238590
2814,122298165,2814,122369991
2814,122429479,2814,122501491
2814,122560949,2814,122631991
2814,122691716,2814,122760788
2814,122820340,2814,122890878
2814,122950433,2814,123020149
2814,123079623,2814,123150089
2814,123209657,2814,123279073
2814,123338511,2814,123434620
2814,123496885,2814,123572061
2814,123632282,2814,123703851
