2830,607825498,2830,608099531
2830,608312407,2830,608455594
2830,608622911,2830,608760721
2830,608927724,2830,609067097
2830,609233927,2830,609371767
2830,609538260,2830,609673346
2830,609840307,2830,609975849
2830,610142956,2830,610281932
2830,610449303,2830,610852826
2830,611013942,2830,611127628
2830,611291738,2830,611362208
2830,611522764,2830,611595481
2830,611755850,2830,611823337
2830,611983569,2830,612052925
2830,612213184,2830,612282937
2830,612442683,2830,612511003
2830,612670928,2830,612739204
2830,612899410,2830,612967406
2830,613127578,2830,613265434
2830,613441382,2830,613557744
2830,613719104,2830,613797898
2830,613959387,2830,614040762
2830,614200741,2830,614278565
2830,614438631,2830,614514144
2830,614674290,2830,614747484
2830,614907559,2830,614981126
2830,615141605,2830,615215625
2830,615375744,2830,615450938
2830,615612150,2830,615687678
2830,615847567,2830,615921950
2830,616086335,2830,616160392
2830,616320236,2830,616394323
2830,616554097,2830,616625126
2830,616785404,2830,616857636
2830,617018724,2830,617090067
2830,617250258,2830,617322081
2830,617481995,2830,617560245
2830,617720336,2830,617790655
2830,617950869,2830,618094998
2830,618270565,2830,618365670
2830,618528108,2830,618603411
2830,618765659,2830,618838845
2830,619007074,2830,619081507
2830,619242052,2830,619314557
2830,619474605,2830,619547111
2830,619708036,2830,619779228
2830,619946867,2830,620022753
2830,620185175,2830,620257233
2830,620417198,2830,620487096
2830,620647541,2830,620717049
2830,620876904,2830,620948382
2830,621108460,2830,621228741
2830,621398803,2830,621486713
2830,621649769,2830,621723280
2830,621884175,2830,621971195
2830,622131477,2830,622209095
2830,622369424,2830,622441602
2830,622602583,2830,622676599
2830,622836804,2830,622908512
2830,623068850,2830,623141818
2830,623301923,2830,623370001
2830,623529693,2830,623601451
2830,623761619,2830,623828800
2830,623988885,2830,624064246
2830,624224923,2830,624297308
2830,624458488,2830,624531322
2830,624691259,2830,624763630
2830,624923740,2830,624993587
2830,625153494,2830,625226112
2830,625386103,2830,625456883
2830,625616760,2830,625713263
2830,625884048,2830,625969954
2830,626130347,2830,626207432
2830,626367769,2830,626442977
2830,626603211,2830,626677605
2830,626839179,2830,626913947
2830,627074111,2830,627148415
2830,627308752,2830,627384623
2830,627544827,2830,627617248
2830,627777178,2830,627850986
2830,628014960,2830,628087947
2830,628247992,2830,628319176
2830,628479321,2830,628555736
2830,628715801,2830,628789885
2830,628949621,2830,629022938
2830,629182840,2830,629257667
2830,629418979,2830,629492267
2830,629652212,2830,629723082
2830,629883001,2830,629966353
2830,630126468,2830,630205843
2830,630383953,2830,630495007
2830,630664930,2830,630741015
2830,630901873,2830,630981304
2830,631142644,2830,631216644
2830,631377350,2830,631450674
2830,631610955,2830,631683689
2830,631843948,2830,631917595
2830,632097369,2830,632171432
2830,632331771,2830,632404344
2830,632564514,2830,632635079
2830,632794968,2830,632867548
2830,633027631,2830,633098003
2830,633258266,2830,633331662
2830,633491828,2830,633563737
2830,633723577,2830,633796186
2830,633956339,2830,634035552
2830,634195741,2830,634270781
2830,634430730,2830,634503349
2830,634663499,2830,634738445
2830,634898631,2830,634971997
2830,635133516,2830,635253063
2830,635423480,2830,635513791
2830,635675710,2830,635750786
2830,635911562,2830,635988132
2830,636148914,2830,636229277
2830,636396943,2830,636472286
2830,636632754,2830,636707420
2830,636867599,2830,636939608
2830,637099540,2830,637172319
2830,637332337,2830,637402633
2830,637562889,2830,637636374
2830,637796196,2830,637868078
2830,638028144,2830,638114634
2830,638274849,2830,638347588
2830,638507634,2830,638581219
2830,638741272,2830,638812244
2830,638972286,2830,639051702
2830,639213144,2830,639285273
2830,639445308,2830,639516647
2830,639677103,2830,639748975
2830,639916258,2830,640033100
2830,640199974,2830,640285004
2830,640445118,2830,640516832
2830,640677023,2830,640747378
2830,640906592,2830,640978791
2830,641137821,2830,641207159
2830,641365887,2830,641435502
2830,641594295,2830,641663760
2830,641822821,2830,641896246
2830,642055310,2830,642128532
2830,642287396,2830,642355680
2830,642514368,2830,642584319
2830,642743093,2830,642811785
2830,642970252,2830,643037473
2830,643196137,2830,643264212
2830,643423246,2830,643493347
2830,643651918,2830,643720306
2830,643879100,2830,643946782
2830,644109228,2830,644184047
2830,644345684,2830,644418987
2830,644579031,2830,644689237
2830,644864762,2830,644953799
2830,645115790,2830,645193006
2830,645353546,2830,645430913
2830,645591313,2830,645666626
2830,645826783,2830,645900572
2830,646062103,2830,646141399
2830,646301346,2830,646379536
2830,646539496,2830,646616246
2830,646776213,2830,646848376
2830,647008583,2830,647082399
2830,647242102,2830,647315272
2830,647475019,2830,647545315
2830,647704948,2830,647776754
2830,647936561,2830,648020648
2830,648180685,2830,648254414
2830,648414088,2830,648487254
2830,648647103,2830,648721223
2830,648880999,2830,648953805
2830,649113748,2830,649190615
2830,649350325,2830,649437638
2830,649601902,2830,649676835
2830,649837325,2830,649909704
2830,650071504,2830,650151534
2830,650312104,2830,650389337
2830,650549757,2830,650624436
2830,650784626,2830,650858439
2830,651018865,2830,651090981
2830,651251138,2830,651324427
2830,651509423,2830,651584899
2830,651745112,2830,651819441
2830,651979531,2830,652066165
2830,652227407,2830,652302786
2830,652462788,2830,652534959
2830,652695025,2830,652767100
2830,652927012,2830,653005024
2830,653165040,2830,653239165
2830,653400323,2830,653473669
2830,653633544,2830,653706876
2830,653866758,2830,653941384
2830,654101232,2830,654223938
2830,654392441,2830,654486278
2830,654647539,2830,654721421
2830,654889454,2830,654971753
2830,655132172,2830,655206871
2830,655367286,2830,655439548
2830,655599303,2830,655671188
2830,655838581,2830,655909423
2830,656083052,2830,656162440
2830,656329960,2830,656402937
2830,656562879,2830,656634817
2830,656796043,2830,656877024
2830,657037160,2830,657108824
2830,657268747,2830,657338888
2830,657499073,2830,657571391
2830,657739674,2830,657810288
2830,657970430,2830,658053082
2830,658212868,2830,658284262
2830,658452471,2830,658524179
2830,658691115,2830,658768809
2830,658929755,2830,659022807
2830,659191124,2830,659279245
2830,659441064,2830,659514102
2830,659683165,2830,659755309
2830,659915911,2830,659988442
2830,660156810,2830,660231098
2830,660398839,2830,660470241
2830,660630494,2830,660705386
2830,660865603,2830,660937998
2830,661105762,2830,661177820
2830,661346405,2830,661418423
2830,661578640,2830,661654262
2830,661814422,2830,661886487
2830,662046584,2830,662122636
2830,662282626,2830,662355114
2830,662522172,2830,662591136
2830,662758117,2830,662829082
2830,662995987,2830,663065357
2830,663224972,2830,663294036
2830,663453730,2830,663525588
2830,663692599,2830,663809220
2830,663984508,2830,664100299
2830,664262791,2830,664341620
2830,664502514,2830,664578926
2830,664739544,2830,664811622
2830,664972080,2830,665043885
2830,665211010,2830,665282565
2830,665449734,2830,665523382
2830,665691731,2830,665764419
2830,665924167,2830,665999679
2830,666159503,2830,666232098
2830,666399010,2830,666479486
2830,666640047,2830,666711082
2830,666878057,2830,666948805
2830,667115543,2830,667189828
2830,667349493,2830,667419428
2830,667578796,2830,667651641
2830,667818326,2830,667889031
2830,668059789,2830,668134519
2830,668294251,2830,668366640
2830,668533646,2830,668656057
2830,668831097,2830,668918090
2830,669080036,2830,669156706
2830,669317141,2830,669390374
2830,669551170,2830,669625586
2830,669785852,2830,669859834
2830,670019947,2830,670097323
2830,670257576,2830,670331755
2830,670491877,2830,670566543
2830,670726589,2830,670805942
2830,670966274,2830,671039604
2830,671199956,2830,671272582
2830,671432461,2830,671509387
2830,671669300,2830,671743629
2830,671903398,2830,671975961
2830,672155741,2830,672228969
2830,672388702,2830,672460003
2830,672619993,2830,672690988
2830,672861534,2830,672936046
2830,673095812,2830,673169230
2830,673329277,2830,673448856
2830,673617256,2830,673704478
2830,673867708,2830,673938725
2830,674099428,2830,674176474
2830,674337297,2830,674418635
2830,674580375,2830,674654243
2830,674821369,2830,674894921
2830,675062394,2830,675133985
2830,675294109,2830,675374660
2830,675534856,2830,675607641
2830,675774868,2830,675850136
2830,676016036,2830,676090697
2830,676250950,2830,676330692
2830,676490805,2830,676562697
2830,676722603,2830,676794031
2830,676953641,2830,677027019
2830,677194083,2830,677264110
2830,677431244,2830,677502712
2830,677662952,2830,677736040
2830,677903097,2830,677978555
2830,678138805,2830,678253734
2830,678428940,2830,678517615
2830,678678942,2830,678751374
2830,678918930,2830,678991278
2830,679159048,2830,679232529
2830,679393279,2830,679468708
2830,679629951,2830,679701315
2830,679869766,2830,679941037
2830,680112670,2830,680185652
2830,680345615,2830,680415627
2830,680584006,2830,680654615
2830,680814675,2830,680888473
2830,681055660,2830,681124641
2830,681284311,2830,681353989
2830,681513792,2830,681585363
2830,681745147,2830,681815261
2830,681975098,2830,682050780
2830,682211013,2830,682282991
2830,682451128,2830,682520276
2830,682687353,2830,682758800
2830,682918607,2830,683035336
2830,683217350,2830,683307402
2830,683470362,2830,683544830
2830,683705850,2830,683779295
2830,683946791,2830,684033436
2830,684200687,2830,684272596
2830,684439593,2830,684511488
2830,684671402,2830,684743671
2830,684904291,2830,684976253
2830,685143274,2830,685217422
2830,685377199,2830,685455075
2830,685621779,2830,685694577
2830,685861668,2830,685933953
2830,686093794,2830,686168396
2830,686327976,2830,686403498
2830,686571499,2830,686642850
2830,686810844,2830,686884473
2830,687051464,2830,687128416
2830,687288390,2830,687360565
2830,687521606,2830,687594400
2830,687761528,2830,687892595
2830,688071549,2830,688160232
2830,688323336,2830,688398928
2830,688559629,2830,688634542
2830,688795176,2830,688874802
2830,689036530,2830,689109279
2830,689269647,2830,689347462
2830,689507597,2830,689580419
2830,689740607,2830,689813329
2830,689973354,2830,690051572
2830,690212730,2830,690287116
2830,690447164,2830,690522329
2830,690683424,2830,690755046
2830,690915137,2830,690987936
2830,691147960,2830,691221846
2830,691381784,2830,691457122
2830,691616981,2830,691691866
2830,691851614,2830,691926310
2830,692092188,2830,692165927
2830,692325808,2830,692402618
2830,692562553,2830,692683407
2830,692851659,2830,692938485
2830,693100198,2830,693174283
2830,693335195,2830,693406908
2830,693574849,2830,693647285
2830,693815027,2830,693888803
2830,694048712,2830,694125088
2830,694302130,2830,694376633
2830,694536911,2830,694619317
2830,694779506,2830,694853728
2830,695015190,2830,695087926
2830,695247998,2830,695329681
2830,695489682,2830,695561885
2830,695721704,2830,695792399
2830,695952234,2830,696026514
2830,696186308,2830,696257713
2830,696417818,2830,696496967
2830,696656852,2830,696728094
2830,696888048,2830,696965684
2830,697125455,2830,697196440
2830,697356275,2830,697466578
2830,697635063,2830,697719589
2830,697881527,2830,697962722
2830,698123340,2830,698198806
2830,698359377,2830,698430786
2830,698598724,2830,698669359
2830,698836497,2830,698908326
2830,699068224,2830,699139546
2830,699299824,2830,699372860
2830,699532831,2830,699603573
2830,699770684,2830,699840539
2830,700021248,2830,700092200
2830,700253578,2830,700323693
2830,700485057,2830,700554859
2830,700715931,2830,700785156
2830,700945187,2830,701014862
2830,701182960,2830,701257922
2830,701424960,2830,701495402
2830,701655220,2830,701723802
2830,701890753,2830,701968092
2830,702128093,2830,702244773
2830,702419914,2830,702508503
2830,702670061,2830,702743863
2830,702911838,2830,702991477
2830,703152005,2830,703225990
2830,703386344,2830,703458820
2830,703619068,2830,703691020
2830,703858381,2830,703939480
2830,704111554,2830,704184823
2830,704345208,2830,704417123
2830,704577624,2830,704649026
2830,704809330,2830,704883596
2830,705043610,2830,705115679
2830,705275649,2830,705345745
2830,705505743,2830,705576254
2830,705743569,2830,705814761
2830,705974589,2830,706049577
2830,706209342,2830,706282981
2830,706450038,2830,706521454
2830,706682332,2830,706755737
2830,706922818,2830,707061155
2830,707230023,2830,707320382
2830,707483600,2830,707557689
2830,707719576,2830,707793678
2830,707962200,2830,708047635
2830,708210940,2830,708285525
2830,708445660,2830,708518968
2830,708679509,2830,708751961
2830,708912409,2830,708983421
2830,709150765,2830,709221831
2830,709381688,2830,709453530
2830,709620475,2830,709693037
2830,709854174,2830,709926620
2830,710087985,2830,710163957
2830,710323827,2830,710403336
2830,710563177,2830,710635786
2830,710795570,2830,710869792
2830,711032317,2830,711103909
2830,711263860,2830,711337255
2830,711497289,2830,711571128
2830,711737933,2830,711861073
2830,712032284,2830,712121770
2830,712283431,2830,712360340
2830,712521041,2830,712594849
2830,712755077,2830,712842366
2830,713002540,2830,713074696
2830,713234633,2830,713309205
2830,713469320,2830,713543179
2830,713703246,2830,713776478
2830,713937839,2830,714017072
2830,714178646,2830,714255024
2830,714415199,2830,714490148
2830,714651359,2830,714731701
2830,714891505,2830,714962000
2830,715121915,2830,715194530
2830,715354368,2830,715426590
2830,715602518,2830,715684643
2830,715844678,2830,715916060
2830,716078778,2830,716152540
2830,716312417,2830,716383466
2830,716542997,2830,716654364
2830,716817494,2830,716902720
2830,717062978,2830,717134593
2830,717295311,2830,717367610
2830,717534841,2830,717608510
2830,717768637,2830,717841509
2830,718001464,2830,718079936
2830,718241144,2830,718316739
2830,718483880,2830,718556316
2830,718717213,2830,718793582
2830,718960430,2830,719033192
2830,719200044,2830,719272186
2830,719432103,2830,719502998
2830,719662636,2830,719733981
2830,719900789,2830,719972281
2830,720142976,2830,720219665
2830,720379582,2830,720449058
2830,720610212,2830,720678538
2830,720838685,2830,720911104
2830,721078199,2830,721146601
2830,721306418,2830,721405435
2830,721576176,2830,721656558
2830,721817132,2830,721891958
2830,722052216,2830,722130901
2830,722291129,2830,722367024
2830,722534826,2830,722606614
2830,722773643,2830,722846555
2830,723006695,2830,723077974
2830,723237952,2830,723309941
2830,723469682,2830,723540917
2830,723700655,2830,723772303
2830,723932011,2830,724021237
2830,724181695,2830,724254180
2830,724421325,2830,724491173
2830,724651101,2830,724723563
2830,724883514,2830,724953853
2830,725121058,2830,725192263
2830,725360425,2830,725433000
2830,725592644,2830,725664433
2830,725831238,2830,725902986
2830,726062890,2830,726201758
2830,726376989,2830,726467059
2830,726628786,2830,726704632
2830,726867080,2830,726939585
2830,727100429,2830,727172401
2830,727332730,2830,727411635
2830,727571763,2830,727644311
2830,727811636,2830,727883638
2830,728062886,2830,728135608
2830,728295636,2830,728370558
2830,728530633,2830,728602415
2830,728762669,2830,728835301
2830,728995249,2830,729068321
2830,729235366,2830,729307405
2830,729475649,2830,729548941
2830,729708599,2830,729784521
2830,729952883,2830,730031398
2830,730191316,2830,730263471
2830,730430599,2830,730511621
2830,730671436,2830,730742461
2830,730909626,2830,731027679
2830,731197707,2830,731292723
2830,731453991,2830,731525890
2830,731686284,2830,731759369
2830,731919811,2830,731995883
2830,732156480,2830,732236309
2830,732397054,2830,732470659
2830,732632094,2830,732704679
2830,732864747,2830,732943696
2830,733103667,2830,733176136
2830,733337013,2830,733408632
2830,733569593,2830,733638875
2830,733798696,2830,733878645
2830,734038159,2830,734113095
2830,734273889,2830,734347751
2830,734507403,2830,734583561
2830,734743106,2830,734820894
2830,734981572,2830,735056831
2830,735216722,2830,735289851
2830,735449575,2830,735521181
2830,735680945,2830,735783878
2830,735946372,2830,736027205
2830,736189209,2830,736261461
2830,736422009,2830,736493154
2830,736653689,2830,736725377
2830,736916552,2830,736990051
2830,737149839,2830,737225995
2830,737386002,2830,737459381
2830,737619032,2830,737692624
2830,737852405,2830,737927184
2830,738087162,2830,738164711
2830,738324595,2830,738399700
2830,738559361,2830,738631323
2830,738791068,2830,738860226
2830,739020014,2830,739090673
2830,739250484,2830,739320809
2830,739480507,2830,739551829
2830,739711530,2830,739781642
2830,739941323,2830,740015542
2830,740175416,2830,740245998
2830,740405856,2830,740521102
2830,740696617,2830,740787133
2830,740948704,2830,741022506
2830,741183314,2830,741255602
2830,741416487,2830,741491375
2830,741652020,2830,741724989
2830,741884919,2830,741964392
2830,742125823,2830,742198932
2830,742358886,2830,742430198
2830,742591186,2830,742662405
2830,742823445,2830,742895321
2830,743055208,2830,743128564
2830,743288455,2830,743360324
2830,743521364,2830,743591246
2830,743751154,2830,743823460
2830,743983421,2830,744071573
2830,744231704,2830,744302596
2830,744462537,2830,744533402
2830,744831837,2830,744907816
2830,745068431,2830,745143376
2830,745303667,2830,745437381
2830,745607946,2830,745699518
2830,745861419,2830,745938065
2830,746098546,2830,746180352
2830,746341892,2830,746416574
2830,746576786,2830,746651901
2830,746812109,2830,746884291
2830,747044612,2830,747120904
2830,747281212,2830,747353467
2830,747514885,2830,747586160
2830,747745875,2830,747817687
2830,747977901,2830,748064277
2830,748224464,2830,748295370
2830,748455728,2830,748528863
2830,748688924,2830,748760983
2830,748920967,2830,748991963
2830,749151954,2830,749226972
2830,749386783,2830,749459072
2830,749619217,2830,749691942
2830,749852086,2830,749925135
2830,750085046,2830,750186386
2830,750348723,2830,750427426
2830,750587950,2830,750659896
2830,750820290,2830,750893202
2830,751054433,2830,751132719
2830,751292756,2830,751363692
2830,751523910,2830,751596498
2830,751756616,2830,751828831
2830,751988876,2830,752068148
2830,752228679,2830,752301091
2830,752461212,2830,752533138
2830,752692795,2830,752765090
2830,752924862,2830,753003324
2830,753163065,2830,753236654
2830,753396518,2830,753468777
2830,753628414,2830,753701140
2830,753860941,2830,753933103
2830,754093174,2830,754167156
2830,754327017,2830,754399679
2830,754559700,2830,754630732
2830,754790804,2830,754888803
2830,755050718,2830,755125713
2830,755285857,2830,755358979
2830,755519334,2830,755589976
2830,755751273,2830,755822302
2830,755983560,2830,756060836
2830,756220800,2830,756293878
2830,756454887,2830,756527705
2830,756687789,2830,756761338
2830,756921239,2830,756990721
2830,757150482,2830,757220211
2830,757380029,2830,757449821
2830,757609442,2830,757678001
2830,757837861,2830,757911280
2830,758083612,2830,758159200
2830,758318921,2830,758390103
2830,758549821,2830,758621060
2830,758782001,2830,758852586
2830,759012538,2830,759081076
2830,759240774,2830,759317796
2830,759478640,2830,759594684
2830,759770032,2830,759859127
2830,760025406,2830,760099761
2830,760260192,2830,760333131
2830,760495065,2830,760568897
2830,760729411,2830,760802664
2830,760962898,2830,761034727
2830,761194748,2830,761266566
2830,761433741,2830,761505983
2830,761666087,2830,761736133
2830,761897314,2830,761974060
2830,762134177,2830,762207212
2830,762367204,2830,762439972
2830,762599790,2830,762671225
2830,762831173,2830,762902412
2830,763062320,2830,763140868
2830,763300936,2830,763372621
2830,763532549,2830,763608575
2830,763769169,2830,763842598
2830,764005529,2830,764079828
2830,764239839,2830,764373296
2830,764548551,2830,764636573
2830,764798278,2830,764872310
2830,765032837,2830,765107183
2830,765267931,2830,765340666
2830,765500967,2830,765576252
2830,765736617,2830,765811296
2830,765971453,2830,766050329
2830,766210633,2830,766286169
2830,766446597,2830,766529039
2830,766689490,2830,766766976
2830,766927110,2830,767001162
2830,767161063,2830,767233788
2830,767393636,2830,767465915
2830,767626073,2830,767699348
2830,767859309,2830,767931495
2830,768096292,2830,768170654
2830,768330692,2830,768402874
2830,768563972,2830,768636181
2830,768796022,2830,768875717
2830,769035638,2830,769155075
2830,769323499,2830,769412519
2830,769574053,2830,769647765
2830,769808663,2830,769880672
2830,770041329,2830,770125675
2830,770286266,2830,770362215
2830,770522269,2830,770596328
2830,770756629,2830,770827951
2830,770988025,2830,771068021
2830,771228366,2830,771302271
2830,771462435,2830,771534621
2830,771694712,2830,771766614
2830,771926805,2830,772014741
2830,772174972,2830,772246757
2830,772406925,2830,772478944
2830,772639981,2830,772712580
2830,772872408,2830,772950840
2830,773110431,2830,773184213
2830,773344224,2830,773415513
2830,773575497,2830,773647329
2830,773807080,2830,773928327
2830,774096208,2830,774187191
2830,774348079,2830,774422131
2830,774582365,2830,774654311
2830,774814142,2830,774885284
2830,775045295,2830,775116030
2830,775275541,2830,775345556
2830,775505364,2830,775575916
2830,775735507,2830,775816499
2830,775976504,2830,776050926
2830,776210904,2830,776281826
2830,776441540,2830,776512715
2830,776673530,2830,776742099
2830,776901753,2830,776971618
2830,777131309,2830,777202121
2830,777361826,2830,777432321
2830,777592055,2830,777661677
2830,777822422,2830,777891607
2830,778052411,2830,778127987
2830,778287875,2830,778360717
2830,778520281,2830,778634654
2830,778809876,2830,778898925
2830,779060433,2830,779134091
2830,779320120,2830,779396985
2830,779557753,2830,779633615
2830,779794203,2830,779866735
2830,780039343,2830,780112905
2830,780273259,2830,780347128
2830,780508586,2830,780580348
2830,780740216,2830,780810964
2830,780970699,2830,781043124
2830,781203215,2830,781275880
2830,781436019,2830,781508474
2830,781668241,2830,781742793
2830,781902511,2830,781980244
2830,782140021,2830,782213676
2830,782373418,2830,782442080
2830,782601824,2830,782674689
2830,782834454,2830,782906063
2830,783065810,2830,783138602
2830,783298183,2830,783430807
2830,783606152,2830,783696378
2830,783859606,2830,783932598
2830,784112706,2830,784188925
2830,784349813,2830,784422858
2830,784583596,2830,784655358
2830,784815502,2830,784888577
2830,785048892,2830,785122747
2830,785282882,2830,785356270
2830,785516665,2830,785591710
2830,785751484,2830,785821806
2830,785982991,2830,786060107
2830,786220324,2830,786294733
2830,786454964,2830,786530146
2830,786690024,2830,786767943
2830,786929164,2830,787001113
2830,787161240,2830,787233492
2830,787393243,2830,787464792
2830,787626086,2830,787699032
2830,787859233,2830,787931102
2830,788094859,2830,788217933
2830,788386531,2830,788474870
2830,788636524,2830,788709856
2830,788870594,2830,788946870
2830,789107687,2830,789186516
2830,789355941,2830,789425356
2830,789585544,2830,789659266
2830,789819771,2830,789892459
2830,790052584,2830,790130993
2830,790298330,2830,790374313
2830,790541594,2830,790613543
2830,790773414,2830,790847602
2830,791008770,2830,791087646
2830,791247690,2830,791319222
2830,791480577,2830,791551385
2830,791711286,2830,791783555
2830,791950786,2830,792031765
2830,792192033,2830,792261072
2830,792421063,2830,792492931
2830,792653073,2830,792722328
2830,792889432,2830,792995129
2830,793163530,2830,793247896
2830,793409057,2830,793480782
2830,793641177,2830,793713555
2830,793873663,2830,793955532
2830,794115620,2830,794191152
2830,794350893,2830,794424631
2830,794584563,2830,794659821
2830,794820876,2830,794891658
2830,795051592,2830,795119861
2830,795279922,2830,795347997
2830,795507835,2830,795580593
2830,795740421,2830,795811187
2830,795971801,2830,796044183
2830,796204094,2830,796273846
2830,796433627,2830,796501616
2830,796661440,2830,796731519
2830,796891393,2830,796963099
2830,797124376,2830,797196855
2830,797356960,2830,797427581
2830,797587289,2830,797698665
2830,797874157,2830,797966713
2830,798128687,2830,798205179
2830,798365868,2830,798441066
2830,798601827,2830,798674329
2830,798834837,2830,798910966
2830,799070970,2830,799145536
2830,799305737,2830,799379706
2830,799539680,2830,799611112
2830,799770850,2830,799842005
2830,800014243,2830,800088078
2830,800248043,2830,800318862
2830,800488650,2830,800562782
2830,800723189,2830,800797318
2830,800957316,2830,801030281
2830,801190276,2830,801264301
2830,801424262,2830,801497271
2830,801657165,2830,801731394
2830,801891065,2830,801967684
2830,802127522,2830,802202177
2830,802361698,2830,802499268
2830,802674410,2830,802760049
2830,802921684,2830,802995652
2830,803156150,2830,803231019
2830,803392830,2830,803466492
2830,803626919,2830,803699215
2830,803859400,2830,803933032
2830,804119267,2830,804193089
2830,804353383,2830,804428928
2830,804589063,2830,804661888
2830,804821789,2830,804895335
2830,805056443,2830,805130628
2830,805290672,2830,805363634
2830,805523906,2830,805596531
2830,805756639,2830,805831401
2830,805991185,2830,806073411
2830,806233669,2830,806308737
2830,806468828,2830,806542064
2830,806701988,2830,806775157
2830,806935138,2830,807014943
2830,807175185,2830,807293681
2830,807462136,2830,807548735
2830,807710273,2830,807781785
2830,807942429,2830,808017178
2830,808178086,2830,808252325
2830,808412906,2830,808484904
2830,808645149,2830,808716987
2830,808884315,2830,808954871
2830,809115065,2830,809200254
2830,809360542,2830,809433064
2830,809592642,2830,809665414
2830,809825275,2830,809901670
2830,810061585,2830,810144740
2830,810305771,2830,810380440
2830,810540435,2830,810609460
2830,810769247,2830,810841396
2830,811002614,2830,811079550
2830,811239224,2830,811309929
2830,811476984,2830,811547339
2830,811714240,2830,811786819
2830,811946327,2830,812067800
2830,812237602,2830,812324407
2830,812486678,2830,812557407
2830,812719088,2830,812790067
2830,812951355,2830,813023423
2830,813183364,2830,813252623
2830,813412674,2830,813482836
2830,813643674,2830,813715109
2830,813876480,2830,813956226
2830,814116114,2830,814194836
2830,814354974,2830,814426139
2830,814587020,2830,814658232
2830,814817876,2830,814888025
2830,815048323,2830,815120625
2830,815281502,2830,815351524
2830,815511299,2830,815584001
2830,815744239,2830,815814621
2830,815974795,2830,816046801
2830,816209065,2830,816278710
2830,816438781,2830,816508523
2830,816669548,2830,816786534
2830,816961749,2830,817054288
2830,817216160,2830,817291602
2830,817451869,2830,817525791
2830,817686516,2830,817759661
2830,817920202,2830,817999714
2830,818160172,2830,818234538
2830,818394792,2830,818465767
2830,818625789,2830,818696711
2830,818856461,2830,818934767
2830,819095002,2830,819167100
2830,819326941,2830,819399453
2830,819559508,2830,819632210
2830,819792197,2830,819863303
2830,820028454,2830,820102246
2830,820262090,2830,820335416
2830,820495217,2830,820569239
2830,820728907,2830,820801602
2830,820962616,2830,821036102
2830,821195726,2830,821267995
2830,821427833,2830,821563976
2830,821749935,2830,821838384
2830,821999932,2830,822080541
2830,822242709,2830,822317274
2830,822477745,2830,822550721
2830,822711335,2830,822785370
2830,822945618,2830,823020894
2830,823181268,2830,823256303
2830,823416701,2830,823492374
2830,823653434,2830,823724106
2830,823884124,2830,823955773
2830,824127608,2830,824200033
2830,824360094,2830,824434013
2830,824595030,2830,824668193
2830,824828251,2830,824902419
2830,825062470,2830,825142259
2830,825302057,2830,825374852
2830,825535930,2830,825606112
2830,825767130,2830,825837742
2830,825997696,2830,826076115
2830,826235956,2830,826357286
2830,826525811,2830,826612933
2830,826774575,2830,826847310
2830,827007944,2830,827085043
2830,827245474,2830,827325086
2830,827485494,2830,827556320
2830,827723351,2830,827794886
2830,827954991,2830,828039093
2830,828199137,2830,828272816
2830,828434324,2830,828507799
2830,828668303,2830,828743316
2830,828904607,2830,828976206
2830,829136330,2830,829213845
2830,829373790,2830,829444599
2830,829604526,2830,829676751
2830,829836396,2830,829907795
2830,830074746,2830,830149908
2830,830318109,2830,830388958
2830,830548689,2830,830619194
2830,830786109,2830,830854831
2830,831014668,2830,831131458
2830,831306330,2830,831391286
2830,831553833,2830,831625155
2830,831793003,2830,831862695
2830,832035017,2830,832107172
2830,832267383,2830,832344415
2830,832504149,2830,832575071
2830,832742336,2830,832811278
2830,832978553,2830,833048115
2830,833209123,2830,833278445
2830,833445505,2830,833515337
2830,833676742,2830,833748964
2830,833917225,2830,833994097
2830,834153775,2830,834227054
2830,834394062,2830,834464130
2830,834632322,2830,834702784
2830,834864015,2830,834936570
2830,835097011,2830,835169460
2830,835337771,2830,835407440
2830,835574574,2830,835648510
2830,835808361,2830,835925148
2830,836110419,2830,836197922
2830,836359536,2830,836433732
2830,836594339,2830,836666911
2830,836834746,2830,836908321
2830,837076486,2830,837147342
2830,837314723,2830,837387881
2830,837547879,2830,837626445
2830,837786842,2830,837861948
2830,838029402,2830,838109228
2830,838270493,2830,838344321
2830,838511346,2830,838582721
2830,838749856,2830,838829871
2830,838989526,2830,839061471
2830,839221182,2830,839294884
2830,839463176,2830,839534314
2830,839701342,2830,839772544
2830,839932355,2830,840018501
2830,840180082,2830,840252304
2830,840412279,2830,840484971
2830,840651789,2830,840778109
2830,840953384,2830,841050543
2830,841212494,2830,841286960
2830,841449031,2830,841524079
2830,841684564,2830,841758710
2830,841918984,2830,841998793
2830,842158994,2830,842235363
2830,842395524,2830,842469086
2830,842629017,2830,842704632
2830,842864810,2830,842939439
2830,843112100,2830,843187536
2830,843347710,2830,843424309
2830,843584403,2830,843657589
2830,843817607,2830,843890912
2830,844057057,2830,844131299
2830,844291490,2830,844366338
2830,844526310,2830,844600205
2830,844760183,2830,844834651
2830,844994526,2830,845067831
2830,845227892,2830,845300391
2830,845460522,2830,845580215
2830,845748663,2830,845835696
2830,845997223,2830,846076419
2830,846237000,2830,846309489
2830,846477447,2830,846549095
2830,846716877,2830,846789049
2830,846948990,2830,847020355
2830,847180630,2830,847257998
2830,847425366,2830,847504929
2830,847665003,2830,847738365
