2906,345859007,2906,346115393
2906,347237898,2906,347446873
2906,348551808,2906,348753160
2906,349849968,2906,350045700
2906,351151845,2906,351361184
2906,352464231,2906,352674334
2906,353757336,2906,353904179
2906,354967846,2906,355108662
2906,356174149,2906,356281170
2906,357342341,2906,357476597
2906,358537585,2906,358665517
2906,359726512,2906,359868842
2906,360947646,2906,361066674
2906,362136110,2906,362221239
2906,363282215,2906,363425020
2906,364495845,2906,364611460
2906,365671858,2906,365791267
2906,366851512,2906,366985044
2906,368077585,2906,368314095
2906,369401232,2906,369684276
2906,370769143,2906,371043540
2906,372160655,2906,372409529
2906,373490611,2906,373744418
2906,374817536,2906,375065357
2906,376159329,2906,376372140
2906,377435194,2906,377639307
2906,378700151,2906,378896951
2906,379964829,2906,380156007
2906,381216929,2906,381398291
2906,382459047,2906,382668719
2906,383736589,2906,383926574
2906,385011545,2906,385179581
2906,386240123,2906,386424236
2906,387491321,2906,387681638
2906,388766323,2906,388931283
2906,389991429,2906,390168125
2906,391228161,2906,391400757
2906,392477960,2906,392661639
2906,393721589,2906,394015141
2906,395105025,2906,395370163
2906,396481071,2906,396742481
2906,397838551,2906,398123754
2906,399208424,2906,399486511
2906,400590784,2906,400819507
2906,401894803,2906,402124758
2906,403193441,2906,403435017
2906,404530650,2906,404704191
2906,405765561,2906,405966156
2906,407027200,2906,407237922
2906,408324902,2906,408520507
2906,409581708,2906,409850782
2906,410931680,2906,411218368
2906,412339104,2906,412595455
2906,413680118,2906,413974810
2906,415054687,2906,415306001
2906,416402522,2906,416638700
2906,417702042,2906,417905731
2906,418966880,2906,419189964
2906,420282627,2906,420477773
2906,421538977,2906,421734173
2906,422795301,2906,423010447
2906,424095085,2906,424297441
2906,425357755,2906,425539423
2906,426606576,2906,426820496
2906,427880689,2906,428059887
2906,429120166,2906,429294855
2906,430355147,2906,430531202
2906,431591480,2906,431760235
2906,432853051,2906,433009719
2906,434070867,2906,434285549
2906,435386689,2906,435638299
2906,436762009,2906,436987988
2906,438082484,2906,438311500
2906,439407340,2906,439660217
2906,440773966,2906,441004366
2906,442082752,2906,442272427
2906,443345876,2906,443543918
2906,444634348,2906,444836107
2906,445899139,2906,446053760
2906,447114690,2906,447275351
2906,448340921,2906,448479024
2906,449539707,2906,449697472
2906,450758155,2906,450929413
2906,451990136,2906,452170672
2906,453232049,2906,453399490
2906,454460367,2906,454623158
2906,455683221,2906,455836919
2906,456914253,2906,457060040
2906,458119970,2906,458280485
2906,459340305,2906,459596402
2906,460712101,2906,460941097
2906,462027567,2906,462253866
2906,463335030,2906,463588804
2906,464691444,2906,464925267
2906,465998680,2906,466184435
2906,467253418,2906,467439290
2906,468520676,2906,468682944
2906,469744160,2906,469904837
2906,470965646,2906,471148551
2906,472213457,2906,472336564
2906,473397263,2906,473555404
2906,474615506,2906,474776323
2906,475836879,2906,475997730
2906,477093847,2906,477250195
2906,478311040,2906,478483702
2906,479544271,2906,479707629
2906,480785255,2906,480943993
2906,482004479,2906,482170204
2906,483230931,2906,483395032
2906,484463905,2906,484713835
2906,485803439,2906,486027265
2906,487113679,2906,487367873
2906,488481218,2906,488722994
2906,489809255,2906,490058305
2906,491131375,2906,491359731
2906,492446898,2906,492663018
2906,493726240,2906,493904962
2906,494966151,2906,495161274
2906,496224040,2906,496388464
2906,497449707,2906,497616948
2906,498677711,2906,498873413
2906,499934309,2906,500118464
2906,501179306,2906,501344678
2906,502405494,2906,502591439
2906,503652304,2906,503832903
2906,504918479,2906,505076940
2906,506138107,2906,506291171
2906,507351340,2906,507527585
2906,508596618,2906,508761013
2906,509821172,2906,510083779
2906,511179010,2906,511420227
2906,512554541,2906,512792631
2906,513880572,2906,514139615
2906,515228842,2906,515452428
2906,516557926,2906,516740481
2906,517814414,2906,517990856
2906,519054082,2906,519208513
2906,520278729,2906,520411259
2906,521472299,2906,521604799
2906,522665732,2906,522823296
2906,523884113,2906,524019206
2906,525079756,2906,525231743
2906,526292076,2906,526421606
2906,527482529,2906,527619559
2906,528704633,2906,528827533
2906,529888546,2906,530037626
2906,531097989,2906,531231013
2906,532322133,2906,532445280
2906,533505622,2906,533624275
2906,534684418,2906,534895284
2906,535996671,2906,536241538
2906,537331235,2906,537546564
2906,538647971,2906,538873475
2906,539963425,2906,540204501
2906,541296062,2906,541482150
2906,542560353,2906,542751102
2906,543830079,2906,543999063
2906,545111834,2906,545229027
2906,546296007,2906,546417640
2906,547477447,2906,547609417
2906,548692980,2906,548805467
2906,549866403,2906,549998797
2906,551059583,2906,551178509
2906,552271103,2906,552377366
2906,553438245,2906,553556272
2906,554616642,2906,554748922
2906,555808675,2906,555920098
2906,556996664,2906,557114027
2906,558173893,2906,558298150
2906,559357926,2906,559556118
2906,560650639,2906,560832147
2906,561913277,2906,562120346
2906,563201499,2906,563414611
2906,564524382,2906,564725938
2906,565799257,2906,565969876
2906,567039082,2906,567212447
2906,568298917,2906,568454898
2906,569517755,2906,569639038
2906,570699917,2906,570833798
2906,571911431,2906,572042998
2906,573104118,2906,573223931
2906,574284740,2906,574416767
2906,575477487,2906,575605577
2906,576691010,2906,576805767
2906,577866453,2906,578004553
2906,579065186,2906,579191886
2906,580269263,2906,580397066
2906,581457179,2906,581573795
2906,582633548,2906,582772645
2906,583832518,2906,584039330
2906,585123804,2906,585330129
2906,586415703,2906,586646283
2906,587731120,2906,587958389
2906,589060696,2906,589286989
2906,590366609,2906,590548911
2906,591623834,2906,591797306
2906,592883556,2906,593048250
2906,594111107,2906,594246257
2906,595307263,2906,595455947
2906,596517667,2906,596660871
2906,597721663,2906,597863977
2906,598924620,2906,599078198
2906,600142337,2906,600271571
2906,601332330,2906,601473067
2906,602533344,2906,602698321
2906,603758214,2906,603908842
2906,604993605,2906,605134776
2906,606194698,2906,606331572
2906,607391468,2906,607541956
2906,608610845,2906,608784437
2906,609876030,2906,610073926
2906,611162022,2906,611388002
2906,612518153,2906,612733536
2906,613828293,2906,614015395
2906,615093771,2906,615275716
2906,616377530,2906,616544315
2906,617607298,2906,617751012
2906,618812091,2906,618951518
2906,620021051,2906,620145855
2906,621206788,2906,621343875
2906,622411655,2906,622544881
2906,623605558,2906,623739958
2906,624824822,2906,624951032
2906,626011828,2906,626142251
2906,627202381,2906,627333864
2906,628402934,2906,628504224
2906,629564046,2906,629689323
2906,630749296,2906,630884497
2906,631944266,2906,632070780
2906,633160966,2906,633313884
2906,634407627,2906,634616156
2906,635713083,2906,635936860
2906,637065188,2906,637235349
2906,638325253,2906,638558069
2906,639638412,2906,639799857
2906,640898360,2906,641076505
2906,642156532,2906,642327290
2906,643390130,2906,643515137
2906,644591493,2906,644702676
2906,645763769,2906,645908869
2906,646969709,2906,647104566
2906,648197040,2906,648333884
2906,649394573,2906,649521943
2906,650582576,2906,650722920
2906,651783359,2906,651903026
2906,652979803,2906,653092856
2906,654153135,2906,654269418
2906,655336498,2906,655475678
2906,656544451,2906,656684968
2906,657745147,2906,657954217
2906,659042637,2906,659246203
2906,660356373,2906,660562349
2906,661643582,2906,661847178
2906,662931525,2906,663146064
2906,664236814,2906,664401346
2906,665470659,2906,665630020
2906,666698890,2906,666857154
2906,667919920,2906,668055257
2906,669116543,2906,669239967
2906,670300866,2906,670432920
2906,671493619,2906,671620520
2906,672705643,2906,672833996
2906,673894866,2906,674036956
2906,675097156,2906,675231079
2906,676315896,2906,676444463
2906,677504499,2906,677652353
2906,678712229,2906,678847583
2906,679907562,2906,680049443
2906,681134536,2906,681266363
2906,682327843,2906,682544185
2906,683631295,2906,683832741
2906,684949809,2906,685161251
2906,686247301,2906,686457851
2906,687546108,2906,687785927
2906,688889301,2906,689060953
2906,690129982,2906,690301610
2906,691370200,2906,691533398
2906,692621185,2906,692753068
2906,693814125,2906,693955492
2906,695016265,2906,695164762
2906,696227469,2906,696369009
2906,697429792,2906,697563112
2906,698623888,2906,698777403
2906,699838045,2906,699978226
2906,701063133,2906,701205157
2906,702265419,2906,702410060
2906,703469902,2906,703625924
2906,704694810,2906,704839304
2906,705899240,2906,706037247
2906,707097106,2906,707285165
2906,708369735,2906,708560240
2906,709662314,2906,709859556
2906,710952170,2906,711168676
2906,712288314,2906,712514440
2906,713589083,2906,713754257
2906,714823557,2906,715000935
2906,716104083,2906,716279731
2906,717349550,2906,717495551
2906,718556848,2906,718698081
2906,719759111,2906,719886194
2906,720964564,2906,721105732
2906,722166688,2906,722300942
2906,723361937,2906,723500968
2906,724600135,2906,724726832
2906,725793985,2906,725926035
2906,726986032,2906,727121999
2906,728184715,2906,728318892
2906,729378948,2906,729518212
2906,730585281,2906,730737839
2906,731804861,2906,732036741
2906,733136302,2906,733364688
2906,734461998,2906,734683881
2906,735788955,2906,736023375
2906,737119552,2906,737339258
2906,738436032,2906,738632000
2906,739712874,2906,739894745
2906,740984989,2906,741146557
2906,742226204,2906,742339107
2906,743400116,2906,743523663
2906,744606860,2906,744724916
2906,745801459,2906,745929993
2906,746990872,2906,747127533
2906,748213596,2906,748328869
2906,749389669,2906,749508462
2906,750569105,2906,750707509
2906,751774625,2906,751898825
2906,752975478,2906,753080321
2906,754140344,2906,754262388
2906,755322304,2906,755459294
2906,756528101,2906,756735627
2906,757832340,2906,758045583
2906,759127679,2906,759333385
2906,760444823,2906,760628211
2906,761701741,2906,761883609
2906,762952919,2906,763120193
2906,764206747,2906,764371888
2906,765434681,2906,765564717
2906,766625550,2906,766771541
2906,767832277,2906,767960514
2906,769045250,2906,769171957
2906,770232550,2906,770348380
2906,771408956,2906,771537316
2906,772622663,2906,772734930
2906,773795619,2906,773930143
2906,774990876,2906,775131690
2906,776215937,2906,776358484
2906,777418573,2906,777537434
2906,778597416,2906,778733803
2906,779793509,2906,779921693
2906,781005533,2906,781211692
2906,782316252,2906,782548862
2906,783638903,2906,783862849
2906,784984833,2906,785195099
2906,786279086,2906,786517562
2906,787595959,2906,787788004
2906,788893475,2906,789059496
2906,790128356,2906,790294530
2906,791381197,2906,791535411
2906,792605501,2906,792726847
2906,793787647,2906,793929984
2906,794990667,2906,795144641
2906,796237468,2906,796395562
2906,797456388,2906,797591722
2906,798652511,2906,798802682
2906,799862675,2906,800035880
2906,801096449,2906,801242937
2906,802303923,2906,802439260
2906,803500136,2906,803634190
2906,804718887,2906,804852631
2906,805913394,2906,806105769
2906,807204199,2906,807417919
2906,808552454,2906,808766786
2906,809856653,2906,810065259
2906,811149169,2906,811354174
2906,812462552,2906,812630933
2906,813710349,2906,813864864
2906,814940327,2906,815114981
2906,816182798,2906,816292768
2906,817353750,2906,817487794
2906,818548110,2906,818684790
2906,819745427,2906,819877320
2906,820977001,2906,821105178
2906,822165311,2906,822294094
2906,823361010,2906,823495691
2906,824571501,2906,824704551
2906,825764467,2906,825896084
2906,826962844,2906,827099241
2906,828190321,2906,828312455
2906,829372437,2906,829498787
2906,830565597,2906,830770633
2906,831871777,2906,832101797
2906,833191650,2906,833391119
2906,834481076,2906,834707832
2906,835811533,2906,836030646
2906,837108835,2906,837292717
2906,838372150,2906,838544888
2906,839623761,2906,839794016
2906,840880713,2906,840997393
2906,842065536,2906,842190572
2906,843251265,2906,843386739
2906,844470506,2906,844588973
2906,845649998,2906,845775512
2906,846836408,2906,846965442
2906,848057739,2906,848171205
2906,849238452,2906,849355705
2906,850422731,2906,850546784
2906,851606854,2906,851724511
2906,852801111,2906,852912484
2906,853979606,2906,854103280
2906,855163296,2906,855367125
2906,856465215,2906,856672754
2906,857753871,2906,857961910
2906,859043026,2906,859263162
2906,860373166,2906,860574849
2906,861654805,2906,861817343
2906,862893273,2906,863056061
2906,864142484,2906,864303199
2906,865366162,2906,865504862
2906,866565978,2906,866709866
2906,867777642,2906,867905739
2906,868983063,2906,869102946
2906,870170636,2906,870291732
2906,871351731,2906,871481522
2906,872567005,2906,872682092
2906,873743065,2906,873872445
2906,874940068,2906,875078018
2906,876162098,2906,876288495
2906,877348461,2906,877488205
2906,878555161,2906,878692531
2906,879752324,2906,879940423
2906,881053383,2906,881236185
2906,882317839,2906,882518097
2906,883611475,2906,883843127
2906,884960338,2906,885185985
2906,886259471,2906,886424789
2906,887494045,2906,887673390
2906,888767294,2906,888922598
2906,889985618,2906,890125685
2906,891186781,2906,891316102
2906,892378411,2906,892503578
2906,893564507,2906,893698685
2906,894759540,2906,894913585
2906,895973771,2906,896136919
2906,897197622,2906,897337082
2906,898397041,2906,898541039
2906,899600982,2906,899750346
2906,900843163,2906,900980677
2906,902041756,2906,902166593
2906,903227345,2906,903361826
2906,904431518,2906,904612023
2906,905693463,2906,905887532
2906,906971129,2906,907178274
2906,908305472,2906,908527702
2906,909622322,2906,909834602
2906,910918315,2906,911089313
2906,912196367,2906,912358342
2906,913431181,2906,913588989
2906,914651978,2906,914803590
2906,915871559,2906,915997323
2906,917095526,2906,917233723
2906,918294770,2906,918426890
2906,919487476,2906,919623077
2906,920707857,2906,920835110
2906,921895943,2906,922038867
2906,923106273,2906,923226243
2906,924317277,2906,924448384
2906,925508437,2906,925646737
2906,926713587,2906,926837744
2906,927897649,2906,928032413
2906,929092326,2906,929273614
2906,930370108,2906,930582488
2906,931677488,2906,931890357
2906,933012685,2906,933206484
2906,934310704,2906,934522657
2906,935622260,2906,935816339
2906,936922826,2906,937090648
2906,938176391,2906,938353449
2906,939416249,2906,939569200
2906,940653560,2906,940779373
2906,941847520,2906,941979257
2906,943040196,2906,943186400
2906,944278974,2906,944401004
2906,945468927,2906,945596080
2906,946657040,2906,946791393
2906,947851780,2906,947976566
2906,949060356,2906,949166756
2906,950234669,2906,950358696
2906,951426229,2906,951546602
2906,952616212,2906,952757829
2906,953818575,2906,954009730
2906,955095173,2906,955321239
2906,956430750,2906,956628562
2906,957725146,2906,957940209
2906,959027849,2906,959250225
2906,960348773,2906,960518834
2906,961589420,2906,961747995
2906,962816761,2906,962996362
2906,964083136,2906,964225070
2906,965286020,2906,965428714
2906,966496373,2906,966630700
2906,967691560,2906,967821093
2906,968890536,2906,969020810
2906,970081526,2906,970212086
2906,971279752,2906,971407833
2906,972500623,2906,972620643
2906,973680946,2906,973800482
2906,974867482,2906,975004519
2906,976081192,2906,976216926
2906,977284709,2906,977409212
2906,978469992,2906,978675667
2906,979765674,2906,979972710
2906,981090304,2906,981309220
2906,982399054,2906,982629737
2906,983717051,2906,983946393
2906,985043274,2906,985225353
2906,986294592,2906,986470827
2906,987539493,2906,987726148
2906,988806448,2906,988940296
2906,990001598,2906,990141939
2906,991202868,2906,991353769
2906,992416269,2906,992557702
2906,993618502,2906,993750452
2906,994818062,2906,994963563
2906,996049353,2906,996198780
2906,997259586,2906,997401817
2906,998470583,2906,998619157
2906,999679443,2906,999833288
2907,000910581,2907,001051934
2907,002112171,2907,002257998
2907,003318057,2907,003512466
2907,004627481,2907,004836456
2907,005930993,2907,006148489
2907,007247650,2907,007471216
2907,008598527,2907,008819100
2907,009913800,2907,010112816
2907,011207620,2907,011397042
2907,012497049,2907,012670260
2907,013733357,2907,013892224
2907,014953384,2907,015104848
2907,016169164,2907,016300738
2907,017361497,2907,017510214
2907,018571084,2907,018709151
2907,019769770,2907,019904524
2907,021004115,2907,021150565
2907,022211458,2907,022357565
2907,023417705,2907,023582122
2907,024658412,2907,024803486
2907,025863536,2907,025998006
2907,027057903,2907,027200253
2907,028284493,2907,028482222
2907,029586693,2907,029814062
2907,030904283,2907,031132546
2907,032248137,2907,032457569
2907,033560856,2907,033787369
2907,034881396,2907,035084002
2907,036182126,2907,036358547
2907,037437334,2907,037609189
2907,038672265,2907,038819189
2907,039887288,2907,040025398
2907,041086325,2907,041225742
2907,042286711,2907,042422102
2907,043482864,2907,043625718
2907,044718462,2907,044843795
2907,045904648,2907,046053399
2907,047120535,2907,047249055
2907,048325822,2907,048451642
2907,049511828,2907,049651392
2907,050711472,2907,050860953
2907,051921035,2907,052061606
2907,053132022,2907,053312237
2907,054402424,2907,054630531
2907,055712604,2907,055923550
2907,057034147,2907,057236856
2907,058322743,2907,058543989
2907,059632292,2907,059810114
2907,060910905,2907,061077986
2907,062150066,2907,062313940
2907,063377093,2907,063512254
2907,064589020,2907,064714927
2907,065776116,2907,065915220
2907,066975916,2907,067121867
2907,068214690,2907,068356678
2907,069417568,2907,069561218
2907,070621961,2907,070762361
2907,071822527,2907,071960178
2907,073036944,2907,073170055
2907,074237081,2907,074369458
2907,075429477,2907,075568438
2907,076637274,2907,076777021
2907,077836997,2907,078054340
2907,079147420,2907,079357103
2907,080477800,2907,080710533
2907,081807681,2907,082047300
2907,083132214,2907,083358530
2907,084457410,2907,084678643
2907,085749310,2907,085918558
2907,086987448,2907,087170019
2907,088257230,2907,088405014
2907,089466156,2907,089622001
2907,090682827,2907,090839741
2907,091900521,2907,092064918
2907,093125608,2907,093270922
2907,094330931,2907,094484412
2907,095551908,2907,095695932
2907,096781266,2907,096928117
2907,097988790,2907,098126704
2907,099193956,2907,099332757
2907,100409617,2907,100545917
2907,101605833,2907,101748544
2907,102815170,2907,103024560
2907,104148997,2907,104363163
2907,105451330,2907,105659709
2907,106752806,2907,106966302
2907,108079186,2907,108308356
2907,109403382,2907,109604088
2907,110682711,2907,110850796
2907,111925232,2907,112096674
2907,113159396,2907,113293490
2907,114354433,2907,114489230
2907,115550239,2907,115680293
2907,116750693,2907,116888217
2907,117949026,2907,118082103
2907,119142780,2907,119283564
2907,120383744,2907,120517341
2907,121591548,2907,121727075
2907,122788174,2907,122935365
2907,123996265,2907,124179113
2907,125240406,2907,125376930
2907,126437665,2907,126577996
2907,127638222,2907,127826160
2907,128942508,2907,129143057
2907,130239160,2907,130453626
2907,131549830,2907,131768940
2907,132886754,2907,133096187
2907,134186127,2907,134373252
2907,135454638,2907,135629430
2907,136711543,2907,136883924
2907,137946694,2907,138075521
2907,139136437,2907,139265687
2907,140329020,2907,140443373
2907,141504482,2907,141639380
2907,142700195,2907,142830076
2907,143897989,2907,144031582
2907,145092436,2907,145221416
2907,146282195,2907,146413852
2907,147474145,2907,147610322
2907,148687222,2907,148809242
2907,149876312,2907,150007259
2907,151067222,2907,151208242
2907,152284742,2907,152479397
2907,153566488,2907,153771657
2907,154858020,2907,155072406
2907,156178770,2907,156390382
2907,157473959,2907,157693632
2907,158767088,2907,158949040
2907,160035906,2907,160218585
2907,161287408,2907,161449649
2907,162512342,2907,162657193
2907,163717942,2907,163862969
2907,164939799,2907,165069913
2907,166130559,2907,166257939
2907,167318662,2907,167455842
2907,168541702,2907,168657496
2907,169718159,2907,169855146
2907,170922792,2907,171069363
2907,172146519,2907,172291340
2907,173351376,2907,173479670
2907,174539759,2907,174676730
2907,175736549,2907,175865893
2907,176942659,2907,177139055
2907,178231761,2907,178446214
2907,179531241,2907,179761924
2907,180878818,2907,181093654
2907,182180954,2907,182402704
2907,183492791,2907,183684302
2907,184773743,2907,184942244
2907,186010977,2907,186172795
2907,187235505,2907,187383535
2907,188453408,2907,188588672
2907,189648692,2907,189792249
2907,190852801,2907,191000505
2907,192093416,2907,192239383
2907,193300199,2907,193442157
2907,194502993,2907,194655457
2907,195716080,2907,195857344
2907,196934884,2907,197079521
2907,198142004,2907,198282231
2907,199349777,2907,199483267
2907,200552247,2907,200695031
2907,201754823,2907,201948876
2907,203040676,2907,203269779
2907,204399183,2907,204620789
2907,205709230,2907,205925716
2907,207017986,2907,207231702
2907,208350793,2907,208545018
2907,209623258,2907,209787783
2907,210860409,2907,211034178
2907,212099887,2907,212241104
2907,213302257,2907,213438574
2907,214499307,2907,214638598
2907,215699390,2907,215836538
2907,216936138,2907,217073232
2907,218134075,2907,218260015
2907,219320101,2907,219453988
2907,220529894,2907,220663215
2907,221723134,2907,221857485
2907,222917447,2907,223062115
2907,224146408,2907,224273058
2907,225333201,2907,225447617
2907,226507530,2907,226717689
2907,227811156,2907,228034489
2907,229128382,2907,229359019
2907,230455596,2907,230681322
2907,231802830,2907,232033773
2907,233134417,2907,233327692
2907,234410245,2907,234597697
2907,235677127,2907,235859503
2907,236940279,2907,237074789
2907,238136016,2907,238258025
2907,239318922,2907,239455159
2907,240539129,2907,240654556
2907,241715245,2907,241848269
2907,242924922,2907,243057389
2907,244120675,2907,244236251
2907,245298288,2907,245410024
2907,246470810,2907,246604234
2907,247664873,2907,247794744
2907,248880137,2907,249004134
2907,250064990,2907,250188910
2907,251248980,2907,251465839
2907,252563219,2907,252771422
2907,253852528,2907,254072805
2907,255154295,2907,255366627
2907,256476805,2907,256653436
2907,257728913,2907,257885504
2907,258954387,2907,259131585
2907,260211931,2907,260345468
2907,261406561,2907,261541948
2907,262602747,2907,262749565
2907,263817421,2907,263956522
2907,265033155,2907,265156421
2907,266217178,2907,266338311
2907,267405661,2907,267534804
2907,268619454,2907,268741841
2907,269801720,2907,269930321
2907,270997191,2907,271143668
2907,272220358,2907,272349115
2907,273409138,2907,273568065
2907,274627988,2907,274768629
2907,275828602,2907,276035864
2907,277118067,2907,277322663
2907,278408423,2907,278634149
2907,279724319,2907,279960256
2907,281062096,2907,281291453
2907,282364709,2907,282551994
2907,283621124,2907,283813159
2907,284899566,2907,285067421
2907,286130347,2907,286282408
2907,287343667,2907,287483385
2907,288567008,2907,288708129
2907,289769031,2907,289914482
2907,290975135,2907,291121406
2907,292207132,2907,292352216
2907,293413002,2907,293556363
2907,294624169,2907,294778020
2907,295838246,2907,295982336
2907,297066483,2907,297211547
2907,298271677,2907,298412651
2907,299472580,2907,299616457
2907,300685457,2907,300868812
2907,301956789,2907,302146371
2907,303241478,2907,303446913
2907,304577282,2907,304804651
2907,305895541,2907,306110991
2907,307202665,2907,307407373
2907,308512484,2907,308694409
2907,309768386,2907,309942161
2907,311004823,2907,311155511
2907,312219107,2907,312348604
2907,313409507,2907,313545310
2907,314605830,2907,314750857
2907,315811750,2907,315950884
2907,317057691,2907,317189884
2907,318250827,2907,318381981
2907,319442427,2907,319584815
2907,320661134,2907,320788498
2907,321848564,2907,321996371
2907,323063264,2907,323193285
2907,324284161,2907,324424442
2907,325484545,2907,325683040
2907,326781091,2907,326995673
2907,328117795,2907,328325440
2907,329418601,2907,329636857
2907,330732514,2907,330957490
2907,332065017,2907,332251553
2907,333332709,2907,333515257
2907,334588937,2907,334767056
2907,335829838,2907,335970462
2907,337040472,2907,337163668
2907,338224531,2907,338329857
2907,339390583,2907,339523450
2907,340615640,2907,340737071
2907,341811760,2907,341941150
2907,343001190,2907,343141404
2907,344219214,2907,344344444
2907,345405340,2907,345541937
2907,346602514,2907,346732981
2907,347793173,2907,347919294
2907,348996014,2907,349118204
2907,350178450,2907,350373915
2907,351462895,2907,351670401
2907,352763195,2907,352972891
2907,354054147,2907,354254707
2907,355335790,2907,355546092
2907,356644403,2907,356802550
2907,357871750,2907,358039181
2907,359107984,2907,359280796
2907,360367669,2907,360501566
2907,361562605,2907,361701649
2907,362762378,2907,362896529
2907,363964232,2907,364096419
2907,365157568,2907,365295078
2907,366355282,2907,366491408
2907,367551378,2907,367702805
2907,368779615,2907,368909482
2907,369969335,2907,370088515
2907,371155315,2907,371292655
2907,372370322,2907,372501269
2907,373561928,2907,373685401
2907,374745834,2907,374933843
2907,376051441,2907,376266957
2907,377352727,2907,377578686
2907,378663023,2907,378898070
2907,379994460,2907,380268158
2907,381341131,2907,381527423
2907,382596402,2907,382768673
2907,383837236,2907,384043912
2907,385106868,2907,385247202
2907,386308198,2907,386457879
2907,387518588,2907,387663242
2907,388732972,2907,388884122
2907,389944805,2907,390084822
2907,391152069,2907,391302626
2907,392388173,2907,392523357
2907,393584087,2907,393720407
2907,394781133,2907,394927750
2907,395987730,2907,396156542
2907,397216768,2907,397358325
2907,398425318,2907,398577882
2907,399644825,2907,399852771
2907,400967252,2907,401167731
2907,402256424,2907,402462846
2907,403548716,2907,403760215
2907,404886563,2907,405102026
2907,406191943,2907,406371858
2907,407445394,2907,407622999
2907,408712020,2907,408864517
2907,409927303,2907,410064094
2907,411125043,2907,411260714
2907,412331253,2907,412455617
2907,413516236,2907,413652800
2907,414713453,2907,414847840
2907,415908442,2907,416061490
2907,417122169,2907,417250189
2907,418310795,2907,418458636
2907,419525812,2907,419669596
2907,420760886,2907,420892603
2907,421952676,2907,422078393
2907,423138509,2907,423272209
2907,424356260,2907,424530248
2907,425627541,2907,425845698
2907,426941525,2907,427162304
2907,428282195,2907,428472578
2907,429570098,2907,429790714
2907,430868294,2907,431049699
2907,432141060,2907,432302791
2907,433383434,2907,433559046
2907,434621919,2907,434757556
2907,435818525,2907,435947716
2907,437017608,2907,437139052
2907,438200168,2907,438322478
2907,439383301,2907,439540055
2907,440632052,2907,440755452
2907,441815714,2907,441952801
2907,443013041,2907,443154158
2907,444231734,2907,444371271
2907,445432244,2907,445553911
2907,446614737,2907,446761384
2907,447821600,2907,447956007
2907,449032964,2907,449222189
2907,450309266,2907,450513828
2907,451610529,2907,451823868
2907,452934056,2907,453142668
2907,454223821,2907,454431077
2907,455512217,2907,455698719
2907,456784006,2907,456956870
2907,458025730,2907,458184634
2907,459247601,2907,459401902
2907,460479625,2907,460606802
2907,461667621,2907,461805692
2907,462866234,2907,463014599
2907,464100322,2907,464231869
2907,465292522,2907,465405962
2907,466474528,2907,466607785
2907,467667798,2907,467803758
2907,468880715,2907,469008815
2907,470068764,2907,470174247
2907,471234083,2907,471374620
2907,472443364,2907,472577334
2907,473637240,2907,473851116
2907,474938676,2907,475149958
2907,476266056,2907,476487868
2907,477574025,2907,477808375
2907,478892442,2907,479115475
2907,480212645,2907,480410744
2907,481480164,2907,481656229
2907,482724802,2907,482912507
2907,483975220,2907,484145882
2907,485207678,2907,485353572
2907,486414365,2907,486568449
2907,487629198,2907,487781986
2907,488859736,2907,488997899
2907,490058549,2907,490198429
2907,491259196,2907,491408013
2907,492477219,2907,492630187
2907,493690123,2907,493832543
2907,494892536,2907,495041133
2907,496118196,2907,496258847
2907,497318793,2907,497454273
2907,498514046,2907,498723685
2907,499812506,2907,500053272
2907,501147803,2907,501364015
2907,502453619,2907,502668678
2907,503772176,2907,503982228
2907,505066035,2907,505261827
2907,506336390,2907,506509235
2907,507578944,2907,507768510
2907,508863470,2907,509012031
2907,510080067,2907,510206817
2907,511267690,2907,511402160
2907,512466786,2907,512574666
2907,513635422,2907,513785583
2907,514852922,2907,514991433
2907,516083516,2907,516207610
2907,517274689,2907,517413226
2907,518473103,2907,518618554
2907,519678306,2907,519819237
2907,520903143,2907,521046917
2907,522113981,2907,522245974
2907,523312984,2907,523522970
2907,524628784,2907,524842727
2907,525940801,2907,526147250
2907,527239887,2907,527452343
2907,528573814,2907,528775413
2907,529878797,2907,530093466
2907,531171776,2907,531347791
2907,532438385,2907,532616380
2907,533679373,2907,533819503
2907,534880589,2907,535019756
2907,536090086,2907,536199525
2907,537260725,2907,537396618
2907,538457594,2907,538594834
2907,539655044,2907,539783434
2907,540876077,2907,540994090
2907,542054970,2907,542181493
2907,543249383,2907,543384674
2907,544453663,2907,544575463
2907,545635329,2907,545762486
2907,546822279,2907,546961256
2907,548037923,2907,548266002
2907,549355223,2907,549562482
2907,550647632,2907,550863581
2907,551955665,2907,552195395
2907,553280428,2907,553470090
2907,554540573,2907,554720895
2907,555789741,2907,555958890
2907,557039936,2907,557174963
2907,558235956,2907,558363773
2907,559424669,2907,559556673
2907,560632662,2907,560768929
2907,561847003,2907,561964253
2907,563025242,2907,563157283
2907,564243240,2907,564372943
2907,565433596,2907,565569739
2907,566630439,2907,566776843
2907,567836782,2907,567971683
2907,569048635,2907,569177402
2907,570237732,2907,570360559
2907,571420288,2907,571556598
2907,572625528,2907,572849398
2907,573937671,2907,574130427
2907,575216994,2907,575438973
2907,576549554,2907,576767483
2907,577851540,2907,578059666
2907,579130215,2907,579303220
2907,580389730,2907,580561622
2907,581624548,2907,581764255
2907,582825118,2907,582966675
2907,584029345,2907,584174532
2907,585235462,2907,585377815
