2896,636480803,2896,636714190
2896,637592704,2896,637799725
2896,638636570,2896,638760270
2896,639601725,2896,639818373
2896,640661739,2896,640900503
2896,641740595,2896,641940020
2896,642774629,2896,642953305
2896,643756778,2896,643897188
2896,644709358,2896,644840225
2896,645641652,2896,645783329
2896,646584199,2896,646691119
2896,647491773,2896,647632463
2896,648436783,2896,648551550
2896,649352514,2896,649477963
2896,650278120,2896,650372165
2896,651172852,2896,651339115
2896,652172260,2896,652306021
2896,653106478,2896,653253504
2896,654053685,2896,654248378
2896,655086092,2896,655394788
2896,656233216,2896,656460011
2896,657269248,2896,657503739
2896,658306546,2896,658508165
2896,659309103,2896,659506512
2896,660331802,2896,660513681
2896,661314838,2896,661499503
2896,662300241,2896,662486695
2896,663287293,2896,663460952
2896,664261827,2896,664421011
2896,665221439,2896,665405629
2896,666212679,2896,666357331
2896,667157952,2896,667310453
2896,668113895,2896,668241181
2896,669041152,2896,669180498
2896,669980406,2896,670096919
2896,670896737,2896,671044673
2896,671844537,2896,671998039
2896,672881362,2896,673015029
2896,673815190,2896,674025676
2896,674862936,2896,675110581
2896,675935065,2896,676141249
2896,676950163,2896,677108031
2896,677910818,2896,678056036
2896,678857170,2896,679011088
2896,679812062,2896,679978629
2896,680797192,2896,680934765
2896,681735739,2896,681899958
2896,682700812,2896,682853565
2896,683654059,2896,683805898
2896,684639215,2896,684774251
2896,685574936,2896,685723109
2896,686530890,2896,686678566
2896,687480780,2896,687617397
2896,688427055,2896,688561478
2896,689362099,2896,689556408
2896,690374762,2896,690588020
2896,691412680,2896,691622029
2896,692475212,2896,692669271
2896,693472642,2896,693625225
2896,694426346,2896,694570593
2896,695371208,2896,695533107
2896,696334155,2896,696451570
2896,697252482,2896,697399273
2896,698206792,2896,698303343
2896,699104194,2896,699270276
2896,700102548,2896,700232398
2896,701033383,2896,701176627
2896,701977252,2896,702107329
2896,702914091,2896,703061668
2896,703869100,2896,704027401
2896,704828266,2896,704970728
2896,705771046,2896,705910668
2896,706710536,2896,706851591
2896,707651520,2896,707902145
2896,708760821,2896,708982540
2896,709805483,2896,709992509
2896,710796078,2896,710965206
2896,711766665,2896,711911366
2896,712738438,2896,712862857
2896,713664008,2896,713812212
2896,714613243,2896,714759704
2896,715560157,2896,715703395
2896,716535837,2896,716668072
2896,717469492,2896,717609640
2896,718410680,2896,718548816
2896,719349773,2896,719489585
2896,720299315,2896,720434853
2896,721235903,2896,721389582
2896,722189922,2896,722331575
2896,723131682,2896,723287027
2896,724112088,2896,724253239
2896,725053606,2896,725192233
2896,725999737,2896,726130490
2896,726930627,2896,727167604
2896,727983215,2896,728188576
2896,728998909,2896,729157619
2896,729977306,2896,730083358
2896,730891172,2896,731045525
2896,731846215,2896,731999948
2896,732817441,2896,732961287
2896,733761956,2896,733901943
2896,734702489,2896,734832688
2896,735640207,2896,735787920
2896,736606026,2896,736731969
2896,737532675,2896,737669188
2896,738476684,2896,738620355
2896,739420117,2896,739570597
2896,740379227,2896,740512510
2896,741312269,2896,741464319
2896,742264055,2896,742378568
2896,743178150,2896,743315330
2896,744117677,2896,744246033
2896,745047786,2896,745181840
2896,745982402,2896,746189528
2896,747025275,2896,747221730
2896,748063338,2896,748234077
2896,749037273,2896,749193144
2896,749994154,2896,750138081
2896,750938777,2896,751119163
2896,751926936,2896,752078471
2896,752879094,2896,753040159
2896,753841128,2896,754008853
2896,754816696,2896,754986938
2896,755787747,2896,755953369
2896,756793500,2896,756935247
2896,757735949,2896,757900521
2896,758701033,2896,758855927
2896,759656463,2896,759821908
2896,760647410,2896,760780897
2896,761581614,2896,761734798
2896,762541702,2896,762711007
2896,763510971,2896,763682245
2896,764486339,2896,764588892
2896,765388786,2896,765573464
2896,766404125,2896,766637341
2896,767459562,2896,767661260
2896,768502829,2896,768675877
2896,769477648,2896,769634298
2896,770435336,2896,770595454
2896,771396328,2896,771552519
2896,772377637,2896,772518184
2896,773319269,2896,773479904
2896,774280052,2896,774411243
2896,775211948,2896,775379499
2896,776184134,2896,776313938
2896,777114797,2896,777263155
2896,778063307,2896,778190894
2896,778991354,2896,779155101
2896,779962738,2896,780111845
2896,780912215,2896,781058666
2896,781859266,2896,782007683
2896,782808383,2896,782960454
2896,783761294,2896,783918342
2896,784735412,2896,784936241
2896,785774368,2896,786016508
2896,786841639,2896,787014537
2896,787835337,2896,788035523
2896,788837626,2896,788994467
2896,789795443,2896,789954447
2896,790755336,2896,790893230
2896,791694003,2896,791856871
2896,792667830,2896,792791157
2896,793591522,2896,793738753
2896,794539472,2896,794676825
2896,795477438,2896,795629752
2896,796461965,2896,796581431
2896,797382136,2896,797512893
2896,798313578,2896,798445322
2896,799245443,2896,799412731
2896,800229477,2896,800376017
2896,801176192,2896,801321610
2896,802121541,2896,802251718
2896,803051599,2896,803205767
2896,804017762,2896,804228761
2896,805043903,2896,805226752
2896,806035817,2896,806165457
2896,806966872,2896,807119716
2896,807920348,2896,808061459
2896,808878701,2896,809012315
2896,809840008,2896,809983582
2896,810784510,2896,810923348
2896,811723930,2896,811867140
2896,812692970,2896,812811493
2896,813612046,2896,813752740
2896,814553412,2896,814693726
2896,815494439,2896,815643353
2896,816443839,2896,816581533
2896,817381932,2896,817513299
2896,818313338,2896,818438429
2896,819237887,2896,819391995
2896,820194338,2896,820321505
2896,821121124,2896,821235910
2896,822035553,2896,822157516
2896,822957029,2896,823205529
2896,824045286,2896,824212070
2896,825021123,2896,825179157
2896,825980670,2896,826121880
2896,826922549,2896,827075726
2896,827876345,2896,828039817
2896,828840459,2896,828979583
2896,829779635,2896,829934629
2896,830734458,2896,830896109
2896,831695974,2896,831858479
2896,832675755,2896,832842423
2896,833642938,2896,833792379
2896,834592878,2896,834749185
2896,835549500,2896,835725312
2896,836556732,2896,836705826
2896,837506018,2896,837660218
2896,838460134,2896,838612124
2896,839411966,2896,839581385
2896,840381440,2896,840494066
2896,841293795,2896,841438399
2896,842238068,2896,842414693
2896,843228515,2896,843396843
2896,844255507,2896,844431189
2896,845234474,2896,845390302
2896,846191431,2896,846318027
2896,847119043,2896,847290304
2896,848115711,2896,848264902
2896,849065694,2896,849217265
2896,850017624,2896,850137857
2896,850938023,2896,851084617
2896,851885476,2896,852033900
2896,852834946,2896,852980313
2896,853781125,2896,853925193
2896,854725362,2896,854877206
2896,855677178,2896,855823509
2896,856648299,2896,856785656
2896,857586345,2896,857724779
2896,858525354,2896,858660995
2896,859461000,2896,859626072
2896,860434687,2896,860584248
2896,861384373,2896,861626407
2896,862451666,2896,862630411
2896,863454904,2896,863638629
2896,864474002,2896,864611529
2896,865412498,2896,865580082
2896,866381031,2896,866531792
2896,867332591,2896,867510305
2896,868328005,2896,868472982
2896,869273104,2896,869415882
2896,870215937,2896,870344777
2896,871145643,2896,871294200
2896,872112679,2896,872236343
2896,873037038,2896,873157922
2896,873957874,2896,874076221
2896,874876203,2896,875026640
2896,875827516,2896,875982424
2896,876799900,2896,876945957
2896,877746616,2896,877904634
2896,878704739,2896,878836490
2896,879636492,2896,879788970
2896,880620623,2896,880800684
2896,881625851,2896,881843187
2896,882656573,2896,882818327
2896,883627383,2896,883786051
2896,884613024,2896,884731837
2896,885532593,2896,885672670
2896,886473442,2896,886607256
2896,887408135,2896,887550286
2896,888354801,2896,888461997
2896,889262396,2896,889381330
2896,890188819,2896,890289972
2896,891090550,2896,891240054
2896,892065594,2896,892208678
2896,893009237,2896,893163954
2896,893964349,2896,894091457
2896,894907849,2896,895059840
2896,895860732,2896,896023216
2896,896846289,2896,896985330
2896,897785909,2896,897911212
2896,898711751,2896,898839971
2896,899639936,2896,899897073
2896,900747707,2896,900905745
2896,901714844,2896,901870182
2896,902671720,2896,902811424
2896,903612226,2896,903770691
2896,904571727,2896,904714784
2896,905515343,2896,905681154
2896,906481440,2896,906631370
2896,907431086,2896,907597701
2896,908415793,2896,908569458
2896,909370066,2896,909524641
2896,910325263,2896,910478324
2896,911278723,2896,911438871
2896,912256301,2896,912396341
2896,913196870,2896,913347684
2896,914147803,2896,914273043
2896,915073085,2896,915235490
2896,916036815,2896,916178629
2896,916978378,2896,917141186
2896,917940921,2896,918073205
2896,918872877,2896,919121824
2896,919940643,2896,920110744
2896,920923540,2896,921117092
2896,921919838,2896,922063952
2896,922864854,2896,923028859
2896,923829684,2896,923971241
2896,924811391,2896,924952802
2896,925753487,2896,925897751
2896,926697627,2896,926847478
2896,927647513,2896,927804234
2896,928629137,2896,928798879
2896,929599807,2896,929775919
2896,930576724,2896,930719942
2896,931520021,2896,931682425
2896,932499255,2896,932647842
2896,933448441,2896,933575508
2896,934383037,2896,934526678
2896,935326400,2896,935473347
2896,936276933,2896,936383659
2896,937183548,2896,937318015
2896,938117857,2896,938313009
2896,939144069,2896,939385896
2896,940240129,2896,940423801
2896,941237410,2896,941394638
2896,942196177,2896,942329941
2896,943131113,2896,943279717
2896,944097670,2896,944230030
2896,945030265,2896,945179746
2896,945979689,2896,946102855
2896,946902961,2896,947061888
2896,947862764,2896,948017445
2896,948818970,2896,948967564
2896,949768520,2896,949914544
2896,950714546,2896,950858397
2896,951658389,2896,951814737
2896,952625505,2896,952756209
2896,953556678,2896,953707169
2896,954507441,2896,954650368
2896,955450351,2896,955603512
2896,956405800,2896,956541878
2896,957341807,2896,957589587
2896,958405020,2896,958577018
2896,959386154,2896,959567299
2896,960402969,2896,960540289
2896,961341315,2896,961465991
2896,962266934,2896,962386274
2896,963186793,2896,963337203
2896,964154966,2896,964287453
2896,965087466,2896,965228433
2896,966028335,2896,966146871
2896,966946800,2896,967104328
2896,967904857,2896,968049811
2896,968866756,2896,969020064
2896,969820623,2896,969962780
2896,970763266,2896,970891806
2896,971692294,2896,971824978
2896,972650028,2896,972790518
2896,973590294,2896,973726811
2896,974526597,2896,974662574
2896,975462249,2896,975607497
2896,976416029,2896,976610864
2896,977435297,2896,977651630
2896,978464869,2896,978640651
2896,979449690,2896,979634065
2896,980483588,2896,980651767
2896,981452989,2896,981602386
2896,982402938,2896,982558640
2896,983359132,2896,983521946
2896,984326745,2896,984461756
2896,985262325,2896,985432183
2896,986231975,2896,986374106
2896,987174654,2896,987345792
2896,988178472,2896,988322223
2896,989122828,2896,989271492
2896,990071861,2896,990213755
2896,991014180,2896,991189392
2896,991990011,2896,992168746
2896,992969581,2896,993132402
2896,993932558,2896,994072812
2896,994872557,2896,995038085
2896,995837904,2896,996044139
2896,996872362,2896,997088145
2896,997905668,2896,998056749
2896,998874512,2896,999040696
2896,999842435,2896,999983799
2897,000807708,2897,000944405
2897,001745458,2897,001891029
2897,002691448,2897,002835508
2897,003635834,2897,003790752
2897,004624085,2897,004753732
2897,005554601,2897,005691708
2897,006492494,2897,006639294
2897,007440213,2897,007608135
2897,008447871,2897,008600362
2897,009400657,2897,009551485
2897,010351527,2897,010483430
2897,011283486,2897,011428463
2897,012230656,2897,012363726
2897,013170888,2897,013311842
2897,014111864,2897,014231224
2897,015039053,2897,015285977
2897,016106123,2897,016271604
2897,017091467,2897,017269795
2897,018073030,2897,018204764
2897,019012810,2897,019152687
2897,019960696,2897,020093040
2897,020894425,2897,021042642
2897,021843495,2897,022003413
2897,022803588,2897,022962846
2897,023762938,2897,023906972
2897,024730972,2897,024866932
2897,025673741,2897,025835642
2897,026636232,2897,026762011
2897,027561791,2897,027711938
2897,028529191,2897,028660684
2897,029461317,2897,029612171
2897,030412540,2897,030553514
2897,031360269,2897,031508563
2897,032311173,2897,032421256
2897,033221035,2897,033364549
2897,034164311,2897,034344882
2897,035171225,2897,035388291
2897,036234808,2897,036409259
2897,037222946,2897,037376270
2897,038178202,2897,038312866
2897,039113458,2897,039259078
2897,040084295,2897,040227969
2897,041028694,2897,041177505
2897,041984764,2897,042103127
2897,042903789,2897,043056730
2897,043857345,2897,043992843
2897,044810328,2897,044958283
2897,045765475,2897,045911319
2897,046718391,2897,046854158
2897,047654314,2897,047809182
2897,048615454,2897,048764561
2897,049565324,2897,049707444
2897,050514964,2897,050653744
2897,051454346,2897,051608930
2897,052432943,2897,052563494
2897,053379843,2897,053572685
2897,054402268,2897,054620594
2897,055437967,2897,055628539
2897,056463559,2897,056609793
2897,057412001,2897,057565329
2897,058366035,2897,058515972
2897,059316574,2897,059484749
2897,060302655,2897,060443672
2897,061244418,2897,061410186
2897,062210038,2897,062354222
2897,063154598,2897,063313582
2897,064118081,2897,064239265
2897,065039987,2897,065195164
2897,066010540,2897,066158208
2897,066958926,2897,067131765
2897,067931937,2897,068077547
2897,068884763,2897,069038920
2897,069839376,2897,069989480
2897,070789599,2897,070943756
2897,071744215,2897,071915750
2897,072720405,2897,072918388
2897,073742964,2897,073987167
2897,074800410,2897,074999972
2897,075808628,2897,075987450
2897,076788878,2897,076949463
2897,077750235,2897,077927994
2897,078728122,2897,078878163
2897,079678312,2897,079831326
2897,080632319,2897,080795980
2897,081596939,2897,081764816
2897,082565689,2897,082704943
2897,083512599,2897,083668206
2897,084500176,2897,084647023
2897,085447089,2897,085602903
2897,086402795,2897,086542023
2897,087342658,2897,087487745
2897,088319232,2897,088472553
2897,089273282,2897,089419979
2897,090227328,2897,090348742
2897,091155664,2897,091330482
2897,092132704,2897,092347577
2897,093185883,2897,093412070
2897,094232136,2897,094405517
2897,095208886,2897,095371091
2897,096176630,2897,096292086
2897,097093091,2897,097231719
2897,098032691,2897,098164028
2897,098965333,2897,099120944
2897,099928366,2897,100074467
2897,100882536,2897,101036187
2897,101837159,2897,101991444
2897,102792296,2897,102934407
2897,103735102,2897,103871369
2897,104710809,2897,104843456
2897,105651265,2897,105795033
2897,106595612,2897,106735025
2897,107535611,2897,107688549
2897,108497628,2897,108642942
2897,109442937,2897,109584891
2897,110392000,2897,110796935
2897,111604601,2897,111828090
2897,112647683,2897,112821464
2897,113642477,2897,113794958
2897,114597747,2897,114748081
2897,115556180,2897,115700128
2897,116518910,2897,116669988
2897,117477734,2897,117605837
2897,118406436,2897,118532270
2897,119332842,2897,119464896
2897,120281935,2897,120407135
2897,121213957,2897,121361285
2897,122168714,2897,122293354
2897,123093716,2897,123248381
2897,124065517,2897,124216084
2897,125016503,2897,125157077
2897,125964569,2897,126090253
2897,126890618,2897,127037139
2897,127844494,2897,127965411
2897,128789504,2897,128923281
2897,129723016,2897,129869827
2897,130669442,2897,130879352
2897,131718511,2897,131956825
2897,132808585,2897,132980743
2897,133791982,2897,133951820
2897,134753702,2897,134910613
2897,135711526,2897,135883054
2897,136708486,2897,136867861
2897,137668006,2897,137822871
2897,138623083,2897,138783427
2897,139584419,2897,139757218
2897,140582411,2897,140741772
2897,141542601,2897,141693852
2897,142494484,2897,142648158
2897,143448160,2897,143618575
2897,144434731,2897,144582978
2897,145383534,2897,145542082
2897,146342611,2897,146494981
2897,147294824,2897,147460482
2897,148262090,2897,148396491
2897,149196246,2897,149332277
2897,150132039,2897,150314201
2897,151151227,2897,151366337
2897,152225327,2897,152407939
2897,153222188,2897,153384466
2897,154186229,2897,154331703
2897,155132508,2897,155300323
2897,156125662,2897,156273313
2897,157074295,2897,157222019
2897,158022731,2897,158159462
2897,158960427,2897,159120511
2897,159921360,2897,160068251
2897,160869013,2897,161010000
2897,161810793,2897,161953520
2897,162753519,2897,162908453
2897,163708388,2897,163868163
2897,164699622,2897,164849210
2897,165649186,2897,165810010
2897,166609889,2897,166768020
2897,167568649,2897,167734900
2897,168551476,2897,168684906
2897,169485365,2897,169701464
2897,170538098,2897,170763321
2897,171580680,2897,171787776
2897,172637423,2897,172772273
2897,173574142,2897,173716793
2897,174517742,2897,174655302
2897,175456031,2897,175614652
2897,176424008,2897,176567722
2897,177368144,2897,177511951
2897,178311860,2897,178448964
2897,179249696,2897,179399921
2897,180224340,2897,180362980
2897,181163583,2897,181300927
2897,182101362,2897,182231692
2897,183031811,2897,183203983
2897,184020709,2897,184155919
2897,184955915,2897,185110486
2897,185910654,2897,186024207
2897,186824216,2897,186966830
2897,187766726,2897,187925810
2897,188734439,2897,188958058
2897,189788301,2897,189972030
2897,190782319,2897,190952124
2897,191755203,2897,191906030
2897,192739950,2897,192874447
2897,193675553,2897,193806969
2897,194607955,2897,194740755
2897,195541668,2897,195698675
2897,196515381,2897,196649725
2897,197450387,2897,197583511
2897,198383736,2897,198522200
2897,199322923,2897,199478767
2897,200296783,2897,200421763
2897,201229406,2897,201382880
2897,202183349,2897,202307793
2897,203107685,2897,203254435
2897,204071355,2897,204210136
2897,205010038,2897,205150028
2897,205949867,2897,206073404
2897,206880160,2897,207027747
2897,207827489,2897,208044865
2897,208873135,2897,209106888
2897,209919997,2897,210296217
2897,211105620,2897,211289135
2897,212123271,2897,212276729
2897,213077624,2897,213227328
2897,214027987,2897,214171071
2897,214971593,2897,215133401
2897,215933853,2897,216084894
2897,216885423,2897,217055024
2897,217862134,2897,218024601
2897,218825223,2897,218996458
2897,219797094,2897,219967602
2897,220793001,2897,220952289
2897,221752918,2897,221898346
2897,222698838,2897,222856305
2897,223663851,2897,223834176
2897,224650282,2897,224803109
2897,225603458,2897,225758276
2897,226558208,2897,226712662
2897,227512668,2897,227731858
2897,228586698,2897,228801280
2897,229617856,2897,229807578
2897,230636064,2897,230799636
2897,231602501,2897,231752492
2897,232586792,2897,232735889
2897,233536908,2897,233678132
2897,234479394,2897,234622155
2897,235422921,2897,235575738
2897,236392254,2897,236537715
2897,237338607,2897,237493081
2897,238301937,2897,238454268
2897,239255150,2897,239407974
2897,240232564,2897,240401829
2897,241202487,2897,241357365
2897,242157798,2897,242283087
2897,243083016,2897,243228544
2897,244029489,2897,244156836
2897,244978139,2897,245124733
2897,245924905,2897,246054046
2897,246854758,2897,247087074
2897,247912314,2897,248108949
2897,248912528,2897,249063282
2897,249864708,2897,250009255
2897,250810167,2897,250965085
2897,251766050,2897,251903714
2897,252714853,2897,252842520
2897,253642912,2897,253792623
2897,254592608,2897,254727966
2897,255535758,2897,255681592
2897,256514608,2897,256657732
2897,257458961,2897,257589055
2897,258390050,2897,258532571
2897,259332843,2897,259484741
2897,260308670,2897,260446981
2897,261246953,2897,261383750
2897,262184539,2897,262313759
2897,263114539,2897,263272396
2897,264075035,2897,264195972
2897,264995957,2897,265132491
2897,265939557,2897,266142143
2897,266977309,2897,267188248
2897,268050816,2897,268224724
2897,269028073,2897,269187704
2897,269988562,2897,270102729
2897,270903495,2897,271050602
2897,271858207,2897,271981081
2897,272799370,2897,272933047
2897,273734023,2897,273895927
2897,274695810,2897,274829743
2897,275629622,2897,275785913
2897,276610593,2897,276743363
2897,277544062,2897,277674742
2897,278474601,2897,278609608
2897,279409466,2897,279570535
2897,280379377,2897,280515564
2897,281315486,2897,281456890
2897,282263842,2897,282399149
2897,283199278,2897,283355569
2897,284157781,2897,284280985
2897,285080770,2897,285280649
2897,286109122,2897,286322468
2897,287135544,2897,287350236
2897,288179706,2897,288319020
2897,289120666,2897,289270407
2897,290071319,2897,290209376
2897,291010078,2897,291188910
2897,291989516,2897,292167737
2897,292968990,2897,293147858
2897,293948727,2897,294084384
2897,294884900,2897,295014510
2897,295815305,2897,295984377
2897,296802206,2897,296958664
2897,297765763,2897,297929257
2897,298729779,2897,298889731
2897,299690099,2897,299867734
2897,300685250,2897,300834678
2897,301635307,2897,301788804
2897,302588883,2897,302736500
2897,303543466,2897,303707127
2897,304522547,2897,304704125
2897,305527405,2897,305753071
2897,306566230,2897,306739875
2897,307553021,2897,307708682
2897,308550632,2897,308718486
2897,309519732,2897,309673030
2897,310474225,2897,310624042
2897,311424341,2897,311582992
2897,312399401,2897,312543539
2897,313343794,2897,313489005
2897,314289907,2897,314414441
2897,315215273,2897,315373483
2897,316198490,2897,316351400
2897,317152440,2897,317316541
2897,318117153,2897,318240347
2897,319040952,2897,319179366
2897,319979368,2897,320163960
2897,320964316,2897,321132423
2897,321932516,2897,322045259
2897,322845101,2897,323000662
2897,323815368,2897,324034814
2897,324865427,2897,325088784
2897,325912406,2897,326089758
2897,326916211,2897,327088033
2897,327889785,2897,328056376
2897,328857738,2897,329011956
2897,329812825,2897,329954668
2897,330762034,2897,330905335
2897,331705367,2897,331866141
2897,332683301,2897,332818594
2897,333619560,2897,333765608
2897,334566366,2897,334709950
2897,335510692,2897,335649086
2897,336458549,2897,336603499
2897,337404272,2897,337561989
2897,338362288,2897,338509546
2897,339309435,2897,339461569
2897,340263448,2897,340399978
2897,341207037,2897,341351558
2897,342151513,2897,342285574
2897,343085442,2897,343339593
2897,344192733,2897,344381068
2897,345191420,2897,345361915
2897,346168061,2897,346282907
2897,347084030,2897,347233697
2897,348051999,2897,348183960
2897,348984735,2897,349134153
2897,349934909,2897,350059429
2897,350860307,2897,351002328
2897,351809964,2897,351929727
2897,352747457,2897,352895961
2897,353696776,2897,353838324
2897,354639019,2897,354776953
2897,355577362,2897,355732963
2897,356550859,2897,356683819
2897,357491422,2897,357629742
2897,358429531,2897,358560228
2897,359360067,2897,359508671
2897,360309777,2897,360430977
2897,361230802,2897,361368189
2897,362174815,2897,362350413
2897,363179019,2897,363400499
2897,364245736,2897,364431508
2897,365240467,2897,365381674
2897,366183250,2897,366320807
2897,367121709,2897,367287847
2897,368112753,2897,368272654
2897,369073347,2897,369244971
2897,370045243,2897,370193371
2897,370993430,2897,371141984
2897,371942422,2897,372117784
2897,372925793,2897,373076490
2897,373877169,2897,374053157
2897,374853109,2897,375023824
2897,375824363,2897,375986768
2897,376811877,2897,376950581
2897,377751136,2897,377898827
2897,378705773,2897,378857720
2897,379657793,2897,379820757
2897,380652157,2897,380770867
2897,381570646,2897,381795752
2897,382625082,2897,382828344
2897,383641643,2897,383830585
2897,384682639,2897,384823426
2897,385625431,2897,385802056
2897,386603212,2897,386761057
2897,387561555,2897,387725100
2897,388549736,2897,388702454
2897,389503359,2897,389672127
2897,390472733,2897,390628267
2897,391428636,2897,391587531
2897,392403723,2897,392554011
2897,393354763,2897,393493990
2897,394294666,2897,394452557
2897,395253039,2897,395407710
2897,396232366,2897,396383894
2897,397183879,2897,397314420
2897,398114175,2897,398234135
2897,399050638,2897,399211632
2897,400035425,2897,400173842
2897,400974604,2897,401190877
2897,402031717,2897,402242939
2897,403067169,2897,403254134
2897,404106961,2897,404251155
2897,405053024,2897,405216482
2897,406017527,2897,406141827
2897,406942676,2897,407091180
2897,407892145,2897,408053083
2897,408853282,2897,408997883
2897,409821099,2897,409966243
2897,410767308,2897,410909816
2897,411710448,2897,411863553
2897,412680975,2897,412817965
2897,413618804,2897,413765589
2897,414566031,2897,414716978
2897,415517150,2897,415684422
2897,416493231,2897,416637315
2897,417437090,2897,417589115
2897,418389120,2897,418495120
2897,419295719,2897,419447769
2897,420251039,2897,420458071
2897,421284300,2897,421487150
2897,422301872,2897,422453733
2897,423256775,2897,423422103
2897,424256277,2897,424384857
2897,425185782,2897,425334477
2897,426135215,2897,426258292
2897,427065931,2897,427207148
2897,428025084,2897,428153991
2897,428954830,2897,429107751
2897,429914983,2897,430046810
2897,430847436,2897,431009497
2897,431810089,2897,431943519
2897,432761108,2897,432899836
2897,433699638,2897,433829422
2897,434636030,2897,434766038
2897,435565756,2897,435718664
2897,436527253,2897,436673234
2897,437479913,2897,437607617
2897,438407402,2897,438544789
2897,439344498,2897,439591395
2897,440410754,2897,440574619
2897,441387842,2897,441556589
2897,442358039,2897,442517753
2897,443325302,2897,443498097
2897,444331060,2897,444475847
2897,445276850,2897,445455581
2897,446256167,2897,446399951
2897,447200576,2897,447387271
2897,448219291,2897,448378712
2897,449179558,2897,449323938
2897,450124547,2897,450263534
2897,451064046,2897,451221557
2897,452053247,2897,452194344
2897,452994930,2897,453149651
2897,453957153,2897,454099890
2897,454899806,2897,455063324
2897,455863106,2897,456036190
2897,456836226,2897,457001464
2897,457801996,2897,457935703
2897,458743342,2897,458934271
2897,459771257,2897,459983730
2897,460799276,2897,460981305
2897,461784407,2897,461938594
2897,462739823,2897,462892394
2897,463692966,2897,463861181
2897,464693438,2897,464839005
2897,465639770,2897,465785494
2897,466585890,2897,466729820
2897,467530766,2897,467686164
2897,468503327,2897,468670188
2897,469471387,2897,469615644
2897,470423257,2897,470573754
2897,471381640,2897,471535841
2897,472360790,2897,472515928
2897,473316737,2897,473440010
2897,474240379,2897,474374473
2897,475181365,2897,475348823
2897,476157806,2897,476290190
2897,477090122,2897,477243102
2897,478043218,2897,478206642
2897,479042976,2897,479268815
2897,480123005,2897,480304740
2897,481136877,2897,481276284
2897,482078059,2897,482209666
2897,483010602,2897,483157072
2897,483957951,2897,484102529
2897,484903338,2897,485024854
2897,485825123,2897,485982071
2897,486782110,2897,486931090
2897,487731826,2897,487886537
2897,488704100,2897,488830063
2897,489630725,2897,489790013
2897,490589829,2897,490725956
2897,491526745,2897,491692952
2897,492502655,2897,492657086
2897,493457875,2897,493602282
2897,494402521,2897,494540728
2897,495356098,2897,495504818
2897,496307021,2897,496436674
2897,497236646,2897,497444189
2897,498277475,2897,498470507
2897,499284163,2897,499454212
2897,500295811,2897,500441075
2897,501242808,2897,501397806
2897,502198854,2897,502328348
2897,503129234,2897,503292668
2897,504110697,2897,504268142
2897,505069037,2897,505201701
2897,506001870,2897,506122456
2897,506929255,2897,507074086
2897,507874848,2897,508040509
2897,508841205,2897,508981282
2897,509804928,2897,509950115
2897,510749901,2897,510892901
2897,511692624,2897,511853295
2897,512670001,2897,512802464
2897,513602283,2897,513745120
2897,514544773,2897,514671806
2897,515471512,2897,515619049
2897,516423568,2897,516582252
2897,517407752,2897,517640369
2897,518453308,2897,518641373
2897,519444929,2897,519620307
2897,520462484,2897,520609901
2897,521410896,2897,521561624
2897,522362453,2897,522518564
2897,523326206,2897,523498674
2897,524316544,2897,524475668
2897,525276427,2897,525441015
2897,526240917,2897,526360577
2897,527161336,2897,527332111
2897,528149837,2897,528292947
2897,529093643,2897,529253994
2897,530054343,2897,530204884
2897,531005063,2897,531179744
2897,531979683,2897,532166699
2897,532967204,2897,533128649
2897,533935838,2897,534068361
2897,534868217,2897,535043675
2897,535843581,2897,536042143
2897,536866762,2897,537089468
2897,537906101,2897,538070949
2897,538885038,2897,539061883
2897,539870498,2897,540036050
2897,540837152,2897,540985003
2897,541785948,2897,541945203
2897,542752712,2897,542896249
2897,543696494,2897,543863559
2897,544695165,2897,544844153
2897,545645298,2897,545783212
2897,546583911,2897,546727845
2897,547535497,2897,547696459
2897,548513445,2897,548666886
2897,549467401,2897,549620062
2897,550426938,2897,550557961
2897,551364934,2897,551515185
2897,552319123,2897,552429320
2897,553229492,2897,553384670
2897,554184735,2897,554306099
2897,555106124,2897,555372428
2897,556235856,2897,556425111
2897,557245214,2897,557427815
2897,558231028,2897,558374262
2897,559175301,2897,559344412
2897,560162215,2897,560286281
2897,561087130,2897,561242775
2897,562043540,2897,562172897
2897,562973686,2897,563134704
2897,563935423,2897,564080670
2897,564881439,2897,565033870
2897,565834615,2897,565965862
2897,566766578,2897,566923533
2897,567723898,2897,567863309
2897,568695228,2897,568819298
2897,569619384,2897,569765248
2897,570565063,2897,570706434
2897,571506279,2897,571659160
2897,572474282,2897,572612463
2897,573412232,2897,573550672
2897,574350438,2897,574586798
2897,575406363,2897,575598239
2897,576440049,2897,576612534
2897,577415469,2897,577568753
2897,578369756,2897,578514626
2897,579315349,2897,579464626
2897,580282396,2897,580418686
2897,581237205,2897,581364029
2897,582164808,2897,582296498
2897,583096997,2897,583243655
2897,584061437,2897,584210665
2897,585011327,2897,585165414
2897,585965947,2897,586088040
2897,586888009,2897,587042563
2897,587842575,2897,587993940
2897,588810766,2897,588950769
2897,589750658,2897,589897176
2897,590696968,2897,590846982
2897,591646651,2897,591804889
2897,592627611,2897,592775929
2897,593575608,2897,593776680
2897,594608610,2897,594832386
2897,595650539,2897,595837491
2897,596679504,2897,596826218
2897,597628134,2897,597793708
2897,598594534,2897,598743481
2897,599544193,2897,599708748
