2823,670600332,2823,670834480
2823,670965653,2823,671103837
2823,671180819,2823,671320830
2823,671397759,2823,671490966
2823,671562011,2823,671628593
2823,671698718,2823,671764569
2823,671834882,2823,671902677
2823,671972799,2823,672046220
2823,672116202,2823,672184190
2823,672254094,2823,672321459
2823,672391470,2823,672458545
2823,672528346,2823,672602674
2823,672672622,2823,672740387
2823,672810285,2823,672876059
2823,672946180,2823,673013578
2823,673083653,2823,673151254
2823,673221499,2823,673289530
2823,673359518,2823,673428292
2823,673498184,2823,673634850
2823,673720559,2823,673850694
2823,673922389,2823,674001754
2823,674072449,2823,674147107
2823,674217299,2823,674289797
2823,674359568,2823,674429749
2823,674499464,2823,674572319
2823,674642147,2823,674713485
2823,674783253,2823,674854948
2823,674924849,2823,674996387
2823,675066122,2823,675138353
2823,675208101,2823,675280193
2823,675350378,2823,675423442
2823,675493237,2823,675563542
2823,675633333,2823,675704964
2823,675774636,2823,675847214
2823,675916902,2823,675989657
2823,676063661,2823,676137479
2823,676207146,2823,676276194
2823,676346014,2823,676418769
2823,676488569,2823,676623150
2823,676706942,2823,676851747
2823,676929022,2823,677065470
2823,677142468,2823,677227926
2823,677299447,2823,677372944
2823,677443542,2823,677521496
2823,677591544,2823,677663635
2823,677733702,2823,677805919
2823,677875827,2823,677959525
2823,678029429,2823,678141766
2823,678218763,2823,678298598
2823,678368882,2823,678442123
2823,678512251,2823,678584192
2823,678654056,2823,678735704
2823,678805725,2823,678878416
2823,678948203,2823,679019800
2823,679089938,2823,679199754
2823,679280012,2823,679416633
2823,679493408,2823,679596434
2823,679669328,2823,679744226
2823,679814450,2823,679885764
2823,679955645,2823,680026346
2823,680098454,2823,680169942
2823,680240092,2823,680310917
2823,680380678,2823,680448365
2823,680518110,2823,680586768
2823,680656742,2823,680728823
2823,680798891,2823,680871562
2823,680941270,2823,681012261
2823,681082009,2823,681164620
2823,681234345,2823,681302486
2823,681372377,2823,681441487
2823,681511195,2823,681579613
2823,681649600,2823,681720272
2823,681790069,2823,681860067
2823,681929892,2823,682043315
2823,682122900,2823,682264096
2823,682341000,2823,682477749
2823,682554644,2823,682638849
2823,682710250,2823,682783521
2823,682853706,2823,682926244
2823,682996308,2823,683067076
2823,683137063,2823,683206428
2823,683276286,2823,683349020
2823,683418871,2823,683489789
2823,683559864,2823,683631188
2823,683701322,2823,683772630
2823,683842514,2823,683915766
2823,683985396,2823,684060218
2823,684130253,2823,684203811
2823,684273612,2823,684343956
2823,684413788,2823,684485596
2823,684570074,2823,684643596
2823,684713727,2823,684786342
2823,684856320,2823,684926784
2823,684996435,2823,685111913
2823,685184891,2823,685260762
2823,685331283,2823,685405142
2823,685475393,2823,685545837
2823,685615815,2823,685687826
2823,685757651,2823,685830156
2823,685900064,2823,686018345
2823,686088269,2823,686160507
2823,686230271,2823,686303283
2823,686373171,2823,686443139
2823,686512863,2823,686583454
2823,686653112,2823,686723763
2823,686793762,2823,686864862
2823,686934711,2823,687007745
2823,687077670,2823,687147538
2823,687217359,2823,687290170
2823,687360044,2823,687429719
2823,687499660,2823,687569558
2823,687639486,2823,687712011
2823,687781749,2823,687852826
2823,687922731,2823,688041394
2823,688121630,2823,688259004
2823,688335893,2823,688475008
2823,688551930,2823,688636263
2823,688707265,2823,688779060
2823,688848939,2823,688927092
2823,689004647,2823,689073493
2823,689143618,2823,689215481
2823,689285460,2823,689355338
2823,689424977,2823,689495506
2823,689565305,2823,689634660
2823,689711463,2823,689780441
2823,689850424,2823,689920606
2823,689997372,2823,690081958
2823,690152067,2823,690223952
2823,690293861,2823,690364356
2823,690434235,2823,690506118
2823,690575996,2823,690652592
2823,690722537,2823,690794783
2823,690864529,2823,690936741
2823,691006739,2823,691110033
2823,691188282,2823,691275388
2823,691346304,2823,691417442
2823,691487838,2823,691558677
2823,691628422,2823,691698065
2823,691767723,2823,691836499
2823,691906301,2823,691975636
2823,692056806,2823,692127700
2823,692197415,2823,692265257
2823,692334858,2823,692405583
2823,692475218,2823,692542793
2823,692612594,2823,692680913
2823,692750498,2823,692819319
2823,692888851,2823,692958969
2823,693028618,2823,693099236
2823,693169001,2823,693237885
2823,693307510,2823,693377739
2823,693447440,2823,693516102
2823,693585630,2823,693655192
2823,693724743,2823,693795438
2823,693865346,2823,693976355
2823,694054674,2823,694197327
2823,694274439,2823,694414962
2823,694492071,2823,694576746
2823,694647674,2823,694720989
2823,694791367,2823,694863025
2823,694933124,2823,695005112
2823,695075047,2823,695146516
2823,695216430,2823,695287979
2823,695357930,2823,695427975
2823,695497997,2823,695569608
2823,695639477,2823,695717008
2823,695787146,2823,695859545
2823,695929523,2823,696037999
2823,696109674,2823,696186305
2823,696256150,2823,696328692
2823,696398420,2823,696469691
2823,696539426,2823,696612904
2823,696682563,2823,696754484
2823,696824209,2823,696895937
2823,696965559,2823,697078688
2823,697150966,2823,697223414
2823,697293739,2823,697366684
2823,697436422,2823,697507991
2823,697577662,2823,697648394
2823,697718155,2823,697790544
2823,697878025,2823,697967707
2823,698037635,2823,698112810
2823,698182655,2823,698256870
2823,698326568,2823,698397850
2823,698467508,2823,698538193
2823,698607898,2823,698676889
2823,698746674,2823,698821599
2823,698891374,2823,698963589
2823,699033310,2823,699104572
2823,699174257,2823,699244975
2823,699314623,2823,699387114
2823,699456956,2823,699528487
2823,699598179,2823,699670797
2823,699740609,2823,699812384
2823,699882079,2823,700049379
2823,700126841,2823,700270431
2823,700347309,2823,700449562
2823,700522990,2823,700596675
2823,700673844,2823,700745795
2823,700822657,2823,700893672
2823,700963640,2823,701034199
2823,701104127,2823,701175475
2823,701245287,2823,701314792
2823,701391621,2823,701461062
2823,701530864,2823,701602836
2823,701679551,2823,701751083
2823,701827881,2823,701897559
2823,701967301,2823,702041523
2823,702111194,2823,702182566
2823,702252431,2823,702324736
2823,702394738,2823,702465540
2823,702535341,2823,702611950
2823,702681631,2823,702752956
2823,702822895,2823,702893106
2823,702970028,2823,703085011
2823,703161633,2823,703264942
2823,703336900,2823,703443493
2823,703514995,2823,703586063
2823,703655191,2823,703724696
2823,703793404,2823,703859893
2823,703935621,2823,704027057
2823,704103895,2823,704173530
2823,704242302,2823,704311547
2823,704387082,2823,704453564
2823,704522242,2823,704588477
2823,704657092,2823,704722614
2823,704798206,2823,704867487
2823,704943183,2823,705013364
2823,705088956,2823,705157251
2823,705225713,2823,705294764
2823,705363233,2823,705430788
2823,705506236,2823,705574405
2823,705649823,2823,705718532
2823,705787100,2823,705856825
2823,705932230,2823,706023572
2823,706095991,2823,706225577
2823,706302396,2823,706441650
2823,706525005,2823,706609924
2823,706687793,2823,706760194
2823,706837556,2823,706910628
2823,706980583,2823,707051858
2823,707121976,2823,707193285
2823,707270150,2823,707341562
2823,707411327,2823,707481925
2823,707558634,2823,707628749
2823,707705571,2823,707777060
2823,707847024,2823,707918463
2823,707988325,2823,708060850
2823,708133602,2823,708204101
2823,708280983,2823,708353445
2823,708423140,2823,708492669
2823,708562434,2823,708637373
2823,708707432,2823,708780634
2823,708857610,2823,708937475
2823,709007257,2823,709122741
2823,709195240,2823,709274418
2823,709344887,2823,709418049
2823,709488154,2823,709560757
2823,709630485,2823,709701374
2823,709771013,2823,709842438
2823,709912187,2823,709988803
2823,710058508,2823,710132087
2823,710202189,2823,710281551
2823,710351516,2823,710422041
2823,710491973,2823,710563779
2823,710633604,2823,710705693
2823,710775619,2823,710846441
2823,710916133,2823,710987261
2823,711057180,2823,711128549
2823,711213138,2823,711286373
2823,711356295,2823,711429981
2823,711499756,2823,711570318
2823,711640260,2823,711712346
2823,711782038,2823,711852553
2823,711922452,2823,712034448
2823,712108250,2823,712207630
2823,712279905,2823,712391245
2823,712463514,2823,712536980
2823,712614035,2823,712685267
2823,712754969,2823,712832101
2823,712901660,2823,712973416
2823,713042988,2823,713111413
2823,713181045,2823,713252054
2823,713328740,2823,713399588
2823,713476374,2823,713550079
2823,713619661,2823,713689126
2823,713758668,2823,713829307
2823,713905956,2823,713988519
2823,714058194,2823,714128509
2823,714198365,2823,714267470
2823,714337395,2823,714406891
2823,714476536,2823,714547922
2823,714624701,2823,714694396
2823,714763995,2823,714833074
2823,714909842,2823,715011242
2823,715096298,2823,715200114
2823,715272880,2823,715384360
2823,715456588,2823,715529630
2823,715606539,2823,715676571
2823,715753397,2823,715821252
2823,715890801,2823,715958713
2823,716039912,2823,716110301
2823,716180056,2823,716249801
2823,716326533,2823,716395462
2823,716465081,2823,716535136
2823,716611748,2823,716680083
2823,716756929,2823,716825761
2823,716895336,2823,716963025
2823,717032667,2823,717102192
2823,717179037,2823,717248773
2823,717325561,2823,717395210
2823,717464622,2823,717533137
2823,717602716,2823,717673601
2823,717743487,2823,717816265
2823,717886114,2823,718008534
2823,718081116,2823,718233191
2823,718309999,2823,718450070
2823,718528222,2823,718611058
2823,718682020,2823,718755002
2823,718825147,2823,718897176
2823,718967081,2823,719038286
2823,719108098,2823,719178540
2823,719255339,2823,719326268
2823,719403183,2823,719473622
2823,719543397,2823,719616956
2823,719686708,2823,719757130
2823,719833932,2823,719906778
2823,719983516,2823,720057488
2823,720134547,2823,720205416
2823,720275304,2823,720344136
2823,720413908,2823,720484724
2823,720561639,2823,720631831
2823,720701640,2823,720774062
2823,720850667,2823,720919996
2823,720996828,2823,721101881
2823,721174583,2823,721251241
2823,721321563,2823,721394042
2823,721464277,2823,721535706
2823,721605585,2823,721679730
2823,721749585,2823,721818504
2823,721888236,2823,721963878
2823,722033546,2823,722105242
2823,722174854,2823,722248906
2823,722318624,2823,722391066
2823,722460825,2823,722530310
2823,722600042,2823,722671467
2823,722741129,2823,722814121
2823,722883816,2823,722955048
2823,723024817,2823,723096519
2823,723166264,2823,723236803
2823,723306462,2823,723378277
2823,723448149,2823,723518527
2823,723588223,2823,723660878
2823,723731043,2823,723801962
2823,723871804,2823,723972010
2823,724049425,2823,724182576
2823,724259458,2823,724395768
2823,724472690,2823,724556949
2823,724637051,2823,724709887
2823,724780082,2823,724849674
2823,724919646,2823,724991828
2823,725061816,2823,725132285
2823,725202030,2823,725274979
2823,725344881,2823,725422976
2823,725492992,2823,725565010
2823,725634902,2823,725704497
2823,725774646,2823,725846555
2823,725916266,2823,725991085
2823,726060990,2823,726134406
2823,726204351,2823,726275499
2823,726345251,2823,726414817
2823,726484529,2823,726562314
2823,726631979,2823,726703585
2823,726773633,2823,726844649
2823,726914337,2823,727007626
2823,727080665,2823,727157480
2823,727227839,2823,727297274
2823,727367446,2823,727441401
2823,727510967,2823,727581222
2823,727650914,2823,727720113
2823,727789795,2823,727856603
2823,727933185,2823,728015254
2823,728085573,2823,728156058
2823,728225950,2823,728294851
2823,728371424,2823,728440495
2823,728510201,2823,728580512
2823,728650224,2823,728717943
2823,728794538,2823,728863497
2823,728940206,2823,729008878
2823,729078500,2823,729145031
2823,729221777,2823,729290839
2823,729360561,2823,729427376
2823,729504011,2823,729573159
2823,729642768,2823,729710240
2823,729786779,2823,729886835
2823,729959367,2823,730106381
2823,730183430,2823,730322700
2823,730399492,2823,730482511
2823,730560286,2823,730634542
2823,730711744,2823,730783216
2823,730853031,2823,730924276
2823,730994928,2823,731066760
2823,731136636,2823,731208128
2823,731278020,2823,731349175
2823,731426004,2823,731497622
2823,731574331,2823,731644096
2823,731721032,2823,731793684
2823,731863432,2823,731934891
2823,732016383,2823,732091678
2823,732168507,2823,732240196
2823,732309918,2823,732380386
2823,732450072,2823,732522567
2823,732599262,2823,732668914
2823,732738673,2823,732810585
2823,732880457,2823,732996243
2823,733068969,2823,733144151
2823,733214459,2823,733286031
2823,733356377,2823,733427955
2823,733497790,2823,733567956
2823,733637711,2823,733709436
2823,733786172,2823,733857217
2823,733927069,2823,734004481
2823,734081463,2823,734153442
2823,734230257,2823,734302986
2823,734372838,2823,734442786
2823,734512542,2823,734583963
2823,734660709,2823,734732564
2823,734802753,2823,734874901
2823,734944717,2823,735016529
2823,735086447,2823,735156669
2823,735226608,2823,735297870
2823,735367825,2823,735439710
2823,735509702,2823,735581381
2823,735658250,2823,735728755
2823,735805504,2823,735892709
2823,735964595,2823,736095062
2823,736172280,2823,736308664
2823,736385660,2823,736468502
2823,736539331,2823,736613023
2823,736683005,2823,736763530
2823,736833322,2823,736906384
2823,736976200,2823,737048008
2823,737117833,2823,737188889
2823,737259027,2823,737329479
2823,737399348,2823,737469440
2823,737539435,2823,737611294
2823,737681069,2823,737752091
2823,737830910,2823,737910332
2823,737980284,2823,738057673
2823,738127431,2823,738199717
2823,738269709,2823,738341447
2823,738411259,2823,738491788
2823,738561487,2823,738633082
2823,738702884,2823,738774343
2823,738844025,2823,738927640
2823,738999016,2823,739074078
2823,739144447,2823,739215265
2823,739285320,2823,739354782
2823,739424624,2823,739493826
2823,739570638,2823,739640403
2823,739710035,2823,739779957
2823,739849589,2823,739919841
2823,739995156,2823,740076012
2823,740146114,2823,740215059
2823,740284608,2823,740356190
2823,740432792,2823,740501701
2823,740578203,2823,740648632
2823,740718133,2823,740787215
2823,740863784,2823,740933910
2823,741003371,2823,741074130
2823,741150746,2823,741226464
2823,741295953,2823,741366772
2823,741443501,2823,741514433
2823,741590991,2823,741659780
2823,741729205,2823,741821614
2823,741894039,2823,742027070
2823,742103882,2823,742240446
2823,742317375,2823,742402380
2823,742473526,2823,742545718
2823,742615723,2823,742688575
2823,742758380,2823,742831849
2823,742901741,2823,742973040
2823,743049932,2823,743121257
2823,743198299,2823,743269815
2823,743346727,2823,743417299
2823,743487258,2823,743558623
2823,743628411,2823,743699603
2823,743776389,2823,743847068
2823,743923956,2823,743992602
2823,744067597,2823,744140066
2823,744217041,2823,744285613
2823,744355442,2823,744425824
2823,744495749,2823,744567934
2823,744876303,2823,744950808
2823,745021240,2823,745123966
2823,745196518,2823,745277541
2823,745347722,2823,745421755
2823,745491923,2823,745564002
2823,745640981,2823,745713063
2823,745782615,2823,745855127
2823,745931975,2823,746007214
2823,746083883,2823,746161098
2823,746230947,2823,746304759
2823,746374508,2823,746446853
2823,746523582,2823,746597500
2823,746674236,2823,746746931
2823,746816663,2823,746890095
2823,746965551,2823,747036453
2823,747106298,2823,747177870
2823,747247745,2823,747318077
2823,747388022,2823,747468241
2823,747545080,2823,747617905
2823,747695024,2823,747768523
2823,747838585,2823,747911144
2823,747980926,2823,748089045
2823,748162057,2823,748296391
2823,748373246,2823,748509660
2823,748586865,2823,748669778
2823,748740590,2823,748815815
2823,748886011,2823,748957509
2823,749027294,2823,749100140
2823,749169768,2823,749239974
2823,749309749,2823,749381974
2823,749451823,2823,749530482
2823,749600300,2823,749670045
2823,749739911,2823,749811166
2823,749880961,2823,749960860
2823,750030645,2823,750112484
2823,750182363,2823,750254365
2823,750324183,2823,750396475
2823,750466404,2823,750539023
2823,750608808,2823,750686003
2823,750755945,2823,750831124
2823,750900889,2823,750973005
2823,751042753,2823,751132299
2823,751203755,2823,751279070
2823,751359122,2823,751432298
2823,751502633,2823,751573005
2823,751642604,2823,751712779
2823,751782524,2823,751852159
2823,751921704,2823,751991750
2823,752065158,2823,752134184
2823,752203755,2823,752272181
2823,752341989,2823,752410155
2823,752479740,2823,752547499
2823,752617030,2823,752685716
2823,752755361,2823,752824819
2823,752894361,2823,752962770
2823,753032478,2823,753101037
2823,753170486,2823,753238511
2823,753308206,2823,753376751
2823,753446193,2823,753517099
2823,753586717,2823,753656589
2823,753726124,2823,753796433
2823,753865988,2823,753963801
2823,754036353,2823,754181554
2823,754258356,2823,754397673
2823,754474482,2823,754558497
2823,754629359,2823,754701634
2823,754771800,2823,754842565
2823,754912427,2823,754983299
2823,755053274,2823,755123906
2823,755193872,2823,755265264
2823,755335139,2823,755407578
2823,755477213,2823,755547788
2823,755617490,2823,755690199
2823,755759924,2823,755830609
2823,755900231,2823,755972770
2823,756054802,2823,756125667
2823,756195593,2823,756263718
2823,756333480,2823,756404072
2823,756473843,2823,756544069
2823,756613814,2823,756685603
2823,756755261,2823,756824580
2823,756894355,2823,757006418
2823,757079434,2823,757159349
2823,757229728,2823,757303017
2823,757372935,2823,757445570
2823,757515519,2823,757588134
2823,757657883,2823,757730072
2823,757799770,2823,757872989
2823,757942728,2823,758019376
2823,758089255,2823,758162460
2823,758232242,2823,758302031
2823,758371816,2823,758443282
2823,758513030,2823,758583429
2823,758653324,2823,758724936
2823,758794708,2823,758864977
2823,758934749,2823,759008694
2823,759078709,2823,759152128
2823,759221920,2823,759293342
2823,759363044,2823,759435533
2823,759505298,2823,759577996
2823,759647692,2823,759719584
2823,759789246,2823,759880248
2823,759952647,2823,760091704
2823,760168916,2823,760305207
2823,760382359,2823,760467671
2823,760538670,2823,760612632
2823,760682490,2823,760761306
2823,760831214,2823,760902206
2823,760972095,2823,761042290
2823,761112472,2823,761184101
2823,761253870,2823,761332178
2823,761402157,2823,761472876
2823,761542588,2823,761614310
2823,761684165,2823,761755264
2823,761825076,2823,761902258
2823,761972046,2823,762045732
2823,762115540,2823,762186606
2823,762256348,2823,762328183
2823,762398198,2823,762470477
2823,762540359,2823,762610894
2823,762680609,2823,762751305
2823,762820977,2823,762908496
2823,762979414,2823,763056026
2823,763126688,2823,763197064
2823,763267046,2823,763338174
2823,763407810,2823,763478488
2823,763548164,2823,763616869
2823,763686551,2823,763754849
2823,763824524,2823,763893453
2823,763963248,2823,764033517
2823,764103305,2823,764172004
2823,764241676,2823,764309035
2823,764387460,2823,764456745
2823,764526787,2823,764594636
2823,764664091,2823,764734500
2823,764803905,2823,764873143
2823,764942632,2823,765009437
2823,765078882,2823,765147348
2823,765216840,2823,765286922
2823,765356497,2823,765426862
2823,765496554,2823,765566443
2823,765636188,2823,765742817
2823,765814916,2823,765943606
2823,766020512,2823,766161149
2823,766238091,2823,766323477
2823,766394795,2823,766467727
2823,766537879,2823,766612285
2823,766682397,2823,766753182
2823,766822904,2823,766894512
2823,766964374,2823,767037176
2823,767107065,2823,767183944
2823,767253832,2823,767326081
2823,767395863,2823,767468445
2823,767538354,2823,767610629
2823,767680548,2823,767752970
2823,767822785,2823,767894524
2823,767964559,2823,768048201
2823,768118510,2823,768190775
2823,768260867,2823,768331962
2823,768401644,2823,768473630
2823,768543405,2823,768615437
2823,768685492,2823,768832126
2823,768913748,2823,769002034
2823,769073203,2823,769147508
2823,769217770,2823,769288629
2823,769358691,2823,769429762
2823,769499614,2823,769571873
2823,769641655,2823,769711774
2823,769781656,2823,769854034
2823,769923750,2823,770000278
2823,770070054,2823,770144566
2823,770214234,2823,770287970
2823,770357542,2823,770429204
2823,770498802,2823,770567588
2823,770637296,2823,770709898
2823,770779557,2823,770851279
2823,770920957,2823,770991432
2823,771061151,2823,771131729
2823,771201558,2823,771274183
2823,771343922,2823,771415414
2823,771485209,2823,771556781
2823,771626417,2823,771699179
2823,771768857,2823,771863290
2823,771935429,2823,772070889
2823,772148231,2823,772285205
2823,772362180,2823,772447480
2823,772518385,2823,772589573
2823,772659745,2823,772738801
2823,772808653,2823,772879348
2823,772949533,2823,773023149
2823,773092897,2823,773163599
2823,773233428,2823,773312150
2823,773381939,2823,773454351
2823,773524086,2823,773597031
2823,773666823,2823,773738585
2823,773808367,2823,773878849
2823,773948564,2823,774025483
2823,774095122,2823,774165507
2823,774235286,2823,774305547
2823,774375336,2823,774453792
2823,774523460,2823,774593946
2823,774663831,2823,774737006
2823,774806781,2823,774891387
2823,774962303,2823,775037128
2823,775107613,2823,775177439
2823,775247494,2823,775318476
2823,775388151,2823,775456496
2823,775526058,2823,775596603
2823,775666139,2823,775733617
2823,775803149,2823,775872995
2823,775942690,2823,776016002
2823,776086647,2823,776156109
2823,776225634,2823,776292723
2823,776362418,2823,776430796
2823,776500455,2823,776570704
2823,776640482,2823,776711194
2823,776780830,2823,776852418
2823,776922177,2823,776993779
2823,777063488,2823,777132180
2823,777201732,2823,777270270
2823,777339962,2823,777409467
2823,777484213,2823,777555041
2823,777624800,2823,777746177
2823,777824662,2823,777910961
2823,777981963,2823,778058205
2823,778128317,2823,778199439
2823,778269361,2823,778340473
2823,778410125,2823,778480460
2823,778550175,2823,778622504
2823,778692386,2823,778763828
2823,778833633,2823,778903229
2823,778972941,2823,779044183
2823,779113918,2823,779186200
2823,779255909,2823,779329267
2823,779399056,2823,779470121
2823,779539833,2823,779611598
2823,779681257,2823,779753789
2823,779823391,2823,779895013
2823,779964765,2823,780046601
2823,780116576,2823,780191138
2823,780260720,2823,780331635
2823,780401173,2823,780472975
2823,780542554,2823,780660044
2823,780732296,2823,780810285
2823,780880690,2823,780954032
2823,781024404,2823,781095626
2823,781165568,2823,781237820
2823,781307702,2823,781380267
2823,781450129,2823,781523948
2823,781593783,2823,781668145
2823,781737914,2823,781811749
2823,781881601,2823,781959907
2823,782029555,2823,782103744
2823,782173876,2823,782246648
2823,782316310,2823,782389438
2823,782459404,2823,782531536
2823,782601524,2823,782674509
2823,782744431,2823,782815970
2823,782885905,2823,782957547
2823,783027636,2823,783097741
2823,783167720,2823,783240192
2823,783309984,2823,783383033
2823,783452798,2823,783551074
2823,783623463,2823,783768820
2823,783845712,2823,783984233
2823,784020020,2823,784121343
2823,784194415,2823,784270267
2823,784340206,2823,784411991
2823,784482026,2823,784552058
2823,784621747,2823,784694515
2823,784764304,2823,784834116
2823,784903898,2823,784974700
2823,785044665,2823,785115004
2823,785184709,2823,785258341
2823,785328076,2823,785398838
2823,785468564,2823,785544832
2823,785614484,2823,785685520
2823,785755285,2823,785824830
2823,785894425,2823,785968361
2823,786038189,2823,786117595
2823,786187320,2823,786258732
2823,786328310,2823,786398192
2823,786467821,2823,786552887
2823,786623845,2823,786698741
2823,786769373,2823,786838825
2823,786908783,2823,786978732
2823,787048384,2823,787118296
2823,787187708,2823,787256900
2823,787326622,2823,787395347
2823,787465082,2823,787533801
2823,787603409,2823,787673021
2823,787742566,2823,787813211
2823,787882870,2823,787950205
2823,788020347,2823,788089579
2823,788159145,2823,788226120
2823,788295855,2823,788366744
2823,788436506,2823,788507708
2823,788577403,2823,788647198
2823,788717050,2823,788786555
2823,788856144,2823,788927756
2823,788997461,2823,789066200
2823,789135752,2823,789204497
2823,789274172,2823,789389599
2823,789467667,2823,789554283
2823,789625395,2823,789698417
2823,789768863,2823,789840531
2823,789910180,2823,789983642
2823,790053424,2823,790124136
2823,790193584,2823,790263389
2823,790333265,2823,790409990
2823,790505190,2823,790577708
2823,790647504,2823,790721632
2823,790791351,2823,790861033
2823,790930595,2823,791004964
2823,791074576,2823,791145354
2823,791214950,2823,791285948
2823,791355697,2823,791427435
2823,791497241,2823,791570209
2823,791639868,2823,791713540
2823,791783125,2823,791856474
2823,791926112,2823,791997131
2823,792086437,2823,792162076
2823,792231931,2823,792339337
2823,792411693,2823,792489055
2823,792559757,2823,792633165
2823,792703097,2823,792776619
2823,792846415,2823,792917980
2823,792987799,2823,793058717
2823,793128369,2823,793198861
2823,793268460,2823,793341355
2823,793411130,2823,793483976
2823,793553587,2823,793626776
2823,793696308,2823,793768303
2823,793837928,2823,793909647
2823,793979312,2823,794057088
2823,794126666,2823,794199205
2823,794268764,2823,794339552
2823,794409244,2823,794481333
2823,794551142,2823,794624234
2823,794694072,2823,794766181
2823,794835916,2823,794905488
2823,794975370,2823,795048206
2823,795118041,2823,795213380
2823,795285412,2823,795416606
2823,795493594,2823,795628582
2823,795705380,2823,795790529
2823,795868248,2823,795939733
2823,796014689,2823,796089781
2823,796159826,2823,796230731
2823,796300557,2823,796370919
2823,796440890,2823,796511842
2823,796581511,2823,796659527
2823,796729375,2823,796800800
2823,796870519,2823,796943044
2823,797012883,2823,797082535
2823,797152320,2823,797228976
2823,797298731,2823,797369060
2823,797438815,2823,797509964
2823,797579702,2823,797649211
2823,797718900,2823,797798038
2823,797867827,2823,797946359
2823,798023018,2823,798099907
2823,798169585,2823,798258411
2823,798329720,2823,798404532
2823,798474707,2823,798544409
2823,798614501,2823,798683110
2823,798752731,2823,798821297
2823,798891072,2823,798960394
2823,799030066,2823,799097978
2823,799167606,2823,799235102
2823,799304630,2823,799372575
2823,799442624,2823,799511526
2823,799581491,2823,799650586
2823,799720095,2823,799786843
2823,799856375,2823,799925987
2823,799995603,2823,800074828
2823,800144950,2823,800215159
2823,800284731,2823,800354819
2823,800424508,2823,800493633
2823,800563118,2823,800631864
2823,800701559,2823,800772351
2823,800842009,2823,800911211
2823,800980906,2823,801100493
2823,801178845,2823,801267228
2823,801338330,2823,801408992
2823,801478997,2823,801550462
2823,801620211,2823,801693620
2823,801763665,2823,801835464
2823,801905619,2823,801981724
2823,802051710,2823,802127938
2823,802197640,2823,802270059
2823,802340101,2823,802409726
2823,802479335,2823,802551670
2823,802621502,2823,802693207
2823,802762806,2823,802834361
2823,802904016,2823,802974021
2823,803043550,2823,803113162
2823,803183057,2823,803256509
2823,803326155,2823,803399077
2823,803479429,2823,803555221
2823,803625443,2823,803698028
2823,803767853,2823,803839575
2823,803909397,2823,804081842
2823,804155804,2823,804235733
2823,804306515,2823,804378297
2823,804448596,2823,804520974
2823,804590716,2823,804661345
2823,804730977,2823,804800512
2823,804870074,2823,804940190
2823,805009845,2823,805081797
2823,805151702,2823,805221601
2823,805291332,2823,805361391
2823,805430940,2823,805504885
2823,805574394,2823,805645852
2823,805715481,2823,805787116
2823,805856661,2823,805927097
2823,805996795,2823,806073827
2823,806143506,2823,806215178
2823,806284797,2823,806356329
2823,806425921,2823,806496579
2823,806566321,2823,806636933
2823,806706665,2823,806778611
2823,806848336,2823,806944468
2823,807016904,2823,807147011
2823,807223936,2823,807361350
2823,807438432,2823,807521761
2823,807592970,2823,807666578
2823,807736714,2823,807815146
2823,807885234,2823,807958230
2823,808030892,2823,808104757
2823,808174502,2823,808245504
2823,808315220,2823,808385788
2823,808455537,2823,808529472
2823,808599167,2823,808668503
2823,808738218,2823,808809610
2823,808886412,2823,808963307
2823,809033163,2823,809105098
2823,809174900,2823,809246079
2823,809315847,2823,809386669
2823,809463345,2823,809533800
2823,809603549,2823,809675051
2823,809751849,2823,809822441
2823,809892163,2823,809981522
2823,810052811,2823,810128243
2823,810198395,2823,810265493
2823,810335642,2823,810406471
2823,810476049,2823,810544975
2823,810614647,2823,810682812
2823,810752541,2823,810820436
2823,810890118,2823,810957843
2823,811027441,2823,811096756
2823,811166405,2823,811232304
2823,811301869,2823,811371061
2823,811440613,2823,811506931
2823,811576453,2823,811646732
2823,811721150,2823,811789812
2823,811859484,2823,811927393
2823,811997088,2823,812077217
2823,812147235,2823,812219934
2823,812289789,2823,812358571
2823,812428490,2823,812497955
2823,812567454,2823,812635243
2823,812704721,2823,812827368
2823,812905677,2823,812991339
2823,813062501,2823,813135500
2823,813205328,2823,813276070
2823,813345729,2823,813417941
2823,813487580,2823,813556135
2823,813625910,2823,813698812
2823,813768540,2823,813838789
2823,813908684,2823,813983976
2823,814053708,2823,814125624
2823,814195312,2823,814265884
2823,814335633,2823,814405265
2823,814474924,2823,814544296
2823,814613961,2823,814684883
2823,814754665,2823,814826190
2823,814895862,2823,814965937
2823,815035682,2823,815104281
2823,815173933,2823,815245895
2823,815315483,2823,815384775
2823,815454577,2823,815527126
2823,815596861,2823,815699378
2823,815771920,2823,815849258
2823,815919430,2823,815993642
2823,816064994,2823,816140733
2823,816210742,2823,816283157
2823,816352862,2823,816428254
2823,816513660,2823,816588619
2823,816658614,2823,816732953
2823,816802631,2823,816874347
2823,816944129,2823,817016694
2823,817086389,2823,817157001
2823,817226700,2823,817299832
2823,817369510,2823,817442112
2823,817511874,2823,817585336
2823,817655095,2823,817729184
2823,817798659,2823,817873431
2823,817943140,2823,818018885
2823,818088590,2823,818162472
2823,818232238,2823,818304336
2823,818373998,2823,818446574
2823,818516399,2823,818613061
2823,818685077,2823,818815237
2823,818892069,2823,819032810
2823,819109872,2823,819194011
2823,819265039,2823,819337948
2823,819415034,2823,819486952
