16116,388363237,               16116,388472866
16116,388497746,               16116,388534151
16116,388553930,               16116,388584800
16116,388594104,               16116,388623847
16116,388632486,               16116,388663104
16116,388672721,               16116,388702858
16116,388725851,               16116,388756083
16116,388765262,               16116,388794922
16116,388803969,               16116,388834089
16116,388843066,               16116,388876595
16116,388887300,               16116,388917725
16116,388939908,               16116,388969692
16116,388979709,               16116,389021574
16116,389032772,               16116,389062960
16116,389073681,               16116,389103196
16116,389113387,               16116,389143816
16116,389154163,               16116,389184162
16116,389194464,               16116,389223934
16116,389233863,               16116,389263510
16116,389273646,               16116,389303781
16116,389313887,               16116,389343881
16116,389353838,               16116,389382691
16116,389392959,               16116,389423310
16116,389433765,               16116,389463469
16116,389474083,               16116,389503412
16116,389513729,               16116,389543238
16116,389553279,               16116,389582590
16116,389593530,               16116,389623259
16116,389633610,               16116,389663233
16116,389673287,               16116,389702533
16116,389712039,               16116,389741549
16116,389751667,               16116,389782511
16116,389792801,               16116,389822175
16116,389832172,               16116,389862024
16116,389871915,               16116,389901397
16116,389911504,               16116,389941355
16116,389951537,               16116,389981068
16116,389991315,               16116,390020597
16116,390031075,               16116,390060588
16116,390071145,               16116,390100937
16116,390111212,               16116,390140727
16116,390150587,               16116,390180254
16116,390190180,               16116,390219875
16116,390229892,               16116,390259577
16116,390269646,               16116,390298773
16116,390308996,               16116,390338546
16116,390348469,               16116,390378428
16116,390388928,               16116,390426335
16116,390436429,               16116,390466163
16116,390476677,               16116,390506331
16116,390516409,               16116,390545462
16116,390555591,               16116,390585144
16116,390595750,               16116,390625261
16116,390635252,               16116,390670988
16116,390681064,               16116,390710663
16116,390720849,               16116,390750365
16116,390760554,               16116,390790456
16116,390800244,               16116,390836457
16116,390846332,               16116,390875940
16116,390886099,               16116,390915701
16116,390926285,               16116,390955609
16116,390966209,               16116,390995507
16116,391006124,               16116,391035373
16116,391046067,               16116,391076429
16116,391087184,               16116,391116854
16116,391127006,               16116,391156834
16116,391167157,               16116,391196405
16116,391206352,               16116,391236360
16116,391246622,               16116,391276237
16116,391286459,               16116,391315834
16116,391326049,               16116,391360822
16116,391371314,               16116,391406242
16116,391416554,               16116,391446139
16116,391456720,               16116,391486487
16116,391496360,               16116,391525630
16116,391535865,               16116,391565182
16116,391575389,               16116,391605192
16116,391615798,               16116,391644841
16116,391655441,               16116,391684692
16116,391694849,               16116,391726081
16116,391736809,               16116,391773651
16116,391783705,               16116,391813770
16116,391823757,               16116,391853167
16116,391863351,               16116,391892908
16116,391903180,               16116,391932418
16116,391942189,               16116,391971486
16116,391981733,               16116,392025161
16116,392036392,               16116,392066691
16116,392080803,               16116,392122795
16116,392134351,               16116,392176398
16116,392186779,               16116,392215895
16116,392226043,               16116,392255236
16116,392265215,               16116,392294928
16116,392305051,               16116,392334690
16116,392344758,               16116,392379398
16116,392389437,               16116,392418983
16116,392429138,               16116,392458432
16116,392468247,               16116,392498301
16116,392508181,               16116,392537262
16116,392546957,               16116,392576877
16116,392587150,               16116,392616787
16116,392626703,               16116,392662779
16116,392672908,               16116,392702600
16116,392712681,               16116,392742051
16116,392752712,               16116,392781788
16116,392792002,               16116,392821884
16116,392831895,               16116,392860794
16116,392870703,               16116,392900061
16116,392910481,               16116,392939212
16116,392949401,               16116,392978292
16116,392988435,               16116,393017456
16116,393027547,               16116,393057346
16116,393067434,               16116,393096089
16116,393106589,               16116,393136706
16116,393146829,               16116,393176420
16116,393186334,               16116,393215875
16116,393226410,               16116,393262132
16116,393272607,               16116,393307825
16116,393317792,               16116,393347786
16116,393358092,               16116,393387547
16116,393397504,               16116,393426867
16116,393437050,               16116,393466577
16116,393476819,               16116,393506177
16116,393516617,               16116,393546381
16116,393556510,               16116,393585234
16116,393595510,               16116,393625017
16116,393634683,               16116,393664121
16116,393674657,               16116,393704838
16116,393715301,               16116,393744462
16116,393754586,               16116,393784239
16116,393794287,               16116,393823631
16116,393833801,               16116,393863457
16116,393874185,               16116,393903758
16116,393914148,               16116,393943940
16116,393953878,               16116,393983728
16116,393993947,               16116,394023606
16116,394034063,               16116,394063610
16116,394073697,               16116,394103063
16116,394112725,               16116,394142092
16116,394151908,               16116,394181268
16116,394191745,               16116,394220665
16116,394231071,               16116,394260433
16116,394270858,               16116,394299890
16116,394309790,               16116,394339351
16116,394349759,               16116,394378869
16116,394389139,               16116,394418855
16116,394429137,               16116,394458242
16116,394468108,               16116,394497367
16116,394507365,               16116,394544207
16116,394554396,               16116,394583903
16116,394597408,               16116,394626980
16116,394637149,               16116,394667121
16116,394677512,               16116,394713130
16116,394723173,               16116,394758871
16116,394769570,               16116,394799028
16116,394809703,               16116,394839576
16116,394849854,               16116,394885492
16116,394898394,               16116,394935252
16116,394945409,               16116,394975251
16116,394985400,               16116,395015355
16116,395025474,               16116,395054529
16116,395064995,               16116,395094748
16116,395109116,               16116,395138554
16116,395149031,               16116,395178758
16116,395189403,               16116,395218316
16116,395228478,               16116,395258012
16116,395268083,               16116,395297303
16116,395307582,               16116,395336904
16116,395347069,               16116,395376103
16116,395386121,               16116,395415339
16116,395425042,               16116,395454881
16116,395464847,               16116,395494415
16116,395504448,               16116,395533473
16116,395543588,               16116,395573314
16116,395583462,               16116,395612201
16116,395627423,               16116,395657674
16116,395668144,               16116,395697824
16116,395708084,               16116,395737733
16116,395748370,               16116,395778387
16116,395788231,               16116,395823412
16116,395833611,               16116,395863380
16116,395873452,               16116,395902701
16116,395912717,               16116,395942271
16116,395952301,               16116,395981988
16116,395991974,               16116,396021607
16116,396032277,               16116,396061924
16116,396072199,               16116,396101389
16116,396111807,               16116,396141281
16116,396151605,               16116,396180631
16116,396190748,               16116,396220491
16116,396231102,               16116,396260660
16116,396270664,               16116,396300345
16116,396310595,               16116,396340011
16116,396350701,               16116,396380715
16116,396390846,               16116,396419451
16116,396430244,               16116,396459831
16116,396470352,               16116,396499233
16116,396509666,               16116,396538918
16116,396549369,               16116,396579196
16116,396589699,               16116,396619824
16116,396630155,               16116,396659484
16116,396669693,               16116,396699005
16116,396709507,               16116,396738838
16116,396748748,               16116,396778299
16116,396788161,               16116,396817134
16116,396827295,               16116,396856804
16116,396866811,               16116,396896123
16116,396906284,               16116,396942841
16116,396953459,               16116,396983579
16116,396994205,               16116,397023948
16116,397034234,               16116,397063755
16116,397074312,               16116,397104287
16116,397114821,               16116,397144177
16116,397154416,               16116,397183384
16116,397194103,               16116,397223365
16116,397234060,               16116,397270469
16116,397280775,               16116,397310149
16116,397320353,               16116,397349528
16116,397360009,               16116,397389138
16116,397399723,               16116,397429543
16116,397441494,               16116,397470817
16116,397481633,               16116,397510995
16116,397521504,               16116,397550805
16116,397560914,               16116,397591399
16116,397601698,               16116,397630921
16116,397641662,               16116,397671277
16116,397681510,               16116,397710728
16116,397721301,               16116,397751298
16116,397761832,               16116,397790943
16116,397801151,               16116,397830511
16116,397840892,               16116,397870341
16116,397880857,               16116,397910269
16116,397920765,               16116,397950344
16116,397960580,               16116,397989472
16116,397999691,               16116,398028776
16116,398039128,               16116,398075232
16116,398085829,               16116,398128299
16116,398138328,               16116,398174172
16116,398184493,               16116,398213615
16116,398224316,               16116,398254443
16116,398265062,               16116,398294659
16116,398304900,               16116,398334380
16116,398344600,               16116,398373774
16116,398384220,               16116,398413922
16116,398423681,               16116,398453147
16116,398463673,               16116,398492897
16116,398525779,               16116,398556214
16116,398566679,               16116,398596201
16116,398606487,               16116,398635793
16116,398645718,               16116,398675363
16116,398685136,               16116,398714530
16116,398724689,               16116,398754419
16116,398764659,               16116,398800119
16116,398810294,               16116,398840195
16116,398850279,               16116,398880197
16116,398890497,               16116,398921391
16116,398931724,               16116,398961036
16116,398971219,               16116,399000813
16116,399010994,               16116,399039867
16116,399049920,               16116,399079844
16116,399090527,               16116,399119267
16116,399129846,               16116,399159571
16116,399172801,               16116,399202811
16116,399213843,               16116,399244012
16116,399254819,               16116,399284944
16116,399295631,               16116,399325251
16116,399335849,               16116,399365202
16116,399375754,               16116,399405504
16116,399416037,               16116,399445279
16116,399455838,               16116,399485226
16116,399495415,               16116,399525386
16116,399535554,               16116,399566222
16116,399576928,               16116,399606329
16116,399617070,               16116,399646501
16116,399663080,               16116,399692404
16116,399702873,               16116,399732694
16116,399743064,               16116,399772378
16116,399782591,               16116,399813587
16116,399823818,               16116,399853756
16116,399863926,               16116,399893574
16116,399903744,               16116,399932890
16116,399943037,               16116,399972546
16116,399983133,               16116,400024607
16116,400035887,               16116,400066690
16116,400077864,               16116,400118962
16116,400129418,               16116,400159295
16116,400169971,               16116,400199895
16116,400210014,               16116,400240097
16116,400250603,               16116,400279977
16116,400290171,               16116,400319690
16116,400329604,               16116,400358543
16116,400368663,               16116,400398840
16116,400409491,               16116,400439129
16116,400449063,               16116,400478646
16116,400492183,               16116,400521903
16116,400532085,               16116,400568609
16116,400578798,               16116,400608246
16116,400618386,               16116,400654050
16116,400664558,               16116,400693391
16116,400703659,               16116,400733474
16116,400743892,               16116,400772935
16116,400783120,               16116,400812134
16116,400822097,               16116,400851253
16116,400861295,               16116,400891043
16116,400901775,               16116,400931293
16116,400941397,               16116,400971149
16116,400981500,               16116,401010573
16116,401020255,               16116,401049931
16116,401058887,               16116,401087689
16116,401097468,               16116,401127390
16116,401149248,               16116,401179998
16116,401202091,               16116,401232563
16116,401242914,               16116,401278335
16116,401288814,               16116,401318504
16116,401328601,               16116,401358228
16116,401368714,               16116,401398126
16116,401408678,               16116,401443829
16116,401454106,               16116,401483788
16116,401493858,               16116,401523801
16116,401533245,               16116,401563712
16116,401573651,               16116,401608716
16116,401618673,               16116,401649563
16116,401660438,               16116,401690322
16116,401712385,               16116,401742671
16116,401752628,               16116,401781247
16116,401791452,               16116,401821457
16116,401832209,               16116,401862790
16116,401873964,               16116,401903961
16116,401926174,               16116,401956103
16116,401966762,               16116,401996879
16116,402007342,               16116,402037087
16116,402047678,               16116,402077182
16116,402087652,               16116,402116893
16116,402127589,               16116,402156789
16116,402167526,               16116,402196964
16116,402207675,               16116,402239120
16116,402249791,               16116,402279097
16116,402289759,               16116,402319709
16116,402330341,               16116,402359767
16116,402370481,               16116,402400141
16116,402410646,               16116,402439793
16116,402450604,               16116,402480124
16116,402490684,               16116,402520693
16116,402531093,               16116,402560539
16116,402571207,               16116,402607119
16116,402617633,               16116,402646855
16116,402657499,               16116,402686813
16116,402696771,               16116,402726337
16116,402736130,               16116,402765281
16116,402777995,               16116,402808402
16116,402818355,               16116,402848719
16116,402858940,               16116,402889013
16116,402899347,               16116,402929134
16116,402940628,               16116,402982081
16116,402993008,               16116,403023289
16116,403032997,               16116,403062482
16116,403072574,               16116,403101083
16116,403111168,               16116,403140825
16116,403163161,               16116,403194106
16116,403205116,               16116,403247113
16116,403258125,               16116,403287566
16116,403298195,               16116,403327884
16116,403338356,               16116,403367630
16116,403377669,               16116,403407133
16116,403417654,               16116,403446117
16116,403456664,               16116,403486342
16116,403496957,               16116,403526839
16116,403537493,               16116,403568379
16116,403579139,               16116,403608119
16116,403618678,               16116,403648701
16116,403659243,               16116,403688384
16116,403699058,               16116,403728743
16116,403739586,               16116,403769623
16116,403780225,               16116,403809454
16116,403819639,               16116,403848786
16116,403859461,               16116,403889139
16116,403899755,               16116,403929357
16116,403939836,               16116,403969418
16116,403979914,               16116,404010193
16116,404020967,               16116,404051197
16116,404061817,               16116,404091440
16116,404102061,               16116,404131470
16116,404142007,               16116,404171402
16116,404181890,               16116,404217029
16116,404227779,               16116,404257330
16116,404267981,               16116,404297685
16116,404308030,               16116,404337392
16116,404348248,               16116,404377923
16116,404388121,               16116,404417221
16116,404427893,               16116,404458297
16116,404468904,               16116,404498538
16116,404509256,               16116,404538847
16116,404549332,               16116,404578092
16116,404588550,               16116,404618185
16116,404628711,               16116,404657865
16116,404668135,               16116,404697883
16116,404708453,               16116,404744510
16116,404755030,               16116,404783892
16116,404794584,               16116,404823739
16116,404834304,               16116,404864526
16116,404875219,               16116,404904307
16116,404914869,               16116,404944350
16116,404955013,               16116,404983924
16116,404994162,               16116,405023157
16116,405033939,               16116,405063085
16116,405073507,               16116,405103106
16116,405113808,               16116,405143716
16116,405154299,               16116,405184039
16116,405194144,               16116,405223261
16116,405233907,               16116,405263497
16116,405273660,               16116,405303190
16116,405313801,               16116,405343487
16116,405354286,               16116,405383908
16116,405394614,               16116,405424159
16116,405434860,               16116,405464701
16116,405475193,               16116,405506443
16116,405517256,               16116,405553498
16116,405564135,               16116,405593947
16116,405604732,               16116,405634236
16116,405644293,               16116,405674322
16116,405687217,               16116,405716107
16116,405726664,               16116,405756014
16116,405766517,               16116,405796493
16116,405806992,               16116,405836641
16116,405847240,               16116,405877042
16116,405887808,               16116,405916956
16116,405927508,               16116,405957638
16116,405968321,               16116,405997717
16116,406008411,               16116,406037338
16116,406047888,               16116,406077002
16116,406087618,               16116,406117442
16116,406128147,               16116,406158734
16116,406169099,               16116,406197931
16116,406208830,               16116,406238533
16116,406249093,               16116,406278653
16116,406289410,               16116,406319139
16116,406332610,               16116,406362907
16116,406373739,               16116,406403252
16116,406413811,               16116,406443248
16116,406454091,               16116,406483762
16116,406494393,               16116,406524131
16116,406534764,               16116,406564119
16116,406574755,               16116,406603397
16116,406613859,               16116,406643446
16116,406654379,               16116,406682827
16116,406693526,               16116,406722798
16116,406733463,               16116,406763081
16116,406773751,               16116,406803587
16116,406814410,               16116,406843690
16116,406854522,               16116,406884127
16116,406894833,               16116,406924326
16116,406935083,               16116,406964525
16116,406975310,               16116,407010842
16116,407021396,               16116,407051134
16116,407061719,               16116,407091406
16116,407101486,               16116,407131252
16116,407142001,               16116,407171225
16116,407181766,               16116,407211753
16116,407222395,               16116,407252277
16116,407262689,               16116,407292245
16116,407302774,               16116,407336640
16116,407347334,               16116,407376500
16116,407387054,               16116,407416263
16116,407426781,               16116,407456621
16116,407467213,               16116,407496885
16116,407506937,               16116,407536399
16116,407546646,               16116,407575461
16116,407585857,               16116,407615969
16116,407626511,               16116,407655725
16116,407666573,               16116,407696282
16116,407706705,               16116,407736672
16116,407747286,               16116,407776892
16116,407787596,               16116,407817506
16116,407827895,               16116,407857634
16116,407868236,               16116,407897698
16116,407908166,               16116,407938085
16116,407948552,               16116,407977730
16116,407988435,               16116,408018356
16116,408028597,               16116,408060209
16116,408083320,               16116,408117337
16116,408127493,               16116,408156534
16116,408167346,               16116,408196666
16116,408207136,               16116,408237019
16116,408247610,               16116,408277369
16116,408287874,               16116,408317501
16116,408328044,               16116,408357340
16116,408368019,               16116,408398112
16116,408408809,               16116,408438384
16116,408449124,               16116,408478325
16116,408488751,               16116,408518110
16116,408528526,               16116,408558023
16116,408568626,               16116,408598424
16116,408609158,               16116,408638229
16116,408648631,               16116,408677966
16116,408688616,               16116,408717821
16116,408728360,               16116,408758042
16116,408768647,               16116,408797595
16116,408807922,               16116,408837670
16116,408848204,               16116,408877318
16116,408887882,               16116,408917534
16116,408928233,               16116,408957615
16116,408967774,               16116,408998060
16116,409008616,               16116,409038108
16116,409048720,               16116,409078301
16116,409088806,               16116,409118130
16116,409128893,               16116,409158094
16116,409168483,               16116,409197545
16116,409209731,               16116,409239234
16116,409249860,               16116,409279782
16116,409290292,               16116,409319811
16116,409330314,               16116,409359889
16116,409370363,               16116,409407559
16116,409418216,               16116,409447537
16116,409458188,               16116,409487971
16116,409498569,               16116,409527622
16116,409538311,               16116,409568468
16116,409579152,               16116,409608915
16116,409619518,               16116,409648946
16116,409659390,               16116,409689026
16116,409699637,               16116,409729449
16116,409739997,               16116,409769850
16116,409780483,               16116,409809861
16116,409819996,               16116,409849217
16116,409864436,               16116,409894602
16116,409905558,               16116,409935169
16116,409945443,               16116,409975234
16116,409986113,               16116,410015601
16116,410026044,               16116,410056096
16116,410066937,               16116,410099258
16116,410110202,               16116,410140230
16116,410150689,               16116,410180240
16116,410190797,               16116,410220369
16116,410233710,               16116,410262920
16116,410273036,               16116,410302417
16116,410312708,               16116,410342675
16116,410353239,               16116,410382493
16116,410393335,               16116,410422700
16116,410433266,               16116,410462314
16116,410473057,               16116,410502239
16116,410512768,               16116,410542327
16116,410552929,               16116,410582170
16116,410592816,               16116,410622211
16116,410632752,               16116,410662268
16116,410672949,               16116,410703000
16116,410713712,               16116,410743611
16116,410754374,               16116,410784405
16116,410795166,               16116,410824676
16116,410835335,               16116,410864898
16116,410875593,               16116,410904310
16116,410914898,               16116,410943980
16116,410954514,               16116,410984492
16116,410995108,               16116,411024709
16116,411035509,               16116,411064939
16116,411075352,               16116,411104436
16116,411114804,               16116,411144691
16116,411154705,               16116,411184032
16116,411194617,               16116,411223600
16116,411233933,               16116,411263256
16116,411273869,               16116,411303284
16116,411313765,               16116,411343465
16116,411354088,               16116,411383661
16116,411393851,               16116,411423352
16116,411433971,               16116,411462860
16116,411473378,               16116,411503171
16116,411513709,               16116,411542375
16116,411555492,               16116,411584836
16116,411595075,               16116,411624777
16116,411635256,               16116,411665247
16116,411676089,               16116,411705171
16116,411715878,               16116,411745585
16116,411756152,               16116,411785281
16116,411795748,               16116,411825417
16116,411835698,               16116,411865043
16116,411875681,               16116,411905032
16116,411915346,               16116,411944880
16116,411955460,               16116,411990961
16116,412012473,               16116,412042474
16116,412051253,               16116,412080910
16116,412089521,               16116,412119262
16116,412127635,               16116,412159385
16116,412171136,               16116,412201922
16116,412218764,               16116,412249820
16116,412267280,               16116,412298192
16116,412310667,               16116,412340997
16116,412353346,               16116,412383713
16116,412395423,               16116,412425224
16116,412435600,               16116,412464356
16116,412474851,               16116,412504620
16116,412515172,               16116,412544000
16116,412554540,               16116,412584291
16116,412594730,               16116,412623952
16116,412634479,               16116,412665663
16116,412676392,               16116,412706347
16116,412716924,               16116,412746657
16116,412757404,               16116,412786641
16116,412797022,               16116,412826644
16116,412837098,               16116,412866510
16116,412877264,               16116,412907229
16116,412917728,               16116,412947363
16116,412958038,               16116,412987860
16116,412998141,               16116,413027361
16116,413040455,               16116,413069647
16116,413080124,               16116,413109389
16116,413120132,               16116,413149762
16116,413160397,               16116,413189327
16116,413199883,               16116,413229336
16116,413240075,               16116,413269739
16116,413280476,               16116,413310353
16116,413321016,               16116,413350670
16116,413361263,               16116,413390936
16116,413401629,               16116,413430799
16116,413448851,               16116,413479277
16116,413490045,               16116,413519605
16116,413530267,               16116,413559755
16116,413570396,               16116,413599770
16116,413610486,               16116,413639807
16116,413650485,               16116,413679625
16116,413690339,               16116,413719302
16116,413729991,               16116,413759801
16116,413770180,               16116,413799850
16116,413810622,               16116,413840320
16116,413850914,               16116,413880373
16116,413890958,               16116,413920564
16116,413931175,               16116,413961066
16116,413971729,               16116,414008681
16116,414019218,               16116,414048928
16116,414059700,               16116,414089662
16116,414100181,               16116,414130368
16116,414141094,               16116,414169957
16116,414180501,               16116,414209918
16116,414220402,               16116,414250242
16116,414260748,               16116,414290035
16116,414300695,               16116,414330116
16116,414340490,               16116,414369629
16116,414380168,               16116,414410090
16116,414420559,               16116,414450324
16116,414460996,               16116,414489980
16116,414500299,               16116,414529881
16116,414540432,               16116,414569902
16116,414580484,               16116,414611171
16116,414621773,               16116,414651574
16116,414661769,               16116,414691599
16116,414701975,               16116,414731086
16116,414741609,               16116,414771578
16116,414782219,               16116,414811702
16116,414822090,               16116,414851431
16116,414861850,               16116,414891449
16116,414902216,               16116,414931518
16116,414942184,               16116,414971558
16116,414981964,               16116,415011298
16116,415021777,               16116,415051200
16116,415061894,               16116,415091247
16116,415101928,               16116,415130414
16116,415140761,               16116,415170638
16116,415181078,               16116,415210886
16116,415221423,               16116,415251228
16116,415261920,               16116,415291448
16116,415302088,               16116,415331579
16116,415342216,               16116,415371565
16116,415381133,               16116,415410587
16116,415420507,               16116,415450176
16116,415460375,               16116,415490246
16116,415512127,               16116,415542405
16116,415553482,               16116,415583801
16116,415594343,               16116,415623473
16116,415633670,               16116,415662655
16116,415672539,               16116,415701485
16116,415715064,               16116,415744813
16116,415755184,               16116,415784662
16116,415794833,               16116,415824405
16116,415834806,               16116,415864186
16116,415874362,               16116,415905067
16116,415915375,               16116,415944865
16116,415954829,               16116,415984481
16116,415994150,               16116,416024070
16116,416046925,               16116,416079246
16116,416106789,               16116,416138467
16116,416150301,               16116,416181030
16116,416194008,               16116,416236564
16116,416247940,               16116,416278092
16116,416288950,               16116,416318056
16116,416328597,               16116,416365198
16116,416375662,               16116,416404628
16116,416415291,               16116,416444813
16116,416455596,               16116,416484963
16116,416495710,               16116,416525794
16116,416536342,               16116,416565639
16116,416576147,               16116,416606227
16116,416616790,               16116,416645959
16116,416656565,               16116,416686059
16116,416696501,               16116,416726303
16116,416736683,               16116,416766788
16116,416777323,               16116,416806895
16116,416816985,               16116,416846001
16116,416856469,               16116,416885673
16116,416896302,               16116,416926261
16116,416936863,               16116,416966135
16116,416976474,               16116,417005750
16116,417023164,               16116,417052973
16116,417063855,               16116,417093673
16116,417104617,               16116,417134042
16116,417144703,               16116,417174332
16116,417182820,               16116,417212070
16116,417221779,               16116,417251662
16116,417261572,               16116,417291766
16116,417302014,               16116,417331623
16116,417341992,               16116,417370669
16116,417380537,               16116,417409895
16116,417420187,               16116,417450203
16116,417461218,               16116,417504116
16116,417514767,               16116,417544989
16116,417555033,               16116,417585073
16116,417594777,               16116,417623757
16116,417633265,               16116,417668243
16116,417677825,               16116,417707664
16116,417717536,               16116,417746807
16116,417757020,               16116,417794497
16116,417805084,               16116,417843234
16116,417853470,               16116,417882655
16116,417892852,               16116,417923477
16116,417933717,               16116,417962977
16116,417973334,               16116,418002986
16116,418013181,               16116,418042002
16116,418052195,               16116,418081604
16116,418096572,               16116,418130768
16116,418140819,               16116,418170657
16116,418180761,               16116,418209757
16116,418220200,               16116,418250368
16116,418260498,               16116,418289864
16116,418299788,               16116,418328968
16116,418339220,               16116,418368406
16116,418378424,               16116,418407917
16116,418418186,               16116,418447683
16116,418458197,               16116,418487948
16116,418498036,               16116,418526948
16116,418536935,               16116,418567078
16116,418577206,               16116,418606314
16116,418616382,               16116,418646447
16116,418656488,               16116,418686084
16116,418696073,               16116,418725997
16116,418735993,               16116,418765315
16116,418775454,               16116,418804714
16116,418815223,               16116,418844325
16116,418856256,               16116,418885736
16116,418895830,               16116,418925354
16116,418935664,               16116,418965062
16116,418975232,               16116,419010039
16116,419019976,               16116,419049660
16116,419060319,               16116,419089855
16116,419100487,               16116,419130508
16116,419140755,               16116,419170013
16116,419179886,               16116,419209688
16116,419219795,               16116,419249135
16116,419259726,               16116,419289144
16116,419299233,               16116,419328638
16116,419338733,               16116,419368526
16116,419378761,               16116,419408223
16116,419418327,               16116,419447779
16116,419461856,               16116,419491536
16116,419502063,               16116,419531675
16116,419542330,               16116,419571671
16116,419581628,               16116,419616420
16116,419626429,               16116,419655570
16116,419666282,               16116,419696051
16116,419706251,               16116,419735912
16116,419746206,               16116,419776449
16116,419786929,               16116,419816907
16116,419827430,               16116,419857431
16116,419867550,               16116,419896905
16116,419907540,               16116,419937086
16116,419947195,               16116,419976387
16116,419986456,               16116,420016224
16116,420027014,               16116,420063278
16116,420073631,               16116,420103325
16116,420113478,               16116,420143510
16116,420153668,               16116,420183342
16116,420193901,               16116,420223685
16116,420234161,               16116,420263337
16116,420273194,               16116,420302770
16116,420312997,               16116,420344182
16116,420355464,               16116,420384739
16116,420394742,               16116,420424370
16116,420434402,               16116,420463374
16116,420473499,               16116,420503801
16116,420514324,               16116,420543770
16116,420556411,               16116,420586660
16116,420597803,               16116,420627628
16116,420638202,               16116,420667613
16116,420677864,               16116,420707169
16116,420717008,               16116,420746534
16116,420756512,               16116,420786177
16116,420796798,               16116,420826080
16116,420836391,               16116,420865948
16116,420875912,               16116,420905282
16116,420915328,               16116,420944319
16116,420954520,               16116,420984014
16116,420994650,               16116,421023931
16116,421034029,               16116,421063241
16116,421073391,               16116,421102977
16116,421113053,               16116,421142852
16116,421153098,               16116,421182726
16116,421193519,               16116,421223568
16116,421233770,               16116,421262441
16116,421278510,               16116,421308137
16116,421318752,               16116,421347451
16116,421358038,               16116,421387908
16116,421398003,               16116,421427449
16116,421437470,               16116,421466792
16116,421476965,               16116,421506363
16116,421516449,               16116,421547147
16116,421557169,               16116,421586891
16116,421596634,               16116,421626286
16116,421637182,               16116,421666552
16116,421677033,               16116,421706415
16116,421716460,               16116,421751901
16116,421762033,               16116,421791862
16116,421802135,               16116,421831104
16116,421841703,               16116,421871261
16116,421881620,               16116,421910677
16116,421920774,               16116,421950609
16116,421961122,               16116,421990319
16116,422000144,               16116,422029428
16116,422039592,               16116,422069284
16116,422079905,               16116,422110045
16116,422120554,               16116,422149903
16116,422159926,               16116,422189605
16116,422200064,               16116,422229546
16116,422240211,               16116,422269870
16116,422280679,               16116,422310217
16116,422324793,               16116,422353815
16116,422363938,               16116,422393451
16116,422404295,               16116,422434859
16116,422445416,               16116,422474710
16116,422485297,               16116,422515170
16116,422525820,               16116,422555345
16116,422565226,               16116,422594871
16116,422605200,               16116,422640779
16116,422650677,               16116,422679696
16116,422689941,               16116,422719159
16116,422729206,               16116,422758683
16116,422768841,               16116,422798024
16116,422807680,               16116,422837129
16116,422847163,               16116,422876828
16116,422886931,               16116,422916780
16116,422926979,               16116,422956400
16116,422966503,               16116,422996232
16116,423006352,               16116,423035919
16116,423046047,               16116,423076685
16116,423086909,               16116,423116710
16116,423127390,               16116,423157148
16116,423167662,               16116,423197560
16116,423207516,               16116,423236967
16116,423247179,               16116,423276188
16116,423286850,               16116,423316571
16116,423327110,               16116,423357233
16116,423367786,               16116,423397474
16116,423408102,               16116,423437178
16116,423447385,               16116,423476901
16116,423487017,               16116,423516326
16116,423526770,               16116,423555891
16116,423566417,               16116,423595133
16116,423605817,               16116,423635079
16116,423645293,               16116,423675004
16116,423685289,               16116,423715614
16116,423726271,               16116,423759345
16116,423769674,               16116,423799630
16116,423810027,               16116,423839249
16116,423849088,               16116,423878881
16116,423889026,               16116,423924988
16116,423935547,               16116,423965112
16116,423975708,               16116,424011844
16116,424021915,               16116,424052272
16116,424065129,               16116,424096884
16116,424108461,               16116,424137865
16116,424148060,               16116,424177349
16116,424187678,               16116,424222528
16116,424233079,               16116,424262524
16116,424272810,               16116,424302622
16116,424313012,               16116,424342549
16116,424353149,               16116,424383578
16116,424394169,               16116,424423534
16116,424434287,               16116,424464300
16116,424474300,               16116,424503666
16116,424514151,               16116,424543777
16116,424554350,               16116,424583987
16116,424594480,               16116,424624232
16116,424634759,               16116,424664659
16116,424675218,               16116,424712093
16116,424722776,               16116,424752516
16116,424762633,               16116,424791919
16116,424802451,               16116,424831500
16116,424841275,               16116,424870553
16116,424880816,               16116,424909598
16116,424920059,               16116,424949675
16116,424960206,               16116,424989670
16116,424999790,               16116,425030500
16116,425041090,               16116,425070225
16116,425080212,               16116,425109586
16116,425119658,               16116,425149238
16116,425158989,               16116,425188494
16116,425198739,               16116,425228089
16116,425238131,               16116,425267176
16116,425281212,               16116,425311103
16116,425321273,               16116,425350587
16116,425360820,               16116,425389408
16116,425398948,               16116,425434976
16116,425445019,               16116,425473796
16116,425483787,               16116,425513524
16116,425523593,               16116,425552251
16116,425562444,               16116,425591851
16116,425601726,               16116,425631121
16116,425640992,               16116,425670768
16116,425680692,               16116,425710088
16116,425720193,               16116,425749805
16116,425759970,               16116,425789717
16116,425799667,               16116,425829281
16116,425839497,               16116,425869218
16116,425879884,               16116,425910139
16116,425920719,               16116,425950788
16116,425960863,               16116,425991016
16116,426001483,               16116,426030952
16116,426041023,               16116,426070545
16116,426080999,               16116,426110055
16116,426120113,               16116,426149735
16116,426159771,               16116,426196778
16116,426207167,               16116,426236340
16116,426246895,               16116,426276900
16116,426286919,               16116,426316919
16116,426327540,               16116,426356660
16116,426366665,               16116,426396116
16116,426406678,               16116,426436216
16116,426446867,               16116,426476860
16116,426487043,               16116,426516598
16116,426526695,               16116,426556171
16116,426566016,               16116,426595744
16116,426606266,               16116,426635605
16116,426646008,               16116,426675054
16116,426685561,               16116,426715051
16116,426725512,               16116,426755090
16116,426765303,               16116,426795095
16116,426804976,               16116,426834056
16116,426844244,               16116,426873607
16116,426883306,               16116,426913119
16116,426923259,               16116,426953920
16116,426963956,               16116,426993283
16116,427003063,               16116,427032649
16116,427042729,               16116,427072399
16116,427082522,               16116,427112138
16116,427122361,               16116,427151121
16116,427161615,               16116,427191753
16116,427201888,               16116,427231625
16116,427242087,               16116,427271395
16116,427281585,               16116,427310855
16116,427321275,               16116,427350287
16116,427360779,               16116,427389609
16116,427399718,               16116,427428761
16116,427438942,               16116,427468406
16116,427478963,               16116,427508889
16116,427518991,               16116,427548246
16116,427560861,               16116,427591745
16116,427602596,               16116,427632323
16116,427642898,               16116,427672778
16116,427683461,               16116,427713362
16116,427724036,               16116,427771632
16116,427781754,               16116,427811757
16116,427821843,               16116,427853601
16116,427864259,               16116,427895661
16116,427906281,               16116,427936725
16116,427947373,               16116,427977729
16116,427987995,               16116,428019764
16116,428033556,               16116,428062928
16116,428073037,               16116,428104945
16116,428116090,               16116,428145986
16116,428167913,               16116,428198249
16116,428208851,               16116,428238004
16116,428248251,               16116,428278344
16116,428288481,               16116,428317755
16116,428327741,               16116,428357024
16116,428367503,               16116,428403670
16116,428414282,               16116,428444444
16116,428454680,               16116,428489065
16116,428499611,               16116,428529130
16116,428539362,               16116,428569243
16116,428579283,               16116,428615715
16116,428626186,               16116,428655691
16116,428665653,               16116,428695132
16116,428705671,               16116,428734948
16116,428745455,               16116,428774423
16116,428784933,               16116,428814068
16116,428824651,               16116,428854462
16116,428865119,               16116,428894937
16116,428905017,               16116,428935573
16116,428946190,               16116,428975712
16116,428985830,               16116,429015875
16116,429026119,               16116,429055399
16116,429065519,               16116,429095333
16116,429105923,               16116,429141029
16116,429151437,               16116,429181181
16116,429191358,               16116,429220838
16116,429230667,               16116,429283959
