4250,330531706,4250,330706984
4250,330815359,4250,330957763
4250,331024453,4250,331166923
4250,331233549,4250,331316450
4250,331377336,4250,331445502
4250,331505615,4250,331574805
4250,331634564,4250,331701741
4250,331761474,4250,331825820
4250,331886056,4250,331954793
4250,332018433,4250,332088556
4250,332150813,4250,332217440
4250,332277270,4250,332343640
4250,332403351,4250,332471254
4250,332531001,4250,332598508
4250,332658205,4250,332726395
4250,332786092,4250,332853175
4250,332913065,4250,332981399
4250,333041462,4250,333108073
4250,333167783,4250,333322094
4250,333401896,4250,333527673
4250,333589349,4250,333669844
4250,333730460,4250,333807241
4250,333867335,4250,333957900
4250,334017533,4250,334108238
4250,334167874,4250,334242248
4250,334302005,4250,334376459
4250,334436243,4250,334510610
4250,334570113,4250,334642987
4250,334702514,4250,334777618
4250,334837291,4250,334910839
4250,334977369,4250,335050037
4250,335109616,4250,335182144
4250,335241644,4250,335313207
4250,335372691,4250,335445968
4250,335505488,4250,335578756
4250,335638485,4250,335712696
4250,335772426,4250,335846494
4250,335906014,4250,335978008
4250,336038764,4250,336165111
4250,336241978,4250,336386725
4250,336453519,4250,336596236
4250,336663136,4250,336750747
4250,336812257,4250,336887971
4250,336948031,4250,337023461
4250,337083461,4250,337157998
4250,337217904,4250,337291318
4250,337351394,4250,337466810
4250,337539958,4250,337631965
4250,337693909,4250,337772716
4250,337833286,4250,337908456
4250,337968479,4250,338051200
4250,338110837,4250,338184564
4250,338244450,4250,338316403
4250,338375913,4250,338447610
4250,338507227,4250,338582074
4250,338641640,4250,338715321
4250,338774844,4250,338850181
4250,338909794,4250,338981574
4250,339040987,4250,339113304
4250,339172821,4250,339245928
4250,339305421,4250,339378351
4250,339437857,4250,339510178
4250,339569741,4250,339645415
4250,339704904,4250,339779488
4250,339839125,4250,339912578
4250,339972028,4250,340088417
4250,340158870,4250,340298502
4250,340365509,4250,340506015
4250,340572834,4250,340658787
4250,340719424,4250,340792927
4250,340852802,4250,340923189
4250,340982915,4250,341053138
4250,341113054,4250,341185303
4250,341245639,4250,341318615
4250,341378298,4250,341449451
4250,341509350,4250,341581380
4250,341641169,4250,341712669
4250,341772418,4250,341843208
4250,341902877,4250,341982614
4250,342042393,4250,342116076
4250,342175882,4250,342250625
4250,342310631,4250,342381778
4250,342441597,4250,342514420
4250,342574199,4250,342646182
4250,342706165,4250,342776318
4250,342836014,4250,342930294
4250,342993070,4250,343071987
4250,343132493,4250,343207883
4250,343268369,4250,343342308
4250,343401958,4250,343475064
4250,343548097,4250,343621414
4250,343681083,4250,343753716
4250,343813322,4250,343884205
4250,343943834,4250,344021827
4250,344081799,4250,344154369
4250,344214174,4250,344286610
4250,344346288,4250,344416514
4250,344476180,4250,344551642
4250,344611401,4250,344686580
4250,344746285,4250,344818408
4250,344877967,4250,344949529
4250,345009161,4250,345081884
4250,345141876,4250,345214385
4250,345273933,4250,345345839
4250,345405355,4250,345476784
4250,345536322,4250,345644846
4250,345713412,4250,345855430
4250,345922182,4250,346046160
4250,346109112,4250,346189398
4250,346250003,4250,346324899
4250,346384645,4250,346458604
4250,346518426,4250,346593102
4250,346652947,4250,346726120
4250,346786059,4250,346862471
4250,346922316,4250,346994266
4250,347054078,4250,347127117
4250,347186806,4250,347259338
4250,347319053,4250,347391409
4250,347451138,4250,347525767
4250,347585559,4250,347657678
4250,347717667,4250,347792179
4250,347852068,4250,347925051
4250,347984850,4250,348057405
4250,348117596,4250,348191148
4250,348250973,4250,348324369
4250,348384173,4250,348470915
4250,348532600,4250,348610836
4250,348670937,4250,348744483
4250,348804707,4250,348877683
4250,348937664,4250,349018426
4250,349085038,4250,349156400
4250,349216012,4250,349287670
4250,349347148,4250,349421783
4250,349481318,4250,349555917
4250,349615388,4250,349687417
4250,349746768,4250,349829694
4250,349889395,4250,349968317
4250,350027839,4250,350100338
4250,350159752,4250,350230191
4250,350289629,4250,350359911
4250,350419673,4250,350490434
4250,350550036,4250,350619608
4250,350678929,4250,350752228
4250,350811543,4250,350884398
4250,350943852,4250,351018351
4250,351077826,4250,351189229
4250,351257034,4250,351394664
4250,351461346,4250,351598243
4250,351665365,4250,351758080
4250,351819009,4250,351891847
4250,351951938,4250,352029877
4250,352089988,4250,352162133
4250,352222077,4250,352292612
4250,352352506,4250,352424967
4250,352484752,4250,352557973
4250,352617584,4250,352691112
4250,352750743,4250,352823501
4250,352883269,4250,352956083
4250,353015724,4250,353090302
4250,353149960,4250,353223681
4250,353283376,4250,353355733
4250,353415614,4250,353488626
4250,353548237,4250,353619248
4250,353679023,4250,353751874
4250,353811438,4250,353883886
4250,353943510,4250,354053109
4250,354116023,4250,354196488
4250,354257286,4250,354332784
4250,354393278,4250,354468110
4250,354528137,4250,354601289
4250,354660876,4250,354734037
4250,354793642,4250,354867220
4250,354926674,4250,354999656
4250,355059517,4250,355129884
4250,355189429,4250,355263337
4250,355322818,4250,355395139
4250,355454667,4250,355528491
4250,355588099,4250,355661784
4250,355721215,4250,355795923
4250,355862917,4250,355936875
4250,355996583,4250,356124242
4250,356185340,4250,356261908
4250,356321772,4250,356394050
4250,356453734,4250,356526026
4250,356585777,4250,356657691
4250,356717426,4250,356846605
4250,356915313,4250,357021935
4250,357084789,4250,357193684
4250,357256606,4250,357332853
4250,357393258,4250,357477220
4250,357537087,4250,357610908
4250,357670533,4250,357742004
4250,357801682,4250,357876037
4250,357935641,4250,358013062
4250,358072850,4250,358146622
4250,358206553,4250,358279260
4250,358339168,4250,358409239
4250,358468870,4250,358542799
4250,358602476,4250,358676297
4250,358735942,4250,358807577
4250,358867378,4250,358938742
4250,358998440,4250,359071038
4250,359130882,4250,359203700
4250,359263512,4250,359336439
4250,359396214,4250,359468295
4250,359528223,4250,359617801
4250,359679482,4250,359755324
4250,359815818,4250,359890576
4250,359950980,4250,360028232
4250,360087570,4250,360159601
4250,360218722,4250,360291030
4250,360349811,4250,360421186
4250,360479724,4250,360548312
4250,360606903,4250,360688944
4250,360747369,4250,360818617
4250,360877195,4250,360947443
4250,361005964,4250,361074375
4250,361132846,4250,361202721
4250,361261215,4250,361330566
4250,361396234,4250,361475646
4250,361534170,4250,361604008
4250,361662599,4250,361740181
4250,361798705,4250,361871560
4250,361936748,4250,362013843
4250,362072224,4250,362144979
4250,362203423,4250,362318962
4250,362386820,4250,362526386
4250,362593247,4250,362732143
4250,362798884,4250,362884479
4250,362945481,4250,363020292
4250,363080666,4250,363155488
4250,363215259,4250,363288630
4250,363348648,4250,363419863
4250,363480077,4250,363555519
4250,363615313,4250,363686918
4250,363746579,4250,363819894
4250,363879542,4250,363950356
4250,364013961,4250,364086019
4250,364146155,4250,364219677
4250,364279528,4250,364353910
4250,364413638,4250,364484627
4250,364544452,4250,364619878
4250,364679519,4250,364751994
4250,364811623,4250,364886065
4250,364945757,4250,365017985
4250,365077723,4250,365180189
4250,365243408,4250,365322253
4250,365382778,4250,365456744
4250,365516935,4250,365591004
4250,365650816,4250,365724158
4250,365783613,4250,365864018
4250,365923653,4250,366003152
4250,366062673,4250,366135225
4250,366194787,4250,366275756
4250,366335271,4250,366407553
4250,366467195,4250,366537420
4250,366596845,4250,366669847
4250,366729322,4250,366799987
4250,366859555,4250,366931947
4250,366991619,4250,367062244
4250,367121752,4250,367192858
4250,367252353,4250,367325148
4250,367384790,4250,367457162
4250,367516670,4250,367589035
4250,367648714,4250,367718992
4250,367778537,4250,367899044
4250,367968089,4250,368125260
4250,368195553,4250,368284059
4250,368355918,4250,368459195
4250,368521680,4250,368628996
4250,368691295,4250,368767704
4250,368827496,4250,368902225
4250,368961927,4250,369033213
4250,369092818,4250,369167193
4250,369226805,4250,369300677
4250,369360456,4250,369433439
4250,369492920,4250,369566356
4250,369626075,4250,369700354
4250,369760219,4250,369834804
4250,369894390,4250,369973186
4250,370032834,4250,370106143
4250,370165655,4250,370238137
4250,370297689,4250,370372705
4250,370432297,4250,370506542
4250,370566167,4250,370639707
4250,370699295,4250,370773008
4250,370832779,4250,370919609
4250,370982637,4250,371066080
4250,371126909,4250,371201841
4250,371262356,4250,371337872
4250,371397957,4250,371469336
4250,371528965,4250,371601470
4250,371661142,4250,371742368
4250,371808890,4250,371880183
4250,371939948,4250,372030941
4250,372090663,4250,372163048
4250,372222777,4250,372292939
4250,372352638,4250,372424784
4250,372484526,4250,372557215
4250,372616787,4250,372691150
4250,372750822,4250,372823027
4250,372882656,4250,372958169
4250,373017847,4250,373090106
4250,373149795,4250,373222584
4250,373282219,4250,373360332
4250,373419984,4250,373492443
4250,373552082,4250,373663725
4250,373732148,4250,373838825
4250,373901620,4250,374019841
4250,374082576,4250,374160339
4250,374220844,4250,374294414
4250,374361389,4250,374434401
4250,374494337,4250,374569793
4250,374629438,4250,374701264
4250,374761012,4250,374831752
4250,374898244,4250,374970466
4250,375037215,4250,375107857
4250,375167389,4250,375241279
4250,375300957,4250,375374066
4250,375440572,4250,375511911
4250,375571747,4250,375645362
4250,375712078,4250,375784737
4250,375851396,4250,375922808
4250,375982397,4250,376058153
4250,376118118,4250,376189430
4250,376256035,4250,376327081
4250,376393893,4250,376492136
4250,376555007,4250,376640483
4250,376700875,4250,376774880
4250,376835252,4250,376910574
4250,376970636,4250,377044558
4250,377104240,4250,377181776
4250,377248384,4250,377321210
4250,377387708,4250,377460547
4250,377520262,4250,377591734
4250,377651486,4250,377730805
4250,377797367,4250,377869169
4250,377935781,4250,378014877
4250,378074429,4250,378148928
4250,378215510,4250,378287242
4250,378346880,4250,378420369
4250,378486984,4250,378558947
4250,378618561,4250,378691207
4250,378750769,4250,378821961
4250,378888519,4250,378960215
4250,379019743,4250,379094565
4250,379154110,4250,379288058
4250,379356580,4250,379461099
4250,379523865,4250,379628301
4250,379691076,4250,379765962
4250,379826267,4250,379901562
4250,379961228,4250,380039150
4250,380098942,4250,380171120
4250,380230879,4250,380303380
4250,380363325,4250,380442741
4250,380502546,4250,380573975
4250,380633613,4250,380704561
4250,380772833,4250,380847159
4250,380907167,4250,380979202
4250,381038881,4250,381112203
4250,381172111,4250,381243473
4250,381303255,4250,381374460
4250,381434288,4250,381506607
4250,381566368,4250,381639630
4250,381699382,4250,381773608
4250,381833309,4250,381904594
4250,381964263,4250,382067232
4250,382129230,4250,382209363
4250,382269977,4250,382345050
4250,382405281,4250,382478943
4250,382539035,4250,382615834
4250,382675455,4250,382747731
4250,382814189,4250,382888158
4250,382947863,4250,383018755
4250,383078493,4250,383150235
4250,383209927,4250,383281959
4250,383341574,4250,383416329
4250,383475860,4250,383550333
4250,383609894,4250,383683096
4250,383742975,4250,383816030
4250,383875621,4250,383950120
4250,384020449,4250,384094844
4250,384161386,4250,384243551
4250,384303493,4250,384376138
4250,384435806,4250,384508868
4250,384568540,4250,384641202
4250,384700777,4250,384826793
4250,384894995,4250,385002238
4250,385065287,4250,385176733
4250,385239337,4250,385317186
4250,385377381,4250,385457007
4250,385517058,4250,385589634
4250,385649258,4250,385721707
4250,385788262,4250,385861901
4250,385928429,4250,386005884
4250,386065499,4250,386138228
4250,386197930,4250,386268401
4250,386335140,4250,386406245
4250,386472804,4250,386546432
4250,386605960,4250,386678432
4250,386744951,4250,386815666
4250,386875214,4250,386948589
4250,387008384,4250,387079586
4250,387139151,4250,387207916
4250,387274425,4250,387344087
4250,387410531,4250,387480990
4250,387540515,4250,387645104
4250,387707962,4250,387784038
4250,387844550,4250,387918668
4250,387979060,4250,388055125
4250,388115187,4250,388188372
4250,388255004,4250,388327752
4250,388387197,4250,388458609
4250,388518204,4250,388591035
4250,388650831,4250,388720902
4250,388787584,4250,388857996
4250,388917684,4250,388991939
4250,389058467,4250,389129399
4250,389189144,4250,389259806
4250,389326468,4250,389399020
4250,389458711,4250,389532427
4250,389599015,4250,389672337
4250,389731932,4250,389803357
4250,389863152,4250,389944654
4250,390004219,4250,390080877
4250,390140632,4250,390214604
4250,390281129,4250,390387889
4250,390451880,4250,390549986
4250,390612528,4250,390720580
4250,390783459,4250,390861561
4250,390921846,4250,390996807
4250,391056539,4250,391132335
4250,391192123,4250,391264374
4250,391324120,4250,391397715
4250,391457573,4250,391529768
4250,391589643,4250,391661871
4250,391721580,4250,391795775
4250,391855523,4250,391940642
4250,392014924,4250,392090983
4250,392151267,4250,392224299
4250,392284161,4250,392365030
4250,392424824,4250,392499600
4250,392559325,4250,392633043
4250,392692725,4250,392766143
4250,392825778,4250,392905441
4250,392965145,4250,393040464
4250,393105869,4250,393193194
4250,393255110,4250,393333702
4250,393394143,4250,393469568
4250,393529967,4250,393607722
4250,393667654,4250,393740062
4250,393799804,4250,393878816
4250,393938561,4250,394019053
4250,394079034,4250,394154233
4250,394220668,4250,394292197
4250,394351815,4250,394423680
4250,394483345,4250,394563154
4250,394622895,4250,394693804
4250,394753309,4250,394824671
4250,394884392,4250,394955224
4250,395014809,4250,395085254
4250,395145015,4250,395217237
4250,395276912,4250,395348364
4250,395407949,4250,395482568
4250,395542212,4250,395614598
4250,395674143,4250,395749618
4250,395809146,4250,395919419
4250,395987291,4250,396129341
4250,396192486,4250,396328650
4250,396391605,4250,396469454
4250,396529835,4250,396604573
4250,396671379,4250,396743644
4250,396810419,4250,396882701
4250,396942472,4250,397017264
4250,397077403,4250,397148538
4250,397215256,4250,397289512
4250,397356403,4250,397429032
4250,397489050,4250,397561322
4250,397621020,4250,397692842
4250,397752561,4250,397824019
4250,397883694,4250,397962489
4250,398022218,4250,398094506
4250,398161184,4250,398232243
4250,398298912,4250,398369444
4250,398429335,4250,398499333
4250,398559005,4250,398631664
4250,398698215,4250,398801251
4250,398864183,4250,398942379
4250,399002930,4250,399078419
4250,399138820,4250,399212156
4250,399271994,4250,399352746
4250,399412524,4250,399484709
4250,399544388,4250,399616410
4250,399682921,4250,399755696
4250,399822278,4250,399893840
4250,399953415,4250,400041798
4250,400101556,4250,400176251
4250,400242779,4250,400315661
4250,400375313,4250,400449535
4250,400509210,4250,400582409
4250,400648931,4250,400735653
4250,400795365,4250,400865913
4250,400925595,4250,400997754
4250,401064269,4250,401135504
4250,401202053,4250,401274501
4250,401334066,4250,401407598
4250,401474167,4250,401584590
4250,401648468,4250,401745667
4250,401808332,4250,401928896
4250,401991541,4250,402074383
4250,402134565,4250,402208267
4250,402268042,4250,402339367
4250,402398935,4250,402471217
4250,402530776,4250,402604824
4250,402664446,4250,402735028
4250,402794706,4250,402865775
4250,402925440,4250,402996792
4250,403056513,4250,403128102
4250,403187740,4250,403262229
4250,403321764,4250,403393249
4250,403452844,4250,403525513
4250,403585121,4250,403657473
4250,403717115,4250,403788430
4250,403848205,4250,403920854
4250,403980395,4250,404056228
4250,404116012,4250,404188818
4250,404248409,4250,404331779
4250,404393340,4250,404472799
4250,404533714,4250,404608036
4250,404668411,4250,404748764
4250,404808779,4250,404882011
4250,404941776,4250,405014881
4250,405081550,4250,405152459
4250,405212150,4250,405284146
4250,405343700,4250,405415773
4250,405484321,4250,405556553
4250,405616465,4250,405689570
4250,405749072,4250,405822991
4250,405882593,4250,405960318
4250,406019867,4250,406092769
4250,406152383,4250,406225036
4250,406284607,4250,406356759
4250,406416445,4250,406487793
4250,406552948,4250,406623714
4250,406683312,4250,406755094
4250,406814709,4250,406886451
4250,406946036,4250,407068773
4250,407136771,4250,407242541
4250,407305616,4250,407381878
4250,407442467,4250,407513776
4250,407574114,4250,407644486
4250,407704184,4250,407776090
4250,407835701,4250,407907800
4250,407967415,4250,408041271
4250,408104083,4250,408176991
4250,408236520,4250,408309355
4250,408368953,4250,408439342
4250,408498927,4250,408571322
4250,408630978,4250,408709910
4250,408769555,4250,408842207
4250,408901915,4250,408975511
4250,409035219,4250,409108845
4250,409168569,4250,409240288
4250,409299820,4250,409371925
4250,409431461,4250,409503383
4250,409562958,4250,409634643
4250,409694211,4250,409795574
4250,409858279,4250,409945165
4250,410005663,4250,410082709
4250,410143084,4250,410216240
4250,410276075,4250,410348650
4250,410415192,4250,410485927
4250,410545453,4250,410617008
4250,410676766,4250,410749415
4250,410808940,4250,410882285
4250,410948914,4250,411019749
4250,411079321,4250,411150443
4250,411216925,4250,411289510
4250,411349059,4250,411419838
4250,411479403,4250,411549981
4250,411609546,4250,411682285
4250,411741953,4250,411814635
4250,411874284,4250,411944746
4250,412008795,4250,412084377
4250,412144048,4250,412216683
4250,412276365,4250,412351277
4250,412410926,4250,412528365
4250,412592204,4250,412689997
4250,412752648,4250,412859681
4250,412922246,4250,412997718
4250,413057884,4250,413133446
4250,413193074,4250,413267353
4250,413326814,4250,413400679
4250,413460255,4250,413536593
4250,413596122,4250,413669987
4250,413729495,4250,413803344
4250,413863022,4250,413953451
4250,414012986,4250,414089658
4250,414149170,4250,414223789
4250,414283461,4250,414353806
4250,414413467,4250,414484066
4250,414543731,4250,414622347
4250,414682072,4250,414755110
4250,414814672,4250,414887340
4250,414946842,4250,415021704
4250,415081203,4250,415154661
4250,415214166,4250,415302302
4250,415363504,4250,415439649
4250,415500694,4250,415574366
4250,415634948,4250,415709223
4250,415769248,4250,415842727
4250,415902562,4250,415975037
4250,416039476,4250,416119364
4250,416179010,4250,416250635
4250,416310146,4250,416380915
4250,416440470,4250,416511382
4250,416570880,4250,416642559
4250,416702157,4250,416773576
4250,416833067,4250,416912376
4250,416972174,4250,417044870
4250,417104525,4250,417177680
4250,417237195,4250,417308487
4250,417368132,4250,417441874
4250,417501449,4250,417573634
4250,417638106,4250,417711531
4250,417771153,4250,417845488
4250,417904937,4250,418031593
4250,418099238,4250,418202411
4250,418265139,4250,418359342
4250,418422251,4250,418497596
4250,418557794,4250,418628926
4250,418688738,4250,418761103
4250,418820581,4250,418892843
4250,418952425,4250,419025157
4250,419084972,4250,419157157
4250,419216972,4250,419289407
4250,419349239,4250,419421834
4250,419481526,4250,419552751
4250,419612236,4250,419683418
4250,419743056,4250,419812735
4250,419872200,4250,419943548
4250,420007250,4250,420079212
4250,420138883,4250,420207282
4250,420267117,4250,420336592
4250,420396244,4250,420467859
4250,420527474,4250,420599179
4250,420658681,4250,420760007
4250,420823302,4250,420900338
4250,420960726,4250,421034101
4250,421094436,4250,421167341
4250,421227270,4250,421305885
4250,421365543,4250,421440895
4250,421500497,4250,421571269
4250,421637847,4250,421709263
4250,421769134,4250,421839566
4250,421899115,4250,421976793
4250,422036441,4250,422108823
4250,422168362,4250,422239777
4250,422299222,4250,422372104
4250,422431745,4250,422503241
4250,422562689,4250,422632397
4250,422692026,4250,422761124
4250,422820646,4250,422891748
4250,422951323,4250,423024308
4250,423083936,4250,423154372
4250,423213836,4250,423285592
4250,423345067,4250,423454900
4250,423518571,4250,423615481
4250,423677956,4250,423777075
4250,423839673,4250,423916235
4250,423976271,4250,424053806
4250,424113834,4250,424186093
4250,424245691,4250,424318146
4250,424377961,4250,424451360
4250,424511008,4250,424584613
4250,424644109,4250,424717741
4250,424777432,4250,424851167
4250,424910776,4250,424984981
4250,425044800,4250,425123552
4250,425183323,4250,425255308
4250,425314947,4250,425390429
4250,425449924,4250,425521566
4250,425581070,4250,425656769
4250,425716334,4250,425789663
4250,425849255,4250,425938007
4250,425997745,4250,426085904
4250,426145653,4250,426229475
4250,426291316,4250,426369079
4250,426429977,4250,426504735
4250,426565341,4250,426640623
4250,426700581,4250,426782340
4250,426848712,4250,426920077
4250,426979512,4250,427052624
4250,427112112,4250,427185364
4250,427244929,4250,427320054
4250,427379586,4250,427450841
4250,427510330,4250,427582738
4250,427642196,4250,427713432
4250,427772950,4250,427859492
4250,427919141,4250,427992526
4250,428063271,4250,428137557
4250,428197138,4250,428269927
4250,428329385,4250,428408054
4250,428467756,4250,428541688
4250,428601426,4250,428675861
4250,428735473,4250,428811492
4250,428870927,4250,428975853
4250,429038308,4250,429139374
4250,429202116,4250,429340539
4250,429403154,4250,429478833
4250,429539225,4250,429614447
4250,429674379,4250,429746537
4250,429806269,4250,429878687
4250,429955650,4250,430034258
4250,430094070,4250,430166965
4250,430226777,4250,430297859
4250,430357741,4250,430426912
4250,430486764,4250,430557383
4250,430617358,4250,430688036
4250,430747761,4250,430820837
4250,430880608,4250,430951500
4250,431011215,4250,431085437
4250,431145112,4250,431217184
4250,431277122,4250,431348558
4250,431408386,4250,431478501
4250,431538236,4250,431609392
4250,431669096,4250,431768276
4250,431830994,4250,431907377
4250,431967988,4250,432046250
4250,432106862,4250,432179680
4250,432239759,4250,432311061
4250,432370716,4250,432442755
4250,432502306,4250,432573155
4250,432632663,4250,432705302
4250,432765100,4250,432836239
4250,432895727,4250,432967132
4250,433026701,4250,433096279
4250,433155804,4250,433227436
4250,433286968,4250,433360320
4250,433419962,4250,433490800
4250,433550345,4250,433620394
4250,433679996,4250,433751214
4250,433810822,4250,433883678
4250,433943243,4250,434020495
4250,434080127,4250,434153309
4250,434212837,4250,434284675
4250,434344297,4250,434454767
4250,434518412,4250,434615518
4250,434678156,4250,434774969
4250,434837714,4250,434920360
4250,434980615,4250,435053687
4250,435113328,4250,435187947
4250,435247512,4250,435319344
4250,435378896,4250,435453141
4250,435512699,4250,435586271
4250,435645770,4250,435716022
4250,435775583,4250,435847169
4250,435907000,4250,435979122
4250,436043217,4250,436116256
4250,436176001,4250,436248820
4250,436308361,4250,436380943
4250,436440548,4250,436513024
4250,436572649,4250,436646041
4250,436705596,4250,436779534
4250,436839146,4250,436911271
4250,436970940,4250,437044259
4250,437103783,4250,437188126
4250,437249764,4250,437331473
4250,437391721,4250,437466567
4250,437526912,4250,437601687
4250,437661679,4250,437741258
4250,437807703,4250,437880508
4250,437939970,4250,438017762
4250,438077447,4250,438161196
4250,438220668,4250,438291930
4250,438351385,4250,438424040
4250,438483422,4250,438555301
4250,438621876,4250,438697391
4250,438756809,4250,438830841
4250,438890396,4250,438962955
4250,439022447,4250,439109499
4250,439168914,4250,439241273
4250,439307711,4250,439380193
4250,439439675,4250,439518374
4250,439577815,4250,439649741
4250,439709203,4250,439782071
4250,439841603,4250,439943705
4250,440011187,4250,440108414
4250,440171159,4250,440266034
4250,440328726,4250,440406265
4250,440466457,4250,440539162
4250,440598797,4250,440670279
4250,440729897,4250,440802326
4250,440861864,4250,440933420
4250,440993198,4250,441066903
4250,441126855,4250,441200137
4250,441259842,4250,441331684
4250,441391419,4250,441466234
4250,441525976,4250,441598985
4250,441658590,4250,441730272
4250,441789876,4250,441864512
4250,441924167,4250,441998736
4250,442082238,4250,442156520
4250,442216468,4250,442287820
4250,442347662,4250,442418407
4250,442478072,4250,442548331
4250,442607959,4250,442710632
4250,442773570,4250,442851386
4250,442911701,4250,442987193
4250,443047605,4250,443121780
4250,443181922,4250,443254007
4250,443313495,4250,443383657
4250,443443166,4250,443512918
4250,443572579,4250,443644938
4250,443704523,4250,443775041
4250,443834573,4250,443908132
4250,443967560,4250,444050623
4250,444110414,4250,444183399
4250,444243111,4250,444319006
4250,444378505,4250,444451364
4250,444510808,4250,444584200
4250,444643735,4250,444717264
4250,444776783,4250,444855258
4250,444914920,4250,444989882
4250,445049310,4250,445121742
4250,445181217,4250,445255406
4250,445314917,4250,445427260
4250,445490975,4250,445599672
4250,445662423,4250,445770726
4250,445833255,4250,445915170
4250,445975439,4250,446057038
4250,446116786,4250,446189381
4250,446248869,4250,446321945
4250,446381717,4250,446453719
4250,446513357,4250,446584949
4250,446644817,4250,446718336
4250,446777861,4250,446851686
4250,446918318,4250,446991947
4250,447051581,4250,447125377
4250,447184995,4250,447257914
4250,447317509,4250,447390624
4250,447450382,4250,447524968
4250,447584553,4250,447658538
4250,447718190,4250,447789625
4250,447849123,4250,447922925
4250,447989604,4250,448060946
4250,448121011,4250,448203847
4250,448265598,4250,448340471
4250,448400689,4250,448474664
4250,448534859,4250,448609064
4250,448669186,4250,448742885
4250,448802546,4250,448874598
4250,448934077,4250,449011442
4250,449077807,4250,449147846
4250,449207517,4250,449286630
4250,449353168,4250,449423067
4250,449482652,4250,449552574
4250,449612105,4250,449682797
4250,449742405,4250,449819091
4250,449885486,4250,449961671
4250,450028087,4250,450109315
4250,450168794,4250,450239359
4250,450298967,4250,450378646
4250,450438184,4250,450515030
4250,450574538,4250,450648264
4250,450707678,4250,450781304
4250,450840802,4250,450948042
4250,451010894,4250,451109193
4250,451171888,4250,451288491
4250,451350899,4250,451427231
4250,451487563,4250,451563359
4250,451623300,4250,451697592
4250,451757304,4250,451829382
4250,451888968,4250,451967763
4250,452032135,4250,452105507
4250,452165098,4250,452237894
4250,452297519,4250,452369917
4250,452429662,4250,452503468
4250,452563226,4250,452636498
4250,452696360,4250,452768328
4250,452827943,4250,452900612
4250,452960203,4250,453033225
4250,453093007,4250,453165279
4250,453225027,4250,453298006
4250,453357568,4250,453431330
4250,453491005,4250,453563153
4250,453622808,4250,453725878
4250,453788820,4250,453875155
4250,453935564,4250,454016856
4250,454077118,4250,454154586
4250,454214444,4250,454287336
4250,454368692,4250,454440161
4250,454499755,4250,454571571
4250,454631193,4250,454705031
4250,454764583,4250,454835685
4250,454895236,4250,454964725
4250,455024337,4250,455095089
4250,455154690,4250,455225022
4250,455284584,4250,455357526
4250,455417324,4250,455490186
4250,455549684,4250,455622756
4250,455682475,4250,455756950
4250,455816635,4250,455890494
4250,455950135,4250,456027084
4250,456086926,4250,456158668
4250,456218129,4250,456291388
4250,456351170,4250,456462596
4250,456526291,4250,456638204
4250,456700926,4250,456801392
4250,456864060,4250,456942252
4250,457002351,4250,457083923
4250,457143635,4250,457219674
4250,457279175,4250,457353910
4250,457413725,4250,457488114
4250,457547643,4250,457629908
4250,457689696,4250,457761232
4250,457820886,4250,457895795
4250,457955524,4250,458034606
4250,458094251,4250,458169813
4250,458229504,4250,458301410
4250,458361071,4250,458433683
4250,458493195,4250,458567847
4250,458627362,4250,458700900
4250,458760499,4250,458835041
4250,458894566,4250,458970668
4250,459030209,4250,459104985
4250,459164687,4250,459247632
4250,459309754,4250,459385806
4250,459446111,4250,459522050
4250,459582451,4250,459658193
4250,459718192,4250,459798284
4250,459864932,4250,459936814
4250,459996363,4250,460097726
4250,460157934,4250,460234012
4250,460293718,4250,460366993
4250,460426635,4250,460498830
4250,460558328,4250,460631230
4250,460690835,4250,460764011
4250,460830509,4250,460902591
4250,460962116,4250,461035388
4250,461094996,4250,461167788
4250,461227277,4250,461299659
4250,461359150,4250,461431449
4250,461490927,4250,461564999
4250,461624401,4250,461698516
4250,461757964,4250,461831583
4250,461891025,4250,462005561
4250,462068360,4250,462165902
4250,462228614,4250,462322834
4250,462385245,4250,462460757
4250,462520792,4250,462594134
4250,462653879,4250,462725505
4250,462785079,4250,462857251
4250,462916973,4250,462988838
4250,463048553,4250,463123682
4250,463183547,4250,463256772
4250,463316351,4250,463389336
4250,463449078,4250,463526483
4250,463586245,4250,463659157
4250,463719062,4250,463792944
4250,463852772,4250,463925788
4250,463985489,4250,464061311
4250,464120979,4250,464195351
4250,464255120,4250,464327239
4250,464386930,4250,464458685
4250,464525291,4250,464595526
4250,464655094,4250,464756684
4250,464819432,4250,464898071
4250,464958632,4250,465034495
4250,465094916,4250,465172172
4250,465232084,4250,465312099
4250,465371664,4250,465444183
4250,465503791,4250,465575690
4250,465635161,4250,465707827
4250,465767472,4250,465840644
4250,465900189,4250,465978221
4250,466037942,4250,466110294
4250,466169793,4250,466241495
4250,466300926,4250,466373555
4250,466432983,4250,466504622
4250,466570607,4250,466642429
4250,466701974,4250,466773933
4250,466833501,4250,466903483
4250,466962968,4250,467032503
4250,467092108,4250,467165250
4250,467224769,4250,467294947
4250,467354359,4250,467461915
4250,467525760,4250,467636463
4250,467699305,4250,467803501
4250,467866123,4250,467948825
4250,468013237,4250,468089689
4250,468149427,4250,468222116
4250,468281711,4250,468354266
4250,468413928,4250,468487427
4250,468547012,4250,468619550
4250,468679092,4250,468753901
4250,468813496,4250,468886858
4250,468946379,4250,469017751
4250,469077160,4250,469148505
4250,469208040,4250,469280795
