4265,747968668,4265,748172366
4265,748381343,4265,748522234
4265,748689167,4265,748824395
4265,748991641,4265,749127275
4265,749294342,4265,749452218
4265,749618895,4265,749748749
4265,749915338,4265,750140850
4265,750307496,4265,750441234
4265,750607763,4265,750704961
4265,750867388,4265,750936743
4265,751097199,4265,751163648
4265,751323410,4265,751389049
4265,751548948,4265,751613870
4265,751773613,4265,751839425
4265,751999181,4265,752165450
4265,752325216,4265,752392501
4265,752551226,4265,752642163
4265,752800755,4265,752873497
4265,753032016,4265,753180984
4265,753357387,4265,753451324
4265,753612383,4265,753689936
4265,753849888,4265,753925577
4265,754085449,4265,754167188
4265,754326940,4265,754401046
4265,754567528,4265,754639540
4265,754799209,4265,754872845
4265,755032577,4265,755103932
4265,755263744,4265,755340123
4265,755499739,4265,755572144
4265,755731680,4265,755806625
4265,755966224,4265,756046126
4265,756206190,4265,756283819
4265,756443640,4265,756520261
4265,756680066,4265,756752934
4265,756912564,4265,756986853
4265,757146340,4265,757220772
4265,757380363,4265,757453911
4265,757613335,4265,757687656
4265,757846930,4265,757980419
4265,758154938,4265,758290847
4265,758460881,4265,758600694
4265,758767556,4265,758906661
4265,759079840,4265,759217296
4265,759384303,4265,759523436
4265,759690158,4265,759829380
4265,759995794,4265,760159876
4265,760326815,4265,760475539
4265,760642154,4265,760725153
4265,760885711,4265,760957680
4265,761117204,4265,761255324
4265,761422076,4265,761568467
4265,761735065,4265,761847053
4265,762009335,4265,762093491
4265,762260359,4265,762336401
4265,762496136,4265,762572448
4265,762732173,4265,762805455
4265,762965013,4265,763041528
4265,763201137,4265,763276568
4265,763443090,4265,763532370
4265,763695288,4265,763771400
4265,763930212,4265,764033506
4265,764195231,4265,764269014
4265,764427939,4265,764500788
4265,764659296,4265,764730539
4265,764888684,4265,764962022
4265,765120284,4265,765193170
4265,765351456,4265,765422957
4265,765581049,4265,765650534
4265,765808836,4265,765877308
4265,766035657,4265,766112493
4265,766270718,4265,766342107
4265,766507476,4265,766581555
4265,766739794,4265,766811562
4265,766969851,4265,767041696
4265,767199825,4265,767268843
4265,767426905,4265,767499811
4265,767657873,4265,767728011
4265,767886247,4265,767954925
4265,768117557,4265,768204757
4265,768367517,4265,768450338
4265,768610578,4265,768683144
4265,768843124,4265,768915487
4265,769075344,4265,769149180
4265,769308697,4265,769380447
4265,769539963,4265,769610899
4265,769770926,4265,769842769
4265,770002303,4265,770080416
4265,770239836,4265,770314226
4265,770473472,4265,770544465
4265,770703685,4265,770777965
4265,770964260,4265,771041739
4265,771201400,4265,771278679
4265,771438183,4265,771512949
4265,771672400,4265,771746269
4265,771905986,4265,771977839
4265,772148882,4265,772223837
4265,772383181,4265,772456147
4265,772615357,4265,772688706
4265,772848117,4265,772973140
4265,773141927,4265,773235307
4265,773396587,4265,773473616
4265,773633793,4265,773710595
4265,773870639,4265,773953398
4265,774113439,4265,774192594
4265,774352245,4265,774427103
4265,774586664,4265,774661569
4265,774821036,4265,774894955
4265,775054352,4265,775129177
4265,775288878,4265,775359686
4265,775519110,4265,775589772
4265,775749150,4265,775820362
4265,775979646,4265,776070227
4265,776229962,4265,776302106
4265,776461434,4265,776533724
4265,776692976,4265,776761639
4265,776921088,4265,776992228
4265,777151806,4265,777223163
4265,777382522,4265,777453349
4265,777612710,4265,777727724
4265,777893726,4265,777983810
4265,778143601,4265,778216942
4265,778375940,4265,778447677
4265,778606279,4265,778677229
4265,778835760,4265,778909177
4265,779074459,4265,779147479
4265,779306384,4265,779379378
4265,779544973,4265,779618770
4265,779777175,4265,779847609
4265,780030577,4265,780103424
4265,780262096,4265,780333026
4265,780491301,4265,780568349
4265,780726887,4265,780797804
4265,780955992,4265,781033633
4265,781191765,4265,781261435
4265,781419704,4265,781491787
4265,781657042,4265,781734423
4265,781892611,4265,781973209
4265,782131413,4265,782205054
4265,782363599,4265,782482917
4265,782651655,4265,782740712
4265,782901891,4265,782975855
4265,783135946,4265,783206590
4265,783366718,4265,783445859
4265,783606560,4265,783678831
4265,783838539,4265,783909877
4265,784071715,4265,784139553
4265,784299494,4265,784369442
4265,784528837,4265,784598691
4265,784758310,4265,784835301
4265,784994692,4265,785064460
4265,785223882,4265,785294199
4265,785453611,4265,785533919
4265,785693537,4265,785767724
4265,785927030,4265,786003541
4265,786162923,4265,786238484
4265,786397769,4265,786471466
4265,786630891,4265,786702895
4265,786862407,4265,786935532
4265,787095033,4265,787213911
4265,787383313,4265,787480081
4265,787641176,4265,787715494
4265,787875499,4265,787949573
4265,788121199,4265,788198324
4265,788358165,4265,788428674
4265,788588252,4265,788659777
4265,788819582,4265,788892290
4265,789051772,4265,789123134
4265,789282411,4265,789355564
4265,789515245,4265,789588173
4265,789747861,4265,789823344
4265,789982908,4265,790063744
4265,790223021,4265,790296223
4265,790455508,4265,790528217
4265,790687438,4265,790759550
4265,790918855,4265,790991110
4265,791150318,4265,791223616
4265,791382794,4265,791455040
4265,791614291,4265,791691710
4265,791851044,4265,791967797
4265,792144777,4265,792234747
4265,792396146,4265,792474016
4265,792634442,4265,792709591
4265,792869687,4265,792943133
4265,793103286,4265,793176535
4265,793336411,4265,793411830
4265,793571486,4265,793645962
4265,793805788,4265,793878854
4265,794038336,4265,794118123
4265,794277499,4265,794350211
4265,794509537,4265,794581623
4265,794741369,4265,794815495
4265,794974824,4265,795049273
4265,795208866,4265,795283429
4265,795442855,4265,795515710
4265,795675173,4265,795752846
4265,795912242,4265,795984804
4265,796154761,4265,796227077
4265,796386556,4265,796458495
4265,796619321,4265,796705681
4265,796868184,4265,796945823
4265,797106106,4265,797178392
4265,797338474,4265,797411437
4265,797571493,4265,797647286
4265,797807325,4265,797881218
4265,798040604,4265,798120453
4265,798287296,4265,798360239
4265,798519871,4265,798593974
4265,798753324,4265,798826179
4265,798992972,4265,799068065
4265,799227784,4265,799301677
4265,799461233,4265,799541683
4265,799701155,4265,799773608
4265,799933263,4265,800021927
4265,800181978,4265,800257297
4265,800417112,4265,800490684
4265,800650221,4265,800724280
4265,800883585,4265,800954497
4265,801113978,4265,801184837
4265,801344284,4265,801473602
4265,801642350,4265,801731715
4265,801892917,4265,801971262
4265,802131147,4265,802206359
4265,802366994,4265,802441709
4265,802602120,4265,802676596
4265,802836261,4265,802908346
4265,803074967,4265,803147760
4265,803314444,4265,803386853
4265,803546727,4265,803619693
4265,803778994,4265,803848440
4265,804011957,4265,804084432
4265,804250830,4265,804321915
4265,804488619,4265,804560498
4265,804719985,4265,804791736
4265,804958140,4265,805029219
4265,805188566,4265,805258411
4265,805417888,4265,805489180
4265,805655741,4265,805727796
4265,805894083,4265,805970655
4265,806137162,4265,806258572
4265,806427529,4265,806515225
4265,806676445,4265,806750131
4265,806910068,4265,806980670
4265,807140900,4265,807215625
4265,807382606,4265,807454868
4265,807614515,4265,807687494
4265,807847251,4265,807916842
4265,808095040,4265,808169052
4265,808335623,4265,808407174
4265,808573192,4265,808644353
4265,808803691,4265,808874712
4265,809034013,4265,809104908
4265,809264265,4265,809337250
4265,809503711,4265,809575359
4265,809734577,4265,809807991
4265,809967199,4265,810045317
4265,810211615,4265,810286733
4265,810445954,4265,810519199
4265,810678533,4265,810751544
4265,810917858,4265,811036371
4265,811205135,4265,811293714
4265,811455025,4265,811531673
4265,811691737,4265,811768043
4265,811928350,4265,812056280
4265,812217353,4265,812296742
4265,812456823,4265,812528707
4265,812688201,4265,812761310
4265,812921041,4265,812995212
4265,813154826,4265,813230591
4265,813398845,4265,813475087
4265,813634571,4265,813706406
4265,813865914,4265,813948402
4265,814107823,4265,814182335
4265,814341655,4265,814416830
4265,814576094,4265,814656659
4265,814815863,4265,814887685
4265,815047139,4265,815119407
4265,815278548,4265,815349780
4265,815508990,4265,815581305
4265,815740476,4265,815844785
4265,816018076,4265,816115539
4265,816276853,4265,816350838
4265,816510949,4265,816585851
4265,816746239,4265,816818544
4265,816977928,4265,817049243
4265,817208608,4265,817287923
4265,817447107,4265,817518142
4265,817677620,4265,817751428
4265,817917873,4265,817997405
4265,818156603,4265,818236998
4265,818403199,4265,818476361
4265,818635625,4265,818709854
4265,818876052,4265,818947640
4265,819106884,4265,819188943
4265,819348334,4265,819420082
4265,819579393,4265,819666626
4265,819826127,4265,819897999
4265,820075330,4265,820149986
4265,820316564,4265,820391562
4265,820557800,4265,820677814
4265,820846069,4265,820934228
4265,821095449,4265,821167341
4265,821327022,4265,821397968
4265,821565072,4265,821637068
4265,821797166,4265,821869618
4265,822036119,4265,822111622
4265,822271326,4265,822343258
4265,822502916,4265,822575165
4265,822734303,4265,822808578
4265,822974743,4265,823047441
4265,823213849,4265,823285411
4265,823444750,4265,823521878
4265,823688110,4265,823758439
4265,823917763,4265,823988642
4265,824148376,4265,824223155
4265,824382443,4265,824453655
4265,824620034,4265,824689472
4265,824848797,4265,824919423
4265,825078687,4265,825149826
4265,825309184,4265,825432414
4265,825601509,4265,825690795
4265,825852217,4265,825927162
4265,826087180,4265,826165366
4265,826325587,4265,826399353
4265,826559248,4265,826630510
4265,826789994,4265,826863120
4265,827029648,4265,827103177
4265,827269825,4265,827343258
4265,827502802,4265,827577918
4265,827737516,4265,827814815
4265,827974516,4265,828057442
4265,828223860,4265,828298779
4265,828458110,4265,828531929
4265,828698237,4265,828770499
4265,828936751,4265,829009653
4265,829168814,4265,829241739
4265,829401034,4265,829472252
4265,829638344,4265,829711526
4265,829877611,4265,829955566
4265,830114831,4265,830243248
4265,830411686,4265,830498738
4265,830659946,4265,830732692
4265,830892756,4265,830966752
4265,831126970,4265,831200452
4265,831360406,4265,831440385
4265,831600067,4265,831674982
4265,831834690,4265,831904402
4265,832082970,4265,832156422
4265,832316080,4265,832387889
4265,832547243,4265,832624268
4265,832783630,4265,832856002
4265,833015342,4265,833087914
4265,833247302,4265,833320731
4265,833479859,4265,833556204
4265,833715618,4265,833789504
4265,833948975,4265,834027350
4265,834186571,4265,834258970
4265,834418408,4265,834492423
4265,834661645,4265,834736313
4265,834895631,4265,835007581
4265,835175155,4265,835263258
4265,835424415,4265,835497951
4265,835657922,4265,835731911
4265,835891558,4265,835972221
4265,836150765,4265,836223851
4265,836383419,4265,836455297
4265,836614925,4265,836688673
4265,836848191,4265,836920346
4265,837079771,4265,837152466
4265,837311784,4265,837383992
4265,837550184,4265,837620609
4265,837779793,4265,837850392
4265,838016529,4265,838092962
4265,838252383,4265,838326225
4265,838485659,4265,838559104
4265,838718269,4265,838791137
4265,838950249,4265,839023754
4265,839189698,4265,839267924
4265,839427212,4265,839497630
4265,839663578,4265,839770677
4265,839934442,4265,840018128
4265,840178432,4265,840251564
4265,840411478,4265,840483513
4265,840650715,4265,840724733
4265,840884481,4265,840958596
4265,841117981,4265,841191173
4265,841350724,4265,841423182
4265,841589700,4265,841663315
4265,841830043,4265,841901879
4265,842061093,4265,842137728
4265,842297006,4265,842370791
4265,842529989,4265,842602954
4265,842769352,4265,842847517
4265,843006879,4265,843076691
4265,843243251,4265,843316833
4265,843476038,4265,843550210
4265,843709471,4265,843779403
4265,843938750,4265,844012722
4265,844179244,4265,844251989
4265,844418257,4265,844528910
4265,844697704,4265,844785173
4265,844946247,4265,845026510
4265,845186388,4265,845258590
4265,845418550,4265,845496012
4265,845663027,4265,845733225
4265,845899460,4265,845978149
4265,846137763,4265,846212422
4265,846371923,4265,846451322
4265,846610899,4265,846683488
4265,846849892,4265,846921084
4265,847080485,4265,847152894
4265,847319338,4265,847389907
4265,847549144,4265,847620943
4265,847780488,4265,847852579
4265,848023554,4265,848098152
4265,848264551,4265,848333683
4265,848499813,4265,848573372
4265,848732897,4265,848805569
4265,848971856,4265,849043385
4265,849202563,4265,849331266
4265,849499884,4265,849587667
4265,849748967,4265,849821479
4265,849981557,4265,850062266
4265,850222344,4265,850297082
4265,850457224,4265,850532342
4265,850691807,4265,850762752
4265,850922246,4265,851003625
4265,851163053,4265,851238392
4265,851397996,4265,851469801
4265,851629159,4265,851714085
4265,851873539,4265,851946347
4265,852124489,4265,852198754
4265,852358292,4265,852430494
4265,852589709,4265,852662027
4265,852821198,4265,852893640
4265,853052785,4265,853125797
4265,853285081,4265,853357520
4265,853516784,4265,853588432
4265,853747627,4265,853824119
4265,853983343,4265,854111887
4265,854279405,4265,854369174
4265,854530308,4265,854607487
4265,854767515,4265,854840334
4265,855007485,4265,855080473
4265,855240228,4265,855311400
4265,855477838,4265,855551080
4265,855710751,4265,855785986
4265,855961538,4265,856035177
4265,856195051,4265,856267983
4265,856427311,4265,856501769
4265,856661381,4265,856734993
4265,856894514,4265,856965456
4265,857124954,4265,857196262
4265,857355410,4265,857441109
4265,857600273,4265,857672199
4265,857831390,4265,857903472
4265,858062680,4265,858141145
4265,858300556,4265,858381115
4265,858540319,4265,858612805
4265,858772193,4265,858871898
4265,859035350,4265,859113145
4265,859273156,4265,859349945
4265,859509660,4265,859582398
4265,859742383,4265,859815588
4265,859975493,4265,860052435
4265,860219410,4265,860296862
4265,860456426,4265,860525874
4265,860685702,4265,860757824
4265,860917319,4265,860995057
4265,861154559,4265,861225201
4265,861384558,4265,861454137
4265,861613438,4265,861684567
4265,861843658,4265,861913710
4265,862072864,4265,862150780
4265,862310011,4265,862382883
4265,862542120,4265,862613632
4265,862772880,4265,862845722
4265,863004963,4265,863078309
4265,863237630,4265,863309542
4265,863468746,4265,863585926
4265,863754894,4265,863845993
4265,864012011,4265,864088597
4265,864248691,4265,864329640
4265,864489824,4265,864571817
4265,864731721,4265,864804353
4265,864963924,4265,865037059
4265,865196637,4265,865268303
4265,865435097,4265,865507319
4265,865666930,4265,865741442
4265,865900897,4265,865978155
4265,866137376,4265,866211075
4265,866370276,4265,866449868
4265,866609256,4265,866687655
4265,866847073,4265,866918758
4265,867078112,4265,867148871
4265,867308005,4265,867384591
4265,867543838,4265,867614070
4265,867773375,4265,867846420
4265,868017511,4265,868093963
4265,868253238,4265,868369338
4265,868537739,4265,868624092
4265,868785589,4265,868859341
4265,869019699,4265,869092014
4265,869252229,4265,869324481
4265,869484461,4265,869556200
4265,869715865,4265,869789393
4265,869949058,4265,870027143
4265,870186684,4265,870261910
4265,870421731,4265,870497699
4265,870657150,4265,870731146
4265,870890550,4265,870964156
4265,871123443,4265,871196702
4265,871355990,4265,871431102
4265,871590403,4265,871664545
4265,871823789,4265,871895481
4265,872066932,4265,872139328
4265,872298545,4265,872370517
4265,872530065,4265,872601017
4265,872760161,4265,872834097
4265,872993324,4265,873100544
4265,873268169,4265,873358514
4265,873519532,4265,873601091
4265,873761185,4265,873837617
4265,873997545,4265,874076301
4265,874236068,4265,874310984
4265,874470578,4265,874543627
4265,874703144,4265,874776606
4265,874936411,4265,875007583
4265,875167097,4265,875238679
4265,875398020,4265,875476982
4265,875636433,4265,875707522
4265,875866880,4265,875939425
4265,876110180,4265,876181048
4265,876340283,4265,876418755
4265,876578096,4265,876647688
4265,876806989,4265,876876174
4265,877051235,4265,877123451
4265,877283025,4265,877363354
4265,877522868,4265,877595220
4265,877754565,4265,877865044
4265,878028679,4265,878114264
4265,878274389,4265,878348974
4265,878508678,4265,878582324
4265,878742379,4265,878815140
4265,878975081,4265,879048573
4265,879208278,4265,879280306
4265,879440084,4265,879510456
4265,879669984,4265,879746319
4265,879905607,4265,879975835
4265,880137850,4265,880210245
4265,880369803,4265,880439015
4265,880598293,4265,880669245
4265,880828329,4265,880899381
4265,881058495,4265,881126767
4265,881285978,4265,881356437
4265,881515871,4265,881588920
4265,881748057,4265,881819863
4265,881979117,4265,882058083
4265,882217414,4265,882289226
4265,882448523,4265,882569670
4265,882738695,4265,882828064
4265,882989088,4265,883070924
4265,883230935,4265,883304727
4265,883464805,4265,883540083
4265,883700005,4265,883771957
4265,883938284,4265,884028687
4265,884188588,4265,884262420
4265,884422255,4265,884500343
4265,884659694,4265,884733516
4265,884893038,4265,884967040
4265,885126507,4265,885199452
4265,885359024,4265,885431932
4265,885591323,4265,885664055
4265,885823503,4265,885897665
4265,886056863,4265,886136218
4265,886295533,4265,886372655
4265,886532116,4265,886607235
4265,886766549,4265,886839818
4265,886999162,4265,887073024
4265,887232325,4265,887357326
4265,887525884,4265,887616969
4265,887778201,4265,887853019
4265,888024854,4265,888101046
4265,888261024,4265,888342193
4265,888502110,4265,888575426
4265,888735024,4265,888809356
4265,888968966,4265,889044129
4265,889203740,4265,889277155
4265,889436546,4265,889509618
4265,889669066,4265,889741111
4265,889900402,4265,889977684
4265,890137125,4265,890210941
4265,890370415,4265,890442157
4265,890601531,4265,890677957
4265,890837635,4265,890908467
4265,891067974,4265,891139563
4265,891299091,4265,891371619
4265,891530934,4265,891601366
4265,891760817,4265,891832849
4265,891992260,4265,892121410
4265,892288858,4265,892376924
4265,892538408,4265,892612673
4265,892773241,4265,892845620
4265,893005544,4265,893078089
4265,893237888,4265,893310816
4265,893470134,4265,893551186
4265,893710884,4265,893784643
4265,893944017,4265,894019472
4265,894178757,4265,894257042
4265,894416286,4265,894495842
4265,894655573,4265,894728315
4265,894887833,4265,894959758
4265,895119056,4265,895195958
4265,895355176,4265,895435458
4265,895594775,4265,895668388
4265,895827802,4265,895899434
4265,896070309,4265,896143371
4265,896302688,4265,896377307
4265,896536545,4265,896613823
4265,896773251,4265,896870180
4265,897033682,4265,897111187
4265,897271301,4265,897341067
4265,897500998,4265,897571920
4265,897731944,4265,897805176
4265,897964664,4265,898042713
4265,898228504,4265,898302733
4265,898462561,4265,898535143
4265,898694734,4265,898767369
4265,898926860,4265,898999196
4265,899158820,4265,899230595
4265,899390016,4265,899461851
4265,899621003,4265,899694348
4265,899853539,4265,899924024
4265,900086432,4265,900159334
4265,900318872,4265,900390294
4265,900549588,4265,900619760
4265,900779134,4265,900851850
4265,901011041,4265,901081306
4265,901240807,4265,901311582
4265,901470820,4265,901596050
4265,901765038,4265,901854880
4265,902015918,4265,902096564
4265,902256715,4265,902332803
4265,902499638,4265,902572867
4265,902732748,4265,902805146
4265,902964394,4265,903044517
4265,903204101,4265,903277163
4265,903436857,4265,903508046
4265,903674420,4265,903748119
4265,903907414,4265,903978232
4265,904147793,4265,904222175
4265,904381793,4265,904456465
4265,904616100,4265,904686352
4265,904845609,4265,904916245
4265,905075563,4265,905155145
4265,905314609,4265,905386477
4265,905545845,4265,905617737
4265,905783955,4265,905854480
4265,906013852,4265,906092004
4265,906251268,4265,906376998
4265,906545809,4265,906633759
4265,906794906,4265,906867022
4265,907027086,4265,907099845
4265,907260079,4265,907334025
4265,907494235,4265,907566877
4265,907726565,4265,907799154
4265,907958675,4265,908050088
4265,908209869,4265,908280741
4265,908440015,4265,908514693
4265,908673918,4265,908746187
4265,908905428,4265,908977740
4265,909144161,4265,909216226
4265,909382654,4265,909454916
4265,909614531,4265,909687373
4265,909853684,4265,909926332
4265,910085770,4265,910162576
4265,910328903,4265,910405232
4265,910564437,4265,910655989
4265,910815517,4265,910892776
4265,911052037,4265,911163463
4265,911331231,4265,911422077
4265,911583215,4265,911663824
4265,911823701,4265,911895290
4265,912059778,4265,912131400
4265,912292001,4265,912363439
4265,912522884,4265,912595046
4265,912754730,4265,912826619
4265,912993247,4265,913074149
4265,913233910,4265,913305282
4265,913465043,4265,913538068
4265,913697656,4265,913771452
4265,913930962,4265,914008741
4265,914168149,4265,914243381
4265,914409746,4265,914480414
4265,914646692,4265,914719018
4265,914878388,4265,914948600
4265,915107915,4265,915178020
4265,915337401,4265,915423967
4265,915583281,4265,915655993
4265,915815261,4265,915940264
4265,916111756,4265,916198628
4265,916359609,4265,916432741
4265,916592486,4265,916663461
4265,916823299,4265,916894331
4265,917053742,4265,917124554
4265,917283881,4265,917354930
4265,917514255,4265,917585953
4265,917745274,4265,917815543
4265,917974957,4265,918050476
4265,918209740,4265,918285122
4265,918444400,4265,918517172
4265,918676330,4265,918750119
4265,918909533,4265,918985108
4265,919144609,4265,919215891
4265,919392746,4265,919469968
4265,919629469,4265,919703281
4265,919862922,4265,919936398
4265,920098636,4265,920170928
4265,920330315,4265,920403757
4265,920563108,4265,920690755
4265,920859693,4265,920948249
4265,921109407,4265,921183252
4265,921343263,4265,921415322
4265,921575299,4265,921647035
4265,921806966,4265,921877998
4265,922037322,4265,922115798
4265,922275359,4265,922350721
4265,922510145,4265,922595644
4265,922755135,4265,922835784
4265,922995435,4265,923069087
4265,923228835,4265,923299287
4265,923458558,4265,923530663
4265,923689981,4265,923777373
4265,923936761,4265,924024550
4265,924184181,4265,924259386
4265,924418764,4265,924493317
4265,924652691,4265,924725593
4265,924884844,4265,924956772
4265,925115964,4265,925188432
4265,925347746,4265,925471620
4265,925640298,4265,925729961
4265,925890985,4265,925972577
4265,926132525,4265,926208660
4265,926375858,4265,926449994
4265,926610215,4265,926684657
4265,926844338,4265,926920770
4265,927080574,4265,927154310
4265,927313870,4265,927387479
4265,927547077,4265,927619512
4265,927785820,4265,927859655
4265,928030940,4265,928105766
4265,928265143,4265,928339419
4265,928499020,4265,928572579
4265,928731949,4265,928805458
4265,928971896,4265,929051168
4265,929210419,4265,929282731
4265,929442142,4265,929515794
4265,929675222,4265,929749917
4265,929909355,4265,929987067
4265,930146462,4265,930252878
4265,930427063,4265,930513812
4265,930675089,4265,930748608
4265,930908803,4265,930980805
4265,931141035,4265,931221844
4265,931381916,4265,931456704
4265,931623532,4265,931698361
4265,931857882,4265,931931734
4265,932109905,4265,932183947
4265,932343478,4265,932415364
4265,932574685,4265,932647843
4265,932807021,4265,932880927
4265,933047651,4265,933121220
4265,933287634,4265,933359743
4265,933518931,4265,933598256
4265,933757547,4265,933828923
4265,933988133,4265,934067422
4265,934233584,4265,934307719
4265,934466833,4265,934548623
4265,934714793,4265,934786145
4265,934945290,4265,935068250
4265,935236761,4265,935324097
4265,935485365,4265,935558583
4265,935718228,4265,935791877
4265,935951267,4265,936028600
4265,936188194,4265,936259796
4265,936419024,4265,936494636
4265,936653934,4265,936723709
4265,936883257,4265,936952099
4265,937111263,4265,937182318
4265,937341586,4265,937411764
4265,937571279,4265,937643364
4265,937802545,4265,937872817
4265,938032152,4265,938109094
4265,938268455,4265,938340890
4265,938500511,4265,938573133
4265,938732301,4265,938801439
4265,938960864,4265,939034352
4265,939193527,4265,939265339
4265,939424663,4265,939494702
4265,939654093,4265,939771603
4265,939940301,4265,940039640
4265,940201111,4265,940275733
4265,940435941,4265,940510860
4265,940695815,4265,940772860
4265,940933248,4265,941005100
4265,941164841,4265,941238720
4265,941398294,4265,941472026
4265,941631457,4265,941701812
4265,941861730,4265,941942316
4265,942102043,4265,942180692
4265,942340147,4265,942416039
4265,942575390,4265,942649192
4265,942808560,4265,942887608
4265,943046916,4265,943117405
4265,943276746,4265,943349945
4265,943509165,4265,943583217
4265,943742485,4265,943814667
4265,943974028,4265,944048550
4265,944208038,4265,944282503
4265,944441761,4265,944564021
4265,944732796,4265,944820708
4265,944981769,4265,945059958
4265,945220459,4265,945292598
4265,945452936,4265,945524841
4265,945685032,4265,945758004
4265,945917602,4265,945997767
4265,946157358,4265,946232450
4265,946392301,4265,946467287
4265,946626771,4265,946700810
4265,946860254,4265,946934690
4265,947094381,4265,947168000
4265,947327750,4265,947400072
4265,947559390,4265,947631429
4265,947790947,4265,947864852
4265,948025566,4265,948098775
4265,948258136,4265,948330122
4265,948489636,4265,948563178
4265,948722445,4265,948794621
4265,948953865,4265,949025011
4265,949184165,4265,949289718
4265,949457279,4265,949546655
4265,949708166,4265,949781305
4265,949941229,4265,950023294
4265,950183646,4265,950256775
4265,950416762,4265,950489311
4265,950656112,4265,950728024
4265,950887575,4265,950958277
4265,951117735,4265,951188820
4265,951348088,4265,951419576
4265,951585901,4265,951664710
4265,951824434,4265,951899903
4265,952064497,4265,952136609
4265,952295994,4265,952365819
4265,952524960,4265,952600392
4265,952759780,4265,952830972
4265,952990240,4265,953061525
4265,953227816,4265,953299211
4265,953458403,4265,953536755
4265,953695972,4265,953767171
4265,953926585,4265,954052382
4265,954220834,4265,954311909
4265,954472874,4265,954546792
4265,954706647,4265,954784222
4265,954943693,4265,955017525
4265,955177136,4265,955249922
4265,955409316,4265,955482011
4265,955641433,4265,955713608
4265,955872882,4265,955944897
4265,956108045,4265,956180464
4265,956339988,4265,956410674
4265,956569998,4265,956640590
4265,956800128,4265,956871570
4265,957031001,4265,957102906
4265,957262554,4265,957333172
4265,957492440,4265,957561849
4265,957721040,4265,957791852
4265,957951176,4265,958027708
4265,958193989,4265,958267301
4265,958426712,4265,958498284
4265,958657742,4265,958779495
4265,958949017,4265,959043183
4265,959204207,4265,959278769
4265,959438803,4265,959513039
4265,959673107,4265,959746279
4265,959906423,4265,959985935
4265,960157167,4265,960228989
4265,960388653,4265,960460858
4265,960620549,4265,960694235
4265,960853866,4265,960929518
4265,961089425,4265,961164071
4265,961323702,4265,961396801
4265,961555995,4265,961626643
4265,961803508,4265,961881467
4265,962041225,4265,962122031
4265,962281781,4265,962358263
4265,962517775,4265,962599897
4265,962759308,4265,962832176
4265,962991324,4265,963063946
4265,963223161,4265,963296806
4265,963456047,4265,963580040
4265,963748671,4265,963838251
4265,963999752,4265,964089494
4265,964249802,4265,964324041
4265,964484352,4265,964558977
4265,964718572,4265,964789870
4265,964949094,4265,965020600
4265,965180308,4265,965253923
4265,965413277,4265,965486446
4265,965645814,4265,965718856
4265,965878077,4265,965958486
4265,966117873,4265,966191085
4265,966350270,4265,966423525
4265,966582693,4265,966654538
4265,966813789,4265,966887478
4265,967046679,4265,967118274
4265,967277692,4265,967349374
4265,967508588,4265,967580757
4265,967740111,4265,967809373
4265,967968611,4265,968049563
4265,968208944,4265,968312521
4265,968479945,4265,968567014
4265,968728295,4265,968800847
4265,968960935,4265,969032914
4265,969199985,4265,969274703
4265,969435141,4265,969509393
4265,969668758,4265,969748096
4265,969907681,4265,969986960
4265,970153534,4265,970227833
4265,970394391,4265,970469380
4265,970629054,4265,970712533
4265,970872087,4265,970953160
4265,971112821,4265,971185080
4265,971344320,4265,971416612
4265,971576217,4265,971655306
4265,971814663,4265,971892652
4265,972070337,4265,972143476
4265,972303000,4265,972375235
4265,972534787,4265,972607959
4265,972774326,4265,972853165
4265,973012560,4265,973135396
4265,973303771,4265,973388280
4265,973549118,4265,973619787
4265,973779401,4265,973856043
4265,974022644,4265,974099456
4265,974258687,4265,974329646
4265,974488890,4265,974562072
4265,974721403,4265,974796322
4265,974955776,4265,975025158
4265,975184450,4265,975255221
4265,975421396,4265,975492631
4265,975651839,4265,975721944
4265,975881135,4265,975950891
4265,976113951,4265,976185427
4265,976344605,4265,976415130
4265,976574408,4265,976645563
4265,976804810,4265,976874786
4265,977034214,4265,977105026
4265,977264247,4265,977342735
4265,977501980,4265,977574738
4265,977734243,4265,977859656
4265,978028551,4265,978125094
4265,978286491,4265,978364330
4265,978524298,4265,978600023
4265,978760171,4265,978834966
4265,978995054,4265,979067139
4265,979226951,4265,979300579
4265,979460187,4265,979533009
4265,979692670,4265,979766409
4265,979926116,4265,980073614
4265,980234852,4265,980311927
4265,980471921,4265,980544933
4265,980704305,4265,980786280
4265,980945868,4265,981020933
4265,981180334,4265,981255150
4265,981414477,4265,981485293
4265,981644437,4265,981716622
4265,981875777,4265,981952402
4265,982111793,4265,982183995
4265,982343136,4265,982415402
4265,982574606,4265,982706216
4265,982874711,4265,982962303
4265,983133281,4265,983213834
4265,983374501,4265,983447947
4265,983608238,4265,983683073
4265,983843391,4265,983928833
4265,984100328,4265,984174687
4265,984334294,4265,984405633
4265,984565181,4265,984638143
4265,984797884,4265,984873739
4265,985033624,4265,985109606
4265,985269167,4265,985342802
4265,985502306,4265,985582085
4265,985741363,4265,985815165
4265,985974499,4265,986052658
4265,986212096,4265,986285535
4265,986444922,4265,986520291
4265,986679626,4265,986752518
4265,986911845,4265,986983890
4265,987143238,4265,987215994
4265,987375371,4265,987484541
4265,987651906,4265,987739895
