4270,948277098,4270,948480343
4270,948710430,4270,948847011
4270,949033551,4270,949170296
4270,949356832,4270,949492026
4270,949678559,4270,949811394
4270,949998266,4270,950136418
4270,950322904,4270,950455752
4270,950642281,4270,950774406
4270,950961219,4270,951046683
4270,951227399,4270,951386168
4270,951572980,4270,951668915
4270,951851477,4270,951921168
4270,952105872,4270,952174897
4270,952354812,4270,952422031
4270,952601893,4270,952669459
4270,952849367,4270,952918289
4270,953098141,4270,953190361
4270,953369959,4270,953446369
4270,953625897,4270,953764444
4270,953959117,4270,954057433
4270,954238988,4270,954317588
4270,954497830,4270,954574442
4270,954754311,4270,954830183
4270,955009815,4270,955084620
4270,955264203,4270,955337245
4270,955516713,4270,955589732
4270,955769404,4270,955841423
4270,956026292,4270,956101651
4270,956283858,4270,956355908
4270,956535278,4270,956605991
4270,956785167,4270,956856640
4270,957035920,4270,957108473
4270,957287843,4270,957361683
4270,957541103,4270,957615042
4270,957794459,4270,957867102
4270,958053456,4270,958135309
4270,958314713,4270,958394316
4270,958573742,4270,958645181
4270,958824428,4270,958949767
4270,959142820,4270,959233584
4270,959414771,4270,959495928
4270,959675931,4270,959750124
4270,959929887,4270,960070916
4270,960251737,4270,960329851
4270,960509728,4270,960581665
4270,960761209,4270,960831738
4270,961011216,4270,961084513
4270,961263897,4270,961336043
4270,961522491,4270,961600684
4270,961780195,4270,961851311
4270,962030686,4270,962105479
4270,962284900,4270,962357700
4270,962544124,4270,962614417
4270,962800982,4270,962871615
4270,963050906,4270,963122699
4270,963302250,4270,963375070
4270,963554424,4270,963626517
4270,963805838,4270,963876661
4270,964067392,4270,964169838
4270,964358758,4270,964449918
4270,964630664,4270,964706106
4270,964886299,4270,964959565
4270,965139808,4270,965212000
4270,965398970,4270,965473899
4270,965653932,4270,965726331
4270,965912991,4270,965989064
4270,966168576,4270,966241055
4270,966420555,4270,966491327
4270,966671053,4270,966741479
4270,966927782,4270,967001001
4270,967187394,4270,967261287
4270,967440636,4270,967510395
4270,967689751,4270,967770287
4270,967949693,4270,968033326
4270,968212907,4270,968283359
4270,968462710,4270,968535062
4270,968714400,4270,968791722
4270,968971423,4270,969042505
4270,969221876,4270,969339979
4270,969529631,4270,969617913
4270,969799264,4270,969874473
4270,970054474,4270,970128276
4270,970308397,4270,970382519
4270,970562547,4270,970636236
4270,970816357,4270,970887542
4270,971067213,4270,971141412
4270,971321087,4270,971393112
4270,971572393,4270,971643901
4270,971823340,4270,971895718
4270,972079269,4270,972151218
4270,972341595,4270,972415407
4270,972594795,4270,972669263
4270,972849100,4270,972920766
4270,973100226,4270,973173042
4270,973352329,4270,973422644
4270,973601878,4270,973673550
4270,973853041,4270,973924643
4270,974104194,4270,974176398
4270,974355936,4270,974478415
4270,974666980,4270,974754985
4270,974935976,4270,975008831
4270,975188969,4270,975261997
4270,975448971,4270,975521930
4270,975701584,4270,975775829
4270,975955340,4270,976032302
4270,976213733,4270,976288368
4270,976467889,4270,976542157
4270,976721608,4270,976793453
4270,976980127,4270,977052566
4270,977232213,4270,977310252
4270,977489576,4270,977560224
4270,977739539,4270,977816197
4270,977995478,4270,978072013
4270,978251507,4270,978323112
4270,978502443,4270,978574974
4270,978754345,4270,978826940
4270,979006184,4270,979077126
4270,979256654,4270,979339579
4270,979518883,4270,979643986
4270,979832214,4270,979924233
4270,980107767,4270,980182012
4270,980362563,4270,980437191
4270,980617099,4270,980690860
4270,980870575,4270,980945796
4270,981132541,4270,981206166
4270,981386093,4270,981459258
4270,981639046,4270,981710221
4270,981889798,4270,981964190
4270,982143748,4270,982217339
4270,982396900,4270,982468655
4270,982655199,4270,982726255
4270,982905802,4270,982978604
4270,983158275,4270,983231026
4270,983410657,4270,983481219
4270,983660803,4270,983731748
4270,983911299,4270,983980150
4270,984171082,4270,984242510
4270,984422151,4270,984493137
4270,984672614,4270,984786370
4270,984972729,4270,985057551
4270,985236869,4270,985304164
4270,985483152,4270,985553607
4270,985739111,4270,985809046
4270,985987418,4270,986060643
4270,986238991,4270,986311679
4270,986489924,4270,986560989
4270,986739500,4270,986808012
4270,986993253,4270,987063828
4270,987249023,4270,987321762
4270,987500156,4270,987572995
4270,987751443,4270,987821424
4270,987999762,4270,988116109
4270,988296054,4270,988370683
4270,988550845,4270,988625387
4270,988805046,4270,988876738
4270,989063693,4270,989135232
4270,989314778,4270,989387687
4270,989567032,4270,989638214
4270,989817506,4270,989937633
4270,990125919,4270,990218231
4270,990399343,4270,990477209
4270,990657311,4270,990730860
4270,990911335,4270,990983304
4270,991170166,4270,991241488
4270,991421447,4270,991492409
4270,991671794,4270,991740356
4270,991919928,4270,991988930
4270,992172802,4270,992244141
4270,992423697,4270,992496092
4270,992675331,4270,992746450
4270,992926082,4270,992997231
4270,993176863,4270,993247105
4270,993426621,4270,993496973
4270,993676518,4270,993748577
4270,993928196,4270,994005645
4270,994185244,4270,994258896
4270,994438439,4270,994509911
4270,994689376,4270,994758358
4270,994937740,4270,995055754
4270,995255504,4270,995348833
4270,995530102,4270,995605411
4270,995785330,4270,995857302
4270,996041878,4270,996115423
4270,996295361,4270,996368087
4270,996547832,4270,996620774
4270,996800399,4270,996884112
4270,997063950,4270,997138782
4270,997318367,4270,997391929
4270,997571211,4270,997643783
4270,997823629,4270,997898457
4270,998078062,4270,998154048
4270,998333566,4270,998410612
4270,998590004,4270,998664626
4270,998843998,4270,998917416
4270,999096701,4270,999168827
4270,999347942,4270,999422087
4270,999601339,4270,999671901
4270,999852397,4270,999923785
4271,000106657,4271,000225173
4271,000413819,4271,000501781
4271,000683176,4271,000759315
4271,000939260,4271,001011772
4271,001191694,4271,001265216
4271,001444874,4271,001518973
4271,001698898,4271,001773510
4271,001954648,4271,002032477
4271,002211942,4271,002284187
4271,002463799,4271,002537751
4271,002717172,4271,002788204
4271,002967626,4271,003040051
4271,003219366,4271,003294408
4271,003473853,4271,003548998
4271,003728247,4271,003799105
4271,003978637,4271,004052319
4271,004234420,4271,004307499
4271,004487054,4271,004560706
4271,004739951,4271,004814639
4271,004994178,4271,005066630
4271,005246014,4271,005326837
4271,005508892,4271,005585090
4271,005765182,4271,005837704
4271,006017568,4271,006093584
4271,006273932,4271,006347984
4271,006527919,4271,006610221
4271,006790099,4271,006862688
4271,007049333,4271,007121421
4271,007308040,4271,007377655
4271,007556910,4271,007629602
4271,007808870,4271,007885632
4271,008083831,4271,008154989
4271,008334508,4271,008406800
4271,008586271,4271,008654833
4271,008834148,4271,008912403
4271,009091811,4271,009162376
4271,009341618,4271,009411327
4271,009590578,4271,009661990
4271,009848268,4271,009921240
4271,010100488,4271,010177250
4271,010356695,4271,010482152
4271,010670620,4271,010759613
4271,010940684,4271,011012483
4271,011192824,4271,011265873
4271,011446291,4271,011520156
4271,011700378,4271,011772356
4271,011952248,4271,012029030
4271,012209168,4271,012280014
4271,012459882,4271,012532017
4271,012711558,4271,012782740
4271,012962435,4271,013033630
4271,013213299,4271,013288214
4271,013467722,4271,013537037
4271,013716658,4271,013788047
4271,013967632,4271,014041834
4271,014221359,4271,014294041
4271,014473555,4271,014545147
4271,014724749,4271,014799091
4271,014978846,4271,015052861
4271,015232399,4271,015302671
4271,015482119,4271,015600289
4271,015789247,4271,015878253
4271,016064365,4271,016140143
4271,016320462,4271,016399914
4271,016579945,4271,016653307
4271,016833232,4271,016905618
4271,017085563,4271,017157971
4271,017337703,4271,017411671
4271,017591286,4271,017668878
4271,017848347,4271,017922169
4271,018111820,4271,018186609
4271,018366264,4271,018439773
4271,018619164,4271,018697526
4271,018877028,4271,018946263
4271,019125664,4271,019198956
4271,019378265,4271,019451077
4271,019630385,4271,019701060
4271,019880402,4271,019950911
4271,020133819,4271,020207038
4271,020386466,4271,020457758
4271,020637260,4271,020761013
4271,020949371,4271,021037057
4271,021218196,4271,021292081
4271,021472159,4271,021545498
4271,021725576,4271,021804365
4271,021984257,4271,022063636
4271,022243341,4271,022317743
4271,022497474,4271,022570790
4271,022750451,4271,022824793
4271,023004265,4271,023075210
4271,023254555,4271,023329151
4271,023508616,4271,023580051
4271,023759469,4271,023832505
4271,024017070,4271,024091099
4271,024270747,4271,024345279
4271,024524864,4271,024597270
4271,024776831,4271,024846510
4271,025026052,4271,025097617
4271,025277055,4271,025347094
4271,025526606,4271,025597714
4271,025777149,4271,025883169
4271,026071114,4271,026162147
4271,026343049,4271,026419134
4271,026599442,4271,026671344
4271,026851759,4271,026923148
4271,027103416,4271,027177292
4271,027363864,4271,027445973
4271,027625965,4271,027700767
4271,027880372,4271,027951817
4271,028150276,4271,028222121
4271,028401566,4271,028480302
4271,028660037,4271,028729905
4271,028909307,4271,028979709
4271,029159137,4271,029230779
4271,029410047,4271,029481916
4271,029661394,4271,029731229
4271,029910701,4271,029986207
4271,030165585,4271,030237167
4271,030416475,4271,030496211
4271,030675806,4271,030745644
4271,030925143,4271,031052183
4271,031240668,4271,031329037
4271,031509986,4271,031582708
4271,031763293,4271,031834705
4271,032019283,4271,032091465
4271,032271754,4271,032343786
4271,032523594,4271,032595886
4271,032782908,4271,032854023
4271,033033851,4271,033104830
4271,033284621,4271,033357610
4271,033537305,4271,033609174
4271,033788625,4271,033860317
4271,034039812,4271,034113757
4271,034293036,4271,034365681
4271,034545186,4271,034617214
4271,034796663,4271,034866808
4271,035046446,4271,035119465
4271,035298920,4271,035369719
4271,035549297,4271,035620169
4271,035799501,4271,035869993
4271,036052394,4271,036175347
4271,036364339,4271,036452165
4271,036633283,4271,036708112
4271,036888504,4271,036961709
4271,037141827,4271,037214219
4271,037394151,4271,037467823
4271,037647304,4271,037717046
4271,037896891,4271,037973220
4271,038153145,4271,038234780
4271,038414182,4271,038486507
4271,038665945,4271,038736621
4271,038916109,4271,038990658
4271,039170136,4271,039242571
4271,039422143,4271,039495195
4271,039674620,4271,039747925
4271,039927307,4271,039997886
4271,040235002,4271,040311984
4271,040491729,4271,040564841
4271,040751436,4271,040823771
4271,041013200,4271,041085802
4271,041265316,4271,041388133
4271,041576855,4271,041665084
4271,041845986,4271,041921011
4271,042101033,4271,042176601
4271,042356840,4271,042432058
4271,042611987,4271,042684732
4271,042864384,4271,042937522
4271,043117344,4271,043193629
4271,043373481,4271,043447069
4271,043626971,4271,043701060
4271,043880608,4271,043953490
4271,044151719,4271,044229297
4271,044408999,4271,044481568
4271,044661049,4271,044734171
4271,044913559,4271,044984695
4271,045164043,4271,045236398
4271,045416093,4271,045485921
4271,045665373,4271,045736318
4271,045915780,4271,045991082
4271,046170434,4271,046246139
4271,046425674,4271,046522243
4271,046704925,4271,046782870
4271,046962868,4271,047043884
4271,047223682,4271,047296521
4271,047483693,4271,047555098
4271,047735373,4271,047818085
4271,047998223,4271,048087109
4271,048267357,4271,048339786
4271,048526681,4271,048600763
4271,048780415,4271,048850603
4271,049030265,4271,049102500
4271,049281789,4271,049350424
4271,049529769,4271,049601511
4271,049780949,4271,049851044
4271,050030446,4271,050111438
4271,050290883,4271,050366439
4271,050545964,4271,050618262
4271,050797844,4271,050867149
4271,051046604,4271,051127436
4271,051313788,4271,051387453
4271,051573968,4271,051697508
4271,051886104,4271,051972276
4271,052157411,4271,052233640
4271,052414091,4271,052485553
4271,052668132,4271,052740624
4271,052927952,4271,052999011
4271,053178609,4271,053250784
4271,053430633,4271,053502708
4271,053682320,4271,053752442
4271,053931940,4271,054005965
4271,054185350,4271,054257812
4271,054437554,4271,054509606
4271,054689028,4271,054760960
4271,054940605,4271,055012017
4271,055191468,4271,055262467
4271,055441865,4271,055512484
4271,055692069,4271,055764204
4271,055944082,4271,056018255
4271,056197979,4271,056271778
4271,056451293,4271,056523198
4271,056702517,4271,056823623
4271,057012665,4271,057100904
4271,057282119,4271,057353268
4271,057533613,4271,057606672
4271,057786703,4271,057858802
4271,058038810,4271,058115109
4271,058294774,4271,058369243
4271,058549008,4271,058635263
4271,058815095,4271,058884820
4271,059064579,4271,059137641
4271,059316956,4271,059388581
4271,059568069,4271,059641695
4271,059821123,4271,059892415
4271,060083377,4271,060156882
4271,060336360,4271,060408212
4271,060587537,4271,060658389
4271,060837821,4271,060908166
4271,061087478,4271,061159930
4271,061339291,4271,061409863
4271,061589195,4271,061659563
4271,061838875,4271,061961518
4271,062149987,4271,062241866
4271,062422988,4271,062498076
4271,062678128,4271,062752973
4271,062932745,4271,063004460
4271,063184235,4271,063257300
4271,063437152,4271,063510131
4271,063689779,4271,063766398
4271,063969240,4271,064046756
4271,064226614,4271,064299949
4271,064479644,4271,064552756
4271,064732301,4271,064804520
4271,064984021,4271,065056250
4271,065235832,4271,065306233
4271,065485822,4271,065557040
4271,065736412,4271,065806214
4271,065985759,4271,066063324
4271,066242769,4271,066316104
4271,066495799,4271,066569038
4271,066748426,4271,066818698
4271,066998043,4271,067087945
4271,067270667,4271,067348849
4271,067528871,4271,067601176
4271,067781101,4271,067849633
4271,068047845,4271,068122524
4271,068302739,4271,068376391
4271,068556262,4271,068635035
4271,068814726,4271,068887291
4271,069066880,4271,069138688
4271,069318176,4271,069390802
4271,069570253,4271,069648102
4271,069827500,4271,069899449
4271,070078971,4271,070153896
4271,070340354,4271,070412823
4271,070599362,4271,070676250
4271,070855619,4271,070925694
4271,071105055,4271,071174637
4271,071361052,4271,071432291
4271,071611839,4271,071692578
4271,071871956,4271,071942225
4271,072138544,4271,072252144
4271,072440662,4271,072528844
4271,072710079,4271,072785518
4271,072965846,4271,073037155
4271,073224637,4271,073297439
4271,073478371,4271,073551286
4271,073731447,4271,073802573
4271,073982244,4271,074057986
4271,074244938,4271,074317927
4271,074504632,4271,074574514
4271,074754096,4271,074824521
4271,075010929,4271,075083428
4271,075263036,4271,075337498
4271,075516927,4271,075586248
4271,075772910,4271,075844039
4271,076034441,4271,076106173
4271,076292825,4271,076365797
4271,076545369,4271,076617807
4271,076797246,4271,076869504
4271,077056209,4271,077126545
4271,077305960,4271,077423953
4271,077612874,4271,077700334
4271,077881365,4271,077960004
4271,078140279,4271,078214998
4271,078395266,4271,078469782
4271,078656580,4271,078731452
4271,078917730,4271,078991913
4271,079171484,4271,079243736
4271,079423418,4271,079498077
4271,079677428,4271,079750523
4271,079936749,4271,080018658
4271,080198869,4271,080275995
4271,080462823,4271,080538072
4271,080717657,4271,080793066
4271,080972531,4271,081047853
4271,081227321,4271,081301096
4271,081487665,4271,081570520
4271,081749879,4271,081822281
4271,082001749,4271,082078611
4271,082264816,4271,082337515
4271,082516703,4271,082636510
4271,082825102,4271,082912237
4271,083093125,4271,083169204
4271,083349202,4271,083425178
4271,083604816,4271,083677492
4271,083857203,4271,083927798
4271,084119347,4271,084192072
4271,084371927,4271,084443319
4271,084622954,4271,084695319
4271,084875111,4271,084948266
4271,085128031,4271,085202350
4271,085382278,4271,085454157
4271,085633692,4271,085702587
4271,085882089,4271,085959721
4271,086139183,4271,086211711
4271,086391263,4271,086468028
4271,086647500,4271,086718982
4271,086907474,4271,086981276
4271,087160924,4271,087236426
4271,087415998,4271,087488260
4271,087667894,4271,087755597
4271,087938558,4271,088021437
4271,088201695,4271,088274167
4271,088454342,4271,088527694
4271,088714770,4271,088786125
4271,088973013,4271,089044389
4271,089224300,4271,089310640
4271,089490618,4271,089563580
4271,089743248,4271,089824054
4271,090003805,4271,090079727
4271,090259486,4271,090340298
4271,090519946,4271,090591831
4271,090771330,4271,090841305
4271,091020733,4271,091093429
4271,091272917,4271,091352152
4271,091531637,4271,091604689
4271,091791111,4271,091864846
4271,092061228,4271,092132487
4271,092312002,4271,092381807
4271,092561302,4271,092633571
4271,092819896,4271,092945676
4271,093134318,4271,093223410
4271,093404485,4271,093477897
4271,093658585,4271,093729877
4271,093910099,4271,093986565
4271,094166819,4271,094239945
4271,094426920,4271,094497842
4271,094684704,4271,094756896
4271,094936744,4271,095011860
4271,095191754,4271,095262256
4271,095441855,4271,095511906
4271,095691528,4271,095765070
4271,095951749,4271,096024971
4271,096211849,4271,096282684
4271,096469456,4271,096542128
4271,096721920,4271,096792428
4271,096972077,4271,097043025
4271,097229541,4271,097302499
4271,097482341,4271,097557466
4271,097743915,4271,097816763
4271,098003435,4271,098125932
4271,098314974,4271,098403153
4271,098584271,4271,098658860
4271,098839095,4271,098912677
4271,099099389,4271,099174544
4271,099354422,4271,099430518
4271,099617489,4271,099689531
4271,099869286,4271,099941548
4271,100146111,4271,100221183
4271,100401008,4271,100476010
4271,100655718,4271,100727940
4271,100907375,4271,100979824
4271,101159129,4271,101237744
4271,101417056,4271,101488661
4271,101674986,4271,101746285
4271,101932557,4271,102007572
4271,102186920,4271,102258536
4271,102443207,4271,102517486
4271,102696814,4271,102767336
4271,102953601,4271,103025303
4271,103204638,4271,103321288
4271,103509353,4271,103596162
4271,103776947,4271,103850563
4271,104042431,4271,104117417
4271,104297445,4271,104370977
4271,104550529,4271,104623067
4271,104802312,4271,104873548
4271,105053206,4271,105128611
4271,105308233,4271,105377215
4271,105556493,4271,105631605
4271,105810997,4271,105885279
4271,106064790,4271,106140929
4271,106320134,4271,106392996
4271,106572214,4271,106646023
4271,106825204,4271,106894573
4271,107073881,4271,107145833
4271,107325085,4271,107397013
4271,107576158,4271,107647780
4271,107827089,4271,107898854
4271,108081376,4271,108155818
4271,108335149,4271,108425798
4271,108608437,4271,108892051
4271,109072123,4271,109153435
4271,109340140,4271,109414006
4271,109594177,4271,109663619
4271,109843427,4271,109917543
4271,110113432,4271,110200610
4271,110380169,4271,110454537
4271,110634002,4271,110706514
4271,110886003,4271,110965071
4271,111144620,4271,111218115
4271,111397453,4271,111469259
4271,111648554,4271,111720282
4271,111899651,4271,111979983
4271,112163784,4271,112236513
4271,112415935,4271,112488550
4271,112667758,4271,112736520
4271,112915762,4271,112991024
4271,113170236,4271,113248348
4271,113427559,4271,113499285
4271,113678616,4271,113805686
4271,113994162,4271,114087067
4271,114268079,4271,114344974
4271,114525126,4271,114598578
4271,114779243,4271,114854228
4271,115034563,4271,115105615
4271,115285790,4271,115360309
4271,115540061,4271,115614099
4271,115793894,4271,115863493
4271,116054165,4271,116124847
4271,116304338,4271,116374567
4271,116554029,4271,116624674
4271,116804152,4271,116876241
4271,117055496,4271,117126201
4271,117305782,4271,117376501
4271,117555802,4271,117627234
4271,117806666,4271,117876851
4271,118056126,4271,118130032
4271,118309617,4271,118383375
4271,118563054,4271,118634559
4271,118814031,4271,118933047
4271,119121759,4271,119208801
4271,119389903,4271,119464198
4271,119644333,4271,119716558
4271,119896740,4271,119969592
4271,120154210,4271,120227656
4271,120414651,4271,120488853
4271,120668498,4271,120741853
4271,120921518,4271,121000941
4271,121180739,4271,121254428
4271,121433976,4271,121506568
4271,121686233,4271,121758558
4271,121938033,4271,122014348
4271,122193850,4271,122267105
4271,122446700,4271,122519452
4271,122698770,4271,122770939
4271,122950344,4271,123021802
4271,123201161,4271,123274833
4271,123454278,4271,123526546
4271,123705815,4271,123776383
4271,123955712,4271,124081832
4271,124270094,4271,124359443
4271,124540414,4271,124616666
4271,124796758,4271,124869237
4271,125049118,4271,125124824
4271,125304852,4271,125380444
4271,125560042,4271,125630884
4271,125810749,4271,125884061
4271,126070343,4271,126148435
4271,126328147,4271,126402475
4271,126581827,4271,126660096
4271,126839411,4271,126914053
4271,127093281,4271,127162886
4271,127342185,4271,127413907
4271,127593162,4271,127664574
4271,127843892,4271,127915534
4271,128105419,4271,128177858
4271,128357416,4271,128427798
4271,128607033,4271,128677552
4271,128856837,4271,128927912
4271,129107390,4271,129211110
4271,129398668,4271,129486637
4271,129667222,4271,129739404
4271,129919099,4271,129993408
4271,130172719,4271,130248171
4271,130427593,4271,130500565
4271,130679970,4271,130758652
4271,130938127,4271,131009286
4271,131188487,4271,131260229
4271,131439571,4271,131512350
4271,131691791,4271,131771380
4271,131950748,4271,132024477
4271,132204082,4271,132273971
4271,132453475,4271,132523761
4271,132703139,4271,132782225
4271,132970516,4271,133042878
4271,133222457,4271,133294049
4271,133473290,4271,133546752
4271,133725950,4271,133805993
4271,133985221,4271,134059096
4271,134238255,4271,134357591
4271,134545889,4271,134633482
4271,134814677,4271,134890012
4271,135069881,4271,135143733
4271,135323294,4271,135397650
4271,135577681,4271,135651567
4271,135831422,4271,135903610
4271,136094459,4271,136166958
4271,136346733,4271,136417008
4271,136596626,4271,136666771
4271,136846363,4271,136916781
4271,137096466,4271,137167538
4271,137347070,4271,137421695
4271,137601360,4271,137674505
4271,137854380,4271,137925776
4271,138105451,4271,138180396
4271,138359964,4271,138434313
4271,138613975,4271,138684907
4271,138864518,4271,138937044
4271,139116742,4271,139190951
4271,139370539,4271,139493385
4271,139681981,4271,139769647
4271,139950602,4271,140030067
4271,140210039,4271,140283237
4271,140464196,4271,140537071
4271,140717006,4271,140789028
4271,140968686,4271,141042155
4271,141221767,4271,141294779
4271,141474277,4271,141545282
4271,141724677,4271,141799629
4271,141979221,4271,142053503
4271,142232838,4271,142305206
4271,142484401,4271,142554413
4271,142733631,4271,142813864
4271,142993329,4271,143064997
4271,143244169,4271,143315807
4271,143495122,4271,143565574
4271,143744706,4271,143815374
4271,143994576,4271,144087885
4271,144267730,4271,144342026
4271,144521464,4271,144646127
4271,144834309,4271,144922345
4271,145103480,4271,145176399
4271,145356434,4271,145427779
4271,145607760,4271,145679122
4271,145859121,4271,145930842
4271,146110674,4271,146185489
4271,146365084,4271,146439480
4271,146626122,4271,146702454
4271,146882072,4271,146953897
4271,147133722,4271,147209074
4271,147388559,4271,147462408
4271,147641840,4271,147712195
4271,147891546,4271,147962955
4271,148142863,4271,148216995
4271,148396360,4271,148468019
4271,148647477,4271,148718866
4271,148898168,4271,148968586
4271,149147851,4271,149217740
4271,149397438,4271,149470593
4271,149650115,4271,149760311
4271,149947823,4271,150037169
4271,150217984,4271,150293096
4271,150473061,4271,150543876
4271,150723118,4271,150794493
4271,150973705,4271,151043597
4271,151222788,4271,151293370
4271,151472769,4271,151544447
4271,151723549,4271,151793617
4271,151972665,4271,152061928
4271,152241416,4271,152319438
4271,152499027,4271,152570082
4271,152749320,4271,152820912
4271,153000010,4271,153070889
4271,153250277,4271,153327783
4271,153507034,4271,153578803
4271,153758061,4271,153830630
4271,154009811,4271,154086817
4271,154266081,4271,154344957
4271,154524298,4271,154595780
4271,154775065,4271,154903126
4271,155091314,4271,155178763
4271,155359891,4271,155435610
4271,155616122,4271,155689817
4271,155888586,4271,155962668
4271,156147037,4271,156221179
4271,156401084,4271,156477482
4271,156657411,4271,156732569
4271,156912291,4271,156984756
4271,157164385,4271,157239987
4271,157419432,4271,157490787
4271,157670252,4271,157741544
4271,157921002,4271,157996244
4271,158175479,4271,158247261
4271,158426812,4271,158497164
4271,158676692,4271,158747498
4271,158927019,4271,158997765
4271,159177176,4271,159248802
4271,159428140,4271,159502655
4271,159682290,4271,159752486
4271,159931931,4271,160054257
4271,160243036,4271,160331912
4271,160512863,4271,160588849
4271,160768947,4271,160843102
4271,161023104,4271,161097769
4271,161277748,4271,161348920
4271,161528495,4271,161600697
4271,161780338,4271,161861324
4271,162040965,4271,162116517
4271,162296106,4271,162369648
4271,162548963,4271,162621361
4271,162800740,4271,162871015
4271,163050420,4271,163124205
4271,163303470,4271,163377579
4271,163556967,4271,163630502
4271,163809840,4271,163879426
4271,164069488,4271,164142916
4271,164322325,4271,164393607
4271,164572991,4271,164643413
4271,164822965,4271,164895724
4271,165075232,4271,165193242
4271,165381507,4271,165468593
4271,165649524,4271,165725690
4271,165905911,4271,165984433
4271,166171365,4271,166248181
4271,166428159,4271,166502278
4271,166681783,4271,166752915
4271,166932433,4271,167005955
4271,167185596,4271,167260555
4271,167440097,4271,167520573
4271,167707218,4271,167778473
4271,167958121,4271,168041310
4271,168220929,4271,168292721
4271,168472182,4271,168543671
4271,168723289,4271,168796211
4271,168982796,4271,169052998
4271,169232563,4271,169301648
4271,169481173,4271,169555835
4271,169735350,4271,169808165
4271,169987527,4271,170061982
4271,170241321,4271,170350900
4271,170538472,4271,170627741
4271,170808546,4271,170879822
4271,171059763,4271,171130689
4271,171310417,4271,171382702
4271,171562204,4271,171633632
4271,171812931,4271,171892220
4271,172083138,4271,172156207
4271,172335838,4271,172408454
4271,172587909,4271,172659701
4271,172838962,4271,172917614
4271,173096819,4271,173168651
4271,173354956,4271,173424872
4271,173611057,4271,173681999
4271,173861177,4271,173939829
4271,174119134,4271,174194813
4271,174374054,4271,174449900
4271,174629308,4271,174701613
4271,174880988,4271,174955490
4271,175134742,4271,175205674
4271,175384952,4271,175509572
4271,175697941,4271,175788007
4271,175969048,4271,176045790
4271,176226085,4271,176301201
4271,176481532,4271,176553988
4271,176734016,4271,176808475
4271,176988080,4271,177060205
4271,177239983,4271,177313195
4271,177492784,4271,177565686
4271,177745217,4271,177815766
4271,177995314,4271,178069616
4271,178249064,4271,178321423
4271,178500951,4271,178571570
4271,178768535,4271,178841841
4271,179021402,4271,179095548
4271,179274929,4271,179348861
4271,179528336,4271,179599592
4271,179779016,4271,179849465
4271,180032080,4271,180106782
4271,180286277,4271,180357699
4271,180537374,4271,180644133
4271,180833515,4271,180922838
4271,181103903,4271,181178181
4271,181357990,4271,181436308
4271,181616227,4271,181690302
4271,181870344,4271,181951269
4271,182130857,4271,182206026
4271,182385698,4271,182460140
4271,182639758,4271,182720624
4271,182900159,4271,182974261
4271,183153532,4271,183225421
4271,183411566,4271,183484605
4271,183663780,4271,183743822
4271,183923107,4271,183994209
4271,184177981,4271,184252403
4271,184431768,4271,184501720
4271,184680831,4271,184752700
4271,184931948,4271,185005420
4271,185184481,4271,185253783
4271,185433035,4271,185503850
4271,185683065,4271,185809439
4271,185997711,4271,186088156
4271,186269068,4271,186343047
4271,186523102,4271,186596497
4271,186776455,4271,186848117
4271,187028192,4271,187102444
4271,187282229,4271,187355751
4271,187535323,4271,187610455
4271,187797153,4271,187868882
4271,188067181,4271,188142410
4271,188322078,4271,188395987
4271,188575445,4271,188647084
4271,188826508,4271,188917091
4271,189096663,4271,189170165
4271,189349470,4271,189417895
4271,189597160,4271,189666232
4271,189852663,4271,189924582
4271,190104167,4271,190180089
4271,190359457,4271,190429956
4271,190609411,4271,190680636
4271,190860148,4271,190972601
4271,191160229,4271,191246285
4271,191426930,4271,191499729
4271,191679244,4271,191751129
4271,191937784,4271,192021173
4271,192200821,4271,192270193
4271,192449835,4271,192528993
4271,192708162,4271,192778887
4271,192958115,4271,193028494
4271,193207629,4271,193276541
4271,193455862,4271,193532328
4271,193718466,4271,193788148
4271,193967316,4271,194039265
4271,194218626,4271,194290152
4271,194469480,4271,194541188
4271,194720393,4271,194790949
4271,194977050,4271,195049769
4271,195236057,4271,195308976
4271,195488054,4271,195566023
4271,195745181,4271,195815880
4271,195994888,4271,196136962
4271,196325284,4271,196413563
4271,196594715,4271,196670530
4271,196850645,4271,196923814
4271,197104182,4271,197175981
4271,197356082,4271,197428314
4271,197608319,4271,197679521
4271,197859233,4271,197931355
4271,198111290,4271,198184598
4271,198363990,4271,198435452
4271,198615247,4271,198688546
4271,198868137,4271,198941319
4271,199120674,4271,199192753
4271,199372348,4271,199445577
4271,199625018,4271,199696077
4271,199875592,4271,199948927
4271,200132136,4271,200204341
4271,200384003,4271,200457878
4271,200637373,4271,200709472
4271,200888946,4271,200960945
4271,201140360,4271,201260397
4271,201448985,4271,201538384
4271,201730480,4271,201808458
4271,201988627,4271,202066479
4271,202246224,4271,202320152
4271,202499971,4271,202574209
4271,202753854,4271,202831150
4271,203010735,4271,203083950
4271,203263322,4271,203341717
4271,203521199,4271,203594864
4271,203774076,4271,203847608
4271,204031419,4271,204104575
4271,204283803,4271,204355415
4271,204534827,4271,204607202
4271,204786400,4271,204860539
4271,205039884,4271,205117909
4271,205297228,4271,205368100
4271,205547455,4271,205619113
4271,205798225,4271,205870133
4271,206049502,4271,206125880
4271,206305049,4271,206433159
4271,206621447,4271,206710440
