4316,539353562,4316,539520338
4316,549669454,4316,549855856
4316,559962137,4316,560213709
4316,570312643,4316,570522879
4316,580628245,4316,580861386
4316,590961454,4316,591196162
4316,601299085,4316,601539282
4316,611642780,4316,611858290
4316,621959086,4316,622128931
4316,632230720,4316,632470986
4316,642580045,4316,642826215
4316,652959643,4316,653208320
4316,663313949,4316,663551939
4316,673651415,4316,673885148
4316,683989382,4316,684247642
4316,694348653,4316,694561888
4316,704672521,4316,704913814
4316,715023516,4316,715266229
4316,725371517,4316,725617947
4316,735721692,4316,735932491
4316,746036969,4316,746238608
4316,756338146,4316,756576923
4316,766674107,4316,766937184
4316,777040128,4316,777301449
4316,787405507,4316,787661854
4316,797762288,4316,798012138
4316,808098007,4316,808355254
4316,818450547,4316,818711334
4316,828817100,4316,829069283
4316,839164106,4316,839408892
4316,849506999,4316,849755455
4316,859855440,4316,860111444
4316,870205135,4316,870460385
4316,880559566,4316,880804746
4316,890902538,4316,891154074
4316,901258329,4316,901507122
4316,911614431,4316,911867931
4316,921969152,4316,922213712
4316,932307580,4316,932584081
4316,942687333,4316,942940723
4316,953043021,4316,953297758
4316,963402985,4316,963646149
4316,973740513,4316,973998164
4316,984094148,4316,984346608
4316,994442050,4316,994693867
4317,004792258,4317,005056038
4317,015159295,4317,015413968
4317,025520288,4317,025767475
4317,035863247,4317,036117437
4317,046217859,4317,046448545
4317,056544481,4317,056795692
4317,066891503,4317,067135770
4317,077241232,4317,077493609
4317,087599057,4317,087851888
4317,097953407,4317,098204177
4317,108302764,4317,108934401
4317,119034061,4317,119286345
4317,129392915,4317,129658313
4317,139758713,4317,140027620
4317,150130783,4317,150386216
4317,160486202,4317,160727355
4317,170825262,4317,171076439
4317,181173716,4317,181426873
4317,191526292,4317,191778379
4317,201883250,4317,202139364
4317,212234250,4317,212484397
4317,222585042,4317,222836825
4317,232931871,4317,233168544
4317,243271049,4317,243532619
4317,253636536,4317,253893706
4317,263991065,4317,264253942
4317,274354850,4317,274611950
4317,284708112,4317,284963839
4317,295064867,4317,295313440
4317,305415594,4317,305676525
4317,315786480,4317,316034366
4317,326140535,4317,326401266
4317,336499253,4317,336756267
4317,346857784,4317,347105334
4317,357209233,4317,357466384
4317,367574528,4317,367835132
4317,377941405,4317,378192769
4317,388296296,4317,388552756
4317,398661744,4317,398918811
4317,409020253,4317,409274567
4317,419383058,4317,419635962
4317,429737303,4317,429979179
4317,440077353,4317,440333380
4317,450430666,4317,450685343
4317,460793683,4317,461053233
4317,471169165,4317,471363363
4317,481436344,4317,481678574
4317,491786378,4317,492046992
4317,502146117,4317,502396573
4317,512500171,4317,512740125
4317,522841567,4317,523084210
4317,533184711,4317,533424111
4317,543519477,4317,543758241
4317,553854807,4317,554101083
4317,564203097,4317,564439554
4317,574542637,4317,574792077
4317,584889560,4317,585142137
4317,595243711,4317,595474507
4317,605584642,4317,605848050
4317,615948827,4317,616203471
4317,626306225,4317,626557556
4317,636660338,4317,636909558
4317,647007190,4317,647250576
4317,657344833,4317,657586769
4317,667681603,4317,667926550
4317,678030373,4317,678279113
4317,688375217,4317,688615860
4317,698720380,4317,698963730
4317,709064289,4317,709317596
4317,719411777,4317,719667911
4317,729766175,4317,730019836
4317,740123630,4317,740376940
4317,750472353,4317,750714476
4317,760815720,4317,761058633
4317,771159009,4317,771404793
4317,781499432,4317,781745369
4317,791841961,4317,792094068
4317,802194292,4317,802436869
4317,812540786,4317,812783815
4317,822882844,4317,823122224
4317,833227228,4317,833471032
4317,843573297,4317,843806383
4317,853901847,4317,854146851
4317,864244321,4317,864488698
4317,874592450,4317,874831836
4317,884929615,4317,885185382
4317,895283311,4317,895524151
4317,905628144,4317,905866837
4317,915969743,4317,916230643
4317,926333513,4317,926584747
4317,936680713,4317,936939704
4317,947033403,4317,947280983
4317,957382779,4317,957634969
4317,967735629,4317,967990583
4317,978093290,4317,978322834
4317,988425185,4317,988681282
4317,998775454,4317,999030501
4318,009127818,4318,009369358
4318,019473478,4318,019723441
4318,029819320,4318,030076994
4318,040181563,4318,040427140
4318,050531130,4318,050779693
4318,060883008,4318,061138535
4318,071238224,4318,071486811
4318,081581485,4318,081836765
4318,091941985,4318,092197942
4318,102295111,4318,102541595
4318,112639562,4318,112891409
4318,122985214,4318,123244557
4318,133347452,4318,133599599
4318,143700803,4318,143950063
4318,154057508,4318,154306921
4318,164408343,4318,164665443
4318,174765325,4318,175018249
4318,185119310,4318,185374301
4318,195474460,4318,195733278
4318,205843123,4318,206086460
4318,216190558,4318,216439748
4318,226539176,4318,226782932
4318,236884033,4318,237141720
4318,247275336,4318,247531133
4318,257639588,4318,257890635
4318,267987897,4318,268268401
4318,278371406,4318,278627529
4318,288735206,4318,288983976
4318,299085078,4318,299339158
4318,309446547,4318,309705981
4318,319812419,4318,320067866
4318,330170692,4318,330429410
4318,340523319,4318,340764241
4318,350868393,4318,351119433
4318,361223028,4318,361473358
4318,371576472,4318,371816242
4318,381917153,4318,382162540
4318,392271998,4318,392517228
4318,402611264,4318,402861511
4318,412958602,4318,413199302
4318,423303038,4318,423550635
4318,433655077,4318,433908728
4318,444020312,4318,444273116
4318,454368823,4318,454617463
4318,464721051,4318,464971144
4318,475066353,4318,475320927
4318,485415905,4318,485666195
4318,495768456,4318,496039743
4318,506135011,4318,506383924
4318,516478962,4318,516725026
4318,526828424,4318,527078017
4318,537178313,4318,537436347
4318,547540331,4318,547797458
4318,557891844,4318,558150008
4318,568254903,4318,568503943
4318,578604019,4318,578849429
4318,588943114,4318,589194114
4318,599296867,4318,599552197
4318,609648145,4318,609899202
4318,620035312,4318,620288466
4318,630381976,4318,630622186
4318,640718733,4318,640972660
4318,651066258,4318,651316522
4318,661410657,4318,661595258
4318,671696763,4318,671944999
4318,682039644,4318,682292674
4318,692391795,4318,692643146
4318,702745136,4318,702982216
4318,713088885,4318,713337155
4318,723439806,4318,723687106
4318,733784491,4318,734026657
4318,744124022,4318,744382542
4318,754486770,4318,754736164
4318,764839818,4318,765087322
4318,775181980,4318,775436100
4318,785530389,4318,785789570
4318,795892147,4318,796142164
4318,806243737,4318,806488914
4318,816590335,4318,816840882
4318,826943135,4318,827138410
4318,837218614,4318,837474431
4318,847576627,4318,847821267
4318,857923350,4318,858177724
4318,868278878,4318,868504794
4318,878599911,4318,878834707
4318,888931986,4318,889181306
4318,899280411,4318,899511447
4318,909606494,4318,909790716
4318,919871087,4318,920137861
4318,930239706,4318,930491897
4318,940587121,4318,940842065
4318,950948138,4318,951208435
4318,961319834,4318,961571091
4318,971672163,4318,971932580
4318,982032520,4318,982293250
4318,992395522,4318,992642985
4319,002749258,4319,003018821
4319,013122066,4319,013385946
4319,023493370,4319,023752830
4319,033868020,4319,034126224
4319,044227223,4319,044483870
4319,054592910,4319,054843430
4319,064943260,4319,065187847
4319,075295523,4319,075563684
4319,085669687,4319,085924348
4319,096028116,4319,096287986
4319,106397132,4319,106656569
4319,116783493,4319,117062764
4319,127170486,4319,127423737
4319,137530406,4319,137791336
4319,147906031,4319,148175012
4319,158280492,4319,158534139
4319,168635270,4319,168882297
4319,179007767,4319,179268280
4319,189362561,4319,189613191
4319,199718896,4319,199951279
4319,210057681,4319,210292407
4319,220394631,4319,220648178
4319,230745619,4319,230996820
4319,241091405,4319,241347566
4319,251454979,4319,251706916
4319,261808677,4319,262060521
4319,272159242,4319,272412406
4319,282511058,4319,282753861
4319,292858499,4319,293097126
4319,303192652,4319,303442175
4319,313547545,4319,313802875
4319,323898043,4319,324158253
4319,334254966,4319,334507263
4319,344603374,4319,344845208
4319,354948131,4319,355196171
4319,365297726,4319,365551413
4319,375652666,4319,375903223
4319,386009427,4319,386260558
4319,396363743,4319,396607930
4319,406708577,4319,406956754
4319,417059169,4319,417308876
4319,427411223,4319,427662247
4319,437761565,4319,438009055
4319,448105433,4319,448347262
4319,458450371,4319,458693018
4319,468794901,4319,469049775
4319,479145124,4319,479394851
4319,489500209,4319,489734115
4319,499834286,4319,500079533
4319,510174284,4319,510417920
4319,520512758,4319,520768672
4319,530872084,4319,531122861
4319,541225998,4319,541460001
4319,551557805,4319,551799205
4319,561896294,4319,562147798
4319,572241632,4319,572497292
4319,582592489,4319,582834262
4319,592934996,4319,593191783
4319,603290983,4319,603534262
4319,613639585,4319,613885558
4319,623987195,4319,624255869
4319,634356170,4319,634616247
4319,644719842,4319,644974496
4319,655079347,4319,655327290
4319,665430306,4319,665664949
4319,675758597,4319,676022734
4319,686122907,4319,686378034
4319,696476362,4319,696736136
4319,706837134,4319,707089808
4319,717186513,4319,717442590
4319,727544014,4319,727792121
4319,737891375,4319,738140112
4319,748241063,4319,748488574
4319,758582782,4319,758826922
4319,768921763,4319,769177700
4319,779280263,4319,779542054
4319,789646690,4319,789904887
4319,800013298,4319,800273432
4319,810379693,4319,810645077
4319,820748248,4319,821003622
4319,831111337,4319,831363644
4319,841470135,4319,841724882
4319,851830947,4319,852095004
4319,862202492,4319,862459395
4319,872560213,4319,872807900
4319,882910063,4319,883167170
4319,893275894,4319,893528635
4319,903629771,4319,903873011
4319,913976277,4319,914221970
4319,924322599,4319,924580460
4319,934680713,4319,934939353
4319,945046883,4319,945302360
4319,955405073,4319,955659143
4319,965768806,4319,966038273
4319,976140664,4319,976401255
4319,986509885,4319,986764885
4319,996865593,4319,997114323
4320,007213092,4320,007470009
4320,017567343,4320,017816087
4320,027921335,4320,028167615
4320,038261552,4320,038497425
4320,048595194,4320,048852942
4320,058952928,4320,059215333
4320,069319970,4320,069568094
4320,079671208,4320,079924432
4320,090019511,4320,090215320
4320,100316984,4320,100568291
4320,110664687,4320,110910934
4320,121008832,4320,121259172
4320,131368291,4320,131614798
4320,141720269,4320,141969046
4320,152070122,4320,152318909
4320,162423259,4320,162669725
4320,172766314,4320,173018398
4320,183112671,4320,183366614
4320,193461643,4320,193713064
4320,203809298,4320,204034397
4320,214130094,4320,214346526
4320,224453179,4320,224705789
4320,234824377,4320,235066687
4320,245161455,4320,245409552
4320,255506223,4320,255759963
4320,265855911,4320,266110435
4320,276212922,4320,276467506
4320,286570059,4320,286824429
4320,296920026,4320,297166070
4320,307260936,4320,307518213
4320,317615906,4320,317867419
4320,327970127,4320,328219120
4320,338314757,4320,338563540
4320,348664799,4320,348918436
4320,359014194,4320,359257517
4320,369360045,4320,369613729
4320,379709180,4320,379950660
4320,390047267,4320,390228649
4320,400329015,4320,400592452
4320,410687746,4320,410940837
4320,421044223,4320,421293520
4320,431397278,4320,431659235
4320,441753424,4320,442008391
4320,452103386,4320,452341879
4320,462446292,4320,462703079
4320,472804948,4320,473050618
4320,483148180,4320,483411081
4320,493546645,4320,493803539
4320,503906373,4320,504155240
4320,514254592,4320,514514320
4320,524643468,4320,524895285
4320,534996824,4320,535247298
4320,545346123,4320,545593587
4320,555692696,4320,555938086
4320,566032617,4320,566289414
4320,576388090,4320,576647353
4320,586755454,4320,587011228
4320,597108632,4320,597365876
4320,607459392,4320,607713229
4320,617813254,4320,618072631
4320,628173620,4320,628439700
4320,638555742,4320,638814232
4320,648921312,4320,649187236
4320,659297305,4320,659546845
4320,669651677,4320,669906644
4320,680013548,4320,680242998
4320,690342579,4320,690594546
4320,700705048,4320,700958139
4320,711070320,4320,711331810
4320,721439338,4320,721696219
4320,731796790,4320,732047327
4320,742146969,4320,742388646
4320,752493379,4320,752750959
4320,762866438,4320,763119232
4320,773220301,4320,773469701
4320,783580992,4320,783833182
4320,793941030,4320,794177733
4320,804286027,4320,804547365
4320,814644729,4320,814907016
4320,825003825,4320,825254895
4320,835356013,4320,835611443
4320,845706810,4320,845952834
4320,856056550,4320,856307633
4320,866408337,4320,866657494
4320,876761595,4320,877009705
4320,887113660,4320,887359730
4320,897457506,4320,897697449
4320,907792773,4320,908037006
4320,918130649,4320,918353815
4320,928453655,4320,928709452
4320,938811299,4320,939060076
4320,949155676,4320,949396039
4320,959491648,4320,959743275
4320,969844694,4320,970083774
4320,980189455,4320,980438582
4320,990543085,4320,990786482
4321,000885456,4321,001127166
4321,011229879,4321,011476445
4321,021576356,4321,021827019
4321,031931301,4321,032172278
4321,042277729,4321,042528742
4321,052614830,4321,052866800
4321,062970461,4321,063219361
4321,073325126,4321,073574853
4321,083679968,4321,083925188
4321,094020743,4321,094274319
4321,104367203,4321,104616664
4321,114721636,4321,114975196
4321,125071737,4321,125326238
4321,135430577,4321,135680038
4321,145773543,4321,146030387
4321,156134678,4321,156390055
4321,166491307,4321,166740603
4321,176842451,4321,177093928
4321,187194456,4321,187444729
4321,197538342,4321,197777195
4321,207874579,4321,208123289
4321,218216971,4321,218475238
4321,228574785,4321,228827035
4321,238920887,4321,239177861
4321,249280057,4321,249533854
4321,259639755,4321,259892552
4321,269994284,4321,270207613
4321,280302544,4321,280561791
4321,290666659,4321,290908283
4321,301012817,4321,301268788
4321,311368665,4321,311624893
4321,321722578,4321,321971595
4321,332073123,4321,332307836
4321,342409572,4321,342657273
4321,352759064,4321,353008011
4321,363111503,4321,363346486
4321,373440131,4321,373690137
4321,383793014,4321,384051802
4321,394154851,4321,394407028
4321,404500928,4321,404743035
4321,414844995,4321,415099665
4321,425200638,4321,425463072
4321,435558283,4321,435814510
4321,445920201,4321,446215139
4321,456323827,4321,456577304
4321,466686916,4321,466946456
4321,477053929,4321,477299575
4321,487404846,4321,487662613
4321,497776927,4321,498038161
4321,508143514,4321,508404154
4321,518519696,4321,518771569
4321,528877699,4321,529135583
4321,539238457,4321,539489168
4321,549589860,4321,549836720
4321,559944938,4321,560200432
4321,570302515,4321,570557552
4321,580664238,4321,580914362
4321,591014603,4321,591268940
4321,601377048,4321,601621968
4321,611727842,4321,611989249
4321,622089922,4321,622354233
4321,632468601,4321,632731385
4321,642843975,4321,643101679
4321,653199991,4321,653444334
4321,663538055,4321,663787202
4321,673891116,4321,674133886
4321,684238648,4321,684489559
4321,694583966,4321,694836963
4321,704932056,4321,705187107
4321,715284720,4321,715540264
4321,725637888,4321,725877784
4321,735980451,4321,736254042
4321,746363660,4321,746618467
4321,756720409,4321,756966643
4321,767069824,4321,767324388
4321,777427187,4321,777679811
4321,787780610,4321,788029807
4321,798124891,4321,798372965
4321,808475183,4321,808730386
4321,818832601,4321,819081654
4321,829186665,4321,829446056
4321,839540760,4321,839791171
4321,849884860,4321,850143580
4321,860239284,4321,860488301
4321,870590058,4321,870841385
4321,880944126,4321,881189596
4321,891284912,4321,891533546
4321,901662084,4321,901932905
4321,912026538,4321,912286088
4321,922379426,4321,922636283
4321,932737575,4321,932981352
4321,943080326,4321,943328806
4321,953431040,4321,953687220
4321,963791530,4321,964055854
4321,974158865,4321,974410029
4321,984513395,4321,984755565
4321,994857977,4321,995113680
4322,005209732,4322,005468733
4322,015563870,4322,015806284
4322,025909188,4322,026154785
4322,036250946,4322,036497933
4322,046601751,4322,046850394
4322,056946542,4322,057210113
4322,067310791,4322,067562618
4322,077677422,4322,077925113
4322,088029347,4322,088274397
4322,098374308,4322,098624692
4322,108719764,4322,108917176
4322,119021104,4322,119275394
4322,129378558,4322,129622684
4322,139717565,4322,139971692
4322,150075588,4322,150331405
4322,160432476,4322,160687746
4322,170783074,4322,171027261
4322,181128635,4322,181387289
4322,191480523,4322,191727080
4322,201827658,4322,202087385
4322,212194580,4322,212439280
4322,222542975,4322,222800612
4322,232904480,4322,233159294
4322,243264608,4322,243515622
4322,253614383,4322,253860996
4322,263956718,4322,264211625
4322,274310973,4322,274578014
4322,284678371,4322,284932521
4322,295033902,4322,295286939
4322,305393732,4322,305631105
4322,315740177,4322,315998094
4322,326118184,4322,326373384
4322,336473465,4322,336729386
4322,346831458,4322,347087535
4322,357189840,4322,357451387
4322,367559708,4322,367819799
4322,377927067,4322,378181160
4322,388285122,4322,388544959
4322,398647568,4322,398906775
4322,409015919,4322,409275567
4322,419378090,4322,419640304
4322,429741549,4322,430000156
4322,440100661,4322,440351171
4322,450451914,4322,450709262
4322,460814648,4322,461079928
4322,471179656,4322,471441053
4322,481535111,4322,481787738
4322,491891059,4322,492144266
4322,502244997,4322,502494804
4322,512591556,4322,512836703
4322,522950241,4322,523209848
4322,533305345,4322,533556651
4322,543660179,4322,543912626
4322,554011655,4322,554262332
4322,564357467,4322,564601457
4322,574705006,4322,574953573
4322,585051064,4322,585305685
4322,595405612,4322,595652335
4322,605750243,4322,605993989
4322,616095026,4322,616348256
4322,626452711,4322,626709888
4322,636811866,4322,637066359
4322,647166582,4322,647410632
4322,657510643,4322,657756373
4322,667858883,4322,668113526
4322,678208369,4322,678472689
4322,688568244,4322,688825407
4322,698927704,4322,699175078
4322,709271853,4322,709525634
4322,719624633,4322,719874163
4322,729969509,4322,730215469
4322,740318673,4322,740573677
4322,750668896,4322,750922393
4322,761019584,4322,761271588
4322,771364664,4322,771616691
4322,781722469,4322,781972163
4322,792066558,4322,792321352
4322,802425770,4322,802677564
4322,812781563,4322,813030533
4322,823137334,4322,823379127
4322,833475912,4322,833724518
4322,843818871,4322,844078505
4322,854191600,4322,854433183
4322,864538706,4322,864787406
4322,874888487,4322,875146651
4322,885252125,4322,885496045
4322,895590887,4322,895846821
4322,905947765,4322,906182395
4322,916283699,4322,916539762
4322,926638675,4322,926884355
4322,936979862,4322,937230232
4322,947329459,4322,947585173
4322,957683335,4322,957929142
4322,968023959,4322,968279520
4322,978374167,4322,978627864
4322,988722808,4322,988980495
4322,999091327,4322,999336130
4323,009441922,4323,009699959
4323,019793918,4323,020045455
4323,030140612,4323,030388926
4323,040494896,4323,040750026
4323,050848809,4323,051098245
4323,061203423,4323,061458757
4323,071561667,4323,071810934
4323,081910829,4323,082166216
4323,092266714,4323,092523351
4323,102632072,4323,102880939
4323,112986527,4323,113254901
4323,123365183,4323,123622750
4323,133732795,4323,133991889
4323,144093021,4323,144349671
4323,154457296,4323,154714036
4323,164822603,4323,165076147
4323,175176259,4323,175434466
4323,185542684,4323,185780264
4323,195889761,4323,196145601
4323,206245233,4323,206503860
4323,216605469,4323,216871796
4323,226971730,4323,227155836
4323,237259313,4323,237515597
4323,247619221,4323,247882849
4323,257984267,4323,258241760
4323,268342810,4323,268598813
4323,278706938,4323,278960888
4323,289063198,4323,289319188
4323,299420190,4323,299672410
4323,309795510,4323,310053573
4323,320157051,4323,320407775
4323,330506932,4323,330761635
4323,340861818,4323,341108794
4323,351212862,4323,351472116
4323,361573180,4323,361826293
4323,371928822,4323,372180796
4323,382282344,4323,382530790
4323,392636842,4323,392886245
4323,402997063,4323,403241533
4323,413347471,4323,413595568
4323,423700324,4323,423946368
4323,434040615,4323,434289085
4323,444393369,4323,444644479
4323,454747380,4323,454999633
4323,465106833,4323,465355120
4323,475459694,4323,475702987
4323,485797445,4323,486048495
4323,496147380,4323,496395176
4323,506499181,4323,506757531
4323,516861969,4323,517115746
4323,527212655,4323,527455558
4323,537552222,4323,537806279
4323,547900721,4323,548156035
4323,558257246,4323,558509283
4323,568606893,4323,568852396
4323,578953148,4323,579199239
4323,589293550,4323,589545516
4323,599641820,4323,599900380
4323,609999116,4323,610252043
4323,620354651,4323,620608288
4323,630701402,4323,630953975
4323,641052543,4323,641294897
4323,651398726,4323,651655466
4323,661751330,4323,662002050
4323,672104707,4323,672357887
4323,682460170,4323,682714917
4323,692808644,4323,693054628
4323,703155888,4323,703402328
4323,713498140,4323,713753020
4323,723853781,4323,724108075
4323,734209959,4323,734463700
4323,744560008,4323,744815081
4323,754913180,4323,755163307
4323,765266945,4323,765519802
4323,775614538,4323,775863019
4323,785964944,4323,786213251
4323,796310562,4323,796571443
4323,806673196,4323,806928689
4323,817032249,4323,817275553
4323,827377168,4323,827624751
4323,837727454,4323,837978268
4323,848072778,4323,848318878
4323,858414251,4323,858662344
4323,868766412,4323,869020833
4323,879114142,4323,879362002
4323,889467118,4323,889710572
4323,899807394,4323,900059304
4323,910160404,4323,910408697
4323,920519479,4323,920784136
4323,930892802,4323,931147876
4323,941256397,4323,941511934
4323,951612795,4323,951869648
4323,961976820,4323,962181656
4323,972283098,4323,972543582
4323,982643223,4323,982908727
4323,993021260,4323,993277231
4324,003378082,4324,003644519
4324,013750205,4324,014009255
4324,024118973,4324,024377874
4324,034487197,4324,034751698
4324,044858694,4324,045111271
4324,055215069,4324,055477326
4324,065578394,4324,065845168
4324,075952026,4324,076212779
4324,086313888,4324,086571725
4324,096674767,4324,096931367
4324,107040154,4324,107295981
4324,117402017,4324,117658617
4324,127759298,4324,128032842
4324,138129537,4324,138340793
4324,148445824,4324,148694004
4324,158790325,4324,159038182
4324,169138353,4324,169385367
4324,179481439,4324,179730532
4324,189824563,4324,190073120
4324,200177626,4324,200432540
4324,210534989,4324,210785040
4324,220890137,4324,221133547
4324,231229437,4324,231479717
4324,241582086,4324,241832333
4324,251938488,4324,252200356
4324,262312964,4324,262566034
4324,272669312,4324,272934922
4324,283036664,4324,283288507
4324,293389208,4324,293637482
4324,303742138,4324,303988371
4324,314089562,4324,314309848
4324,324409821,4324,324655775
4324,334758271,4324,335025075
4324,345127239,4324,345373162
4324,355477736,4324,355735293
4324,365835835,4324,366083349
4324,376189458,4324,376443595
4324,386537497,4324,386789164
4324,396888862,4324,397134509
4324,407236653,4324,407485530
4324,417586631,4324,417841798
4324,427945671,4324,428192308
4324,438291958,4324,438532867
4324,448628503,4324,448877697
4324,458981168,4324,459235515
4324,469331533,4324,469579776
4324,479684937,4324,479944781
4324,490040130,4324,490260399
4324,500362534,4324,500615937
4324,510718810,4324,510972717
4324,521066406,4324,521316790
4324,531414904,4324,531666175
4324,541766646,4324,542034120
4324,552130484,4324,552383221
4324,562484407,4324,562734717
4324,572838881,4324,573092471
4324,583194637,4324,583447584
4324,593542457,4324,593798717
4324,603899583,4324,604149593
4324,614248453,4324,614512637
4324,624606668,4324,624859465
4324,634962791,4324,635219241
4324,645321932,4324,645576199
4324,655672996,4324,655934079
4324,666034755,4324,666241107
4324,676338148,4324,676593592
4324,686690393,4324,686942817
4324,697041731,4324,697302185
4324,707401311,4324,707648894
4324,717773992,4324,718028409
4324,728125952,4324,728374399
4324,738471885,4324,738717821
4324,748819456,4324,749080763
4324,759188694,4324,759450007
4324,769555743,4324,769814421
4324,779917439,4324,780179946
4324,790288033,4324,790546127
4324,800660429,4324,800926167
4324,811041765,4324,811308285
4324,821414560,4324,821675957
4324,831780428,4324,832039796
4324,842173944,4324,842408835
4324,852513760,4324,852772274
4324,862881791,4324,863138415
4324,873244116,4324,873508514
4324,883618575,4324,883877219
4324,893989117,4324,894232800
4324,904348563,4324,904611360
4324,914721125,4324,914985272
4324,925094463,4324,925356697
4324,935463768,4324,935723952
4324,945832716,4324,946087077
4324,956195332,4324,956446943
4324,966566727,4324,966814394
4324,976928310,4324,977166760
4324,987268787,4324,987515547
4324,997612250,4324,997866814
4325,007969097,4325,008219397
4325,018320998,4325,018566205
4325,028659989,4325,028904342
4325,039006351,4325,039250801
4325,049342262,4325,049595599
4325,059693666,4325,059934706
4325,070037218,4325,070290321
4325,080389269,4325,080636186
4325,090736837,4325,090993801
4325,101094355,4325,101344879
4325,111442110,4325,111699904
4325,121795772,4325,122047335
4325,132143314,4325,132387971
4325,142489042,4325,142737142
4325,152840695,4325,153082575
4325,163176550,4325,163433473
4325,173538009,4325,173785893
4325,183889554,4325,184142324
4325,194243402,4325,194491385
4325,204593523,4325,204840007
4325,214944268,4325,215196315
4325,225290400,4325,225546651
4325,235648122,4325,235840124
4325,245946211,4325,246200804
4325,256299959,4325,256549652
4325,266650445,4325,266894715
4325,276995803,4325,277248706
4325,287353283,4325,287609636
4325,297704519,4325,297949472
4325,308049087,4325,308293050
4325,318397618,4325,318654428
4325,328756492,4325,329004693
4325,339109491,4325,339356958
4325,349454236,4325,349705226
4325,359809093,4325,360062053
4325,370166302,4325,370419729
4325,380521772,4325,380773299
4325,390874955,4325,391133356
4325,401227695,4325,401483459
4325,411585411,4325,411841405
4325,421944991,4325,422192025
4325,432295419,4325,432543863
4325,442640906,4325,442894286
4325,452989754,4325,453234547
4325,463334273,4325,463577339
4325,473675607,4325,473911007
4325,484012921,4325,484267761
4325,494367466,4325,494619760
4325,504714714,4325,504972028
4325,515069700,4325,515327011
4325,525425091,4325,525672208
4325,535768007,4325,536028028
4325,546129824,4325,546384034
4325,556485797,4325,556732710
4325,566832863,4325,567083387
4325,577186400,4325,577447071
4325,587556440,4325,587812794
4325,597919235,4325,598176092
4325,608283055,4325,608918236
4325,619018246,4325,619277117
4325,629381652,4325,629635925
4325,639738277,4325,640043785
4325,650152712,4325,650426772
4325,660536162,4325,660798126
4325,670897824,4325,671151294
4325,681258765,4325,681518796
4325,691626567,4325,691892198
4325,702001373,4325,702262757
4325,712367355,4325,712627249
4325,722730502,4325,722989296
4325,733095972,4325,733354612
4325,743461804,4325,743720165
4325,753831288,4325,754095319
4325,764220394,4325,764477668
4325,774580704,4325,774836861
4325,784946235,4325,785200809
4325,795298702,4325,795545072
4325,805647248,4325,805898658
4325,815998419,4325,816261486
4325,826360414,4325,826612028
4325,836708026,4325,836954666
4325,847051733,4325,847308840
4325,857406349,4325,857653796
4325,867748987,4325,868013921
4325,878118384,4325,878370578
4325,888467927,4325,888720714
4325,898824782,4325,899070082
4325,909164933,4325,909415716
4325,919509594,4325,919765231
4325,929868327,4325,930119017
4325,940216831,4325,940464075
4325,950558981,4325,950806638
4325,960907050,4325,961152953
4325,971258042,4325,971509523
4325,981613849,4325,981861236
4325,991960998,4325,992207701
4326,002302375,4326,002557856
4326,012663024,4326,012913931
4326,023019075,4326,023271642
4326,033367608,4326,033623522
4326,043718060,4326,043976293
4326,054075563,4326,054325797
4326,064430044,4326,064676508
4326,074778830,4326,075031557
4326,085133812,4326,085385966
4326,095491102,4326,095733759
4326,105838438,4326,106085028
4326,116179466,4326,116436496
4326,126532571,4326,126778157
4326,136871888,4326,137122749
4326,147219793,4326,147467166
4326,157591201,4326,157868696
4326,167968598,4326,168222735
4326,178317669,4326,178571810
4326,188665632,4326,188918276
4326,199020642,4326,199283946
4326,209381400,4326,209634254
4326,219786186,4326,220038563
4326,230136078,4326,230393541
4326,240490493,4326,240750176
4326,250853175,4326,251106672
4326,261201113,4326,261447480
4326,271548549,4326,271803097
4326,281900949,4326,282156299
4326,292250548,4326,292505188
4326,302598612,4326,302861469
4326,312957335,4326,313203588
4326,323298074,4326,323550604
4326,333653373,4326,333897130
4326,343991018,4326,344262939
4326,354359861,4326,354614698
4326,364716090,4326,364971570
4326,375065264,4326,375319170
4326,385424251,4326,385674935
4326,395770420,4326,396027873
4326,406129587,4326,406379524
4326,416488870,4326,416743054
4326,426845950,4326,427101617
4326,437202917,4326,437458558
4326,447566691,4326,447830161
4326,457907838,4326,458169142
4326,468279343,4326,468540051
4326,478645707,4326,478903017
4326,489010975,4326,489265022
4326,499369362,4326,499633916
4326,509763006,4326,510013549
4326,520116580,4326,520374407
4326,530482041,4326,530732634
4326,540841070,4326,541096854
4326,551205248,4326,551465756
4326,561565733,4326,561828541
4326,571932103,4326,572188494
4326,582288708,4326,582552005
4326,592651968,4326,592906912
4326,603014927,4326,603270314
4326,613380947,4326,613644727
4326,623738615,4326,623985245
4326,634089459,4326,634338000
4326,644441381,4326,644697005
4326,654795109,4326,655040149
4326,665144703,4326,665396767
4326,675501909,4326,675750206
4326,685858471,4326,686109825
4326,696206657,4326,696459331
4326,706560457,4326,706806630
4326,716904008,4326,717160425
4326,727256379,4326,727505133
4326,737599185,4326,737854915
4326,747952177,4326,748203097
4326,758308030,4326,758551473
4326,768654811,4326,768912278
4326,779014591,4326,779265874
4326,789366286,4326,789620299
4326,799717570,4326,799968817
4326,810071778,4326,810320868
4326,820415996,4326,820681054
4326,830785562,4326,831042432
4326,841143770,4326,841389777
4326,851493761,4326,851745608
4326,861848536,4326,862100553
4326,872205782,4326,872455696
4326,882558453,4326,882810670
