4297,309808769,4297,310094227
4297,310655806,4297,310864768
4297,311381075,4297,311574631
4297,312093678,4297,312304221
4297,312818135,4297,312973339
4297,313458279,4297,313597096
4297,314078393,4297,314176082
4297,314657132,4297,314773722
4297,315254705,4297,315351995
4297,315833005,4297,315955964
4297,316439885,4297,316623180
4297,317104203,4297,317291435
4297,317772438,4297,317928579
4297,318409372,4297,318562363
4297,319043263,4297,319199234
4297,319679404,4297,319797524
4297,320281323,4297,320397403
4297,320877507,4297,321008110
4297,321488040,4297,321712510
4297,322209353,4297,322358251
4297,322840334,4297,322994442
4297,323475618,4297,323622829
4297,324105489,4297,324232862
4297,324721139,4297,324845479
4297,325333316,4297,325464506
4297,325945309,4297,326070466
4297,326551119,4297,326720000
4297,327207658,4297,327344848
4297,327824805,4297,327975185
4297,328472982,4297,328615733
4297,329095469,4297,329243384
4297,329723220,4297,329839853
4297,330319789,4297,330435336
4297,330922106,4297,331078150
4297,331558037,4297,331690261
4297,332194348,4297,332320371
4297,332800371,4297,332931675
4297,333411718,4297,333539392
4297,334019258,4297,334197713
4297,334693163,4297,334860408
4297,335342688,4297,335505316
4297,335993582,4297,336186388
4297,336668261,4297,336823372
4297,337304438,4297,337453339
4297,337933963,4297,338066696
4297,338547303,4297,338766049
4297,339282520,4297,339491929
4297,340061764,4297,340208171
4297,340718132,4297,340897027
4297,341399764,4297,341560455
4297,342064676,4297,342208600
4297,342703137,4297,342874878
4297,343370232,4297,343531626
4297,344035724,4297,344162100
4297,344641850,4297,344783827
4297,345263650,4297,345395094
4297,345874654,4297,346003341
4297,346482851,4297,346614308
4297,347100481,4297,347243649
4297,347729365,4297,347851092
4297,348334365,4297,348438978
4297,348919965,4297,349075492
4297,349556142,4297,349680819
4297,350168505,4297,350290699
4297,350771536,4297,350967304
4297,351457384,4297,351625675
4297,352132719,4297,352245656
4297,352726909,4297,352875023
4297,353356273,4297,353500744
4297,353981677,4297,354111934
4297,354592351,4297,354718587
4297,355199424,4297,355353855
4297,355834725,4297,355973919
4297,356471362,4297,356602839
4297,357082955,4297,357213876
4297,357694046,4297,357825146
4297,358305286,4297,358427002
4297,358922726,4297,359069237
4297,359549443,4297,359666897
4297,360163880,4297,360286694
4297,360767100,4297,360893060
4297,361373140,4297,361501771
4297,361981914,4297,362098587
4297,362578890,4297,362694383
4297,363174677,4297,363363438
4297,363861442,4297,364058671
4297,364541584,4297,364672438
4297,365154077,4297,365310119
4297,365791079,4297,365935156
4297,366415986,4297,366566586
4297,367080394,4297,367221301
4297,367701498,4297,367870556
4297,368368703,4297,368502563
4297,368983300,4297,369143267
4297,369623424,4297,369761451
4297,370241491,4297,370363231
4297,370843238,4297,370999522
4297,371479548,4297,371625875
4297,372122783,4297,372247073
4297,372727169,4297,372863939
4297,373343993,4297,373474123
4297,373954029,4297,374083257
4297,374563243,4297,374701654
4297,375181610,4297,375321787
4297,375801797,4297,375981705
4297,376470175,4297,376619420
4297,377101333,4297,377251100
4297,377732283,4297,377896548
4297,378377595,4297,378520149
4297,379001132,4297,379166120
4297,379647130,4297,379794600
4297,380279780,4297,380391593
4297,380872363,4297,381041611
4297,381522398,4297,381675315
4297,382155292,4297,382293019
4297,382773769,4297,382930003
4297,383410846,4297,383569278
4297,384081255,4297,384215448
4297,384695605,4297,384846299
4297,385326946,4297,385475753
4297,385956666,4297,386111287
4297,386592051,4297,386734975
4297,387215574,4297,387369988
4297,387851238,4297,387943918
4297,388434515,4297,388593969
4297,389082225,4297,389235353
4297,389717457,4297,389856190
4297,390337357,4297,390485508
4297,390966414,4297,391132206
4297,391613122,4297,391758993
4297,392286784,4297,392435505
4297,392923535,4297,393064249
4297,393545085,4297,393703703
4297,394184503,4297,394329770
4297,394809993,4297,394971641
4297,395458918,4297,395595988
4297,396100215,4297,396239209
4297,396726446,4297,396862956
4297,397342966,4297,397493837
4297,397973840,4297,398100737
4297,398580887,4297,398736608
4297,399216858,4297,399352088
4297,399832271,4297,399983095
4297,400480003,4297,400617280
4297,401097420,4297,401297448
4297,401786155,4297,401953586
4297,402435493,4297,402554716
4297,403043049,4297,403170740
4297,403651820,4297,403804820
4297,404310868,4297,404425544
4297,404906497,4297,405044758
4297,405525291,4297,405668272
4297,406156282,4297,406287829
4297,406768682,4297,406895569
4297,407375745,4297,407515062
4297,407995149,4297,408181038
4297,408668698,4297,408786904
4297,409267647,4297,409403721
4297,409891495,4297,410021338
4297,410501498,4297,410639572
4297,411119635,4297,411258739
4297,411738835,4297,411868432
4297,412365153,4297,412488486
4297,412975573,4297,413111823
4297,413591840,4297,413774825
4297,414264062,4297,414415002
4297,414896962,4297,415033346
4297,415514286,4297,415656363
4297,416162744,4297,416290197
4297,416771147,4297,416907841
4297,417388108,4297,417519294
4297,417999351,4297,418122668
4297,418603411,4297,418738701
4297,419219514,4297,419366878
4297,419846948,4297,419977012
4297,420474076,4297,420605729
4297,421085789,4297,421218739
4297,421698696,4297,421848267
4297,422328150,4297,422471071
4297,422968264,4297,423116901
4297,423597135,4297,423742085
4297,424238809,4297,424377243
4297,424857096,4297,424994057
4297,425474073,4297,425624674
4297,426104557,4297,426289526
4297,426778766,4297,426948190
4297,427430424,4297,427570741
4297,428054067,4297,428202265
4297,428683175,4297,428833672
4297,429315032,4297,429490327
4297,429970627,4297,430114284
4297,430594281,4297,430770142
4297,431250712,4297,431403569
4297,431884133,4297,432062274
4297,432542691,4297,432685975
4297,433166008,4297,433317206
4297,433797035,4297,433950906
4297,434430823,4297,434583007
4297,435063690,4297,435226368
4297,435707178,4297,435882799
4297,436379496,4297,436523504
4297,437003663,4297,437155198
4297,437635811,4297,437760578
4297,438241191,4297,438380998
4297,438861844,4297,439053350
4297,439541700,4297,439714505
4297,440229396,4297,440363349
4297,440844763,4297,440991553
4297,441472580,4297,441612980
4297,442100820,4297,442237234
4297,442718197,4297,442866751
4297,443347548,4297,443488185
4297,443968989,4297,444109072
4297,444589916,4297,444718186
4297,445198276,4297,445350313
4297,445837303,4297,445978617
4297,446458687,4297,446613424
4297,447093391,4297,447231751
4297,447711858,4297,447851225
4297,448369580,4297,448502203
4297,448989443,4297,449127194
4297,449607070,4297,449744341
4297,450224421,4297,450360541
4297,450840598,4297,450979915
4297,451459735,4297,451660693
4297,452180561,4297,452312681
4297,452794911,4297,452975459
4297,453475403,4297,453609844
4297,454091983,4297,454203953
4297,454685100,4297,454821677
4297,455302817,4297,455443547
4297,455924367,4297,456054917
4297,456535834,4297,456675564
4297,457163435,4297,457291098
4297,457771805,4297,457918535
4297,458398829,4297,458512895
4297,458992842,4297,459132356
4297,459612225,4297,459749759
4297,460246389,4297,460372553
4297,460852409,4297,460982856
4297,461462876,4297,461607400
4297,462094240,4297,462208943
4297,462689033,4297,462834584
4297,463314644,4297,463443881
4297,463923847,4297,464062884
4297,464543031,4297,464742573
4297,465232277,4297,465401164
4297,465883468,4297,466001521
4297,466482391,4297,466631092
4297,467112068,4297,467251385
4297,467732302,4297,467871942
4297,468378336,4297,468497446
4297,468977750,4297,469108363
4297,469588793,4297,469724590
4297,470205373,4297,470320320
4297,470800536,4297,470931276
4297,471411236,4297,471543523
4297,472040494,4297,472165757
4297,472645677,4297,472779754
4297,473259724,4297,473389668
4297,473869507,4297,474006345
4297,474486174,4297,474610474
4297,475090408,4297,475224761
4297,475704635,4297,475847195
4297,476344265,4297,476474856
4297,476954892,4297,477152741
4297,477641738,4297,477795509
4297,478277625,4297,478425356
4297,478923180,4297,479081467
4297,479562644,4297,479729952
4297,480243653,4297,480392143
4297,480872893,4297,481027658
4297,481508597,4297,481664518
4297,482145295,4297,482282675
4297,482763539,4297,482925133
4297,483405303,4297,483572851
4297,484069891,4297,484230542
4297,484710502,4297,484865986
4297,485345940,4297,485487614
4297,485967604,4297,486111268
4297,486591341,4297,486743945
4297,487223851,4297,487392466
4297,487872462,4297,488028957
4297,488508910,4297,488642903
4297,489122860,4297,489255894
4297,489735870,4297,489935719
4297,490423846,4297,490574857
4297,491063837,4297,491215728
4297,491697011,4297,491823598
4297,492315821,4297,492427781
4297,492908928,4297,493031768
4297,493512204,4297,493651665
4297,494132578,4297,494257952
4297,494745688,4297,494892882
4297,495380402,4297,495518433
4297,495998353,4297,496206045
4297,496686848,4297,496816745
4297,497303912,4297,497427775
4297,497907812,4297,498027812
4297,498513462,4297,498653836
4297,499134426,4297,499279616
4297,499766913,4297,499902260
4297,500399990,4297,500524640
4297,501005430,4297,501130431
4297,501618224,4297,501742137
4297,502229764,4297,502419862
4297,502908789,4297,503063500
4297,503545603,4297,503673464
4297,504179501,4297,504305304
4297,504793321,4297,504933328
4297,505414262,4297,505538658
4297,506025805,4297,506163842
4297,506644775,4297,506786256
4297,507267036,4297,507425690
4297,507906523,4297,508038211
4297,508517350,4297,508644637
4297,509130624,4297,509270901
4297,509750558,4297,509889431
4297,510376168,4297,510494874
4297,510974534,4297,511112328
4297,511591268,4297,511740786
4297,512228092,4297,512341382
4297,512829345,4297,512967316
4297,513455316,4297,513573113
4297,514053872,4297,514182676
4297,514663263,4297,514866028
4297,515355488,4297,515518953
4297,516048947,4297,516180341
4297,516661774,4297,516802462
4297,517283418,4297,517409111
4297,517889885,4297,518029625
4297,518510529,4297,518636678
4297,519123879,4297,519256075
4297,519745939,4297,519863992
4297,520361859,4297,520492566
4297,520972699,4297,521102833
4297,521589713,4297,521736340
4297,522223271,4297,522336767
4297,522816683,4297,522970394
4297,523457205,4297,523588671
4297,524085482,4297,524225599
4297,524712619,4297,524835866
4297,525315742,4297,525455866
4297,525942849,4297,526050289
4297,526537219,4297,526662139
4297,527142229,4297,527326944
4297,527816258,4297,527977859
4297,528492559,4297,528628103
4297,529109226,4297,529258197
4297,529739190,4297,529896862
4297,530377715,4297,530537889
4297,531018276,4297,531172170
4297,531652003,4297,531813351
4297,532311311,4297,532451745
4297,532932678,4297,533078606
4297,533558799,4297,533704330
4297,534184226,4297,534327907
4297,534824287,4297,534975051
4297,535455145,4297,535614495
4297,536111879,4297,536258803
4297,536738613,4297,536885384
4297,537365520,4297,537507314
4297,537987154,4297,538138045
4297,538617925,4297,538772616
4297,539252592,4297,539414337
4297,539894287,4297,540071891
4297,540560461,4297,540700719
4297,541182795,4297,541327636
4297,541808796,4297,541942499
4297,542423613,4297,542560936
4297,543041676,4297,543182367
4297,543669707,4297,543808527
4297,544319908,4297,544465249
4297,544945932,4297,545084006
4297,545564963,4297,545701036
4297,546181289,4297,546311389
4297,546798406,4297,546930313
4297,547410270,4297,547568491
4297,548073265,4297,548205725
4297,548686572,4297,548817508
4297,549298132,4297,549423572
4297,549904678,4297,550045896
4297,550533886,4297,550670706
4297,551158430,4297,551304200
4297,551784367,4297,551928771
4297,552425524,4297,552622883
4297,553111913,4297,553265347
4297,553754144,4297,553875431
4297,554356644,4297,554486571
4297,554974491,4297,555115858
4297,555596492,4297,555721215
4297,556226692,4297,556352446
4297,556833249,4297,556963906
4297,557451763,4297,557591300
4297,558072216,4297,558187556
4297,558668049,4297,558799440
4297,559279590,4297,559402256
4297,559889173,4297,560033474
4297,560520844,4297,560644587
4297,561124780,4297,561240450
4297,561727497,4297,561859207
4297,562339400,4297,562461844
4297,562942760,4297,563074934
4297,563555884,4297,563696354
4297,564185665,4297,564294691
4297,564782467,4297,564968836
4297,565458383,4297,565603337
4297,566085067,4297,566195673
4297,566676980,4297,566804360
4297,567285200,4297,567446701
4297,567934501,4297,568066948
4297,568561875,4297,568699289
4297,569179212,4297,569303019
4297,569783869,4297,569926199
4297,570406909,4297,570527079
4297,571014446,4297,571154169
4297,571634296,4297,571764219
4297,572283934,4297,572416391
4297,572896667,4297,573040465
4297,573527435,4297,573673612
4297,574153802,4297,574275628
4297,574762605,4297,574886909
4297,575373749,4297,575511412
4297,575991369,4297,576162367
4297,576642590,4297,576770504
4297,577257444,4297,577443439
4297,577932736,4297,578093393
4297,578575390,4297,578732318
4297,579213458,4297,579375246
4297,579856372,4297,580038117
4297,580519887,4297,580661634
4297,581142627,4297,581288331
4297,581768631,4297,581922306
4297,582403192,4297,582561023
4297,583041820,4297,583209891
4297,583690164,4297,583842878
4297,584326115,4297,584473159
4297,584953386,4297,585104030
4297,585584143,4297,585750048
4297,586230097,4297,586366858
4297,586846931,4297,587015329
4297,587495459,4297,587634029
4297,588139207,4297,588277020
4297,588757847,4297,588897641
4297,589378384,4297,589530398
4297,590011021,4297,590195636
4297,590700507,4297,590874199
4297,591356788,4297,591499209
4297,591980355,4297,592157660
4297,592639060,4297,592775084
4297,593256190,4297,593395884
4297,593876611,4297,594012998
4297,594493684,4297,594649559
4297,595130066,4297,595270146
4297,595750919,4297,595904180
4297,596408684,4297,596539778
4297,597019618,4297,597149028
4297,597629114,4297,597760504
4297,598240464,4297,598365751
4297,598845784,4297,598977051
4297,599456851,4297,599602515
4297,600099195,4297,600228379
4297,600708385,4297,600844406
4297,601324226,4297,601455976
4297,601935946,4297,602058093
4297,602537949,4297,602725101
4297,603214294,4297,603374709
4297,603856852,4297,603969985
4297,604476326,4297,604596716
4297,605084836,4297,605216836
4297,605697563,4297,605824996
4297,606305363,4297,606441883
4297,606922376,4297,607055510
4297,607536603,4297,607689134
4297,608186641,4297,608311798
4297,608792228,4297,608901964
4297,609382144,4297,609499977
4297,609980040,4297,610132411
4297,610612381,4297,610751912
4297,611232108,4297,611377826
4297,611857972,4297,612021347
4297,612502037,4297,612647134
4297,613127187,4297,613257064
4297,613737121,4297,613866051
4297,614346247,4297,614474838
4297,614954911,4297,615164843
4297,615654173,4297,615812651
4297,616320085,4297,616461115
4297,616942442,4297,617075589
4297,617556539,4297,617706643
4297,618187593,4297,618301826
4297,618782626,4297,618931597
4297,619418914,4297,619552860
4297,620050614,4297,620206602
4297,620687422,4297,620832002
4297,621312222,4297,621462120
4297,621942076,4297,622063046
4297,622550210,4297,622695747
4297,623175713,4297,623298293
4297,623778297,4297,623909467
4297,624406077,4297,624537264
4297,625017394,4297,625160738
4297,625640648,4297,625765688
4297,626252538,4297,626373858
4297,626860748,4297,626992612
4297,627472475,4297,627670644
4297,628192175,4297,628347435
4297,628829572,4297,628983717
4297,629471766,4297,629617920
4297,630098784,4297,630253658
4297,630734658,4297,630888495
4297,631368602,4297,631530533
4297,632028614,4297,632169667
4297,632650641,4297,632793881
4297,633281658,4297,633427682
4297,633907905,4297,634064693
4297,634544776,4297,634670119
4297,635150083,4297,635318947
4297,635798967,4297,635945681
4297,636457892,4297,636590372
4297,637070472,4297,637224596
4297,637704680,4297,637853711
4297,638333910,4297,638480938
4297,638961914,4297,639108948
4297,639589775,4297,639737316
4297,640242199,4297,640409191
4297,640898101,4297,641070062
4297,641552039,4297,641674709
4297,642155855,4297,642294386
4297,642775122,4297,642924396
4297,643405443,4297,643566574
4297,644086775,4297,644220216
4297,644701042,4297,644847723
4297,645328532,4297,645464333
4297,645945029,4297,646071437
4297,646560463,4297,646707147
4297,647187234,4297,647345688
4297,647825528,4297,647968735
4297,648472953,4297,648610836
4297,649090770,4297,649229240
4297,649709263,4297,649840740
4297,650320770,4297,650461357
4297,650941344,4297,651110248
4297,651590285,4297,651727682
4297,652224509,4297,652363106
4297,652843239,4297,653033774
4297,653523258,4297,653683332
4297,654165412,4297,654282966
4297,654764242,4297,654919466
4297,655400273,4297,655535660
4297,656041784,4297,656159754
4297,656640324,4297,656770834
4297,657250824,4297,657395294
4297,657882865,4297,658004741
4297,658485561,4297,658631492
4297,659111868,4297,659255685
4297,659735776,4297,659872579
4297,660369290,4297,660494953
4297,660982010,4297,661110213
4297,661590147,4297,661712230
4297,662192540,4297,662320740
4297,662800767,4297,662940204
4297,663420330,4297,663550060
4297,664046764,4297,664157567
4297,664644554,4297,664779904
4297,665266994,4297,665452546
4297,665942189,4297,666093007
4297,666574924,4297,666701957
4297,667183047,4297,667325047
4297,667805867,4297,667938864
4297,668445235,4297,668579362
4297,669060315,4297,669207103
4297,669687326,4297,669820500
4297,670301283,4297,670425139
4297,670905920,4297,671029659
4297,671516903,4297,671662664
4297,672159650,4297,672284954
4297,672765064,4297,672916551
4297,673396471,4297,673527958
4297,674008015,4297,674126638
4297,674606511,4297,674745315
4297,675232232,4297,675376806
4297,675856782,4297,675985999
4297,676483003,4297,676609266
4297,677089226,4297,677203396
4297,677683396,4297,677877234
4297,678366298,4297,678540823
4297,679023039,4297,679180593
4297,679661780,4297,679811311
4297,680324955,4297,680457445
4297,680938485,4297,681077776
4297,681558029,4297,681707847
4297,682194960,4297,682341597
4297,682822250,4297,682993012
4297,683473572,4297,683619576
4297,684116613,4297,684256610
4297,684736693,4297,684887224
4297,685374441,4297,685530252
4297,686010268,4297,686145802
4297,686625878,4297,686787496
4297,687267446,4297,687411190
4297,687890970,4297,688052244
4297,688532447,4297,688663391
4297,689145657,4297,689291455
4297,689778322,4297,689916842
4297,690397099,4297,690588794
4297,691077801,4297,691242055
4297,691724205,4297,691866842
4297,692388330,4297,692516547
4297,692997730,4297,693131784
4297,693612777,4297,693736517
4297,694217514,4297,694348871
4297,694829674,4297,694976418
4297,695457088,4297,695605309
4297,696110246,4297,696249150
4297,696729293,4297,696874580
4297,697361457,4297,697483704
4297,697963544,4297,698098247
4297,698578171,4297,698707897
4297,699187904,4297,699338685
4297,699818731,4297,699943858
4297,700441185,4297,700588609
4297,701068632,4297,701212926
4297,701692773,4297,701815563
4297,702303753,4297,702432233
4297,702912483,4297,703104048
4297,703593138,4297,703763279
4297,704270813,4297,704377723
4297,704859356,4297,705012097
4297,705493074,4297,705625068
4297,706105871,4297,706223271
4297,706711201,4297,706852668
4297,707333848,4297,707479222
4297,707960125,4297,708096002
4297,708577202,4297,708708235
4297,709188799,4297,709322122
4297,709808973,4297,709932939
4297,710413149,4297,710516592
4297,710996515,4297,711150983
4297,711631663,4297,711763316
4297,712260680,4297,712393080
4297,712873084,4297,713011651
4297,713499337,4297,713631084
4297,714111698,4297,714220134
4297,714700247,4297,714847028
4297,715326801,4297,715507926
4297,715997663,4297,716198045
4297,716680525,4297,716801948
4297,717283328,4297,717419335
4297,717900288,4297,718027355
4297,718508069,4297,718656263
4297,719137112,4297,719268810
4297,719748896,4297,719879846
4297,720377770,4297,720507077
4297,720987823,4297,721113753
4297,721593963,4297,721721877
4297,722201767,4297,722336240
4297,722816137,4297,722948531
4297,723428337,4297,723568744
4297,724072735,4297,724205325
4297,724685198,4297,724814168
4297,725294305,4297,725431849
4297,725911649,4297,726039756
4297,726519702,4297,726649416
4297,727129299,4297,727283433
4297,727764123,4297,727939211
4297,728460996,4297,728622943
4297,729105180,4297,729239940
4297,729721403,4297,729885178
4297,730366171,4297,730526125
4297,731014006,4297,731176863
4297,731657550,4297,731805137
4297,732303121,4297,732453045
4297,732933915,4297,733088616
4297,733569419,4297,733715740
4297,734202783,4297,734347961
4297,734827994,4297,734983572
4297,735463611,4297,735627093
4297,736124543,4297,736270880
4297,736751017,4297,736902814
4297,737382764,4297,737530802
4297,738017752,4297,738153779
4297,738633932,4297,738771522
4297,739251565,4297,739413767
4297,739893937,4297,740035634
4297,740516637,4297,740692859
4297,741181575,4297,741320579
4297,741802936,4297,741961260
4297,742442130,4297,742579647
4297,743060650,4297,743218395
4297,743699331,4297,743835955
4297,744356153,4297,744503207
4297,744984140,4297,745117647
4297,745598397,4297,745759688
4297,746240564,4297,746353518
4297,746833611,4297,747173237
4297,747654107,4297,747796920
4297,748302424,4297,748442795
4297,748923401,4297,749070695
4297,749551459,4297,749691199
4297,750171626,4297,750293379
4297,750773329,4297,750942671
4297,751422750,4297,751546184
4297,752042824,4297,752190051
4297,752670001,4297,752800315
4297,753280358,4297,753468590
4297,753957417,4297,754093337
4297,754575721,4297,754725931
4297,755206928,4297,755346055
4297,755834088,4297,755981319
4297,756487473,4297,756613440
4297,757094440,4297,757234914
4297,757715373,4297,757847160
4297,758353538,4297,758479524
4297,758960481,4297,759094431
4297,759574721,4297,759727662
4297,760224392,4297,760334749
4297,760814778,4297,760946122
4297,761426185,4297,761542025
4297,762022015,4297,762150789
4297,762630695,4297,762769672
4297,763249612,4297,763380843
4297,763860729,4297,763986296
4297,764483033,4297,764599079
4297,765079069,4297,765219716
4297,765699740,4297,765889488
4297,766379075,4297,766532769
4297,767014966,4297,767152426
4297,767640263,4297,767803514
4297,768310245,4297,768444788
4297,768925715,4297,769073279
4297,769554009,4297,769683709
4297,770164082,4297,770300339
4297,770780963,4297,770921856
4297,771409600,4297,771556277
4297,772053284,4297,772180325
4297,772660421,4297,772782878
4297,773269958,4297,773404198
4297,773884222,4297,774019072
4297,774499152,4297,774650239
4297,775130209,4297,775281300
4297,775766840,4297,775891463
4297,776396111,4297,776480119
4297,776960999,4297,777093843
4297,777574139,4297,777718967
4297,778206664,4297,778365051
4297,778854068,4297,779039390
4297,779521770,4297,779681434
4297,780202658,4297,780351743
4297,780832936,4297,780982080
4297,781462783,4297,781628498
4297,782108608,4297,782244958
4297,782725001,4297,782893382
4297,783381156,4297,783527077
4297,784024907,4297,784162501
4297,784642647,4297,784787348
4297,785267205,4297,785433009
4297,785913065,4297,786046196
4297,786526079,4297,786673920
4297,787160860,4297,787308757
4297,787788464,4297,787941034
4297,788437885,4297,788578806
4297,789058955,4297,789203146
4297,789682912,4297,789820350
4297,790300313,4297,790454680
4297,790934537,4297,791129319
4297,791625109,4297,791794260
4297,792309388,4297,792444252
4297,792925795,4297,793064825
4297,793545805,4297,793688276
4297,794176143,4297,794306823
4297,794794483,4297,794940277
4297,795420634,4297,795573081
4297,796078022,4297,796228792
4297,796709789,4297,796854200
4297,797341630,4297,797472240
4297,797952377,4297,798068217
4297,798555346,4297,798701064
4297,799181027,4297,799311474
4297,799791524,4297,799928084
4297,800432362,4297,800556135
4297,801036178,4297,801181172
4297,801661279,4297,801797626
4297,802277659,4297,802412386
4297,802892469,4297,803038306
4297,803518120,4297,803713968
4297,804227442,4297,804368390
4297,804850793,4297,804976927
4297,805458066,4297,805605030
4297,806086047,4297,806209137
4297,806689934,4297,806822401
4297,807303181,4297,807455741
4297,807936564,4297,808075882
4297,808556855,4297,808687059
4297,809167742,4297,809290445
4297,809770538,4297,809909345
4297,810389409,4297,810516172
4297,810996155,4297,811150533
4297,811630430,4297,811755853
4297,812267337,4297,812385050
4297,812865087,4297,812996467
4297,813476470,4297,813613747
4297,814118154,4297,814227841
4297,814707841,4297,814853295
4297,815333398,4297,815465431
4297,815945321,4297,816123673
4297,816613443,4297,816769361
4297,817258858,4297,817393934
4297,817875284,4297,818007381
4297,818488288,4297,818636459
4297,819117182,4297,819240142
4297,819720895,4297,819851216
4297,820356746,4297,820483563
4297,820964339,4297,821110020
4297,821597734,4297,821728350
4297,822208437,4297,822361135
4297,822840911,4297,822989532
4297,823469422,4297,823612052
4297,824108889,4297,824240353
4297,824720246,4297,824857166
4297,825344220,4297,825474550
4297,825954450,4297,826089187
4297,826569137,4297,826700447
4297,827187357,4297,827340415
4297,827820201,4297,827948452
4297,828445358,4297,828623430
4297,829112934,4297,829273261
4297,829755041,4297,829889605
4297,830370888,4297,830502785
4297,830983738,4297,831159377
4297,831640663,4297,831796474
4297,832317142,4297,832450022
4297,832930339,4297,833085413
4297,833566219,4297,833704167
4297,834184983,4297,834328530
4297,834808643,4297,834961011
4297,835441101,4297,835601549
4297,836105859,4297,836268060
4297,836747977,4297,836906448
4297,837386661,4297,837537188
4297,838017288,4297,838143495
4297,838623662,4297,838771129
4297,839258176,4297,839404113
4297,839884343,4297,840042671
4297,840522897,4297,840661038
4297,841141327,4297,841317452
4297,841806593,4297,841971984
4297,842454010,4297,842596101
4297,843084261,4297,843241322
4297,843729222,4297,843862646
4297,844383220,4297,844531268
4297,845012388,4297,845138651
4297,845618851,4297,845764838
4297,846252642,4297,846373005
4297,846853895,4297,847001659
4297,847488772,4297,847627210
4297,848131503,4297,848270017
4297,848750200,4297,848889771
4297,849369707,4297,849511548
4297,849991495,4297,850112668
4297,850592624,4297,850752382
4297,851232389,4297,851381076
4297,851860989,4297,852034381
4297,852515380,4297,852658498
4297,853138707,4297,853291975
4297,853778975,4297,853960424
4297,854449240,4297,854616695
4297,855099105,4297,855234885
4297,855716062,4297,855871626
4297,856377323,4297,856493703
4297,856974737,4297,857115160
4297,857595837,4297,857721340
4297,858201590,4297,858324784
4297,858805400,4297,858940067
4297,859420810,4297,859558878
4297,860056054,4297,860175208
4297,860655298,4297,860787565
4297,861267855,4297,861407905
4297,861887898,4297,862010031
4297,862490081,4297,862637482
4297,863117295,4297,863256339
4297,863736359,4297,863865536
4297,864362156,4297,864469939
4297,864949969,4297,865078986
4297,865559176,4297,865694090
4297,866174093,4297,866356695
4297,866846004,4297,867000459
4297,867482359,4297,867623756
4297,868130363,4297,868250047
4297,868731180,4297,868870437
4297,869351430,4297,869483817
4297,869990421,4297,870123538
4297,870603935,4297,870738058
4297,871218818,4297,871382393
4297,871863186,4297,871991960
4297,872489446,4297,872621680
4297,873101936,4297,873225343
4297,873705597,4297,873844734
4297,874324667,4297,874459171
4297,874939154,4297,875100011
4297,875580015,4297,875716792
4297,876213756,4297,876353916
4297,876833879,4297,876963016
4297,877442926,4297,877574833
4297,878054853,4297,878162556
4297,878642369,4297,878844634
4297,879333878,4297,879494576
4297,879976582,4297,880164614
4297,880653491,4297,880800798
4297,881281938,4297,881430372
4297,881911162,4297,882041446
4297,882522306,4297,882682644
4297,883163533,4297,883311984
4297,883792677,4297,883946992
4297,884452435,4297,884593896
4297,885073832,4297,885227087
4297,885707037,4297,885868214
4297,886353631,4297,886502905
4297,886982708,4297,887145356
4297,887626256,4297,887794494
4297,888292551,4297,888447155
4297,888927948,4297,889074283
4297,889555149,4297,889699760
4297,890180453,4297,890317490
4297,890798307,4297,890946297
4297,891426974,4297,891632853
4297,892153830,4297,892295221
4297,892784285,4297,892917071
4297,893398181,4297,893539435
4297,894020432,4297,894136615
4297,894617438,4297,894777636
4297,895265536,4297,895404727
4297,895885507,4297,896040727
4297,896528604,4297,896668255
4297,897149175,4297,897292982
4297,897773112,4297,897903949
4297,898384175,4297,898526466
4297,899006572,4297,899141113
4297,899628096,4297,899776637
4297,900280871,4297,900417741
4297,900897824,4297,901034288
4297,901514395,4297,901644385
4297,902131462,4297,902272245
4297,902752002,4297,902884479
4297,903371693,4297,903515946
4297,903996780,4297,904214879
4297,904704236,4297,904850266
4297,905332296,4297,905454000
4297,905941950,4297,906085304
4297,906566360,4297,906693897
4297,907174597,4297,907313724
4297,907793970,4297,907933334
4297,908438788,4297,908560295
4297,909040995,4297,909186592
4297,909667542,4297,909791102
4297,910271195,4297,910397776
4297,910877795,4297,911022236
4297,911502156,4297,911640550
4297,912137440,4297,912268420
4297,912755794,4297,912878994
4297,913358987,4297,913516828
4297,913996908,4297,914124908
4297,914604655,4297,914751552
4297,915231512,4297,915348842
4297,915828845,4297,915970605
4297,916473136,4297,916638274
4297,917127994,4297,917281465
4297,917763421,4297,917890258
4297,918371338,4297,918488121
4297,918969031,4297,919104145
4297,919584842,4297,919724645
4297,920230156,4297,920347566
4297,920827423,4297,920952772
4297,921433502,4297,921565446
4297,922046039,4297,922162826
4297,922650289,4297,922779396
4297,923259586,4297,923396830
4297,923876793,4297,923998726
4297,924511197,4297,924638017
4297,925117964,4297,925257898
4297,925761105,4297,925901455
4297,926381562,4297,926517069
4297,926996905,4297,927137412
4297,927617269,4297,927747569
4297,928229606,4297,928353983
4297,928833919,4297,929027324
4297,929516208,4297,929684839
4297,930167183,4297,930308083
4297,930789320,4297,930952797
4297,931433751,4297,931609912
4297,932108846,4297,932258150
4297,932739080,4297,932884974
4297,933365167,4297,933513331
4297,933994065,4297,934143872
4297,934624682,4297,934787270
4297,935267593,4297,935437031
4297,935917081,4297,936065215
4297,936545411,4297,936695172
4297,937175359,4297,937328473
4297,937808570,4297,937975477
