4284,278062659,4284,278210691
4284,278500342,4284,278642288
4284,278889059,4284,279030315
4284,279277095,4284,279411774
4284,279658818,4284,279791557
4284,280040384,4284,280119998
4284,280360856,4284,280482064
4284,280728986,4284,280859963
4284,281106785,4284,281241093
4284,281487662,4284,281618513
4284,281865381,4284,282048432
4284,282295468,4284,282433532
4284,282675934,4284,282745761
4284,282986787,4284,283081934
4284,283321786,4284,283396426
4284,283636188,4284,283708535
4284,283948647,4284,284028098
4284,284269821,4284,284345415
4284,284585224,4284,284722033
4284,284977769,4284,285118591
4284,285359700,4284,285436175
4284,285676321,4284,285749558
4284,285989555,4284,286075086
4284,286315362,4284,286390976
4284,286637709,4284,286710203
4284,286949893,4284,287021487
4284,287261293,4284,287331881
4284,287571530,4284,287646731
4284,287886347,4284,287960185
4284,288202352,4284,288274909
4284,288514653,4284,288589365
4284,288828842,4284,288904050
4284,289143350,4284,289214921
4284,289454388,4284,289526476
4284,289765887,4284,289839515
4284,290078748,4284,290158397
4284,290397764,4284,290472435
4284,290711952,4284,290783017
4284,291022367,4284,291148563
4284,291402970,4284,291508435
4284,291749969,4284,291825703
4284,292066901,4284,292145807
4284,292386402,4284,292461204
4284,292701517,4284,292774202
4284,293014311,4284,293088183
4284,293328179,4284,293405241
4284,293645196,4284,293720765
4284,293960467,4284,294039433
4284,294278909,4284,294352467
4284,294592046,4284,294663715
4284,294903504,4284,294977952
4284,295217482,4284,295328101
4284,295584714,4284,295676519
4284,295918049,4284,295995021
4284,296238072,4284,296309087
4284,296549849,4284,296624485
4284,296864596,4284,296935922
4284,297175666,4284,297247028
4284,297493650,4284,297565742
4284,297812367,4284,297895663
4284,298135451,4284,298213274
4284,298452778,4284,298526227
4284,298765728,4284,298837871
4284,299084312,4284,299155265
4284,299394529,4284,299466188
4284,299712696,4284,299786242
4284,300044087,4284,300126540
4284,300365882,4284,300436492
4284,300675847,4284,300745040
4284,300991372,4284,301062618
4284,301309114,4284,301428402
4284,301677388,4284,301762838
4284,302004470,4284,302083619
4284,302324058,4284,302399648
4284,302640040,4284,302713633
4284,302953972,4284,303024298
4284,303264890,4284,303338782
4284,303578651,4284,303652044
4284,303891810,4284,303962582
4284,304206288,4284,304276150
4284,304515588,4284,304585724
4284,304825375,4284,304895084
4284,305135072,4284,305205674
4284,305445372,4284,305515548
4284,305755029,4284,305824795
4284,306064349,4284,306140232
4284,306379683,4284,306452858
4284,306692486,4284,306764982
4284,307004733,4284,307079456
4284,307319147,4284,307390766
4284,307647514,4284,307775939
4284,308028414,4284,308126177
4284,308367760,4284,308443569
4284,308683893,4284,308757091
4284,308996932,4284,309067480
4284,309307687,4284,309380249
4284,309620449,4284,309692288
4284,309939005,4284,310017711
4284,310257371,4284,310331723
4284,310571337,4284,310643879
4284,310883249,4284,310954441
4284,311193758,4284,311265923
4284,311512170,4284,311585429
4284,311825023,4284,311896348
4284,312137764,4284,312209769
4284,312448982,4284,312520137
4284,312759716,4284,312831358
4284,313070630,4284,313140959
4284,313387235,4284,313459257
4284,313698662,4284,313770624
4284,314009923,4284,314142783
4284,314391549,4284,314479692
4284,314721197,4284,314797113
4284,315037645,4284,315111230
4284,315351816,4284,315427438
4284,315667814,4284,315741009
4284,315987935,4284,316297396
4284,316548065,4284,316678828
4284,316920250,4284,317003392
4284,317250398,4284,317321183
4284,317561139,4284,317636904
4284,317876696,4284,317955348
4284,318201997,4284,318277975
4284,318517745,4284,318589556
4284,318828975,4284,318901260
4284,319140852,4284,319211807
4284,319451533,4284,319521721
4284,319761414,4284,319833049
4284,320077101,4284,320149046
4284,320388629,4284,320461044
4284,320700640,4284,320773245
4284,321012850,4284,321124977
4284,321373366,4284,321461861
4284,321702947,4284,321776843
4284,322017032,4284,322095561
4284,322343210,4284,322424982
4284,322665045,4284,322736543
4284,322983172,4284,323055597
4284,323295720,4284,323368142
4284,323608011,4284,323677996
4284,323917405,4284,323988327
4284,324239463,4284,324311255
4284,324550724,4284,324620016
4284,324859445,4284,324935584
4284,325175193,4284,325244845
4284,325484425,4284,325554140
4284,325793559,4284,325865418
4284,326104857,4284,326189053
4284,326441379,4284,326515651
4284,326756101,4284,326832856
4284,327072549,4284,327145840
4284,327385653,4284,327501900
4284,327749893,4284,327838375
4284,328083671,4284,328158940
4284,328399036,4284,328474492
4284,328716012,4284,328789021
4284,329029517,4284,329101643
4284,329341652,4284,329412448
4284,329652778,4284,329724760
4284,329965023,4284,330043165
4284,330282532,4284,330353020
4284,330592421,4284,330666776
4284,330906259,4284,330977994
4284,331217678,4284,331290703
4284,331530210,4284,331602012
4284,331842702,4284,331916197
4284,332159037,4284,332232236
4284,332471793,4284,332545819
4284,332785456,4284,332858051
4284,333097615,4284,333169527
4284,333409144,4284,333481183
4284,333721004,4284,333840890
4284,334088924,4284,334183640
4284,334424631,4284,334501187
4284,334748727,4284,334824009
4284,335063947,4284,335139893
4284,335380180,4284,335451705
4284,335691829,4284,335764457
4284,336008835,4284,336084664
4284,336366089,4284,336443494
4284,336683891,4284,336761870
4284,337002057,4284,337073852
4284,337313646,4284,337386194
4284,337625968,4284,337697690
4284,337937150,4284,338017109
4284,338256536,4284,338329761
4284,338569235,4284,338642214
4284,338881571,4284,338953619
4284,339193116,4284,339268608
4284,339508025,4284,339580321
4284,339819744,4284,339891523
4284,340141457,4284,340267947
4284,340516427,4284,340613180
4284,340854420,4284,340927109
4284,341167838,4284,341240970
4284,341481447,4284,341555716
4284,341795413,4284,341867668
4284,342107284,4284,342185130
4284,342425123,4284,342499765
4284,342739549,4284,342811841
4284,343051344,4284,343124166
4284,343363632,4284,343436934
4284,343676415,4284,343749660
4284,343989373,4284,344061492
4284,344301435,4284,344373587
4284,344613306,4284,344685228
4284,344924822,4284,344996911
4284,345236637,4284,345307525
4284,345546959,4284,345618341
4284,345857907,4284,345929266
4284,346169002,4284,346246191
4284,346485884,4284,346598714
4284,346846501,4284,346940023
4284,347181266,4284,347254552
4284,347495085,4284,347567100
4284,347814377,4284,347885329
4284,348137236,4284,348209471
4284,348449804,4284,348522262
4284,348762406,4284,348834994
4284,349081947,4284,349155636
4284,349395273,4284,349465781
4284,349705231,4284,349773206
4284,350012623,4284,350086945
4284,350326281,4284,350397343
4284,350636899,4284,350706631
4284,350946128,4284,351018447
4284,351264780,4284,351337232
4284,351576805,4284,351654467
4284,351893880,4284,351965982
4284,352222536,4284,352292634
4284,352539228,4284,352609193
4284,352855669,4284,352988236
4284,353236063,4284,353331409
4284,353572612,4284,353647644
4284,353888214,4284,353971773
4284,354211810,4284,354287685
4284,354535118,4284,354609377
4284,354849803,4284,354926012
4284,355166168,4284,355236690
4284,355476900,4284,355547206
4284,355786958,4284,355857510
4284,356107804,4284,356178646
4284,356418375,4284,356486427
4284,356726061,4284,356795839
4284,357035642,4284,357105414
4284,357345201,4284,357417870
4284,357657519,4284,357727758
4284,357967511,4284,358043277
4284,358282990,4284,358355332
4284,358594798,4284,358667330
4284,358906990,4284,358977195
4284,359216829,4284,359341352
4284,359589799,4284,359676961
4284,359918271,4284,359992760
4284,360233666,4284,360311579
4284,360552675,4284,360627277
4284,360867314,4284,360937936
4284,361177953,4284,361249355
4284,361489231,4284,361561610
4284,361801453,4284,361874912
4284,362114662,4284,362190934
4284,362430274,4284,362504966
4284,362744239,4284,362818628
4284,363058042,4284,363131080
4284,363370357,4284,363444209
4284,363683575,4284,363756811
4284,363996198,4284,364086633
4284,364326437,4284,364399522
4284,364648419,4284,364721088
4284,364960608,4284,365032237
4284,365271593,4284,365344528
4284,365583885,4284,365704212
4284,365952549,4284,366044651
4284,366286045,4284,366359947
4284,366600587,4284,366679949
4284,366919752,4284,366992631
4284,367232381,4284,367305966
4284,367545777,4284,367618382
4284,367858459,4284,367929711
4284,368189011,4284,368263127
4284,368502923,4284,368575305
4284,368815065,4284,368886297
4284,369125694,4284,369197862
4284,369437402,4284,369509021
4284,369748418,4284,369820650
4284,370060276,4284,370139565
4284,370378905,4284,370450303
4284,370689644,4284,370763692
4284,371003146,4284,371075661
4284,371314957,4284,371388923
4284,371628343,4284,371702832
4284,371942288,4284,372059775
4284,372307408,4284,372393861
4284,372635167,4284,372707469
4284,372947556,4284,373019528
4284,373259424,4284,373337266
4284,373577669,4284,373648451
4284,373895222,4284,373971567
4284,374218197,4284,374293349
4284,374532962,4284,374612595
4284,374852394,4284,374923116
4284,375162633,4284,375234498
4284,375481195,4284,375551903
4284,375791304,4284,375869479
4284,376126499,4284,376197771
4284,376437168,4284,376508996
4284,376748730,4284,376818575
4284,377058055,4284,377127263
4284,377373713,4284,377443672
4284,377690232,4284,377759607
4284,377999064,4284,378074956
4284,378314422,4284,378427786
4284,378671439,4284,378749941
4284,378990364,4284,379062773
4284,379302749,4284,379375555
4284,379615771,4284,379687783
4284,379928190,4284,379998028
4284,380307310,4284,380380282
4284,380620775,4284,380692317
4284,380939574,4284,381011346
4284,381251019,4284,381321648
4284,381561484,4284,381632956
4284,381872333,4284,381953355
4284,382193018,4284,382267747
4284,382507353,4284,382580072
4284,382819542,4284,382891407
4284,383130990,4284,383200499
4284,383439816,4284,383509671
4284,383749287,4284,383819226
4284,384062530,4284,384135585
4284,384375234,4284,384445963
4284,384685543,4284,384812870
4284,385061087,4284,385157780
4284,385399163,4284,385474172
4284,385714285,4284,385786257
4284,386026657,4284,386104896
4284,386345045,4284,386417861
4284,386657694,4284,386728843
4284,386968776,4284,387039068
4284,387278914,4284,387349693
4284,387589237,4284,387660052
4284,387899368,4284,387970387
4284,388213687,4284,388286479
4284,388526009,4284,388597204
4284,388836487,4284,388909729
4284,389149146,4284,389221535
4284,389461068,4284,389533507
4284,389772963,4284,389851522
4284,390090872,4284,390170198
4284,390409581,4284,390482006
4284,390721269,4284,390793421
4284,391032725,4284,391159435
4284,391407675,4284,391505308
4284,391746311,4284,391824700
4284,392070150,4284,392148949
4284,392389019,4284,392462054
4284,392702381,4284,392776503
4284,393039383,4284,393113439
4284,393353409,4284,393426494
4284,393666404,4284,393738796
4284,393978316,4284,394057435
4284,394297215,4284,394371777
4284,394611390,4284,394686373
4284,394925989,4284,394997098
4284,395236454,4284,395307580
4284,395546900,4284,395619612
4284,395859031,4284,395930280
4284,396179917,4284,396252149
4284,396491652,4284,396563114
4284,396802561,4284,396874829
4284,397114280,4284,397185585
4284,397424958,4284,397521914
4284,397764514,4284,397841776
4284,398081909,4284,398159755
4284,398399721,4284,398471367
4284,398712497,4284,398793209
4284,399033109,4284,399101684
4284,399340984,4284,399416719
4284,399663563,4284,399735958
4284,399975958,4284,400080721
4284,400320191,4284,400390583
4284,400629852,4284,400699718
4284,400939135,4284,401010380
4284,401249739,4284,401320355
4284,401559848,4284,401631447
4284,401870976,4284,401952946
4284,402199289,4284,402273601
4284,402520091,4284,402599113
4284,402838630,4284,402910932
4284,403157315,4284,403229790
4284,403469184,4284,403540542
4284,403779909,4284,403908269
4284,404159436,4284,404253225
4284,404493988,4284,404565910
4284,404805750,4284,404876019
4284,405116032,4284,405187737
4284,405428067,4284,405498506
4284,405738609,4284,405815028
4284,406061611,4284,406139837
4284,406379484,4284,406452129
4284,406698745,4284,406768164
4284,407007724,4284,407078523
4284,407317962,4284,407387467
4284,407633791,4284,407704403
4284,407950820,4284,408023839
4284,408270588,4284,408341024
4284,408580550,4284,408653856
4284,408893429,4284,408964254
4284,409210971,4284,409281716
4284,409521256,4284,409596932
4284,409843455,4284,409915334
4284,410161780,4284,410292161
4284,410540291,4284,410628120
4284,410868897,4284,410944282
4284,411184659,4284,411257777
4284,411505071,4284,411579036
4284,411818976,4284,411891911
4284,412136372,4284,412210417
4284,412450713,4284,412525099
4284,412764842,4284,412839737
4284,413079251,4284,413150823
4284,413397806,4284,413473759
4284,413720209,4284,413794234
4284,414033564,4284,414117753
4284,414357073,4284,414429801
4284,414676172,4284,414749857
4284,414996187,4284,415067883
4284,415307216,4284,415378748
4284,415618128,4284,415695126
4284,415934520,4284,416012475
4284,416252168,4284,416323114
4284,416562914,4284,416687990
4284,416936124,4284,417024903
4284,417266193,4284,417342012
4284,417582352,4284,417655517
4284,417895891,4284,417975469
4284,418215222,4284,418300452
4284,418540438,4284,418614480
4284,418854343,4284,418926469
4284,419166105,4284,419238594
4284,419478250,4284,419549169
4284,419789506,4284,419860878
4284,420127418,4284,420199294
4284,420438597,4284,420507509
4284,420747152,4284,420816871
4284,421056347,4284,421126079
4284,421374419,4284,421446995
4284,421686698,4284,421756470
4284,421996206,4284,422074599
4284,422313945,4284,422388900
4284,422628317,4284,422707179
4284,422946646,4284,423038312
4284,423281085,4284,423358987
4284,423599131,4284,423673496
4284,423913389,4284,423986548
4284,424233551,4284,424307917
4284,424548357,4284,424621369
4284,424861465,4284,424934104
4284,425174087,4284,425247463
4284,425487732,4284,425561958
4284,425808531,4284,425879030
4284,426125490,4284,426201109
4284,426440552,4284,426512184
4284,426751567,4284,426830073
4284,427069489,4284,427138105
4284,427384351,4284,427459604
4284,427698956,4284,427768975
4284,428032419,4284,428109288
4284,428348861,4284,428421113
4284,428667610,4284,428737445
4284,428976842,4284,429045000
4284,429284607,4284,429412174
4284,429659854,4284,429753537
4284,429994663,4284,430075322
4284,430316112,4284,430389537
4284,430629617,4284,430702369
4284,430949019,4284,431020591
4284,431260118,4284,431331646
4284,431578433,4284,431649759
4284,431889432,4284,431961781
4284,432204977,4284,432277999
4284,432524809,4284,432595388
4284,432842042,4284,432914360
4284,433161097,4284,433231409
4284,433471122,4284,433541601
4284,433781254,4284,433854326
4284,434100906,4284,434178775
4284,434425321,4284,434497247
4284,434736844,4284,434811432
4284,435051072,4284,435123581
4284,435363194,4284,435435329
4284,435675159,4284,435803569
4284,436055176,4284,436153366
4284,436394612,4284,436469584
4284,436709874,4284,436786600
4284,437026453,4284,437099872
4284,437340082,4284,437412370
4284,437652297,4284,437724286
4284,437964079,4284,438045151
4284,438291825,4284,438372860
4284,438612500,4284,438685965
4284,438925345,4284,438996344
4284,439235637,4284,439307703
4284,439554106,4284,439626168
4284,439872685,4284,439944543
4284,440187394,4284,440262309
4284,440508929,4284,440580214
4284,440819857,4284,440893299
4284,441139643,4284,441212298
4284,441451658,4284,441523870
4284,441770090,4284,441842405
4284,442088816,4284,442222643
4284,442470820,4284,442560962
4284,442801965,4284,442878984
4284,443119264,4284,443196149
4284,443436133,4284,443510555
4284,443751082,4284,443822700
4284,444074610,4284,444150356
4284,444390572,4284,444464677
4284,444704764,4284,444778683
4284,445018376,4284,445091078
4284,445330761,4284,445403373
4284,445642880,4284,445716152
4284,445955828,4284,446033234
4284,446272591,4284,446345209
4284,446584479,4284,446657217
4284,446896638,4284,446968860
4284,447208269,4284,447280065
4284,447519455,4284,447593980
4284,447833493,4284,447906305
4284,448156029,4284,448227144
4284,448466537,4284,448571687
4284,448819207,4284,448907243
4284,449148596,4284,449222358
4284,449462168,4284,449533376
4284,449797394,4284,449871306
4284,450111609,4284,450189721
4284,450429738,4284,450502280
4284,450741743,4284,450810632
4284,451049858,4284,451130274
4284,451369811,4284,451441433
4284,451680735,4284,451754514
4284,451993971,4284,452094400
4284,452334243,4284,452412746
4284,452652209,4284,452723931
4284,452963291,4284,453035846
4284,453275189,4284,453346735
4284,453586481,4284,453658800
4284,453898266,4284,453975129
4284,454214532,4284,454288031
4284,454527581,4284,454600566
4284,454839926,4284,454967889
4284,455215583,4284,455303582
4284,455544875,4284,455619657
4284,455860000,4284,455931682
4284,456175763,4284,456246071
4284,456486174,4284,456557080
4284,456796886,4284,456867258
4284,457106715,4284,457175477
4284,457415017,4284,457487752
4284,457727212,4284,457796870
4284,458036464,4284,458116382
4284,458355886,4284,458428095
4284,458667601,4284,458739160
4284,458978630,4284,459049538
4284,459288941,4284,459364064
4284,459603623,4284,459676812
4284,459916252,4284,459987594
4284,460229757,4284,460299079
4284,460538549,4284,460610095
4284,460849568,4284,460918186
4284,461157826,4284,461286033
4284,461534280,4284,461630086
4284,461871866,4284,461962068
4284,462202082,4284,462279634
4284,462520277,4284,462601756
4284,462841922,4284,462914208
4284,463154018,4284,463226343
4284,463466293,4284,463540312
4284,463779862,4284,463854864
4284,464098674,4284,464173153
4284,464419756,4284,464491451
4284,464737988,4284,464810417
4284,465049870,4284,465121359
4284,465360605,4284,465432584
4284,465671944,4284,465744992
4284,465984462,4284,466059218
4284,466298641,4284,466370503
4284,466610050,4284,466682555
4284,466921875,4284,466995523
4284,467234797,4284,467306749
4284,467546082,4284,467670439
4284,467918606,4284,468023352
4284,468266348,4284,468342167
4284,468582557,4284,468654559
4284,468894762,4284,468968541
4284,469208757,4284,469282400
4284,469529440,4284,469600692
4284,469840762,4284,469911507
4284,470151597,4284,470227952
4284,470467456,4284,470541151
4284,470780664,4284,470853836
4284,471093123,4284,471165761
4284,471405185,4284,471477974
4284,471717326,4284,471787995
4284,472037505,4284,472112764
4284,472354394,4284,472426376
4284,472665633,4284,472737741
4284,472977228,4284,473052670
4284,473292180,4284,473365999
4284,473605298,4284,473676070
4284,473915481,4284,474028410
4284,474276134,4284,474364916
4284,474606160,4284,474681895
4284,474921825,4284,474993633
4284,475234117,4284,475308635
4284,475548439,4284,475618177
4284,475857554,4284,475928262
4284,476173079,4284,476244158
4284,476483734,4284,476552866
4284,476792476,4284,476862388
4284,477101721,4284,477171833
4284,477411450,4284,477480872
4284,477720278,4284,477797334
4284,478045691,4284,478123913
4284,478364203,4284,478438148
4284,478677642,4284,478749924
4284,478989283,4284,479060712
4284,479299965,4284,479372197
4284,479611517,4284,479681569
4284,479920966,4284,479993011
4284,480233764,4284,480334537
4284,480577884,4284,480657159
4284,480897539,4284,480969268
4284,481209224,4284,481284073
4284,481523896,4284,481594435
4284,481834702,4284,481905573
4284,482145597,4284,482222915
4284,482462866,4284,482537631
4284,482777901,4284,482850806
4284,483090303,4284,483162155
4284,483401881,4284,483471260
4284,483710656,4284,483781852
4284,484024252,4284,484095914
4284,484335353,4284,484407322
4284,484646726,4284,484716308
4284,484956137,4284,485026152
4284,485265429,4284,485335495
4284,485575011,4284,485644636
4284,485884243,4284,485962232
4284,486201662,4284,486274350
4284,486513920,4284,486638084
4284,486886270,4284,486975833
4284,487217040,4284,487290965
4284,487531308,4284,487604880
4284,487845260,4284,487915699
4284,488167172,4284,488241188
4284,488481274,4284,488553213
4284,488793253,4284,488863485
4284,489110335,4284,489188891
4284,489428457,4284,489500349
4284,489740412,4284,489810591
4284,490050384,4284,490124733
4284,490364213,4284,490438611
4284,490677972,4284,490750764
4284,490990276,4284,491062635
4284,491301942,4284,491372684
4284,491612064,4284,491689756
4284,491929032,4284,492020095
4284,492259935,4284,492335330
4284,492574814,4284,492647356
4284,492886605,4284,493021169
4284,493269446,4284,493364545
4284,493605558,4284,493679710
4284,493919824,4284,494001629
4284,494249000,4284,494324432
4284,494564482,4284,494638940
4284,494878550,4284,494950495
4284,495190512,4284,495263444
4284,495503184,4284,495577003
4284,495816636,4284,495889085
4284,496154235,4284,496228631
4284,496468117,4284,496541589
4284,496781056,4284,496853885
4284,497093344,4284,497175250
4284,497414943,4284,497488019
4284,497727642,4284,497799834
4284,498039120,4284,498116402
4284,498355856,4284,498430881
4284,498670405,4284,498744530
4284,498983870,4284,499057405
4284,499296939,4284,499412018
4284,499659619,4284,499747647
4284,499988741,4284,500065206
4284,500306526,4284,500380585
4284,500621168,4284,500697940
4284,500938197,4284,501008796
4284,501248865,4284,501336588
4284,501576324,4284,501649106
4284,501888633,4284,501977519
4284,502217062,4284,502289667
4284,502529104,4284,502601079
4284,502840612,4284,502911311
4284,503150731,4284,503222810
4284,503462236,4284,503535238
4284,503774942,4284,503847190
4284,504103834,4284,504177659
4284,504417259,4284,504497582
4284,504737025,4284,504810100
4284,505049387,4284,505120205
4284,505359665,4284,505429750
4284,505669070,4284,505796214
4284,506044234,4284,506138727
4284,506391627,4284,506468149
4284,506708666,4284,506780964
4284,507021507,4284,507092979
4284,507333493,4284,507403708
4284,507643958,4284,507715990
4284,507956443,4284,508034042
4284,508274315,4284,508344951
4284,508584717,4284,508655579
4284,508895276,4284,508965841
4284,509205264,4284,509277053
4284,509516480,4284,509590362
4284,509830021,4284,509902813
4284,510142480,4284,510218902
4284,510458286,4284,510531771
4284,510771230,4284,510843682
4284,511083536,4284,511157171
4284,511396918,4284,511468966
4284,511708370,4284,511779712
4284,512022099,4284,512155665
4284,512403969,4284,512498788
4284,512740011,4284,512813973
4284,513054233,4284,513127342
4284,513367686,4284,513447984
4284,513688044,4284,513763610
4284,514010063,4284,514087569
4284,514327558,4284,514402174
4284,514642111,4284,514714569
4284,514953872,4284,515026824
4284,515266424,4284,515336870
4284,515583073,4284,515655065
4284,515894521,4284,515972204
4284,516221997,4284,516294559
4284,516534086,4284,516606081
4284,516845454,4284,516918339
4284,517157730,4284,517227702
4284,517467391,4284,517537850
4284,517777173,4284,517850019
4284,518098635,4284,518173904
4284,518413347,4284,518542111
4284,518790211,4284,518885817
4284,519126964,4284,519202886
4284,519443079,4284,519515627
4284,519755681,4284,519828783
4284,520080970,4284,520155498
4284,520395628,4284,520468520
4284,520708747,4284,520782019
4284,521028919,4284,521103061
4284,521342848,4284,521417096
4284,521657026,4284,521727838
4284,521967468,4284,522042870
4284,522282367,4284,522355252
4284,522594739,4284,522666564
4284,522906001,4284,522978226
4284,523217632,4284,523291328
4284,523530885,4284,523603377
4284,523843033,4284,523914861
4284,524164435,4284,524239260
4284,524478721,4284,524553873
4284,524793512,4284,524901422
4284,525149132,4284,525237928
4284,525478991,4284,525554900
4284,525795117,4284,525869499
4284,526116936,4284,526204208
4284,526444301,4284,526516730
4284,526763917,4284,526835089
4284,527074512,4284,527144507
4284,527384124,4284,527454482
4284,527693832,4284,527764721
4284,528022688,4284,528095526
4284,528334230,4284,528405742
4284,528644355,4284,528719990
4284,528958494,4284,529027022
4284,529265522,4284,529336301
4284,529574941,4284,529644063
4284,529882452,4284,529966435
4284,530211748,4284,530282760
4284,530528183,4284,530600699
4284,530839082,4284,530907167
4284,531145594,4284,531282721
4284,531530551,4284,531623253
4284,531864554,4284,531938512
4284,532182132,4284,532253711
4284,532494154,4284,532566673
4284,532807296,4284,532877415
4284,533117058,4284,533187773
4284,533427927,4284,533498285
4284,533738608,4284,533809850
4284,534049410,4284,534125129
4284,534364836,4284,534438468
4284,534702385,4284,534777067
4284,535016787,4284,535088229
4284,535327982,4284,535399357
4284,535639001,4284,535711990
4284,535951626,4284,536025551
4284,536265081,4284,536336577
4284,536576116,4284,536645875
4284,536885372,4284,536954870
4284,537194357,4284,537267872
4284,537507382,4284,537627299
4284,537875569,4284,537969592
4284,538210625,4284,538287177
4284,538527613,4284,538600125
4284,538840306,4284,538915221
4284,539155547,4284,539228616
4284,539468399,4284,539542728
4284,539782828,4284,539855847
4284,540100350,4284,540172132
4284,540411645,4284,540485644
4284,540725921,4284,540794852
4284,541034259,4284,541105641
4284,541345124,4284,541415043
4284,541654479,4284,541727408
4284,541966658,4284,542044740
4284,542284210,4284,542357979
4284,542597485,4284,542669214
4284,542908674,4284,542982413
4284,543221819,4284,543294848
4284,543534015,4284,543612117
4284,543851700,4284,543971007
4284,544222910,4284,544311522
4284,544552556,4284,544624175
4284,544865108,4284,544940246
4284,545180516,4284,545254525
4284,545494599,4284,545566554
4284,545806573,4284,545880282
4284,546120089,4284,546196804
4284,546436494,4284,546511270
4284,546750619,4284,546823285
4284,547062862,4284,547135440
4284,547374733,4284,547448242
4284,547687525,4284,547758971
4284,547998411,4284,548093050
4284,548332870,4284,548405699
4284,548645102,4284,548717107
4284,548956530,4284,549029576
4284,549276243,4284,549347464
4284,549586771,4284,549660859
4284,549900370,4284,549976362
4284,550215955,4284,550321084
4284,550569154,4284,550658094
4284,550899684,4284,550974849
4284,551215236,4284,551287178
4284,551534625,4284,551607363
4284,551847420,4284,551917892
4284,552176722,4284,552250494
4284,552490637,4284,552562559
4284,552803706,4284,552875575
4284,553115334,4284,553186513
4284,553426023,4284,553497199
4284,553736615,4284,553807690
4284,554046990,4284,554129512
4284,554369046,4284,554442855
4284,554682158,4284,554754783
4284,555001013,4284,555073632
4284,555320029,4284,555400024
4284,555639291,4284,555710689
4284,555949949,4284,556037595
4284,556277228,4284,556348370
4284,556587830,4284,556706570
4284,556954947,4284,557045449
4284,557286716,4284,557361698
4284,557601945,4284,557674030
4284,557914566,4284,557992052
4284,558232369,4284,558306141
4284,558546247,4284,558618916
4284,558859156,4284,558929468
4284,559169545,4284,559242453
4284,559482023,4284,559552732
4284,559792472,4284,559862280
4284,560105564,4284,560177369
4284,560417209,4284,560489801
4284,560729384,4284,560799436
4284,561039229,4284,561109834
4284,561349301,4284,561420070
4284,561659526,4284,561728915
4284,561968532,4284,562042997
4284,562282580,4284,562354762
4284,562594369,4284,562666027
4284,562923038,4284,563048321
4284,563296894,4284,563383741
4284,563625190,4284,563700152
4284,563940246,4284,564025655
4284,564265921,4284,564340267
4284,564580620,4284,564654229
4284,564893885,4284,564967960
4284,565207887,4284,565279246
4284,565518836,4284,565590594
4284,565830091,4284,565901296
4284,566147877,4284,566225849
4284,566466062,4284,566539670
4284,566786444,4284,566867783
4284,567107096,4284,567179511
4284,567418985,4284,567489840
4284,567729156,4284,567801415
4284,568042955,4284,568116521
4284,568355807,4284,568425386
4284,568664832,4284,568736954
4284,568976354,4284,569047373
4284,569286873,4284,569417573
4284,569666083,4284,569760439
4284,570001929,4284,570082888
4284,570322968,4284,570405500
4284,570652390,4284,570727176
4284,570967522,4284,571042261
4284,571282234,4284,571365413
4284,571605227,4284,571678345
4284,571918415,4284,571991277
4284,572261951,4284,572336740
4284,572576346,4284,572647432
4284,572886882,4284,572959557
4284,573199287,4284,573273286
4284,573512645,4284,573584287
4284,573823511,4284,573895266
4284,574141970,4284,574223625
4284,574462928,4284,574534397
4284,574773797,4284,574845792
4284,575085242,4284,575158798
4284,575398064,4284,575470493
4284,575716990,4284,575822199
4284,576073966,4284,576162445
4284,576403932,4284,576477951
4284,576718284,4284,576788772
4284,577029049,4284,577101704
4284,577342041,4284,577414450
4284,577661163,4284,577732961
4284,577979905,4284,578059674
4284,578299314,4284,578380119
4284,578619496,4284,578692161
4284,578931598,4284,579012603
4284,579258943,4284,579330259
4284,579569609,4284,579647258
4284,579893475,4284,579964616
4284,580221137,4284,580299042
4284,580538879,4284,580610271
4284,580849761,4284,580920406
4284,581166763,4284,581237241
4284,581483538,4284,581554040
4284,581793400,4284,581863319
4284,582109525,4284,582247912
4284,582496056,4284,582593112
4284,582834439,4284,582908161
4284,583148224,4284,583220789
4284,583461013,4284,583535475
4284,583776391,4284,583848963
4284,584093200,4284,584169852
4284,584409605,4284,584480811
4284,584721294,4284,584792682
4284,585032522,4284,585101951
4284,585341601,4284,585411229
4284,585651093,4284,585722365
4284,585961951,4284,586038856
4284,586278673,4284,586352358
4284,586591845,4284,586666507
4284,586906283,4284,586976805
4284,587216469,4284,587289644
4284,587529537,4284,587601306
4284,587842319,4284,587913321
4284,588155574,4284,588227166
4284,588466910,4284,588593586
4284,588841696,4284,588931659
4284,589172672,4284,589248648
4284,589488864,4284,589560156
4284,589800583,4284,589873145
4284,590113405,4284,590190794
4284,590430337,4284,590503252
4284,590743356,4284,590815934
4284,591062818,4284,591134433
4284,591399270,4284,591474693
4284,591714759,4284,591789144
4284,592033538,4284,592108636
4284,592348267,4284,592423239
4284,592662932,4284,592738600
4284,592978000,4284,593049066
4284,593288406,4284,593361608
4284,593600904,4284,593672043
4284,593911530,4284,593989028
4284,594228461,4284,594299010
4284,594538340,4284,594609905
4284,594849469,4284,594981005
4284,595229289,4284,595323338
4284,595564478,4284,595638733
4284,595879234,4284,595953549
4284,596205926,4284,596281631
4284,596521828,4284,596594823
4284,596834910,4284,596907552
4284,597147465,4284,597218634
4284,597458613,4284,597530559
