4304,558279257,4304,558434576
4304,559321246,4304,559535570
4304,560384869,4304,560597502
4304,561434234,4304,561644547
4304,562489683,4304,562730409
4304,563575462,4304,563788752
4304,564623369,4304,564793375
4304,565596509,4304,565738481
4304,566539445,4304,566692034
4304,567493191,4304,567649117
4304,568453768,4304,568573761
4304,569374362,4304,569516339
4304,570316779,4304,570422635
4304,571223150,4304,571448342
4304,572252509,4304,572404210
4304,573204799,4304,573350493
4304,574150885,4304,574286648
4304,575087107,4304,575243728
4304,576076384,4304,576316437
4304,577152624,4304,577355052
4304,578165442,4304,578333123
4304,579142692,4304,579288219
4304,580114796,4304,580257786
4304,581058672,4304,581219279
4304,582019912,4304,582153655
4304,582954221,4304,583101415
4304,583901244,4304,584040145
4304,584840716,4304,584980986
4304,585781354,4304,585922164
4304,586722465,4304,586859002
4304,587666450,4304,587820185
4304,588637476,4304,588762297
4304,589562643,4304,589685856
4304,590486272,4304,590628716
4304,591429049,4304,591569607
4304,592380490,4304,592506634
4304,593306331,4304,593448438
4304,594248039,4304,594369942
4304,595176473,4304,595393623
4304,596236744,4304,596439616
4304,597257823,4304,597420681
4304,598223791,4304,598382855
4304,599191045,4304,599399548
4304,600251095,4304,600474411
4304,601303594,4304,601515443
4304,602345223,4304,602575263
4304,603405355,4304,603622291
4304,604477218,4304,604663630
4304,605468645,4304,605607945
4304,606408833,4304,606560261
4304,607361443,4304,607514943
4304,608340249,4304,608882297
4304,609683098,4304,609830469
4304,610631154,4304,610797855
4304,611598627,4304,611743330
4304,612568243,4304,612728070
4304,613536269,4304,613670386
4304,614470774,4304,614635675
4304,615442950,4304,615602241
4304,616433663,4304,616576911
4304,617377149,4304,617510013
4304,618309722,4304,618497397
4304,619337593,4304,619557086
4304,620411846,4304,620603875
4304,621418274,4304,621579522
4304,622382377,4304,622525661
4304,623326394,4304,623471378
4304,624289107,4304,624410187
4304,625211396,4304,625353280
4304,626153982,4304,626292496
4304,627092382,4304,627241469
4304,628058095,4304,628184812
4304,628985627,4304,629127704
4304,629928380,4304,630055090
4304,630855622,4304,630997233
4304,631797675,4304,631943975
4304,632760454,4304,632878978
4304,633678843,4304,633822410
4304,634622199,4304,634779563
4304,635579225,4304,635728792
4304,636553282,4304,636678155
4304,637477790,4304,637664399
4304,638491655,4304,638705091
4304,639518229,4304,639704934
4304,640530817,4304,640674368
4304,641475690,4304,641603923
4304,642404789,4304,642546936
4304,643347578,4304,643497009
4304,644323261,4304,644465645
4304,645266351,4304,645407811
4304,646240671,4304,646376965
4304,647177750,4304,647325741
4304,648143414,4304,648278544
4304,649079013,4304,649188346
4304,649995685,4304,650093827
4304,650893593,4304,651037353
4304,651837655,4304,651985779
4304,652803292,4304,652939402
4304,653739861,4304,653890445
4304,654690094,4304,654839301
4304,655639047,4304,655786527
4304,656602860,4304,656800769
4304,657625541,4304,657837833
4304,658650689,4304,658841335
4304,659644377,4304,659818655
4304,660652228,4304,660784418
4304,661585433,4304,661727437
4304,662528096,4304,662677450
4304,663478012,4304,663652660
4304,664457172,4304,664564002
4304,665364667,4304,665512355
4304,666312030,4304,666448154
4304,667248509,4304,667416044
4304,668220749,4304,668317392
4304,669117697,4304,669273872
4304,670074140,4304,670206897
4304,671006516,4304,671159587
4304,671959172,4304,672099859
4304,672900008,4304,673045955
4304,673846187,4304,674013598
4304,674814014,4304,674984795
4304,675785081,4304,675993973
4304,676881904,4304,677085680
4304,677898639,4304,678062076
4304,678877829,4304,679052284
4304,679853786,4304,680029427
4304,680861567,4304,680983260
4304,681784089,4304,681932616
4304,682733222,4304,682872436
4304,683672891,4304,683837232
4304,684668958,4304,684835360
4304,685642798,4304,685796939
4304,686599504,4304,686731958
4304,687532540,4304,687695171
4304,688519367,4304,688661161
4304,689467840,4304,689607247
4304,690406716,4304,690550467
4304,691357062,4304,691498166
4304,692303188,4304,692421811
4304,693222140,4304,693368314
4304,694168033,4304,694283313
4304,695089888,4304,695316104
4304,696167984,4304,696344392
4304,697164722,4304,697340847
4304,698143636,4304,698259125
4304,699060064,4304,699215481
4304,700041241,4304,700169014
4304,700976627,4304,701103243
4304,701903932,4304,702046376
4304,702846378,4304,702992842
4304,703792491,4304,703927485
4304,704744727,4304,704895911
4304,705703250,4304,705851351
4304,706651650,4304,706802324
4304,707602509,4304,707742246
4304,708552525,4304,708668838
4304,709469150,4304,709592364
4304,710392066,4304,710522289
4304,711321878,4304,711469125
4304,712272134,4304,712389821
4304,713189419,4304,713329346
4304,714128965,4304,714304023
4304,715126823,4304,715348365
4304,716193468,4304,716366277
4304,717175705,4304,717327660
4304,718129125,4304,718272032
4304,719072788,4304,719229649
4304,720047734,4304,720183348
4304,720984037,4304,721117877
4304,721917876,4304,722059370
4304,722859012,4304,723007203
4304,723807645,4304,723928545
4304,724745950,4304,724882224
4304,725682679,4304,725842221
4304,726641890,4304,726775376
4304,727575002,4304,727743030
4304,728543572,4304,728678499
4304,729478874,4304,729630378
4304,730430674,4304,730579418
4304,731395934,4304,731567912
4304,732370620,4304,732509724
4304,733310253,4304,733498275
4304,734325227,4304,734534863
4304,735348089,4304,735526344
4304,736355877,4304,736517214
4304,737318203,4304,737443887
4304,738244499,4304,738394543
4304,739195088,4304,739368756
4304,740186232,4304,740330496
4304,741130671,4304,741283082
4304,742082791,4304,742241695
4304,743042337,4304,743198208
4304,743998590,4304,744183499
4304,744984167,4304,745140712
4304,745940370,4304,746074294
4304,746874416,4304,747289704
4304,748107470,4304,748270505
4304,749070673,4304,749231404
4304,750030986,4304,750182543
4304,750982155,4304,751144274
4304,751943806,4304,752105026
4304,752910155,4304,753132241
4304,753964464,4304,754182487
4304,754998956,4304,755195261
4304,756041158,4304,756220346
4304,757023248,4304,757173289
4304,757974188,4304,758115355
4304,758915960,4304,759085288
4304,759893004,4304,760047902
4304,760848537,4304,760969360
4304,761769806,4304,761893022
4304,762693378,4304,762853099
4304,763653544,4304,763808568
4304,764647448,4304,764790539
4304,765590504,4304,765722741
4304,766529343,4304,766686541
4304,767486273,4304,767644134
4304,768461200,4304,768588593
4304,769388268,4304,769517929
4304,770324534,4304,770481512
4304,771281337,4304,771434115
4304,772236920,4304,772435999
4304,773261018,4304,773451827
4304,774271340,4304,774394623
4304,775196108,4304,775352026
4304,776163802,4304,776272811
4304,777073580,4304,777221457
4304,778021469,4304,778134176
4304,778933954,4304,779106759
4304,779907195,4304,780058412
4304,780865737,4304,780992264
4304,781792480,4304,781925913
4304,782726225,4304,782876313
4304,783676638,4304,783831209
4304,784648245,4304,784735817
4304,785544363,4304,785698120
4304,786505486,4304,786648160
4304,787448465,4304,787602396
4304,788419412,4304,788554442
4304,789354474,4304,789493695
4304,790293187,4304,790436751
4304,791243356,4304,791504203
4304,792326366,4304,792481204
4304,793290526,4304,793424143
4304,794225472,4304,794346718
4304,795147287,4304,795299998
4304,796117970,4304,796252650
4304,797053212,4304,797176373
4304,797976885,4304,798096668
4304,798897087,4304,799057558
4304,799858146,4304,799985703
4304,800802962,4304,800938896
4304,801739331,4304,801881782
4304,802682331,4304,802801177
4304,803600856,4304,803744760
4304,804561236,4304,804703550
4304,805503192,4304,805626872
4304,806426484,4304,806559448
4304,807358973,4304,807505524
4304,808308729,4304,808432755
4304,809232354,4304,809374458
4304,810173963,4304,810366519
4304,811183111,4304,811364376
4304,812175178,4304,812332473
4304,813133888,4304,813264745
4304,814065377,4304,814191681
4304,814992326,4304,815157147
4304,815957739,4304,816115750
4304,816940509,4304,817094767
4304,817895622,4304,818060244
4304,818860686,4304,819039364
4304,819839676,4304,819990547
4304,820815290,4304,820971857
4304,821772429,4304,821917576
4304,822717158,4304,822867359
4304,823666724,4304,823842376
4304,824658612,4304,824779059
4304,825578644,4304,825739888
4304,826540223,4304,826698488
4304,827498833,4304,827668221
4304,828477600,4304,828621924
4304,829422263,4304,829620338
4304,830434164,4304,830591442
4304,831400677,4304,831558548
4304,832392641,4304,832530988
4304,833331810,4304,833446413
4304,834247449,4304,834372132
4304,835179715,4304,835323085
4304,836146944,4304,836295498
4304,837102464,4304,837220664
4304,838020379,4304,838158540
4304,838958315,4304,839106839
4304,839907441,4304,840080316
4304,840905092,4304,841024792
4304,841825281,4304,841964605
4304,842764837,4304,842918704
4304,843719040,4304,843849724
4304,844673573,4304,844811713
4304,845618339,4304,845764499
4304,846564061,4304,846694005
4304,847493667,4304,847654915
4304,848463730,4304,848651846
4304,849484642,4304,849692350
4304,850514490,4304,850695698
4304,851509224,4304,851681589
4304,852522672,4304,852636938
4304,853437733,4304,853572390
4304,854372589,4304,854524340
4304,855324982,4304,855475836
4304,856283631,4304,856386084
4304,857186490,4304,857322860
4304,858123399,4304,858241825
4304,859042281,4304,859204669
4304,860036492,4304,860164695
4304,860965027,4304,861108545
4304,861915894,4304,862018833
4304,862826242,4304,862989596
4304,863789485,4304,863923089
4304,864739278,4304,864864838
4304,865671500,4304,865790420
4304,866590149,4304,866728723
4304,867535448,4304,867797329
4304,868620501,4304,868804046
4304,869612938,4304,869765199
4304,870566388,4304,870719186
4304,871520085,4304,871679889
4304,872490618,4304,872628205
4304,873435890,4304,873573577
4304,874373576,4304,874521673
4304,875322045,4304,875464736
4304,876290169,4304,876430766
4304,877231262,4304,877374549
4304,878182011,4304,878301007
4304,879108493,4304,879256214
4304,880058293,4304,880184896
4304,880984658,4304,881124105
4304,881924531,4304,882045494
4304,882852906,4304,882991016
4304,883790758,4304,883922249
4304,884736954,4304,884875598
4304,885675390,4304,885796480
4304,886596859,4304,886729603
4304,887555592,4304,887785432
4304,888622398,4304,888787766
4304,889596732,4304,889762496
4304,890563778,4304,890717916
4304,891518518,4304,891681025
4304,892514145,4304,892649526
4304,893450121,4304,893602368
4304,894402374,4304,894553358
4304,895353633,4304,895518935
4304,896336300,4304,896491641
4304,897292056,4304,897433634
4304,898233926,4304,898349399
4304,899156441,4304,899311322
4304,900127928,4304,900290126
4304,901089768,4304,901236418
4304,902044274,4304,902164004
4304,902972429,4304,903117837
4304,903918276,4304,904070283
4304,904870615,4304,905004579
4304,905804831,4304,906008073
4304,906829292,4304,907069189
4304,907884678,4304,908087767
4304,908901279,4304,909059837
4304,909868195,4304,910024003
4304,910831682,4304,910980820
4304,911781312,4304,911935789
4304,912760839,4304,912907873
4304,913708601,4304,913848945
4304,914649414,4304,914792108
4304,915599427,4304,915771505
4304,916602911,4304,916744611
4304,917545150,4304,917671447
4304,918471902,4304,918631887
4304,919432695,4304,919588343
4304,920398939,4304,920509502
4304,921309084,4304,921405756
4304,922212322,4304,922344379
4304,923143927,4304,923300029
4304,924108877,4304,924232957
4304,925032676,4304,925210657
4304,926051614,4304,926287804
4304,927105286,4304,927287265
4304,928139708,4304,928269452
4304,929071214,4304,929215021
4304,930015776,4304,930149300
4304,930957025,4304,931106686
4304,931907285,4304,932059383
4304,932867218,4304,933009252
4304,933809964,4304,933956612
4304,934757144,4304,934884310
4304,935684762,4304,935845510
4304,936653159,4304,936795066
4304,937611505,4304,937727198
4304,938526834,4304,938660861
4304,939460489,4304,939614934
4304,940432090,4304,940551689
4304,941359098,4304,941475315
4304,942275137,4304,942431655
4304,943238337,4304,943393894
4304,944195090,4304,944368991
4304,945191174,4304,945407140
4304,946220232,4304,946379910
4304,947189776,4304,947342623
4304,948183543,4304,948314040
4304,949114728,4304,949240225
4304,950040834,4304,950152630
4304,950953109,4304,951101803
4304,951901715,4304,952044865
4304,952868578,4304,952995048
4304,953795510,4304,953921057
4304,954721473,4304,954865847
4304,955666042,4304,955814806
4304,956632022,4304,956780209
4304,957580611,4304,957690667
4304,958491069,4304,958627413
4304,959434775,4304,959584270
4304,960401512,4304,960543873
4304,961344101,4304,961490155
4304,962289994,4304,962433815
4304,963240483,4304,963453193
4304,964279355,4304,964461867
4304,965274976,4304,965438207
4304,966246903,4304,966395484
4304,967196792,4304,967348860
4304,968150098,4304,968267595
4304,969068294,4304,969216484
4304,970016996,4304,970160850
4304,970960829,4304,971084376
4304,971884721,4304,972050079
4304,972850618,4304,972998015
4304,973798507,4304,973963672
4304,974763794,4304,974924035
4304,975723787,4304,975877198
4304,976693913,4304,976830931
4304,977630696,4304,977754269
4304,978554064,4304,978702172
4304,979501840,4304,979670979
4304,980479891,4304,980609908
4304,981409597,4304,981554364
4304,982354086,4304,982560458
4304,983384587,4304,983609257
4304,984424956,4304,984577070
4304,985385626,4304,985532897
4304,986334292,4304,986490993
4304,987307559,4304,987451510
4304,988291966,4304,988444881
4304,989245639,4304,989378036
4304,990177941,4304,990312548
4304,991113077,4304,991263621
4304,992088221,4304,992225888
4304,993026223,4304,993166410
4304,993966722,4304,994096916
4304,994896824,4304,995033678
4304,995833194,4304,995982051
4304,996790573,4304,996916260
4304,997716466,4304,997848032
4304,998648211,4304,998783768
4304,999584017,4304,999738064
4305,000562450,4305,000667377
4305,001467362,4305,001689935
4305,002520404,4305,002696093
4305,003499405,4305,003651719
4305,004463077,4305,004569060
4305,005369992,4305,005501603
4305,006302205,4305,006430185
4305,007230820,4305,007372077
4305,008204657,4305,008329627
4305,009137360,4305,009262566
4305,010062431,4305,010209286
4305,011009128,4305,011166035
4305,011966681,4305,012115598
4305,012916624,4305,013048174
4305,013847939,4305,013987686
4305,014794448,4305,014940232
4305,015740584,4305,015878101
4305,016688611,4305,016805344
4305,017605279,4305,017729216
4305,018528831,4305,018684522
4305,019484187,4305,019631005
4305,020454931,4305,020636116
4305,021461635,4305,021657820
4305,022471020,4305,022648764
4305,023451830,4305,023608128
4305,024434734,4305,024556000
4305,025363542,4305,025506716
4305,026307032,4305,026456956
4305,027257131,4305,027414605
4305,028231768,4305,028366718
4305,029167041,4305,029297694
4305,030097226,4305,030214672
4305,031021785,4305,031164079
4305,031964087,4305,032102571
4305,032902236,4305,033044210
4305,033843415,4305,033968619
4305,034767821,4305,034929675
4305,035736508,4305,035868675
4305,036700544,4305,036824694
4305,037624896,4305,037754193
4305,038553729,4305,038685705
4305,039485114,4305,039736194
4305,040567107,4305,040726795
4305,041535901,4305,041693755
4305,042495317,4305,042644931
4305,043445606,4305,043615748
4305,044418950,4305,044540670
4305,045341202,4305,045504013
4305,046311362,4305,046471580
4305,047271965,4305,047421829
4305,048226598,4305,048345478
4305,049145430,4305,049295510
4305,050095942,4305,050234283
4305,051034568,4305,051198663
4305,051998485,4305,052204504
4305,053004979,4305,053160077
4305,053959799,4305,054099809
4305,054900255,4305,055054832
4305,055855264,4305,056033569
4305,056841408,4305,056978359
4305,057785078,4305,057919438
4305,058718906,4305,058920789
4305,059744485,4305,059938493
4305,060792043,4305,060971185
4305,061781974,4305,061926571
4305,062727033,4305,062897004
4305,063697276,4305,063865305
4305,064697921,4305,064809824
4305,065610036,4305,065742356
4305,066542575,4305,066689586
4305,067489148,4305,067633132
4305,068464391,4305,068600648
4305,069400683,4305,069546411
4305,070346523,4305,070488353
4305,071288375,4305,071434359
4305,072267619,4305,072400893
4305,073201228,4305,073358679
4305,074158791,4305,074292631
4305,075098177,4305,075242791
4305,076066653,4305,076213174
4305,077012383,4305,077135386
4305,077934448,4305,078139900
4305,078978860,4305,079209923
4305,080034659,4305,080189217
4305,081013933,4305,081156683
4305,081958305,4305,082107920
4305,082908915,4305,083057666
4305,083865338,4305,084019279
4305,084820587,4305,084962535
4305,085762830,4305,085908811
4305,086708476,4305,086843307
4305,087643952,4305,087800416
4305,088617585,4305,088757949
4305,089565488,4305,089670771
4305,090478430,4305,090618884
4305,091418606,4305,091559816
4305,092376829,4305,092496395
4305,093296867,4305,093427264
4305,094234600,4305,094368750
4305,095168756,4305,095315976
4305,096119705,4305,096236635
4305,097036453,4305,097275300
4305,098091032,4305,098254477
4305,099063463,4305,099214140
4305,100055893,4305,100196150
4305,100997016,4305,101137953
4305,101938625,4305,102062488
4305,102862920,4305,103000314
4305,103800083,4305,103933937
4305,104750775,4305,104893716
4305,105700898,4305,105838682
4305,106638421,4305,106787091
4305,107587493,4305,107750022
4305,108567410,4305,108855938
4305,109656214,4305,109806038
4305,110613397,4305,110753344
4305,111553953,4305,111691713
4305,112492255,4305,112607325
4305,113406960,4305,113557258
4305,114356780,4305,114504454
4305,115304153,4305,115444303
4305,116268076,4305,116501929
4305,117328081,4305,117501723
4305,118311855,4305,118488667
4305,119291479,4305,119446726
4305,120280416,4305,120434087
4305,121241969,4305,121376890
4305,122177528,4305,122315372
4305,123115851,4305,123284132
4305,124101588,4305,124247768
4305,125048137,4305,125185757
4305,125986113,4305,126136080
4305,126943546,4305,127091070
4305,127891369,4305,128055103
4305,128855048,4305,129003202
4305,129802648,4305,129929818
4305,130729410,4305,130860724
4305,131660339,4305,131812290
4305,132628996,4305,132783603
4305,133583198,4305,133702135
4305,134501714,4305,134665582
4305,135465150,4305,135658572
4305,136484712,4305,136706174
4305,137522601,4305,137696375
4305,138505108,4305,138648228
4305,139449644,4305,139587884
4305,140421317,4305,140553264
4305,141353953,4305,141478013
4305,142278615,4305,142406762
4305,143206694,4305,143348361
4305,144172497,4305,144327614
4305,145128126,4305,145270714
4305,146071172,4305,146218876
4305,147019435,4305,147164229
4305,147970534,4305,148110042
4305,148909697,4305,149021920
4305,149821515,4305,149962416
4305,150761918,4305,150892028
4305,151692396,4305,151833587
4305,152643386,4305,152781503
4305,153581325,4305,153713049
4305,154512794,4305,154715460
4305,155552870,4305,155783049
4305,156638097,4305,156815598
4305,157661801,4305,157816329
4305,158617878,4305,158744238
4305,159544853,4305,159691044
4305,160508566,4305,160647470
4305,161448019,4305,161581633
4305,162381394,4305,162517208
4305,163317600,4305,163453087
4305,164270226,4305,164409746
4305,165210502,4305,165351616
4305,166151868,4305,166280205
4305,167080413,4305,167221970
4305,168038860,4305,168160229
4305,168959851,4305,169079388
4305,169878897,4305,170000017
4305,170799636,4305,170942003
4305,171741612,4305,171880299
4305,172688261,4305,172820168
4305,173619706,4305,173860673
4305,174675925,4305,174832150
4305,175641252,4305,175797983
4305,176632259,4305,176767216
4305,177567908,4305,177720666
4305,178521008,4305,178658742
4305,179459060,4305,179623015
4305,180440497,4305,180577781
4305,181378233,4305,181522951
4305,182323106,4305,182467307
4305,183267622,4305,183433590
4305,184251082,4305,184358119
4305,185158611,4305,185297968
4305,186098230,4305,186234867
4305,187035343,4305,187179050
4305,187979409,4305,188144983
4305,188945752,4305,189072695
4305,189872421,4305,190023425
4305,190822980,4305,190965294
4305,191771783,4305,191911160
4305,192726732,4305,192925515
4305,193751177,4305,193962106
4305,194775369,4305,194956051
4305,195771749,4305,195923280
4305,196750376,4305,196895787
4305,197696512,4305,197836840
4305,198637658,4305,198786996
4305,199587558,4305,199745185
4305,200562581,4305,200715405
4305,201515934,4305,201641621
4305,202449020,4305,202596291
4305,203396653,4305,203554630
4305,204371903,4305,204519394
4305,205319916,4305,205468166
4305,206275602,4305,206434209
4305,207234155,4305,207380775
4305,208204548,4305,208333642
4305,209133240,4305,209269617
4305,210069303,4305,210180899
4305,210980704,4305,211122681
4305,211929700,4305,212100442
4305,212925475,4305,213131107
4305,213948566,4305,214114327
4305,214923223,4305,215080200
4305,215881482,4305,216046564
4305,216847586,4305,216986873
4305,217787555,4305,217912228
4305,218712637,4305,218852061
4305,219651900,4305,219808554
4305,220633293,4305,220772794
4305,221573343,4305,221695726
4305,222503378,4305,222650262
4305,223457778,4305,223598958
4305,224422824,4305,224570291
4305,225369750,4305,225498804
4305,226298329,4305,226437119
4305,227236668,4305,227385536
4305,228193901,4305,228317301
4305,229117053,4305,229234843
4305,230034462,4305,230174685
4305,230974314,4305,231174853
4305,232053091,4305,232268377
4305,233092442,4305,233267687
4305,234087347,4305,234209313
4305,235010728,4305,235144169
4305,235944898,4305,236083325
4305,236884104,4305,237019920
4305,237819939,4305,237942859
4305,238742558,4305,238870598
4305,239670297,4305,239829641
4305,240662341,4305,240787621
4305,241588376,4305,241731923
4305,242549679,4305,242675279
4305,243475571,4305,243622329
4305,244425594,4305,244538477
4305,245338979,4305,245471796
4305,246272358,4305,246393865
4305,247195287,4305,247343211
4305,248145663,4305,248263350
4305,249063795,4305,249205792
4305,250006148,4305,250195690
4305,251017235,4305,251201370
4305,252042427,4305,252175397
4305,252977176,4305,253112703
4305,253913352,4305,254014865
4305,254815420,4305,254962001
4305,255762586,4305,255911060
4305,256735700,4305,256877443
4305,257677372,4305,257788562
4305,258588120,4305,258725784
4305,259532426,4305,259690817
4305,260515393,4305,260640467
4305,261440945,4305,261560409
4305,262367131,4305,262504841
4305,263304643,4305,263446960
4305,264264157,4305,264395860
4305,265196099,4305,265332356
4305,266132068,4305,266260195
4305,267067694,4305,267235838
4305,268038024,4305,268158834
4305,268959442,4305,269158651
4305,269990834,4305,270163459
4305,270976674,4305,271172073
4305,271975172,4305,272189138
4305,272990317,4305,273124233
4305,273931816,4305,274064832
4305,274865178,4305,275026056
4305,275833458,4305,275975422
4305,276807111,4305,276943572
4305,277743414,4305,277889111
4305,278688766,4305,278834427
4305,279641846,4305,279797667
4305,280629193,4305,280777924
4305,281578296,4305,281724860
4305,282525175,4305,282686736
4305,283486982,4305,283628575
4305,284459725,4305,284613526
4305,285413318,4305,285530248
4305,286337097,4305,286510992
4305,287317701,4305,287479651
4305,288281267,4305,288461452
4305,289288591,4305,289511277
4305,290329697,4305,290503111
4305,291317397,4305,291464508
4305,292298964,4305,292444245
4305,293245327,4305,293376110
4305,294176766,4305,294290909
4305,295098255,4305,295240908
4305,296064717,4305,296208471
4305,297008177,4305,297131187
4305,297931662,4305,298075730
4305,298876072,4305,299029249
4305,299829641,4305,299971285
4305,300794848,4305,300925838
4305,301726237,4305,301847116
4305,302647438,4305,302784896
4305,303592201,4305,303749546
4305,304573201,4305,304716722
4305,305516357,4305,305665891
4305,306465427,4305,306627528
4305,307427200,4305,307667693
4305,308513350,4305,308694808
4305,309515261,4305,309643748
4305,310445313,4305,310593641
4305,311394179,4305,311547473
4305,312380330,4305,312496823
4305,313297438,4305,313409614
4305,314216873,4305,314329650
4305,315130192,4305,315280210
4305,316097368,4305,316228279
4305,317028818,4305,317153881
4305,317954216,4305,318087553
4305,318887949,4305,319030619
4305,319830858,4305,319941055
4305,320758194,4305,320868554
4305,321668406,4305,321812540
4305,322612022,4305,322753532
4305,323553194,4305,323711015
4305,324526868,4305,324647094
4305,325446780,4305,325581993
4305,326381491,4305,326566133
4305,327406930,4305,327604212
4305,328445552,4305,328600842
4305,329403904,4305,329541248
4305,330341924,4305,330494208
4305,331294646,4305,331454464
4305,332272363,4305,332420151
4305,333220823,4305,333349443
4305,334149209,4305,334284062
4305,335083585,4305,335223848
4305,336040207,4305,336161027
4305,336961643,4305,337113137
4305,337913656,4305,338066043
4305,338866149,4305,339015699
4305,339815801,4305,339953052
4305,340770167,4305,340902045
4305,341701913,4305,341844174
4305,342644683,4305,342784503
4305,343584715,4305,343735266
4305,344551975,4305,344692449
4305,345492687,4305,345709337
4305,346538886,4305,346745275
4305,347558594,4305,347764643
4305,348593866,4305,348742280
4305,349543322,4305,349687419
4305,350488105,4305,350650316
4305,351450798,4305,351616926
4305,352434448,4305,352589452
4305,353389578,4305,353526115
4305,354325900,4305,354497559
4305,355297987,4305,355469322
4305,356286781,4305,356426548
4305,357227010,4305,357382731
4305,358182413,4305,358333790
4305,359134249,4305,359304854
4305,360122090,4305,360267660
4305,361068006,4305,361202449
4305,362002238,4305,362137989
4305,362937551,4305,363092265
4305,363891840,4305,364048654
4305,364848376,4305,365021791
4305,365847947,4305,366041806
4305,366854962,4305,367027116
4305,367846222,4305,368033587
4305,368835083,4305,368972927
4305,369773729,4305,369918093
4305,370718551,4305,370866022
4305,371673604,4305,371816415
4305,372648311,4305,372781108
4305,373581543,4305,373687186
4305,374494478,4305,374630679
4305,375431127,4305,375570384
4305,376401737,4305,376523771
4305,377323553,4305,377450820
4305,378257505,4305,378404479
4305,379204068,4305,379351632
4305,380153570,4305,380251023
4305,381051545,4305,381191163
4305,381998691,4305,382135215
4305,382941991,4305,383102462
4305,383902167,4305,384097743
4305,384937652,4305,385163745
4305,385981291,4305,386141975
4305,386954938,4305,387119422
4305,387927818,4305,388062605
4305,388863640,4305,388993550
4305,389794302,4305,389957714
4305,390758566,4305,390902043
4305,391702475,4305,391853192
4305,392692729,4305,392790052
4305,393590784,4305,393722910
4305,394523502,4305,394662206
4305,395462488,4305,395602419
4305,396418801,4305,396535405
4305,397335117,4305,397477317
4305,398283913,4305,398434723
4305,399235429,4305,399360939
4305,400177818,4305,400310028
4305,401110410,4305,401242477
4305,402042346,4305,402169710
4305,402976438,4305,403225629
4305,404041457,4305,404200482
4305,405014831,4305,405161325
4305,405962627,4305,406086190
4305,406886739,4305,407032730
4305,407833345,4305,407979163
4305,408812305,4305,408937336
4305,409737588,4305,409871001
4305,410670650,4305,410814164
4305,411614463,4305,411771904
4305,412613527,4305,412757221
4305,413557869,4305,413691543
4305,414491925,4305,414626552
4305,415427021,4305,415564971
4305,416382397,4305,416513920
4305,417314289,4305,417451806
4305,418251965,4305,418380932
4305,419181167,4305,419331262
4305,420133654,4305,420256773
4305,421057022,4305,421185166
4305,421984791,4305,422198904
4305,423032020,4305,423251743
4305,424089582,4305,424264310
4305,425073006,4305,425238877
4305,426040196,4305,426170460
4305,426971135,4305,427117636
4305,427918148,4305,428057135
4305,428857684,4305,429007838
4305,429807940,4305,429948990
4305,430749329,4305,430896250
4305,431696725,4305,431855742
4305,432681125,4305,432833056
4305,433633491,4305,433778302
4305,434578667,4305,434725388
4305,435525737,4305,435671861
4305,436489097,4305,436620970
4305,437421272,4305,437538465
4305,438338197,4305,438477118
4305,439276556,4305,439433724
4305,440235173,4305,440385231
4305,441184793,4305,441394138
4305,442222427,4305,442423833
4305,443236922,4305,443406987
4305,444248357,4305,444396204
4305,445197533,4305,445309782
4305,446117858,4305,446247388
4305,447055024,4305,447193394
4305,447993993,4305,448152631
4305,448953579,4305,449076406
4305,449876885,4305,450030116
4305,450837048,4305,450996609
4305,451797251,4305,451928541
4305,452760177,4305,452897478
4305,453697940,4305,453827427
4305,454627872,4305,454754242
4305,455554531,4305,455703622
4305,456527298,4305,456665591
4305,457472234,4305,457603477
4305,458402916,4305,458527326
4305,459326865,4305,459453985
4305,460256190,4305,460437858
4305,461278192,4305,461498571
4305,462324001,4305,462504112
4305,463323702,4305,463496277
4305,464330653,4305,464458790
4305,465259728,4305,465377278
4305,466177990,4305,466293287
4305,467107636,4305,467257553
4305,468074166,4305,468202319
4305,469002124,4305,469130842
4305,469931527,4305,470068794
4305,470869133,4305,471031714
4305,471832059,4305,471975203
4305,472798629,4305,472919276
4305,473719624,4305,473837574
4305,474638126,4305,474768570
4305,475568935,4305,475705986
4305,476522365,4305,476641515
4305,477448427,4305,477594258
4305,478394110,4305,478538020
4305,479337582,4305,479590112
4305,480408298,4305,480559482
4305,481368561,4305,481519852
4305,482321278,4305,482463398
4305,483263993,4305,483416401
4305,484249501,4305,484383994
4305,485184579,4305,485322060
4305,486121919,4305,486272169
4305,487071781,4305,487207612
4305,488024124,4305,488153178
4305,488952920,4305,489089917
4305,489890259,4305,490029716
4305,490829992,4305,490974156
4305,491773911,4305,491909468
4305,492725831,4305,492862324
4305,493662593,4305,493805667
4305,494605959,4305,494734196
4305,495533674,4305,495682175
4305,496514811,4305,496638731
4305,497455664,4305,497579037
4305,498379682,4305,498576828
4305,499403711,4305,499626527
4305,500464357,4305,500639561
4305,501448584,4305,501602605
4305,502403717,4305,502560747
4305,503361479,4305,503519521
4305,504337646,4305,504475570
4305,505276382,4305,505423923
4305,506224012,4305,506380619
4305,507180844,4305,507355683
4305,508173295,4305,508312206
4305,509112684,4305,509256005
4305,510056310,4305,510192724
4305,510992393,4305,511167638
4305,511967366,4305,512147928
4305,512955460,4305,513099191
4305,513899396,4305,514023799
4305,514824175,4305,514998473
4305,515798715,4305,515928039
