4624,997912786,                4625,062045426
4625,062167638,                4625,105504097
4625,105596807,                4625,150658057
4625,150772709,                4625,192140558
4625,192247419,                4625,241658687
4625,241771493,                4625,286290224
4625,286396751,                4625,328655926
4625,328761780,                4625,369913485
4625,370005643,                4625,418916472
4625,419021851,                4625,464758993
4625,464866024,                4625,517330793
4625,517422022,                4625,564472377
4625,564569772,                4625,612985461
4625,613070351,                4625,659785415
4625,659870587,                4625,710329829
4625,710428432,                4625,752841616
4625,752933253,                4625,793943002
4625,794048486,                4625,837709575
4625,837801085,                4625,869485965
4625,869584129,                4625,914721079
4625,914827450,                4625,956237266
4625,956339593,                4626,005468244
4626,005574336,                4626,050878312
4626,050991134,                4626,091754647
4626,091859052,                4626,142487402
4626,142591952,                4626,185927616
4626,186034030,                4626,231079548
4626,231178626,                4626,271985683
4626,272104907,                4626,318620083
4626,318725892,                4626,360846410
4626,360944592,                4626,410774516
4626,410881262,                4626,454477082
4626,454579462,                4626,497759384
4626,497858223,                4626,543262422
4626,543361179,                4626,584430610
4626,584541972,                4626,635575940
4626,635674616,                4626,676935405
4626,677040708,                4626,726463715
4626,726570159,                4626,769727699
4626,769841027,                4626,815406108
4626,815526181,                4626,855717348
4626,855821691,                4626,908614184
4626,908720756,                4626,958658078
4626,958767261,                4627,002915639
4627,003021192,                4627,045754068
4627,045866653,                4627,091362613
4627,091468718,                4627,131050175
4627,131148739,                4627,173476647
4627,173582646,                4627,221190458
4627,221296272,                4627,269808978
4627,269907678,                4627,315802827
4627,315910882,                4627,368104241
4627,368202944,                4627,419611896
4627,419725621,                4627,459096497
4627,459198385,                4627,500476775
4627,500589354,                4627,525489082
4627,525580688,                4627,571847538
4627,571947038,                4627,623811165
4627,623922556,                4627,676280176
4627,676379273,                4627,727022204
4627,727127971,                4627,767515473
4627,767626779,                4627,808926558
4627,809032709,                4627,858128993
4627,858234386,                4627,898563583
4627,898670235,                4627,940853333
4627,940955372,                4627,983324391
4627,983423124,                4628,025126983
4628,025239565,                4628,073858370
4628,073964816,                4628,119390297
4628,119496198,                4628,158771295
4628,158884825,                4628,200970847
4628,201077093,                4628,250064297
4628,250163609,                4628,295913292
4628,296004311,                4628,339920490
4628,340003112,                4628,391695311
4628,391801034,                4628,443746318
4628,443862776,                4628,491639067
4628,491738281,                4628,536014059
4628,536123738,                4628,583862288
4628,583969297,                4628,632497670
4628,632603947,                4628,680594856
4628,680700971,                4628,729361545
4628,729460689,                4628,776020746
4628,776133720,                4628,823717647
4628,823823077,                4628,871656793
4628,871762552,                4628,919788196
4628,919900309,                4628,964627761
4628,964736614,                4629,012097708
4629,012170335,                4629,060364979
4629,060442758,                4629,107846643
4629,107963562,                4629,155767040
4629,155874289,                4629,204063315
4629,204126854,                4629,248215534
4629,248322097,                4629,295563471
4629,295677561,                4629,340019894
4629,340106344,                4629,388177981
4629,388283637,                4629,436849133
4629,436958634,                4629,484446485
4629,484552591,                4629,531600802
4629,531702087,                4629,576374195
4629,576474176,                4629,624023187
4629,624129154,                4629,672727273
4629,672833681,                4629,720851613
4629,720943346,                4629,767872672
4629,767978580,                4629,817060106
4629,817171763,                4629,864553391
4629,864666838,                4629,912701372
4629,912799896,                4629,959893350
4629,960006126,                4630,008257853
4630,008363763,                4630,057061138
