2297,949866934,2298,020036001
2298,020106098,2298,084027826
2298,084081471,2298,148019419
2298,148073183,2298,212019175
2298,212079943,2298,276019566
2298,276073008,2298,340019398
2298,340072996,2298,404019621
2298,404073423,2298,472019860
2298,472074704,2298,536035658
2298,536089059,2298,600019324
2298,600072784,2298,664019436
2298,664073845,2298,728019252
2298,728072685,2298,792040610
2298,792095758,2298,876018830
2298,888019163,2298,947996068
2298,948013819,2299,012019513
2299,012081003,2299,076027112
2299,076080671,2299,140019500
2299,140072957,2299,204019453
2299,204072979,2299,268019235
2299,268072785,2299,332020528
2299,332074180,2299,396019467
2299,396073381,2299,460019409
2299,460073835,2299,524019288
2299,524072860,2299,588019324
2299,588072985,2299,652019370
2299,652072897,2299,716027504
2299,716080964,2299,780240698
2299,780295853,2299,844029511
2299,844083579,2299,900019556
2299,912019119,2299,976019457
2299,976073701,2300,040028754
2300,040082344,2300,104019494
2300,104072963,2300,168019492
2300,168072938,2300,232019390
2300,232073144,2300,296027800
2300,296081343,2300,360019510
2300,360073129,2300,424019405
2300,424073166,2300,484057649
2300,484112148,2300,548020603
2300,548074345,2300,612019372
2300,612073089,2300,676014409
2300,676069539,2300,740021661
2300,740075805,2300,804030240
2300,804086177,2300,908028066
2300,920045190,2300,984038925
2300,984093417,2301,048046381
2301,048100298,2301,112027965
2301,112081668,2301,176046113
2301,176100884,2301,240027461
2301,240080866,2301,304031653
2301,304085078,2301,368027903
2301,368081563,2301,432027308
2301,432080822,2301,496028862
2301,496083519,2301,560038150
2301,560091634,2301,624036344
2301,624090092,2301,688021242
2301,688074826,2301,752019408
2301,752073209,2301,844032334
2301,844086683,2301,908019542
2301,908073372,2301,967989794
2301,968012984,2302,032019417
2302,032073270,2302,096019379
2302,096080861,2302,160020586
2302,160073904,2302,224019377
2302,224072764,2302,288019235
2302,288072726,2302,352019235
2302,352073171,2302,416019233
2302,416073258,2302,480019649
2302,480076591,2302,544035163
2302,544089367,2302,608019422
2302,608073311,2302,672019658
2302,672081048,2302,736019488
2302,736073138,2302,800032668
2302,800086518,2302,860019510
2302,860074137,2302,924019341
2302,924072846,2302,988019662
2302,988073898,2303,052027146
2303,052081056,2303,116019457
2303,116080472,2303,180019438
2303,180080320,2303,244019462
2303,244073369,2303,308019443
2303,308073187,2303,372017831
2303,372072106,2303,436026297
2303,436079720,2303,500019830
2303,500074140,2303,564019311
2303,564073333,2303,628019926
2303,628073678,2303,692019274
2303,692072611,2303,756019453
2303,756072916,2303,812123332
2303,824019687,2303,888019676
2303,888073374,2303,952019825
2303,952073840,2304,004027983
2304,016032436,2304,080027592
2304,080081080,2304,144019355
2304,144073111,2304,208019444
2304,208072982,2304,272019471
2304,272072908,2304,336019585
2304,336073002,2304,400019375
2304,400073208,2304,464019878
2304,464074311,2304,516027612
2304,528019463,2304,592032853
2304,592086512,2304,656031440
2304,656086110,2304,720049816
2304,720103719,2304,784045907
2304,784100260,2304,844031383
2304,844086492,2304,908031569
2304,908085832,2304,972029067
2304,972083286,2305,016021587
2305,016075679,2305,116033807
2305,128034784,2305,192052148
2305,192106650,2305,256036465
2305,256090489,2305,320041242
2305,320094685,2305,384034391
2305,384087756,2305,448052280
2305,448106635,2305,512040222
2305,512093908,2305,576033992
2305,576087368,2305,640035066
2305,640089085,2305,736019261
2305,736073168,2305,800020843
2305,800074727,2305,860019579
2305,860074340,2305,924019498
2305,924073170,2305,988031541
2305,988085867,2306,052027614
2306,052081462,2306,116019954
2306,116080829,2306,180019388
2306,180073026,2306,244019596
2306,244073319,2306,308020208
2306,308073894,2306,372019537
2306,372073143,2306,436019673
2306,436073619,2306,500020104
2306,500074411,2306,564019756
2306,564073259,2306,628019659
2306,628073200,2306,692019801
2306,692074070,2306,756019630
2306,756073369,2306,844038051
2306,844092113,2306,908019559
2306,908074374,2306,972024465
2306,972078251,2307,036019700
2307,036081133,2307,100020274
2307,100074273,2307,164027880
2307,164081623,2307,228033246
2307,228087002,2307,324019481
2307,324080590,2307,388019478
2307,388073154,2307,452019913
2307,452074625,2307,516020430
2307,516074295,2307,580019403
2307,580072911,2307,644019457
2307,644073016,2307,708019247
2307,708072616,2307,772019283
2307,772072907,2307,860035062
2307,860089074,2307,924019448
2307,924074019,2308,020032903
2308,020087557,2308,084026920
2308,084080285,2308,148019380
2308,148073080,2308,212019576
2308,212073212,2308,276019455
2308,276073355,2308,340019431
2308,340072978,2308,404019818
2308,404073684,2308,500027429
2308,500082301,2308,564019584
2308,564073425,2308,628027538
2308,628081318,2308,692029966
2308,692083472,2308,756014066
2308,756067650,2308,828020852
2308,828075627,2308,924031940
2308,924086660,2308,988031659
2308,988086246,2309,052027431
2309,052080980,2309,116020783
2309,116074424,2309,180021079
2309,180075608,2309,244020502
2309,244073998,2309,304028584
2309,304082146,2309,368034740
2309,368088262,2309,432028382
2309,432081773,2309,496045926
2309,496100514,2309,560028273
2309,560081871,2309,624030525
2309,624084117,2309,688026186
2309,688079495,2309,752021231
2309,752090308,2309,812023600
2309,812077335,2309,908039086
2309,908093617,2309,971999565
2309,972064318,2310,036019528
2310,036080653,2310,100019471
2310,100073340,2310,164034374
2310,164087889,2310,228019511
2310,228072902,2310,292019353
2310,292072960,2310,356019533
2310,356073267,2310,420036566
2310,420090499,2310,484019423
2310,484073640,2310,548019779
2310,548080621,2310,612019334
2310,612073018,2310,672019676
2310,672075568,2310,736019374
2310,736072747,2310,800007948
2310,800061762,2310,860019266
2310,860072800,2310,924019520
2310,924073924,2310,988019454
2310,988073355,2311,052036297
2311,052089727,2311,116019484
2311,116072742,2311,180026340
2311,180079740,2311,244019517
2311,244073052,2311,308031721
2311,308086022,2311,372019842
2311,372073339,2311,436019343
2311,436080387,2311,500019628
2311,500073800,2311,564027401
2311,564081224,2311,628019374
2311,628073107,2311,692019444
2311,692072943,2311,756019296
2311,756072666,2311,812031487
2311,812085531,2311,904019274
2311,904072946,2311,968020241
2311,968075260,2312,032019690
2312,032080974,2312,096019264
2312,096072946,2312,160027604
2312,160081270,2312,224027305
2312,224081047,2312,288019515
2312,288072981,2312,352019323
2312,352080369,2312,416019653
2312,416080603,2312,480027645
2312,480082869,2312,548019291
2312,548080431,2312,612019392
2312,612072795,2312,676012953
2312,676068120,2312,744042417
2312,756011884,2312,828020162
2312,828075042,2312,892019518
2312,892072918,2312,956019847
2312,956074755,2313,016019066
2313,028020080,2313,092013886
2313,092068477,2313,156023463
2313,156078879,2313,220027193
2313,220081363,2313,284013247
2313,284067886,2313,348013593
2313,348067935,2313,408020733
2313,408074035,2313,472019530
2313,472073846,2313,536019507
2313,536072933,2313,600019610
2313,600073228,2313,664019965
2313,664073570,2313,728019357
2313,728072765,2313,792019309
2313,792072959,2313,860019452
2313,860073296,2313,924019534
2313,924073075,2313,984017134
2313,984071237,2314,048019381
2314,048072971,2314,112019933
2314,112073525,2314,176020616
2314,176074571,2314,240019592
2314,240073215,2314,304012692
2314,304066791,2314,368019864
2314,368073670,2314,432019472
2314,432072939,2314,496019569
2314,496073708,2314,560032205
2314,560085969,2314,624019559
2314,624072959,2314,688031779
2314,688085799,2314,752019778
2314,752073574,2314,844019492
2314,844073575,2314,900020027
2314,900073867,2314,964019574
2314,964074375,2315,032020325
2315,032074421,2315,096019470
2315,096080531,2315,160030262
2315,160084210,2315,224019741
2315,224073490,2315,288032536
2315,288086160,2315,352019400
2315,352073072,2315,416019379
2315,416073274,2315,480019440
2315,480073607,2315,544027247
2315,544084519,2315,608019407
2315,608080243,2315,672019357
2315,672072712,2315,736019383
2315,736073065,2315,800027360
2315,800081204,2315,908019815
2315,920019206,2315,984017631
2315,984071913,2316,048019563
2316,048080801,2316,112019600
2316,112073242,2316,176019294
2316,176072901,2316,240019393
2316,240072682,2316,304019281
2316,304073427,2316,368019253
2316,368080107,2316,432019222
2316,432072739,2316,516020414
2316,528019180,2316,592027572
2316,592081438,2316,656019484
2316,656072736,2316,720029679
2316,720083786,2316,784041708
2316,784095091,2316,844027440
2316,844081137,2316,908027333
2316,908081000,2316,972031139
2316,972086457,2317,036034859
2317,036088912,2317,100027964
2317,100081746,2317,164030259
2317,164084637,2317,228020523
2317,228074023,2317,292027508
2317,292080993,2317,356027582
2317,356081469,2317,420027569
2317,420081227,2317,484032339
2317,484086886,2317,538964407
2317,540071244,2317,592033688
2317,592087175,2317,656019553
2317,656073107,2317,720019510
2317,720072924,2317,784026877
2317,784080551,2317,844036876
2317,844091271,2317,908019380
2317,908072925,2317,976019595
2317,976074707,2318,040019590
2318,040073692,2318,104029353
2318,104083195,2318,168019702
2318,168073050,2318,232019612
2318,232073015,2318,296019640
2318,296073194,2318,360020650
2318,360074481,2318,420040346
2318,420113228,2318,472019406
2318,472073879,2318,536019437
2318,536073309,2318,600019243
2318,600072659,2318,664019365
2318,664072929,2318,728019544
2318,728073898,2318,792019573
2318,792073193,2318,876027510
2318,888019157,2318,952019752
2318,952073841,2319,016019796
2319,016081292,2319,080031830
2319,080085594,2319,144019585
2319,144073216,2319,208019443
2319,208072789,2319,272034661
2319,272088289,2319,336019242
2319,336072836,2319,400019219
2319,400072955,2319,464019516
2319,464073693,2319,528019322
2319,528072843,2319,592018621
2319,592072159,2319,656019624
2319,656073299,2319,720019710
2319,720073472,2319,784041489
2319,784095695,2319,844019730
2319,844073511,2319,908019391
2319,908072900,2319,972101537
2319,972157161,2320,032019393
2320,032073164,2320,096019558
2320,096073095,2320,160020643
2320,160074390,2320,224019286
2320,224072533,2320,288019368
2320,288072937,2320,352019547
2320,352072979,2320,416027551
2320,416081323,2320,480014011
2320,480069068,2320,548019389
2320,560019227,2320,624019548
2320,624073168,2320,688031667
2320,688086119,2320,752027853
2320,752081390,2320,844031548
2320,844085608,2320,908027336
2320,908080665,2320,940037662
2320,940092083,2321,024033188
2321,024087298,2321,088027277
2321,088080780,2321,152030128
2321,152084843,2321,216019252
2321,216072850,2321,280019425
2321,280072812,2321,344027140
2321,344084007,2321,408020442
2321,408073701,2321,472019578
2321,472073791,2321,536019395
2321,536072991,2321,600019493
2321,600073004,2321,664026387
2321,664079902,2321,728018655
2321,728072326,2321,792019693
2321,792073559,2321,844026939
2321,856019880,2321,920019575
2321,920073169,2321,984019484
2321,984073700,2322,048019803
2322,048081817,2322,112019599
2322,112072999,2322,188019512
2322,200029278,2322,264019361
2322,264072811,2322,328027594
2322,328081537,2322,392019197
2322,392072661,2322,456030021
2322,456084290,2322,520030058
2322,520083995,2322,616019434
2322,616073035,2322,680035275
2322,680089317,2322,744026158
2322,744079686,2322,808020925
2322,808074665,2322,908019408
2322,908073285,2322,944071845
2322,948057698,2323,028019399
2323,028073580,2323,092018705
2323,092081291,2323,156029856
2323,156084036,2323,220034803
2323,220088876,2323,284019276
2323,284072951,2323,348019556
2323,348073035,2323,412035201
2323,412089022,2323,476027543
2323,476081932,2323,540019434
2323,540073003,2323,604019742
2323,604073625,2323,668019358
2323,668073002,2323,728019549
2323,740020324,2323,844019833
2323,844073815,2323,908027341
2323,908080926,2323,972019540
2323,972073679,2324,032019584
2324,044019379,2324,096019705
2324,108019469,2324,172019920
2324,172073536,2324,236019694
2324,236073147,2324,300019466
2324,300073110,2324,364019327
2324,364080371,2324,428019151
2324,428072662,2324,484059088
2324,484113535,2324,548019411
2324,548080424,2324,612019553
2324,612073141,2324,676014763
2324,676068853,2324,740015187
2324,740070147,2324,828021289
2324,828075814,2324,892018780
2324,892072349,2324,956019432
2324,956073534,2325,020108744
2325,020164871,2325,084027296
2325,084080846,2325,148019689
2325,148073888,2325,212019569
2325,212072944,2325,276027119
2325,276080624,2325,340019285
2325,340072672,2325,404019508
2325,404073026,2325,468019623
2325,468073802,2325,532031182
2325,532085468,2325,596019850
2325,596073225,2325,660019332
2325,660072852,2325,724019429
2325,724073016,2325,788032131
2325,788085928,2325,844020541
2325,844074337,2325,908019370
2325,908072768,2325,972019426
2325,972073418,2326,036116687
2326,036173652,2326,100019493
2326,100080490,2326,164029723
2326,164084036,2326,228019402
2326,228073028,2326,292039083
2326,292093364,2326,356019679
2326,356073435,2326,420019607
2326,420073514,2326,484019396
2326,484073619,2326,548027613
2326,548081363,2326,612019326
2326,612073275,2326,676019295
2326,676072946,2326,740019570
2326,740073519,2326,804034804
2326,804090418,2326,860019233
2326,860073114,2326,924019406
2326,924072821,2327,020019368
2327,020080782,2327,084031532
2327,084086598,2327,156032957
2327,156087104,2327,220019423
2327,220083429,2327,316027646
2327,316081351,2327,380019248
2327,380072723,2327,444026757
2327,444090014,2327,508052000
2327,508105715,2327,572028461
2327,572081955,2327,636019691
2327,636073259,2327,700020005
2327,700073458,2327,764012130
2327,764069086,2327,828037645
2327,828092660,2327,924019390
2327,924072927,2327,988031122
2327,988085642,2328,052019536
2328,052080862,2328,116019424
2328,116073892,2328,180019645
2328,180073293,2328,244019333
2328,244072806,2328,308019343
2328,308072860,2328,372019433
2328,372080283,2328,420055629
2328,420133997,2328,472019665
2328,472074089,2328,548019414
2328,560019374,2328,624019538
2328,624073227,2328,688028551
2328,688082942,2328,752020461
2328,752074420,2328,812038004
2328,812092066,2328,876032131
2328,876085918,2328,940035783
2328,940090371,2329,004020560
2329,004074391,2329,068020703
2329,068074953,2329,132032011
2329,132086825,2329,196027489
2329,196081618,2329,260040785
2329,260094194,2329,324035959
2329,324089860,2329,388028242
2329,388082336,2329,452021297
2329,452075782,2329,516020925
2329,516074684,2329,580027267
2329,580080725,2329,644029777
2329,644083787,2329,708019464
2329,708072800,2329,772029197
2329,772082636,2329,836030074
2329,836083855,2329,900019384
2329,900073144,2329,964019517
2329,964073856,2330,028020633
2330,028074812,2330,092019494
2330,092074389,2330,156027314
2330,156081126,2330,216019448
2330,216072959,2330,280019352
2330,280073013,2330,344019617
2330,344073320,2330,408012753
2330,408066246,2330,472019430
2330,472081141,2330,536028910
2330,536082655,2330,600019491
2330,600072867,2330,664019564
2330,664073356,2330,728019591
2330,728073518,2330,792019457
2330,792073211,2330,892019747
2330,892073424,2330,956019760
2330,956074010,2331,012016217
2331,024019502,2331,088110513
2331,088166351,2331,152028018
2331,152081551,2331,216019163
2331,216072706,2331,280019524
2331,280072983,2331,344019408
2331,344072919,2331,408013464
2331,408066642,2331,472019355
2331,472073611,2331,568027450
2331,568081189,2331,632019525
2331,632073426,2331,696019642
2331,696073140,2331,760019513
2331,760072996,2331,812030207
2331,828020488,2331,908028130
2331,924027406,2331,988019472
2331,988073570,2332,044019529
2332,044073606,2332,108019792
2332,108074438,2332,172019431
2332,172073398,2332,236019371
2332,236073076,2332,300019249
2332,300072788,2332,364019402
2332,364080375,2332,428019421
2332,428080400,2332,500027618
2332,500081911,2332,564019520
2332,564073428,2332,628019201
2332,628072780,2332,692021014
2332,692074085,2332,756020824
2332,756074488,2332,812024589
2332,812078820,2332,876029531
2332,876083415,2332,940038002
2332,940092616,2333,004027947
2333,004081279,2333,068033002
2333,068090998,2333,132034483
2333,132089418,2333,224049721
2333,236020733,2333,308020596
2333,308074278,2333,372021555
2333,372076248,2333,432030589
2333,432084352,2333,496028632
2333,496082595,2333,560031430
2333,560085010,2333,624035319
2333,624088625,2333,688021250
2333,688075038,2333,752019422
2333,752073091,2333,844019500
2333,844073664,2333,908019370
2333,908072818,2333,940027296
2333,940081628,2334,004030800
2334,004083899,2334,068019652
2334,068073671,2334,132032895
2334,132087806,2334,196019545
2334,196080429,2334,260012115
2334,260065569,2334,324019548
2334,324073324,2334,388019519
2334,388073438,2334,452019725
2334,452073956,2334,516027452
2334,516080915,2334,580028517
2334,580082317,2334,644020582
2334,644074222,2334,708033406
2334,708087729,2334,772019822
2334,772073420,2334,860019502
2334,860073251,2334,924019581
2334,924072889,2334,988019446
2334,988073498,2335,052019602
2335,052073693,2335,116019334
2335,116080336,2335,180019841
2335,180074331,2335,244019596
2335,244073048,2335,308019194
2335,308072721,2335,372019398
2335,372072989,2335,436019224
2335,436073210,2335,500019539
2335,500073642,2335,564019220
2335,564072783,2335,628019400
2335,628080286,2335,692019688
2335,692073289,2335,788019509
2335,788072981,2335,844021031
2335,844074499,2335,908019392
2335,908072926,2335,972019476
2335,972073799,2336,036019655
2336,036073772,2336,100019492
2336,100072886,2336,164032421
2336,164087181,2336,228019408
2336,228073066,2336,292019718
2336,292073354,2336,352019275
2336,352072958,2336,416019577
2336,416073579,2336,480020332
2336,480075544,2336,548019414
2336,548072925,2336,612019401
2336,612072839,2336,676014586
2336,676069320,2336,740024163
2336,740079310,2336,804033250
2336,804088021,2336,860041023
2336,860094391,2336,920042501
2336,920096086,2336,952026892
2336,952081165,2337,016035037
2337,016088536,2337,080029330
2337,080083209,2337,144028547
2337,144082752,2337,208036896
2337,208091481,2337,272034633
2337,272088110,2337,336041848
2337,336095215,2337,400035695
2337,400089369,2337,464026399
2337,464080745,2337,528028089
2337,528081526,2337,592040648
2337,592094056,2337,656021748
2337,656075348,2337,720027695
2337,720081317,2337,784035506
2337,784089355,2337,876019631
2337,876080797,2337,940027544
2337,940081833,2338,004026848
2338,004079975,2338,064020297
2338,076028746,2338,140019347
2338,140073136,2338,204019444
2338,204081241,2338,268019440
2338,268073203,2338,332020069
2338,332073893,2338,396019737
2338,396073423,2338,472019429
2338,472074043,2338,536019649
2338,536073302,2338,600019531
2338,600080646,2338,664019781
2338,664073550,2338,760019316
2338,760073346,2338,812022972
2338,824019298,2338,888019282
2338,888076554,2338,952020007
2338,952074332,2339,016019819
2339,016073993,2339,080020152
2339,080074707,2339,144019305
2339,144072838,2339,208019563
2339,208081332,2339,272019347
2339,272072773,2339,336035733
2339,336089212,2339,396019410
2339,396073207,2339,460019427
2339,460073487,2339,524019564
2339,524073411,2339,588028686
2339,588082520,2339,684019492
2339,684073392,2339,748019328
2339,748072889,2339,812023358
2339,812077263,2339,876019417
2339,876073115,2339,940027911
2339,940082289,2340,004019024
2340,004072122,2340,064019540
2340,076028374,2340,140019507
2340,140073150,2340,204019475
2340,204081395,2340,268027498
2340,268081473,2340,332019485
2340,332073249,2340,396019502
2340,396072912,2340,460019812
2340,460081500,2340,516029405
2340,516083510,2340,580013340
2340,580068187,2340,644019253
2340,644073131,2340,708014375
2340,708068692,2340,768032925
2340,780020873,2340,844021076
2340,844074732,2340,908027421
2340,908081402,2340,972031465
2340,972086024,2341,032047085
2341,032101415,2341,096027788
2341,096081806,2341,160039018
2341,160093201,2341,224054707
2341,224109388,2341,288028086
2341,288082020,2341,352042438
2341,352095981,2341,416027957
2341,416081554,2341,484020113
2341,484074601,2341,548020624
2341,548074116,2341,612027383
2341,612080959,2341,676019669
2341,676073108,2341,740019464
2341,740072882,2341,804027827
2341,804082808,2341,908040197
2341,908094027,2341,972019464
2341,972073491,2342,032037839
2342,044019582,2342,108019561
2342,108073345,2342,172020787
2342,172074442,2342,236019475
2342,236073646,2342,300019188
2342,300072617,2342,364019273
2342,364080034,2342,456019743
2342,456074210,2342,520022986
2342,520076823,2342,584019496
2342,584072870,2342,648021233
2342,648074645,2342,712019646
2342,712073481,2342,808019483
2342,812029588,2342,876019421
2342,876072968,2342,940040229
2342,940094633,2343,004020043
2343,004073211,2343,064026817
2343,076039216,2343,140019798
2343,140073400,2343,204019443
2343,204074100,2343,268019256
2343,268072580,2343,332019386
2343,332072875,2343,396019412
2343,396073107,2343,460019571
2343,460073923,2343,524019521
2343,524072875,2343,588019981
2343,588073543,2343,652019610
2343,652073077,2343,716019707
2343,716073460,2343,780012484
2343,780065969,2343,844021259
2343,844075221,2343,908019436
2343,908073143,2343,972019463
2343,972073679,2344,032044591
2344,032098753,2344,096033436
2344,096087642,2344,160026990
2344,160080879,2344,224032411
2344,224086908,2344,288034285
2344,288087891,2344,352035673
2344,352089416,2344,416019459
2344,416073098,2344,480027528
2344,480082785,2344,548019384
2344,548080247,2344,612019370
2344,612080293,2344,676012871
2344,676067124,2344,740021709
2344,740080325,2344,804029136
2344,804083509,2344,860027575
2344,860081955,2344,924028905
2344,924082293,2344,956019613
2344,956073849,2345,020026825
2345,020080269,2345,084020660
2345,084074587,2345,148019862
2345,148074219,2345,212020175
2345,212074918,2345,276019869
2345,276073195,2345,340019744
2345,340073271,2345,404020681
2345,404074101,2345,468019754
2345,468073950,2345,564027740
2345,564081140,2345,628027838
2345,628081936,2345,692026959
2345,692080979,2345,756020397
2345,756073977,2345,844029542
2345,844083317,2345,908027436
2345,908081259,2345,972019437
2345,972073651,2346,036016416
2346,036070239,2346,100027063
2346,100080949,2346,164030100
2346,164084365,2346,228019644
2346,228074222,2346,292034185
2346,292087896,2346,356020207
2346,356074046,2346,420030747
2346,420084683,2346,484019351
2346,484073840,2346,548019403
2346,548072906,2346,612019320
2346,612072689,2346,676019206
2346,676072731,2346,740027904
2346,740082113,2346,804019254
2346,804072958,2346,860019434
2346,860073080,2346,924029859
2346,924083441,2346,956019405
2346,956073745,2347,020019604
2347,020080913,2347,084029293
2347,084083402,2347,148019607
2347,148073688,2347,212019622
2347,212073407,2347,276019646
2347,276074192,2347,340019449
2347,340073452,2347,404019782
2347,404073633,2347,468019722
2347,468074375,2347,564019413
2347,564073368,2347,628019507
2347,628073035,2347,692019871
2347,692073473,2347,812023169
2347,812076896,2347,876019367
2347,876072883,2347,940027536
2347,940081810,2348,004026753
2348,004080028,2348,100032526
2348,100086496,2348,164020509
2348,164074208,2348,228018925
2348,228072733,2348,292019640
2348,292074189,2348,356021027
2348,356074604,2348,416035962
2348,420047107,2348,500027106
2348,500081648,2348,576031094
2348,588027830,2348,652019622
2348,652073022,2348,748029876
2348,748084303,2348,812024421
2348,812078547,2348,908027171
2348,908081131,2348,972032166
2348,972086511,2349,036039035
2349,036093504,2349,100030685
2349,100084730,2349,164028333
2349,164082709,2349,228020435
2349,228073936,2349,292044741
2349,292099417,2349,356028370
2349,356081683,2349,420020498
2349,420074220,2349,484033334
2349,484087859,2349,548028044
2349,548081777,2349,612027658
2349,612081469,2349,676019330
2349,676072866,2349,740019239
2349,740072712,2349,804019376
2349,804073189,2349,876026075
2349,876087182,2349,940027893
2349,940082040,2350,004035716
2350,004089063,2350,068019760
2350,068073737,2350,132019364
2350,132080285,2350,196019401
2350,196072689,2350,260019495
2350,260073983,2350,324019256
2350,324072619,2350,388019379
2350,388072815,2350,452019785
2350,452073945,2350,516033538
2350,516087280,2350,580019482
2350,580073169,2350,644019398
2350,644076642,2350,708019187
2350,708072603,2350,772019510
2350,772073561,2350,828027027
2350,828081695,2350,892019378
2350,892073091,2350,956019523
2350,956073771,2351,020032866
2351,020086757,2351,084020073
2351,084074538,2351,148019611
2351,148073383,2351,212019549
2351,212073021,2351,276019879
2351,276074367,2351,340019713
2351,340073476,2351,404019366
2351,404073153,2351,468019433
2351,468081181,2351,564019550
2351,564073017,2351,636034859
2351,636088820,2351,700019464
2351,700072841,2351,764016340
2351,764069369,2351,828020057
2351,828074898,2351,924019329
2351,924072871,2352,020029971
2352,020084405,2352,084027977
2352,084082178,2352,148034393
2352,148087963,2352,212019481
2352,212072809,2352,276019563
2352,276073837,2352,340019473
2352,340073013,2352,404028192
2352,404081853,2352,468019406
2352,468081044,2352,532019271
2352,532072978,2352,596020399
2352,596074209,2352,660027370
2352,660080973,2352,724022479
2352,724076530,2352,784045144
2352,784099178,2352,844020503
2352,844074218,2352,908027468
2352,908081029,2352,972029861
2352,972084443,2353,036046025
2353,036100184,2353,104036339
2353,104090445,2353,168031315
2353,168086743,2353,232020244
2353,232073743,2353,328021198
2353,328076056,2353,392027936
2353,392081706,2353,456027446
2353,456082256,2353,520020304
2353,520074125,2353,584030547
2353,584084622,2353,648020985
2353,648074742,2353,712019570
2353,712073210,2353,776019611
2353,776072993,2353,844029618
2353,844083766,2353,908019411
2353,908072877,2353,972019581
2353,972074115,2354,036037666
2354,036091985,2354,100027395
2354,100081229,2354,164020425
2354,164074141,2354,228019850
2354,228073677,2354,292034626
2354,292088983,2354,356020034
2354,356073868,2354,420019207
2354,420072590,2354,484019381
2354,484073732,2354,548019382
2354,548080324,2354,680022006
2354,680075919,2354,744056956
2354,744111305,2354,808021272
2354,808075003,2354,908019233
2354,908072810,2354,972031976
2354,972086487,2355,036045127
2355,036099630,2355,100019398
2355,100080369,2355,164027141
2355,164080647,2355,228027432
2355,228081100,2355,292048527
2355,292103075,2355,356029241
2355,356082653,2355,452019871
2355,452074531,2355,516027285
2355,516080740,2355,580019181
2355,580072765,2355,676019445
2355,676073208,2355,740027288
2355,740080886,2355,804019357
2355,804072938,2355,876019365
2355,888019108,2355,952019948
2355,952074035,2356,016027525
2356,016081374,2356,068026855
2356,084032346,2356,164027849
2356,180019364,2356,244034676
2356,244088381,2356,308019835
2356,308074258,2356,372019271
2356,372080108,2356,436019244
2356,436073244,2356,500027627
2356,500081903,2356,564019248
2356,564072571,2356,628019476
2356,628073091,2356,692012662
2356,692069263,2356,756021411
2356,756075400,2356,812030719
2356,812085482,2356,876027448
2356,876080869,2356,940041035
2356,940095644,2357,004021305
2357,004074447,2357,068033754
2357,068088230,2357,160039752
2357,172014391,2357,236020211
2357,236073364,2357,300024644
2357,300080164,2357,364013719
2357,364068496,2357,428015493
2357,428070355,2357,492015112
2357,492070348,2357,556015463
2357,556071087,2357,620014966
2357,620069251,2357,684020736
2357,684074248,2357,756019353
2357,756073091,2357,828026742
2357,828081607,2357,924019433
2357,924073036,2357,988019401
2357,988073606,2358,052019471
2358,052073503,2358,116027657
2358,116081133,2358,180019424
2358,180073086,2358,244018975
2358,244072773,2358,308019804
2358,308075022,2358,372027421
2358,372080970,2358,424043235
2358,436032803,2358,500019260
2358,500073454,2358,564019480
2358,564073110,2358,628019439
2358,628073279,2358,692019435
2358,692072867,2358,756029998
2358,756084394,2358,844029792
2358,844083750,2358,908019479
2358,908080797,2358,972019936
2358,972074019,2359,036030682
2359,036084571,2359,100012392
2359,100066032,2359,164021001
2359,164074621,2359,228027616
2359,228081266,2359,292052515
2359,292106189,2359,356013537
2359,356067809,2359,420019451
2359,420080451,2359,484019735
2359,484074045,2359,548019616
2359,548073671,2359,644019408
2359,644072916,2359,708019443
2359,708073000,2359,772019962
2359,772073643,2359,828034914
2359,828089781,2359,892019607
2359,892073649,2359,964019544
2359,964073817,2360,024019358
2360,024073083,2360,088027453
2360,088081474,2360,184021191
2360,184074687,2360,248034599
2360,248088387,2360,312097844
2360,312152418,2360,376019444
2360,376080918,2360,440036381
2360,440090987,2360,500019443
2360,500073423,2360,564019484
2360,564080248,2360,628019491
2360,628080593,2360,692020980
2360,692074504,2360,756038882
2360,756092672,2360,844031152
2360,856036390,2360,920027635
2360,920081482,2360,984040648
2360,984095089,2361,040037657
2361,040091784,2361,104026874
2361,104080743,2361,200030665
2361,200085229,2361,264027708
2361,264081212,2361,328106692
2361,328161916,2361,392027755
2361,392081283,2361,456029897
2361,456084591,2361,520020873
2361,520074803,2361,584020033
2361,584073872,2361,648019888
2361,648073489,2361,712019596
2361,712072955,2361,776020048
2361,776074204,2361,844019560
2361,856019406,2361,920019435
2361,920073083,2361,984019399
2361,984073730,2362,040044798
2362,040099323,2362,104021468
2362,104075135,2362,168019340
2362,168072976,2362,232021457
2362,232074979,2362,296041604
2362,296095443,2362,360021239
2362,360075642,2362,424019407
2362,424073022,2362,488021321
2362,488075435,2362,552019393
2362,552080263,2362,616029669
2362,616087185,2362,680019287
2362,680072818,2362,744021445
2362,744074966,2362,808035009
2362,808089118,2362,876020569
2362,888019448,2362,952019657
2362,952074002,2363,016026647
2363,016087785,2363,072020005
2363,072074378,2363,136019821
2363,136080743,2363,200019352
2363,200072929,2363,264019370
2363,264072795,2363,360055205
2363,360109894,2363,456019486
2363,456073986,2363,552019437
2363,552073230,2363,616029045
2363,616082904,2363,680027426
2363,680081369,2363,744019194
2363,744072785,2363,808019231
2363,808072993,2363,892019444
2363,892073498,2363,956019635
2363,956073915,2364,020020820
