4453,488873256,                4453,560075470
4453,560164740,                4453,656019764
4453,656097918,                4453,752019814
4453,752096312,                4453,812031213
4453,824050288,                4453,932039724
4453,932102681,                4454,028022300
4454,028101101,                4454,124019680
4454,124102760,                4454,220019516
4454,220094678,                4454,316019480
4454,316098241,                4454,412042769
4454,412111848,                4454,508050741
4454,508128010,                4454,604029323
4454,604098337,                4454,700019631
4454,700089503,                4454,796023688
4454,796100199,                4454,892019623
4454,892089037,                4454,924021564
4454,924090517,                4455,020019843
4455,020092076,                4455,116019654
4455,116089424,                4455,212019513
4455,212089663,                4455,308021853
4455,308094203,                4455,404019423
4455,404088762,                4455,468034524
4455,468114564,                4455,584019635
4455,584089896,                4455,680019506
4455,680089145,                4455,744013077
4455,744082773,                4455,876019657
4455,888019632,                4455,964019799
4455,976049498,                4456,116019790
4456,116089602,                4456,180019829
4456,180089788,                4456,280022263
4456,280091691,                4456,376019734
4456,376091007,                4456,472019616
4456,472090760,                4456,588052440
4456,588123489,                4456,684027782
4456,684105857,                4456,780027926
4456,780103494,                4456,844036903
4456,844107021,                4456,940052497
4456,940125675,                4456,972048623
4456,972118034,                4457,068033700
4457,068104528,                4457,164035796
4457,164107791,                4457,260019955
4457,260096880,                4457,356048831
4457,356120067,                4457,420020004
4457,420089733,                4457,516035772
4457,516105875,                4457,612044219
4457,612114142,                4457,708019502
4457,708089007,                4457,804019561
4457,804089396,                4457,936013727
4457,936077764,                4458,000016962
4458,000086868,                4458,096019659
4458,096089958,                4458,192019561
4458,192089634,                4458,288019461
4458,288088996,                4458,384019437
4458,384091008,                4458,456019716
4458,456091330,                4458,556034696
4458,556112212,                4458,652019865
4458,652089762,                4458,716018975
4458,716088126,                4458,812023300
4458,812092849,                4458,876019574
4458,876089243,                4458,972019618
4458,972091600,                4459,004020532
4459,004090306,                4459,100019736
4459,100089809,                4459,196019364
4459,196089386,                4459,292042193
4459,292118500,                4459,356016244
4459,356084245,                4459,452022305
4459,452093270,                4459,540019921
4459,552019285,                4459,616019548
4459,616088849,                4459,704019839
4459,704088557,                4459,780021090
4459,780103450,                4459,876019535
4459,876090177,                4459,972019735
4459,972090554,                4460,036019484
4460,036089071,                4460,132019676
4460,132089048,                4460,228019392
4460,228089642,                4460,292014868
4460,292076821,                4460,388019609
4460,388091766,                4460,484067203
4460,484132125,                4460,580023031
4460,580087734,                4460,668021536
4460,668089952,                4460,744050965
4460,744121037,                4460,844042688
4460,856050278,                4460,932019586
4460,932083276,                4461,028013511
4461,028080341,                4461,092014699
4461,092081147,                4461,188036978
4461,188103981,                4461,284014198
4461,284080960,                4461,380022590
4461,380088462,                4461,476014494
4461,476081476,                4461,568042587
4461,568122233,                4461,632035465
4461,632105375,                4461,728019546
4461,728088904,                4461,828018496
4461,828089957,                4461,936006705
4461,948019623,                4462,056019895
4462,068019386,                4462,156045001
4462,156114131,                4462,220021960
4462,220091731,                4462,328019632
4462,328091397,                4462,392019709
4462,392089560,                4462,488020045
4462,488091172,                4462,556019760
4462,556089445,                4462,652019700
4462,652089581,                4462,748019499
4462,748088691,                4462,844029254
4462,844098664,                4462,908019550
4462,908088703,                4463,004020594
4463,004087885,                4463,100019697
4463,100090075,                4463,164034708
4463,164104251,                4463,260019789
4463,260089873,                4463,356019804
4463,356091649,                4463,452019703
4463,452091237,                4463,540020033
4463,540089189,                4463,604019782
4463,604088781,                4463,700019534
4463,700088755,                4463,796019734
4463,796089961,                4463,860019565
4463,860089726,                4463,956019707
4463,956091049,                4464,052022029
4464,052091602,                4464,084050795
4464,084129101,                4464,180035363
4464,180105724,                4464,276019563
4464,276089062,                4464,372019672
4464,372091572,                4464,468020049
4464,468091129,                4464,532019755
4464,532089269,                4464,628019652
4464,628088994,                4464,724014801
4464,724079506,                4464,812023375
4464,812093632,                4464,876027310
4464,876096062,                4464,972049793
4464,972123041,                4465,064035561
4465,064105627,                4465,128042700
4465,128111342,                4465,192042573
4465,192114225,                4465,288049589
4465,288118948,                4465,384063071
4465,384134264,                4465,448050154
4465,448121464,                4465,512048809
4465,512118703,                4465,612042427
4465,624050768,                4465,732039842
4465,732109343,                4465,796022051
4465,796091901,                4465,892019654
4465,892089415,                4465,988019757
4465,988090732,                4466,052019727
4466,052089117,                4466,116019898
4466,116089316,                4466,212019642
4466,212090862,                4466,276019534
4466,276089100,                4466,372019616
4466,372091370,                4466,468019625
4466,468091414,                4466,556019410
4466,556089125,                4466,652019967
4466,652089882,                4466,716019574
4466,716088801,                4466,812019334
4466,812090496,                4466,876019734
4466,876089036,                4466,940013313
4466,940084679,                4467,036019465
4467,036090374,                4467,132019462
4467,132089588,                4467,196019538
4467,196088927,                4467,292020378
4467,292115450,                4467,388019925
4467,388121581,                4467,484019767
4467,484106454,                4467,580019838
4467,580097580,                4467,676019523
4467,676119132,                4467,772027143
4467,772114472,                4467,860019685
4467,860120000,                4467,924019792
4467,924111866,                4468,032019632
4468,044019681,                4468,140019561
4468,140118617,                4468,236021508
4468,236119290,                4468,324019629
4468,324112086,                4468,400019688
4468,400114459,                4468,500038990
4468,500118749,                4468,580013543
4468,580079455,                4468,676014238
4468,676110538,                4468,768033401
4468,780038990,                4468,860042277
4468,860115439,                4468,956019271
4468,956120226,                4469,052042371
4469,052121940,                4469,156021072
4469,156111240,                4469,220036697
4469,220116458,                4469,316048055
4469,316123525,                4469,412017645
4469,412106039,                4469,508053323
4469,508122739,                4469,624043920
4469,636014537,                4469,740020136
4469,740108922,                4469,828037381
4469,828111977,                4469,904019713
4469,904105342,                4470,000018052
4470,000104346,                4470,104019560
4470,104112731,                4470,200022015
4470,200107217,                4470,264019619
4470,264112990,                4470,360019721
4470,360119955,                4470,456019787
4470,456129569,                4470,552019537
4470,552105074,                4470,648019484
4470,648120377,                4470,744021741
4470,744113667,                4470,856026924
4470,856119485,                4470,920019949
4470,920112173,                4471,016019670
4471,016114708,                4471,060019969
4471,072027240,                4471,180044082
4471,192019302,                4471,256021535
4471,256093374,                4471,364034117
4471,364112874,                4471,460019701
4471,460115287,                4471,524019882
4471,524113178,                4471,620019995
4471,620112637,                4471,716019561
4471,716113124,                4471,812022698
4471,812114952,                4471,908019572
4471,908112376,                4472,004026737
4472,004113541,                4472,100019687
4472,100120809,                4472,164019531
4472,164112512,                4472,260029382
4472,260114170,                4472,356034737
4472,356116113,                4472,452026673
4472,452135180,                4472,556019688
4472,556112266,                4472,652019885
4472,652112899,                4472,772026190
4472,772106288,                4472,872058576
4472,872131337,                4472,968036388
4472,968114730,                4473,064042751
4473,064128446,                4473,160051291
4473,160131665,                4473,192057299
4473,192136719,                4473,288049683
4473,288128732,                4473,384133816
4473,384217767,                4473,480051346
4473,480137646,                4473,572036374
4473,584019244,                4473,692035008
4473,692127891,                4473,788019722
4473,788119847,                4473,892019617
4473,892114045,                4473,988019757
4473,988121180,                4474,052019712
4474,052112188,                4474,160042563
4474,160129245,                4474,192019762
4474,192105097,                4474,256008337
4474,256080798,                4474,348038603
4474,348125374,                4474,444031106
4474,444126167,                4474,540051881
4474,540116806,                4474,636021567
4474,636107750,                4474,732019581
4474,732105717,                4474,828026904
4474,828114097,                4474,892021480
4474,892114584,                4474,988042650
4474,988123383,                4475,084019877
4475,084112157,                4475,180019604
4475,180118303,                4475,244019650
4475,244118531,                4475,340019787
4475,340111497,                4475,436039837
4475,436114417,                4475,532021890
4475,532115110,                4475,628019545
4475,628104943,                4475,724019993
4475,724106266,                4475,828020263
4475,828107752,                4475,916021312
4475,916113762,                4475,992020088
4476,008057256,                4476,120019577
4476,120105618,                4476,216020015
4476,216105524,                4476,312029116
4476,312115875,                4476,408016712
4476,408096414,                4476,500019879
4476,500114409,                4476,564019896
4476,564119779,                4476,660019767
4476,660119866,                4476,756028486
4476,756099434,                4476,844034781
4476,856057925,                4476,932020241
4476,932099898,                4477,028020373
4477,028102243,                4477,124030130
4477,124107232,                4477,220027336
4477,220122088,                4477,316029386
4477,316101107,                4477,408020571
4477,408107160,                4477,504041703
4477,504127468,                4477,600027876
4477,600121909,                4477,664019841
4477,664117861,                4477,760019540
4477,760105507,                4477,860034615
4477,860129187,                4477,956019702
4477,956128910,                4478,052019646
4478,052112577,                4478,148019603
4478,148112290,                4478,244019626
4478,244113331,                4478,340019608
4478,340120096,                4478,404019766
4478,404114929,                4478,488019696
4478,488121748,                4478,584027126
4478,584112041,                4478,680019446
4478,680105116,                4478,776019760
4478,776118489,                4478,844019834
4478,844127189,                4478,908019694
4478,908111721,                4479,004022558
4479,004108754,                4479,100012641
4479,100077857,                4479,196029180
4479,196122429,                4479,228014351
4479,228113743,                4479,324019532
4479,324127330,                4479,420019732
4479,420114206,                4479,516035065
4479,516122885,                4479,580019687
4479,580112525,                4479,676019762
4479,676105211,                4479,772019810
4479,772113799,                4479,892019670
4479,892112718,                4479,980019616
4479,980127915,                4480,044027809
4480,044116484,                4480,152044390
4480,152123226,                4480,216019819
4480,216119454,                4480,312019725
4480,312119696,                4480,376019743
4480,376105194,                4480,468019867
4480,480020195,                4480,548019561
4480,548121466,                4480,616038151
4480,616123439,                4480,712057405
4480,712136776,                4480,828030270
4480,828117477,                4480,916014594
4480,916087882,                4481,012027207
4481,012103801,                4481,120034910
4481,136034983,                4481,200035397
4481,200116703,                4481,244020398
4481,244127647,                4481,340019742
4481,340105029,                4481,436028512
4481,436117635,                4481,532019656
