6169,795080450,6169,843639441
6169,843744252,6169,879599133
6169,879696108,6169,911608334
6169,911709862,6169,943611181
6169,943693175,6169,975602441
6169,975710762,6170,007603729
6170,007704930,6170,051607681
6170,051694622,6170,083601905
6170,083681345,6170,115601657
6170,115695527,6170,147618723
6170,147711266,6170,179609611
6170,179703526,6170,211625612
6170,211726033,6170,243601650
6170,243709478,6170,275618083
6170,275718742,6170,307601534
6170,307708767,6170,339602645
6170,339710603,6170,371602419
6170,371704745,6170,411612101
6170,411720370,6170,443603969
6170,443706609,6170,475631099
6170,475739457,6170,507610446
6170,507718302,6170,539633857
6170,539748560,6170,571609438
6170,571709644,6170,603601717
6170,603709353,6170,635601634
6170,635709557,6170,679602219
6170,679703118,6170,711606727
6170,711706900,6170,743618250
6170,743714438,6170,775626155
6170,775741297,6170,807610077
6170,807693440,6170,839602283
6170,839717161,6170,879610962
6170,879719030,6170,923602817
6170,923703878,6170,979605754
6170,979722104,6171,023602213
6171,023717207,6171,055602413
6171,055703305,6171,087602575
6171,087717933,6171,119602533
6171,119710538,6171,151616717
6171,151717485,6171,183603715
6171,183711345,6171,215602465
6171,215715595,6171,247604787
6171,247708301,6171,279608005
6171,279716050,6171,311611261
6171,311718994,6171,355602940
6171,355711622,6171,387607298
6171,387708818,6171,419602248
6171,419717307,6171,451603724
6171,451713317,6171,483602261
6171,483710498,6171,507649102
6171,507757058,6171,539603072
6171,539711464,6171,571602144
6171,571703209,6171,603596735
6171,603711984,6171,635605017
6171,635712693,6171,667602337
6171,667702729,6171,699595857
6171,699709121,6171,731611661
6171,731721785,6171,763597364
6171,763705632,6171,795602426
6171,795688972,6171,827597653
6171,827685079,6171,863604803
6171,863719962,6171,895622143
6171,895729890,6171,927621285
6171,927707488,6171,959612342
6171,959714572,6171,991610756
6171,991718470,6172,023618561
6172,023719959,6172,055619116
6172,055734833,6172,087617543
6172,087718491,6172,119619626
6172,119734781,6172,151619503
6172,151727593,6172,183602789
6172,183717696,6172,215595011
6172,215703026,6172,247603968
6172,247714535,6172,279609308
6172,279717307,6172,311602126
6172,311703323,6172,343596456
6172,343697479,6172,375602032
6172,375704767,6172,427600925
6172,427716540,6172,459605914
6172,459708427,6172,491598410
6172,491699875,6172,523601401
6172,523710071,6172,555600624
6172,555708909,6172,587602001
6172,587717259,6172,619601435
6172,619717748,6172,651604480
6172,651698818,6172,683601159
6172,683709610,6172,715602985
6172,715718580,6172,747597931
6172,747714749,6172,779606225
6172,779707843,6172,811610332
6172,811736556,6172,843603455
6172,843718825,6172,879595873
6172,879697284,6172,911602579
6172,911724723,6172,943600313
6172,943717153,6172,975602880
6172,975717757,6173,007603504
6173,007718630,6173,039601903
6173,039708993,6173,071609488
6173,071717904,6173,103602155
6173,103723885,6173,135588229
6173,135695903,6173,167610365
6173,167726548,6173,199595247
6173,199710791,6173,231605114
6173,231729164,6173,263594981
6173,263711026,6173,295602142
6173,295724004,6173,327595666
6173,327717514,6173,359609046
6173,359716794,6173,391610531
6173,391726467,6173,423601938
6173,423716095,6173,455603546
6173,455713618,6173,487595404
6173,487717114,6173,519600147
6173,519708088,6173,551595663
6173,551710457,6173,583602947
6173,583711272,6173,615597661
6173,615712220,6173,647602675
6173,647710551,6173,679604953
6173,679727419,6173,711594965
6173,711702766,6173,743605248
6173,743722170,6173,775643055
6173,775751849,6173,807602084
6173,807696198,6173,839602181
6173,839710284,6173,863629479
6173,863738218,6173,895611751
6173,895712856,6173,927609047
6173,927715147,6173,959600929
6173,959696834,6173,991594783
6173,991709434,6174,035602047
6174,035710535,6174,067595070
6174,067702536,6174,111600298
6174,111707782,6174,143614976
6174,143722847,6174,175611212
6174,175719645,6174,207604188
6174,207710434,6174,239603917
6174,239714886,6174,271601839
6174,271710024,6174,303601713
6174,303709840,6174,335594939
6174,335702682,6174,367604671
6174,367721303,6174,399601616
6174,399702168,6174,431602107
6174,431717516,6174,463598993
6174,463708624,6174,495601987
6174,495703429,6174,527594404
6174,527716406,6174,559601897
6174,559702789,6174,591594792
6174,591702199,6174,623602090
6174,623710287,6174,655594801
6174,655702609,6174,687601655
6174,687702318,6174,719602752
6174,719702887,6174,751604004
6174,751714350,6174,783596192
6174,783697792,6174,815595069
6174,815695572,6174,847605794
6174,847713967,6174,879594602
6174,879710726,6174,911594669
6174,911710171,6174,943606394
6174,943708659,6174,975596849
6174,975712121,6175,007602955
6175,007717404,6175,039594693
6175,039702308,6175,071601662
6175,071701092,6175,103608839
6175,103724569,6175,135587170
6175,135688388,6175,167601101
6175,167716530,6175,199601931
6175,199702558,6175,231598271
6175,231709326,6175,263594915
6175,263702378,6175,295601604
6175,295716577,6175,327606347
6175,327714183,6175,359594680
6175,359702651,6175,391589099
6175,391697269,6175,427601985
6175,427724873,6175,459603882
6175,459706988,6175,491594608
6175,491709711,6175,523602070
6175,523715345,6175,555601275
6175,555708727,6175,587601761
6175,587709564,6175,619595487
6175,619696525,6175,651594504
6175,651701762,6175,683594491
6175,683712426,6175,715595745
6175,715703301,6175,747592375
6175,747702628,6175,779613891
6175,779715647,6175,811589988
6175,811691404,6175,843595292
6175,843703419,6175,879604543
6175,879719485,6175,911625315
6175,911719451,6175,955591343
6175,955700809,6175,987598894
6175,987707146,6176,019593557
6176,019715793,6176,051596782
6176,051697709,6176,083589786
6176,083704877,6176,115612210
6176,115727710,6176,147589183
6176,147695563,6176,179605547
6176,179714743,6176,211595678
6176,211710326,6176,243603946
6176,243707341,6176,275604612
6176,275712987,6176,307608726
6176,307709808,6176,339635092
6176,339735995,6176,371604063
6176,371720107,6176,403610448
6176,403725121,6176,435612677
6176,435715971,6176,467602636
6176,467703618,6176,499604441
6176,499712758,6176,531601857
6176,531709747,6176,563601785
6176,563702990,6176,595597060
6176,595719496,6176,627601860
6176,627716946,6176,659594642
6176,659695532,6176,691627614
6176,691735386,6176,723599245
6176,723720461,6176,755604004
6176,755714011,6176,787601267
6176,787709729,6176,819602045
6176,819710950,6176,847615456
6176,847730167,6176,879602443
6176,879717742,6176,911600008
6176,911707446,6176,943613186
6176,943716214,6176,975602128
6176,975716318,6177,007605361
6177,007712384,6177,039600293
6177,039707113,6177,071602348
6177,071717823,6177,103602875
6177,103710170,6177,135594839
6177,135702343,6177,167601567
6177,167704995,6177,199602293
6177,199718205,6177,231597322
6177,231714429,6177,263602471
6177,263718557,6177,295594894
6177,295716831,6177,327604490
6177,327713307,6177,359594777
6177,359709563,6177,391614824
6177,391729662,6177,415621997
6177,415730076,6177,447614445
6177,447724407,6177,479622172
6177,479736419,6177,511602665
6177,511716277,6177,543614908
6177,543721658,6177,575602349
6177,575709864,6177,607603431
6177,607710666,6177,639602741
6177,639710999,6177,671595276
6177,671717611,6177,703601694
6177,703701815,6177,735613147
6177,735730251,6177,767602285
6177,767710852,6177,799599274
6177,799707479,6177,831603786
6177,831697430,6177,863597920
6177,863719676,6177,895614714
6177,895715346,6177,927595355
6177,927695818,6177,959615158
6177,959724401,6177,991604122
6177,991712587,6178,023601606
6178,023710345,6178,055598675
6178,055713577,6178,087601478
6178,087709325,6178,119597837
6178,119712819,6178,151602227
6178,151709862,6178,183595797
6178,183710359,6178,215601703
6178,215701087,6178,247612859
6178,247730898,6178,279602256
6178,279710139,6178,311605765
6178,311706671,6178,343602840
6178,343717683,6178,375625627
6178,375741886,6178,407583569
6178,407664087,6178,435609500
6178,435718942,6178,467602619
6178,467710782,6178,499601507
6178,499709669,6178,531601796
6178,531714525,6178,563601706
6178,563709424,6178,595601970
6178,595702827,6178,627594183
6178,627710227,6178,659601500
6178,659709083,6178,691594597
6178,691702593,6178,723627367
6178,723728420,6178,755599349
6178,755716439,6178,787603252
6178,787718711,6178,819594732
6178,819710501,6178,847612824
6178,847720978,6178,879594360
6178,879710083,6178,911601740
6178,911707977,6178,943596838
6178,943706565,6178,975608511
6178,975709872,6179,007609763
6179,007724310,6179,039601591
6179,039702662,6179,071575082
6179,071654764,6179,103594397
6179,103695625,6179,135599625
6179,135707241,6179,167601407
6179,167709298,6179,199594328
6179,199702195,6179,231596789
6179,231706938,6179,263601663
6179,263716438,6179,295615434
6179,295723719,6179,327603523
6179,327702919,6179,359605956
6179,359720404,6179,391614742
6179,391727855,6179,419619450
6179,419721852,6179,451606582
6179,451722794,6179,483594591
6179,483695505,6179,523610447
6179,523724496,6179,567600656
6179,567701483,6179,611603426
6179,611712321,6179,643602155
6179,643703162,6179,675616303
6179,675724119,6179,707602581
6179,707710485,6179,751620637
6179,751737608,6179,783614559
6179,783723227,6179,831634284
6179,831727541,6179,895611112
6179,895726728,6179,943613315
6179,943715329,6179,991613727
6179,991715269,6180,023606725
6180,023722682,6180,055619352
6180,055733838,6180,099588565
6180,099696350,6180,147594823
6180,147703331,6180,179602817
6180,179717506,6180,211639153
6180,211739427,6180,275613688
6180,275716429,6180,323601629
6180,323710090,6180,371595693
6180,371711772,6180,403606361
6180,403723716,6180,435609597
6180,435719007,6180,467601841
6180,467716613,6180,499602290
6180,499710129,6180,531602515
6180,531710491,6180,591596915
6180,591724936,6180,623594711
6180,623709395,6180,655595064
6180,655702387,6180,687604233
6180,687712749,6180,719594956
6180,719709339,6180,751606608
6180,751723979,6180,783603693
6180,783725758,6180,815595602
6180,815710921,6180,847606285
6180,847727856,6180,879601943
6180,879710337,6180,911598513
6180,911712869,6180,943604069
6180,943720453,6180,975602090
6180,975709760,6181,007602289
6181,007710283,6181,039611036
6181,039732680,6181,071602713
6181,071718883,6181,103616709
6181,103725123,6181,135601723
6181,135716994,6181,167598750
6181,167714951,6181,199599915
6181,199707557,6181,231597949
6181,231722313,6181,263600400
6181,263695552,6181,295602124
6181,295716834,6181,327684008
6181,327799154,6181,359609350
6181,359724073,6181,391606931
6181,391715515,6181,419612625
6181,419734071,6181,451603881
6181,451720736,6181,483601347
6181,483716005,6181,515602244
6181,515710919,6181,547602082
6181,547716179,6181,579602687
6181,579710866,6181,611608507
6181,611726507,6181,643602433
6181,643718512,6181,675599783
6181,675700405,6181,707602251
6181,707710292,6181,739605371
6181,739722771,6181,771588079
6181,771703816,6181,803601967
6181,803717248,6181,835602699
6181,835710487,6181,863603845
6181,863719206,6181,895598780
6181,895713731,6181,927600225
6181,927714746,6181,959610206
6181,959713096,6181,991607158
6181,991715269,6182,023595304
6182,023703655,6182,055619825
6182,055721020,6182,087610942
6182,087719000,6182,119608090
6182,119715840,6182,151615899
6182,151717697,6182,183597851
6182,183712396,6182,215601026
6182,215708470,6182,247598695
6182,247708642,6182,279600224
6182,279701663,6182,311601691
6182,311709604,6182,343611833
6182,343719736,6182,375603668
6182,375712042,6182,407599549
6182,407723331,6182,439600305
6182,439724290,6182,471602120
6182,471702070,6182,503594237
6182,503702298,6182,535600484
6182,535715577,6182,567603921
6182,567712081,6182,599610924
6182,599711135,6182,631594417
6182,631716333,6182,663598684
6182,663706494,6182,695594289
6182,695709059,6182,727598568
6182,727708742,6182,759594320
6182,759709240,6182,791600694
6182,791709416,6182,823594608
6182,823702882,6182,847603406
6182,847704430,6182,879601700
6182,879716381,6182,923596786
6182,923705242,6182,955603351
6182,955712316,6182,987595416
6182,987703098,6183,019601425
6183,019722923,6183,051595151
6183,051703134,6183,083604851
6183,083719354,6183,115601523
6183,115715762,6183,147603552
6183,147704047,6183,179598743
6183,179707162,6183,211601303
6183,211715966,6183,243611055
6183,243721829,6183,275609577
6183,275717627,6183,307595438
6183,307696404,6183,339602325
6183,339717135,6183,371596197
6183,371704580,6183,403616157
6183,403731364,6183,435613200
6183,435723214,6183,467601389
6183,467709428,6183,499594873
6183,499709528,6183,539608150
6183,539722704,6183,571594278
6183,571695536,6183,603595558
6183,603710333,6183,635595197
6183,635710712,6183,667608438
6183,667716388,6183,699588806
6183,699689928,6183,731610944
6183,731728146,6183,763588978
6183,763690132,6183,795597010
6183,795704523,6183,827590625
6183,827698709,6183,863634525
6183,863742673,6183,895603278
6183,895717863,6183,927617294
6183,927725002,6183,959619391
6183,959728949,6183,991610676
6183,991726034,6184,023611112
6184,023726547,6184,055618182
6184,055731465,6184,087611656
6184,087720215,6184,119610581
6184,119718541,6184,151608904
6184,151717062,6184,183608952
6184,183716967,6184,215594854
6184,215702656,6184,247603239
6184,247713625,6184,279609304
6184,279710518,6184,311601293
6184,311721501,6184,343596555
6184,343698087,6184,375601171
6184,375716656,6184,407596376
6184,407713545,6184,439603390
6184,439705945,6184,471595056
6184,471707787,6184,503601420
6184,503716951,6184,535595020
6184,535710531,6184,567601281
6184,567702199,6184,599594899
6184,599703977,6184,631601604
6184,631723548,6184,663595185
6184,663696204,6184,695611294
6184,695719064,6184,727605031
6184,727723591,6184,759604123
6184,759719391,6184,791597099
6184,791705018,6184,823602262
6184,823703001,6184,863610272
6184,863718587,6184,895601317
6184,895716035,6184,927601869
6184,927709759,6184,959609974
6184,959719103,6185,003596154
6185,003711813,6185,035609098
6185,035717101,6185,067594518
6185,067703294,6185,099608630
6185,099723033,6185,131594988
6185,131710920,6185,175615364
6185,175725358,6185,207594305
6185,207702924,6185,239611983
6185,239729865,6185,271591756
6185,271699851,6185,303610139
6185,303718273,6185,335596482
6185,335711060,6185,367603135
6185,367711501,6185,399594104
6185,399701310,6185,435611614
6185,435734680,6185,467594749
6185,467702726,6185,499604245
6185,499712851,6185,531602474
6185,531717553,6185,563601773
6185,563716305,6185,595613839
6185,595721499,6185,627601183
6185,627723691,6185,659600198
6185,659714858,6185,691610293
6185,691711470,6185,723596395
6185,723718255,6185,755612172
6185,755728916,6185,787595660
6185,787703995,6185,819601375
6185,819709615,6185,847598408
6185,847706665,6185,879601699
6185,879717244,6185,911594512
6185,911702322,6185,943603732
6185,943713469,6185,975594366
6185,975695312,6186,007610279
6186,007725372,6186,039594590
6186,039702544,6186,071608698
6186,071709489,6186,103594227
6186,103702433,6186,135593942
6186,135716744,6186,167594847
6186,167702844,6186,211601522
6186,211716410,6186,243597037
6186,243707521,6186,275611160
6186,275712405,6186,307594525
6186,307709808,6186,339602490
6186,339696359,6186,371599692
6186,371702036,6186,403588765
6186,403705550,6186,435607786
6186,435731598,6186,467604406
6186,467713270,6186,499594197
6186,499709051,6186,531613591
6186,531728593,6186,563594313
6186,563702433,6186,595601676
6186,595707965,6186,627608992
6186,627725333,6186,659601449
6186,659702323,6186,691596786
6186,691704742,6186,723601252
6186,723708946,6186,755596158
6186,755713400,6186,787603314
6186,787711735,6186,819595096
6186,819696583,6186,847611328
6186,847712366,6186,879594232
6186,879715804,6186,911601247
6186,911715425,6186,943602808
6186,943712361,6186,975604343
6186,975711962,6187,007604260
6187,007711036,6187,039603526
6187,039704921,6187,071594630
6187,071715613,6187,103601167
6187,103715254,6187,135593581
6187,135701414,6187,167601599
6187,167708942,6187,199593943
6187,199714319,6187,231603616
6187,231707056,6187,263594421
6187,263702713,6187,295601503
6187,295709556,6187,327594123
6187,327709162,6187,359602318
6187,359706444,6187,391574747
6187,391661546,6187,419650771
6187,419765345,6187,451596087
6187,451712419,6187,483601649
6187,483702097,6187,523594929
6187,523716669,6187,555619614
6187,555727410,6187,587597144
6187,587704848,6187,619602288
6187,619709791,6187,651594291
6187,651708915,6187,683601355
6187,683701700,6187,715594229
6187,715709384,6187,747598680
6187,747708555,6187,779588386
6187,779703969,6187,811595410
6187,811689555,6187,843591897
6187,843700091,6187,879610873
6187,879726471,6187,911594833
6187,911696146,6187,943615347
6187,943718054,6187,975617312
6187,975725731,6188,007611834
6188,007719256,6188,039597983
6188,039705519,6188,071611588
6188,071712330,6188,103596974
6188,103711690,6188,135603618
6188,135712097,6188,167595162
6188,167710470,6188,199610840
6188,199718242,6188,231605632
6188,231722627,6188,263601071
6188,263707223,6188,295598524
6188,295714109,6188,327601312
6188,327708786,6188,359594519
6188,359702454,6188,391607738
6188,391723228,6188,415652148
6188,415719223,6188,435617943
6188,435720359,6188,467594136
6188,467701848,6188,499605154
6188,499705573,6188,531594114
6188,531709302,6188,563603958
6188,563711300,6188,595594273
6188,595716500,6188,627601434
6188,627709546,6188,659610095
6188,659717869,6188,691602273
6188,691716652,6188,723594642
6188,723708882,6188,755614436
6188,755725318,6188,787597850
6188,787720162,6188,819594538
6188,819701631,6188,847613645
6188,847735584,6188,879602064
6188,879716303,6188,911594682
6188,911709301,6188,935619903
6188,935737219,6188,967605690
6188,967713825,6188,999614551
6188,999722721,6189,031595024
6189,031710056,6189,063609698
6189,063725000,6189,095603469
6189,095711352,6189,127603032
6189,127697003,6189,159623780
6189,159732810,6189,191603329
6189,191712500,6189,223617969
6189,223725534,6189,255611404
6189,255729818,6189,287602569
6189,287703502,6189,319608215
6189,319723961,6189,351606168
6189,351720225,6189,383605495
6189,383714025,6189,415602048
6189,415709297,6189,447607885
6189,447724901,6189,479610024
6189,479724222,6189,511612245
6189,511719099,6189,543602465
6189,543709548,6189,575608170
6189,575723082,6189,607610192
6189,607717679,6189,639604369
6189,639713126,6189,671594207
6189,671715845,6189,703594764
6189,703702626,6189,735605571
6189,735715765,6189,767611374
6189,767726627,6189,799595457
6189,799703766,6189,831606460
6189,831714433,6189,863597868
6189,863712882,6189,895601971
6189,895710666,6189,927594035
6189,927708950,6189,959596076
6189,959704956,6189,991594195
6189,991702371,6190,023610716
6190,023726643,6190,055594307
6190,055709522,6190,087598581
6190,087699611,6190,119609177
6190,119717359,6190,151605730
6190,151720585,6190,183595212
6190,183706419,6190,215598503
6190,215705497,6190,247605723
6190,247722782,6190,279627276
6190,279727934,6190,311596798
6190,311704867,6190,343600264
6190,343708240,6190,375594089
6190,375709472,6190,407602911
6190,407719839,6190,443600686
6190,443717810,6190,475594966
6190,475695997,6190,507605449
6190,507713267,6190,539602471
6190,539702737,6190,571594061
6190,571702133,6190,603594595
6190,603701698,6190,635597767
6190,635719752,6190,667601878
6190,667714810,6190,699596612
6190,699704959,6190,731596918
6190,731706960,6190,763594457
6190,763709697,6190,795611434
6190,795712114,6190,827594298
6190,827709630,6190,863594951
6190,863703105,6190,895600237
6190,895709208,6190,927602460
6190,927710413,6190,959596440
6190,959712988,6190,991602541
6190,991703509,6191,023597388
6191,023718974,6191,055604015
6191,055712036,6191,087609869
6191,087711176,6191,119602019
6191,119710896,6191,151610488
6191,151726232,6191,183606144
6191,183706895,6191,215597318
6191,215704864,6191,247605738
6191,247715777,6191,279617233
6191,279725437,6191,311602705
6191,311710594,6191,343595841
6191,343703520,6191,375602113
6191,375710281,6191,407594745
6191,407710313,6191,443615328
6191,443732196,6191,475594579
6191,475702931,6191,507620830
6191,507728765,6191,539603083
6191,539717929,6191,571601911
6191,571709241,6191,603593243
6191,603687237,6191,635604374
6191,635720332,6191,667594223
6191,667709178,6191,699598740
6191,699699184,6191,731603799
6191,731706959,6191,763597045
6191,763705010,6191,795596828
6191,795704720,6191,827599441
6191,827700488,6191,863620929
6191,863728878,6191,895613210
6191,895727492,6191,927619118
6191,927733321,6191,959622777
6191,959725308,6191,991610084
6191,991711318,6192,023616306
6192,023730801,6192,055610030
6192,055717565,6192,087617544
6192,087718779,6192,119617164
6192,119731948,6192,151626612
6192,151735151,6192,183598013
6192,183706095,6192,215601901
6192,215702054,6192,247596424
6192,247713752,6192,279609507
6192,279710755,6192,311597388
6192,311705372,6192,343602439
6192,343710027,6192,375596950
6192,375711792,6192,407602508
6192,407712075,6192,443596506
6192,443720168,6192,475601434
6192,475702398,6192,507602626
6192,507710821,6192,539594154
6192,539701683,6192,571593919
6192,571708507,6192,603601298
6192,603709176,6192,635594149
6192,635716042,6192,667594070
6192,667701476,6192,699593782
6192,699708408,6192,731603945
6192,731721867,6192,763595897
6192,763710642,6192,795602949
6192,795703537,6192,827594586
6192,827716319,6192,863603766
6192,863711766,6192,895596576
6192,895710789,6192,927594881
6192,927709366,6192,959598149
6192,959714424,6192,991601258
6192,991709501,6193,023594040
6193,023715825,6193,055601453
6193,055713811,6193,087593896
6193,087701937,6193,119601266
6193,119716522,6193,151610689
6193,151719924,6193,183605307
6193,183706556,6193,215596311
6193,215718227,6193,247603570
6193,247721242,6193,279594010
6193,279709047,6193,311606517
6193,311721807,6193,343607440
6193,343721752,6193,375602627
6193,375710848,6193,407599358
6193,407713899,6193,443603290
6193,443719803,6193,475597105
6193,475712209,6193,507602159
6193,507716198,6193,539594339
6193,539715905,6193,571603611
6193,571705265,6193,603594470
6193,603708504,6193,635600945
6193,635709031,6193,667593888
6193,667708711,6193,699613783
6193,699714676,6193,731596408
6193,731713540,6193,763601348
6193,763701987,6193,795609801
6193,795717813,6193,827601655
6193,827702870,6193,863624434
6193,863732453,6193,895601269
6193,895716718,6193,927598642
6193,927713920,6193,959602706
6193,959705034,6193,991594741
6193,991716946,6194,023601077
6194,023716819,6194,055601086
6194,055709383,6194,087601230
6194,087709015,6194,119606107
6194,119721126,6194,151602301
6194,151710127,6194,183598486
6194,183706725,6194,215602133
6194,215709667,6194,247596639
6194,247706658,6194,279616308
6194,279709893,6194,311062817
6194,311153552,6194,343615146
6194,343709237,6194,375618815
6194,375727456,6194,407606140
6194,407722486,6194,443596683
6194,443699515,6194,475601692
6194,475702324,6194,507608824
6194,507717148,6194,539601322
6194,539701947,6194,571594267
6194,571703119,6194,603601161
6194,603701750,6194,635600644
6194,635708856,6194,667600986
6194,667701946,6194,699601696
6194,699702774,6194,731611092
6194,731714184,6194,763596173
6194,763711652,6194,807601989
6194,807710048,6194,839594715
6194,839703138,6194,879601298
6194,879707824,6194,911593965
6194,911708588,6194,943602946
6194,943712011,6194,975594321
6194,975702962,6195,007605079
6195,007719943,6195,039594222
6195,039709405,6195,071601247
6195,071702407,6195,103594085
6195,103702262,6195,135595345
6195,135703282,6195,167593936
6195,167710189,6195,199600854
6195,199701613,6195,231596373
6195,231713756,6195,263601220
6195,263702808,6195,295594060
6195,295702178,6195,327601240
6195,327715810,6195,359606947
6195,359707909,6195,391603035
6195,391718567,6195,423599448
6195,423714184,6195,455602724
6195,455711732,6195,487606161
6195,487707405,6195,523604238
6195,523719113,6195,555594115
6195,555714497,6195,587601223
6195,587709179,6195,619594612
6195,619709587,6195,651601109
6195,651715643,6195,683593856
6195,683702114,6195,715597912
6195,715705471,6195,747598782
6195,747716175,6195,779601745
6195,779709285,6195,811590144
6195,811705486,6195,843594702
6195,843695489,6195,879606850
6195,879722554,6195,911624270
6195,911724797,6195,943607915
6195,943728825,6195,975611984
6195,975719498,6196,007612073
6196,007727245,6196,039601198
6196,039701890,6196,071603706
6196,071718236,6196,103594032
6196,103702229,6196,135599013
6196,135714708,6196,167615574
6196,167722752,6196,199599319
6196,199707050,6196,231600157
6196,231710169,6196,263594159
6196,263695339,6196,295608174
6196,295715999,6196,327593909
6196,327708527,6196,359599704
6196,359700620,6196,391608286
6196,391723792,6196,423611283
6196,423727087,6196,455595647
6196,455704916,6196,487606803
6196,487707204,6196,519594057
6196,519716253,6196,551601406
6196,551701995,6196,583604898
6196,583712534,6196,615596531
6196,615704131,6196,647593556
6196,647715891,6196,679611349
6196,679719735,6196,711602212
6196,711709983,6196,743614473
6196,743730929,6196,775627540
6196,775735851,6196,807609559
6196,807724324,6196,839603772
6196,839711388,6196,863601567
6196,863716123,6196,895600798
6196,895723127,6196,914996518
6196,915080719,6196,935628584
6196,935739302,6196,967610290
6196,967724401,6196,999605786
6196,999713531,6197,031595356
6197,031696718,6197,063609786
6197,063724948,6197,095602136
6197,095709598,6197,127595384
6197,127697550,6197,159610068
6197,159712258,6197,191621750
6197,191737236,6197,223602217
6197,223710146,6197,255612316
6197,255722806,6197,287603244
6197,287717650,6197,319608669
6197,319717377,6197,351602255
6197,351715807,6197,383604551
6197,383719332,6197,415588950
6197,415696319,6197,451597499
6197,451714833,6197,483601037
6197,483702080,6197,515596103
6197,515707135,6197,547601347
6197,547715946,6197,579594401
6197,579716888,6197,611600828
6197,611714843,6197,643594798
6197,643710226,6197,675600909
6197,675701132,6197,707595131
6197,707710020,6197,739603435
6197,739706435,6197,771587078
6197,771703272,6197,803602258
6197,803703389,6197,835594369
6197,835709411,6197,863600167
6197,863713411,6197,895594655
6197,895711628,6197,927603170
6197,927710434,6197,959604677
6197,959721387,6197,991601110
6197,991702262,6198,023597876
6198,023706857,6198,055601361
6198,055710062,6198,087594151
6198,087714302,6198,119599188
6198,119700081,6198,151609566
6198,151725153,6198,183604222
6198,183712207,6198,215602895
6198,215710989,6198,247605869
6198,247716505,6198,279612844
6198,279727888,6198,311601795
6198,311695307,6198,343596032
6198,343710867,6198,375600822
6198,375715979,6198,407581281
6198,407675455,6198,435609434
6198,435726171,6198,467596476
6198,467697182,6198,499603401
6198,499704437,6198,531593965
6198,531709709,6198,563593927
6198,563701482,6198,595596415
6198,595704015,6198,627600714
6198,627701031,6198,659593774
6198,659708517,6198,691593160
6198,691700647,6198,723593737
6198,723694220,6198,755603024
6198,755721909,6198,787597680
6198,787720808,6198,819603765
6198,819705232,6198,847603889
6198,847718973,6198,879587723
6198,879674056,6198,911593866
6198,911709018,6198,943602871
6198,943712339,6198,975593824
6198,975701986,6199,007601919
6199,007708849,6199,039601121
6199,039695023,6199,071603797
6199,071704993,6199,103593867
6199,103701787,6199,135600731
6199,135715195,6199,167579091
6199,167694155,6199,199601002
6199,199702152,6199,231595783
6199,231713079,6199,263601058
6199,263701791,6199,295593982
6199,295709775,6199,327601167
6199,327709165,6199,359609901
6199,359724588,6199,391607060
6199,391715387,6199,423593754
6199,423708956,6199,447652993
6199,447762896,6199,479594336
6199,479702328,6199,507613863
6199,507720751,6199,539593794
6199,539708473,6199,571601012
6199,571702278,6199,603588427
6199,603696354,6199,635600945
6199,635708764,6199,667593672
6199,667708244,6199,699595546
6199,699696162,6199,731603569
6199,731720743,6199,763596510
6199,763704416,6199,795604322
6199,795705027,6199,827597132
6199,827691244,6199,863605211
6199,863713306,6199,895617185
6199,895724798,6199,927619985
6199,927728127,6199,959618940
6199,959721305,6199,991603468
6199,991711732,6200,023610272
6200,023725795,6200,055610888
6200,055718983,6200,087613131
6200,087713831,6200,119610932
6200,119725887,6200,151618708
6200,151726210,6200,183595913
6200,183711355,6200,215595032
6200,215703323,6200,247596163
6200,247713031,6200,279615709
6200,279716588,6200,311593954
6200,311709302,6200,343599710
6200,343707602,6200,375612472
6200,375713447,6200,407601953
6200,407717299,6200,439600219
6200,439717761,6200,471594394
6200,471701378,6200,503594505
6200,503709314,6200,535601357
6200,535702396,6200,567596361
6200,567711196,6200,599600307
6200,599715107,6200,631587344
6200,631667427,6200,663601512
6200,663702442,6200,695596303
6200,695710888,6200,727605234
6200,727722505,6200,759593645
6200,759708665,6200,791603990
6200,791711914,6200,823597035
6200,823719164,6200,863594244
6200,863708950,6200,895608908
6200,895731079,6200,927602325
6200,927710169,6200,959595448
6200,959711539,6200,991601311
6200,991709134,6201,023610070
6201,023724347,6201,055601536
6201,055708873,6201,099593989
6201,099715560,6201,131601773
6201,131716971,6201,163594785
6201,163704143,6201,195593507
6201,195708390,6201,227596526
6201,227720594,6201,259607248
6201,259722117,6201,291593989
6201,291709151,6201,323593403
6201,323701608,6201,355599503
6201,355707520,6201,387601371
6201,387710081,6201,419594122
6201,419709243,6201,451602469
6201,451712338,6201,483594119
6201,483709501,6201,515601062
6201,515715590,6201,547594676
6201,547716641,6201,579601286
6201,579701836,6201,611593565
6201,611720537,6201,643601154
6201,643716183,6201,675607110
6201,675715034,6201,707594051
6201,707694811,6201,739595589
6201,739713140,6201,771586981
6201,771688923,6201,803593593
6201,803708616,6201,835594163
6201,835695557,6201,863603588
6201,863704689,6201,895594453
6201,895710145,6201,927603262
6201,927711216,6201,959595550
6201,959698102,6201,991593453
6201,991708521,6202,023593609
6202,023702307,6202,055613247
6202,055721198,6202,087593954
6202,087693541,6202,119596979
6202,119719461,6202,151602032
6202,151710571,6202,183604434
6202,183719311,6202,215603359
6202,215704121,6202,247602763
