6276,270060282,                6276,323662510
6276,323762118,                6276,355597113
6276,355679523,                6276,387605922
6276,387685626,                6276,419598798
6276,419699711,                6276,451616288
6276,451725854,                6276,483599447
6276,483713955,                6276,515604291
6276,515712458,                6276,547607842
6276,547702139,                6276,579606206
6276,579708448,                6276,611598211
6276,611713403,                6276,643606388
6276,643714464,                6276,675604907
6276,675706238,                6276,707598655
6276,707717489,                6276,739597276
6276,739698412,                6276,771598305
6276,771706902,                6276,803606210
6276,803701008,                6276,835607629
6276,835715452,                6276,863596589
6276,863703312,                6276,895605200
6276,895720405,                6276,927599462
6276,927715094,                6276,959605669
6276,959715127,                6276,991597237
6276,991673772,                6277,023603471
6277,023718317,                6277,055605108
6277,055692453,                6277,087597787
6277,087691551,                6277,119596042
6277,119703605,                6277,151607907
6277,151711161,                6277,183607370
6277,183695054,                6277,215606807
6277,215723919,                6277,247598159
6277,247720745,                6277,279605735
6277,279692350,                6277,311606571
6277,311715056,                6277,343597877
6277,343691468,                6277,375598233
6277,375713340,                6277,407612313
6277,407719694,                6277,439681998
6277,439785807,                6277,471598022
6277,471712692,                6277,503598105
6277,503713078,                6277,543613427
6277,543719409,                6277,575599050
6277,575707664,                6277,607599158
6277,607684986,                6277,639599201
6277,639707271,                6277,671598161
6277,671705265,                6277,715609086
6277,715719532,                6277,747598654
6277,747706626,                6277,779598823
6277,779714385,                6277,811621276
6277,811736379,                6277,843597989
6277,843699432,                6277,879597824
6277,879712396,                6277,911595965
6277,911697016,                6277,943600307
6277,943709652,                6277,975599042
6277,975700262,                6278,007606025
6278,007721057,                6278,039604552
6278,039705368,                6278,071605952
6278,071706684,                6278,103598059
6278,103705682,                6278,135590714
6278,135703765,                6278,167597867
6278,167705697,                6278,199597868
6278,199712942,                6278,231599816
6278,231716605,                6278,263603465
6278,263711932,                6278,295591128
6278,295699342,                6278,327597243
6278,327698297,                6278,359597539
6278,359705910,                6278,391603847
6278,391731854,                6278,415623047
6278,415689268,                6278,447601789
6278,447704820,                6278,479590360
6278,479705773,                6278,523591044
6278,523706370,                6278,567597835
6278,567690247,                6278,599591771
6278,599716041,                6278,631597553
6278,631698327,                6278,663597418
6278,663698340,                6278,695597916
6278,695699000,                6278,727593151
6278,727710273,                6278,759597540
6278,759705417,                6278,791591293
6278,791707122,                6278,823597860
6278,823713146,                6278,863602494
6278,863703636,                6278,895598231
6278,895706886,                6278,927592317
6278,927699872,                6278,959601136
6278,959710161,                6278,991590824
6278,991698546,                6279,023606751
6279,023714559,                6279,055590752
6279,055705489,                6279,087590273
6279,087698971,                6279,119599325
6279,119686421,                6279,151601556
6279,151709519,                6279,183600210
6279,183701433,                6279,215592525
6279,215707709,                6279,247597916
6279,247706129,                6279,279597121
6279,279712400,                6279,311593489
6279,311708269,                6279,343593692
6279,343701461,                6279,375590870
6279,375705536,                6279,407600766
6279,407715534,                6279,439600270
6279,439710633,                6279,475600210
6279,475708959,                6279,507615613
6279,507715713,                6279,535653941
6279,535769057,                6279,579597799
6279,579698623,                6279,611591111
6279,611706037,                6279,643596359
6279,643703907,                6279,687597493
6279,687705584,                6279,719606918
6279,719722279,                6279,751621843
6279,751737688,                6279,783605505
6279,783713250,                6279,815615091
6279,815716005,                6279,847619045
6279,847726873,                6279,879621084
6279,879729235,                6279,911605330
6279,911698821,                6279,943602442
6279,943712399,                6279,975584854
6279,975671951,                6280,007621696
6280,007716252,                6280,039600139
6280,039708878,                6280,071600541
6280,071715604,                6280,103597666
6280,103698603,                6280,135594170
6280,135709259,                6280,167598294
6280,167706105,                6280,199590518
6280,199698463,                6280,231599984
6280,231718524,                6280,263603871
6280,263705549,                6280,295598289
6280,295706125,                6280,327590391
6280,327691640,                6280,371600038
6280,371701576,                6280,403597852
6280,403712261,                6280,447592946
