7238,855142309,7238,855254942
7238,855356028,7238,855392612
7238,855458522,7238,855492463
7238,855556479,7238,855608158
7238,855672873,7238,855706183
7238,855768257,7238,855803081
7238,855867493,7238,855900903
7238,855964068,7238,855997329
7238,856106875,7238,856146808
7238,856220798,7238,856256146
7238,856328866,7238,856364375
7238,856431471,7238,856465628
7238,856532505,7238,856566688
7238,856632927,7238,856668075
7238,856734034,7238,856767611
7238,856833850,7238,856868995
7238,856935458,7238,856969611
7238,857034831,7238,857069418
7238,857135264,7238,857169397
7238,857236663,7238,857277485
7238,857344066,7238,857378052
7238,857445283,7238,857478585
7238,857545142,7238,857579463
7238,857644862,7238,857680131
7238,857745905,7238,857779517
7238,857845231,7238,857878535
7238,857944744,7238,857978209
7238,858044389,7238,858077590
7238,858144063,7238,858185964
7238,858251966,7238,858285978
7238,858353171,7238,858388726
7238,858456732,7238,858491173
7238,858556914,7238,858590737
7238,858656560,7238,858690005
7238,858757781,7238,858791567
7238,858857695,7238,858891464
7238,858957614,7238,858991532
7238,859058102,7238,859092078
7238,859158257,7238,859199368
7238,859265614,7238,859299470
7238,859365511,7238,859399471
7238,859465451,7238,859504035
7238,859570191,7238,859604832
7238,859670755,7238,859710581
7238,859776550,7238,859810225
7238,859890066,7238,859923621
7238,859989763,7238,860035631
7238,860115142,7238,860151011
7238,860217305,7238,860251547
7238,860317766,7238,860351270
7238,860418084,7238,860457782
7238,860524047,7238,860557928
7238,860624106,7238,860659868
7238,860726650,7238,860762547
7238,860829060,7238,860863045
7238,860929517,7238,860963526
7238,861029304,7238,861063317
7238,861129533,7238,861163258
7238,861235604,7238,861269717
7238,861336477,7238,861370007
7238,861436114,7238,861471943
7238,861538405,7238,861572092
7238,861638905,7238,861674101
7238,861740540,7238,861774518
7238,861840269,7238,861874061
7238,861940287,7238,861973481
7238,862040015,7238,862075212
7238,862141559,7238,862175232
7238,862241459,7238,862274784
7238,862340818,7238,862374124
7238,862440461,7238,862474543
7238,862540664,7238,862574045
7238,862640415,7238,862673990
7238,862740216,7238,862773385
7238,862839200,7238,862872530
7238,862939048,7238,862972677
7238,863038955,7238,863072623
7238,863139025,7238,863172381
7238,863239023,7238,863279098
7238,863345066,7238,863385147
7238,863451119,7238,863484546
7238,863551312,7238,863585469
7238,863652214,7238,863685861
7238,863752612,7238,863785965
7238,863851370,7238,863884723
7238,863950853,7238,863984380
7238,864006106,7238,864041014
7238,864102806,7238,864136489
7238,864198257,7238,864231939
7238,864297676,7238,864330969
7238,864399731,7238,864440883
7238,864506120,7238,864545807
7238,864611735,7238,864645433
7238,864710881,7238,864744611
7238,864810665,7238,864844315
7238,864910064,7238,864946617
7238,865012140,7238,865045427
7238,865111555,7238,865146725
7238,865213315,7238,865246573
7238,865312685,7238,865347964
7238,865413961,7238,865448964
7238,865514541,7238,865547928
7238,865613916,7238,865647693
7238,865713472,7238,865748784
7238,865815603,7238,865848784
7238,865914287,7238,865947384
7238,866013978,7238,866047283
7238,866113058,7238,866146647
7238,866212390,7238,866245661
7238,866311769,7238,866345684
7238,866411830,7238,866445141
7238,866510813,7238,866544722
7238,866611193,7238,866644877
7238,866710963,7238,866746089
7238,866812224,7238,866845552
7238,866912153,7238,866945689
7238,867012093,7238,867047018
7238,867113251,7238,867146702
7238,867212753,7238,867251951
7238,867318013,7238,867351438
7238,867417415,7238,867450812
7238,867516794,7238,867550193
7238,867616650,7238,867650673
7238,867717054,7238,867750879
7238,867817161,7238,867850567
7238,867916710,7238,867950454
7238,868006068,7238,868040383
7238,868107348,7238,868140965
7238,868206888,7238,868240429
7238,868306308,7238,868339674
7238,868406175,7238,868439613
7238,868505952,7238,868539328
7238,868605405,7238,868639304
7238,868705352,7238,868739253
7238,868805322,7238,868838888
7238,868904966,7238,868938148
7238,869004279,7238,869037813
7238,869104313,7238,869137575
7238,869203666,7238,869237018
7238,869303551,7238,869337114
7238,869403023,7238,869436561
7238,869502596,7238,869536228
7238,869602493,7238,869638207
7238,869704052,7238,869738522
7238,869804418,7238,869838047
7238,869904148,7238,869937754
7238,870004348,7238,870043329
7238,870108633,7238,870142174
7238,870208155,7238,870243479
7238,870309439,7238,870342807
7238,870409309,7238,870442723
7238,870509017,7238,870549040
7238,870614868,7238,870648529
7238,870714579,7238,870747738
7238,870814284,7238,870854419
7238,870920220,7238,870953288
7238,871019061,7238,871052344
7238,871118572,7238,871152346
7238,871218793,7238,871252130
7238,871317997,7238,871351818
7238,871417892,7238,871451584
7238,871517367,7238,871551001
7238,871616947,7238,871650997
7238,871717348,7238,871751072
7238,871817010,7238,871850745
7238,871916810,7238,871950478
7238,872005174,7238,872039375
7238,872106874,7238,872142038
7238,872208173,7238,872243285
7238,872319123,7238,872352497
7238,872418831,7238,872451978
7238,872517550,7238,872552447
7238,872618573,7238,872652092
7238,872718637,7238,872751891
7238,872818397,7238,872852242
7238,872918677,7238,872952472
7238,873019818,7238,873053601
7238,873119744,7238,873153229
7238,873219910,7238,873254062
7238,873322778,7238,873356698
7238,873423090,7238,873456547
7238,873522769,7238,873556308
7238,873622365,7238,873656292
7238,873722517,7238,873761709
7238,873827627,7238,873862477
7238,873928571,7238,873967964
7238,874034062,7238,874067605
7238,874133970,7238,874167460
7238,874232441,7238,874266038
7238,874331410,7238,874364885
7238,874429678,7238,874463428
7238,874529209,7238,874565126
7238,874631108,7238,874664533
7238,874730534,7238,874764148
7238,874830124,7238,874864649
7238,874930907,7238,874964192
7238,875030255,7238,875070145
7238,875135869,7238,875169375
7238,875235823,7238,875271424
7238,875337532,7238,875371232
7238,875437486,7238,875472567
7238,875538188,7238,875574800
7238,875640730,7238,875674576
7238,875741024,7238,875774582
7238,875840502,7238,875875050
7238,875940669,7238,875973957
7238,876008523,7238,876042774
7238,876109226,7238,876143056
7238,876209146,7238,876242786
7238,876308814,7238,876342195
7238,876408576,7238,876442103
7238,876508614,7238,876542246
7238,876608356,7238,876642130
7238,876708365,7238,876743448
7238,876809320,7238,876843269
7238,876908357,7238,876941765
7238,877007895,7238,877041115
7238,877107251,7238,877140982
7238,877206988,7238,877245679
7238,877311788,7238,877345186
7238,877411443,7238,877445388
7238,877511703,7238,877545094
7238,877611003,7238,877644924
7238,877710931,7238,877744816
7238,877811278,7238,877846486
7238,877913018,7238,877948049
7238,878014624,7238,878059552
7238,878125181,7238,878158614
7238,878224568,7238,878264037
7238,878329992,7238,878365224
7238,878431569,7238,878465195
7238,878531857,7238,878565345
7238,878631298,7238,878664975
7238,878731585,7238,878765106
7238,878831729,7238,878864973
7238,878930495,7238,878964104
7238,879030752,7238,879064589
7238,879130482,7238,879165797
7238,879232128,7238,879265837
7238,879332294,7238,879366062
7238,879432564,7238,879466046
7238,879532852,7238,879570765
7238,879636987,7238,879691504
7238,879757690,7238,879796554
7238,879862367,7238,879898581
7238,879964459,7238,880005297
7238,880072815,7238,880108837
7238,880175544,7238,880209839
7238,880277278,7238,880311770
7238,880378665,7238,880412355
7238,880478859,7238,880512514
7238,880579083,7238,880612830
7238,880679156,7238,880712622
7238,880778476,7238,880812414
7238,880878624,7238,880912440
7238,880978854,7238,881012631
7238,881079202,7238,881113116
7238,881179857,7238,881213139
7238,881279143,7238,881312627
7238,881378812,7238,881412362
7238,881478461,7238,881512204
7238,881579570,7238,881613252
7238,881679614,7238,881713229
7238,881780435,7238,881816038
7238,881882143,7238,881915624
7238,881982217,7238,882015739
7238,882081810,7238,882115165
7238,882181541,7238,882214904
7238,882283456,7238,882317256
7238,882383144,7238,882418187
7238,882484753,7238,882518371
7238,882584235,7238,882620359
7238,882686656,7238,882720199
7238,882786112,7238,882819522
7238,882885582,7238,882919054
7238,882985521,7238,883025121
7238,883091072,7238,883124647
7238,883190848,7238,883224432
7238,883290679,7238,883326227
7238,883393002,7238,883426454
7238,883492024,7238,883525406
7238,883591776,7238,883625986
7238,883692839,7238,883726452
7238,883792868,7238,883826318
7238,883892204,7238,883925971
7238,883991906,7238,884025700
7238,884092491,7238,884126379
7238,884193133,7238,884226805
7238,884293277,7238,884326518
7238,884393425,7238,884427105
7238,884493667,7238,884527359
7238,884594427,7238,884627881
7238,884693496,7238,884726846
7238,884793902,7238,884827380
7238,884893982,7238,884928078
7238,884995495,7238,885028986
7238,885095977,7238,885129356
7238,885195731,7238,885229239
7238,885295736,7238,885329149
7238,885394751,7238,885427973
7238,885494852,7238,885534462
7238,885600745,7238,885634582
7238,885700814,7238,885734487
7238,885800362,7238,885834679
7238,885900760,7238,885934298
7238,886000685,7238,886034003
7238,886100359,7238,886133543
7238,886200068,7238,886233632
7238,886299360,7238,886333096
7238,886399331,7238,886432868
7238,886499221,7238,886534448
7238,886600032,7238,886633671
7238,886699512,7238,886732866
7238,886799617,7238,886833126
7238,886900007,7238,886933652
7238,886999555,7238,887033109
7238,887100046,7238,887133545
7238,887199578,7238,887233256
7238,887299878,7238,887334254
7238,887400093,7238,887433747
7238,887500085,7238,887533517
7238,887599728,7238,887634340
7238,887701235,7238,887741925
7238,887807600,7238,887843100
7238,887910079,7238,887943263
7238,888005198,7238,888039107
7238,888106361,7238,888139851
7238,888205926,7238,888239695
7238,888305752,7238,888339682
7238,888405864,7238,888439562
7238,888506239,7238,888539558
7238,888605727,7238,888639421
7238,888705713,7238,888739414
7238,888805382,7238,888838807
7238,888904677,7238,888938183
7238,889004671,7238,889039039
7238,889105332,7238,889138639
7238,889205139,7238,889238659
7238,889304243,7238,889337725
7238,889404117,7238,889437402
7238,889503808,7238,889537342
7238,889603471,7238,889642415
7238,889708441,7238,889742735
7238,889808961,7238,889842371
7238,889909070,7238,889942834
7238,890008944,7238,890042670
7238,890108783,7238,890142130
7238,890208144,7238,890241608
7238,890307935,7238,890341262
7238,890407459,7238,890442602
7238,890508800,7238,890542400
7238,890608418,7238,890642022
7238,890708024,7238,890741541
7238,890807591,7238,890841132
7238,890907888,7238,890946395
7238,891012581,7238,891047907
7238,891113427,7238,891146656
7238,891220410,7238,891253890
7238,891320020,7238,891353646
7238,891419769,7238,891453523
7238,891518747,7238,891552099
7238,891618048,7238,891653265
7238,891719344,7238,891752416
7238,891818748,7238,891852128
7238,891917368,7238,891951199
7238,892026960,7238,892062114
7238,892129647,7238,892163046
7238,892228812,7238,892263061
7238,892329105,7238,892362788
7238,892428984,7238,892464071
7238,892530201,7238,892569679
7238,892635547,7238,892669638
7238,892735602,7238,892769002
7238,892834989,7238,892868646
7238,892935365,7238,892968878
7238,893035215,7238,893068565
7238,893135107,7238,893168450
7238,893234184,7238,893267648
7238,893334003,7238,893367151
7238,893433222,7238,893471164
7238,893537260,7238,893570815
7238,893637356,7238,893672650
7238,893739331,7238,893779361
7238,893845234,7238,893880653
7238,893946336,7238,893979845
7238,894046151,7238,894081493
7238,894147779,7238,894181396
7238,894247420,7238,894280814
7238,894347946,7238,894381733
7238,894448080,7238,894481696
7238,894548056,7238,894581745
7238,894648634,7238,894684119
7238,894750100,7238,894783535
7238,894849216,7238,894882472
7238,894948417,7238,894983933
7238,895050063,7238,895083730
7238,895149970,7238,895185503
7238,895251672,7238,895285205
7238,895351576,7238,895385330
7238,895451271,7238,895485050
7238,895551163,7238,895585517
7238,895651542,7238,895685177
7238,895751316,7238,895784659
7238,895851081,7238,895884540
7238,895950482,7238,895984064
7238,896005492,7238,896039823
7238,896106580,7238,896142421
7238,896208544,7238,896242252
7238,896307976,7238,896341587
7238,896407450,7238,896440837
7238,896507438,7238,896541154
7238,896607890,7238,896641327
7238,896707594,7238,896748791
7238,896814806,7238,896848446
7238,896914883,7238,896948581
7238,897015263,7238,897049077
7238,897115778,7238,897149195
7238,897215539,7238,897249232
7238,897315630,7238,897349274
7238,897414912,7238,897450351
7238,897516489,7238,897550042
7238,897616090,7238,897649851
7238,897716059,7238,897749567
7238,897815277,7238,897849024
7238,897914860,7238,897948707
7238,898014924,7238,898048392
7238,898114767,7238,898148092
7238,898214493,7238,898248066
7238,898313973,7238,898347362
7238,898413538,7238,898448873
7238,898514817,7238,898548614
7238,898614859,7238,898654127
7238,898720527,7238,898753896
7238,898820066,7238,898853983
7238,898920136,7238,898953718
7238,899019809,7238,899053655
7238,899120173,7238,899155241
7238,899221259,7238,899254850
7238,899321286,7238,899355202
7238,899421420,7238,899455236
7238,899520862,7238,899554407
7238,899620687,7238,899654667
7238,899721089,7238,899755142
7238,899821393,7238,899854899
7238,899920768,7238,899954345
7238,900005321,7238,900039316
7238,900110932,7238,900144732
7238,900210744,7238,900245138
7238,900310900,7238,900344496
7238,900410240,7238,900444049
7238,900510702,7238,900544027
7238,900609987,7238,900643662
7238,900709781,7238,900743296
7238,900809390,7238,900842730
7238,900908910,7238,900942570
7238,901008400,7238,901042209
7238,901108440,7238,901142029
7238,901208176,7238,901242045
7238,901308082,7238,901343490
7238,901409263,7238,901442616
7238,901509294,7238,901542886
7238,901609332,7238,901644553
7238,901710368,7238,901744127
7238,901810697,7238,901844551
7238,901911093,7238,901950985
7238,902016534,7238,902050093
7238,902116741,7238,902150487
7238,902216174,7238,902257130
7238,902322928,7238,902356430
7238,902422645,7238,902456137
7238,902522968,7238,902556414
7238,902622986,7238,902656617
7238,902723086,7238,902756497
7238,902822423,7238,902856159
7238,902922209,7238,902955780
7238,903022012,7238,903055753
7238,903121814,7238,903156889
7238,903222752,7238,903256537
7238,903328511,7238,903363020
7238,903428754,7238,903462965
7238,903528960,7238,903570371
7238,903636328,7238,903675136
7238,903741329,7238,903776902
7238,903842325,7238,903883508
7238,903949115,7238,903982775
7238,904005291,7238,904039798
7238,904106184,7238,904141799
7238,904207562,7238,904241110
7238,904307387,7238,904340986
7238,904407164,7238,904440821
7238,904507223,7238,904540957
7238,904613568,7238,904646872
7238,904712898,7238,904746615
7238,904813534,7238,904847312
7238,904913616,7238,904947323
7238,905013491,7238,905047361
7238,905113929,7238,905147789
7238,905214245,7238,905247866
7238,905314832,7238,905349856
7238,905416271,7238,905451602
7238,905517906,7238,905551518
7238,905617060,7238,905650542
7238,905717333,7238,905751206
7238,905817747,7238,905852953
7238,905918698,7238,905952260
7238,906018275,7238,906058507
7238,906125098,7238,906158593
7238,906224628,7238,906258307
7238,906324581,7238,906358083
7238,906424262,7238,906459519
7238,906525687,7238,906559506
7238,906626449,7238,906660455
7238,906726308,7238,906759819
7238,906825276,7238,906859277
7238,906925365,7238,906958380
7238,907024322,7238,907057638
7238,907123144,7238,907157054
7238,907223352,7238,907257726
7238,907323424,7238,907357998
7238,907423629,7238,907457194
7238,907523262,7238,907557116
7238,907623375,7238,907660563
7238,907726983,7238,907762217
7238,907829019,7238,907862933
7238,907928950,7238,907962607
7238,908006403,7238,908040491
7238,908107854,7238,908141558
7238,908207310,7238,908241125
7238,908307456,7238,908342988
7238,908409484,7238,908443059
7238,908508959,7238,908542817
7238,908608261,7238,908643196
7238,908709514,7238,908744429
7238,908810824,7238,908844252
7238,908910862,7238,908945942
7238,909014891,7238,909049425
7238,909115596,7238,909149517
7238,909215012,7238,909254442
7238,909320241,7238,909355260
7238,909420895,7238,909456916
7238,909523251,7238,909557320
7238,909623264,7238,909656576
7238,909722622,7238,909755974
7238,909821386,7238,909854986
7238,909921200,7238,909954726
7238,910020629,7238,910055732
7238,910122218,7238,910155292
7238,910221115,7238,910254860
7238,910321294,7238,910354676
7238,910420946,7238,910454431
7238,910520409,7238,910554224
7238,910620363,7238,910653484
7238,910719894,7238,910755046
7238,910821366,7238,910856445
7238,910922708,7238,910955987
7238,911023023,7238,911056410
7238,911123239,7238,911156707
7238,911222683,7238,911255940
7238,911323023,7238,911358592
7238,911424749,7238,911458634
7238,911524857,7238,911578416
7238,911644735,7238,911681811
7238,911747662,7238,911781476
7238,911847931,7238,911881326
7238,911947084,7238,911980422
7238,912005618,7238,912039663
7238,912106524,7238,912139998
7238,912205596,7238,912238706
7238,912304624,7238,912338059
7238,912404548,7238,912438383
7238,912504623,7238,912537939
7238,912604174,7238,912637338
7238,912703424,7238,912736998
7238,912803562,7238,912837043
7238,912903382,7238,912936963
7238,913003297,7238,913037970
7238,913104129,7238,913137569
7238,913203303,7238,913236840
7238,913303292,7238,913336337
7238,913402707,7238,913438230
7238,913504410,7238,913537922
7238,913604032,7238,913638995
7238,913704865,7238,913738371
7238,913804959,7238,913838470
7238,913904553,7238,913938058
7238,914004362,7238,914037493
7238,914103507,7238,914136891
7238,914202833,7238,914236267
7238,914302476,7238,914336011
7238,914402496,7238,914436035
7238,914503030,7238,914536800
7238,914603128,7238,914636758
7238,914703092,7238,914736808
7238,914802864,7238,914835976
7238,914901927,7238,914935581
7238,915002019,7238,915035812
7238,915101569,7238,915135228
7238,915201357,7238,915234522
7238,915300604,7238,915334314
7238,915400645,7238,915434153
7238,915500570,7238,915533735
7238,915599790,7238,915634891
7238,915701075,7238,915739356
7238,915805122,7238,915838663
7238,915904747,7238,915939562
7238,916005669,7238,916039732
7238,916106914,7238,916140686
7238,916206073,7238,916240728
7238,916306137,7238,916339841
7238,916405131,7238,916438772
7238,916504524,7238,916537702
7238,916602934,7238,916636405
7238,916701082,7238,916734448
7238,916799626,7238,916833159
7238,916898788,7238,916934325
7238,916999700,7238,917033325
7238,917098868,7238,917132187
7238,917197856,7238,917230866
7238,917296367,7238,917329580
7238,917395055,7238,917428461
7238,917493436,7238,917526837
7238,917592266,7238,917625897
7238,917691743,7238,917725671
7238,917791062,7238,917824833
7238,917892593,7238,917926409
7238,917991897,7238,918025849
7238,918091017,7238,918124591
7238,918190329,7238,918223770
7238,918288947,7238,918322425
7238,918387738,7238,918421024
7238,918486398,7238,918521512
7238,918586650,7238,918620616
7238,918685949,7238,918719141
7238,918784462,7238,918818168
7238,918884117,7238,918917651
7238,918983298,7238,919016733
7238,919082017,7238,919115069
7238,919180864,7238,919214161
7238,919279763,7238,919313364
7238,919379164,7238,919420749
7238,919486573,7238,919519992
7238,919586431,7238,919620638
7238,919687077,7238,919720377
7238,919786397,7238,919820372
7238,919886320,7238,919919788
7238,919986492,7238,920022071
7238,920089404,7238,920122976
7238,920189838,7238,920223511
7238,920290021,7238,920323095
7238,920389293,7238,920422842
7238,920488784,7238,920521995
7238,920587497,7238,920620869
7238,920687361,7238,920720744
7238,920787139,7238,920822195
7238,920888455,7238,920922597
7238,920988203,7238,921022015
7238,921088075,7238,921121567
7238,921188197,7238,921222180
7238,921288326,7238,921321750
7238,921388164,7238,921421616
7238,921487831,7238,921521038
7238,921587105,7238,921620623
7238,921687128,7238,921721970
7238,921788416,7238,921822044
7238,921888347,7238,921921879
7238,921987668,7238,922021304
7238,922086999,7238,922120460
7238,922186096,7238,922219558
7238,922286021,7238,922319354
7238,922385479,7238,922418853
7238,922484872,7238,922518234
7238,922584286,7238,922618796
7238,922684998,7238,922718581
7238,922785013,7238,922818294
7238,922884470,7238,922918128
7238,922984012,7238,923017951
7238,923084153,7238,923117521
7238,923184073,7238,923217545
7238,923283699,7238,923317520
7238,923383148,7238,923416564
7238,923482582,7238,923516091
7238,923582526,7238,923616792
7238,923683280,7238,923716755
7238,923782676,7238,923816102
7238,923882061,7238,923915614
7238,923981745,7238,924015685
7238,924082944,7238,924116920
7238,924183534,7238,924217833
7238,924284126,7238,924319218
7238,924386547,7238,924420207
7238,924487054,7238,924520599
7238,924587074,7238,924620779
7238,924687105,7238,924720475
7238,924786111,7238,924819418
7238,924885739,7238,924921653
7238,924988047,7238,925021476
7238,925087646,7238,925121077
7238,925187074,7238,925220337
7238,925286601,7238,925320176
7238,925386302,7238,925421610
7238,925487555,7238,925522721
7238,925589200,7238,925622827
7238,925689035,7238,925723102
7238,925789512,7238,925824020
7238,925890298,7238,925923830
7238,925989970,7238,926023513
7238,926089578,7238,926122908
7238,926188799,7238,926222028
7238,926288438,7238,926321653
7238,926387488,7238,926421097
7238,926487236,7238,926520994
7238,926587097,7238,926622350
7238,926688322,7238,926721822
7238,926790900,7238,926824505
7238,926891118,7238,926924648
7238,926990982,7238,927024468
7238,927090830,7238,927124564
7238,927190872,7238,927224278
7238,927290406,7238,927323974
7238,927390379,7238,927424174
7238,927490785,7238,927524698
7238,927591390,7238,927625725
7238,927692831,7238,927726415
7238,927792122,7238,927825671
7238,927892166,7238,927925471
7238,927991582,7238,928031093
7238,928098177,7238,928131978
7238,928198283,7238,928232095
7238,928298411,7238,928332106
7238,928398011,7238,928431308
7238,928497426,7238,928532392
7238,928599018,7238,928632240
7238,928698621,7238,928732342
7238,928798636,7238,928832166
7238,928898196,7238,928932053
7238,928998049,7238,929031969
7238,929098470,7238,929131988
7238,929198370,7238,929231855
7238,929298407,7238,929333509
7238,929399206,7238,929432899
7238,929498750,7238,929532178
7238,929598320,7238,929631675
7238,929698362,7238,929732087
7238,929797357,7238,929830848
7238,929896763,7238,929930296
7238,929996128,7238,930029425
7238,930096096,7238,930129306
7238,930194830,7238,930229962
7238,930295958,7238,930329586
7238,930395468,7238,930428919
7238,930495348,7238,930528960
7238,930595209,7238,930629322
7238,930696332,7238,930730326
7238,930796868,7238,930830699
7238,930896771,7238,930930293
7238,930996194,7238,931029536
7238,931095565,7238,931130671
7238,931197013,7238,931230520
7238,931297239,7238,931330660
7238,931396979,7238,931430434
7238,931496259,7238,931841918
7238,931911909,7238,931954074
7238,932006548,7238,932041061
7238,932107997,7238,932141787
7238,932208248,7238,932241960
7238,932308354,7238,932341863
7238,932407685,7238,932442237
7238,932507841,7238,932541896
7238,932608118,7238,932641242
7238,932707745,7238,932741547
7238,932807477,7238,932842218
7238,932908489,7238,932941701
7238,933008240,7238,933041961
7238,933108203,7238,933141492
7238,933208370,7238,933241745
7238,933307893,7238,933346440
7238,933412614,7238,933445655
7238,933511828,7238,933552630
7238,933618948,7238,933652646
7238,933718440,7238,933752053
7238,933818379,7238,933852004
7238,933918435,7238,933951927
7238,934018679,7238,934058248
7238,934124284,7238,934158010
7238,934224055,7238,934257654
7238,934324021,7238,934359254
7238,934425648,7238,934461025
7238,934527052,7238,934561036
7238,934627638,7238,934661457
7238,934728065,7238,934761140
7238,934827406,7238,934861002
7238,934927229,7238,934960575
7238,935026581,7238,935059767
7238,935126203,7238,935159729
7238,935225807,7238,935259147
7238,935325042,7238,935358600
7238,935424608,7238,935458203
7238,935524364,7238,935557601
7238,935623974,7238,935661057
7238,935726989,7238,935762921
7238,935829116,7238,935862500
7238,935927979,7238,936181686
7238,936258868,7238,936292997
7238,936359218,7238,936392635
7238,936458338,7238,936492051
7238,936557951,7238,936591824
7238,936657838,7238,936691616
7238,936758066,7238,936791618
7238,936857848,7238,936891407
7238,936957352,7238,936991127
7238,937057328,7238,937092412
7238,937158272,7238,937191949
7238,937257769,7238,937291297
7238,937357915,7238,937391495
7238,937457542,7238,937492702
7238,937558772,7238,937592408
7238,937658168,7238,937693207
7238,937758926,7238,937792210
7238,937858505,7238,937891989
7238,937958775,7238,937993798
7238,938060426,7238,938095594
7238,938161536,7238,938195085
7238,938261519,7238,938295547
7238,938361142,7238,938394424
7238,938460697,7238,938494217
7238,938560310,7238,938593850
7238,938660037,7238,938693025
7238,938759153,7238,938792682
7238,938858744,7238,938894076
7238,938960084,7238,938993739
7238,939060145,7238,939093981
7238,939160173,7238,939193596
7238,939259977,7238,939293927
7238,939359780,7238,939393414
7238,939459683,7238,939493055
7238,939559065,7238,939593200
7238,939659291,7238,939692832
7238,939759354,7238,939792943
7238,939859084,7238,939894536
7238,939960469,7238,939994156
7238,940067552,7238,940101448
7238,940167773,7238,940204880
7238,940270723,7238,940304022
7238,940370240,7238,940405253
7238,940470931,7238,940504415
7238,940570270,7238,940603574
7238,940669869,7238,940703591
7238,940769317,7238,940803712
7238,940869791,7238,940903454
7238,940970022,7238,941003649
7238,941069624,7238,941110408
7238,941176768,7238,941210021
7238,941276154,7238,941309943
7238,941375758,7238,941409620
7238,941476510,7238,941510111
7238,941575953,7238,941611079
7238,941677554,7238,941711101
7238,941778268,7238,941811646
7238,941877138,7238,941910661
7238,941977021,7238,942010557
7238,942077227,7238,942110412
7238,942176627,7238,942210251
7238,942276525,7238,942310600
7238,942376689,7238,942410247
7238,942476650,7238,942509991
7238,942576382,7238,942609623
7238,942676132,7238,942709411
7238,942775609,7238,942809194
7238,942875200,7238,942908983
7238,942974856,7238,943008376
7238,943074774,7238,943108361
7238,943175130,7238,943210476
7238,943276773,7238,943310223
7238,943376685,7238,943410086
7238,943476032,7238,943509573
7238,943576101,7238,943612101
7238,943678376,7238,943711798
7238,943778113,7238,943811738
7238,943878828,7238,943912881
7238,943979382,7238,944015987
7238,944083236,7238,944116803
7238,944182508,7238,944216267
7238,944282409,7238,944315904
7238,944381616,7238,944414925
7238,944480321,7238,944513506
7238,944580270,7238,944613822
7238,944679592,7238,944713164
7238,944779627,7238,944814641
7238,944880493,7238,944913792
7238,944979856,7238,945013599
7238,945080124,7238,945113825
7238,945185148,7238,945218893
7238,945285359,7238,945320592
7238,945387083,7238,945420793
7238,945487543,7238,945523343
7238,945589246,7238,945623290
7238,945689472,7238,945731095
7238,945796743,7238,945830344
7238,945897387,7238,945932608
7238,945998815,7238,946032218
7238,946098051,7238,946133228
7238,946199097,7238,946232806
7238,946299287,7238,946333157
7238,946399463,7238,946432647
7238,946499059,7238,946532444
7238,946598676,7238,946631961
7238,946698150,7238,946732868
7238,946798750,7238,946832512
7238,946898477,7238,946931852
7238,946998611,7238,947032316
7238,947098602,7238,947132295
7238,947198804,7238,947232530
7238,947298341,7238,947331808
7238,947398160,7238,947432090
7238,947498332,7238,947531638
7238,947597644,7238,947631908
7238,947698297,7238,947732424
7238,947798361,7238,947832233
7238,947898289,7238,947932034
7238,947998006,7238,948036177
7238,948103240,7238,948136715
7238,948202394,7238,948235928
7238,948301645,7238,948335325
7238,948402131,7238,948435609
7238,948501002,7238,948534502
7238,948600321,7238,948641414
7238,948707280,7238,948740958
7238,948807361,7238,948841315
7238,948906958,7238,948940910
7238,949006880,7238,949041082
7238,949107167,7238,949140649
7238,949206799,7238,949247054
7238,949312473,7238,949347502
7238,949413768,7238,949447607
7238,949513525,7238,949547449
7238,949613451,7238,949646498
7238,949713112,7238,949746422
7238,949812227,7238,949845799
7238,949912508,7238,949945815
7238,950011670,7238,950045342
7238,950111314,7238,950144759
7238,950211179,7238,950244204
7238,950310177,7238,950345331
7238,950411520,7238,950445277
7238,950510931,7238,950544483
7238,950611012,7238,950644640
7238,950711124,7238,950744597
7238,950810735,7238,950845886
7238,950912101,7238,950945528
7238,951011483,7238,951045364
7238,951111368,7238,951144662
7238,951211144,7238,951244611
7238,951310835,7238,951346022
7238,951411937,7238,951445634
7238,951511538,7238,951545159
7238,951611296,7238,951645604
7238,951711929,7238,951745624
7238,951811682,7238,951846931
7238,951913376,7238,951947333
7238,952005206,7238,952039747
7238,952106589,7238,952141931
7238,952207840,7238,952241695
7238,952307661,7238,952341409
7238,952407384,7238,952441258
7238,952507264,7238,952540681
7238,952606670,7238,952640184
7238,952706089,7238,952739825
7238,952806253,7238,952841485
7238,952907110,7238,952940545
7238,953007093,7238,953040824
7238,953106416,7238,953139918
7238,953206046,7238,953239596
7238,953305308,7238,953338722
7238,953404646,7238,953438418
7238,953504751,7238,953538179
7238,953604253,7238,953638539
7238,953704524,7238,953738178
7238,953804227,7238,953838466
7238,953904572,7238,953937670
7238,954003745,7238,954036944
7238,954105634,7238,954139571
7238,954205570,7238,954238940
7238,954304739,7238,954338458
7238,954404686,7238,954438194
7238,954504572,7238,954537973
7238,954604653,7238,954639852
7238,954706128,7238,954739563
7238,954806144,7238,954839693
7238,954905699,7238,954939064
7238,955005125,7238,955038675
7238,955105236,7238,955138968
7238,955205188,7238,955239723
7238,955306144,7238,955339651
7238,955405870,7238,955439125
7238,955505217,7238,955538837
7238,955604692,7238,955644330
7238,955710192,7238,955743776
7238,955810142,7238,955844090
7238,955910526,7238,955946033
7238,956005151,7238,956039123
