23696,938067370,               23696,938108981
23696,938179997,               23696,938218234
23696,938275847,               23696,938316524
23696,938373701,               23696,938410289
23696,938467032,               23696,938502790
23696,938559489,               23696,938595654
23696,938652263,               23696,938687877
23696,938744479,               23696,938778235
23696,938834847,               23696,938868663
23696,938925465,               23696,938959928
23696,939016584,               23696,939051658
23696,939108346,               23696,939144205
23696,939200827,               23696,939236982
23696,939293767,               23696,939329235
23696,939385841,               23696,939422012
23696,939478688,               23696,939514559
23696,939571168,               23696,939606839
23696,939663495,               23696,939697327
23696,939753956,               23696,939792130
23696,939848989,               23696,939881924
23696,939938766,               23696,939975118
23696,940032728,               23696,940067702
23696,940124418,               23696,940159862
23696,940216588,               23696,940252539
23696,940893383,               23696,940933720
23696,940991033,               23696,941024275
23696,941081057,               23696,941114592
23696,941171221,               23696,941206165
23696,941262927,               23696,941297624
23696,941354269,               23696,941390561
23696,941447207,               23696,941482821
23696,941539460,               23696,941575852
23696,941632541,               23696,941667852
23696,941724584,               23696,941760452
23696,941817168,               23696,941857484
23696,941914380,               23696,941947722
23696,942004398,               23696,942037970
23696,942094649,               23696,942128391
23696,942185070,               23696,942220814
23696,942277470,               23696,942313401
23696,942370084,               23696,942405908
23696,942462717,               23696,942499236
23696,942555975,               23696,942591029
23696,942647661,               23696,942683296
23696,942739998,               23696,942776530
23696,942833219,               23696,942866795
23696,942923460,               23696,942957112
23696,943013748,               23696,943047720
23696,943104609,               23696,943140224
23696,943196876,               23696,943232824
23696,943289533,               23696,943330007
23696,943387033,               23696,943424189
23696,943481051,               23696,943516382
23696,943573011,               23696,943608882
23696,943665645,               23696,943701353
23696,943758045,               23696,943791977
23696,943848633,               23696,943882399
23696,943939074,               23696,943973167
23696,944031201,               23696,944067596
23696,944124292,               23696,944159996
23696,944216635,               23696,944252673
23696,944309339,               23696,944345174
23696,944401879,               23696,944437564
23696,944494172,               23696,944530201
23696,944586856,               23696,944622654
23696,944679313,               23696,944713286
23696,944769931,               23696,944807979
23696,944864918,               23696,944898443
23696,944955135,               23696,944990753
23696,945047402,               23696,945083257
23696,945139922,               23696,945176204
23696,945233113,               23696,945268427
23696,945325043,               23696,945360958
23696,945417750,               23696,945454065
23696,945510814,               23696,945546072
23696,945602957,               23696,945639273
23696,945695978,               23696,945729033
23696,945785692,               23696,945821544
23696,945878162,               23696,945914057
23696,945970819,               23696,946006527
23696,946063116,               23696,946099201
23696,946155913,               23696,946191758
23696,946248631,               23696,946288233
23696,946345152,               23696,946381274
23696,946438019,               23696,946471365
23696,946528157,               23696,946561953
23696,946618672,               23696,946652177
23696,946708899,               23696,946744717
23696,946805795,               23696,946841750
23696,946898599,               23696,946933896
23696,946990512,               23696,947026557
23696,947083182,               23696,947120769
23696,947177398,               23696,947213813
23696,947270482,               23696,947306253
23696,947362935,               23696,947396601
23696,947453253,               23696,947487299
23696,947543935,               23696,947578097
23696,947634793,               23696,947670354
23696,947726993,               23696,947766762
23696,947823651,               23696,947859559
23696,947916295,               23696,947951943
23696,948009363,               23696,948043926
23696,948099760,               23696,948133963
23696,948189708,               23696,948224418
23696,948280209,               23696,948312710
23696,948368478,               23696,948401923
23696,948457604,               23696,948489741
23696,948545409,               23696,948580690
23696,948636428,               23696,948670664
23696,948726515,               23696,948761429
23696,948817237,               23696,948851763
23696,948907538,               23696,948942181
23696,948997979,               23696,949032726
23696,949088460,               23696,949123050
23696,949178738,               23696,949217750
23696,949273664,               23696,949308097
23696,949363855,               23696,949398559
23696,949454250,               23696,949487004
23696,949542685,               23696,949575259
23696,949630934,               23696,949663762
23696,949719459,               23696,949752207
23696,949807978,               23696,949842702
23696,949898370,               23696,949933554
23696,949989365,               23696,950024168
23696,950079926,               23696,950114263
23696,950169960,               23696,950204610
23696,950260395,               23696,950295062
23696,950350753,               23696,950385606
23696,950441294,               23696,950476107
23696,950531925,               23696,950566595
23696,950622286,               23696,950659126
23696,950715134,               23696,950747711
23696,950803393,               23696,950836060
23696,950891711,               23696,950926415
23696,950982072,               23696,951016813
23696,951072490,               23696,951107784
23696,951163515,               23696,951197889
23696,951253573,               23696,951288927
23696,951344638,               23696,951378828
23696,951434502,               23696,951469145
23696,951524970,               23696,951559790
23696,951615548,               23696,951650268
23696,951705999,               23696,951738614
23696,951794315,               23696,951827266
23696,951883031,               23696,951915561
23696,951971253,               23696,952021604
23696,952079581,               23696,952121750
23696,952178749,               23696,952214864
23696,952271673,               23696,952307785
23696,952364527,               23696,952399951
23696,952456634,               23696,952492428
23696,952549141,               23696,952582886
23696,952639625,               23696,952673474
23696,952730213,               23696,952763999
23696,952820818,               23696,952856446
23696,952913165,               23696,952950308
23696,953007063,               23696,953043672
23696,953100438,               23696,953136109
23696,953192941,               23696,953228559
23696,953285275,               23696,953321220
23696,953377999,               23696,953413617
23696,953470366,               23696,953504769
23696,953561578,               23696,953599508
23696,953656437,               23696,953688434
23696,953745243,               23696,953782049
23696,953838882,               23696,953874426
23696,953931141,               23696,953966833
23696,954023558,               23696,954059320
23696,954116032,               23696,954151853
23696,954208612,               23696,954245028
23696,954301827,               23696,954336857
23696,954393616,               23696,954429571
23696,954486223,               23696,954520009
23696,954576775,               23696,954610417
23696,954667292,               23696,954703341
23696,954763090,               23696,954800199
23696,954857055,               23696,954892236
23696,954949001,               23696,954984663
23696,955041488,               23696,955082039
23696,955138981,               23696,955173985
23696,955230740,               23696,955264313
23696,955321055,               23696,955354757
23696,955411516,               23696,955445208
23696,955501907,               23696,955537882
23696,955594665,               23696,955630319
23696,955687051,               23696,955722903
23696,955779605,               23696,955815486
23696,955872195,               23696,955907376
23696,955964172,               23696,956006781
23696,956063937,               23696,956099501
23696,956156247,               23696,956189606
23696,956246355,               23696,956280000
23696,956336729,               23696,956370481
23696,956427220,               23696,956463118
23696,956519837,               23696,956559667
23696,956616532,               23696,956652354
23696,956709133,               23696,956744721
23696,956801606,               23696,956837431
23696,956894180,               23696,956929835
23696,956986520,               23696,957022338
23696,957079034,               23696,957113153
23696,957169882,               23696,957203965
23696,957260674,               23696,957293749
23696,957350444,               23696,957385735
23696,957442444,               23696,957478879
23696,957535628,               23696,957571420
23696,957628179,               23696,957664020
23696,957720842,               23696,957756524
23696,957813306,               23696,957849047
23696,957905800,               23696,957941581
23696,957998370,               23696,958036344
23696,958093316,               23696,958126775
23696,958183634,               23696,958219172
23696,958275884,               23696,958312032
23696,958368791,               23696,958404289
23696,958461018,               23696,958496739
23696,958553535,               23696,958589376
23696,958646105,               23696,958681877
23696,958738612,               23696,958774290
23696,958830956,               23696,958866573
23696,958923282,               23696,958957439
23696,959014147,               23696,959048010
23696,959104819,               23696,959140577
23696,959197326,               23696,959233224
23696,959289930,               23696,959325551
23696,959382280,               23696,959418365
23696,959475110,               23696,959514973
23696,959571949,               23696,959607443
23696,959664256,               23696,959699837
23696,959756552,               23696,959790228
23696,959846913,               23696,959880659
23696,959937505,               23696,959971464
23696,960028954,               23696,960064051
23696,960120820,               23696,960156969
23696,960213814,               23696,960248878
23696,960305767,               23696,960341011
23696,960397700,               23696,960433922
23696,960490644,               23696,960526419
23696,960583118,               23696,960618913
23696,960675571,               23696,960709858
23696,960766500,               23696,960799952
23696,960856657,               23696,960890403
23696,960947052,               23696,960985056
23696,961042002,               23696,961077569
23696,961134358,               23696,961169963
23696,961226695,               23696,961262470
23696,961319295,               23696,961355047
23696,961411786,               23696,961447577
23696,961504299,               23696,961540181
23696,961596873,               23696,961630622
23696,961687324,               23696,961720956
23696,961777689,               23696,961812769
23696,961869421,               23696,961901592
23696,961958341,               23696,961994886
23696,962051669,               23696,962087126
23696,962143849,               23696,962179670
23696,962236386,               23696,962272207
23696,962328923,               23696,962364878
23696,962421626,               23696,962461299
23696,962518261,               23696,962554203
23696,962610922,               23696,962644484
23696,962701216,               23696,962734785
23696,962795405,               23696,962831884
23696,962888730,               23696,962924007
23696,962980746,               23696,963016558
23696,963073373,               23696,963110136
23696,963166861,               23696,963201601
23696,963258354,               23696,963293614
23696,963350477,               23696,963386796
23696,963443605,               23696,963477187
23696,963533922,               23696,963567648
23696,963624387,               23696,963658233
23696,963715012,               23696,963750659
23696,963807348,               23696,963843163
23696,963899829,               23696,963940526
23696,963997495,               23696,964038672
23696,964094630,               23696,964130295
23696,964185979,               23696,964220903
23696,964276651,               23696,964310974
23696,964366698,               23696,964399456
23696,964455144,               23696,964487828
23696,964543419,               23696,964576200
23696,964631861,               23696,964664663
23696,964720280,               23696,964755307
23696,964811009,               23696,964845685
23696,964901326,               23696,964936106
23696,964991711,               23696,965026538
23696,965082152,               23696,965116989
23696,965172723,               23696,965207854
23696,965263508,               23696,965298125
23696,965353809,               23696,965393138
23696,965449166,               23696,965483279
23696,965539097,               23696,965571631
23696,965638325,               23696,965670105
23696,965725823,               23696,965760670
23696,965816307,               23696,965851324
23696,965906945,               23696,965941646
23696,965997794,               23696,966032257
23696,966087931,               23696,966122501
23696,966178029,               23696,966213350
23696,966269007,               23696,966303521
23696,966359132,               23696,966393998
23696,966449576,               23696,966484536
23696,966540241,               23696,966573576
23696,966629300,               23696,966661564
23696,966717152,               23696,966749897
23696,966805431,               23696,966842337
23696,966898418,               23696,966932998
23696,966988683,               23696,967023456
23696,967079024,               23696,967113874
23696,967169512,               23696,967204172
23696,967259803,               23696,967294813
23696,967350397,               23696,967385261
23696,967440859,               23696,967475706
23696,967531263,               23696,967566117
23696,967621828,               23696,967656268
23696,967711955,               23696,967745467
23696,967801269,               23696,967833629
23696,967889274,               23696,967921961
23696,967977556,               23696,968012299
23696,968069338,               23696,968104352
23696,968161118,               23696,968196495
23696,968253241,               23696,968293204
23696,968350186,               23696,968386008
23696,968442753,               23696,968478295
23696,968535137,               23696,968570731
23696,968627440,               23696,968661296
23696,968717932,               23696,968751684
23696,968808303,               23696,968842265
23696,968898921,               23696,968933140
23696,968989826,               23696,969025234
23696,969081896,               23696,969117300
23696,969173979,               23696,969208499
23696,969265191,               23696,969300939
23696,969363588,               23696,969399810
23696,969456532,               23696,969492030
23696,969548739,               23696,969584517
23696,969641212,               23696,969675108
23696,969731857,               23696,969769848
23696,969826820,               23696,969862161
23696,969918877,               23696,969954671
23696,970011427,               23696,970047195
23696,970103840,               23696,970140122
23696,970196764,               23696,970232339
23696,970289021,               23696,970324859
23696,970381525,               23696,970417349
23696,970474168,               23696,970507717
23696,970564486,               23696,970599640
23696,970656232,               23696,970687922
23696,970748279,               23696,970783706
23696,970840512,               23696,970875756
23696,970932508,               23696,970968360
23696,971025065,               23696,971060903
23696,971117672,               23696,971153484
23696,971210143,               23696,971250272
23696,971307115,               23696,971343230
23696,971399975,               23696,971433184
23696,971489849,               23696,971523678
23696,971580361,               23696,971614046
23696,971670745,               23696,971706877
23696,971763612,               23696,971800044
23696,971856697,               23696,971891687
23696,971948353,               23696,971984144
23696,972041644,               23696,972078320
23696,972135005,               23696,972169338
23696,972225990,               23696,972261818
23696,972318417,               23696,972352173
23696,972408885,               23696,972442834
23696,972499463,               23696,972533763
23696,972590495,               23696,972625909
23696,972682505,               23696,972722357
23696,972779186,               23696,972815151
23696,972871947,               23696,972907628
23696,972964324,               23696,973000145
23696,973056754,               23696,973092525
23696,973149157,               23696,973185082
23696,973241714,               23696,973275597
23696,973332246,               23696,973366061
23696,973422767,               23696,973456469
23696,973513188,               23696,973548659
23696,973605288,               23696,973639581
23696,973696206,               23696,973732482
23696,973789114,               23696,973824645
23696,973881280,               23696,973917322
23696,973974014,               23696,974009722
23696,974066424,               23696,974102329
23696,974158978,               23696,974196645
23696,974253557,               23696,974287377
23696,974344009,               23696,974377758
23696,974434350,               23696,974470311
23696,974526913,               23696,974562808
23696,974619427,               23696,974655339
23696,974712037,               23696,974748520
23696,974805138,               23696,974840443
23696,974897028,               23696,974933340
23696,974990069,               23696,975025410
23696,975081988,               23696,975116008
23696,975172723,               23696,975206472
23696,975263211,               23696,975296887
23696,975353526,               23696,975387405
23696,975444004,               23696,975480042
23696,975536687,               23696,975572592
23696,975629288,               23696,975669394
23696,975726320,               23696,975761814
23696,975818483,               23696,975854214
23696,975910867,               23696,975946745
23696,976004295,               23696,976037353
23696,976093955,               23696,976127991
23696,976184606,               23696,976218192
23696,976274821,               23696,976308690
23696,976365292,               23696,976401130
23696,976457732,               23696,976492990
23696,976549642,               23696,976584158
23696,976640797,               23696,976676745
23696,976733341,               23696,976769302
23696,976826031,               23696,976861739
23696,976918365,               23696,976954373
23696,977010972,               23696,977044894
23696,977101560,               23696,977139547
23696,977196303,               23696,977229955
23696,977286554,               23696,977323006
23696,977379648,               23696,977414982
23696,977471701,               23696,977507539
23696,977564171,               23696,977600189
23696,977656845,               23696,977693314
23696,977750013,               23696,977785197
23696,977841822,               23696,977876756
23696,977933428,               23696,977968942
23696,978025618,               23696,978058579
23696,978115448,               23696,978149281
23696,978206016,               23696,978241581
23696,978298266,               23696,978334175
23696,978390853,               23696,978428137
23696,978484765,               23696,978521244
23696,978578006,               23696,978617836
23696,978674668,               23696,978710623
23696,978770065,               23696,978803487
23696,978860263,               23696,978892807
23696,978949646,               23696,978980835
23696,979037518,               23696,979070352
23696,979127044,               23696,979163079
23696,979219742,               23696,979255453
23696,979312155,               23696,979347953
23696,979404649,               23696,979444318
23696,979501087,               23696,979537192
23696,979594001,               23696,979629706
23696,979686384,               23696,979722516
23696,979779275,               23696,979812791
23696,979869493,               23696,979903215
23696,979959814,               23696,979993650
23696,980051019,               23696,980090118
23696,980147077,               23696,980182865
23696,980239664,               23696,980275342
23696,980332047,               23696,980367862
23696,980424508,               23696,980460266
23696,980516901,               23696,980552863
23696,980609491,               23696,980646070
23696,980702819,               23696,980735971
23696,980792663,               23696,980826349
23696,980882984,               23696,980921752
23696,980978501,               23696,981013572
23696,981070234,               23696,981106112
23696,981162708,               23696,981198492
23696,981255291,               23696,981291206
23696,981347818,               23696,981383676
23696,981440345,               23696,981476230
23696,981532872,               23696,981570943
23696,981627859,               23696,981661371
23696,981718013,               23696,981751729
23696,981808397,               23696,981844282
23696,981900948,               23696,981936699
23696,981993348,               23696,982029289
23696,982086052,               23696,982122244
23696,982178929,               23696,982214517
23696,982271149,               23696,982307117
23696,982363766,               23696,982399524
23696,982456243,               23696,982490049
23696,982546761,               23696,982580423
23696,982637149,               23696,982670828
23696,982727510,               23696,982761356
23696,982817998,               23696,982853866
23696,982910501,               23696,982946440
23696,983003058,               23696,983043395
23696,983100401,               23696,983135859
23696,983192541,               23696,983228305
23696,983285031,               23696,983321069
23696,983377862,               23696,983411234
23696,983467856,               23696,983501878
23696,983558501,               23696,983592807
23696,983649499,               23696,983682657
23696,983739336,               23696,983775194
23696,983831847,               23696,983867688
23696,983924327,               23696,983960245
23696,984017611,               23696,984052935
23696,984109624,               23696,984145245
23696,984202028,               23696,984237826
23696,984294451,               23696,984330363
23696,984387209,               23696,984420831
23696,984477510,               23696,984515710
23696,984572670,               23696,984606062
23696,984662680,               23696,984698495
23696,984755130,               23696,984791005
23696,984847637,               23696,984883526
23696,984940248,               23696,984976086
23696,985032761,               23696,985068600
23696,985125225,               23696,985161193
23696,985217889,               23696,985253563
23696,985310212,               23696,985345656
23696,985402299,               23696,985433985
23696,985490674,               23696,985523108
23696,985579754,               23696,985615599
23696,985672231,               23696,985708516
23696,985765255,               23696,985800739
23696,985857415,               23696,985893186
23696,985949858,               23696,985989701
23696,986046663,               23696,986082552
23696,986139264,               23696,986174978
23696,986231647,               23696,986265410
23696,986322182,               23696,986355814
23696,986412490,               23696,986446462
23696,986503175,               23696,986539593
23696,986596326,               23696,986631423
23696,986688158,               23696,986723906
23696,986783232,               23696,986820111
23696,986876863,               23696,986911383
23696,986968099,               23696,987003650
23696,987060299,               23696,987096043
23696,987152695,               23696,987186558
23696,987243263,               23696,987277062
23696,987333695,               23696,987367540
23696,987424186,               23696,987464479
23696,987521408,               23696,987556886
23696,987613588,               23696,987649350
23696,987706035,               23696,987741800
23696,987798512,               23696,987834373
23696,987891096,               23696,987926767
23696,987983462,               23696,988020358
23696,988077037,               23696,988110413
23696,988167105,               23696,988200500
23696,988257122,               23696,988293888
23696,988350543,               23696,988385514
23696,988442303,               23696,988477934
23696,988534576,               23696,988570434
23696,988627190,               23696,988662988
23696,988719737,               23696,988755608
23696,988812304,               23696,988848135
23696,988904767,               23696,988944463
23696,989001372,               23696,989035332
23696,989091984,               23696,989125723
23696,989182318,               23696,989218223
23696,989274829,               23696,989310977
23696,989367576,               23696,989403411
23696,989460029,               23696,989496622
23696,989553414,               23696,989588408
23696,989645190,               23696,989680825
23696,989737470,               23696,989773425
23696,989830070,               23696,989863890
23696,989920538,               23696,989954397
23696,990011023,               23696,990044765
23696,990101444,               23696,990135333
23696,990191995,               23696,990227910
23696,990284619,               23696,990320424
23696,990377119,               23696,990417216
23696,990474125,               23696,990509976
23696,990566772,               23696,990602250
23696,990658855,               23696,990694954
23696,990751632,               23696,990785158
23696,990841867,               23696,990875692
23696,990932368,               23696,990966197
23696,991022866,               23696,991056712
23696,991113351,               23696,991149089
23696,991205754,               23696,991241082
23696,991297767,               23696,991332307
23696,991388966,               23696,991424774
23696,991481396,               23696,991517161
23696,991573820,               23696,991609878
23696,991666510,               23696,991702755
23696,991759541,               23696,991792946
23696,991849592,               23696,991887108
23696,991943997,               23696,991977957
23696,992035453,               23696,992070494
23696,992127096,               23696,992162880
23696,992219513,               23696,992255394
23696,992312030,               23696,992348035
23696,992404720,               23696,992441059
23696,992497788,               23696,992533092
23696,992589747,               23696,992625562
23696,992682388,               23696,992717842
23696,992774584,               23696,992808654
23696,992865319,               23696,992899405
23696,992956201,               23696,992991659
23696,993048318,               23696,993084096
23696,993140848,               23696,993176646
23696,993233365,               23696,993269176
23696,993325888,               23696,993365948
23696,993422877,               23696,993458599
23696,993515231,               23696,993550979
23696,993607648,               23696,993641410
23696,993698119,               23696,993731898
23696,993788580,               23696,993822379
23696,993879061,               23696,993914883
23696,993971588,               23696,994007423
23696,994064115,               23696,994100254
23696,994157006,               23696,994192023
23696,994248652,               23696,994282988
23696,994339640,               23696,994375435
23696,994432147,               23696,994467935
23696,994524684,               23696,994558490
23696,994615099,               23696,994648988
23696,994705770,               23696,994739423
23696,994796238,               23696,994835931
23696,994895473,               23696,994931191
23696,994987973,               23696,995023201
23696,995079890,               23696,995115711
23696,995172333,               23696,995208131
23696,995264727,               23696,995301229
23696,995357811,               23696,995394026
23696,995450628,               23696,995483883
23696,995540465,               23696,995574268
23696,995630947,               23696,995665517
23696,995722135,               23696,995757336
23696,995813942,               23696,995849947
23696,995906535,               23696,995942413
23696,995999052,               23696,996039743
23696,996096582,               23696,996131669
23696,996188278,               23696,996224139
23696,996280755,               23696,996321328
23696,996378134,               23696,996410495
23696,996467137,               23696,996500021
23696,996556657,               23696,996592265
23696,996648880,               23696,996684695
23696,996741344,               23696,996777279
23696,996833907,               23696,996869876
23696,996926645,               23696,996962356
23696,997019115,               23696,997054823
23696,997111448,               23696,997146949
23696,997203628,               23696,997237911
23696,997294610,               23696,997328376
23696,997384998,               23696,997418810
23696,997475422,               23696,997509301
23696,997565954,               23696,997601828
23696,997658484,               23696,997694776
23696,997751411,               23696,997790827
23696,997847583,               23696,997883618
23696,997940196,               23696,997976131
23696,998032903,               23696,998068598
23696,998125183,               23696,998159143
23696,998215895,               23696,998249601
23696,998306179,               23696,998340769
23696,998397425,               23696,998430576
23696,998487185,               23696,998523077
23696,998579719,               23696,998616959
23696,998673561,               23696,998708184
23696,998764876,               23696,998800651
23696,998857290,               23696,998893518
23696,998950170,               23696,998985845
23696,999042604,               23696,999078372
23696,999134967,               23696,999168827
23696,999225505,               23696,999263539
23696,999320448,               23696,999354011
23696,999410636,               23696,999446361
23696,999502966,               23696,999538934
23696,999595560,               23696,999631331
23696,999687917,               23696,999723948
23696,999780560,               23696,999816489
23696,999873231,               23696,999909009
23696,999965634,               23697,000006438
23697,000064789,               23697,000102105
23697,000159158,               23697,000192920
23697,000249679,               23697,000285371
23697,000342143,               23697,000377854
23697,000434496,               23697,000470341
23697,000526990,               23697,000562858
23697,000619617,               23697,000655468
23697,000712114,               23697,000752090
23697,000809003,               23697,000844781
23697,000901526,               23697,000935178
23697,000991901,               23697,001025600
23697,001082382,               23697,001118013
23697,001174729,               23697,001210830
23697,001267479,               23697,001304332
23697,001361188,               23697,001395931
23697,001452573,               23697,001488288
23697,001544890,               23697,001580848
23697,001637550,               23697,001673288
23697,001729920,               23697,001763716
23697,001820318,               23697,001854238
23697,001910946,               23697,001944722
23697,002001364,               23697,002035410
23697,002092206,               23697,002128064
23697,002184883,               23697,002224656
23697,002281592,               23697,002317136
23697,002373828,               23697,002409499
23697,002466132,               23697,002502320
23697,002558935,               23697,002594477
23697,002651082,               23697,002687067
23697,002743772,               23697,002777645
23697,002834351,               23697,002868046
23697,002927508,               23697,002962932
23697,003019711,               23697,003054151
23697,003110813,               23697,003145634
23697,003202316,               23697,003238204
23697,003294963,               23697,003330614
23697,003387233,               23697,003423155
23697,003479807,               23697,003515802
23697,003572444,               23697,003608258
23697,003664917,               23697,003703075
23697,003760091,               23697,003793546
23697,003850235,               23697,003885896
23697,003942558,               23697,003978373
23697,004039457,               23697,004075152
23697,004131804,               23697,004167522
23697,004224120,               23697,004260793
23697,004317712,               23697,004352632
23697,004409278,               23697,004445083
23697,004501805,               23697,004537586
23697,004594322,               23697,004628224
23697,004684883,               23697,004718665
23697,004775301,               23697,004811119
23697,004867805,               23697,004904130
23697,004960845,               23697,004996350
23697,005053112,               23697,005088840
23697,005145442,               23697,005185609
23697,005242648,               23697,005278172
23697,005334864,               23697,005370813
23697,005427502,               23697,005460997
23697,005517636,               23697,005551345
23697,005608027,               23697,005641876
23697,005698478,               23697,005734463
23697,005791055,               23697,005827043
23697,005883759,               23697,005919414
23697,005976109,               23697,006012514
23697,006069187,               23697,006104971
23697,006161607,               23697,006197198
23697,006253910,               23697,006289565
23697,006346224,               23697,006380026
23697,006436908,               23697,006470834
23697,006527630,               23697,006561192
23697,006617901,               23697,006657734
23697,006714639,               23697,006750488
23697,006807287,               23697,006842884
23697,006899523,               23697,006935295
23697,006991910,               23697,007027815
23697,007084504,               23697,007120599
23697,007177254,               23697,007213556
23697,007270212,               23697,007303967
23697,007360693,               23697,007393965
23697,007450620,               23697,007489131
23697,007545777,               23697,007581038
23697,007637640,               23697,007673595
23697,007730250,               23697,007766038
23697,007822700,               23697,007858585
23697,007915234,               23697,007951125
23697,008008619,               23697,008043819
23697,008100498,               23697,008137958
23697,008194891,               23697,008228920
23697,008285579,               23697,008319284
23697,008375903,               23697,008411808
23697,008468437,               23697,008504629
23697,008561421,               23697,008596862
23697,008653491,               23697,008689419
23697,008746091,               23697,008781929
23697,008838571,               23697,008874413
23697,008931055,               23697,008969987
23697,009026602,               23697,009059624
23697,009116276,               23697,009150015
23697,009206603,               23697,009240423
23697,009297065,               23697,009333040
23697,009389682,               23697,009425573
23697,009482296,               23697,009518084
23697,009574916,               23697,009614692
23697,009671674,               23697,009707813
23697,009764582,               23697,009799866
23697,009856602,               23697,009892406
23697,009949052,               23697,009982781
23697,010039450,               23697,010073329
23697,010130028,               23697,010164571
23697,010221303,               23697,010256330
23697,010313019,               23697,010348907
23697,010405503,               23697,010441037
23697,010497669,               23697,010533925
23697,010590530,               23697,010626929
23697,010683704,               23697,010718882
23697,010775474,               23697,010811495
23697,010868144,               23697,010902410
23697,010963548,               23697,010997090
23697,011053846,               23697,011091586
23697,011148498,               23697,011183903
23697,011240598,               23697,011276279
23697,011332915,               23697,011368840
23697,011425425,               23697,011461206
23697,011517865,               23697,011553773
23697,011610442,               23697,011646337
23697,011703233,               23697,011738867
23697,011795500,               23697,011829315
23697,011886028,               23697,011920741
23697,011977600,               23697,012011402
23697,012068141,               23697,012103329
23697,012160008,               23697,012195449
23697,012252184,               23697,012288002
23697,012344698,               23697,012380466
23697,012437135,               23697,012472993
23697,012529675,               23697,012569281
23697,012626110,               23697,012662181
23697,012718937,               23697,012752783
23697,012809432,               23697,012843187
23697,012899813,               23697,012935574
23697,012992160,               23697,013028175
23697,013084873,               23697,013121386
23697,013178054,               23697,013213215
23697,013269874,               23697,013306189
23697,013362885,               23697,013397628
23697,013454330,               23697,013488920
23697,013545639,               23697,013581351
23697,013638013,               23697,013671895
23697,013728517,               23697,013762353
23697,013819089,               23697,013852764
23697,013909463,               23697,013945295
23697,014001934,               23697,014042027
23697,014098919,               23697,014134730
23697,014191406,               23697,014227090
23697,014283786,               23697,014319601
23697,014376263,               23697,014412011
23697,014468663,               23697,014504892
23697,014561510,               23697,014595166
23697,014651778,               23697,014685684
23697,014742269,               23697,014775982
23697,014832817,               23697,014868655
23697,014925308,               23697,014961129
23697,015017818,               23697,015053693
23697,015110402,               23697,015146183
23697,015202832,               23697,015238700
23697,015295352,               23697,015331197
23697,015387952,               23697,015423764
23697,015480429,               23697,015518433
23697,015575306,               23697,015609038
23697,015665663,               23697,015699709
23697,015756452,               23697,015792156
23697,015848822,               23697,015884450
23697,015941199,               23697,015977010
23697,016034450,               23697,016070401
23697,016127094,               23697,016162061
23697,016218689,               23697,016254501
23697,016311136,               23697,016346801
23697,016403426,               23697,016437639
23697,016494298,               23697,016528127
23697,016584749,               23697,016618455
23697,016675077,               23697,016711089
23697,016767734,               23697,016803629
23697,016860314,               23697,016896526
23697,016953282,               23697,016992791
23697,017049713,               23697,017085501
23697,017142207,               23697,017177938
23697,017234630,               23697,017270425
23697,017327234,               23697,017360873
23697,017417545,               23697,017451424
23697,017508137,               23697,017541852
23697,017598501,               23697,017634406
23697,017691108,               23697,017726839
23697,017783528,               23697,017818782
23697,017875431,               23697,017909988
23697,017966700,               23697,018002542
23697,018059384,               23697,018095339
23697,018152061,               23697,018187559
23697,018244291,               23697,018278083
23697,018334742,               23697,018368541
23697,018425183,               23697,018462884
23697,018519706,               23697,018555758
23697,018612390,               23697,018648258
23697,018704890,               23697,018740645
23697,018797260,               23697,018833205
23697,018889891,               23697,018925715
23697,018985087,               23697,019021740
23697,019078736,               23697,019112818
23697,019169480,               23697,019203286
23697,019259972,               23697,019294909
23697,019351648,               23697,019384436
23697,019441135,               23697,019476842
23697,019533491,               23697,019569299
23697,019626025,               23697,019661923
23697,019718599,               23697,019754427
23697,019811076,               23697,019846994
23697,019903622,               23697,019943896
23697,020005477,               23697,020041091
23697,020097877,               23697,020130772
23697,020187481,               23697,020221160
23697,020277822,               23697,020313610
23697,020370265,               23697,020406320
23697,020463063,               23697,020499261
23697,020556093,               23697,020591454
23697,020648220,               23697,020683811
23697,020740513,               23697,020776401
23697,020833090,               23697,020869045
23697,020925727,               23697,020959406
23697,021016082,               23697,021049851
23697,021106586,               23697,021140292
23697,021197034,               23697,021230887
23697,021287562,               23697,021323440
23697,021380103,               23697,021420443
23697,021477452,               23697,021512746
23697,021569442,               23697,021605039
23697,021661732,               23697,021698140
23697,021754822,               23697,021790260
23697,021846939,               23697,021879854
23697,021936466,               23697,021969017
23697,022025749,               23697,022059658
23697,022116374,               23697,022150009
23697,022206675,               23697,022241896
23697,022298641,               23697,022332998
23697,022389703,               23697,022425528
23697,022482210,               23697,022518158
23697,022574860,               23697,022610692
23697,022667357,               23697,022703185
23697,022759851,               23697,022795729
23697,022852478,               23697,022890612
23697,022947638,               23697,022979802
23697,023036514,               23697,023069315
23697,023125974,               23697,023161726
23697,023218501,               23697,023254199
23697,023311008,               23697,023346806
23697,023403502,               23697,023439383
23697,023496132,               23697,023531867
23697,023588576,               23697,023624347
23697,023681036,               23697,023717408
23697,023774120,               23697,023807515
23697,023864261,               23697,023897933
23697,023954645,               23697,023988254
23697,024045851,               23697,024079423
23697,024136132,               23697,024171446
23697,024228128,               23697,024263973
23697,024320602,               23697,024360415
23697,024417310,               23697,024453238
23697,024509937,               23697,024545662
23697,024602388,               23697,024638242
23697,024694925,               23697,024728567
23697,024785216,               23697,024819081
23697,024875734,               23697,024910327
23697,024967006,               23697,025000044
23697,025056689,               23697,025092684
23697,025149413,               23697,025184587
23697,025241196,               23697,025276020
23697,025332769,               23697,025368220
23697,025424928,               23697,025460673
23697,025517395,               23697,025553223
23697,025609906,               23697,025645944
23697,025702736,               23697,025736358
23697,025792954,               23697,025830934
23697,025887810,               23697,025920428
23697,025977143,               23697,026011870
23697,026068542,               23697,026104367
23697,026161089,               23697,026196851
23697,026253553,               23697,026289404
23697,026346177,               23697,026381981
23697,026438680,               23697,026474845
23697,026531641,               23697,026567035
23697,026623851,               23697,026658381
23697,026715233,               23697,026748201
23697,026804994,               23697,026838563
23697,026895358,               23697,026931036
23697,026990682,               23697,027026006
23697,027082822,               23697,027118016
23697,027174745,               23697,027210606
23697,027267412,               23697,027306774
23697,027363713,               23697,027400055
23697,027456977,               23697,027492345
23697,027549191,               23697,027582846
23697,027639595,               23697,027673735
23697,027730567,               23697,027763876
23697,027820668,               23697,027857117
23697,027913882,               23697,027948913
23697,028006506,               23697,028041573
23697,028098382,               23697,028133429
23697,028190225,               23697,028224425
23697,028281147,               23697,028316878
23697,028373567,               23697,028409362
23697,028466164,               23697,028499963
23697,028556692,               23697,028590621
23697,028647430,               23697,028680899
23697,028737678,               23697,028777824
23697,028834850,               23697,028870612
23697,028927384,               23697,028962641
23697,029019360,               23697,029055122
23697,029111840,               23697,029147532
23697,029204344,               23697,029240216
23697,029296961,               23697,029332766
23697,029389551,               23697,029423224
23697,029479946,               23697,029513785
23697,029570517,               23697,029606055
23697,029662941,               23697,029698809
23697,029755631,               23697,029791413
23697,029848278,               23697,029883830
23697,029940652,               23697,029976323
23697,030033005,               23697,030069281
23697,030126040,               23697,030161504
23697,030218169,               23697,030258042
23697,030315021,               23697,030348677
23697,030405339,               23697,030438975
23697,030495660,               23697,030529449
23697,030586211,               23697,030621916
23697,030678595,               23697,030714613
