2333,785718898,2333,785778290
2333,786279259,2333,786322336
2333,786821760,2333,786881509
2333,787365465,2333,787407954
2333,787889718,2333,787931329
2333,788440361,2333,788514737
2333,788998803,2333,789042634
2333,789550761,2333,789617758
2333,790105052,2333,790150654
2333,790649671,2333,790712007
2333,791198579,2333,791241489
2333,791728936,2333,791771478
2333,792271877,2333,792334846
2333,792837277,2333,792882079
2333,793399604,2333,793460020
2333,793943706,2333,793987850
2333,794500526,2333,794561764
2333,795049838,2333,795093098
2333,795592035,2333,795654360
2333,796140042,2333,796183288
2333,796665726,2333,796707377
2333,797205950,2333,797271236
2333,797759600,2333,797801542
2333,798301647,2333,798366308
2333,798850288,2333,798895430
2333,799382363,2333,799423170
2333,799921900,2333,799982804
2333,800469616,2333,800514151
2333,801012851,2333,801073762
2333,801557531,2333,801600914
2333,802091361,2333,802133884
2333,802637322,2333,802699170
2333,803183083,2333,803226413
2333,803727059,2333,803789014
2333,804279537,2333,804324089
2333,804822919,2333,804886432
2333,805372534,2333,805416985
2333,805903191,2333,805949534
2333,806456223,2333,806516693
2333,807000663,2333,807049786
2333,807548886,2333,807610698
2333,808099403,2333,808143961
2333,808630203,2333,808672495
2333,809171045,2333,809233934
2333,809717463,2333,809761144
2333,810260104,2333,810321004
2333,810804460,2333,810848277
2333,811346366,2333,811389369
2333,811887852,2333,811949724
2333,812435815,2333,812480714
2333,812979674,2333,813040531
2333,813527024,2333,813571925
2333,814059960,2333,814100783
2333,814603515,2333,814667966
2333,815151722,2333,815192736
2333,815691642,2333,815760879
2333,816251303,2333,816296749
2333,816778549,2333,816820784
2333,817319781,2333,817382023
2333,817865098,2333,817908679
2333,818410132,2333,818472657
2333,818956760,2333,819001345
2333,819493204,2333,819534969
2333,820035300,2333,820101043
2333,820593262,2333,820642836
2333,821142540,2333,821202987
2333,821690544,2333,821734882
2333,822219565,2333,822260386
2333,822775919,2333,822836378
2333,823320325,2333,823367432
2333,823866539,2333,823927526
2333,824416662,2333,824466593
2333,824965930,2333,825025059
2333,825518973,2333,825564228
2333,826049706,2333,826093717
2333,826593031,2333,826654879
2333,827138635,2333,827183434
2333,827683892,2333,827744699
2333,828233941,2333,828279604
2333,828764074,2333,828803960
2333,829320905,2333,829382733
2333,829870356,2333,829911577
2333,830412967,2333,830472219
2333,830960433,2333,831002862
2333,831501756,2333,831562225
2333,832049769,2333,832095131
2333,832582518,2333,832625168
2333,833123841,2333,833191295
2333,833675125,2333,833719596
2333,834218426,2333,834277458
2333,834767551,2333,834810904
2333,835293459,2333,835337930
2333,835837448,2333,835898662
2333,836384897,2333,836429479
2333,836931432,2333,836992613
2333,837476829,2333,837521911
2333,838003278,2333,838044919
2333,838552676,2333,838613326
2333,839101267,2333,839144614
2333,839643657,2333,839704754
2333,840191570,2333,840236162
2333,840717996,2333,840764002
2333,841262799,2333,841323679
2333,841807035,2333,841856602
2333,842358449,2333,842419589
2333,842907994,2333,842952038
2333,843438871,2333,843479955
2333,843995267,2333,844068909
2333,844562760,2333,844605396
2333,845103879,2333,845166458
2333,845652667,2333,845696761
2333,846195461,2333,846257596
2333,846741429,2333,846786895
2333,847271992,2333,847312092
2333,847813581,2333,847874011
2333,848376215,2333,848419592
2333,848923665,2333,848983487
2333,849470921,2333,849517481
2333,850016328,2333,850077572
2333,850561271,2333,850611756
2333,851098489,2333,851141238
2333,851643879,2333,851706295
2333,852183850,2333,852227958
2333,852727515,2333,852787071
2333,853273113,2333,853317194
2333,853799197,2333,853841036
2333,854339809,2333,854402074
2333,854885907,2333,854928570
2333,855431030,2333,855493563
2333,855977412,2333,856022898
2333,856505399,2333,856548492
2333,857047005,2333,857107919
2333,857591675,2333,857634357
2333,858136274,2333,858200165
2333,858683937,2333,858728275
2333,859210219,2333,859256222
2333,859771034,2333,859830189
2333,860319408,2333,860361363
2333,860864778,2333,860927698
2333,861412091,2333,861456840
2333,861958433,2333,862019480
2333,862511532,2333,862556748
2333,863038628,2333,863081174
2333,863591571,2333,863652217
2333,864138092,2333,864181539
2333,864680630,2333,864741593
2333,865225443,2333,865268336
2333,865750563,2333,865793192
2333,866292757,2333,866353393
2333,866839669,2333,866885171
2333,867384699,2333,867445983
2333,867929692,2333,867979803
2333,868468822,2333,868511268
2333,869009968,2333,869071655
2333,869555478,2333,869598257
2333,870096864,2333,870157861
2333,870642037,2333,870687613
2333,871175290,2333,871217402
2333,871718108,2333,871778427
2333,872265737,2333,872309825
2333,872808955,2333,872867910
2333,873358651,2333,873402588
2333,873884225,2333,873925353
2333,874425935,2333,874486742
2333,874970417,2333,875014188
2333,875516675,2333,875581113
2333,876065103,2333,876107976
2333,876597408,2333,876645093
2333,877144347,2333,877204810
2333,877683767,2333,877727611
2333,878226571,2333,878288126
2333,878776928,2333,878820762
2333,879302375,2333,879343312
2333,879842620,2333,879903166
2333,880397201,2333,880441332
2333,880945494,2333,881005784
2333,881489971,2333,881532800
2333,882016102,2333,882058498
2333,882563435,2333,882624953
2333,883121510,2333,883166585
2333,883668232,2333,883728832
2333,884227775,2333,884274743
2333,884773990,2333,884834577
2333,885322367,2333,885371488
2333,885857903,2333,885900352
2333,886398525,2333,886459308
2333,886942794,2333,886987856
2333,887486713,2333,887548441
2333,888043056,2333,888088428
2333,888587545,2333,888648179
2333,889135402,2333,889179747
2333,889661820,2333,889701783
2333,890200513,2333,890260693
2333,890745026,2333,890787505
2333,891287410,2333,891348050
2333,891833564,2333,891876728
2333,892360427,2333,892403473
2333,892906551,2333,892972177
2333,893459527,2333,893500631
2333,894003016,2333,894069042
2333,894584972,2333,894627961
2333,895126838,2333,895187041
2333,895670723,2333,895713166
2333,896215977,2333,896275923
2333,896759919,2333,896804694
2333,897289888,2333,897331590
2333,897832743,2333,897893683
2333,898377716,2333,898421203
2333,898922282,2333,898982702
2333,899467496,2333,899509251
2333,899991174,2333,900034368
2333,900542295,2333,900604650
2333,901103323,2333,901147227
2333,901653953,2333,901718171
2333,902205277,2333,902249735
2333,902748538,2333,902816934
2333,903300977,2333,903346056
2333,903827619,2333,903867502
2333,904366629,2333,904427606
2333,904916815,2333,904959320
2333,905459862,2333,905522338
2333,906007288,2333,906052955
2333,906551598,2333,906594110
2333,907092760,2333,907153073
2333,907657082,2333,907700062
2333,908204812,2333,908264077
2333,908748013,2333,908792181
2333,909290988,2333,909351741
2333,909835931,2333,909878297
2333,910363014,2333,910408146
2333,910910880,2333,910972855
2333,911464117,2333,911514265
2333,912015137,2333,912076768
2333,912573886,2333,912618137
2333,913116870,2333,913178502
2333,913663145,2333,913709556
2333,914195744,2333,914236708
2333,914735892,2333,914794970
2333,915278656,2333,915321436
2333,915820519,2333,915881463
2333,916367612,2333,916410808
2333,916898375,2333,916941485
2333,917440202,2333,917502033
2333,917986006,2333,918027924
2333,918538751,2333,918600022
2333,919087626,2333,919137964
2333,919645758,2333,919703778
2333,920208976,2333,920257845
2333,920757042,2333,920817315
2333,921301415,2333,921345336
2333,921827069,2333,921869762
2333,922373344,2333,922434805
2333,922918404,2333,922961808
2333,923464432,2333,923526457
2333,924012372,2333,924055796
2333,924552704,2333,924594846
2333,925093215,2333,925152964
2333,925646641,2333,925692388
2333,926191374,2333,926252939
2333,926740966,2333,926783679
2333,927282476,2333,927344391
2333,927843581,2333,927895047
2333,928397935,2333,928460468
2333,928946943,2333,928998199
2333,929479659,2333,929522175
2333,930021025,2333,930081278
2333,930574385,2333,930620398
2333,931119411,2333,931179664
2333,931682355,2333,931725362
2333,932232108,2333,932290715
2333,932774681,2333,932819380
2333,933301080,2333,933344176
2333,933846487,2333,933907534
2333,934390973,2333,934433782
2333,934932782,2333,934994854
2333,935478280,2333,935519841
2333,936009363,2333,936053034
2333,936556446,2333,936625396
2333,937108948,2333,937152338
2333,937658480,2333,937726655
2333,938211065,2333,938256044
2333,938745984,2333,938788817
2333,939287456,2333,939348093
2333,939832727,2333,939873580
2333,940376952,2333,940437910
2333,940921445,2333,940966297
2333,941448945,2333,941490530
2333,941993211,2333,942053878
2333,942540937,2333,942584781
2333,943083892,2333,943145773
2333,943638119,2333,943682627
2333,944183236,2333,944245945
2333,944733649,2333,944776061
2333,945257885,2333,945306614
2333,945805458,2333,945867713
2333,946354639,2333,946405017
2333,946907281,2333,946969403
2333,947453683,2333,947498291
2333,947985194,2333,948025290
2333,948526603,2333,948586005
2333,949072541,2333,949116859
2333,949624312,2333,949683507
2333,950167270,2333,950210116
2333,950717216,2333,950779177
2333,951264458,2333,951308906
2333,951790830,2333,951832645
2333,952335907,2333,952397698
2333,952881631,2333,952923496
2333,953426017,2333,953486450
2333,953970266,2333,954019256
2333,954502865,2333,954544817
2333,955043927,2333,955112340
2333,955603981,2333,955649377
2333,956154281,2333,956215618
2333,956700933,2333,956744547
2333,957226153,2333,957266914
2333,957767566,2333,957828406
2333,958316507,2333,958362200
2333,958864314,2333,958925828
2333,959409457,2333,959452520
2333,959934457,2333,959977160
2333,960477599,2333,960538289
2333,961022759,2333,961064974
2333,961563984,2333,961622676
2333,962107092,2333,962150496
2333,962644283,2333,962687260
2333,963185949,2333,963536508
2333,964026438,2333,964080974
2333,964580191,2333,964641262
2333,965125261,2333,965169993
2333,965653568,2333,965695393
2333,966204692,2333,966263223
2333,966755305,2333,966799049
2333,967297942,2333,967359617
2333,967844060,2333,967888245
2333,968396536,2333,968457066
2333,968943468,2333,968987983
2333,969470026,2333,969512736
2333,970014943,2333,970076147
2333,970563701,2333,970606680
2333,971106014,2333,971165229
2333,971654622,2333,971697875
2333,972181871,2333,972224978
2333,972724315,2333,972794943
2333,973296119,2333,973339616
2333,973840749,2333,973902097
2333,974385525,2333,974428719
2333,974932992,2333,974995430
2333,975481202,2333,975526114
2333,976010364,2333,976053297
2333,976552133,2333,976613958
2333,977100370,2333,977144648
2333,977643715,2333,977705477
2333,978189820,2333,978234365
2333,978722529,2333,978764968
2333,979263474,2333,979321949
2333,979814014,2333,979855729
2333,980362024,2333,980425701
2333,980912944,2333,980958604
2333,981440698,2333,981489184
2333,981990236,2333,982052926
2333,982536611,2333,982581600
2333,983080497,2333,983142041
2333,983628867,2333,983673015
2333,984157045,2333,984197652
2333,984697069,2333,984758567
2333,985242519,2333,985285379
2333,985793576,2333,985854490
2333,986338026,2333,986382808
2333,986864524,2333,986908395
2333,987816235,2333,987879574
2333,988382332,2333,988442986
2333,988946381,2333,989007111
2333,989507700,2333,989570079
2333,990075086,2333,990137455
2333,990640009,2333,990706319
2333,991190545,2333,991234760
2333,991733753,2333,991795418
2333,992281627,2333,992326258
2333,992812373,2333,992854459
2333,993369774,2333,993432333
2333,993924182,2333,993967292
2333,994466088,2333,994528881
2333,995012590,2333,995056291
2333,995555958,2333,995617209
2333,996103204,2333,996148256
2333,996639070,2333,996680789
2333,997182021,2333,997243850
2333,997728547,2333,997772841
2333,998271921,2333,998333402
2333,998817435,2333,998860221
2333,999341995,2333,999390972
2333,999889772,2333,999952124
2334,000441623,2334,000485360
2334,000984717,2334,001047877
2334,001535551,2334,001579188
2334,002061518,2334,002103043
2334,002604970,2334,002666267
2334,003151709,2334,003192369
2334,003700877,2334,003759688
2334,004260821,2334,004302188
2334,004804008,2334,004863073
2334,005350821,2334,005394384
2334,005893938,2334,005954819
2334,006438705,2334,006483597
2334,006978232,2334,007020524
2334,007534014,2334,007596196
2334,008081758,2334,008133300
2334,008641228,2334,008702742
2334,009193186,2334,009236913
2334,009736774,2334,009797374
2334,010281661,2334,010324293
2334,010806007,2334,010848546
2334,011350149,2334,011412221
2334,011898520,2334,011942624
2334,012443883,2334,012505435
2334,013005092,2334,013048519
2334,013549171,2334,013611320
2334,014106125,2334,014150166
2334,014654929,2334,014716934
2334,015200957,2334,015243857
2334,015725774,2334,015769334
2334,016269693,2334,016331244
2334,016815370,2334,016864240
2334,017366150,2334,017426800
2334,017914170,2334,017957777
2334,018440232,2334,018482311
2334,018982048,2334,019043686
2334,019528073,2334,019570248
2334,020070940,2334,020130850
2334,020616444,2334,020659854
2334,021141641,2334,021184478
2334,021707669,2334,021770138
2334,022256777,2334,022301008
2334,022799865,2334,022862754
2334,023346250,2334,023390224
2334,023895171,2334,023957260
2334,024460404,2334,024507773
2334,025007056,2334,025069065
2334,025553078,2334,025602068
2334,026084031,2334,026126701
2334,026631544,2334,026693930
2334,027177786,2334,027220615
2334,027714476,2334,027777079
2334,028263264,2334,028307962
2334,028792386,2334,028832142
2334,029342465,2334,029401199
2334,029884545,2334,029929810
2334,030428881,2334,030491353
2334,030979113,2334,031022197
2334,031504067,2334,031546883
2334,032047472,2334,032109841
2334,032600010,2334,032644852
2334,033146782,2334,033208420
2334,033693020,2334,033733961
2334,034220503,2334,034268946
2334,034768056,2334,034830218
2334,035314451,2334,035358926
2334,035863122,2334,035923872
2334,036410802,2334,036454833
2334,036936696,2334,036977130
2334,037434472,2334,037471932
2334,037971933,2334,038032553
2334,038536316,2334,038596879
2334,039080264,2334,039123554
2334,039607647,2334,039648198
2334,040166470,2334,040225562
2334,040719763,2334,040761197
2334,041262717,2334,041323845
2334,041809446,2334,041853580
2334,042353084,2334,042414659
2334,042901405,2334,042953258
2334,043435078,2334,043478322
2334,043980426,2334,044042327
2334,044527615,2334,044572039
2334,045071060,2334,045130885
2334,045619841,2334,045663781
2334,046145785,2334,046188244
2334,046690428,2334,046753655
2334,047241188,2334,047284525
2334,047792222,2334,047853276
2334,048339234,2334,048384470
2334,048866424,2334,048906707
2334,049408661,2334,049467222
2334,049950767,2334,049996637
2334,050496038,2334,050558880
2334,051042726,2334,051086967
2334,051568821,2334,051614460
2334,052114879,2334,052173770
2334,052660733,2334,052702909
2334,053202076,2334,053260570
2334,053751551,2334,053796106
2334,054278206,2334,054320779
2334,054830678,2334,054892363
2334,055382383,2334,055427151
2334,055926465,2334,055987766
2334,056473474,2334,056516541
2334,057029580,2334,057091418
2334,057578855,2334,057619826
2334,058101486,2334,058142981
2334,058643977,2334,058705861
2334,059189140,2334,059235066
2334,059737374,2334,059799796
2334,060285764,2334,060337354
2334,060819628,2334,060861300
2334,061359746,2334,061420229
2334,061907372,2334,061950979
2334,062466585,2334,062526101
2334,063010040,2334,063052706
2334,063577510,2334,063638120
2334,064124485,2334,064169194
2334,064669092,2334,064731053
2334,065214645,2334,065259074
2334,065748022,2334,065791132
2334,066290726,2334,066352050
2334,066840084,2334,066880872
2334,067379785,2334,067439574
2334,067923053,2334,067967498
2334,068451964,2334,068494307
2334,068995983,2334,069064713
2334,069552827,2334,069597151
2334,070098377,2334,070159922
2334,070648186,2334,070692674
2334,071192482,2334,071253236
2334,071746399,2334,071788231
2334,072271763,2334,072315724
2334,072821115,2334,072882038
2334,073369225,2334,073412895
2334,073914499,2334,073975603
2334,074462933,2334,074506533
2334,075005480,2334,075067014
2334,075550673,2334,075593943
2334,076077866,2334,076118643
2334,076630298,2334,076692897
2334,077192298,2334,077233068
2334,077731645,2334,077799353
2334,078283943,2334,078328728
2334,078826083,2334,078869663
2334,079369268,2334,079431476
2334,079918466,2334,079961589
2334,080478230,2334,080540171
2334,081023924,2334,081067494
2334,081566715,2334,081627879
2334,082111080,2334,082151531
2334,082636057,2334,082678904
2334,083177567,2334,083238073
2334,083722583,2334,083767208
2334,084272092,2334,084333439
2334,084817135,2334,084862585
2334,085347812,2334,085390812
2334,085889702,2334,085949251
2334,086432913,2334,086484179
2334,086987411,2334,087047033
2334,087553302,2334,087595103
2334,088096176,2334,088155912
2334,088645945,2334,088690847
2334,089189810,2334,089251501
2334,089736062,2334,089780126
2334,090263181,2334,090304742
2334,090819704,2334,090879343
2334,091367037,2334,091409206
2334,091911917,2334,091971899
2334,092457885,2334,092501478
2334,093004700,2334,093065140
2334,093548582,2334,093592656
2334,094075568,2334,094117803
2334,094609111,2334,094671811
2334,095155703,2334,095204206
2334,095690041,2334,095733057
2334,096233703,2334,096296702
2334,096781159,2334,096825200
2334,097323920,2334,097385741
2334,097878157,2334,097922659
2334,098404322,2334,098447115
2334,098950480,2334,099012472
2334,099516691,2334,099559711
2334,100081077,2334,100142962
2334,100641765,2334,100687334
2334,101197781,2334,101258818
2334,101743145,2334,101787977
2334,102288762,2334,102350186
2334,102842188,2334,102884621
2334,103383828,2334,103443737
2334,103927216,2334,103976987
2334,104460929,2334,104502688
2334,105003210,2334,105065024
2334,105548450,2334,105591336
2334,106090346,2334,106152238
2334,106640012,2334,106680609
2334,107163440,2334,107207915
2334,107708904,2334,107771944
2334,108257822,2334,108301933
2334,108809556,2334,108870143
2334,109353992,2334,109399255
2334,109890593,2334,109931937
2334,110430694,2334,110492992
2334,110979939,2334,111021694
2334,111521555,2334,111582535
2334,112071207,2334,112115648
2334,112597322,2334,112647049
2334,113145863,2334,113207310
2334,113692231,2334,113736138
2334,114237685,2334,114298635
2334,114790530,2334,114836597
2334,115336595,2334,115398169
2334,115885343,2334,115926587
2334,116414868,2334,116458151
2334,116957719,2334,117018880
2334,117503760,2334,117547641
2334,118046898,2334,118108329
2334,118592205,2334,118634371
2334,119115981,2334,119155903
2334,119655347,2334,119716722
2334,120216643,2334,120260864
2334,120763585,2334,120824576
2334,121307841,2334,121358373
2334,121858905,2334,121921294
2334,122404662,2334,122451603
2334,122944720,2334,122987860
2334,123486443,2334,123547280
2334,124037440,2334,124080353
2334,124579119,2334,124638181
2334,125121923,2334,125164957
2334,125651262,2334,125693374
2334,126201925,2334,126263136
2334,126748090,2334,126792758
2334,127296991,2334,127358729
2334,127852503,2334,127894909
2334,128398144,2334,128460106
2334,128950953,2334,128995458
2334,129477151,2334,129517652
2334,130016485,2334,130083659
2334,130567088,2334,130611736
2334,131111988,2334,131172448
2334,131656124,2334,131699273
2334,132182822,2334,132224187
2334,132681432,2334,132718205
2334,133220305,2334,133281653
2334,133765732,2334,133810431
2334,134309364,2334,134371002
2334,134854918,2334,134897814
2334,135396394,2334,135456473
2334,135943029,2334,135987968
2334,136488106,2334,136530482
2334,137029338,2334,137091437
2334,137576084,2334,137620565
2334,138122482,2334,138185027
2334,138673642,2334,138724177
2334,139246634,2334,139309297
2334,139797124,2334,139841622
2334,140342565,2334,140404553
2334,140898107,2334,140941510
2334,141444695,2334,141508466
2334,141996844,2334,142041205
2334,142540879,2334,142581950
2334,143080536,2334,143139661
2334,143623107,2334,143667992
2334,144171651,2334,144232408
2334,144716374,2334,144761676
2334,145261374,2334,145323709
2334,145811210,2334,145854700
2334,146340515,2334,146382897
2334,146890067,2334,146948201
2334,147431906,2334,147480259
2334,147979486,2334,148036245
2334,148521152,2334,148566932
2334,149051973,2334,149092623
2334,149595264,2334,149656748
2334,150147149,2334,150192641
2334,150690930,2334,150752248
2334,151253170,2334,151299944
2334,151802546,2334,151864070
2334,152350032,2334,152393372
2334,152875306,2334,152917731
2334,153416671,2334,153479244
2334,153969010,2334,154013525
2334,154517144,2334,154578568
2334,155062347,2334,155107045
2334,155588699,2334,155629950
2334,156135067,2334,156202232
2334,156691067,2334,156734160
2334,157233664,2334,157295746
2334,157779308,2334,157823766
2334,158309434,2334,158352224
2334,158859894,2334,158921692
2334,159405982,2334,159450266
2334,159953398,2334,160017142
2334,160502349,2334,160543800
2334,161057354,2334,161118705
2334,161602811,2334,161645904
2334,162128552,2334,162170027
2334,162688209,2334,162750051
2334,163233984,2334,163278642
2334,163779311,2334,163843231
2334,164329376,2334,164375046
2334,164873926,2334,164940700
2334,165424876,2334,165469795
2334,165961433,2334,166002190
2334,166505021,2334,166563556
2334,167050535,2334,167094109
2334,167594815,2334,167658575
2334,168144570,2334,168188124
2334,168673718,2334,168716508
2334,169217066,2334,169277857
2334,169761823,2334,169806594
2334,170310090,2334,170371401
2334,170865689,2334,170907837
2334,171412244,2334,171471789
2334,171955682,2334,172011870
2334,172498363,2334,172542991
2334,173045742,2334,173107977
2334,173594877,2334,173645609
2334,174145013,2334,174207395
2334,174697038,2334,174741092
2334,175227331,2334,175268778
2334,175767999,2334,175830284
2334,176317087,2334,176359346
2334,176861022,2334,176918843
2334,177402618,2334,177446366
2334,177932101,2334,177974533
2334,178473540,2334,178535044
2334,179024320,2334,179069001
2334,179568005,2334,179629610
2334,180116275,2334,180158634
2334,180644533,2334,180686855
2334,181190077,2334,181252799
2334,181740049,2334,181783643
2334,182286718,2334,182354479
2334,182845691,2334,182889651
2334,183388391,2334,183449973
2334,183937633,2334,183982889
2334,184467155,2334,184507235
2334,185007640,2334,185065740
2334,185549503,2334,185594128
2334,186095978,2334,186157869
2334,186646564,2334,186692521
2334,187178846,2334,187221542
2334,187719895,2334,187780405
2334,188269851,2334,188311519
2334,188813640,2334,188874316
2334,189358002,2334,189402610
2334,189905278,2334,189947357
2334,190449554,2334,190511128
2334,190995285,2334,191046691
2334,191548104,2334,191607973
2334,192095627,2334,192139818
2334,192642209,2334,192705208
2334,193188787,2334,193233082
2334,193714895,2334,193754408
2334,194257025,2334,194317025
2334,194800153,2334,194843387
2334,195342707,2334,195404258
2334,195897979,2334,195940995
2334,196424982,2334,196467965
2334,196976459,2334,197037363
2334,197520772,2334,197561906
2334,198060953,2334,198120451
2334,198604381,2334,198649386
2334,199145860,2334,199190125
2334,199688744,2334,199758362
2334,200244951,2334,200289122
2334,200788345,2334,200850714
2334,201340540,2334,201383800
2334,201885934,2334,201948553
2334,202432436,2334,202475125
2334,202957977,2334,202999698
2334,203502072,2334,203563063
2334,204049198,2334,204094006
2334,204592933,2334,204653500
2334,205141978,2334,205185698
2334,205671613,2334,205712057
2334,206210813,2334,206270622
2334,206754569,2334,206798640
2334,207299859,2334,207363009
2334,207851640,2334,207895257
2334,208384756,2334,208435221
2334,208937515,2334,208999427
2334,209483116,2334,209526353
2334,210026801,2334,210088913
2334,210572966,2334,210615518
2334,211098086,2334,211140105
2334,211640927,2334,211703203
2334,212189138,2334,212232421
2334,212731908,2334,212792772
2334,213276495,2334,213319735
2334,213801501,2334,213843123
2334,214342053,2334,214401802
2334,214889112,2334,214931968
2334,215434853,2334,215496704
2334,215985082,2334,216030698
2334,216512582,2334,216553600
2334,217052416,2334,217120225
2334,217605182,2334,217646069
2334,218145560,2334,218204304
2334,218691508,2334,218737781
2334,219219588,2334,219261950
2334,219782302,2334,219843756
2334,220334033,2334,220379065
2334,220882654,2334,220946685
2334,221430687,2334,221474291
2334,221976518,2334,222039011
2334,222523774,2334,222568022
2334,223060598,2334,223100878
2334,223604988,2334,223663218
2334,224149090,2334,224193288
2334,224692979,2334,224754320
2334,225247580,2334,225292064
2334,225790778,2334,225859193
2334,226343079,2334,226387971
2334,226872191,2334,226914400
2334,227414184,2334,227475792
2334,227959762,2334,228011742
2334,228515094,2334,228575126
2334,229059159,2334,229101778
2334,229583405,2334,229626428
2334,230129864,2334,230191782
2334,230679089,2334,230722609
2334,231226131,2334,231287382
2334,231771615,2334,231816013
2334,232320479,2334,232361667
2334,232860410,2334,232920586
2334,233404726,2334,233448280
2334,233956917,2334,234020321
2334,234504083,2334,234555112
2334,235079091,2334,235138997
2334,235622556,2334,235666957
2334,236170212,2334,236231563
2334,236715353,2334,236760481
2334,237246360,2334,237288822
2334,237787412,2334,237848416
2334,238332148,2334,238375225
2334,238876230,2334,238934748
2334,239422996,2334,239466516
2334,239950746,2334,239993092
2334,240497808,2334,240558075
2334,241043085,2334,241087019
2334,241585976,2334,241647644
2334,242131423,2334,242176999
2334,242658743,2334,242700948
2334,243200643,2334,243269215
2334,243755998,2334,243801998
2334,244303147,2334,244363864
2334,244847580,2334,244892355
2334,245378857,2334,245421236
2334,245923367,2334,245981364
2334,246468367,2334,246509468
2334,247017592,2334,247075809
2334,247559712,2334,247602224
2334,248103317,2334,248164972
2334,248649008,2334,248692501
2334,249177385,2334,249221827
2334,249720536,2334,249782091
2334,250272431,2334,250314887
2334,250813920,2334,250874007
2334,251363102,2334,251406585
2334,251890044,2334,251939251
2334,252440210,2334,252502245
2334,252992462,2334,253037618
2334,253549513,2334,253612122
2334,254095667,2334,254140743
2334,254639907,2334,254701811
2334,255185501,2334,255226097
2334,255707911,2334,255750681
2334,256266287,2334,256327137
2334,256811160,2334,256855651
2334,257354732,2334,257415589
2334,257901861,2334,257946786
2334,258430108,2334,258472988
2334,258975075,2334,259036539
2334,259523982,2334,259566905
2334,260072857,2334,260131602
2334,260618514,2334,260669260
2334,261171454,2334,261232087
2334,261718513,2334,261762423
2334,262248098,2334,262291041
2334,262791570,2334,262852560
2334,263336640,2334,263382209
2334,263884820,2334,263945861
2334,264431455,2334,264472740
2334,264958017,2334,265001297
2334,265503061,2334,265564549
2334,266058009,2334,266103435
2334,266605575,2334,266666265
2334,267150251,2334,267195070
2334,267676757,2334,267717434
2334,268217912,2334,268279974
2334,268763793,2334,268807397
2334,269306417,2334,269375083
2334,269858989,2334,269903120
2334,270388084,2334,270432505
2334,270935590,2334,270996804
2334,271489467,2334,271534172
2334,272039336,2334,272100470
2334,272585604,2334,272627239
2334,273115310,2334,273158213
2334,273656766,2334,273717650
2334,274201232,2334,274246267
2334,274747747,2334,274810737
2334,275294980,2334,275340042
2334,275821555,2334,275862249
2334,276365387,2334,276425353
2334,276909530,2334,276953537
2334,277452464,2334,277515794
2334,278021892,2334,278073291
2334,278572038,2334,278632852
2334,279119401,2334,279163866
2334,279645626,2334,279688122
2334,280188747,2334,280251266
2334,280735265,2334,280780247
2334,281279248,2334,281338539
2334,281826076,2334,281867217
2334,282351721,2334,282394317
2334,282908915,2334,282969708
2334,283453234,2334,283496711
2334,284012290,2334,284076094
2334,284560120,2334,284605212
2334,285104590,2334,285167079
2334,285650557,2334,285694211
2334,286177126,2334,286218254
2334,286717064,2334,286783534
2334,287280612,2334,287324863
2334,287823813,2334,287885414
2334,288371750,2334,288416188
2334,288914531,2334,288956679
2334,289455269,2334,289516113
2334,290004070,2334,290049035
2334,290547842,2334,290609607
2334,291101555,2334,291144285
2334,291643148,2334,291704075
2334,292191709,2334,292234492
2334,292716365,2334,292758601
2334,293257438,2334,293319696
2334,293808852,2334,293852522
2334,294351542,2334,294412997
2334,294896622,2334,294939963
2334,295425554,2334,295472775
2334,295972126,2334,296031351
2334,296517840,2334,296562939
2334,297071023,2334,297133618
2334,297621966,2334,297666341
2334,298165488,2334,298227136
2334,298711015,2334,298756814
2334,299238485,2334,299277747
2334,299776640,2334,299835481
2334,300322134,2334,300366652
2334,300865712,2334,300927016
2334,301412124,2334,301455507
2334,301937458,2334,301980197
2334,302479915,2334,302541413
2334,303034716,2334,303078894
2334,303578104,2334,303639148
2334,304125621,2334,304175952
2334,304657335,2334,304700639
2334,305199378,2334,305261614
2334,305750192,2334,305795701
2334,306295539,2334,306357274
2334,306842214,2334,306885234
2334,307374403,2334,307416662
2334,307920387,2334,307979656
2334,308477968,2334,308519470
2334,309024343,2334,309082658
2334,309568870,2334,309612387
2334,310119529,2334,310181308
2334,310668998,2334,310714260
2334,311213394,2334,311274895
2334,311758654,2334,311801794
2334,312289671,2334,312330142
2334,312829158,2334,312895462
2334,313383589,2334,313426249
2334,313925185,2334,313986773
2334,314470336,2334,314513486
2334,315021570,2334,315062433
2334,315562859,2334,315623732
2334,316114733,2334,316159955
2334,316664996,2334,316725763
2334,317209332,2334,317251584
2334,317750421,2334,317811124
2334,318294830,2334,318337640
2334,318819640,2334,318862363
2334,319364216,2334,319425664
2334,319915437,2334,319961677
2334,320474139,2334,320536475
2334,321029041,2334,321072548
2334,321571167,2334,321639533
2334,322128138,2334,322172089
2334,322659906,2334,322700129
2334,323207489,2334,323268289
2334,323768604,2334,323811334
2334,324311916,2334,324370780
2334,324854496,2334,324898808
2334,325397591,2334,325459272
2334,325948484,2334,325992128
2334,326473271,2334,326514519
2334,327017080,2334,327079261
2334,327562840,2334,327604055
2334,328112870,2334,328175545
2334,328661374,2334,328704267
2334,329211309,2334,329273358
2334,329757190,2334,329801829
2334,330283652,2334,330332809
