2195,566346313,2195,566391358
2195,566755072,2195,566799350
2195,567135562,2195,567175925
2195,567507332,2195,567552531
2195,567883890,2195,567925826
2195,568273828,2195,568317348
2195,568664346,2195,568710166
2195,569044599,2195,569086924
2195,569419075,2195,569462385
2195,569810107,2195,569854495
2195,570190907,2195,570234127
2195,570569238,2195,570611767
2195,570943126,2195,570985155
2195,571316488,2195,571361193
2195,571712596,2195,571754958
2195,572111333,2195,572153399
2195,572485002,2195,572527822
2195,572879548,2195,572920185
2195,573265982,2195,573307333
2195,573654828,2195,573699693
2195,574035788,2195,574080346
2195,574412934,2195,574455647
2195,574802074,2195,574846352
2195,575189492,2195,575229955
2195,575565937,2195,575608947
2195,575952274,2195,575993842
2195,576348595,2195,576389162
2195,576735576,2195,576777344
2195,577125143,2195,577166711
2195,577501267,2195,577542472
2195,577884100,2195,577925861
2195,578264086,2195,578305964
2195,578639059,2195,578680744
2195,579025769,2195,579067431
2195,579401033,2195,579443539
2195,579795736,2195,579840551
2195,580172618,2195,580214513
2195,580559419,2195,580600313
2195,580945572,2195,580992026
2195,581334568,2195,581375949
2195,581732875,2195,581773202
2195,582107542,2195,582148803
2195,582496388,2195,582536401
2195,582867520,2195,582910567
2195,583246188,2195,583287956
2195,583619656,2195,583661031
2195,584008372,2195,584050514
2195,584408028,2195,584449626
2195,584805190,2195,584846822
2195,585188637,2195,585228873
2195,585582859,2195,585624344
2195,585958360,2195,586005057
2195,586348571,2195,586388507
2195,586719770,2195,586762115
2195,587093281,2195,587138807
2195,587470558,2195,587513677
2195,587820779,2195,587857955
2195,588204439,2195,588245627
2195,588579609,2195,588622823
2195,588953712,2195,588996508
2195,589349570,2195,589391034
2195,589745707,2195,589787486
2195,590121702,2195,590163871
2195,590495568,2195,590539158
2195,590880820,2195,590921343
2195,591258616,2195,591300355
2195,591655352,2195,591696686
2195,592042709,2195,592087898
2195,592420089,2195,592463416
2195,592794719,2195,592838106
2195,593182677,2195,593228140
2195,593576169,2195,593617520
2195,593951710,2195,593993208
2195,594335153,2195,594376804
2195,594718746,2195,594759917
2195,595107369,2195,595148099
2195,595480036,2195,595525963
2195,595857022,2195,595900863
2195,596225982,2195,596268408
2195,596618102,2195,596660744
2195,596992318,2195,597034280
2195,597391099,2195,597431479
2195,597783853,2195,597824216
2195,598156230,2195,598200768
2195,598532034,2195,598575211
2195,598920436,2195,598960663
2195,599303356,2195,599348935
2195,599682297,2195,599726228
2195,600062553,2195,600106274
2195,600437617,2195,600488259
2195,600836094,2195,600877525
2195,601209389,2195,601254374
2195,601604359,2195,601647178
2195,601999219,2195,602040863
2195,602373264,2195,602417452
2195,602769933,2195,602811624
2195,603163935,2195,603204438
2195,603545960,2195,603588042
2195,603936645,2195,603976411
2195,604323362,2195,604370086
2195,604710272,2195,604753532
2195,605104852,2195,605147531
2195,605480670,2195,605530374
2195,605876557,2195,605918669
2195,606260237,2195,606300457
2195,606658017,2195,606699835
2195,607030791,2195,607073337
2195,607408832,2195,607453623
2195,607801933,2195,607843541
2195,608198741,2195,608239562
2195,608571342,2195,608612823
2195,608959157,2195,609000975
2195,609343211,2195,609383624
2195,609739079,2195,609780627
2195,610125255,2195,610166873
2195,610498623,2195,610547336
2195,610895205,2195,610935885
2195,611282957,2195,611323153
2195,611666346,2195,611711993
2195,612047557,2195,612091288
2195,612416303,2195,612459203
2195,612808323,2195,612849708
2195,613185112,2195,613228926
2195,613579999,2195,613621407
2195,613964523,2195,614007159
2195,614340725,2195,614383454
2195,614739129,2195,614781114
2195,615115153,2195,615158537
2195,615490093,2195,615533647
2195,615883662,2195,615926641
2195,616270292,2195,616311867
2195,616648736,2195,616693351
2195,617036311,2195,617076757
2195,617412068,2195,617455972
2195,617806971,2195,617853302
2195,618203760,2195,618246770
2195,618578587,2195,618622911
2195,618976109,2195,619017087
2195,619351634,2195,619394279
2195,619734883,2195,619777980
2195,620110337,2195,620154071
2195,620489228,2195,620533386
2195,620881549,2195,620925740
2195,621274967,2195,621318544
2195,621681293,2195,621722971
2195,622075619,2195,622117157
2195,622450115,2195,622491663
2195,622823106,2195,622868042
2195,623198864,2195,623241714
2195,623594999,2195,623634611
2195,623966695,2195,624013356
2195,624348600,2195,624389597
2195,624745245,2195,624786025
2195,625132382,2195,625175165
2195,625506318,2195,625549675
2195,625880647,2195,625923914
2195,626276665,2195,626316785
2195,626648839,2195,626690300
2195,627021773,2195,627063291
2195,627410786,2195,627452404
2195,627781404,2195,627821901
2195,628166923,2195,628209182
2195,628533247,2195,628573890
2195,628906335,2195,628951500
2195,629299599,2195,629341191
2195,629687808,2195,629729693
2195,630072136,2195,630117765
2195,630468594,2195,630509034
2195,630857003,2195,630898401
2195,631229614,2195,631272520
2195,631603653,2195,631645074
2195,631999721,2195,632050503
2195,632401245,2195,632441775
2195,632788869,2195,632829306
2195,633160269,2195,633203509
2195,633535472,2195,633580841
2195,633912862,2195,633954357
2195,634303463,2195,634346003
2195,634702311,2195,634742951
2195,635078282,2195,635122634
2195,635466725,2195,635508887
2195,635840336,2195,635883036
2195,636228615,2195,636273200
2195,636615913,2195,636656693
2195,637012428,2195,637052371
2195,637399459,2195,637441074
2195,637794419,2195,637834869
2195,638180168,2195,638221766
2195,638552765,2195,638595855
2195,638938274,2195,638979776
2195,639321531,2195,639362688
2195,639710851,2195,639755349
2195,640090640,2195,640132945
2195,640477941,2195,640518768
2195,640873331,2195,640914799
2195,641245868,2195,641291691
2195,641623468,2195,641666598
2195,641997784,2195,642039316
2195,642346354,2195,642388579
2195,642747995,2195,642788589
2195,643140218,2195,643180338
2195,643514514,2195,643557798
2195,643903921,2195,643945489
2195,644289847,2195,644329763
2195,644680619,2195,644723766
2195,645066475,2195,645109892
2195,645454143,2195,645496762
2195,645827765,2195,645870871
2195,646206022,2195,646249065
2195,646580338,2195,646622534
2195,646975615,2195,647017467
2195,647348633,2195,647393455
2195,647745325,2195,647786522
2195,648130430,2195,648171964
2195,648512328,2195,648559789
2195,648906353,2195,648948352
2195,649294612,2195,649335890
2195,649686939,2195,649727776
2195,650079399,2195,650119472
2195,650464164,2195,650508208
2195,650857409,2195,650899124
2195,651244563,2195,651284933
2195,651615709,2195,651658775
2195,652016412,2195,652057476
2195,652403236,2195,652444640
2195,652799327,2195,652840665
2195,653186765,2195,653227248
2195,653559712,2195,653605662
2195,653953137,2195,653993300
2195,654340815,2195,654380761
2195,654718912,2195,654766521
2195,655112290,2195,655152907
2195,655498357,2195,655537425
2195,655892319,2195,655933743
2195,656269388,2195,656312728
2195,656659125,2195,656700469
2195,657036161,2195,657079044
2195,657421149,2195,657461940
2195,657813623,2195,657855635
2195,658207535,2195,658249620
2195,658581160,2195,658623586
2195,658954512,2195,658996457
2195,659342727,2195,659383454
2195,659714597,2195,659759342
2195,660067245,2195,660105239
2195,660440750,2195,660490511
2195,660821727,2195,660870260
2195,661216193,2195,661257758
2195,661593823,2195,661637363
2195,661968362,2195,662010925
2195,662358016,2195,662400983
2195,662766458,2195,662808353
2195,663139039,2195,663183637
2195,663520420,2195,663563893
2195,663913171,2195,663955540
2195,664302808,2195,664345560
2195,664696957,2195,664741365
2195,665072601,2195,665117853
2195,665452974,2195,665495366
2195,665846969,2195,665890883
2195,666239029,2195,666281008
2195,666612794,2195,666656318
2195,666987748,2195,667034845
2195,667366485,2195,667409455
2195,667716530,2195,667755065
2195,668099433,2195,668139953
2195,668472691,2195,668515163
2195,668878907,2195,668917065
2195,669255452,2195,669297805
2195,669628307,2195,669670372
2195,670014944,2195,670057459
2195,670390948,2195,670433074
2195,670791101,2195,670831307
2195,671175108,2195,671213249
2195,671556299,2195,671597126
2195,671930274,2195,671973174
2195,672304270,2195,672346826
2195,672691087,2195,672732281
2195,673078145,2195,673125426
2195,673457053,2195,673497166
2195,673852209,2195,673893841
2195,674238159,2195,674279456
2195,674614550,2195,674657060
2195,675001851,2195,675042759
2195,675388525,2195,675428341
2195,675778215,2195,675817925
2195,676168183,2195,676209768
2195,676542199,2195,676582989
2195,676926212,2195,676967467
2195,677312779,2195,677351157
2195,677682660,2195,677722703
2195,678069454,2195,678111890
2195,678449073,2195,678491982
2195,678842391,2195,678884470
2195,679228217,2195,679274103
2195,679622309,2195,679665018
2195,680020556,2195,680061901
2195,680393911,2195,680437391
2195,680773009,2195,680814711
2195,681160420,2195,681200650
2195,681547064,2195,681588612
2195,681924841,2195,681968217
2195,682315779,2195,682356793
2195,682688453,2195,682731823
2195,683083473,2195,683125635
2195,683472149,2195,683512476
2195,683844192,2195,683884816
2195,684221201,2195,684266217
2195,684606921,2195,684650064
2195,684980893,2195,685023375
2195,685366332,2195,685411484
2195,685743648,2195,685786695
2195,686132584,2195,686172437
2195,686503370,2195,686543630
2195,686896621,2195,686937819
2195,687279340,2195,687318956
2195,687650112,2195,687693122
2195,688039846,2195,688080673
2195,688412790,2195,688454255
2195,688809045,2195,688850686
2195,689203941,2195,689244305
2195,689588740,2195,689630144
2195,689985668,2195,690024320
2195,690358356,2195,690402784
2195,690734744,2195,690776142
2195,691113412,2195,691156615
2195,691506523,2195,691553367
2195,691903836,2195,691942621
2195,692278616,2195,692319817
2195,692654697,2195,692697627
2195,693032611,2195,693074990
2195,693381908,2195,693417475
2195,693751642,2195,693792058
2195,694135829,2195,694177137
2195,694510719,2195,694553315
2195,694913024,2195,694954829
2195,695288782,2195,695329953
2195,695663245,2195,695703404
2195,696057637,2195,696099656
2195,696431106,2195,696475063
2195,696820753,2195,696860235
2195,697208377,2195,697250836
2195,697584913,2195,697629461
2195,697964972,2195,698005172
2195,698350181,2195,698391709
2195,698726135,2195,698769836
2195,699118319,2195,699159326
2195,699503521,2195,699544842
2195,699877233,2195,699918957
2195,700250861,2195,700290747
2195,700641890,2195,700683765
2195,701018241,2195,701061388
2195,701398881,2195,701440323
2195,701794622,2195,701834165
2195,702168164,2195,702208427
2195,702549081,2195,702591446
2195,702945029,2195,702986129
2195,703320523,2195,703363823
2195,703695319,2195,703741970
2195,704091901,2195,704133402
2195,704465356,2195,704506557
2195,704844838,2195,704884540
2195,705229169,2195,705268941
2195,705612225,2195,705653543
2195,706008343,2195,706049557
2195,706393805,2195,706432660
2195,706764280,2195,706805057
2195,707136454,2195,707177141
2195,707522019,2195,707564008
2195,707906053,2195,707947771
2195,708284427,2195,708325321
2195,708676584,2195,708721583
2195,709073306,2195,709115351
2195,709446267,2195,709488900
2195,709850054,2195,709895256
2195,710226406,2195,710268488
2195,710603535,2195,710646021
2195,710990993,2195,711029738
2195,711361161,2195,711403002
2195,711726823,2195,711766316
2195,712103008,2195,712145941
2195,712490363,2195,712531897
2195,712872494,2195,712915491
2195,713250368,2195,713292944
2195,713627560,2195,713671224
2195,714003001,2195,714044068
2195,714393235,2195,714434079
2195,714771783,2195,714814239
2195,715163753,2195,715205414
2195,715537164,2195,715579029
2195,715943027,2195,715986053
2195,716311676,2195,716352630
2195,716684000,2195,716726369
2195,717057412,2195,717099690
2195,717430593,2195,717473052
2195,717812948,2195,717854890
2195,718161982,2195,718199829
2195,718548375,2195,718592156
2195,718923572,2195,718965694
2195,719310233,2195,719348847
2195,719685800,2195,719726140
2195,720075444,2195,720118020
2195,720443646,2195,720490350
2195,720844766,2195,720887636
2195,721223504,2195,721264448
2195,721608766,2195,721647481
2195,721983466,2195,722027553
2195,722352996,2195,722393867
2195,722728447,2195,722771440
2195,723121174,2195,723161204
2195,723492320,2195,723535196
2195,723889212,2195,723930893
2195,724283167,2195,724324759
2195,724679576,2195,724720606
2195,725065879,2195,725106432
2195,725451515,2195,725490179
2195,725831147,2195,725871417
2195,726221244,2195,726261664
2195,726585836,2195,726628829
2195,726959738,2195,727004603
2195,727339257,2195,727382090
2195,727713339,2195,727754597
2195,728090612,2195,728136548
2195,728461487,2195,728502865
2195,728837252,2195,728879988
2195,729214277,2195,729255772
2195,729601208,2195,729640830
2195,729988038,2195,730031005
2195,730366529,2195,730408661
2195,730743608,2195,730786588
2195,731130492,2195,731172975
2195,731526500,2195,731566563
2195,731911875,2195,731953984
2195,732278329,2195,732321222
2195,732656703,2195,732699112
2195,733049697,2195,733093568
2195,733424871,2195,733468879
2195,733820418,2195,733862263
2195,734186972,2195,734233946
2195,734565293,2195,734606978
2195,734962122,2195,735003202
2195,735348218,2195,735388097
2195,735724753,2195,735765660
2195,736117754,2195,736158248
2195,736491927,2195,736533975
2195,736879224,2195,736919541
2195,737264123,2195,737305587
2195,737650109,2195,737688944
2195,738023701,2195,738065032
2195,738388669,2195,738429670
2195,738766579,2195,738807150
2195,739152853,2195,739195959
2195,739529718,2195,739572835
2195,739917647,2195,739960693
2195,740284634,2195,740332590
2195,740681249,2195,740723295
2195,741053820,2195,741095425
2195,741426778,2195,741468129
2195,741799095,2195,741842178
2195,742197515,2195,742238149
2195,742565567,2195,742607663
2195,742959096,2195,742999385
2195,743344211,2195,743384304
2195,743737145,2195,743779384
2195,744111691,2195,744154564
2195,744499186,2195,744540367
2195,744882896,2195,744926199
2195,745275263,2195,745319314
2195,745674655,2195,745716246
2195,746048857,2195,746091703
2195,746433402,2195,746477539
2195,746812106,2195,746855082
2195,747201496,2195,747240985
2195,747589775,2195,747632685
2195,747966541,2195,748009217
2195,748344501,2195,748388432
2195,748729052,2195,748769656
2195,749100561,2195,749142967
2195,749478238,2195,749520467
2195,749882655,2195,749922708
2195,750253591,2195,750296193
2195,750631171,2195,750673800
2195,751009258,2195,751051316
2195,751397199,2195,751441577
2195,751777282,2195,751817655
2195,752152642,2195,752194391
2195,752539570,2195,752584729
2195,752946510,2195,752988492
2195,753334809,2195,753375293
2195,753722624,2195,753761135
2195,754092104,2195,754135428
2195,754491376,2195,754531336
2195,754880486,2195,754921356
2195,755256450,2195,755298863
2195,755633276,2195,755674971
2195,756022149,2195,756064354
2195,756416511,2195,756458083
2195,756793951,2195,756835666
2195,757181733,2195,757223638
2195,757554707,2195,757602529
2195,757938010,2195,757978287
2195,758309196,2195,758349906
2195,758685358,2195,758731584
2195,759077798,2195,759119563
2195,759461498,2195,759503340
2195,759836562,2195,759878714
2195,760231472,2195,760270754
2195,760601970,2195,760642019
2195,760988467,2195,761029894
2195,761364071,2195,761407621
2195,761739354,2195,761780789
2195,762126318,2195,762166575
2195,762500584,2195,762542429
2195,762879202,2195,762918788
2195,763262912,2195,763302428
2195,763634051,2195,763680935
2195,764042850,2195,764083187
2195,764428119,2195,764469076
2195,764800583,2195,764845251
2195,765177365,2195,765217465
2195,765559907,2195,765601632
2195,765936616,2195,765979152
2195,766313742,2195,766356628
2195,766705775,2195,766748721
2195,767094044,2195,767132338
2195,767462877,2195,767503971
2195,767835217,2195,767875897
2195,768231558,2195,768273754
2195,768604840,2195,768645851
2195,768993302,2195,769036529
2195,769372965,2195,769416124
2195,769750244,2195,769798670
2195,770145074,2195,770185694
2195,770538806,2195,770579733
2195,770922793,2195,770969757
2195,771304090,2195,771347237
2195,771699244,2195,771738389
2195,772084953,2195,772126691
2195,772479900,2195,772520703
2195,772856121,2195,772898667
2195,773249966,2195,773288791
2195,773623879,2195,773663805
2195,773996089,2195,774039489
2195,774370285,2195,774412971
2195,774748098,2195,774790524
2195,775134935,2195,775176233
2195,775511090,2195,775553553
2195,775908910,2195,775954313
2195,776309990,2195,776351682
2195,776697605,2195,776739590
2195,777071177,2195,777117981
2195,777464912,2195,777504932
2195,777835951,2195,777875820
2195,778233100,2195,778275028
2195,778605861,2195,778647923
2195,779012000,2195,779052370
2195,779401587,2195,779440068
2195,779787126,2195,779827800
2195,780164342,2195,780208136
2195,780549858,2195,780591122
2195,780952663,2195,780991508
2195,781347550,2195,781389345
2195,781742263,2195,781783137
2195,782116636,2195,782163206
2195,782499288,2195,782542458
2195,782880238,2195,782921189
2195,783272575,2195,783320000
2195,783665563,2195,783707972
2195,784041704,2195,784083342
2195,784429653,2195,784471354
2195,784817761,2195,784856423
2195,785202733,2195,785244939
2195,785588119,2195,785628522
2195,785980753,2195,786022437
2195,786372465,2195,786411360
2195,786742673,2195,786783701
2195,787127338,2195,787167528
2195,787501921,2195,787545104
2195,787877008,2195,787918422
2195,788250303,2195,788299309
2195,788631767,2195,788672651
2195,789030651,2195,789069343
2195,789405972,2195,789451828
2195,789799236,2195,789841068
2195,790186024,2195,790226904
2195,790557953,2195,790600529
2195,790939785,2195,790981890
2195,791312702,2195,791352662
2195,791688113,2195,791728433
2195,792061888,2195,792101601
2195,792433261,2195,792473945
2195,792817629,2195,792859611
2195,793193613,2195,793235632
2195,793570269,2195,793612725
2195,793967865,2195,794008629
2195,794356324,2195,794403489
2195,794749529,2195,794790716
2195,795121929,2195,795163911
2195,795495121,2195,795541825
2195,795875624,2195,795919091
2195,796265124,2195,796303749
2195,796634711,2195,796675301
2195,797023948,2195,797065956
2195,797403159,2195,797445882
2195,797794879,2195,797835833
2195,798181089,2195,798221946
2195,798552895,2195,798594847
2195,798940620,2195,798981010
2195,799325578,2195,799366445
2195,799712806,2195,799754337
2195,800100641,2195,800141782
2195,800472484,2195,800519872
2195,800849853,2195,800891181
2195,801237211,2195,801275779
2195,801609151,2195,801656880
2195,802017820,2195,802058544
2195,802406356,2195,802446299
2195,802794615,2195,802835469
2195,803166408,2195,803210199
2195,803562716,2195,803603657
2195,803944134,2195,803987564
2195,804335726,2195,804377034
2195,804728767,2195,804767449
2195,805113542,2195,805154980
2195,805508192,2195,805548995
2195,805888514,2195,805930473
2195,806280481,2195,806319800
2195,806662369,2195,806708689
2195,807044564,2195,807087887
2195,807432599,2195,807473466
2195,807819303,2195,807864418
2195,808215811,2195,808254883
2195,808585972,2195,808628745
2195,808991655,2195,809032929
2195,809384245,2195,809424952
2195,809758928,2195,809798794
2195,810144554,2195,810186229
2195,810517051,2195,810559517
2195,810901352,2195,810943164
2195,811286467,2195,811327038
2195,811660690,2195,811702492
2195,812067060,2195,812106659
2195,812452729,2195,812494737
2195,812854857,2195,812900743
2195,813247975,2195,813287524
2195,813618340,2195,813659961
2195,814000331,2195,814046061
2195,814392154,2195,814433642
2195,814765025,2195,814807097
2195,815150791,2195,815190760
2195,815524433,2195,815566314
2195,815923000,2195,815963133
2195,816308112,2195,816350024
2195,816702288,2195,816744039
2195,817075229,2195,817118148
2195,817449128,2195,817491103
2195,817848820,2195,817887017
2195,818218036,2195,818260959
2195,818567904,2195,818604353
2195,818943178,2195,818992482
2195,819323478,2195,819366434
2195,819711326,2195,819752480
2195,820088756,2195,820136517
2195,820473193,2195,820515519
2195,820847306,2195,820888991
2195,821237477,2195,821277249
2195,821612634,2195,821654552
2195,821995383,2195,822038509
2195,822388664,2195,822430119
2195,822775859,2195,822816008
2195,823158100,2195,823196932
2195,823542254,2195,823583259
2195,823925234,2195,823967276
2195,824301132,2195,824344582
2195,824695468,2195,824738651
2195,825097128,2195,825143425
2195,825479070,2195,825522450
2195,825865250,2195,825906327
2195,826237366,2195,826283877
2195,826632930,2195,826671218
2195,827006599,2195,827046842
2195,827399430,2195,827440831
2195,827785332,2195,827826577
2195,828173458,2195,828214949
2195,828560505,2195,828600121
2195,828953065,2195,828996469
2195,829339539,2195,829380750
2195,829711392,2195,829753431
2195,830099951,2195,830143482
2195,830478249,2195,830521058
2195,830863554,2195,830902476
2195,831239268,2195,831287367
2195,831624287,2195,831665875
2195,832009509,2195,832052325
2195,832401679,2195,832448877
2195,832785966,2195,832826416
2195,833173114,2195,833215860
2195,833562884,2195,833605020
2195,833958832,2195,834000830
2195,834332227,2195,834374539
2195,834721717,2195,834760171
2195,835095659,2195,835137875
2195,835479897,2195,835521348
2195,835866380,2195,835907187
2195,836252700,2195,836295072
2195,836640318,2195,836679093
2195,837019940,2195,837060317
2195,837408813,2195,837457940
2195,837803503,2195,837844383
2195,838188054,2195,838230616
2195,838575168,2195,838618618
2195,838957029,2195,838999432
2195,839345098,2195,839385318
2195,839737155,2195,839778946
2195,840124699,2195,840163187
2195,840496265,2195,840536702
2195,840891419,2195,840932480
2195,841267137,2195,841309879
2195,841641072,2195,841684305
2195,842021942,2195,842065086
2195,842413008,2195,842451919
2195,842797302,2195,842835923
2195,843181973,2195,843221863
2195,843564496,2195,843612438
2195,843948363,2195,843989871
2195,844341988,2195,844380779
2195,844712750,2195,844757708
2195,845101325,2195,845143017
2195,845474200,2195,845516469
2195,845851466,2195,845894082
2195,846229099,2195,846271501
2195,846613710,2195,846655719
2195,846998064,2195,847039245
2195,847385252,2195,847423810
2195,847754472,2195,847796527
2195,848152529,2195,848194904
2195,848526017,2195,848567906
2195,848916832,2195,848960019
2195,849313381,2195,849352109
2195,849698479,2195,849748831
2195,850081095,2195,850123244
2195,850454213,2195,850496649
2195,850830808,2195,850878573
2195,851233424,2195,851272309
2195,851607296,2195,851648847
2195,851994924,2195,852042182
2195,852373465,2195,852415056
2195,852747761,2195,852790824
2195,853139156,2195,853183398
2195,853525336,2195,853563927
2195,853911316,2195,853953041
2195,854306155,2195,854348100
2195,854680381,2195,854723601
2195,855057951,2195,855101354
2195,855455747,2195,855494906
2195,855840188,2195,855887920
2195,856200091,2195,856243518
2195,856592608,2195,856634810
2195,856974643,2195,857023640
2195,857357803,2195,857401463
2195,857732443,2195,857772515
2195,858105804,2195,858148046
2195,858484615,2195,858525115
2195,858869570,2195,858911746
2195,859260983,2195,859303976
2195,859650970,2195,859693463
2195,860041809,2195,860080904
2195,860426507,2195,860467154
2195,860801330,2195,860844707
2195,861192622,2195,861234614
2195,861585056,2195,861624171
2195,861971302,2195,862020866
2195,862362788,2195,862404273
2195,862747933,2195,862789865
2195,863135868,2195,863182252
2195,863530358,2195,863570861
2195,863915713,2195,863957348
2195,864289438,2195,864332939
2195,864677157,2195,864718638
2195,865058698,2195,865100429
2195,865447651,2195,865486526
2195,865817555,2195,865859767
2195,866190816,2195,866233272
2195,866580924,2195,866623136
2195,866979378,2195,867020949
2195,867367737,2195,867409619
2195,867754544,2195,867796473
2195,868149310,2195,868198354
2195,868532684,2195,868576454
2195,868908345,2195,868952122
2195,869283645,2195,869329071
2195,869679362,2195,869718958
2195,870062729,2195,870105185
2195,870453581,2195,870495202
2195,870827306,2195,870870503
2195,871205927,2195,871248012
2195,871591706,2195,871630995
2195,871965265,2195,872006356
2195,872351071,2195,872392896
2195,872724526,2195,872766544
2195,873099983,2195,873142526
2195,873478831,2195,873521707
2195,873861490,2195,873905574
2195,874253563,2195,874300427
2195,874644842,2195,874687281
2195,875044784,2195,875085114
2195,875416748,2195,875463158
2195,875811421,2195,875852034
2195,876183824,2195,876223891
2195,876566734,2195,876607774
2195,876952213,2195,876993717
2195,877344586,2195,877385223
2195,877716416,2195,877759009
2195,878090559,2195,878133004
2195,878464020,2195,878505144
2195,878812209,2195,878848685
2195,879189596,2195,879230026
2195,879572492,2195,879611477
2195,879954023,2195,879995484
2195,880330521,2195,880374882
2195,880706903,2195,880749943
2195,881091734,2195,881134424
2195,881480734,2195,881527184
2195,881872791,2195,881911639
2195,882242274,2195,882283529
2195,882614815,2195,882656780
2195,882992184,2195,883034900
2195,883384738,2195,883426219
2195,883769099,2195,883809913
2195,884142644,2195,884185504
2195,884516777,2195,884556723
2195,884890132,2195,884930018
2195,885275424,2195,885316304
2195,885650407,2195,885693637
2195,886055822,2195,886097808
2195,886429254,2195,886473812
2195,886808719,2195,886849173
2195,887180332,2195,887220385
2195,887561630,2195,887605270
2195,887941516,2195,887984315
2195,888331076,2195,888373785
2195,888719205,2195,888761457
2195,889098506,2195,889141066
2195,889475839,2195,889516346
2195,889850562,2195,889890599
2195,890221631,2195,890261628
2195,890593508,2195,890636524
2195,890980355,2195,891022617
2195,891373533,2195,891414701
2195,891759936,2195,891800233
2195,892132123,2195,892172343
2195,892507220,2195,892553193
2195,892884296,2195,892927362
2195,893262033,2195,893304438
2195,893639876,2195,893686456
2195,894017910,2195,894061527
2195,894406639,2195,894447429
2195,894793112,2195,894833099
2195,895165519,2195,895205676
2195,895558147,2195,895600572
2195,895935746,2195,895978029
2195,896324726,2195,896365770
2195,896697193,2195,896739462
2195,897077426,2195,897118877
2195,897467944,2195,897506208
2195,897857358,2195,897899253
2195,898230202,2195,898272070
2195,898602829,2195,898647811
2195,899002471,2195,899043676
2195,899385975,2195,899424526
2195,899770189,2195,899816326
2195,900153162,2195,900196745
2195,900543933,2195,900584670
2195,900927290,2195,900968521
2195,901313019,2195,901351704
2195,901683731,2195,901723860
2195,902090888,2195,902131708
2195,902466712,2195,902509355
2195,902853229,2195,902896676
2195,903242192,2195,903280990
2195,903627194,2195,903668732
2195,904010226,2195,904053159
2195,904401879,2195,904444352
2195,904781628,2195,904826203
2195,905160596,2195,905200886
2195,905546179,2195,905587246
2195,905938289,2195,905984949
2195,906332314,2195,906373185
2195,906721534,2195,906760249
2195,907091255,2195,907131511
2195,907481760,2195,907524172
2195,907871230,2195,907912835
2195,908258811,2195,908302058
2195,908633141,2195,908675416
2195,909010447,2195,909050470
2195,909396923,2195,909436643
2195,909772094,2195,909814219
2195,910150127,2195,910191882
2195,910498891,2195,910536604
2195,910882004,2195,910924469
2195,911266231,2195,911308473
2195,911651810,2195,911693965
2195,912051429,2195,912095032
2195,912441016,2195,912483411
2195,912817157,2195,912859893
2195,913192020,2195,913235240
2195,913566200,2195,913608508
2195,913942932,2195,913985918
2195,914336987,2195,914375869
2195,914721622,2195,914763587
2195,915106463,2195,915150270
2195,915491809,2195,915533216
2195,915875172,2195,915916790
2195,916270031,2195,916308766
2195,916654946,2195,916696441
2195,917042785,2195,917086272
2195,917419984,2195,917461989
2195,917806501,2195,917848226
2195,918180246,2195,918224588
2195,918570140,2195,918608952
2195,918961172,2195,919002877
2195,919349331,2195,919391019
2195,919735594,2195,919776525
2195,920130781,2195,920172366
2195,920518613,2195,920560464
2195,920891570,2195,920933779
2195,921275284,2195,921315307
2195,921646243,2195,921689146
2195,922038146,2195,922078559
2195,922423768,2195,922464542
2195,922796723,2195,922840583
2195,923182001,2195,923226953
2195,923557956,2195,923601476
2195,923932615,2195,923974741
2195,924306798,2195,924354917
2195,924662039,2195,924699585
2195,925034793,2195,925076628
2195,925427677,2195,925467566
2195,925814080,2195,925852835
2195,926189821,2195,926231943
2195,926563273,2195,926605368
2195,926936728,2195,926978917
2195,927313907,2195,927357151
2195,927706395,2195,927749037
2195,928105976,2195,928145118
2195,928490337,2195,928532139
2195,928873350,2195,928913497
2195,929244736,2195,929289898
2195,929633439,2195,929675100
2195,930020263,2195,930059405
2195,930409773,2195,930457008
2195,930792415,2195,930834427
2195,931169595,2195,931212017
2195,931562679,2195,931603867
2195,931935316,2195,931976591
2195,932319714,2195,932358422
2195,932690122,2195,932732538
2195,933089260,2195,933130641
2195,933478534,2195,933520462
2195,933851515,2195,933893797
2195,934227209,2195,934269471
2195,934601568,2195,934642773
2195,934979008,2195,935018687
2195,935372997,2195,935416397
2195,935758612,2195,935800447
2195,936145853,2195,936188182
2195,936534566,2195,936579027
2195,936930791,2195,936971928
2195,937313913,2195,937356032
2195,937705456,2195,937747922
2195,938091482,2195,938130758
2195,938461630,2195,938503485
2195,938838959,2195,938879086
2195,939234824,2195,939276265
2195,939623179,2195,939664681
2195,940010070,2195,940048948
2195,940379907,2195,940421849
2195,940769808,2195,940813028
2195,941170852,2195,941210037
2195,941541684,2195,941586986
2195,941942363,2195,941982029
2195,942313629,2195,942353669
2195,942702946,2195,942748786
2195,943109286,2195,943150200
2195,943482197,2195,943525844
2195,943874687,2195,943913392
2195,944267508,2195,944309547
2195,944651929,2195,944693527
2195,945042103,2195,945083134
2195,945414270,2195,945456860
2195,945792197,2195,945832257
2195,946163947,2195,946204971
2195,946549793,2195,946591521
2195,946945290,2195,946987362
2195,947320300,2195,947362783
2195,947719362,2195,947763943
2195,948125354,2195,948167283
2195,948512669,2195,948552752
2195,948902970,2195,948949480
2195,949282231,2195,949323486
