2252,517290288,2252,517350347
2252,518222205,2252,518282298
2252,519133051,2252,519192480
2252,520044538,2252,520107477
2252,520960423,2252,521020022
2252,521870956,2252,521930204
2252,522781021,2252,522842299
2252,523692862,2252,523759108
2252,524610903,2252,524673002
2252,525531934,2252,525592985
2252,526437585,2252,526496643
2252,527348314,2252,527408240
2252,528259941,2252,528321109
2252,529178043,2252,529240041
2252,530090988,2252,530152879
2252,531003326,2252,531061476
2252,531912990,2252,531973344
2252,532831869,2252,532892526
2252,533743667,2252,533803893
2252,534647438,2252,534711649
2252,535571473,2252,535633635
2252,536479232,2252,536540353
2252,537391427,2252,537452914
2252,538303805,2252,538370812
2252,539221666,2252,539279142
2252,540132202,2252,540193085
2252,541046549,2252,541107646
2252,541962728,2252,542022690
2252,542867914,2252,542927977
2252,543778867,2252,543840015
2252,544684307,2252,544744560
2252,545599118,2252,545658773
2252,546517940,2252,546576261
2252,547430848,2252,547490728
2252,548344938,2252,548406623
2252,549270789,2252,549335754
2252,550186487,2252,550247621
2252,551092965,2252,551153772
2252,552017197,2252,552078404
2252,552932471,2252,553000450
2252,553854701,2252,553914590
2252,554768237,2252,554829898
2252,555680184,2252,555740634
2252,556599754,2252,556659310
2252,557519404,2252,557579353
2252,558430043,2252,558491117
2252,559341657,2252,559401873
2252,560254319,2252,560315766
2252,561166834,2252,561227577
2252,562082475,2252,562144433
2252,562994913,2252,563054709
2252,563905386,2252,563970568
2252,564825866,2252,564887397
2252,565738164,2252,565798484
2252,566649224,2252,566710138
2252,567520127,2252,567565099
2252,568420628,2252,568482627
2252,569333063,2252,569393049
2252,570243672,2252,570302951
2252,571153965,2252,571213904
2252,572026019,2252,572068295
2252,572917680,2252,572976014
2252,573828707,2252,573888980
2252,574740681,2252,574801688
2252,575652819,2252,575714507
2252,576576270,2252,576635898
2252,577486442,2252,577545994
2252,578400969,2252,578464669
2252,579315346,2252,579376099
2252,580231488,2252,580293283
2252,581143572,2252,581205377
2252,582056177,2252,582122981
2252,582933291,2252,582972817
2252,583824922,2252,583887588
2252,584743864,2252,584805672
2252,585660961,2252,585722465
2252,586581465,2252,586643754
2252,587495121,2252,587554263
2252,588410322,2252,588471934
2252,589325420,2252,589386054
2252,590236914,2252,590298415
2252,591148948,2252,591209628
2252,592062404,2252,592123381
2252,592933431,2252,592975189
2252,593823509,2252,593883759
2252,594734943,2252,594796911
2252,595672013,2252,595735300
2252,596594693,2252,596662715
2252,597518631,2252,597579945
2252,598430685,2252,598490812
2252,599347328,2252,599405869
2252,600258351,2252,600318701
2252,601173893,2252,601235127
2252,602085867,2252,602145383
2252,602996279,2252,603056119
2252,603865915,2252,603906041
2252,604755366,2252,604816080
2252,605666272,2252,605727029
2252,606577619,2252,606637632
2252,607490074,2252,607554278
2252,608406734,2252,608465538
2252,609315945,2252,609376081
2252,610228520,2252,610290381
2252,611141228,2252,611208302
2252,612064305,2252,612124765
2252,612975402,2252,613035071
2252,613885574,2252,613945480
2252,614796153,2252,614856943
2252,615707573,2252,615767830
2252,616629082,2252,616689872
2252,617541326,2252,617599667
2252,618409560,2252,618448001
2252,619296315,2252,619358106
2252,620204251,2252,620265876
2252,621116612,2252,621178627
2252,622029955,2252,622094062
2252,622946224,2252,623008116
2252,623865003,2252,623924101
2252,624776794,2252,624838064
2252,625690647,2252,625759887
2252,626619981,2252,626681756
2252,627535846,2252,627594454
2252,628450137,2252,628511441
2252,629362798,2252,629424196
2252,630275013,2252,630336881
2252,631191192,2252,631250717
2252,632106279,2252,632164877
2252,633018637,2252,633079047
2252,633933465,2252,633994472
2252,634804602,2252,634844845
2252,635693663,2252,635753732
2252,636606525,2252,636671203
2252,637521910,2252,637580274
2252,638437458,2252,638498322
2252,639349115,2252,639412121
2252,640269696,2252,640336226
2252,641187210,2252,641248641
2252,642100385,2252,642159988
2252,643010664,2252,643073240
2252,643924017,2252,643984987
2252,644795868,2252,644834509
2252,645686140,2252,645746490
2252,646602319,2252,646663523
2252,647513813,2252,647572935
2252,648429565,2252,648490352
2252,649340314,2252,649401689
2252,650251975,2252,650311721
2252,651161950,2252,651224332
2252,652035974,2252,652076374
2252,652924554,2252,652983035
2252,653833599,2252,653893768
2252,654752541,2252,654819892
2252,655670312,2252,655731539
2252,656586711,2252,656646333
2252,657496590,2252,657556092
2252,658407406,2252,658466934
2252,659317865,2252,659378825
2252,660230827,2252,660291573
2252,661142247,2252,661201879
2252,662052179,2252,662112999
2252,662963222,2252,663023515
2252,663873875,2252,663933447
2252,664745092,2252,664787247
2252,665637049,2252,665698844
2252,666549097,2252,666608336
2252,667464075,2252,667523257
2252,668371474,2252,668433699
2252,669287903,2252,669356526
2252,670211440,2252,670269998
2252,671123294,2252,671180644
2252,672032749,2252,672093726
2252,672945097,2252,673006465
2252,673857145,2252,673916830
2252,674726249,2252,674764273
2252,675615497,2252,675674248
2252,676527385,2252,676588582
2252,677438995,2252,677501277
2252,678351900,2252,678414947
2252,679265737,2252,679324398
2252,680185707,2252,680246764
2252,681101022,2252,681162179
2252,682012756,2252,682073012
2252,682926412,2252,682986972
2252,683841390,2252,683909111
2252,684764090,2252,684823915
2252,685682805,2252,685742297
2252,686594478,2252,686655172
2252,687510280,2252,687571935
2252,688428919,2252,688490183
2252,689340690,2252,689401366
2252,690252063,2252,690313270
2252,691164037,2252,691225021
2252,692077727,2252,692137850
2252,692990762,2252,693052013
2252,693861759,2252,693902002
2252,694758619,2252,694822957
2252,695680371,2252,695740341
2252,696595439,2252,696656573
2252,697508211,2252,697570433
2252,698421026,2252,698488427
2252,699339681,2252,699399914
2252,700249269,2252,700307690
2252,701158871,2252,701220245
2252,702070872,2252,702131422
2252,702983300,2252,703043483
2252,703897900,2252,703957212
2252,704809104,2252,704869350
2252,705724989,2252,705785012
2252,706635642,2252,706697006
2252,707547629,2252,707606988
2252,708419347,2252,708460241
2252,709312603,2252,709375419
2252,710226065,2252,710286268
2252,711137199,2252,711196934
2252,712049490,2252,712110080
2252,712960953,2252,713027988
2252,713838097,2252,713879008
2252,714736079,2252,714795467
2252,715646204,2252,715707355
2252,716558542,2252,716620948
2252,717474878,2252,717535498
2252,718379097,2252,718440234
2252,719291071,2252,719350927
2252,720203089,2252,720264219
2252,721115754,2252,721176193
2252,722026977,2252,722087183
2252,722897467,2252,722936468
2252,723795585,2252,723859318
2252,724714123,2252,724771970
2252,725626715,2252,725685196
2252,726528988,2252,726590609
2252,727441305,2252,727510182
2252,728362961,2252,728423397
2252,729275165,2252,729333826
2252,730185624,2252,730246748
2252,731097505,2252,731159550
2252,732011859,2252,732072909
2252,732927868,2252,732986522
2252,733838100,2252,733896598
2252,734742956,2252,734804310
2252,735655307,2252,735716912
2252,736570101,2252,736632086
2252,737485847,2252,737544788
2252,738395581,2252,738462826
2252,739313803,2252,739373779
2252,740226041,2252,740286357
2252,741096457,2252,741136193
2252,741984463,2252,742052685
2252,742896528,2252,742956537
2252,743808215,2252,743868274
2252,744721601,2252,744783395
2252,745634069,2252,745695880
2252,746546737,2252,746605702
2252,747459806,2252,747521357
2252,748365473,2252,748425886
2252,749281098,2252,749343664
2252,750194514,2252,750253078
2252,751103948,2252,751164108
2252,752016823,2252,752077190
2252,752930223,2252,752994080
2252,753845320,2252,753906651
2252,754766008,2252,754824739
2252,755677292,2252,755739503
2252,756595289,2252,756664262
2252,757514769,2252,757576030
2252,758426790,2252,758488818
2252,759341751,2252,759401610
2252,760254256,2252,760314372
2252,761130148,2252,761170875
2252,762019513,2252,762080470
2252,762931157,2252,762993215
2252,763849258,2252,763909455
2252,764764279,2252,764825307
2252,765676090,2252,765734557
2252,766592012,2252,766652579
2252,767503309,2252,767566405
2252,768422317,2252,768484232
2252,769335113,2252,769393831
2252,770249056,2252,770308738
2252,771159468,2252,771228268
2252,772080857,2252,772141250
2252,772951330,2252,772990378
2252,773838278,2252,773898948
2252,774754547,2252,774815965
2252,775670396,2252,775728717
2252,776586659,2252,776647676
2252,777502681,2252,777564422
2252,778416097,2252,778477344
2252,779333837,2252,779394094
2252,780246926,2252,780305067
2252,781155847,2252,781217815
2252,782069293,2252,782133153
2252,782983803,2252,783045134
2252,783855104,2252,783895204
2252,784748530,2252,784810538
2252,785664315,2252,785731416
2252,786582176,2252,786642963
2252,787496914,2252,787557791
2252,788414284,2252,788474330
2252,789325561,2252,789387302
2252,790238149,2252,790298235
2252,791155743,2252,791216937
2252,792070444,2252,792131818
2252,792982815,2252,793044439
2252,793900676,2252,793962357
2252,794817095,2252,794875299
2252,795725839,2252,795786836
2252,796638534,2252,796702268
2252,797553045,2252,797614182
2252,798468503,2252,798529100
2252,799380884,2252,799439525
2252,800297230,2252,800365055
2252,801216126,2252,801277607
2252,802130669,2252,802192551
2252,803043258,2252,803103287
2252,803957831,2252,804017861
2252,804876787,2252,804936816
2252,805789045,2252,805850613
2252,806701113,2252,806762680
2252,807617051,2252,807677238
2252,808529540,2252,808587987
2252,809439558,2252,809500595
2252,810354790,2252,810415316
2252,811266013,2252,811332169
2252,812178117,2252,812236872
2252,813087722,2252,813149947
2252,814000778,2252,814063694
2252,814914481,2252,814982165
2252,815836353,2252,815898378
2252,816710256,2252,816749712
2252,817598503,2252,817659060
2252,818510237,2252,818568855
2252,819421640,2252,819481610
2252,820334245,2252,820394638
2252,821249837,2252,821311338
2252,822162098,2252,822220245
2252,823070996,2252,823132790
2252,823942553,2252,823979779
2252,824830833,2252,824892655
2252,825749355,2252,825810683
2252,826662651,2252,826724175
2252,827578032,2252,827636119
2252,828487907,2252,828549769
2252,829400753,2252,829470904
2252,830321630,2252,830383345
2252,831193481,2252,831232750
2252,832082843,2252,832143306
2252,832995211,2252,833053969
2252,833908346,2252,833968709
2252,834826611,2252,834887788
2252,835742403,2252,835802589
2252,836654935,2252,836715401
2252,837568768,2252,837627926
2252,838478446,2252,838538649
2252,839389459,2252,839449462
2252,840261507,2252,840302248
2252,841150485,2252,841212173
2252,842068823,2252,842130334
2252,842981101,2252,843040002
2252,843894079,2252,843962104
2252,844822452,2252,844883016
2252,845733752,2252,845793735
2252,846644645,2252,846706530
2252,847557084,2252,847615731
2252,848427887,2252,848468624
2252,849316921,2252,849375799
2252,850227517,2252,850287043
2252,851138560,2252,851198410
2252,852051846,2252,852113354
2252,852923480,2252,852963577
2252,853811844,2252,853870946
2252,854721686,2252,854784171
2252,855634785,2252,855696633
2252,856547677,2252,856609408
2252,857419511,2252,857458726
2252,858307848,2252,858376023
2252,859229914,2252,859288548
2252,860143967,2252,860203202
2252,861058380,2252,861120025
2252,861971106,2252,862032667
2252,862891429,2252,862951806
2252,863805282,2252,863864518
2252,864722967,2252,864785085
2252,865635839,2252,865696048
2252,866546895,2252,866606748
2252,867457024,2252,867516710
2252,868328631,2252,868368885
2252,869217312,2252,869281463
2252,870133040,2252,870191171
2252,871044758,2252,871105134
2252,871955817,2252,872020999
2252,872874760,2252,872939825
2252,873794109,2252,873853634
2252,874704161,2252,874764207
2252,875614814,2252,875675113
2252,876523064,2252,876584928
2252,877438535,2252,877500363
2252,878351244,2252,878411533
2252,879262230,2252,879324018
2252,880177688,2252,880238936
2252,881095262,2252,881155599
2252,882006202,2252,882064743
2252,882924663,2252,882983355
2252,883837732,2252,883901362
2252,884755092,2252,884817071
2252,885673291,2252,885733977
2252,886588028,2252,886648852
2252,887503349,2252,887570047
2252,888425616,2252,888487240
2252,889338638,2252,889398984
2252,890249651,2252,890309613
2252,891160077,2252,891220346
2252,892091393,2252,892149514
2252,893001385,2252,893062346
2252,893872175,2252,893909134
2252,894757862,2252,894817501
2252,895672480,2252,895733096
2252,896585715,2252,896646112
2252,897496922,2252,897557692
2252,898412620,2252,898474619
2252,899326487,2252,899387891
2252,900244087,2252,900306112
2252,901160810,2252,901222044
2252,902073719,2252,902138811
2252,902998668,2252,903058434
2252,903912925,2252,903974610
2252,904827018,2252,904887381
2252,905741452,2252,905802316
2252,906653396,2252,906712451
2252,907568254,2252,907627562
2252,908473510,2252,908534301
2252,909387560,2252,909449034
2252,910303906,2252,910363815
2252,911214365,2252,911272739
2252,912125248,2252,912186585
2252,913037592,2252,913100101
2252,913909968,2252,913949590
2252,914799262,2252,914859969
2252,915711670,2252,915772851
2252,916628000,2252,916694123
2252,917545083,2252,917606591
2252,918457431,2252,918519152
2252,919369886,2252,919429655
2252,920283082,2252,920342874
2252,921197545,2252,921256103
2252,922106980,2252,922168261
2252,923036658,2252,923099387
2252,923959925,2252,924023802
2252,924877129,2252,924937252
2252,925788502,2252,925848118
2252,926700626,2252,926761033
2252,927615484,2252,927678877
2252,928556345,2252,928617142
2252,929471132,2252,929531963
2252,930385990,2252,930447838
2252,931298728,2252,931365045
2252,932220844,2252,932279472
2252,933130232,2252,933191176
2252,934041833,2252,934101839
2252,934911605,2252,934951077
2252,935802421,2252,935864453
2252,936717939,2252,936778780
2252,937632807,2252,937691195
2252,938542262,2252,938604133
2252,939454853,2252,939515053
2252,940367635,2252,940427187
2252,941278158,2252,941335988
2252,942145824,2252,942190242
2252,943043478,2252,943102463
2252,943963124,2252,944025550
2252,944877141,2252,944937945
2252,945788575,2252,945856820
2252,946707517,2252,946767990
2252,947618680,2252,947679434
2252,948535420,2252,948595466
2252,949450364,2252,949512269
2252,950363420,2252,950424988
2252,951278037,2252,951337886
2252,952190458,2252,952248702
2252,953099626,2252,953161374
2252,954021331,2252,954082041
2252,954933816,2252,954994943
2252,955848840,2252,955907141
2252,956759696,2252,956821127
2252,957672068,2252,957733105
2252,958588681,2252,958649932
2252,959503929,2252,959566992
2252,960423912,2252,960490983
2252,961341873,2252,961882602
2252,962733112,2252,962793532
2252,963646905,2252,963707698
2252,964563538,2252,964624598
2252,965475418,2252,965533559
2252,966384299,2252,966444088
2252,967295913,2252,967356910
2252,968209529,2252,968269782
2252,969079655,2252,969119054
2252,969989426,2252,970052226
2252,970906580,2252,970967273
2252,971818314,2252,971878303
2252,972731850,2252,972792510
2252,973646557,2252,973707277
2252,974559509,2252,974620066
2252,975473405,2252,975541174
2252,976397667,2252,976455888
2252,977306725,2252,977366621
2252,978217511,2252,978279062
2252,979130216,2252,979191977
2252,980009122,2252,980048744
2252,980897045,2252,980958119
2252,981809543,2252,981868815
2252,982719715,2252,982779598
2252,983633448,2252,983695240
2252,984548910,2252,984609286
2252,985753719,2252,985815624
2252,986670903,2252,986731870
2252,987582954,2252,987642576
2252,988495345,2252,988555561
2252,989408988,2252,989471430
2252,990323365,2252,990390993
2252,991242127,2252,991301796
2252,992154491,2252,992212679
2252,993073644,2252,993133643
2252,993989239,2252,994050420
2252,994901333,2252,994963178
2252,995813998,2252,995872149
2252,996724871,2252,996786813
2252,997596796,2252,997632921
2252,998483738,2252,998544511
2252,999396072,2252,999457306
2253,000309578,2253,000369968
2253,001220878,2253,001280824
2253,002134157,2253,002195475
2253,003055609,2253,003116763
2253,003967704,2253,004030426
2253,004891164,2253,004959183
2253,005810227,2253,005871421
2253,006722501,2253,006781974
2253,007591890,2253,007630154
2253,008480480,2253,008541958
2253,009392948,2253,009454873
2253,010305630,2253,010367572
2253,011224332,2253,011286427
2253,012139606,2253,012199385
2253,013009592,2253,013048374
2253,013896941,2253,013958996
2253,014810370,2253,014871972
2253,015722825,2253,015784620
2253,016639765,2253,016701667
2253,017552767,2253,017612496
2253,018467471,2253,018530377
2253,019381475,2253,019449780
2253,020302509,2253,020362519
2253,021172859,2253,021211957
2253,022068441,2253,022128727
2253,022982174,2253,023041482
2253,023892329,2253,023952108
2253,024805204,2253,024866946
2253,025720903,2253,025781540
2253,026633177,2253,026694368
2253,027549553,2253,027609352
2253,028462218,2253,028524286
2253,029375167,2253,029436731
2253,030290702,2253,030351709
2253,031202359,2253,031263246
2253,032075285,2253,032116215
2253,032966388,2253,033026421
2253,033877298,2253,033945593
2253,034796691,2253,034857985
2253,035712252,2253,035772922
2253,036625655,2253,036687840
2253,037538603,2253,037598052
2253,038448776,2253,038509159
2253,039319222,2253,039356601
2253,040209714,2253,040271092
2253,041122873,2253,041183617
2253,042034801,2253,042096482
2253,042948217,2253,043008309
2253,043858989,2253,043920100
2253,044772806,2253,044833202
2253,045643165,2253,045682401
2253,046534829,2253,046596768
2253,047451069,2253,047512736
2253,048369063,2253,048435560
2253,049290949,2253,049349359
2253,050201121,2253,050261988
2253,051121745,2253,051182999
2253,052038651,2253,052099969
2253,052950619,2253,053010575
2253,053863060,2253,053920567
2253,054776249,2253,054839192
2253,055689725,2253,055751003
2253,056604923,2253,056665924
2253,057516617,2253,057576676
2253,058427390,2253,058489395
2253,059299475,2253,059338109
2253,060195517,2253,060257549
2253,061112494,2253,061174282
2253,062024948,2253,062084984
2253,062936262,2253,063004691
2253,063855624,2253,063914643
2253,064767365,2253,064827474
2253,065637407,2253,065674447
2253,066523428,2253,066586117
2253,067439864,2253,067500020
2253,068355726,2253,068416910
2253,069268361,2253,069327683
2253,070181357,2253,070242341
2253,071099879,2253,071161306
2253,072013765,2253,072074428
2253,072928349,2253,072988919
2253,073839646,2253,073899542
2253,074749955,2253,074810238
2253,075620144,2253,075657417
2253,076507510,2253,076569612
2253,077421166,2253,077490439
2253,078345454,2253,078406828
2253,079257668,2253,079316760
2253,080175416,2253,080235722
2253,081089683,2253,081150493
2253,082001297,2253,082063225
2253,082914202,2253,082976197
2253,083829780,2253,083888795
2253,084744374,2253,084805652
2253,085666297,2253,085726560
2253,086578091,2253,086639271
2253,087490065,2253,087552067
2253,088404829,2253,088463534
2253,089273630,2253,089313973
2253,090169853,2253,090231941
2253,091086649,2253,091147609
2253,091998336,2253,092080418
2253,092935419,2253,092995616
2253,093849736,2253,093910396
2253,094763513,2253,094823185
2253,095673912,2253,095734341
2253,096586577,2253,096646603
2253,097497500,2253,097557653
2253,098367699,2253,098407138
2253,099255519,2253,099317564
2253,100176256,2253,100234467
2253,101093857,2253,101153279
2253,102004643,2253,102066958
2253,102921409,2253,102982824
2253,103834658,2253,103895442
2253,104751431,2253,104810656
2253,105661640,2253,105724306
2253,106575700,2253,106642434
2253,107493441,2253,107554705
2253,108407281,2253,108467474
2253,109320860,2253,109380369
2253,110240510,2253,110301364
2253,111155127,2253,111216154
2253,112071997,2253,112132964
2253,112983744,2253,113043710
2253,113894397,2253,113953255
2253,114805050,2253,114865022
2253,115718135,2253,115780037
2253,116635579,2253,116696670
2253,117547477,2253,117607599
2253,118462574,2253,118522080
2253,119376951,2253,119436970
2253,120293317,2253,120354037
2253,121211095,2253,121279190
2253,122089450,2253,122128141
2253,122974193,2253,123034683
2253,123885643,2253,123943293
2253,124795895,2253,124856038
2253,125712235,2253,125773886
2253,126626972,2253,126687786
2253,127538556,2253,127598362
2253,128450954,2253,128509184
2253,129359875,2253,129419951
2253,130270587,2253,130330800
2253,131191362,2253,131251571
2253,132104854,2253,132164470
2253,133014996,2253,133075146
2253,133925649,2253,133986012
2253,134841347,2253,134904063
2253,135754987,2253,135822224
2253,136634593,2253,136675584
2253,137526838,2253,137588716
2253,138440421,2253,138498368
2253,139349078,2253,139408957
2253,140265330,2253,140326224
2253,141180595,2253,141240968
2253,142095212,2253,142153006
2253,143003716,2253,143064500
2253,143919805,2253,143981279
2253,144837533,2253,144898530
2253,145750031,2253,145810884
2253,146664935,2253,146723266
2253,147574146,2253,147634169
2253,148486751,2253,148547168
2253,149356857,2253,149397290
2253,150245327,2253,150313886
2253,151165724,2253,151225487
2253,152078513,2253,152135996
2253,152990440,2253,153051094
2253,153861053,2253,153898336
2253,154746871,2253,154807200
2253,155660797,2253,155721848
2253,156574487,2253,156634603
2253,157488260,2253,157547238
2253,158397965,2253,158458131
2253,159308377,2253,159368620
2253,160228764,2253,160289818
2253,161143231,2253,161205290
2253,162059650,2253,162119163
2253,162969702,2253,163030035
2253,163884093,2253,163945984
2253,164798523,2253,164866281
2253,165719604,2253,165780595
2253,166641053,2253,166699614
2253,167555403,2253,167616397
2253,168471192,2253,168531124
2253,169381754,2253,169441817
2253,170292527,2253,170350608
2253,171206918,2253,171265325
2253,172117670,2253,172178140
2253,173035161,2253,173095724
2253,173949702,2253,174009831
2253,174863358,2253,174922476
2253,175773336,2253,175833206
2253,176685858,2253,176746238
2253,177599627,2253,177660958
2253,178511962,2253,178573526
2253,179383513,2253,179429509
2253,180288973,2253,180350210
2253,181205849,2253,181264867
2253,182115661,2253,182177416
2253,183027922,2253,183088015
2253,183938742,2253,183999048
2253,184861949,2253,184922863
2253,185777467,2253,185836702
2253,186687639,2253,186747325
2253,187597885,2253,187658165
2253,188513901,2253,188575088
2253,189425871,2253,189485694
2253,190295697,2253,190335710
2253,191187291,2253,191245688
2253,192101808,2253,192162945
2253,193013431,2253,193074592
2253,193927088,2253,193995023
2253,194850819,2253,194911155
2253,195761875,2253,195821975
2253,196677097,2253,196739869
2253,197594040,2253,197655471
2253,198506315,2253,198568246
2253,199423441,2253,199485226
2253,200338329,2253,200398185
2253,201249913,2253,201310953
2253,202120893,2253,202157819
2253,203006009,2253,203066569
2253,203917022,2253,203977262
2253,204830114,2253,204889106
2253,205740116,2253,205800723
2253,206651717,2253,206713535
2253,207567415,2253,207628362
2253,208440164,2253,208487876
2253,209340048,2253,209400237
2253,210260355,2253,210321192
2253,211171745,2253,211230022
2253,212082354,2253,212142838
2253,212994329,2253,213055413
2253,213905942,2253,213966289
2253,214776115,2253,214815621
2253,215678425,2253,215738204
2253,216594484,2253,216653362
2253,217504008,2253,217561939
2253,218416359,2253,218476916
2253,219336413,2253,219397474
2253,220253787,2253,220315618
2253,221169418,2253,221227112
2253,222077742,2253,222136954
2253,222992646,2253,223059143
2253,223933317,2253,223994197
2253,224846372,2253,224906826
2253,225757686,2253,225817925
2253,226669496,2253,226728435
2253,227582312,2253,227643135
2253,228500083,2253,228560149
2253,229410825,2253,229470741
2253,230328926,2253,230389630
2253,231240450,2253,231297973
2253,232150462,2253,232211906
2253,233062490,2253,233123800
2253,233933540,2253,233973032
2253,234821473,2253,234881466
2253,235732126,2253,235792375
2253,236645078,2253,236703171
2253,237555520,2253,237622291
2253,238473364,2253,238534645
2253,239344778,2253,239383960
2253,240233916,2253,240294817
2253,241146304,2253,241207375
2253,242058085,2253,242116192
2253,242973466,2253,243035218
2253,243845047,2253,243883244
2253,244734288,2253,244794865
2253,245659501,2253,245720034
2253,246573170,2253,246635135
2253,247498000,2253,247559821
2253,248412046,2253,248470284
2253,249330211,2253,249391819
2253,250242666,2253,250304574
2253,251158725,2253,251220436
2253,252073823,2253,252140733
2253,252991407,2253,253050859
2253,253904602,2253,253965660
2253,254816860,2253,254878581
2253,255729435,2253,255792201
2253,256646218,2253,256706144
2253,257560685,2253,257618295
2253,258473380,2253,258533673
2253,259385247,2253,259446538
2253,260306929,2253,260367406
2253,261221300,2253,261282103
2253,262136174,2253,262195025
2253,263045652,2253,263107604
2253,263957840,2253,264020469
2253,264871376,2253,264933174
2253,265789117,2253,265848175
2253,266699062,2253,266766103
2253,267617871,2253,267680520
2253,268492615,2253,268531180
2253,269379734,2253,269441689
2253,270300839,2253,270362423
2253,271216464,2253,271277204
2253,272129873,2253,272188274
2253,273042995,2253,273104997
2253,273956651,2253,274017562
2253,274872096,2253,274932476
2253,275783333,2253,275843065
2253,276698241,2253,276755964
2253,277612250,2253,277672830
2253,278526013,2253,278587561
2253,279441772,2253,279503156
2253,280363885,2253,280426741
2253,281277554,2253,281342466
2253,282196603,2253,282256970
2253,283107737,2253,283167886
2253,284020145,2253,284080614
2253,284931231,2253,284991504
2253,285843205,2253,285901820
2253,286755873,2253,286816937
2253,287672066,2253,287733884
2253,288590340,2253,288650690
2253,289501767,2253,289561303
2253,290412060,2253,290472089
2253,291326300,2253,291387951
2253,292241127,2253,292301851
2253,293111730,2253,293150966
2253,294002740,2253,294063888
2253,294914878,2253,294974517
2253,295825397,2253,295891978
2253,296744670,2253,296806124
2253,297616107,2253,297653170
2253,298501474,2253,298564043
2253,299422262,2253,299482899
2253,300338324,2253,300399812
2253,301254083,2253,301312497
2253,302165606,2253,302227354
2253,303080944,2253,303143110
2253,303996042,2253,304067708
2253,304918709,2253,304980073
2253,305831147,2253,305890585
2253,306741439,2253,306803447
2253,307654434,2253,307716376
2253,308568648,2253,308629115
2253,309487470,2253,309548858
2253,310409055,2253,310475796
2253,311326556,2253,311385758
2253,312241073,2253,312302721
2253,313153491,2253,313215069
2253,314066787,2253,314127797
2253,314978461,2253,315037499
2253,315887912,2253,315949346
2253,316801832,2253,316862285
2253,317713195,2253,317775093
2253,318632321,2253,318693945
2253,319548500,2253,319606404
2253,320466451,2253,320527408
2253,321388530,2253,321448113
2253,322298973,2253,322359142
2253,323213363,2253,323273960
2253,324129966,2253,324188794
2253,325039688,2253,325108374
2253,325959471,2253,326020485
2253,326874929,2253,326936183
2253,327790868,2253,327852056
2253,328710004,2253,328768945
2253,329619635,2253,329679641
2253,330534386,2253,330594652
2253,331455130,2253,331515463
2253,332371343,2253,332432427
2253,333283137,2253,333342839
2253,334196673,2253,334255904
2253,335111290,2253,335172671
2253,336025156,2253,336085169
2253,336936213,2253,336998008
2253,337849479,2253,337908690
2253,338718820,2253,338760705
2253,339609290,2253,339674892
2253,340534269,2253,340595757
2253,341453662,2253,341514665
2253,342364915,2253,342425398
2253,343275821,2253,343335920
2253,344192160,2253,344251299
2253,345101828,2253,345163797
2253,345973730,2253,346010973
2253,346859864,2253,346921432
2253,347772125,2253,347832385
2253,348684910,2253,348743174
2253,349594045,2253,349656210
2253,350465919,2253,350504424
2253,351352968,2253,351413398
2253,352270746,2253,352332894
2253,353186811,2253,353247511
2253,354102436,2253,354170698
2253,355021545,2253,355081217
2253,355937017,2253,355998271
2253,356861425,2253,356922900
2253,357773686,2253,357833943
2253,358684322,2253,358744492
2253,359554562,2253,359594645
2253,360445949,2253,360504727
2253,361356542,2253,361417092
2253,362268202,2253,362330941
2253,363181511,2253,363242722
2253,364095064,2253,364155677
2253,364965587,2253,365005533
2253,365854901,2253,365913319
2253,366763705,2253,366824238
2253,367678055,2253,367740254
2253,368592739,2253,368660461
2253,369521316,2253,369582523
2253,370434295,2253,370493593
2253,371344213,2253,371406272
2253,372218217,2253,372255627
2253,373101665,2253,373162061
2253,374016055,2253,374077853
2253,374929157,2253,374989481
2253,375840424,2253,375900390
2253,376753223,2253,376813025
2253,377666762,2253,377727916
2253,378583782,2253,378644639
2253,379505111,2253,379564893
2253,380417515,2253,380476343
2253,381331145,2253,381391401
2253,382242518,2253,382303909
2253,383154599,2253,383221630
2253,384033742,2253,384075413
2253,384924461,2253,384985028
2253,385837767,2253,385898591
2253,386749364,2253,386808046
2253,387659536,2253,387720944
2253,388573914,2253,388633980
2253,389493036,2253,389554824
2253,390408945,2253,390467616
2253,391318383,2253,391380318
2253,392232129,2253,392292739
2253,393146339,2253,393207744
2253,394061274,2253,394122698
2253,394977316,2253,395037278
2253,395888346,2253,395950240
2253,396802753,2253,396864464
2253,397719472,2253,397786930
2253,398642529,2253,398702659
2253,399556786,2253,399615470
2253,400472551,2253,400532577
2253,401386501,2253,401447435
2253,402301462,2253,402362205
2253,403172312,2253,403211300
2253,404061346,2253,404122037
2253,404973968,2253,405032953
2253,405887264,2253,405947580
2253,406801521,2253,406862548
2253,407714216,2253,407775343
2253,408628503,2253,408690107
2253,409555087,2253,409618116
2253,410473218,2253,410531916
2253,411388346,2253,411448966
2253,412304482,2253,412372427
2253,413223017,2253,413284598
2253,414141525,2253,414203627
2253,415054581,2253,415114497
2253,415965594,2253,416029244
2253,416885497,2253,416945810
2253,417801209,2253,417862960
2253,418713784,2253,418775482
2253,419626252,2253,419686178
2253,420538590,2253,420599107
2253,421453177,2253,421514859
2253,422369550,2253,422430710
2253,423281571,2253,423343299
2253,424195534,2253,424256250
2253,425110698,2253,425170978
2253,426026036,2253,426089239
2253,426940066,2253,427008442
