1263,910795432,                1263,910933081
1263,921012309,                1263,921091587
1263,931194482,                1263,931324759
1263,941431358,                1263,941570796
1263,951678216,                1263,951809231
1263,961913219,                1263,962044968
1263,972154529,                1263,972285947
1263,982393480,                1263,982542379
1263,992649986,                1263,992774664
1264,002877788,                1264,003010334
1264,013116871,                1264,013248944
1264,023352415,                1264,023487742
1264,033595080,                1264,033721580
1264,043825653,                1264,043950821
1264,054058230,                1264,054184089
1264,064289088,                1264,064423277
1264,074530093,                1264,074655915
1264,084763816,                1264,084896352
1264,095002282,                1264,095142097
1264,105249729,                1264,105393352
1264,115497158,                1264,115635835
1264,125747223,                1264,125884485
1264,135988829,                1264,136137034
1264,146240264,                1264,146367849
1264,156471691,                1264,156599289
1264,166706442,                1264,166840584
1264,176944042,                1264,177076926
1264,187138802,                1264,187214169
1264,197316196,                1264,197442769
1264,207548035,                1264,207674548
1264,217776847,                1264,217913282
1264,228016817,                1264,228153121
1264,238256612,                1264,238393644
1264,248455688,                1264,248532326
1264,258637839,                1264,258744509
1264,268851704,                1264,268992904
1264,279096380,                1264,279230955
1264,289335223,                1264,289463949
1264,299570902,                1264,299700418
1264,309804082,                1264,309907388
1264,319969094,                1264,320046587
1264,330148380,                1264,330275194
1264,340380673,                1264,340507667
1264,350613628,                1264,350752315
1264,360861880,                1264,360998668
1264,371060552,                1264,371137561
1264,381240971,                1264,381372326
1264,391479052,                1264,391614576
1264,401718059,                1264,401818956
1264,411922250,                1264,412057159
1264,422164476,                1264,422298244
1264,432402054,                1264,432544706
1264,442607862,                1264,442713864
1264,452817956,                1264,452947492
1264,463052842,                1264,463183570
1264,473287709,                1264,473418977
1264,483524991,                1264,483660494
1264,493766745,                1264,493897616
1264,504015582,                1264,504149313
1264,514253635,                1264,514380098
1264,524451850,                1264,524568615
1264,534676624,                1264,534812481
1264,544918752,                1264,545057660
1264,555162098,                1264,555298809
1264,565403726,                1264,565535018
1264,575637765,                1264,575770478
1264,585874042,                1264,586014495
1264,596118621,                1264,596254845
1264,606361290,                1264,606495081
1264,616601919,                1264,616727695
1264,626830648,                1264,626967780
1264,637070681,                1264,637198245
1264,647302327,                1264,647437430
1264,657545060,                1264,657677122
1264,667780686,                1264,667905961
1264,678012849,                1264,678144678
1264,688248577,                1264,688350992
1264,698458406,                1264,698591503
1264,708698166,                1264,708826231
1264,718930830,                1264,719066404
1264,729169386,                1264,729270432
1264,739376780,                1264,739512587
1264,749615110,                1264,749724359
1264,759827231,                1264,759955182
1264,770018072,                1264,770090563
1264,780154034,                1264,780247261
1264,790353987,                1264,790482145
1264,800597997,                1264,800724303
1264,810828603,                1264,810968494
1264,821075359,                1264,821203507
1264,831316526,                1264,831451265
1264,841559839,                1264,841695449
1264,851799375,                1264,851933693
1264,862036610,                1264,862163079
1264,872269827,                1264,872394214
1264,882504612,                1264,882639748
1264,892742872,                1264,892866321
1264,902973125,                1264,903101617
1264,913205526,                1264,913343039
1264,923446663,                1264,923579476
1264,933643947,                1264,933718426
1264,943820165,                1264,943952381
1264,954056189,                1264,954189092
1264,964293552,                1264,964426085
1264,974533181,                1264,974634275
1264,984748515,                1264,984880314
1264,994986998,                1264,995124831
1265,005229481,                1265,005363075
1265,015466245,                1265,015602997
1265,025710846,                1265,025845869
1265,035949147,                1265,036051682
1265,046155542,                1265,046299274
1265,056361033,                1265,056446292
1265,066550397,                1265,066652254
1265,076756651,                1265,076887792
1265,086991136,                1265,087135103
1265,097238910,                1265,097377170
1265,107480832,                1265,107614207
1265,117676184,                1265,117750240
1265,127854988,                1265,127980573
1265,138087370,                1265,138188023
1265,148292215,                1265,148424405
1265,158528087,                1265,158665085
1265,168769021,                1265,168894076
1265,178997559,                1265,179122480
1265,189226202,                1265,189361472
1265,199465496,                1265,199601967
1265,209705644,                1265,209842813
1265,219946349,                1265,220075685
1265,230137385,                1265,230215145
1265,240317600,                1265,240461032
1265,250566939,                1265,250698457
1265,260805202,                1265,260936030
1265,271043687,                1265,271176243
1265,281238431,                1265,281314172
1265,291419374,                1265,291520238
1265,301627554,                1265,301759497
1265,311863883,                1265,311993229
1265,322105825,                1265,322235231
1265,332338927,                1265,332476527
1265,342582410,                1265,342716055
1265,352822235,                1265,352952826
1265,363057773,                1265,363190773
1265,373295202,                1265,373420423
1265,383524742,                1265,383659274
1265,393721552,                1265,393795641
1265,403897156,                1265,404011011
1265,414128728,                1265,414267291
1265,424370980,                1265,424504324
1265,434607848,                1265,434732012
1265,444835808,                1265,444965875
1265,455027587,                1265,455103478
1265,465209042,                1265,465334554
1265,475438048,                1265,475569617
1265,485674786,                1265,485815549
1265,495919689,                1265,496049633
1265,506153235,                1265,506280482
1265,516376964,                1265,516514937
1265,526618200,                1265,526746675
1265,536848782,                1265,536983605
1265,547089863,                1265,547212538
1265,557316462,                1265,557447300
1265,567554159,                1265,567692166
1265,577796187,                1265,577927732
1265,588032012,                1265,588163791
1265,598225740,                1265,598300170
1265,608401498,                1265,608531428
1265,618639011,                1265,618774992
1265,628879594,                1265,629005546
1265,639109142,                1265,639234974
1265,649342706,                1265,649470901
1265,659576631,                1265,659706094
1265,669809726,                1265,669936226
1265,680042880,                1265,680175163
1265,690282301,                1265,690409959
1265,700514445,                1265,700647336
1265,710757350,                1265,710897950
1265,721000541,                1265,721129016
1265,731231859,                1265,731374761
1265,741483388,                1265,741618248
1265,751725489,                1265,751858743
1265,761964848,                1265,762091168
1265,772196727,                1265,772329558
1265,782436487,                1265,782562590
1265,792666360,                1265,792802388
1265,802907772,                1265,803031185
1265,813138693,                1265,813271016
1265,823374654,                1265,823509193
1265,833615832,                1265,833746700
1265,843850551,                1265,843980868
1265,854090275,                1265,854224127
1265,864329745,                1265,864463523
1265,874567195,                1265,874697085
1265,884805848,                1265,884940347
1265,895047863,                1265,895190277
1265,905293726,                1265,905434585
1265,915539137,                1265,915671761
1265,925780183,                1265,925906126
1265,936009631,                1265,936143429
1265,946247175,                1265,946379374
1265,956486793,                1265,956620514
1265,966727712,                1265,966862158
1265,976968496,                1265,977104233
1265,987210184,                1265,987349902
1265,997453753,                1265,997585769
1266,007690562,                1266,007824541
1266,017928101,                1266,018054300
1266,028159591,                1266,028287659
1266,038392685,                1266,038524527
1266,048628302,                1266,048738422
1266,058845469,                1266,058990693
1266,069094586,                1266,069225330
1266,079331400,                1266,079464468
1266,089570821,                1266,089703682
1266,099807190,                1266,099932005
1266,110043308,                1266,110178905
1266,120285145,                1266,120380939
1266,130485452,                1266,130610944
1266,140716130,                1266,140849614
1266,150953050,                1266,151086037
1266,161191049,                1266,161320355
1266,171424124,                1266,171562468
1266,181670143,                1266,181804428
1266,191910495,                1266,192042264
1266,202155845,                1266,202280659
1266,212384533,                1266,212514594
1266,222617969,                1266,222758585
1266,232864979,                1266,233002154
1266,243105943,                1266,243237108
1266,253341189,                1266,253466377
1266,263569768,                1266,263701150
1266,273808780,                1266,273934449
1266,284039981,                1266,284168000
1266,294281729,                1266,294407731
1266,304515341,                1266,304653321
1266,314757846,                1266,314882934
1266,324987006,                1266,325119586
1266,335223154,                1266,335356004
1266,345418008,                1266,345490679
1266,355593432,                1266,355725498
1266,365830550,                1266,365962616
1266,376070747,                1266,376202973
1266,386311291,                1266,386454897
1266,396559085,                1266,396694308
1266,406798329,                1266,406933379
1266,417037341,                1266,417161515
1266,427223307,                1266,427300156
1266,437405606,                1266,437531601
1266,447635918,                1266,447793790
1266,457901669,                1266,458029397
1266,468133563,                1266,468258357
1266,478361901,                1266,478490770
1266,488597047,                1266,488737059
1266,498842607,                1266,498967028
1266,509070957,                1266,509195791
1266,519298855,                1266,519400692
1266,529507123,                1266,529633723
1266,539738442,                1266,539878541
1266,549980961,                1266,550121617
1266,560228860,                1266,560366859
1266,570471424,                1266,570603143
1266,580710278,                1266,580843295
1266,590948086,                1266,591080275
1266,601184593,                1266,601312321
1266,611418663,                1266,611542780
1266,621651283,                1266,621751636
1266,631857039,                1266,631989502
1266,642092627,                1266,642225884
1266,652337171,                1266,652471683
1266,662575163,                1266,662709883
1266,672813708,                1266,672949098
1266,683052632,                1266,683178107
1266,693282025,                1266,693415319
1266,703522145,                1266,703652946
1266,713717133,                1266,713796027
1266,723896247,                1266,724015211
1266,734119039,                1266,734251810
1266,744357784,                1266,744490418
1266,754594012,                1266,754726662
1266,764837184,                1266,764971946
1266,775075455,                1266,775216288
1266,785320214,                1266,785451692
1266,795513418,                1266,795586606
1266,805691090,                1266,805797443
1266,815905376,                1266,816037095
1266,826140702,                1266,826266378
1266,836371220,                1266,836497269
1266,846603805,                1266,846725309
1266,856827583,                1266,856957346
1266,867064234,                1266,867200077
1266,877303104,                1266,877421828
1266,887526715,                1266,887666760
1266,897774209,                1266,897877078
1266,907991861,                1266,908134796
1266,918242336,                1266,918377633
1266,928481389,                1266,928604024
1266,938711519,                1266,938847433
1266,948951256,                1266,949043092
1266,959150637,                1266,959279983
1266,969384253,                1266,969518221
1266,979622312,                1266,979752496
1266,989856287,                1266,989986671
1267,000099751,                1267,000223120
1267,010327170,                1267,010448610
1267,020510566,                1267,020583604
1267,030689407,                1267,030795470
1267,040903110,                1267,041035760
1267,051147687,                1267,051290559
1267,061396559,                1267,061531739
1267,071637720,                1267,071760182
1267,081864029,                1267,081990913
1267,092096043,                1267,092224505
1267,102328186,                1267,102428966
1267,112534899,                1267,112674898
1267,122778306,                1267,122901279
1267,133006569,                1267,133138464
1267,143248653,                1267,143348111
1267,153452150,                1267,153585435
1267,163690120,                1267,163823554
1267,173927459,                1267,174059074
1267,184162716,                1267,184288558
1267,194350519,                1267,194422753
1267,204526927,                1267,204663465
1267,214766929,                1267,214909601
1267,225013390,                1267,225142265
1267,235246914,                1267,235371788
1267,245478846,                1267,245607572
1267,255713804,                1267,255842282
1267,265945836,                1267,266076010
1267,276179823,                1267,276301353
1267,286408471,                1267,286542737
1267,296646381,                1267,296769380
1267,306831210,                1267,306903837
1267,317005246,                1267,317115043
1267,327222342,                1267,327353824
1267,337469923,                1267,337602773
1267,347706791,                1267,347841373
1267,357944562,                1267,358075997
1267,368180750,                1267,368316808
1267,378425144,                1267,378563037
1267,388670647,                1267,388801155
1267,398906469,                1267,399029217
1267,409136440,                1267,409261628
1267,419367947,                1267,419490669
1267,429594267,                1267,429726226
1267,439832593,                1267,439964409
1267,450068737,                1267,450159972
1267,460725036,                1267,460873608
1267,470977605,                1267,471100840
1267,481205085,                1267,481336881
1267,491440601,                1267,491574112
1267,501688118,                1267,501819968
1267,511926947,                1267,512037372
1267,522144448,                1267,522279277
1267,532374808,                1267,532517960
1267,542613487,                1267,542719834
1267,552826949,                1267,552957567
1267,563070939,                1267,563205798
1267,573309834,                1267,573439771
1267,583543335,                1267,583669587
1267,593783238,                1267,593914256
1267,604017730,                1267,604139361
1267,614244446,                1267,614368420
1267,624473403,                1267,624599122
1267,634706591,                1267,634828862
1267,644936189,                1267,645058240
1267,655163879,                1267,655264776
1267,665373750,                1267,665502569
1267,675608857,                1267,675739094
1267,685850498,                1267,685983271
1267,696089299,                1267,696237704
1267,706340134,                1267,706481317
1267,716586636,                1267,716716079
1267,726820960,                1267,726944029
1267,737046418,                1267,737168856
1267,747277060,                1267,747399605
1267,757503376,                1267,757632375
1267,767735921,                1267,767858713
1267,777965877,                1267,778096408
1267,788200436,                1267,788326338
1267,798388196,                1267,798462582
1267,808566066,                1267,808673884
1267,818780770,                1267,818903381
1267,829008928,                1267,829130668
1267,839234676,                1267,839366512
1267,849474653,                1267,849604196
1267,859708234,                1267,859840557
1267,869944264,                1267,870079981
1267,880193395,                1267,880325261
1267,890429009,                1267,890550991
1267,900657508,                1267,900790685
1267,910894189,                1267,911026539
1267,921131282,                1267,921229179
1267,931332483,                1267,931463678
1267,941567282,                1267,941689116
1267,951751140,                1267,951825690
1267,961930678,                1267,962061997
1267,972172904,                1267,972303372
1267,982411264,                1267,982543998
1267,992647835,                1267,992777652
1268,002882122,                1268,003012389
1268,013119327,                1268,013251156
1268,023354925,                1268,023496636
1268,033601258,                1268,033748061
1268,043810407,                1268,043884019
1268,053985882,                1268,054112195
1268,064215519,                1268,064338244
1268,074441975,                1268,074543469
1268,084647258,                1268,084777445
1268,094839524,                1268,094912239
1268,105015514,                1268,105140688
1268,115243732,                1268,115343223
1268,125450315,                1268,125579384
1268,135688926,                1268,135811879
1268,145919833,                1268,146053427
1268,156159701,                1268,156290602
1268,166403469,                1268,166535048
1268,176638506,                1268,176763057
1268,186866287,                1268,187007710
1268,197114969,                1268,197250802
1268,207360442,                1268,207492868
1268,217597171,                1268,217729641
1268,227835362,                1268,227963868
1268,238070689,                1268,238205141
1268,248309643,                1268,248432662
1268,258546906,                1268,258678548
1268,268782917,                1268,268910271
1268,279014911,                1268,279144217
1268,289206392,                1268,289316890
1268,299421573,                1268,299554523
1268,309660882,                1268,309784402
1268,319889710,                1268,320022634
1268,330129145,                1268,330260473
1268,340322374,                1268,340394013
1268,350496444,                1268,350610513
1268,360715651,                1268,360855006
1268,370961450,                1268,371101512
1268,381204731,                1268,381326785
1268,391430266,                1268,391564301
1268,401679708,                1268,401808838
1268,411915126,                1268,412051734
1268,422159416,                1268,422290355
1268,432394013,                1268,432522896
1268,442632750,                1268,442765204
1268,452871931,                1268,452971456
1268,463073730,                1268,463196969
1268,473306577,                1268,473428868
1268,483533695,                1268,483665865
1268,493775439,                1268,493904398
1268,504012314,                1268,504141830
1268,514247052,                1268,514384968
1268,524455487,                1268,524574738
1268,534669779,                1268,534801384
1268,544896787,                1268,545023587
1268,555128275,                1268,555259607
1268,565363747,                1268,565492672
1268,575595719,                1268,575693052
1268,585800790,                1268,585929823
1268,596033335,                1268,596155833
1268,606259522,                1268,606382764
1268,616490296,                1268,616622766
1268,626726464,                1268,626848191
1268,636956956,                1268,637087093
1268,647191938,                1268,647324061
1268,657428060,                1268,657559498
1268,667663284,                1268,667792086
1268,677897128,                1268,678028140
1268,688133006,                1268,688270682
1268,698378007,                1268,698503519
1268,708612794,                1268,708746666
1268,718849315,                1268,718974326
1268,729085880,                1268,729185419
1268,739287639,                1268,739418217
1268,749514015,                1268,749603852
1268,759709225,                1268,759831199
1268,769935492,                1268,770065836
1268,780132321,                1268,780223396
1268,790326861,                1268,790457189
1268,800562108,                1268,800689191
1268,810792742,                1268,810916685
1268,820978873,                1268,821050569
1268,831153489,                1268,831276311
1268,841380469,                1268,841513817
1268,851618577,                1268,851757010
1268,861861329,                1268,861992701
1268,872098017,                1268,872222518
1268,882329640,                1268,882462424
1268,892586061,                1268,892718574
1268,902826073,                1268,902960752
1268,913068449,                1268,913201530
1268,923315549,                1268,923449491
1268,933557787,                1268,933691185
1268,943754457,                1268,943869687
1268,953971372,                1268,954104152
1268,964213096,                1268,964342936
1268,974446621,                1268,974577556
1268,984681207,                1268,984814701
1268,994917930,                1268,995048945
1269,005155007,                1269,005269556
1269,015331881,                1269,015413075
1269,025527159,                1269,025656842
1269,035760109,                1269,035885391
1269,045990966,                1269,046121730
1269,056227603,                1269,056360980
1269,066468297,                1269,066591883
1269,076695500,                1269,076830843
1269,086934613,                1269,087067323
1269,097170898,                1269,097294258
1269,107356262,                1269,107427524
1269,117534382,                1269,117662473
1269,127767194,                1269,127889769
1269,137997166,                1269,138130634
1269,148234683,                1269,148367293
1269,158428887,                1269,158499725
1269,168611038,                1269,168742954
1269,178849849,                1269,178979325
1269,189086770,                1269,189217675
1269,199320773,                1269,199444703
1269,209549136,                1269,209671738
1269,219775359,                1269,219897069
1269,230000929,                1269,230122253
1269,240185575,                1269,240257495
1269,250359203,                1269,250460964
1269,260566824,                1269,260699177
1269,270805933,                1269,270927530
1269,281036455,                1269,281169349
1269,291276889,                1269,291407066
1269,301510774,                1269,301635421
1269,311743197,                1269,311871882
1269,321975481,                1269,322107350
1269,332213290,                1269,332343608
1269,342447899,                1269,342587778
1269,352691657,                1269,352820833
1269,362926042,                1269,363061018
1269,373164428,                1269,373289793
1269,383399846,                1269,383528769
1269,393630572,                1269,393763736
1269,403874315,                1269,404013849
1269,414121355,                1269,414245809
1269,424349548,                1269,424475577
1269,434579264,                1269,434709782
1269,444819429,                1269,444940980
1269,455045066,                1269,455147348
1269,465251185,                1269,465372646
1269,475478163,                1269,475614091
1269,485721419,                1269,485851650
1269,495961278,                1269,496099571
1269,506203857,                1269,506312142
1269,516417248,                1269,516550516
1269,526657710,                1269,526791088
1269,536899956,                1269,537034632
1269,547141082,                1269,547276356
1269,557383995,                1269,557507785
1269,567569514,                1269,567642238
1269,577749316,                1269,577871614
1269,587975073,                1269,588098613
1269,598203315,                1269,598339088
1269,608442767,                1269,608581221
1269,618688072,                1269,618817808
1269,628925394,                1269,629047562
1269,639162814,                1269,639286744
1269,649391960,                1269,649520121
1269,659623836,                1269,659759756
1269,669863812,                1269,670004371
1269,680110949,                1269,680241530
1269,690345165,                1269,690474068
1269,700581720,                1269,700715137
1269,710820370,                1269,710950901
1269,721053158,                1269,721179247
1269,731240336,                1269,731312593
1269,741412820,                1269,741540150
1269,751643913,                1269,751770926
1269,761874804,                1269,761979859
1269,772094208,                1269,772223965
1269,782338290,                1269,782473246
1269,792576790,                1269,792703780
1269,802807464,                1269,802937848
1269,813041617,                1269,813142524
1269,823203999,                1269,823282393
1269,833392872,                1269,833522458
1269,843629771,                1269,843761961
1269,853866441,                1269,853996678
1269,864104193,                1269,864232855
1269,874339375,                1269,874471654
1269,884576495,                1269,884708354
1269,894816585,                1269,894947059
1269,905053767,                1269,905179068
1269,915282138,                1269,915407987
1269,925513288,                1269,925634728
1269,935738496,                1269,935871794
1269,945975294,                1269,946106276
1269,956210158,                1269,956336491
1269,966440472,                1269,966570619
1269,976674391,                1269,976797364
1269,986901498,                1269,987042198
1269,997149676,                1269,997286615
1270,007390534,                1270,007523818
1270,017627706,                1270,017760266
1270,027864013,                1270,027965060
1270,038069266,                1270,038190910
1270,048294644,                1270,048416929
1270,058525060,                1270,058654419
1270,068757900,                1270,068888374
1270,078995626,                1270,079128216
1270,089232595,                1270,089364788
1270,099468165,                1270,099599514
1270,109711147,                1270,109836953
1270,119940068,                1270,120076786
1270,130180231,                1270,130311690
1270,140421493,                1270,140557304
1270,150664590,                1270,150807962
1270,160915925,                1270,161053120
1270,171158857,                1270,171289191
1270,181394688,                1270,181517370
1270,191622033,                1270,191756015
