2150,283021787,2150,283084910
2150,283703629,2150,283763191
2150,284375229,2150,284434163
2150,285038912,2150,285101144
2150,285701719,2150,285763564
2150,286372995,2150,286435517
2150,287038985,2150,287101233
2150,287702212,2150,287762992
2150,288370508,2150,288430871
2150,289034462,2150,289103008
2150,289703726,2150,289765647
2150,290399560,2150,290460093
2150,291060858,2150,291121798
2150,291726264,2150,291788319
2150,292390625,2150,292451489
2150,293052177,2150,293113451
2150,293713601,2150,293775763
2150,294379802,2150,294440565
2150,295045041,2150,295106098
2150,295709709,2150,295773292
2150,296375645,2150,296436793
2150,297037724,2150,297099442
2150,297700047,2150,297761928
2150,298321815,2150,298358321
2150,298959826,2150,299018704
2150,299623053,2150,299691002
2150,300301738,2150,300362104
2150,300962782,2150,301023716
2150,301627691,2150,301690093
2150,302291578,2150,302350666
2150,302954655,2150,303015308
2150,303618135,2150,303680944
2150,304283804,2150,304344875
2150,304945576,2150,305007011
2150,305608716,2150,305669834
2150,306277126,2150,306339932
2150,306940473,2150,307000622
2150,307608325,2150,307669966
2150,308274909,2150,308336757
2150,308937541,2150,308998625
2150,309599146,2150,309659356
2150,310265587,2150,310334500
2150,310935915,2150,310995110
2150,311554687,2150,311593379
2150,312194560,2150,312256532
2150,312857553,2150,312919198
2150,313526306,2150,313589056
2150,314189773,2150,314251074
2150,314851859,2150,314911678
2150,315471081,2150,315509212
2150,316113654,2150,316174785
2150,316773554,2150,316837037
2150,317436180,2150,317495068
2150,318109318,2150,318170759
2150,318769692,2150,318830819
2150,319389465,2150,319428263
2150,320038589,2150,320098408
2150,320703133,2150,320773635
2150,321378027,2150,321438717
2150,322039288,2150,322102771
2150,322703446,2150,322764460
2150,323374134,2150,323434758
2150,324037401,2150,324097537
2150,324702944,2150,324764118
2150,325370482,2150,325431540
2150,326038381,2150,326099725
2150,326703440,2150,326763800
2150,327372854,2150,327437365
2150,328040069,2150,328099210
2150,328700012,2150,328762270
2150,329371244,2150,329434097
2150,330035162,2150,330097060
2150,330656944,2150,330697154
2150,331298662,2150,331367692
2150,331968583,2150,332032761
2150,332633719,2150,332694586
2150,333295971,2150,333358454
2150,333962696,2150,334024003
2150,334627921,2150,334689900
2150,335290277,2150,335351178
2150,335951595,2150,336015966
2150,336617662,2150,336678245
2150,337281459,2150,337343130
2150,337943858,2150,338007746
2150,338611710,2150,338670849
2150,339276756,2150,339335431
2150,339936002,2150,339995103
2150,340596091,2150,340657983
2150,341264137,2150,341324483
2150,341927440,2150,341997271
2150,342603372,2150,342664436
2150,343267333,2150,343330813
2150,343931460,2150,343993706
2150,344597707,2150,344658187
2150,345218134,2150,345257340
2150,345855892,2150,345917133
2150,346517947,2150,346578063
2150,347179115,2150,347238981
2150,347842629,2150,347903466
2150,348508746,2150,348570580
2150,349171318,2150,349232969
2150,349833330,2150,349895395
2150,350497171,2150,350558051
2150,351158535,2150,351219626
2150,351820938,2150,351883413
2150,352499158,2150,352570624
2150,353174346,2150,353235096
2150,353836027,2150,353897065
2150,354502601,2150,354561806
2150,355162451,2150,355224539
2150,355824987,2150,355885730
2150,356494731,2150,356556095
2150,357161966,2150,357222185
2150,357826724,2150,357887518
2150,358495144,2150,358555193
2150,359155657,2150,359220596
2150,359821390,2150,359882628
2150,360485751,2150,360546605
2150,361147320,2150,361208657
2150,361809208,2150,361871227
2150,362472135,2150,362533923
2150,363134657,2150,363206010
2150,363810962,2150,363872690
2150,364434273,2150,364475027
2150,365073622,2150,365134930
2150,365739072,2150,365799845
2150,366409644,2150,366471789
2150,367072253,2150,367133140
2150,367737222,2150,367798032
2150,368408972,2150,368470660
2150,369071381,2150,369133443
2150,369733930,2150,369798161
2150,370402580,2150,370463076
2150,371063884,2150,371125102
2150,371684658,2150,371724007
2150,372316572,2150,372379722
2150,372979963,2150,373040733
2150,373646089,2150,373712920
2150,374319648,2150,374380869
2150,374985561,2150,375047503
2150,375648685,2150,375709842
2150,376312205,2150,376374657
2150,376978502,2150,377039940
2150,377645333,2150,377707031
2150,378307418,2150,378368482
2150,378968603,2150,379029153
2150,379633374,2150,379695700
2150,380301387,2150,380364152
2150,380968555,2150,381029088
2150,381630580,2150,381691070
2150,382291704,2150,382352124
2150,382952889,2150,383014997
2150,383574531,2150,383613613
2150,384217004,2150,384287251
2150,384888026,2150,384949003
2150,385549644,2150,385610902
2150,386215034,2150,386275994
2150,386876565,2150,386939304
2150,387498968,2150,387537706
2150,388142505,2150,388201707
2150,388802495,2150,388863569
2150,389467961,2150,389531037
2150,390132749,2150,390194711
2150,390795255,2150,390857944
2150,391461365,2150,391521975
2150,392125409,2150,392186313
2150,392792204,2150,392851586
2150,393460236,2150,393521794
2150,394115036,2150,394176271
2150,394783146,2150,394855940
2150,395493016,2150,395554724
2150,396157348,2150,396219676
2150,396820581,2150,396882019
2150,397491376,2150,397552230
2150,398157246,2150,398220516
2150,398821374,2150,398883789
2150,399494182,2150,399554141
2150,400156544,2150,400217818
2150,400818623,2150,400879163
2150,401487793,2150,401552044
2150,402153650,2150,402215454
2150,402821338,2150,402882362
2150,403483123,2150,403544871
2150,404106844,2150,404145986
2150,404744612,2150,404805899
2150,405406547,2150,405476144
2150,406078003,2150,406138643
2150,406739277,2150,406802481
2150,407404440,2150,407463915
2150,408066385,2150,408127863
2150,408728804,2150,408790415
2150,409391056,2150,409452651
2150,410052978,2150,410114319
2150,410718007,2150,410777359
2150,411385379,2150,411446359
2150,412048959,2150,412111815
2150,412716998,2150,412778192
2150,413380809,2150,413442701
2150,414048167,2150,414109422
2150,414714771,2150,414773896
2150,415374411,2150,415437574
2150,416039536,2150,416109267
2150,416710158,2150,416771749
2150,417331256,2150,417368513
2150,417966677,2150,418026977
2150,418628072,2150,418689887
2150,419290308,2150,419352423
2150,419952947,2150,420017101
2150,420617812,2150,420679554
2150,421279928,2150,421339907
2150,421899844,2150,421938165
2150,422536821,2150,422599013
2150,423199460,2150,423259640
2150,423863979,2150,423925917
2150,424527950,2150,424589424
2150,425190162,2150,425252070
2150,425811747,2150,425849190
2150,426453228,2150,426520136
2150,427121034,2150,427182421
2150,427787491,2150,427850454
2150,428460816,2150,428522130
2150,429123028,2150,429184649
2150,429788404,2150,429849108
2150,430450443,2150,430510726
2150,431111344,2150,431172448
2150,431772979,2150,431834960
2150,432441151,2150,432502886
2150,433108292,2150,433168906
2150,433769687,2150,433830954
2150,434435089,2150,434495873
2150,435096814,2150,435158526
2150,435765944,2150,435827159
2150,436435155,2150,436498081
2150,437099456,2150,437168810
2150,437771603,2150,437833265
2150,438434153,2150,438494970
2150,439095444,2150,439155940
2150,439787878,2150,439846903
2150,440453484,2150,440513897
2150,441115339,2150,441178332
2150,441784706,2150,441845560
2150,442445950,2150,442506601
2150,443107272,2150,443168983
2150,443772284,2150,443836261
2150,444442579,2150,444504597
2150,445109506,2150,445170871
2150,445772356,2150,445834548
2150,446435089,2150,446495255
2150,447095823,2150,447156059
2150,447756450,2150,447824415
2150,448386208,2150,448423948
2150,449026064,2150,449087542
2150,449693089,2150,449754620
2150,450358255,2150,450420189
2150,451024708,2150,451085168
2150,451686600,2150,451746987
2150,452353875,2150,452414135
2150,453014826,2150,453077201
2150,453677542,2150,453739287
2150,454339701,2150,454405764
2150,454965317,2150,455004559
2150,455610156,2150,455672081
2150,456275131,2150,456337083
2150,456938545,2150,456999392
2150,457625816,2150,457684474
2150,458286143,2150,458352193
2150,458912023,2150,458951269
2150,459558431,2150,459821148
2150,460433259,2150,460505369
2150,461105683,2150,461167618
2150,461768205,2150,461830247
2150,462432153,2150,462492996
2150,463094629,2150,463155419
2150,463758606,2150,463817020
2150,464419317,2150,464478648
2150,465089084,2150,465151093
2150,465752535,2150,465813889
2150,466414380,2150,466476485
2150,467076902,2150,467140012
2150,467742412,2150,467803686
2150,468405932,2150,468464680
2150,469024551,2150,469070370
2150,469668959,2150,469729829
2150,470331225,2150,470393670
2150,470997815,2150,471057064
2150,471657498,2150,471717541
2150,472319787,2150,472378495
2150,472979970,2150,473040750
2150,473641335,2150,473703486
2150,474263070,2150,474299722
2150,474898004,2150,474958854
2150,475565436,2150,475629984
2150,476236228,2150,476296201
2150,476897115,2150,476958893
2150,477566830,2150,477627453
2150,478234365,2150,478296410
2150,478896947,2150,478956997
2150,479557291,2150,479623671
2150,480233186,2150,480294330
2150,480895338,2150,480956846
2150,481566253,2150,481627711
2150,482230441,2150,482292189
2150,483074257,2150,483116792
2150,483716032,2150,483777530
2150,484380680,2150,484441163
2150,485046016,2150,485104283
2150,485710564,2150,485771388
2150,486375233,2150,486436273
2150,487036718,2150,487098779
2150,487699344,2150,487761092
2150,488371394,2150,488432001
2150,489032285,2150,489090482
2150,489649798,2150,489687182
2150,490287315,2150,490354236
2150,490958832,2150,491020693
2150,491626383,2150,491686666
2150,492308045,2150,492368985
2150,492976324,2150,493038212
2150,493637071,2150,493697811
2150,494298392,2150,494360508
2150,494960989,2150,495023027
2150,495629291,2150,495687979
2150,496290693,2150,496350602
2150,496910155,2150,496947535
2150,497550312,2150,497612204
2150,498215551,2150,498276698
2150,498880249,2150,498939331
2150,499552787,2150,499614258
2150,500219401,2150,500281089
2150,500840929,2150,500885157
2150,501483719,2150,501542861
2150,502143278,2150,502203254
2150,502806372,2150,502867529
2150,503470216,2150,503532174
2150,504134651,2150,504195131
2150,504796009,2150,504857630
2150,505462055,2150,505524047
2150,506128950,2150,506189066
2150,506789533,2150,506849516
2150,507450568,2150,507511648
2150,508114462,2150,508176834
2150,508781019,2150,508843148
2150,509443612,2150,509505880
2150,510106611,2150,510169524
2150,510773459,2150,510833125
2150,511434219,2150,511500663
2150,512102953,2150,512164580
2150,512766293,2150,512827904
2150,513431232,2150,513491495
2150,514092957,2150,514154007
2150,514763842,2150,514822704
2150,515427383,2150,515487485
2150,516089565,2150,516150128
2150,516754664,2150,516816779
2150,517420547,2150,517481210
2150,518084151,2150,518146039
2150,518748876,2150,518811692
2150,519424283,2150,519483258
2150,520086242,2150,520148357
2150,520753560,2150,520814821
2150,521416022,2150,521477490
2150,522082463,2150,522150305
2150,522751830,2150,522810628
2150,523417416,2150,523476985
2150,524082008,2150,524151455
2150,524755026,2150,524815342
2150,525419531,2150,525479924
2150,526084770,2150,526143865
2150,526744766,2150,526803013
2150,527403654,2150,527466457
2150,528072444,2150,528134566
2150,528727795,2150,528788746
2150,529389190,2150,529449293
2150,530049907,2150,530111979
2150,530712610,2150,530774495
2150,531374966,2150,531435032
2150,531995039,2150,532036264
2150,532635176,2150,532702864
2150,533307310,2150,533367526
2150,533968297,2150,534031387
2150,534633013,2150,534692571
2150,535293850,2150,535353132
2150,535954270,2150,536018765
2150,536654109,2150,536714919
2150,537274837,2150,537312787
2150,537914306,2150,537975009
2150,538542872,2150,538602942
2150,539203650,2150,539265468
2150,539866863,2150,539928084
2150,540496224,2150,540555789
2150,541160398,2150,541222310
2150,541825247,2150,541886978
2150,542454952,2150,542516980
2150,543117775,2150,543186317
2150,543787025,2150,543848116
2150,544431841,2150,544500377
2150,545102349,2150,545163133
2150,545766554,2150,545827547
2150,546427992,2150,546491999
2150,547100065,2150,547160956
2150,547766325,2150,547827720
2150,548433059,2150,548500491
2150,549108907,2150,549169407
2150,549764849,2150,549826020
2150,550451173,2150,550521631
2150,551128232,2150,551189887
2150,551790601,2150,551852473
2150,552454632,2150,552515125
2150,553117732,2150,553178706
2150,553779380,2150,553845247
2150,554446031,2150,554506875
2150,555066535,2150,555105177
2150,555703782,2150,555764372
2150,556370459,2150,556428613
2150,557032982,2150,557091390
2150,557702756,2150,557764591
2150,558365159,2150,558426837
2150,559027408,2150,559089426
2150,559690094,2150,559752212
2150,560355102,2150,560416059
2150,561019207,2150,561077491
2150,561681289,2150,561741222
2150,562348784,2150,562410629
2150,563012912,2150,563073405
2150,563683737,2150,563744117
2150,564348352,2150,564415146
2150,565018751,2150,565077185
2150,565687023,2150,565748411
2150,566355309,2150,566417184
2150,567017725,2150,567079593
2150,567690219,2150,567750429
2150,568352578,2150,568411192
2150,569011910,2150,569070568
2150,569680200,2150,569742104
2150,570343546,2150,570405832
2150,571011939,2150,571073664
2150,571679010,2150,571740134
2150,572342184,2150,572402927
2150,573004082,2150,573063388
2150,573665987,2150,573726100
2150,574326254,2150,574386390
2150,574989618,2150,575057569
2150,575666300,2150,575728151
2150,576330361,2150,576392062
2150,576992813,2150,577051121
2150,577660846,2150,577719987
2150,578327106,2150,578388787
2150,578948254,2150,578987529
2150,579586071,2150,579648320
2150,580250296,2150,580309094
2150,580916069,2150,580975655
2150,581579656,2150,581640090
2150,582240600,2150,582300877
2150,582901665,2150,582963686
2150,583571079,2150,583632356
2150,584234512,2150,584295099
2150,584900416,2150,584959684
2150,585562140,2150,585631027
2150,586231464,2150,586292852
2150,586893760,2150,586956079
2150,587556399,2150,587619058
2150,588221989,2150,588282689
2150,588883483,2150,588943226
2150,589547087,2150,589605832
2150,590207684,2150,590266539
2150,590867534,2150,590929195
2150,591536948,2150,591597785
2150,592204386,2150,592265971
2150,592866945,2150,592929207
2150,593530743,2150,593588686
2150,594189314,2150,594247645
2150,594850859,2150,594910888
2150,595503930,2150,595565301
2150,596171222,2150,596239674
2150,596840118,2150,596900101
2150,597500582,2150,597561686
2150,598162307,2150,598223598
2150,598782925,2150,598820858
2150,599420024,2150,599480912
2150,600085998,2150,600147799
2150,600756376,2150,600818341
2150,601419256,2150,601481030
2150,602085382,2150,602143603
2150,602745485,2150,602805108
2150,603408532,2150,603468948
2150,604074949,2150,604135462
2150,604743769,2150,604805240
2150,605405961,2150,605466952
2150,606070119,2150,606129271
2150,606731724,2150,606795935
2150,607397023,2150,607458658
2150,608064642,2150,608125355
2150,608732230,2150,608793971
2150,609395834,2150,609456734
2150,610057075,2150,610119307
2150,610719808,2150,610779824
2150,611380138,2150,611438362
2150,611997866,2150,612044256
2150,612645771,2150,612706111
2150,613306565,2150,613369575
2150,613990709,2150,614051606
2150,614660741,2150,614722545
2150,615323336,2150,615385061
2150,615991742,2150,616060479
2150,616670814,2150,616730754
2150,617333767,2150,617399670
2150,618004489,2150,618066218
2150,618676293,2150,618738024
2150,619341095,2150,619401561
2150,620010786,2150,620070675
2150,620682612,2150,620743269
2150,621343810,2150,621405808
2150,622011659,2150,622073710
2150,622676557,2150,622737291
2150,623337995,2150,623399853
2150,624012899,2150,624072651
2150,624680354,2150,624741661
2150,625342032,2150,625404091
2150,626008249,2150,626068772
2150,626677873,2150,626739665
2150,627344267,2150,627404180
2150,628013043,2150,628079994
2150,628684416,2150,628745891
2150,629346689,2150,629408417
2150,630012732,2150,630075074
2150,630679729,2150,630742672
2150,631343180,2150,631402365
2150,632013635,2150,632073397
2150,632677399,2150,632737875
2150,633341450,2150,633402424
2150,634009559,2150,634071164
2150,634673867,2150,634735375
2150,635338789,2150,635398421
2150,636012415,2150,636073492
2150,636675501,2150,636735808
2150,637345349,2150,637406596
2150,638018053,2150,638079508
2150,638690995,2150,638757729
2150,639358396,2150,639417845
2150,640029983,2150,640092819
2150,640702240,2150,640762496
2150,641365543,2150,641427285
2150,642033365,2150,642091396
2150,642692821,2150,642752403
2150,643353121,2150,643414906
2150,644022722,2150,644083756
2150,644694004,2150,644754418
2150,645354965,2150,645416997
2150,646018986,2150,646079850
2150,646685427,2150,646744328
2150,647350442,2150,647410832
2150,648017056,2150,648078651
2150,648686927,2150,648748579
2150,649349313,2150,649417212
2150,650020572,2150,650079838
2150,650681233,2150,650740375
2150,651345541,2150,651406938
2150,652011507,2150,652071453
2150,652672895,2150,652734366
2150,653337367,2150,653399048
2150,654002366,2150,654063853
2150,654669544,2150,654727995
2150,655328909,2150,655388752
2150,655992453,2150,656061636
2150,656662421,2150,656725287
2150,657326579,2150,657388974
2150,658011868,2150,658072084
2150,658678458,2150,658736368
2150,659337944,2150,659399452
2150,660012120,2150,660080873
2150,660685422,2150,660747250
2150,661352620,2150,661414905
2150,662015496,2150,662074414
2150,662679607,2150,662740961
2150,663341589,2150,663403788
2150,664012662,2150,664074406
2150,664679680,2150,664741177
2150,665342142,2150,665404694
2150,665964328,2150,666002342
2150,666601181,2150,666663133
2150,667266647,2150,667327971
2150,667928833,2150,667990491
2150,668593047,2150,668655022
2150,669258790,2150,669316781
2150,669917976,2150,669978148
2150,670578876,2150,670648056
2150,671249822,2150,671311503
2150,671871140,2150,671906871
2150,672506948,2150,672566891
2150,673167612,2150,673227465
2150,673845533,2150,673907344
2150,674507418,2150,674569112
2150,675169967,2150,675231598
2150,675834792,2150,675896153
2150,676501720,2150,676560895
2150,677161676,2150,677221496
2150,677822020,2150,677883905
2150,678487105,2150,678548500
2150,679149254,2150,679211119
2150,679770682,2150,679804932
2150,680405343,2150,680464805
2150,681068546,2150,681133938
2150,681738668,2150,681799995
2150,682403096,2150,682466789
2150,683067314,2150,683129299
2150,683735253,2150,683795916
2150,684398489,2150,684458706
2150,685059307,2150,685119199
2150,685724576,2150,685785993
2150,686386421,2150,686448626
2150,687049407,2150,687111275
2150,687715998,2150,687778009
2150,688384297,2150,688444810
2150,689045485,2150,689105107
2150,689708231,2150,689767643
2150,690368664,2150,690430302
2150,691031020,2150,691093749
2150,691653677,2150,691696403
2150,692300081,2150,692358845
2150,692959670,2150,693019119
2150,693619383,2150,693681822
2150,694283300,2150,694344388
2150,694949320,2150,695011062
2150,695611526,2150,695673781
2150,696285332,2150,696343973
2150,696945291,2150,697004973
2150,697608655,2150,697667015
2150,698271551,2150,698332485
2150,698934070,2150,698994810
2150,699599476,2150,699662592
2150,700265199,2150,700326126
2150,700936682,2150,700996845
2150,701603243,2150,701661407
2150,702262295,2150,702331561
2150,702941560,2150,703003141
2150,703604757,2150,703666828
2150,704266782,2150,704328213
2150,704930820,2150,704990939
2150,705594136,2150,705653278
2150,706256175,2150,706318794
2150,706919779,2150,706981397
2150,707582702,2150,707643836
2150,708246419,2150,708308845
2150,708868592,2150,708908011
2150,709507871,2150,709570053
2150,710173801,2150,710234811
2150,710835436,2150,710897397
2150,711498015,2150,711560063
2150,712163354,2150,712223667
2150,712831076,2150,712895327
2150,713496375,2150,713553511
2150,714156569,2150,714217212
2150,714824871,2150,714885625
2150,715486356,2150,715546966
2150,716109430,2150,716154939
2150,716754385,2150,716815756
2150,717424737,2150,717486438
2150,718091538,2150,718152862
2150,718756133,2150,718815538
2150,719417150,2150,719477790
2150,720083434,2150,720144564
2150,720745045,2150,720807494
2150,721411589,2150,721473951
2150,722074519,2150,722136471
2150,722737068,2150,722798987
2150,723399441,2150,723467369
2150,724070096,2150,724128550
2150,724729468,2150,724792234
2150,725392965,2150,725454643
2150,726058848,2150,726120303
2150,726720874,2150,726782789
2150,727388923,2150,727449703
2150,728066062,2150,728124803
2150,728717942,2150,728778756
2150,729380645,2150,729441456
2150,730056290,2150,730118332
2150,730722266,2150,730782937
2150,731387789,2150,731447462
2150,732053382,2150,732112457
2150,732672117,2150,732711112
2150,733309547,2150,733372010
2150,733965699,2150,734033554
2150,734638464,2150,734699137
2150,735299631,2150,735359544
2150,735955396,2150,736015876
2150,736616250,2150,736676550
2150,737278095,2150,737339443
2150,737935405,2150,737997958
2150,738598422,2150,738660273
2150,739260611,2150,739322939
2150,739924952,2150,739985402
2150,740587628,2150,740648505
2150,741208139,2150,741247001
2150,741851182,2150,741911549
2150,742516151,2150,742579274
2150,743180069,2150,743240892
2150,743850517,2150,743910129
2150,744513223,2150,744581606
2150,745182574,2150,745242927
2150,745844342,2150,745906587
2150,746510993,2150,746572434
2150,747172674,2150,747234920
2150,747840450,2150,747899631
2150,748502078,2150,748562384
2150,749163135,2150,749224767
2150,749784347,2150,749821356
2150,750419668,2150,750480148
2150,751086482,2150,751147596
2150,751749649,2150,751809675
2150,752412014,2150,752474316
2150,753075261,2150,753136712
2150,753737587,2150,753799555
2150,754359189,2150,754396155
2150,755001104,2150,755068149
2150,755668776,2150,755729673
2150,756331619,2150,756392256
2150,756996144,2150,757056778
2150,757657826,2150,757719394
2150,758326923,2150,758385988
2150,758988378,2150,759046104
2150,759646455,2150,759706044
2150,760308247,2150,760369688
2150,760979199,2150,761040336
2150,761640761,2150,761700486
2150,762260020,2150,762295851
2150,762894290,2150,762951803
2150,763553041,2150,763615076
2150,764217476,2150,764277962
2150,764878503,2150,764940248
2150,765499728,2150,765541667
2150,766140502,2150,766199691
2150,766805051,2150,766867620
2150,767468278,2150,767529128
2150,768136997,2150,768198662
2150,768800017,2150,768860213
2150,769461021,2150,769523060
2150,770129294,2150,770187581
2150,770792040,2150,770850287
2150,771450401,2150,771510661
2150,772118757,2150,772179888
2150,772780712,2150,772842170
2150,773442965,2150,773504676
2150,774064073,2150,774101529
2150,774700081,2150,774762190
2150,775362544,2150,775421625
2150,776024125,2150,776092127
2150,776692782,2150,776755047
2150,777314684,2150,777353522
2150,777956973,2150,778017543
2150,778618488,2150,778680270
2150,779280754,2150,779342989
2150,779944221,2150,780013711
2150,780614295,2150,780676187
2150,781276738,2150,781336871
2150,781958933,2150,782019860
2150,782624099,2150,782683638
2150,783284082,2150,783345146
2150,783945566,2150,784013188
2150,784613959,2150,784674229
2150,785233916,2150,785272420
2150,785870912,2150,785932080
2150,786532788,2150,786600816
2150,787202171,2150,787263673
2150,787873448,2150,787932850
2150,788545992,2150,788607139
2150,789207513,2150,789269572
2150,789873430,2150,789934203
2150,790538909,2150,790600874
2150,791201475,2150,791263613
2150,791868186,2150,791928048
2150,792530184,2150,792588438
2150,793189413,2150,793251305
2150,793855099,2150,793916724
2150,794519214,2150,794580565
2150,795181196,2150,795243237
2150,795847516,2150,795909925
2150,796523321,2150,796582776
2150,797185773,2150,797254399
2150,797857707,2150,797917967
2150,798521191,2150,798582695
2150,799141945,2150,799178063
2150,799776989,2150,799836071
2150,800438561,2150,800498694
2150,801100679,2150,801161166
2150,801765992,2150,801827737
2150,802428334,2150,802489308
2150,803092732,2150,803152848
2150,803754230,2150,803814804
2150,804419853,2150,804478544
2150,805079409,2150,805140960
2150,805741524,2150,805803673
2150,806404240,2150,806466162
2150,807026086,2150,807063546
2150,807662064,2150,807728207
2150,808330764,2150,808392495
2150,808996310,2150,809058158
2150,809658683,2150,809719620
2150,810320434,2150,810382389
2150,810942036,2150,810980451
2150,811578742,2150,811637584
2150,812240251,2150,812302506
2150,812910332,2150,812971022
2150,813578094,2150,813639785
2150,814240733,2150,814302548
2150,814903059,2150,814963089
2150,815522422,2150,815560356
2150,816163987,2150,816224801
2150,816829773,2150,816891281
2150,817491932,2150,817553884
2150,818155596,2150,818222019
2150,818822877,2150,818882823
2150,819483715,2150,819546277
2150,820149217,2150,820210351
2150,820769968,2150,820805129
2150,821403894,2150,821463700
2150,822064225,2150,822123970
2150,822724641,2150,822782675
2150,823388606,2150,823449236
2150,824056585,2150,824118303
2150,824723332,2150,824784356
2150,825388181,2150,825449578
2150,826052235,2150,826111844
2150,826717758,2150,826776529
2150,827376960,2150,827437126
2150,828041251,2150,828102823
2150,828703894,2150,828770798
2150,829371553,2150,829432934
2150,830033608,2150,830096804
2150,830698200,2150,830758316
2150,831364176,2150,831422914
2150,832025367,2150,832085724
2150,832645501,2150,832682657
2150,833283545,2150,833345073
2150,833954925,2150,834013843
2150,834614487,2150,834674420
2150,835274967,2150,835336926
2150,835937457,2150,835999395
2150,836618150,2150,836679531
2150,837283389,2150,837344990
2150,837954966,2150,838014184
2150,838614558,2150,838676560
2150,839281162,2150,839349534
2150,839954060,2150,840018137
2150,840618745,2150,840680763
2150,841281715,2150,841343243
2150,841947404,2150,842005064
2150,842605602,2150,842663352
2150,843266049,2150,843327073
2150,843930584,2150,843991478
2150,844598192,2150,844657544
2150,845258299,2150,845319903
2150,845925400,2150,845985032
2150,846586327,2150,846645456
2150,847251022,2150,847310858
2150,847915140,2150,847975814
2150,848583977,2150,848643452
2150,849244567,2150,849305004
2150,849909356,2150,849977868
2150,850584566,2150,850644425
2150,851245073,2150,851306117
2150,851909518,2150,851971570
2150,852573773,2150,852634236
2150,853235131,2150,853296945
2150,853897516,2150,853960876
2150,854561404,2150,854622057
2150,855181584,2150,855219418
2150,855822335,2150,855883709
2150,856484811,2150,856546649
2150,857152259,2150,857212953
2150,857816928,2150,857877498
2150,858477932,2150,858538185
2150,859142360,2150,859200450
2150,859801141,2150,859863290
2150,860466874,2150,860535620
2150,861136725,2150,861198353
2150,861798811,2150,861859137
2150,862459755,2150,862522584
2150,863123462,2150,863182077
2150,863782694,2150,863842604
2150,864456430,2150,864517754
2150,865122093,2150,865182316
2150,865783097,2150,865844782
2150,866453051,2150,866513458
2150,867114596,2150,867175847
2150,867776021,2150,867834021
2150,868436297,2150,868497515
2150,869098329,2150,869159957
2150,869719568,2150,869756507
2150,870355343,2150,870417338
2150,871026318,2150,871093076
2150,871697234,2150,871758929
2150,872367676,2150,872431059
2150,873043330,2150,873104635
2150,873720013,2150,873779541
2150,874379648,2150,874437605
2150,875038777,2150,875100645
2150,875704463,2150,875765300
2150,876363772,2150,876425547
2150,877034164,2150,877094370
2150,877698005,2150,877759262
2150,878360918,2150,878419742
2150,879028950,2150,879090288
2150,879690615,2150,879752019
2150,880358971,2150,880419825
2150,881042118,2150,881102821
2150,881703302,2150,881769989
2150,882370674,2150,882430249
2150,883040478,2150,883100851
2150,883703254,2150,883763524
2150,884365727,2150,884426090
2150,885026641,2150,885088829
2150,885698624,2150,885756608
2150,886358384,2150,886417962
2150,887026536,2150,887088861
2150,887719497,2150,887780518
2150,888382567,2150,888444749
2150,889048473,2150,889106884
2150,889708350,2150,889768145
2150,890368830,2150,890430601
2150,891041561,2150,891103513
2150,891704144,2150,891766139
2150,892368579,2150,892437381
2150,893047160,2150,893105717
2150,893706438,2150,893767269
2150,894372005,2150,894432698
2150,895042666,2150,895103457
2150,895703627,2150,895764040
2150,896370912,2150,896433060
2150,897038671,2150,897097872
2150,897698503,2150,897757902
2150,898359221,2150,898420722
2150,899021443,2150,899083371
2150,899684039,2150,899745830
2150,900348327,2150,900410569
2150,901020794,2150,901081304
2150,901685853,2150,901746146
2150,902353418,2150,902414649
2150,903024140,2150,903092539
2150,903693341,2150,903754137
2150,904356067,2150,904416847
2150,905027336,2150,905087232
2150,905688414,2150,905748647
2150,906350185,2150,906410405
2150,907018758,2150,907079158
2150,907679836,2150,907741884
2150,908347398,2150,908408655
2150,909015467,2150,909075206
2150,909679668,2150,909740879
2150,910341320,2150,910402504
2150,911010854,2150,911071160
2150,911671931,2150,911733696
2150,912336864,2150,912398642
2150,913023254,2150,913081254
2150,913681735,2150,913746269
2150,914347411,2150,914409706
2150,915024888,2150,915086736
2150,915690233,2150,915750323
2150,916352686,2150,916412922
2150,917024840,2150,917082696
2150,917687165,2150,917748593
2150,918358548,2150,918419188
2150,919028876,2150,919089747
2150,919690481,2150,919752590
2150,920360780,2150,920421870
2150,921028228,2150,921090220
2150,921690600,2150,921752515
2150,922356981,2150,922417337
2150,923018449,2150,923080784
2150,923681902,2150,923742272
2150,924345015,2150,924411743
2150,924971603,2150,925010628
2150,925609080,2150,925670878
2150,926271569,2150,926333431
2150,926934663,2150,926995867
2150,927599842,2150,927657939
2150,928219545,2150,928257722
2150,928859768,2150,928920068
2150,929520786,2150,929582671
2150,930184253,2150,930245560
2150,930846054,2150,930905900
2150,931512628,2150,931572968
2150,932134727,2150,932174273
2150,932772181,2150,932834353
2150,933436429,2150,933497116
2150,934097824,2150,934157323
2150,934758060,2150,934824070
2150,935425072,2150,935486826
2150,936096521,2150,936158913
2150,936763779,2150,936823505
2150,937424063,2150,937484906
2150,938092953,2150,938152562
2150,938752919,2150,938812408
2150,939414404,2150,939473896
2150,940076533,2150,940138277
2150,940739192,2150,940799695
2150,941359245,2150,941399549
2150,941997990,2150,942057222
2150,942663079,2150,942722735
2150,943327885,2150,943388711
2150,943991695,2150,944061830
