4737,290215324,4737,290300035
4737,291418238,4737,291505906
4737,292611660,4737,292698688
4737,293808070,4737,293893980
4737,294993931,4737,295079587
4737,296183750,4737,296278923
4737,297380520,4737,297467067
4737,298569414,4737,298656301
4737,299767920,4737,299853078
4737,300956147,4737,301043985
4737,302147390,4737,302236413
4737,303340730,4737,303425017
4737,304531846,4737,304619845
4737,305723684,4737,305809373
4737,306911377,4737,306999378
4737,308089388,4737,308177370
4737,309278082,4737,309363151
4737,310464484,4737,310551521
4737,311655661,4737,311744710
4737,312858545,4737,312945452
4737,314049368,4737,314136058
4737,315240695,4737,315333736
4737,316437332,4737,316524526
4737,317629386,4737,317717448
4737,318827712,4737,318914719
4737,320017193,4737,320103433
4737,321204659,4737,321291373
4737,322391872,4737,322477424
4737,323577659,4737,323664543
4737,324769203,4737,324855509
4737,325955190,4737,326042618
4737,327145256,4737,327230885
4737,328335345,4737,328421368
4737,329521994,4737,329608100
4737,330711218,4737,330795476
4737,331895818,4737,331980666
4737,333086461,4737,333174783
4737,334275529,4737,334368786
4737,335469108,4737,335555895
4737,336657989,4737,336747193
4737,338245161,4737,338332288
4737,339437085,4737,339522320
4737,340627187,4737,340714501
4737,341825295,4737,341910501
4737,343013709,4737,343099245
4737,344201575,4737,344266804
4737,345367830,4737,345453760
4737,346554202,4737,346641936
4737,347701735,4737,347767324
4737,348871013,4737,348958491
4737,350059374,4737,350150783
4737,351251632,4737,351338339
4737,352441180,4737,352527266
4737,353630619,4737,353725094
4737,354829007,4737,354916208
4737,356020051,4737,356107642
4737,357209138,4737,357295335
4737,358395930,4737,358459931
4737,359560316,4737,359647163
4737,360752985,4737,360839782
4737,361942790,4737,362028596
4737,363129882,4737,363217850
4737,364323245,4737,364391650
4737,365493614,4737,365581149
4737,366682028,4737,366769089
4737,367828867,4737,367893125
4737,368996046,4737,369081398
4737,370185038,4737,370272892
4737,371377055,4737,371462214
4737,372568436,4737,372640486
4737,373741148,4737,373826400
4737,374939293,4737,375024168
4737,376129015,4737,376215315
4737,377315881,4737,377401897
4737,378501771,4737,378587203
4737,379687542,4737,379773471
4737,380835445,4737,380903017
4737,382001537,4737,382088080
4737,383192473,4737,383258350
4737,384362312,4737,384449316
4737,385550319,4737,385635314
4737,386738733,4737,386825086
4737,387925825,4737,388014514
4737,389115200,4737,389196501
4737,390301331,4737,390388105
4737,391493109,4737,391586831
4737,392690880,4737,392776579
4737,393885915,4737,393972355
4737,395076371,4737,395163678
4737,396267000,4737,396355396
4737,397465572,4737,397553110
4737,398653382,4737,398740473
4737,399841078,4737,399927318
4737,401029415,4737,401116145
4737,402176074,4737,402242544
4737,403342015,4737,403430464
4737,404534567,4737,404621257
4737,405722717,4737,405810068
4737,406922544,4737,407009551
4737,408111739,4737,408198476
4737,409299612,4737,409385104
4737,410486584,4737,410581560
4737,411685570,4737,411771900
4737,412874932,4737,412962826
4737,414066092,4737,414150950
4737,415251412,4737,415337224
4737,416439398,4737,416526569
4737,417627368,4737,417713064
4737,418772889,4737,418838758
4737,419943525,4737,420032191
4737,421135813,4737,421221529
4737,422323146,4737,422408802
4737,423511980,4737,423597576
4737,424700477,4737,424788025
4737,425890910,4737,425978128
4737,427084850,4737,427171421
4737,428276321,4737,428361189
4737,429466363,4737,429559718
4737,430660304,4737,430747057
4737,431852682,4737,431939482
4737,433045648,4737,433130369
4737,434234045,4737,434319343
4737,435423810,4737,435509345
4737,436614560,4737,436701490
4737,437804361,4737,437887908
4737,438947733,4737,439014016
4737,440114565,4737,440201999
4737,441302655,4737,441389168
4737,442492661,4737,442578150
4737,443679152,4737,443765692
4737,444870623,4737,444957160
4737,446060305,4737,446144472
4737,447248959,4737,447335336
4737,448437787,4737,448531532
4737,449638111,4737,449724437
4737,450828857,4737,450916298
4737,452029382,4737,452115465
4737,453216497,4737,453303054
4737,454404310,4737,454490386
4737,455591162,4737,455677515
4737,456780040,4737,456867347
4737,457978802,4737,458064231
4737,459164573,4737,459251730
4737,460354512,4737,460440985
4737,461542001,4737,461627196
4737,462729093,4737,462814148
4737,463920511,4737,464009050
4737,465109645,4737,465195621
4737,466296137,4737,466382874
4737,467486593,4737,467579961
4737,468686180,4737,468773551
4737,469876876,4737,469963433
4737,471069494,4737,471156368
4737,472262293,4737,472352437
4737,473453620,4737,473541422
4737,474644467,4737,474730886
4737,475832159,4737,475919300
4737,477024561,4737,477110033
4737,478213912,4737,478301370
4737,479405810,4737,479493041
4737,480595719,4737,480681381
4737,481782277,4737,481869422
4737,482972493,4737,483059424
4737,484161681,4737,484248155
4737,485349201,4737,485433084
4737,486533410,4737,486626210
4737,487726749,4737,487814424
4737,488876281,4737,488942314
4737,490048793,4737,490135020
4737,491236486,4737,491320657
4737,492422671,4737,492509851
4737,493610310,4737,493696883
4737,494798123,4737,494884439
4737,495997109,4737,496096157
4737,497199936,4737,497286766
4737,498387272,4737,498474569
4737,499575926,4737,499662753
4737,500764874,4737,500851450
4737,501952753,4737,502038513
4737,503146453,4737,503234111
4737,504339486,4737,504425135
4737,505525774,4737,505619215
4737,506724550,4737,506812368
4737,507915473,4737,508009722
4737,509115163,4737,509200638
4737,510301564,4737,510385762
4737,511489738,4737,511576328
4737,512678842,4737,512765532
4737,513866084,4737,513951727
4737,515011499,4737,515075800
4737,516175898,4737,516262625
4737,517366090,4737,517452347
4737,518559310,4737,518645580
4737,519749646,4737,519836807
4737,520938714,4737,521025007
4737,522125602,4737,522212596
4737,523313926,4737,523399131
4737,524505090,4737,524597930
4737,525702287,4737,525788954
4737,526889739,4737,526978208
4737,528081690,4737,528167623
4737,529268128,4737,529353394
4737,530454350,4737,530540409
4737,531643754,4737,531729710
4737,532833393,4737,532919309
4737,534026589,4737,534095125
4737,535195540,4737,535283912
4737,536386770,4737,536474745
4737,537576092,4737,537661718
4737,538772525,4737,538860417
4737,539961569,4737,540050272
4737,541110044,4737,541177422
4737,542276045,4737,542340029
4737,543440551,4737,543533702
4737,544637121,4737,544722777
4737,545823986,4737,545911958
4737,547013932,4737,547099140
4737,548201468,4737,548287687
4737,549387906,4737,549477229
4737,550536964,4737,550600287
4737,551702261,4737,551788968
4737,552894062,4737,552982427
4737,554083440,4737,554169119
4737,555269784,4737,555354723
4737,556458852,4737,556523597
4737,557626038,4737,557713720
4737,558817365,4737,558906328
4737,560009360,4737,560096734
4737,561202843,4737,561288228
4737,562390055,4737,562483634
4737,563587930,4737,563675451
4737,564780969,4737,564847703
4737,565947728,4737,566034872
4737,567146113,4737,567231843
4737,568337157,4737,568425649
4737,569529909,4737,569617066
4737,570717602,4737,570782610
4737,571883790,4737,571969926
4737,573075754,4737,573161927
4737,574263260,4737,574348932
4737,575452862,4737,575538083
4737,576640471,4737,576727909
4737,577831505,4737,577919503
4737,579021720,4737,579093694
4737,580199736,4737,580287200
4737,581390499,4737,581483877
4737,582587202,4737,582674440
4737,583776577,4737,583862763
4737,584965525,4737,585052495
4737,586160853,4737,586247019
4737,587351309,4737,587437179
4737,588541579,4737,588629974
4737,589733363,4737,589820100
4737,590924360,4737,591011968
4737,592125255,4737,592213570
4737,593317286,4737,593403362
4737,594503897,4737,594589957
4737,595690629,4737,595778671
4737,596884382,4737,596970692
4737,598074905,4737,598162126
4737,599262718,4737,599348267
4737,600454092,4737,600546679
4737,601649877,4737,601736300
4737,602839613,4737,602926476
4737,604029311,4737,604115638
4737,605216440,4737,605302430
4737,606404373,4737,606489622
4737,607590024,4737,607675276
4737,608786540,4737,608874592
4737,609978986,4737,610063263
4737,611173887,4737,611259950
4737,612354158,4737,612439036
4737,613539541,4737,613625167
4737,614726874,4737,614812333
4737,615912885,4737,616009386
4737,617117757,4737,617204057
4737,618304730,4737,618390973
4737,619492903,4737,619585790
4737,620688188,4737,620774591
4737,621878501,4737,621964831
4737,623069197,4737,623154663
4737,624257237,4737,624343240
4737,625443742,4737,625530132
4737,626632516,4737,626717735
4737,627818887,4737,627904964
4737,629008075,4737,629092730
4737,630193432,4737,630277259
4737,631378241,4737,631462138
4737,632564516,4737,632650041
4737,633754104,4737,633838142
4737,634939278,4737,635024400
4737,636086124,4737,636150174
4737,637249398,4737,637335217
4737,638435800,4737,638528987
4737,639631512,4737,639716580
4737,640819048,4737,640905311
4737,642009571,4737,642096819
4737,643207476,4737,643293415
4737,644398556,4737,644483528
4737,645584363,4737,645668200
4737,646770915,4737,646854849
4737,647961281,4737,648049450
4737,649154681,4737,649238851
4737,650339280,4737,650424698
4737,651525771,4737,651611387
4737,652713758,4737,652799453
4737,653903316,4737,653989005
4737,655089450,4737,655174015
4737,656279089,4737,656365215
4737,657465677,4737,657556085
4737,658661179,4737,658748066
4737,659852356,4737,659937531
4737,661042872,4737,661129202
4737,662229544,4737,662315033
4737,663419039,4737,663503403
4737,664605704,4737,664691133
4737,665791782,4737,665876129
4737,666935911,4737,667000039
4737,668103518,4737,668190668
4737,669293230,4737,669379199
4737,670480923,4737,670566912
4737,671671259,4737,671756030
4737,672860981,4737,672947267
4737,674047966,4737,674134462
4737,675246321,4737,675332577
4737,676439263,4737,676531630
4737,677634652,4737,677720351
4737,678820843,4737,678907429
4737,680013011,4737,680100889
4737,681203437,4737,681289002
4737,682391914,4737,682477436
4737,683577982,4737,683664392
4737,684771284,4737,684856059
4737,685957572,4737,686043679
4737,687148149,4737,687232680
4737,688339529,4737,688426306
4737,689533116,4737,689618818
4737,690720088,4737,690806778
4737,691906970,4737,691992255
4737,693092500,4737,693178490
4737,694285840,4737,694371328
4737,695472331,4737,695565549
4737,696671821,4737,696757877
4737,697861653,4737,697947685
4737,699049105,4737,699138081
4737,700248475,4737,700332966
4737,701433501,4737,701521890
4737,702624438,4737,702710184
4737,703810930,4737,703896665
4737,704999397,4737,705087102
4737,706190520,4737,706276884
4737,707378213,4737,707463779
4737,708568977,4737,708655196
4737,709757804,4737,709844705
4737,710948861,4737,711034190
4737,712137502,4737,712224048
4737,713324607,4737,713410043
4737,714518787,4737,714611475
4737,715714530,4737,715799044
4737,716901405,4737,716988198
4737,718088714,4737,718152037
4737,719264513,4737,719348861
4737,720455263,4737,720541406
4737,721642182,4737,721727764
4737,722830235,4737,722916585
4737,724018943,4737,724104522
4737,725205080,4737,725288093
4737,726347838,4737,726410791
4737,727509494,4737,727593865
4737,728697084,4737,728782075
4737,729882748,4737,729969281
4737,731073083,4737,731158799
4737,732270050,4737,732356016
4737,733457026,4737,733548668
4737,734653328,4737,734738770
4737,735842596,4737,735926660
4737,737029111,4737,737116162
4737,738240688,4737,738326317
4737,739428501,4737,739513920
4737,740617209,4737,740703846
4737,741808933,4737,741894068
4737,743000110,4737,743085629
4737,744191341,4737,744276973
4737,745378259,4737,745464245
4737,746564751,4737,746651471
4737,747755044,4737,747840582
4737,748943007,4737,749029487
4737,750133236,4737,750219853
4737,751326455,4737,751410702
4737,752513263,4737,752605467
4737,753705765,4737,753791314
4737,754893738,4737,754979784
4737,756082325,4737,756170824
4737,757271767,4737,757357259
4737,758461222,4737,758547248
4737,759649676,4737,759735515
4737,760837903,4737,760925928
4737,762027585,4737,762114335
4737,763214677,4737,763300369
4737,764406718,4737,764493422
4737,765595830,4737,765680177
4737,766781360,4737,766867059
4737,767967852,4737,768054565
4737,769155304,4737,769242085
4737,770342516,4737,770427945
4737,771532612,4737,771623407
4737,772725494,4737,772811981
4737,773917729,4737,774001763
4737,775105422,4737,775189486
4737,776294850,4737,776381924
4737,777483091,4737,777569878
4737,778672586,4737,778758074
4737,779859678,4737,779945934
4737,781052363,4737,781138650
4737,782238998,4737,782323346
4737,783423958,4737,783510064
4737,784613680,4737,784699873
4737,785804029,4737,785889488
4737,786990160,4737,787076390
4737,788178627,4737,788265341
4737,789375277,4737,789461517
4737,790562009,4737,790653608
4737,791713383,4737,791780587
4737,792881350,4737,792966919
4737,794067541,4737,794153811
4737,795257396,4737,795341791
4737,796447786,4737,796532591
4737,797633864,4737,797717794
4737,798822818,4737,798907125
4737,800015113,4737,800100011
4737,801202199,4737,801287844
4737,802391844,4737,802476091
4737,803577374,4737,803661411
4737,804766646,4737,804850886
4737,805953721,4737,806044286
4737,807144628,4737,807230300
4737,808337780,4737,808422858
4737,809527252,4737,809618150
4737,810723474,4737,810807525
4737,811908524,4737,811992982
4737,813096698,4737,813181706
4737,814276235,4737,814360425
4737,815463180,4737,815546737
4737,816647689,4737,816732561
4737,817833293,4737,817918048
4737,819018823,4737,819101789
4737,820169861,4737,820235373
4737,821337353,4737,821421838
4737,822516993,4737,822605649
4737,823706251,4737,823790389
4737,824891979,4737,824978028
4737,826078183,4737,826163672
4737,827264194,4737,827349069
4737,828410816,4737,828481051
4737,829582034,4737,829667616
4737,830761387,4737,830848024
4737,831948379,4737,832037098
4737,833137664,4737,833224224
4737,834326078,4737,834411947
4737,835515453,4737,835601953
4737,836697603,4737,836784056
4737,838244431,4737,838331702
4737,839442552,4737,839528071
4737,840630282,4737,840716802
4737,841817337,4737,841901855
4737,842996080,4737,843082083
4737,844184247,4737,844268708
4737,845378974,4737,845464209
4737,846567748,4737,846651946
4737,847753279,4737,847844047
4737,848946281,4737,849030935
4737,850131788,4737,850216452
4737,851309987,4737,851394928
4737,852500980,4737,852586769
4737,853708292,4737,853795613
4737,854897577,4737,854981541
4737,856087846,4737,856174350
4737,857269582,4737,857354597
4737,858463539,4737,858549419
4737,859650752,4737,859737021
4737,860840978,4737,860926717
4737,862029952,4737,862115381
4737,863216354,4737,863301739
4737,864411091,4737,864497254
4737,865590711,4737,865676237
4737,866779432,4737,866871912
4737,867977817,4737,868063950
4737,869164789,4737,869252067
4737,870352602,4737,870437447
4737,871541974,4737,871627496
4737,872730254,4737,872816070
4737,873875865,4737,873937256
4737,875035705,4737,875120730
4737,876223121,4737,876308857
4737,877411602,4737,877497348
4737,878598784,4737,878682788
4737,879786517,4737,879871776
4737,880973486,4737,881058374
4737,882162614,4737,882249625
4737,883350187,4737,883436397
4737,884546937,4737,884632456
4737,885733322,4737,885825291
4737,886929334,4737,887014553
4737,888111667,4737,888196632
4737,889296941,4737,889381428
4737,890484033,4737,890568764
4737,891669323,4737,891754575
4737,892856342,4737,892941844
4737,894045670,4737,894129677
4737,895230329,4737,895314380
4737,896409038,4737,896493723
4737,897593972,4737,897679611
4737,898780223,4737,898864937
4737,899969117,4737,900054726
4737,901155248,4737,901238862
4737,902298533,4737,902362270
4737,903470445,4737,903555363
4737,904650916,4737,904743216
4737,905845590,4737,905931109
4737,907031481,4737,907116119
4737,908224327,4737,908309936
4737,909414075,4737,909498413
4737,910594019,4737,910679842
4737,911780300,4737,911864655
4737,912980685,4737,913066357
4737,914167850,4737,914253326
4737,915356264,4737,915442373
4737,916547464,4737,916634227
4737,917738978,4737,917823619
4737,918918965,4737,919005689
4737,920107780,4737,920192404
4737,921293167,4737,921379997
4737,922486987,4737,922572312
4737,923673715,4737,923766816
4737,924871316,4737,924957159
4737,926064138,4737,926148065
4737,927248331,4737,927335471
4737,928440576,4737,928525027
4737,929626720,4737,929711728
4737,930816215,4737,930901623
4737,932012221,4737,932098517
4737,933200010,4737,933285829
4737,934390586,4737,934476005
4737,935580772,4737,935666187
4737,936768878,4737,936853266
4737,937953785,4737,938039174
4737,939143520,4737,939228919
4737,940330666,4737,940417213
4737,941527796,4737,941613876
4737,942733270,4737,942823951
4737,943924687,4737,944011588
4737,945116345,4737,945201640
4737,946302236,4737,946389123
4737,947496416,4737,947581454
4737,948687406,4737,948773556
4737,949874205,4737,949959530
4737,951063580,4737,951147644
4737,952253182,4737,952339541
4737,953445813,4737,953531169
4737,954631944,4737,954717583
4737,955819037,4737,955904332
4737,957006783,4737,957091998
4737,958195503,4737,958282030
4737,959386079,4737,959470330
4737,960572554,4737,960657012
4737,961757501,4737,961850398
4737,962950960,4737,963036436
4737,964142071,4737,964229278
4737,965333434,4737,965419494
4737,966530258,4737,966615900
4737,967717801,4737,967802499
4737,968905097,4737,968991493
4737,970092256,4737,970177811
4737,971278267,4737,971363128
4737,972424905,4737,972489607
4737,973589709,4737,973675171
4737,974778513,4737,974864292
4737,975965125,4737,976051471
4737,977152217,4737,977238727
4737,978339189,4737,978430534
4737,979531206,4737,979616642
4737,980719433,4737,980810572
4737,981915062,4737,982000627
4737,983104377,4737,983188564
4737,984290411,4737,984375052
4737,985476398,4737,985561497
4737,986663941,4737,986748456
4737,987848901,4737,987933238
4737,989037368,4737,989123154
4737,990226686,4737,990311057
4737,991411019,4737,991495493
4737,992600327,4737,992687358
4737,993791420,4737,993875875
4737,994977341,4737,995061872
4737,996168378,4737,996255556
4737,997359922,4737,997445281
4737,998554957,4737,998639612
4737,999740247,4737,999832711
4738,000935856,4738,001021752
4738,002122091,4738,002207069
4738,003266824,4738,003330664
4738,004431273,4738,004516979
4738,005628493,4738,005718024
4738,006821713,4738,006908089
4738,008014084,4738,008100978
4738,009204367,4738,009290463
4738,010390798,4738,010476724
4738,011581254,4738,011665272
4738,012771100,4738,012857009
4738,013961446,4738,014047716
4738,015151301,4738,015237201
4738,016341924,4738,016428568
4738,017528970,4738,017614959
4738,018719125,4738,018811626
4738,019913336,4738,019999382
4738,021108387,4738,021194283
4738,022300886,4738,022386525
4738,023491462,4738,023578469
4738,024682148,4738,024767804
4738,025868530,4738,025954439
4738,027055622,4738,027141441
4738,028243892,4738,028329782
4738,029430287,4738,029515586
4738,030575307,4738,030638230
4738,031744372,4738,031828526
4738,032931003,4738,033015885
4738,034119908,4738,034206044
4738,035311175,4738,035395642
4738,036498454,4738,036584643
4738,037688152,4738,037780612
4738,038882423,4738,038968422
4738,040073379,4738,040159045
4738,041261443,4738,041345930
4738,042447454,4738,042534054
4738,043643797,4738,043730397
4738,044833402,4738,044918330
4738,046018822,4738,046104371
4738,047204833,4738,047290803
4738,048393064,4738,048478683
4738,049538768,4738,049601641
4738,050699884,4738,050785870
4738,051890580,4738,051977110
4738,053082188,4738,053168194
4738,054268519,4738,054355740
4738,055456452,4738,055544524
4738,056654947,4738,056748005
4738,057848537,4738,057933815
4738,058993467,4738,059055692
4738,060158243,4738,060244433
4738,061348182,4738,061434151
4738,062537677,4738,062624084
4738,063725971,4738,063811903
4738,064917738,4738,065002863
4738,066104240,4738,066190380
4738,067295177,4738,067380282
4738,068484515,4738,068569216
4738,069673085,4738,069759919
4738,070861740,4738,070946838
4738,072049169,4738,072134531
4738,073234602,4738,073320926
4738,074421094,4738,074507394
4738,075609988,4738,075702275
4738,076804252,4738,076889163
4738,077991741,4738,078075818
4738,079179193,4738,079263271
4738,080366683,4738,080453006
4738,081554219,4738,081639878
4738,082742512,4738,082828906
4738,083929965,4738,084017393
4738,085118259,4738,085204138
4738,086304510,4738,086390817
4738,087450662,4738,087513544
4738,088617013,4738,088702285
4738,089806438,4738,089892288
4738,090993050,4738,091078449
4738,092183243,4738,092269626
4738,093369847,4738,093455473
4738,094556849,4738,094648789
4738,095761602,4738,095847198
4738,096949452,4738,097035615
4738,098137108,4738,098222927
4738,099326363,4738,099412813
4738,100518250,4738,100605071
4738,101716646,4738,101800933
4738,102905180,4738,102991750
4738,104097308,4738,104184265
4738,105285852,4738,105370259
4738,106470782,4738,106557592
4738,107667965,4738,107753484
4738,108856703,4738,108942562
4738,110046835,4738,110133782
4738,111235910,4738,111319753
4738,112421971,4738,112508100
4738,113608953,4738,113699918
4738,114800820,4738,114885445
4738,115945353,4738,116012134
4738,117111811,4738,117197891
4738,118298453,4738,118384413
4738,119486837,4738,119572086
4738,120674376,4738,120760800
4738,121862253,4738,121946000
4738,123051868,4738,123137724
4738,124244300,4738,124330413
4738,125434583,4738,125520028
4738,126621435,4738,126707317
4738,127813903,4738,127899786
4738,129005097,4738,129090919
4738,130192563,4738,130278819
4738,131379414,4738,131465821
4738,132569924,4738,132663659
4738,133770298,4738,133856454
4738,134960994,4738,135046410
4738,136148830,4738,136235107
4738,137342988,4738,137428777
4738,138531281,4738,138617958
4738,139727504,4738,139813864
4738,140920056,4738,141006873
4738,142111300,4738,142196969
4738,143300524,4738,143387175
4738,144493040,4738,144579643
4738,145680746,4738,145766078
4738,146866516,4738,146953076
4738,148055194,4738,148140779
4738,149245163,4738,149330741
4738,150437014,4738,150523240
4738,151624226,4738,151717324
4738,152820743,4738,152907770
4738,154009614,4738,154092896
4738,155152555,4738,155215381
4738,156316033,4738,156400391
4738,157504453,4738,157592468
4738,158696111,4738,158780765
4738,159881251,4738,159968168
4738,161072764,4738,161158654
4738,162263034,4738,162348933
4738,163454571,4738,163540690
4738,164646131,4738,164730773
4738,165842691,4738,165927136
4738,167027861,4738,167112389
4738,168214857,4738,168299064
4738,169400064,4738,169484865
4738,170584813,4738,170675341
4738,171735180,4738,171797969
4738,172901288,4738,172985755
4738,174087342,4738,174172217
4738,175277318,4738,175361341
4738,176463472,4738,176548864
4738,177649820,4738,177735179
4738,178839916,4738,178924117
4738,180029998,4738,180114479
4738,181215062,4738,181299716
4738,182400712,4738,182485570
4738,183585882,4738,183670229
4738,184782849,4738,184870043
4738,185975924,4738,186060485
4738,187163978,4738,187248255
4738,188353976,4738,188439232
4738,189539964,4738,189632261
4738,190732823,4738,190817881
4738,191921357,4738,192007687
4738,193112023,4738,193198523
4738,194299506,4738,194384251
4738,195488340,4738,195572391
4738,196678429,4738,196763384
4738,197875079,4738,197959160
4738,199061090,4738,199145294
4738,200247689,4738,200332697
4738,201433473,4738,201517430
4738,202618042,4738,202702449
4738,203762004,4738,203824873
4738,204928696,4738,205014075
4738,206115525,4738,206200640
4738,207302617,4738,207387565
4738,208489763,4738,208582383
4738,209685932,4738,209770460
4738,210875157,4738,210960098
4738,212062453,4738,212147197
4738,213249491,4738,213333952
4738,214438266,4738,214523351
4738,215624517,4738,215710323
4738,216820486,4738,216906415
4738,218010955,4738,218074459
4738,219174861,4738,219259242
4738,220363208,4738,220448406
4738,221549015,4738,221633926
4738,222737699,4738,222823284
4738,223923710,4738,224011318
4738,225111763,4738,225195587
4738,226255222,4738,226317984
4738,227417228,4738,227510806
4738,228612423,4738,228701092
4738,229802586,4738,229887641
4738,230988116,4738,231073725
4738,232176703,4738,232262713
4738,233363502,4738,233450593
4738,234550955,4738,234636914
4738,235696626,4738,235760466
4738,236869749,4738,236956252
4738,238057658,4738,238144172
4738,239245261,4738,239332312
4738,240436461,4738,240522607
4738,241623170,4738,241709683
4738,242816749,4738,242903099
4738,244016272,4738,244101130
4738,245160575,4738,245223815
4738,246325375,4738,246417992
4738,247521568,4738,247608221
4738,248712378,4738,248799094
4738,249910349,4738,249996515
4738,251100445,4738,251186174
4738,252288191,4738,252373356
4738,253474389,4738,253559307
4738,254660640,4738,254747210
4738,255851577,4738,255937340
4738,257042364,4738,257129010
4738,258229366,4738,258314968
4738,259418981,4738,259505270
4738,260607928,4738,260693891
4738,261794246,4738,261879725
4738,262982419,4738,263067358
4738,264169655,4738,264254767
4738,265354802,4738,265446681
4738,266506567,4738,266569846
4738,267669007,4738,267755504
4738,268867235,4738,268953181
4738,270057248,4738,270142380
4738,271242688,4738,271327953
4738,272430224,4738,272515600
4738,273619996,4738,273705785
4738,274808410,4738,274894133
4738,275998386,4738,276093446
4738,277197852,4738,277283451
4738,278384343,4738,278471054
4738,279574920,4738,279660575
4738,280764228,4738,280850401
4738,281958475,4738,282043830
4738,283145086,4738,283230235
4738,284335979,4738,284429210
4738,285529242,4738,285615498
4738,286720659,4738,286804546
4738,287904958,4738,287990874
4738,289091480,4738,289175998
4738,290279894,4738,290365383
4738,291466025,4738,291551694
4738,292656414,4738,292742981
4738,293843814,4738,293929666
4738,295030425,4738,295116235
4738,296219066,4738,296305937
4738,297410136,4738,297495688
4738,298597348,4738,298683158
4738,299783840,4738,299869499
4738,300981287,4738,301068795
4738,302172080,4738,302257059
4738,303357611,4738,303450972
4738,304553407,4738,304639196
4738,305739695,4738,305825320
4738,306885089,4738,306949356
4738,308055966,4738,308146193
4738,309247059,4738,309331890
4738,310432710,4738,310517524
4738,311624007,4738,311711027
4738,312816132,4738,312900646
4738,314004649,4738,314090485
4738,315192251,4738,315278341
4738,316382881,4738,316468470
4738,317569439,4738,317654711
4738,318759655,4738,318844062
4738,319956838,4738,320044550
4738,321160270,4738,321244437
4738,322347001,4738,322440009
4738,323538235,4738,323624615
4738,324727704,4738,324815058
4738,325918490,4738,326003769
4738,327107808,4738,327191926
4738,328294891,4738,328381454
4738,329487456,4738,329572157
4738,330673467,4738,330758211
4738,331858757,4738,331945537
4738,333047998,4738,333134438
4738,334235464,4738,334321681
4738,335423037,4738,335508496
4738,336610903,4738,336696896
4738,338233996,4738,338317556
4738,339377244,4738,339440878
4738,340545057,4738,340631143
4738,341734172,4738,341826168
4738,342930605,4738,343016040
4738,344118141,4738,344181951
4738,345289442,4738,345374557
4738,346475212,4738,346560581
4738,347664347,4738,347751491
4738,348859902,4738,348945595
4738,350049644,4738,350131936
4738,351235595,4738,351321161
4738,352423515,4738,352509171
4738,353613624,4738,353700091
4738,354800596,4738,354887286
4738,355996098,4738,356089546
4738,357192501,4738,357277256
4738,358379473,4738,358443053
4738,359543799,4738,359627672
4738,360729129,4738,360822040
4738,361926153,4738,362011812
4738,363114056,4738,363199835
4738,364305660,4738,364372100
4738,365475295,4738,365560881
4738,366661907,4738,366748978
4738,367848999,4738,367934565
4738,369048039,4738,369134502
4738,370236399,4738,370321828
4738,371426195,4738,371512044
4738,372615142,4738,372679500
4738,373780316,4738,373865841
4738,374974076,4738,375059941
4738,376163143,4738,376251589
4738,377354927,4738,377441367
4738,378541959,4738,378628787
4738,379730253,4738,379822510
4738,380925087,4738,381012131
4738,382113928,4738,382199768
4738,383304745,4738,383390341
4738,384497087,4738,384581321
4738,385682654,4738,385770095
4738,386870707,4738,386956363
4738,388058964,4738,388145437
4738,389249457,4738,389314332
4738,390414924,4738,390500223
4738,391600935,4738,391686778
4738,392789613,4738,392875168
4738,393979054,4738,394066112
4738,395171102,4738,395255977
4738,396358772,4738,396445516
4738,397546728,4738,397631857
4738,398732259,4738,398822964
4738,399927387,4738,400014227
4738,401117976,4738,401204126
4738,402304765,4738,402390033
4738,403490358,4738,403575253
4738,404677374,4738,404761004
4738,405820799,4738,405884232
4738,406985649,4738,407070163
4738,408175828,4738,408260619
4738,409361185,4738,409448165
4738,410548878,4738,410634360
4738,411739214,4738,411824028
4738,412928041,4738,413013327
4738,414114480,4738,414199578
4738,415300250,4738,415385696
4738,416488117,4738,416572368
4738,417673354,4738,417762407
4738,418822268,4738,418884948
4738,419983264,4738,420077343
4738,421181859,4738,421265726
4738,422366338,4738,422451333
4738,423551869,4738,423636340
4738,424742498,4738,424827536
4738,425928215,4738,426011739
4738,427119873,4738,427212209
4738,428314437,4738,428399121
4738,429501626,4738,429586758
4738,430688928,4738,430774030
4738,431874609,4738,431960668
4738,433066453,4738,433151942
4738,434256002,4738,434340877
4738,435444296,4738,435529007
4738,436631561,4738,436740704
4738,437842868,4738,437929245
4738,439030411,4738,439114932
4738,440176676,4738,440241341
4738,441340471,4738,441424448
4738,442529245,4738,442615021
4738,443715613,4738,443800535
4738,444903453,4738,444990587
4738,446094847,4738,446179074
4738,447283621,4738,447369200
4738,448474624,4738,448561205
4738,449662010,4738,449747770
4738,450852093,4738,450938096
4738,452043457,4738,452129012
4738,453230736,4738,453315974
4738,454439693,4738,454524702
4738,455626505,4738,455719176
4738,456828041,4738,456913036
4738,458043019,4738,458129101
4738,459236839,4738,459321233
4738,460423624,4738,460507514
4738,461608139,4738,461693451
4738,462795111,4738,462880473
4738,463980882,4738,464065990
4738,465125785,4738,465189613
4738,466289200,4738,466382492
4738,467483171,4738,467568256
4738,468674618,4738,468758171
4738,469859998,4738,469943258
4738,471044928,4738,471131318
4738,472236639,4738,472321901
4738,473423768,4738,473507718
4738,474567360,4738,474636280
4738,475735871,4738,475820068
4738,476926554,4738,477010137
