4661,724905740,4661,725050327
4661,726171353,4661,726316841
4661,727427001,4661,727571562
4661,728677537,4661,728820659
4661,729923110,4661,730081944
4661,731182526,4661,731334462
4661,732446657,4661,732590257
4661,733693856,4661,733836571
4661,734937947,4661,735075546
4661,736178648,4661,736324109
4661,737434913,4661,737578506
4661,738679672,4661,738828591
4661,739888089,4661,740012172
4661,741111283,4661,741248972
4661,742353335,4661,742493053
4661,743596068,4661,743741894
4661,744844265,4661,744988681
4661,746089237,4661,746234648
4661,747335167,4661,747480842
4661,748542763,4661,748670718
4661,749772515,4661,749924691
4661,751028987,4661,751179375
4661,752282830,4661,752434826
4661,753536943,4661,753680456
4661,754781164,4661,754926482
4661,756032558,4661,756176070
4661,757276946,4661,757423502
4661,758525799,4661,758650637
4661,759752117,4661,759900525
4661,761002419,4661,761149035
4661,762251639,4661,762378546
4661,763490962,4661,763635523
4661,764737940,4661,764861390
4661,765965613,4661,766112973
4661,767216395,4661,767361189
4661,768465730,4661,768611541
4661,769713242,4661,769844447
4661,770945009,4661,771099514
4661,772204648,4661,772347694
4661,773455431,4661,773598676
4661,774704034,4661,774854294
4661,775954920,4661,776104970
4661,777208929,4661,777353697
4661,778465702,4661,778610596
4661,779711061,4661,779862663
4661,780965324,4661,781109765
4661,782215613,4661,782365306
4661,783468525,4661,783612661
4661,784715790,4661,784864602
4661,785966332,4661,786112501
4661,787213134,4661,787357040
4661,788465488,4661,788609154
4661,789710220,4661,789868830
4661,790969823,4661,791122219
4661,792184300,4661,792309441
4661,793413227,4661,793557224
4661,794661561,4661,794814968
4661,795919478,4661,796061465
4661,797163125,4661,797308554
4661,798412132,4661,798557844
4661,799660722,4661,799805984
4661,800909352,4661,801052791
4661,802153484,4661,802301929
4661,803402207,4661,803546570
4661,804648751,4661,804792581
4661,805896891,4661,806042839
4661,807147656,4661,807292687
4661,808398209,4661,808521638
4661,809622174,4661,809775941
4661,810879787,4661,811032013
4661,812126178,4661,812270702
4661,813371451,4661,813526006
4661,814635913,4661,814781581
4661,815882234,4661,816028393
4661,817129258,4661,817272250
4661,818331922,4661,818465309
4661,819563769,4661,819707198
4661,820808164,4661,820959179
4661,822060151,4661,822208483
4661,823309836,4661,823460677
4661,824557024,4661,824701898
4661,825805601,4661,825955568
4661,827060555,4661,827204662
4661,828310463,4661,828459532
4661,829570376,4661,829724868
4661,830819276,4661,830975450
4661,832082266,4661,832226183
4661,833327088,4661,833474739
4661,834588456,4661,834733414
4661,835834416,4661,835977302
4661,837088860,4661,837803606
4661,838898482,4661,839045058
4661,840147506,4661,840291198
4661,841392041,4661,841544357
4661,842648543,4661,842797032
4661,843898979,4661,844046703
4661,845141542,4661,845284991
4661,846385854,4661,846532390
4661,847633136,4661,847777739
4661,848879680,4661,849023553
4661,850124559,4661,850276461
4661,851336103,4661,851469073
4661,852574191,4661,852720203
4661,853821850,4661,853970625
4661,855075348,4661,855219141
4661,856324969,4661,856470992
4661,857585320,4661,857731135
4661,858831697,4661,858979464
4661,860086624,4661,860230674
4661,861324001,4661,861473250
4661,862574807,4661,862726112
4661,863830138,4661,863981059
4661,865083981,4661,865231024
4661,866333112,4661,866480492
4661,867577193,4661,867723282
4661,868829744,4661,868977702
4661,870082045,4661,870233651
4661,871334854,4661,871486532
4661,872599873,4661,872744577
4661,873838574,4661,873987773
4661,875089450,4661,875237535
4661,876340122,4661,876487750
4661,877597109,4661,877708464
4661,878809173,4661,878959276
4661,880055383,4661,880200171
4661,881305612,4661,881448634
4661,882558947,4661,882705257
4661,883808512,4661,883957524
4661,885063286,4661,885207583
4661,886327901,4661,886473660
4661,887577269,4661,887720404
4661,888824534,4661,888970366
4661,890063886,4661,890219116
4661,891319955,4661,891470375
4661,892574879,4661,892723120
4661,893825931,4661,893976255
4661,895076937,4661,895223417
4661,896317218,4661,896465559
4661,897576787,4661,897725008
4661,898825751,4661,898975377
4661,900080508,4661,900225686
4661,901326442,4661,901469313
4661,902563929,4661,902712727
4661,903813316,4661,903957106
4661,905059230,4661,905206066
4661,906313046,4661,906460814
4661,907564172,4661,907708262
4661,908803118,4661,908948806
4661,910052849,4661,910207227
4661,911307820,4661,911459985
4661,912565580,4661,912709790
4661,913814847,4661,913963793
4661,915067565,4661,915210541
4661,916312788,4661,916457819
4661,917559245,4661,917702811
4661,918797203,4661,918947320
4661,920049511,4661,920195426
4661,921296045,4661,921443656
4661,922546571,4661,922700021
4661,923800941,4661,923944483
4661,925006127,4661,925130922
4661,926229518,4661,926375107
4661,927475869,4661,927619959
4661,928723254,4661,928869216
4661,929969592,4661,930120786
4661,931221919,4661,931371015
4661,932432832,4661,932559065
4661,933668637,4661,933812316
4661,934914971,4661,935036091
4661,936141138,4661,936286406
4661,937390466,4661,937535016
4661,938645797,4661,938794429
4661,939898725,4661,940045685
4661,941147689,4661,941294863
4661,942397220,4661,942546797
4661,943652929,4661,943799318
4661,944901559,4661,945045762
4661,946146531,4661,946292620
4661,947394414,4661,947538233
4661,948647926,4661,948791812
4661,949851220,4661,949984107
4661,951082887,4661,951227044
4661,952329612,4661,952474008
4661,953574614,4661,953727384
4661,954828623,4661,954974105
4661,956076022,4661,956219381
4661,957278946,4661,957402131
4661,958501462,4661,958646807
4661,959750696,4661,959895550
4661,961001369,4661,961146623
4661,962246942,4661,962394456
4661,963497708,4661,963642699
4661,964756550,4661,964902826
4661,966007586,4661,966156345
4661,967261539,4661,967406753
4661,968513249,4661,968657186
4661,969764722,4661,969915867
4661,971016719,4661,971175480
4661,972279152,4661,972423249
4661,973524755,4661,973675192
4661,974779605,4661,974924967
4661,976032140,4661,976177228
4661,977280520,4661,977428711
4661,978532727,4661,978680338
4661,979785415,4661,979929295
4661,981030922,4661,981174658
4661,982275294,4661,982423455
4661,983527261,4661,983677121
4661,984778774,4661,984921836
4661,985981518,4661,986108031
4661,987212010,4661,987356938
4661,988465416,4661,988613824
4661,989717056,4661,989871822
4661,990973588,4661,991127343
4661,992229907,4661,992373930
4661,993478243,4661,993623455
4661,994733274,4661,994881115
4661,995985842,4661,996162342
4661,997269569,4661,997414643
4661,998514842,4661,998661345
4661,999765368,4661,999913659
4662,001015783,4662,001160807
4662,002262214,4662,002407155
4662,003466786,4662,003589952
4662,004698730,4662,004842724
4662,005948659,4662,006094557
4662,007199875,4662,007343902
4662,008447397,4662,008591988
4662,009692426,4662,009844565
4662,010945475,4662,011098345
4662,012200832,4662,012346244
4662,013447126,4662,013592367
4662,014697171,4662,014841772
4662,015944933,4662,016094283
4662,017198102,4662,017341868
4662,018444753,4662,018590485
4662,019692906,4662,019837813
4662,020942407,4662,021086607
4662,022187349,4662,022334399
4662,023438773,4662,023584635
4662,024687676,4662,024832644
4662,025934241,4662,026079188
4662,027179721,4662,027322706
4662,028428774,4662,028573408
4662,029677288,4662,029827374
4662,030929825,4662,031088085
4662,032193743,4662,032337796
4662,033438715,4662,033581634
4662,034682152,4662,034828822
4662,035930636,4662,036077442
4662,037178488,4662,037326442
4662,038386281,4662,038512570
4662,039612051,4662,039756502
4662,040860081,4662,041006433
4662,042110666,4662,042259105
4662,043360234,4662,043507985
4662,044612979,4662,044762755
4662,045866722,4662,046012614
4662,047113523,4662,047256935
4662,048362937,4662,048507845
4662,049608777,4662,049768528
4662,050869785,4662,051022545
4662,052084445,4662,052213484
4662,053312568,4662,053459331
4662,054560090,4662,054706499
4662,055818665,4662,055962852
4662,057064982,4662,057209516
4662,058311667,4662,058458129
4662,059565556,4662,059718239
4662,060832688,4662,060978416
4662,062082586,4662,062236327
4662,063338998,4662,063485167
4662,064590391,4662,064735779
4662,065837286,4662,065984863
4662,067086130,4662,067235396
4662,068337944,4662,068481820
4662,069582616,4662,069735512
4662,070846356,4662,070997641
4662,072103246,4662,072251550
4662,073352814,4662,073497711
4662,074602378,4662,074756356
4662,075868402,4662,076015735
4662,077116284,4662,077261832
4662,078363326,4662,078513302
4662,079616705,4662,079769671
4662,080882968,4662,081026735
4662,082128118,4662,082274176
4662,083375159,4662,083518842
4662,084621987,4662,084767241
4662,085879063,4662,086024571
4662,087130940,4662,087271416
4662,088373773,4662,088518097
4662,089619016,4662,089778597
4662,090883598,4662,091037219
4662,092139046,4662,092282051
4662,093382727,4662,093525522
4662,094627125,4662,094773782
4662,095880895,4662,096026890
4662,097129258,4662,097271873
4662,098378071,4662,098523847
4662,099625744,4662,099778137
4662,100880805,4662,101024487
4662,102128717,4662,102275253
4662,103375758,4662,103518220
4662,104623564,4662,104770994
4662,105880654,4662,106025528
4662,107126374,4662,107272359
4662,108375094,4662,108520291
4662,109624061,4662,109783335
4662,110884648,4662,111038850
4662,112141194,4662,112284199
4662,113385025,4662,113528901
4662,114629784,4662,114778463
4662,115838084,4662,115958917
4662,117060504,4662,117204737
4662,118305266,4662,118451725
4662,119553419,4662,119696147
4662,120800787,4662,120944183
4662,122049183,4662,122194631
4662,123295384,4662,123439791
4662,124541928,4662,124684746
4662,125785622,4662,125931825
4662,126991346,4662,127114312
4662,128214497,4662,128358236
4662,129460551,4662,129610754
4662,130715161,4662,130877368
4662,131981768,4662,132137802
4662,133240480,4662,133383369
4662,134488002,4662,134634592
4662,135739129,4662,135891835
4662,136998888,4662,137143746
4662,138246307,4662,138391007
4662,139492237,4662,139636103
4662,140738614,4662,140892105
4662,141996922,4662,142144482
4662,143246486,4662,143390386
4662,144496875,4662,144640023
4662,145740539,4662,145893686
4662,146999024,4662,147144809
4662,148247414,4662,148391000
4662,149495510,4662,149645516
4662,150749670,4662,150913996
4662,152016698,4662,152160274
4662,153261233,4662,153405653
4662,154508545,4662,154655254
4662,155756427,4662,155907162
4662,157009219,4662,157153539
4662,158254114,4662,158399993
4662,159500165,4662,159643150
4662,160745941,4662,160895274
4662,161998723,4662,162143273
4662,163243722,4662,163386697
4662,164490146,4662,164636468
4662,165740778,4662,165887498
4662,166988450,4662,167134973
4662,168237201,4662,168383373
4662,169487459,4662,169637126
4662,170744172,4662,170905448
4662,172013786,4662,172158677
4662,173218335,4662,173339382
4662,174437391,4662,174583086
4662,175686625,4662,175829140
4662,176932209,4662,177077663
4662,178183562,4662,178328920
4662,179433516,4662,179576649
4662,180680104,4662,180824881
4662,181934087,4662,182080466
4662,183181849,4662,183326576
4662,184430526,4662,184575306
4662,185634844,4662,185754880
4662,186854151,4662,187000763
4662,188102764,4662,188247702
4662,189350757,4662,189503256
4662,190603925,4662,190757533
4662,191861282,4662,192012393
4662,193113970,4662,193251239
4662,194353924,4662,194498554
4662,195603008,4662,195746407
4662,196848934,4662,196995564
4662,198098893,4662,198244287
4662,199345093,4662,199489587
4662,200593963,4662,200713658
4662,201817431,4662,201971008
4662,203072611,4662,203216041
4662,204318825,4662,204464874
4662,205572731,4662,205716478
4662,206818451,4662,206969606
4662,208075131,4662,208220282
4662,209321875,4662,209471462
4662,210572671,4662,210724337
4662,211828843,4662,211981470
4662,213086844,4662,213234412
4662,214335301,4662,214480545
4662,215585072,4662,215729876
4662,216832371,4662,216980462
4662,218081591,4662,218194919
4662,219297036,4662,219440405
4662,220543263,4662,220688024
4662,221788686,4662,221942844
4662,223046583,4662,223191835
4662,224294916,4662,224438806
4662,225539572,4662,225683698
4662,226786974,4662,226938863
4662,228047935,4662,228193884
4662,229297156,4662,229447309
4662,230547681,4662,230698065
4662,231800820,4662,231946361
4662,233059091,4662,233183261
4662,234283897,4662,234433320
4662,235533805,4662,235676543
4662,236780229,4662,236927152
4662,238027648,4662,238173443
4662,239233058,4662,239358486
4662,240459362,4662,240605114
4662,241705699,4662,241860091
4662,242963673,4662,243106959
4662,244210458,4662,244354708
4662,245459678,4662,245606007
4662,246709089,4662,246862483
4662,247965295,4662,248110266
4662,249214195,4662,249364499
4662,250466706,4662,250621058
4662,251722398,4662,251869415
4662,252972470,4662,253117377
4662,254219455,4662,254365677
4662,255468025,4662,255613333
4662,256719798,4662,256866261
4662,257969379,4662,258114487
4662,259216301,4662,259360908
4662,260468852,4662,260615024
4662,261715549,4662,261871466
4662,262980732,4662,263124117
4662,264230039,4662,264378447
4662,265481302,4662,265624691
4662,266725220,4662,266873381
4662,267976917,4662,268123096
4662,269226134,4662,269370748
4662,270474034,4662,270625365
4662,271728524,4662,271873929
4662,272935643,4662,273057183
4662,274158453,4662,274303771
4662,275408017,4662,275550806
4662,276656244,4662,276799589
4662,277900418,4662,278055471
4662,279156590,4662,279302479
4662,280404696,4662,280548312
4662,281656440,4662,281799909
4662,282902400,4662,283056672
4662,284160357,4662,284303523
4662,285404172,4662,285547965
4662,286652024,4662,286796144
4662,287897894,4662,288053771
4662,289158151,4662,289309296
4662,290410119,4662,290566116
4662,291666651,4662,291812079
4662,292917520,4662,293070137
4662,294175631,4662,294321623
4662,295425923,4662,295568928
4662,296673946,4662,296819367
4662,297920089,4662,298065668
4662,299166320,4662,299309385
4662,300414786,4662,300560418
4662,301664007,4662,301812692
4662,302915013,4662,303060458
4662,304163360,4662,304311694
4662,305413061,4662,305561482
4662,306662745,4662,306814608
4662,307874099,4662,307998493
4662,309110095,4662,309262307
4662,310365426,4662,310520258
4662,311620877,4662,311764683
4662,312866941,4662,313015352
4662,314127214,4662,314274044
4662,315377916,4662,315521015
4662,316623202,4662,316768891
4662,317869420,4662,318024492
4662,319129676,4662,319275034
4662,320381507,4662,320525753
4662,321629646,4662,321776296
4662,322881103,4662,323036145
4662,324148191,4662,324294657
4662,325395399,4662,325539539
4662,326643162,4662,326790772
4662,327892366,4662,328038358
4662,329140128,4662,329293535
4662,330394722,4662,330548156
4662,331652953,4662,331798992
4662,332904783,4662,333051256
4662,334155806,4662,334302292
4662,335403418,4662,335546724
4662,336652318,4662,336798167
4662,337869175,4662,337993292
4662,339097792,4662,339240483
4662,340347266,4662,340482716
4662,341585193,4662,341731339
4662,342834007,4662,342981331
4662,344093960,4662,344208973
4662,345309979,4662,345454630
4662,346559904,4662,346696979
4662,347797695,4662,347943006
4662,349048247,4662,349200303
4662,350301149,4662,350422329
4662,351523218,4662,351665917
4662,352727627,4662,352825717
4662,353926443,4662,354075732
4662,355187317,4662,355330533
4662,356434235,4662,356547936
4662,357648121,4662,357791617
4662,358892760,4662,359031817
4662,360127410,4662,360271267
4662,361374542,4662,361518782
4662,362621720,4662,362734881
4662,363835994,4662,363979500
4662,365082779,4662,365221199
4662,366323710,4662,366469892
4662,367570631,4662,367713567
4662,368819819,4662,368939811
4662,370043330,4662,370197061
4662,371301184,4662,371437965
4662,372542245,4662,372689966
4662,373806560,4662,373955585
4662,375057656,4662,375172152
4662,376274840,4662,376412872
4662,377519572,4662,377653103
4662,378753698,4662,378892215
4662,379994042,4662,380150676
4662,381253007,4662,381365888
4662,382466650,4662,382613430
4662,383714669,4662,383857284
4662,384959558,4662,385112265
4662,386224130,4662,386370413
4662,387470571,4662,387590763
4662,388694556,4662,388845117
4662,389949757,4662,390108961
4662,391220449,4662,391342417
4662,392455580,4662,392600568
4662,393701918,4662,393846658
4662,394947397,4662,395086949
4662,396197829,4662,396342173
4662,397443282,4662,397588767
4662,398692246,4662,398838752
4662,399939167,4662,400089291
4662,401199544,4662,401347972
4662,402452112,4662,402601995
4662,403702758,4662,403848613
4662,404952950,4662,405096776
4662,406200685,4662,406350368
4662,407450851,4662,407594697
4662,408701119,4662,408853702
4662,409956914,4662,410112998
4662,411225734,4662,411369497
4662,412472759,4662,412615881
4662,413716239,4662,413871452
4662,414972144,4662,415124931
4662,416235942,4662,416379835
4662,417483888,4662,417632376
4662,418732851,4662,418878750
4662,419982416,4662,420138833
4662,421240447,4662,421387323
4662,422488393,4662,422633804
4662,423734563,4662,423879100
4662,424981662,4662,425134759
4662,426244295,4662,426393410
4662,427494820,4662,427639688
4662,428742326,4662,428893917
4662,429994399,4662,430148397
4662,431249280,4662,431393106
4662,432454800,4662,432575807
4662,433677406,4662,433820742
4662,434923216,4662,435068504
4662,436174116,4662,436319057
4662,437423096,4662,437567783
4662,438672060,4662,438817124
4662,439921110,4662,440065661
4662,441125726,4662,441247384
4662,442349391,4662,442495567
4662,443596072,4662,443741660
4662,444845663,4662,444990294
4662,446090996,4662,446242354
4662,447342603,4662,447463479
4662,448525193,4662,448656315
4662,449754841,4662,449885743
4662,450990920,4662,451127858
4662,452241412,4662,452389250
4662,453493439,4662,453636822
4662,454739433,4662,454885218
4662,455988757,4662,456140763
4662,457243127,4662,457387063
4662,458489087,4662,458635970
4662,459740030,4662,459884927
4662,460990886,4662,461134342
4662,462239583,4662,462389543
4662,463490319,4662,463634816
4662,464738979,4662,464886966
4662,465991400,4662,466139675
4662,467243727,4662,467388258
4662,468491834,4662,468621727
4662,469722403,4662,469884186
4662,470987134,4662,471131041
4662,472236966,4662,472381323
4662,473496475,4662,473645137
4662,474746159,4662,474893430
4662,475996535,4662,476149638
4662,477251175,4662,477394083
4662,478495694,4662,478641135
4662,479744898,4662,479893343
4662,480996892,4662,481139336
4662,482198851,4662,482322127
4662,483421388,4662,483569222
4662,484671459,4662,484816627
4662,485919195,4662,486064994
4662,487169223,4662,487320418
4662,488422993,4662,488573987
4662,489675577,4662,489825617
4662,490926343,4662,491072665
4662,492175093,4662,492331234
4662,493390848,4662,493512702
4662,494611212,4662,494739133
4662,495843763,4662,495990660
4662,497092110,4662,497241956
4662,498351045,4662,498496513
4662,499597216,4662,499740965
4662,500846747,4662,500988871
4662,502089647,4662,502235719
4662,503346780,4662,503490026
4662,504593008,4662,504737738
4662,505838100,4662,505982677
4662,507083820,4662,507229612
4662,508343460,4662,508493817
4662,509594736,4662,509745527
4662,510849813,4662,510994904
4662,512097242,4662,512245413
4662,513356240,4662,513502369
4662,514604994,4662,514750512
4662,515851314,4662,515995471
4662,517095593,4662,517240217
4662,518350323,4662,518498454
4662,519602260,4662,519746237
4662,520852289,4662,520995544
4662,522096253,4662,522241351
4662,523353747,4662,523498104
4662,524602257,4662,524744795
4662,525848671,4662,525994306
4662,527098236,4662,527245646
4662,528351508,4662,528506403
4662,529606976,4662,529758217
4662,530863027,4662,531007541
4662,532110172,4662,532224414
4662,533334164,4662,533478310
4662,534579420,4662,534719305
4662,535819974,4662,535964090
4662,537067612,4662,537211652
4662,538313079,4662,538426597
4662,539529905,4662,539673585
4662,540776553,4662,540924090
4662,541983548,4662,542106073
4662,543204293,4662,543349417
4662,544452202,4662,544567018
4662,545667621,4662,545812078
4662,546916104,4662,547053422
4662,548155800,4662,548312828
4662,549424844,4662,549575117
4662,550678716,4662,550792718
4662,551894281,4662,552038922
4662,553139057,4662,553278655
4662,554389823,4662,554540527
4662,555644313,4662,555791667
4662,556897388,4662,557017924
4662,558119384,4662,558264652
4662,559373183,4662,559517250
4662,560620088,4662,560764962
4662,561865464,4662,562013806
4662,563118753,4662,563258595
4662,564364336,4662,564509017
4662,565609592,4662,565753068
4662,566854351,4662,566968359
4662,568073984,4662,568218518
4662,569319120,4662,569468426
4662,570569886,4662,570711232
4662,571813443,4662,571956759
4662,573059791,4662,573173028
4662,574232580,4662,574365961
4662,575466867,4662,575593289
4662,576699685,4662,576847793
4662,577950137,4662,578094958
4662,579195377,4662,579308868
4662,580422459,4662,580567683
4662,581668195,4662,581806145
4662,582909590,4662,583055419
4662,584157936,4662,584305594
4662,585408118,4662,585552074
4662,586653357,4662,586798949
4662,587903763,4662,588055568
4662,589160415,4662,589314286
4662,590417068,4662,590562106
4662,591662758,4662,591805046
4662,592910577,4662,593054737
4662,594159154,4662,594306137
4662,595410280,4662,595554246
4662,596657348,4662,596805500
4662,597906255,4662,598049878
4662,599150444,4662,599294170
4662,600399631,4662,600543761
4662,601648251,4662,601791927
4662,602892889,4662,603038488
4662,604132486,4662,604276188
4662,605383969,4662,605529130
4662,606632091,4662,606776739
4662,607880815,4662,608033291
4662,609137524,4662,609291022
4662,610396132,4662,610543723
4662,611646328,4662,611789203
4662,612891113,4662,613037072
4662,614144315,4662,614288582
4662,615391914,4662,615536385
4662,616638726,4662,616787818
4662,617888400,4662,618034859
4662,619135562,4662,619282699
4662,620387075,4662,620533591
4662,621635108,4662,621779645
4662,622880891,4662,623025205
4662,624126861,4662,624275890
4662,625379549,4662,625527727
4662,626631386,4662,626776287
4662,627877707,4662,628032329
4662,629134479,4662,629284833
4662,630389313,4662,630538820
4662,631639615,4662,631776751
4662,632881381,4662,633027056
4662,634127692,4662,634273473
4662,635374012,4662,635517351
4662,636578828,4662,636701777
4662,637803534,4662,637950567
4662,639051086,4662,639195824
4662,640298892,4662,640449286
4662,641550752,4662,641697889
4662,642802422,4662,642948021
4662,644050091,4662,644193921
4662,645294550,4662,645447567
4662,646556161,4662,646702460
4662,647802812,4662,647952181
4662,649014186,4662,649142464
4662,650245986,4662,650389839
4662,651493388,4662,651643392
4662,652748746,4662,652894381
4662,653999966,4662,654146792
4662,655247608,4662,655392289
4662,656506330,4662,656648654
4662,657749260,4662,657895526
4662,658997263,4662,659140435
4662,660242365,4662,660389759
4662,661490264,4662,661635088
4662,662694573,4662,662819474
4662,663918001,4662,664064046
4662,665166273,4662,665310580
4662,666411393,4662,666559023
4662,667659755,4662,667808861
4662,668914469,4662,669064830
4662,670169877,4662,670314294
4662,671414953,4662,671558729
4662,672661043,4662,672803912
4662,673908315,4662,674053964
4662,675157382,4662,675304966
4662,676407214,4662,676553640
4662,677654526,4662,677801679
4662,678902352,4662,679051307
4662,680112888,4662,680236130
4662,681337657,4662,681489666
4662,682596142,4662,682741737
4662,683845706,4662,683991041
4662,685091756,4662,685237198
4662,686338708,4662,686490740
4662,687596441,4662,687747256
4662,688851439,4662,689002553
4662,690103499,4662,690250726
4662,691353965,4662,691504402
4662,692607657,4662,692754817
4662,693856534,4662,694006381
4662,695107901,4662,695251353
4662,696313020,4662,696438996
4662,697541387,4662,697686471
4662,698789660,4662,698939323
4662,700041534,4662,700185754
4662,701286266,4662,701418799
4662,702524177,4662,702669605
4662,703770948,4662,703911317
4662,705014399,4662,705158539
4662,706261818,4662,706407449
4662,707508979,4662,707658505
4662,708763496,4662,708913015
4662,710014492,4662,710163521
4662,711263936,4662,711411009
4662,712517462,4662,712663120
4662,713763786,4662,713908106
4662,714967534,4662,715089041
4662,716189236,4662,716335525
4662,717439298,4662,717591741
4662,718694389,4662,718838625
4662,719942992,4662,720090065
4662,721192436,4662,721337034
4662,722437526,4662,722585006
4662,723687120,4662,723832331
4662,724941474,4662,725088423
4662,726192496,4662,726340801
4662,727444116,4662,727596329
4662,728699461,4662,728850545
4662,729955005,4662,730100100
4662,731200845,4662,731348402
4662,732450513,4662,732600987
4662,733702497,4662,733859058
4662,734965003,4662,735109800
4662,736213426,4662,736357222
4662,737457798,4662,737603026
4662,738707483,4662,738853712
4662,739955125,4662,740102679
4662,741206612,4662,741343433
4662,742447703,4662,742590802
4662,743695649,4662,743838444
4662,744941833,4662,745085255
4662,746186608,4662,746334316
4662,747438272,4662,747593201
4662,748695542,4662,748845645
4662,749946354,4662,750077963
4662,751178618,4662,751321891
4662,752425042,4662,752578289
4662,753681231,4662,753824507
4662,754928483,4662,755077055
4662,756179546,4662,756323015
4662,757427522,4662,757573007
4662,758683934,4662,758833050
4662,759933859,4662,760080305
4662,761180991,4662,761325274
4662,762429384,4662,762578790
4662,763681591,4662,763827270
4662,764931860,4662,765076407
4662,766176996,4662,766323949
4662,767428122,4662,767578786
4662,768683556,4662,768828971
4662,769929533,4662,770076430
4662,771176695,4662,771320831
4662,772425041,4662,772575085
4662,773679188,4662,773821716
4662,774925388,4662,775070596
4662,776173898,4662,776316436
4662,777418270,4662,777570746
4662,778674379,4662,778821702
4662,779925568,4662,780071390
4662,781172249,4662,781314974
4662,782416648,4662,782565837
4662,783673301,4662,783816289
4662,784921287,4662,785066344
4662,786166993,4662,786313586
4662,787418510,4662,787569781
4662,788671945,4662,788820487
4662,789921500,4662,790065286
4662,791124750,4662,791244933
4662,792345388,4662,792489111
4662,793593344,4662,793735358
4662,794839728,4662,794963591
4662,796063950,4662,796206905
4662,797308942,4662,797452829
4662,798553518,4662,798699153
4662,799799541,4662,799946091
4662,801048412,4662,801192258
4662,802251709,4662,802380211
4662,803481094,4662,803636030
4662,804739455,4662,804888704
4662,805991396,4662,806136280
4662,807241214,4662,807395959
4662,808499665,4662,808658328
4662,809763018,4662,809908150
4662,811008618,4662,811151687
4662,812245595,4662,812393496
4662,813497352,4662,813641115
4662,814742895,4662,814889701
4662,815990297,4662,816150265
4662,817251154,4662,817395691
4662,818489770,4662,818642423
4662,819743075,4662,819887192
4662,820991632,4662,821135187
4662,822239681,4662,822386621
4662,823492369,4662,823645976
4662,824747172,4662,824891997
4662,825992939,4662,826138825
4662,827243795,4662,827395781
4662,828503391,4662,828664251
4662,829766021,4662,829914923
4662,831019550,4662,831163096
4662,832266335,4662,832408716
4662,833508947,4662,833655564
4662,834753583,4662,834898383
4662,836013169,4662,836157559
4662,837832672,4662,837976755
4662,839071193,4662,839213598
4662,840318221,4662,840462021
4662,841562697,4662,841712720
4662,842817187,4662,842965662
4662,844072111,4662,844215160
4662,845319049,4662,845462301
4662,846562877,4662,846708031
4662,847813282,4662,847963826
4662,849069047,4662,849218720
4662,850319740,4662,850465311
4662,851568944,4662,851719091
4662,852821615,4662,852967737
4662,854070475,4662,854216905
4662,855310485,4662,855454655
4662,856556656,4662,856709042
4662,857810038,4662,857955005
4662,859061524,4662,859204700
4662,860298441,4662,860441282
4662,861536609,4662,861683045
4662,862783637,4662,862930964
4662,864037883,4662,864185514
4662,865286280,4662,865431995
4662,866532601,4662,866689542
4662,867783033,4662,867932686
4662,869035437,4662,869185981
4662,870286941,4662,870431741
4662,871532991,4662,871680652
4662,872783063,4662,872924703
4662,873984555,4662,874108331
4662,875208159,4662,875351255
4662,876453936,4662,876600045
4662,877701791,4662,877793561
4662,878893809,4662,879039641
4662,880140323,4662,880286819
4662,881388973,4662,881532349
4662,882636255,4662,882781670
4662,883885700,4662,884034632
4662,885135504,4662,885280502
4662,886381224,4662,886526963
4662,887629948,4662,887779024
4662,888884512,4662,889035229
4662,890130485,4662,890279508
4662,891380380,4662,891528662
4662,892630802,4662,892784283
4662,893887832,4662,894033080
4662,895135023,4662,895278446
4662,896339008,4662,896460409
4662,897558825,4662,897708181
4662,898814036,4662,898961102
4662,900063223,4662,900210877
4662,901311362,4662,901462280
4662,902557199,4662,902711247
4662,903820463,4662,903968004
4662,905070221,4662,905212983
4662,906314666,4662,906465621
4662,907566634,4662,907725197
4662,908839218,4662,908991230
4662,910091953,4662,910240761
4662,911345242,4662,911488594
4662,912591275,4662,912738889
4662,913843289,4662,913988847
4662,915093454,4662,915240454
4662,916343285,4662,916485677
4662,917586215,4662,917734547
4662,918830333,4662,918974820
4662,920077038,4662,920224508
4662,921325778,4662,921472214
4662,922572699,4662,922718628
4662,923819557,4662,923963981
4662,925025678,4662,925147546
4662,926249326,4662,926395579
4662,927496127,4662,927651310
4662,928758797,4662,928912612
4662,930016384,4662,930162787
4662,931267030,4662,931410279
4662,932512733,4662,932657340
4662,933766399,4662,933912912
4662,935013681,4662,935156606
4662,936259668,4662,936401618
4662,937508244,4662,937651269
4662,938767780,4662,938914009
4662,940016049,4662,940158941
4662,941259700,4662,941402989
4662,942506982,4662,942651850
4662,943752222,4662,943897737
4662,944959280,4662,945085009
4662,946183592,4662,946328226
4662,947442347,4662,947595781
4662,948698726,4662,948852431
4662,949957378,4662,950096152
4662,951197949,4662,951310653
4662,952413137,4662,952551390
4662,953656110,4662,953799806
4662,954902968,4662,955047429
4662,956150460,4662,956293586
4662,957396754,4662,957540350
4662,958641152,4662,958793535
4662,959894081,4662,960039185
4662,961140762,4662,961284715
4662,962344300,4662,962473499
4662,963572943,4662,963716376
4662,964822084,4662,964970846
4662,966074986,4662,966223687
4662,967324190,4662,967474704
4662,968580148,4662,968728019
4662,969830827,4662,969979089
4662,971082661,4662,971226551
