912,938192664,912,938322442
912,939406130,912,939471780
912,940526819,912,940576897
912,941629915,912,941684615
912,942744256,912,942791987
912,943851187,912,943891742
912,944951073,912,945006478
912,946059322,912,946121126
912,947180136,912,947236819
912,948289594,912,948337693
912,949390590,912,949451636
912,950511375,912,950570413
912,951630181,912,951683991
912,952736804,912,952798737
912,953858128,912,953913290
912,954972458,912,955037052
912,956091880,912,956140476
912,957199460,912,957245751
912,958305240,912,958360677
912,959419321,912,959475601
912,960528357,912,960589986
912,961642750,912,961698273
912,962750994,912,962819338
912,963878446,912,963927161
912,964986332,912,965041019
912,966093815,912,966149517
912,967202252,912,967265275
912,968318038,912,968353114
912,969405940,912,969454508
912,970507229,912,970553957
912,971606770,912,971655631
912,972717375,912,972759618
912,973812478,912,973874662
912,974927368,912,974990234
912,976061993,912,976111263
912,977171802,912,977219115
912,978271862,912,978333873
912,979386635,912,979435801
912,980488513,912,980551423
912,981610944,912,981659203
912,982711977,912,982752003
912,983811635,912,983859151
912,984918150,912,984980568
912,986033335,912,986089161
912,987141868,912,987189609
912,988244474,912,988292307
912,989345154,912,989406894
912,990459722,912,990502117
912,991554915,912,991603845
912,992656584,912,992710636
912,993763447,912,993825616
912,994885709,912,994914910
912,995967781,912,996022923
912,997075835,912,997131191
912,998191195,912,998246392
912,999299140,912,999347541
913,000401527,913,000450136
913,001503007,913,001558511
913,002611238,913,002665771
913,003718528,913,003767338
913,004820117,913,004875459
913,005928325,913,005974994
913,007027724,913,007069472
913,008122248,913,008171285
913,009224175,913,009279135
913,010331917,913,010387869
913,011446845,913,011488197
913,012541035,913,012590004
913,013642807,913,013706087
913,014758893,913,014812681
913,015865410,913,015920917
913,016973772,913,017022364
913,018075166,913,018130393
913,019183224,913,019236809
913,020291957,913,020339238
913,021392082,913,021446514
913,022499322,913,022545217
913,023597977,913,023645712
913,024698594,913,024754357
913,025807151,913,025854637
913,026907421,913,026962360
913,028003193,913,028059053
913,029111908,913,029167213
913,030219957,913,030265939
913,031318725,913,031365676
913,032418443,913,032463860
913,033516640,913,033564941
913,034617806,913,034672620
913,035725372,913,035780932
913,036842551,913,036883261
913,037936073,913,037989772
913,039042561,913,039076627
913,040139611,913,040180570
913,041233411,913,041282049
913,042334852,913,042388185
913,043447170,913,043501802
913,044554539,913,044610403
913,045663277,913,045724088
913,046776953,913,046824837
913,047877661,913,047919731
913,048972630,913,049027365
913,050080186,913,050128704
913,051181480,913,051221802
913,052276759,913,052311406
913,053364198,913,053421453
913,054474239,913,054515904
913,055568713,913,055623264
913,056676117,913,056731107
913,057783968,913,057836261
913,058889118,913,058923377
913,059976157,913,060028790
913,061081733,913,061136687
913,062189420,913,062241801
913,063294617,913,063343657
913,064396390,913,064453870
913,065506684,913,065555582
913,066608372,913,066656601
913,067709431,913,067770098
913,068822884,913,068884752
913,069937611,913,069984648
913,071044278,913,071092470
913,072145224,913,072199636
913,073252488,913,073299028
913,074351737,913,074404303
913,075457067,913,075510887
913,076563716,913,076611965
913,077664846,913,077719883
913,078778763,913,078829603
913,079882386,913,079938049
913,080990853,913,081032325
913,082085096,913,082149130
913,083201922,913,083249472
913,084304015,913,084344061
913,085396953,913,085458908
913,086511686,913,086569571
913,087622351,913,087662215
913,088715034,913,088776669
913,089829525,913,089884853
913,090937655,913,090972288
913,092003113,913,092062237
913,093115093,913,093170968
913,094223777,913,094263836
913,095316607,913,095364451
913,096417283,913,096466342
913,097519176,913,097574240
913,098627063,913,098675841
913,099728581,913,099778759
913,100840543,913,100881563
913,101934371,913,101994736
913,103047501,913,103110574
913,104163273,913,104220106
913,105272901,913,105327509
913,106380271,913,106429034
913,107481788,913,107528839
913,108581560,913,108637661
913,109690442,913,109731495
913,110784207,913,110839055
913,111891778,913,111947660
913,113000426,913,113055246
913,114108038,913,114157481
913,115210230,913,115265957
913,116321080,913,116357238
913,117410042,913,117471427
913,118524158,913,118565232
913,119617961,913,119664902
913,120717721,913,120772814
913,121825602,913,121878426
913,122931231,913,122978557
913,124003123,913,124056681
913,125109506,913,125150618
913,126203332,913,126250082
913,127302804,913,127369030
913,128421793,913,128468007
913,129520814,913,129567751
913,130620493,913,130674300
913,131727085,913,131776543
913,132829310,913,132884832
913,133937576,913,133986020
913,135038735,913,135080072
913,136132795,913,136181844
913,137234633,913,137290373
913,138343118,913,138383911
913,139436681,913,139483751
913,140539137,913,140596945
913,141649751,913,141703501
913,142756284,913,142811319
913,143864060,913,143913055
913,144965883,913,145007125
913,146059937,913,146096747
913,147149506,913,147190889
913,148243600,913,148287357
913,149340151,913,149382274
913,150435077,913,150490628
913,151543374,913,151592693
913,152645478,913,152701320
913,153754125,913,153802802
913,154855560,913,154910847
913,155970246,913,156006670
913,157059555,913,157114027
913,158166801,913,158216099
913,159268871,913,159324828
913,160377549,913,160424629
913,161477650,913,161538811
913,162591562,913,162647286
913,163700000,913,163748198
913,164800994,913,164855887
913,165908650,913,165968658
913,167021426,913,167056463
913,168109257,913,168164624
913,169217412,913,169267661
913,170320494,913,170368199
913,171421083,913,171462916
913,172515681,913,172578198
913,173631029,913,173678030
913,174730795,913,174785127
913,175837900,913,175879483
913,176932310,913,176993815
913,178046565,913,178087836
913,179140555,913,179174500
913,180227269,913,180281723
913,181334509,913,181396460
913,182449203,913,182490584
913,183549313,913,183590172
913,184642951,913,184693637
913,185746484,913,185801957
913,186854720,913,186911209
913,187963977,913,188012224
913,189065058,913,189113982
913,190166763,913,190227423
913,191280161,913,191328922
913,192381683,913,192430414
913,193483194,913,193531792
913,194584498,913,194639886
913,195700022,913,195756366
913,196809146,913,196857247
913,197910032,913,197959020
913,199011794,913,199059581
913,200112316,913,200159589
913,201212407,913,201265991
913,202318780,913,202367654
913,203420382,913,203475671
913,204528458,913,204584309
913,205637108,913,205692258
913,206745012,913,206793732
913,207846513,913,207895002
913,208947780,913,208991103
913,210043933,913,210092203
913,211144929,913,211195746
913,212248406,913,212290441
913,213343195,913,213398863
913,214451573,913,214498535
913,215551299,913,215604040
913,216656704,913,216712035
913,217764846,913,217806008
913,218858809,913,218906909
913,219959628,913,220007728
913,221060617,913,221115654
913,222168402,913,222217247
913,223269923,913,223318234
913,224370970,913,224419406
913,225472210,913,225520640
913,226573400,913,226615038
913,227674039,913,227722305
913,228775135,913,228829731
913,229882488,913,229935293
913,230988034,913,231042184
913,232094893,913,232150579
913,233203346,913,233250383
913,234303174,913,234350752
913,235403488,913,235457741
913,236510546,913,236557391
913,237610218,913,237659429
913,238712203,913,238767773
913,239820519,913,239869759
913,240925720,913,240981750
913,242034589,913,242083306
913,243136025,913,243197459
913,244250261,913,244291017
913,245343849,913,245405063
913,246457817,913,246504558
913,247557270,913,247605641
913,248658353,913,248707262
913,249760055,913,249809776
913,250862589,913,250910125
913,251962897,913,252015934
913,253068797,913,253117686
913,254170463,913,254225559
913,255278361,913,255320416
913,256373194,913,256428850
913,257481624,913,257530452
913,258583176,913,258640185
913,259692894,913,259734747
913,260787499,913,260849105
913,261901881,913,261943010
913,262995780,913,263030145
913,264082819,913,264124755
913,265177593,913,265238732
913,266291555,913,266338012
913,267390866,913,267438016
913,268490753,913,268545733
913,269598502,913,269646198
913,270699028,913,270747762
913,271800576,913,271856677
913,272909482,913,272958962
913,274011813,913,274067068
913,275119852,913,275168537
913,276221222,913,276276486
913,277329303,913,277377808
913,278430609,913,278477285
913,279530066,913,279584757
913,280637447,913,280706189
913,281758990,913,281800121
913,282852870,913,282906698
913,283959487,913,284014016
913,285066862,913,285121063
913,286173786,913,286229618
913,287282405,913,287330497
913,288383215,913,288424863
913,289477671,913,289532679
913,290585476,913,290625341
913,291678145,913,291741236
913,292793994,913,292842739
913,293895576,913,293950895
913,295003667,913,295037681
913,296090350,913,296138537
913,297191373,913,297239775
913,298292504,913,298347219
913,299399997,913,299448935
913,300501689,913,300557293
913,301610121,913,301663729
913,302716510,913,302764044
913,303816830,913,303864959
913,304917715,913,304972545
913,306025406,913,306066379
913,307119141,913,307167258
913,308219985,913,308267850
913,309320714,913,309376095
913,310428848,913,310479089
913,311531821,913,311580402
913,312633208,913,312689441
913,313742177,913,313797612
913,314850336,913,314905189
913,315958022,913,316006821
913,317059680,913,317108204
913,318160977,913,318215980
913,319268735,913,319316765
913,320369469,913,320424083
913,321476918,913,321525884
913,322578686,913,322633585
913,323686351,913,323735204
913,324788009,913,324843919
913,325896694,913,325937946
913,326990724,913,327046493
913,328099150,913,328147947
913,329200696,913,329256109
913,330308941,913,330350061
913,331402819,913,331450771
913,332503536,913,332550109
913,333602936,913,333657337
913,334710034,913,334763992
913,335816740,913,335869560
913,336922367,913,336972664
913,338025474,913,338079761
913,339132555,913,339174284
913,340227007,913,340274208
913,341335007,913,341390503
913,342443308,913,342497111
913,343549879,913,343591925
913,344644669,913,344700262
913,345753023,913,345801944
913,346854729,913,346910252
913,347963010,913,348010119
913,349062990,913,349124011
913,350176740,913,350231108
913,351283947,913,351330994
913,352383720,913,352438533
913,353491381,913,353537895
913,354590674,913,354645239
913,355697998,913,355746059
913,356798801,913,356840264
913,357893066,913,357939888
913,358999944,913,359047055
913,360099744,913,360147349
913,361200130,913,361249817
913,362302589,913,362358387
913,363411168,913,363460072
913,364512830,913,364575748
913,365628544,913,365677374
913,366730139,913,366777877
913,367830593,913,367877849
913,368930592,913,368983785
913,370036515,913,370090981
913,371143739,913,371192138
913,372244868,913,372299241
913,373351993,913,373400209
913,374452988,913,374499987
913,375552714,913,375629863
913,376682685,913,376725084
913,377777929,913,377826142
913,378878894,913,378914560
913,379967341,913,380023084
913,381075922,913,381124823
913,382177583,913,382232728
913,383285488,913,383326890
913,384379553,913,384427766
913,385480583,913,385529326
913,386582125,913,386652221
913,387711773,913,387746609
913,388799372,913,388855371
913,389908147,913,389956725
913,391009447,913,391070030
913,392130105,913,392171561
913,393224440,913,393273799
913,394326614,913,394369283
913,395422048,913,395484140
913,396536867,913,396585901
913,397638711,913,397694163
913,398746979,913,398796059
913,399848880,913,399900781
913,400953560,913,401004604
913,402057376,913,402105403
913,403158154,913,403192245
913,404245012,913,404299599
913,405352435,913,405400197
913,406453001,913,406506737
913,407559575,913,407614390
913,408667211,913,408721685
913,409774536,913,409829443
913,410882201,913,410929293
913,411982085,913,412029262
913,413082086,913,413136444
913,414189227,913,414237619
913,415290432,913,415346011
913,416398742,913,416447726
913,417500523,913,417548643
913,418601442,913,418642683
913,419702446,913,419750282
913,420803120,913,420844712
913,421897582,913,421953239
913,423005997,913,423054634
913,424107347,913,424161777
913,425214592,913,425262938
913,426315680,913,426362956
913,427415704,913,427469766
913,428522525,913,428571246
913,429624052,913,429670864
913,430723678,913,430770675
913,431823479,913,431865375
913,432918196,913,432973866
913,434026614,913,434074790
913,435127523,913,435183175
913,436235829,913,436277590
913,437330410,913,437391106
913,438443803,913,438485099
913,439537877,913,439594386
913,440647183,913,440696008
913,441758932,913,441813348
913,442866135,913,442907045
913,443959784,913,444013084
913,445065923,913,445112740
913,446165475,913,446219367
913,447272121,913,447320425
913,448373198,913,448423303
913,449476147,913,449525591
913,450578339,913,450635477
913,451688196,913,451739215
913,452791939,913,452847684
913,453900478,913,453943663
913,454996411,913,455051827
913,456104556,913,456152531
913,457205283,913,457259245
913,458312043,913,458366504
913,459419270,913,459454602
913,460507451,913,460563482
913,461616355,913,461664748
913,462717524,913,462758371
913,463811074,913,463859488
913,464912288,913,464968900
913,466021727,913,466070311
913,467123105,913,467173358
913,468226027,913,468281878
913,469334758,913,469390491
913,470443222,913,470497640
913,471550370,913,471592107
913,472644885,913,472699186
913,473751997,913,473806333
913,474859086,913,474912401
913,475965166,913,476006498
913,477059363,913,477114647
913,478167472,913,478207997
913,479260776,913,479315169
913,480367916,913,480423254
913,481483275,913,481524048
913,482583226,913,482624299
913,483677074,913,483725052
913,484777873,913,484834417
913,485887213,913,485943093
913,486995839,913,487052244
913,488104922,913,488148154
913,489200974,913,489249638
913,490302340,913,490357683
913,491410439,913,491451931
913,492504707,913,492560428
913,493613213,913,493659947
913,494720149,913,494768290
913,495821126,913,495877803
913,496930619,913,496986412
913,498045504,913,498086905
913,499139690,913,499196891
913,500249710,913,500284636
913,501337458,913,501400158
913,502452915,913,502501562
913,503554320,913,503610098
913,504662916,913,504711571
913,505764375,913,505810628
913,506863387,913,506905098
913,507957798,913,508006719
913,509059520,913,509108246
913,510160982,913,510223358
913,511276127,913,511323443
913,512376188,913,512432413
913,513485209,913,513539423
913,514599448,913,514646475
913,515699284,913,515742581
913,516795399,913,516852908
913,517905665,913,517947357
913,519000107,913,519062631
913,520115323,913,520165113
913,521217920,913,521281945
913,522334787,913,522383357
913,523436119,913,523484616
913,524537364,913,524585960
913,525638755,913,525694046
913,526753183,913,526794328
913,527853425,913,527910439
913,528963241,913,529012330
913,530065126,913,530120464
913,531173261,913,531220414
913,532273138,913,532321617
913,533374433,913,533422981
913,534475783,913,534529715
913,535582487,913,535623915
913,536676669,913,536731098
913,537783889,913,537835281
913,538888025,913,538943730
913,539996490,913,540039755
913,541092586,913,541147552
913,542202971,913,542251970
913,543304755,913,543360413
913,544413169,913,544462039
913,545514842,913,545570305
913,546623092,913,546664299
913,547717080,913,547763777
913,548816567,913,548867239
913,549920023,913,549966864
913,551025643,913,551067594
913,552120299,913,552175852
913,553228601,913,553277327
913,554330088,913,554378167
913,555430930,913,555474312
913,556527092,913,556582781
913,557635587,913,557685987
913,558738768,913,558794105
913,559846880,913,559888389
913,560941211,913,560989303
913,562042065,913,562090649
913,563143396,913,563197473
913,564250152,913,564297632
913,565350449,913,565405510
913,566458277,913,566505379
913,567558099,913,567604755
913,568657490,913,568712457
913,569765224,913,569819521
913,570872262,913,570921237
913,571973989,913,572022244
913,573075077,913,573123041
913,574175823,913,574231032
913,575283767,913,575328247
913,576381013,913,576436665
913,577489458,913,577530552
913,578583295,913,578630356
913,579683165,913,579731997
913,580784787,913,580845879
913,581898613,913,581939757
913,582992470,913,583048329
913,584101017,913,584150029
913,585202910,913,585249803
913,586302575,913,586349404
913,587402189,913,587449619
913,588502483,913,588557388
913,589610159,913,589664277
913,590717033,913,590758656
913,591811461,913,591867091
913,592919912,913,592961143
913,594013937,913,594062102
913,595114912,913,595156582
913,596209308,913,596271962
913,597324756,913,597387717
913,598440485,913,598493610
913,599546429,913,599597290
913,600658707,913,600699029
913,601751859,913,601806348
913,602859056,913,602907391
913,603966241,913,604008215
913,605061059,913,605115415
913,606168164,913,606228055
913,607280820,913,607329977
913,608384614,913,608419365
913,609472150,913,609529410
913,610582122,913,610637722
913,611690506,913,611740636
913,612793434,913,612842743
913,613895545,913,613943536
913,614996281,913,615037778
913,616090533,913,616132569
913,617185445,913,617240099
913,618292856,913,618353707
913,619406489,913,619447782
913,620500452,913,620555182
913,621608028,913,621662727
913,622715496,913,622762210
913,623815019,913,623865796
913,624925532,913,624965656
913,626018461,913,626067180
913,627119984,913,627181075
913,628233753,913,628282760
913,629335508,913,629390781
913,630443501,913,630492251
913,631545011,913,631593404
913,632646189,913,632694777
913,633747554,913,633795266
913,634848012,913,634896825
913,635949533,913,635997290
913,637050107,913,637098732
913,638151513,913,638199524
913,639252309,913,639293892
913,640346628,913,640393590
913,641446417,913,641500967
913,642556135,913,642611507
913,643664276,913,643713731
913,644766486,913,644822247
913,645875027,913,645916447
913,646969161,913,647024447
913,648077089,913,648125744
913,649178528,913,649232601
913,650285377,913,650334167
913,651386937,913,651441982
913,652494766,913,652544137
913,653596972,913,653651545
913,654711432,913,654758110
913,655810917,913,655857786
913,656910608,913,656965446
913,658018192,913,658066045
913,659118828,913,659167931
913,660220714,913,660269096
913,661321913,913,661371358
913,662424146,913,662479690
913,663532467,913,663581678
913,664634543,913,664690396
913,665743183,913,665783990
913,666836753,913,666891033
913,667943822,913,667992748
913,669045532,913,669115991
913,670168803,913,670209604
913,671262362,913,671318027
913,672370692,913,672425408
913,673478211,913,673524970
913,674577711,913,674624282
913,675677065,913,675724807
913,676777594,913,676826646
913,677879410,913,677941504
913,678994222,913,679044084
913,680096793,913,680152803
913,681205607,913,681254248
913,682307028,913,682354857
913,683407647,913,683449321
913,684502097,913,684558508
913,685611311,913,685658398
913,686711160,913,686764396
913,687817174,913,687858678
913,688911460,913,688967300
913,690020088,913,690061160
913,691113918,913,691160745
913,692213437,913,692255054
913,693307895,913,693355528
913,694408291,913,694449665
913,695502449,913,695549610
913,696602502,913,696657604
913,697710416,913,697764827
913,698817593,913,698874209
913,699927175,913,699983021
913,701035803,913,701085140
913,702137935,913,702185734
913,703238527,913,703287479
913,704341932,913,704383626
913,705436483,913,705485419
913,706538184,913,706592219
913,707644950,913,707695681
913,708748488,913,708803316
913,709856135,913,709896750
913,710949488,913,711002792
913,712055492,913,712111940
913,713164802,913,713219136
913,714271890,913,714313439
913,715366237,913,715422161
913,716497616,913,716532362
913,717585144,913,717640336
913,718693127,913,718734160
913,719786940,913,719836948
913,720889800,913,720942229
913,721995066,913,722049031
913,723101767,913,723143012
913,724195713,913,724242668
913,725295510,913,725336922
913,726389660,913,726437512
913,727490281,913,727536742
913,728589558,913,728643743
913,729696598,913,729751204
913,730803994,913,730850927
913,731903700,913,731945514
913,732998363,913,733054043
913,734106827,913,734155141
913,735207913,913,735256273
913,736308976,913,736358287
913,737411103,913,737465121
913,738517880,913,738572558
913,739632012,913,739679180
913,740731946,913,740786801
913,741839578,913,741893716
913,742948796,913,742997791
913,744009947,913,744051044
913,745103838,913,745152143
913,746204909,913,746258851
913,747311616,913,747358857
913,748411619,913,748458567
913,749511370,913,749560213
913,750613018,913,750660800
913,751713527,913,751762842
913,752815639,913,752863884
913,753916656,913,753965137
913,755017857,913,755067702
913,756120449,913,756155320
913,757208109,913,757265317
913,758318029,913,758366586
913,759419380,913,759466253
913,760519005,913,760575037
913,761627883,913,761681443
913,762734208,913,762781352
913,763834170,913,763887509
913,764940298,913,764989242
913,766042008,913,766097447
913,767150285,913,767192681
913,768245393,913,768301130
913,769353903,913,769402449
913,770455234,913,770502887
913,771555654,913,771598865
913,772651662,913,772699578
913,773752348,913,773795156
913,774847952,913,774911129
913,775963919,913,776006469
913,777059272,913,777114614
913,778167397,913,778217744
913,779270473,913,779309886
913,780362571,913,780404702
913,781457477,913,781512013
913,782564721,913,782619242
913,783678794,913,783733996
913,784786750,913,784836037
913,785888821,913,785944277
913,786997006,913,787047695
913,788100354,913,788156138
913,789208943,913,789250204
913,790302968,913,790350817
913,791403591,913,791450875
913,792503562,913,792558180
913,793611000,913,793659617
913,794712356,913,794759072
913,795811837,913,795867342
913,796920099,913,796968080
913,798020830,913,798069349
913,799122140,913,799170064
913,800229271,913,800263810
913,801316590,913,801372190
913,802424935,913,802466484
913,803519288,913,803575161
913,804627949,913,804679206
913,805732005,913,805779898
913,806832695,913,806874062
913,807926866,913,807976462
913,809029218,913,809078259
913,810131044,913,810186330
913,811239115,913,811280714
913,812333483,913,812389311
913,813442163,913,813490826
913,814543598,913,814591828
913,815644597,913,815686178
913,816738966,913,816794807
913,817847732,913,817896062
913,818948850,913,819004143
913,820056840,913,820111740
913,821164548,913,821220343
913,822273137,913,822321452
913,823374230,913,823422503
913,824475204,913,824524124
913,825576944,913,825624806
913,826677610,913,826725910
913,827778669,913,827833337
913,828886116,913,828934532
913,829987376,913,830042703
913,831095484,913,831144795
913,832197471,913,832247428
913,833300158,913,833348783
913,834401540,913,834456648
913,835509396,913,835550884
913,836603717,913,836659997
913,837712732,913,837754086
913,838806898,913,838862095
913,839914841,913,839963752
913,841016553,913,841074227
913,842127031,913,842183110
913,843238329,913,843280143
913,844332831,913,844381736
913,845434511,913,845504621
913,846557383,913,846610603
913,847663382,913,847710225
913,848762970,913,848804191
913,849856967,913,849911667
913,850964550,913,851006500
913,852059265,913,852113658
913,853166464,913,853213142
913,854265970,913,854326716
913,855379455,913,855428938
913,856481764,913,856537404
913,857590178,913,857638703
913,858691447,913,858746818
913,859799523,913,859847061
913,860899805,913,860955560
913,862008338,913,862049584
913,863103827,913,863132837
913,864187608,913,864222260
913,865275065,913,865324564
913,866377341,913,866423150
913,867475907,913,867524447
913,868577269,913,868624396
913,869677238,913,869724896
913,870777679,913,870826685
913,871879469,913,871926516
913,872980990,913,873018662
913,874071910,913,874127560
913,875180310,913,875221706
913,876274434,913,876332983
913,877385760,913,877434594
913,878487332,913,878535102
913,879587866,913,879629382
913,880682134,913,880745484
913,881798288,913,881847491
913,882900313,913,882948545
913,884010695,913,884060390
913,885128579,913,885170003
913,886222779,913,886277645
913,887330452,913,887377345
913,888430234,913,888477227
913,889530043,913,889591707
913,890644483,913,890699576
913,891752309,913,891808321
913,892861137,913,892910503
913,893963306,913,894011311
913,895064106,913,895105798
913,896158550,913,896198500
913,897251282,913,897306218
913,898358967,913,898414083
913,899466862,913,899508605
913,900561295,913,900609571
913,901662344,913,901711237
913,902763965,913,902811769
913,903870783,913,903912532
913,904965277,913,905020806
913,906073557,913,906114663
913,907167395,913,907208671
913,908261429,913,908310463
913,909363254,913,909418688
913,910471381,913,910520222
913,911572951,913,911629023
913,912681813,913,912730857
913,913791125,913,913831836
913,914884600,913,914925901
913,915978609,913,916025747
913,917078655,913,917133303
913,918186054,913,918240377
913,919293183,913,919340194
913,920392813,913,920448488
913,921501272,913,921542500
913,922595295,913,922642585
913,923695348,913,923751433
913,924804238,913,924859905
913,925912654,913,925954472
913,927007269,913,927062803
913,928115544,913,928166411
913,929219246,913,929267381
913,930327664,913,930361493
913,931414223,913,931462066
913,932514840,913,932563817
913,933616584,913,933664749
913,934717583,913,934758609
913,935811376,913,935867291
913,936920640,913,936956494
913,938009416,913,938062938
913,939115687,913,939157266
913,940210003,913,940250972
913,941303736,913,941352643
913,942405370,913,942460715
913,943521718,913,943571222
913,944624021,913,944679781
913,945732577,913,945780967
913,946833726,913,946890425
913,947943217,913,947986165
913,949039030,913,949093714
913,950152686,913,950194482
913,951247177,913,951301197
913,952353889,913,952403039
913,953455782,913,953503421
913,954562885,913,954603677
913,955656518,913,955703432
913,956756247,913,956811051
913,957863822,913,957917835
913,958970574,913,959004231
913,960056918,913,960113540
913,961166265,913,961215608
913,962268399,913,962323950
913,963376690,913,963418098
913,964470800,913,964526510
913,965579285,913,965620287
913,966673100,913,966727330
913,967780093,913,967820236
913,968873027,913,968927382
913,969980239,913,970021487
913,971074190,913,971122139
913,972174894,913,972216102
913,973268947,913,973317230
913,974369980,913,974425406
913,975478227,913,975525646
913,976578490,913,976627691
913,977680574,913,977736133
913,978788884,913,978843252
913,979896012,913,979951530
913,981004302,913,981053244
913,982105993,913,982161496
913,983214234,913,983262196
913,984314918,913,984370446
913,985423200,913,985470368
913,986523122,913,986569792
913,987622587,913,987664399
913,988717230,913,988771671
913,989824443,913,989873095
913,990925854,913,990981698
913,992003181,913,992051845
913,993104609,913,993159116
913,994262546,913,994309866
913,995362810,913,995418569
913,996471291,913,996520463
913,997573249,913,997628484
913,998681256,913,998729917
913,999782645,913,999830853
914,000883625,914,000932837
914,001985686,914,002035463
914,003088288,914,003137235
914,004190034,914,004245889
914,005298702,914,005345386
914,006398149,914,006445297
914,007498085,914,007544862
914,008597608,914,008644797
914,009697601,914,009744560
914,010797358,914,010843920
914,011896737,914,011945984
914,012998877,914,013054660
914,014107532,914,014156442
914,015209175,914,015265062
914,016317783,914,016368761
914,017421552,914,017477012
914,018529770,914,018571218
914,019624008,914,019671425
914,020724264,914,020780939
914,021833708,914,021880770
914,022933521,914,022976890
914,024003097,914,024059343
914,025112109,914,025161162
914,026213975,914,026261668
914,027314476,914,027355740
914,028408497,914,028458224
914,029511047,914,029559877
914,030612606,914,030659231
914,031712008,914,031753992
914,032806841,914,032861380
914,033914114,914,033969512
914,035022282,914,035070770
914,036123525,914,036165268
914,037218077,914,037273680
914,038326429,914,038374846
914,039427683,914,039481446
914,040534228,914,040584866
