947,553942790,947,553942790
947,555132166,947,555177307
947,556430284,947,556491043
947,557743955,947,557812200
947,559064935,947,559115058
947,560367722,947,560415370
947,561674375,947,561728588
947,562988250,947,563023211
947,564275941,947,564321986
947,565574672,947,565628930
947,566881675,947,566941157
947,568193876,947,568250003
947,569502768,947,569557973
947,570810664,947,570858344
947,572111039,947,572165272
947,573418060,947,573475279
947,574734033,947,574782084
947,576003226,947,576052739
947,577305514,947,577366729
947,578619402,947,578668126
947,579920846,947,579991528
947,581244326,947,581305564
947,582558323,947,582613775
947,583866460,947,583914400
947,585167085,947,585208169
947,586460854,947,586519953
947,587778889,947,587820522
947,589080406,947,589129266
947,590388207,947,590434748
947,591687450,947,591749609
947,593008753,947,593050052
947,594302821,947,594370275
947,595622990,947,595684449
947,596944293,947,596993316
947,598252280,947,598301978
947,599554677,947,599623982
947,600885537,947,600939379
947,602192054,947,602246665
947,603499402,947,603553597
947,604806360,947,604866566
947,606119336,947,606174729
947,607427437,947,607457739
947,608719687,947,608768186
947,610020960,947,610081244
947,611340698,947,611383809
947,612636510,947,612692241
947,613945023,947,614000802
947,615259408,947,615294150
947,616546856,947,616609875
947,617862600,947,617918048
947,619179887,947,619207525
947,620460165,947,620516234
947,621768919,947,621830300
947,623082967,947,623137051
947,624389627,947,624443385
947,625696063,947,625753258
947,627005894,947,627054511
947,628313797,947,628362672
947,629615368,947,629678315
947,630937323,947,630965688
947,632218311,947,632259717
947,633512442,947,633553198
947,634805903,947,634971038
947,636223708,947,636265465
947,637518255,947,637572837
947,638825559,947,638866942
947,640119582,947,640175268
947,641427967,947,641469133
947,642721827,947,642769358
947,644003066,947,644057474
947,645310210,947,645372255
947,646630917,947,646678946
947,647931635,947,647981375
947,649234108,947,649284671
947,650537415,947,650585400
947,651844518,947,651887651
947,653140453,947,653188909
947,654441584,947,654482836
947,655735574,947,655783846
947,657036588,947,657078235
947,658331020,947,658386527
947,659639277,947,659681018
947,660933753,947,660989474
947,662242211,947,662285164
947,663537870,947,663595561
947,664848220,947,664895419
947,666148125,947,666195471
947,667448133,947,667489715
947,668742417,947,668783586
947,670036323,947,670077328
947,671329967,947,671378702
947,672631415,947,672673101
947,673933833,947,673988955
947,675241659,947,675296721
947,676549431,947,676597939
947,677850614,947,677899234
947,679151988,947,679197352
947,680449956,947,680491425
947,681744127,947,681798840
947,683051533,947,683085711
947,684338296,947,684386525
947,685639256,947,685687813
947,686940503,947,687008789
947,688261463,947,688322255
947,689574976,947,689623133
947,690875838,947,690923779
947,692176499,947,692221231
947,693480412,947,693533998
947,694786680,947,694841965
947,696094582,947,696150432
947,697403192,947,697450235
947,698702894,947,698745413
947,699998084,947,700056691
947,701309498,947,701352611
947,702605295,947,702665127
947,703917772,947,703964899
947,705240659,947,705281814
947,706534584,947,706589504
947,707848388,947,707888233
947,709140997,947,709197084
947,710449735,947,710495922
947,711748530,947,711795877
947,713048587,947,713097061
947,714349694,947,714397258
947,715649987,947,715711849
947,716987569,947,717029266
947,718282000,947,718336041
947,719588708,947,719630580
947,720883337,947,720941086
947,722200176,947,722234145
947,723486863,947,723544091
947,724796806,947,724838597
947,726091305,947,726145397
947,727397998,947,727433536
947,728686190,947,728740598
947,729993264,947,730040315
947,731293066,947,731343968
947,732596688,947,732640002
947,733892713,947,733940600
947,735193258,947,735235336
947,736488002,947,736535643
947,737788412,947,737829382
947,739082114,947,739138131
947,740390742,947,740438374
947,741691102,947,741746619
947,742999283,947,743035196
947,744287831,947,744349923
947,745602608,947,745649521
947,746908375,947,746948393
947,748201114,947,748241305
947,749494017,947,749549353
947,750802027,947,750845638
947,752098250,947,752139953
947,753392660,947,753434297
947,754686963,947,754742293
947,755995018,947,756037245
947,757290027,947,757345666
947,758598328,947,758645589
947,759898267,947,759948382
947,761201069,947,761242957
947,762495619,947,762551024
947,763803674,947,763845795
947,765098456,947,765148238
947,766400911,947,766442001
947,767694603,947,767741007
947,768993722,947,769035461
947,770288162,947,770342501
947,771595213,947,771650599
947,772903271,947,772956843
947,774209552,947,774257358
947,775510004,947,775557663
947,776810393,947,776857498
947,778110189,947,778164991
947,779418247,947,779453555
947,780715461,947,780761956
947,782014681,947,782056382
947,783309095,947,783357364
947,784610142,947,784651882
947,785904593,947,785960009
947,787212690,947,787261207
947,788513861,947,788568185
947,789820889,947,789862088
947,791121903,947,791157564
947,792417707,947,792466794
947,793719499,947,793774853
947,795027527,947,795061771
947,796314399,947,796361506
947,797614237,947,797655394
947,798908163,947,798962827
947,800215539,947,800262907
947,801515709,947,801562477
947,802815228,947,802857047
947,804109779,947,804165582
947,805418318,947,805459722
947,806712435,947,806760753
947,808008428,947,808058039
947,809310793,947,809365588
947,810618301,947,810665205
947,811917859,947,811973858
947,813226553,947,813274033
947,814526679,947,814580698
947,815833393,947,815874610
947,817127328,947,817188592
947,818441333,947,818482498
947,819735222,947,819783951
947,821036680,947,821084064
947,822343998,947,822390122
947,823642850,947,823700869
947,824953668,947,825009322
947,826262028,947,826310289
947,827562964,947,827611594
947,828864288,947,828905662
947,830165887,947,830213954
947,831466749,947,831515045
947,832767810,947,832823354
947,834076097,947,834117337
947,835370079,947,835418436
947,836671155,947,836712536
947,837965229,947,838018321
947,839271040,947,839310733
947,840563447,947,840628338
947,841881104,947,841928017
947,843180712,947,843224261
947,844476966,947,844518654
947,845771454,947,845826736
947,847087015,947,847121595
947,848374466,947,848423219
947,849675960,947,849717228
947,850969941,947,851018092
947,852270712,947,852330048
947,853582810,947,853635846
947,854888584,947,854929947
947,856182706,947,856232609
947,857485312,947,857526060
947,858778796,947,858825641
947,860078264,947,860126061
947,861378808,947,861432885
947,862685576,947,862734330
947,863987101,947,864035878
947,865288596,947,865343017
947,866595676,947,866642398
947,867895073,947,867936319
947,869189075,947,869242653
947,870495335,947,870536636
947,871789327,947,871838014
947,873090738,947,873133798
947,874386504,947,874442179
947,875694907,947,875731028
947,876983806,947,877030318
947,878283017,947,878331903
947,879584585,947,879634721
947,880887432,947,880929158
947,882181892,947,882231068
947,883483807,947,883531531
947,884784310,947,884839428
947,886092128,947,886133473
947,887386180,947,887429113
947,888681829,947,888724767
947,889977453,947,890032626
947,891285333,947,891328650
947,892581348,947,892623114
947,893875840,947,893917080
947,895169753,947,895210590
947,896463209,947,896504998
947,897757728,947,897805928
947,899058643,947,899092409
947,900345031,947,900373323
947,901626038,947,901661017
947,902913704,947,902951005
947,904203667,947,904245414
947,905498203,947,905560208
947,906812934,947,906880709
947,908133371,947,908190799
947,909443499,947,909484930
947,910745751,947,910801335
947,912053962,947,912095783
947,913348525,947,913403905
947,914656620,947,914697579
947,915950231,947,915998451
947,917251137,947,917292557
947,918545242,947,918600505
947,919853183,947,919903046
947,921155801,947,921210335
947,922463093,947,922510527
947,923763212,947,923813196
947,925065937,947,925113886
947,926366668,947,926414572
947,927667272,947,927710180
947,928962994,947,929018799
947,930271516,947,930312873
947,931565573,947,931620550
947,932873262,947,932921716
947,934174421,947,934228721
947,935481421,947,935523126
947,936775813,947,936830128
947,938082864,947,938130803
947,939383501,947,939430035
947,940688913,947,940728702
947,941981412,947,942027909
947,943280609,947,943329580
947,944582291,947,944630108
947,945882863,947,945924172
947,947176914,947,947227352
947,948480061,947,948521445
947,949774225,947,949829752
947,951082479,947,951116650
947,952369370,947,952427054
947,953679791,947,953728243
947,954980927,947,955015331
947,956267987,947,956315474
947,957568186,947,957629208
947,958881952,947,958922952
947,960175643,947,960227136
947,961479865,947,961528670
947,962781353,947,962828993
947,964081692,947,964130764
947,965383538,947,965437490
947,966690256,947,966731043
947,967983767,947,968031040
947,969283843,947,969326459
947,970579192,947,970641144
947,971893876,947,971937159
947,973189911,947,973251937
947,974504680,947,974558546
947,975811256,947,975859109
947,977111849,947,977159683
947,978412411,947,978460229
947,979712984,947,979761478
947,981015637,947,981063676
947,982316847,947,982358101
947,983617474,947,983667266
947,984920004,947,984961321
947,986214067,947,986260553
947,987513282,947,987554701
947,988807409,947,988870334
947,990123029,947,990165368
947,991418114,947,991489444
947,992742199,947,992785311
947,994038009,947,994329673
947,995583065,947,995624640
947,996877373,947,996932086
947,998184784,947,998231699
947,999490454,947,999519010
948,000771743,948,000819285
948,002072157,948,002111825
948,003364543,948,003406344
948,004659096,948,004713752
948,005966782,948,006013606
948,007266263,948,007311765
948,008564443,948,008605866
948,009858648,948,009906758
948,011159500,948,011202197
948,012454888,948,012510608
948,013763372,948,013806306
948,015059041,948,015098295
948,016350932,948,016401155
948,017653928,948,017707935
948,018960690,948,018994750
948,020247402,948,020302195
948,021554993,948,021609587
948,022862262,948,022917923
948,024170620,948,024213803
948,025466558,948,025520318
948,026773069,948,026814087
948,028066770,948,028122011
948,029383122,948,029431876
948,030684641,948,030739807
948,031992588,948,032043195
948,033296056,948,033351455
948,034604161,948,034645928
948,035898642,948,035954249
948,037207038,948,037248501
948,038501222,948,038550655
948,039803418,948,039851913
948,041104812,948,041167622
948,042420383,948,042469158
948,043721909,948,043761648
948,045014381,948,045055880
948,046308552,948,046353933
948,047606627,948,047660417
948,048913232,948,048961320
948,050213970,948,050262360
948,051515105,948,051564164
948,052816901,948,052860657
948,054113355,948,054169495
948,055422170,948,055463607
948,056716337,948,056779014
948,058031706,948,058072836
948,059332169,948,059373742
948,060626464,948,060669744
948,061922454,948,061976599
948,063229280,948,063264852
948,064517590,948,064559106
948,065811822,948,065858450
948,067111144,948,067145225
948,068397902,948,068439569
948,069692267,948,069747707
948,071000396,948,071043642
948,072296280,948,072352079
948,073604801,948,073645969
948,074898680,948,074947158
948,076199862,948,076241273
948,077493955,948,077556160
948,078808802,948,078850177
948,080104560,948,080147943
948,081416069,948,081450329
948,082703076,948,082758236
948,084025627,948,084062258
948,085314989,948,085370255
948,086622930,948,086669568
948,087922212,948,087970606
948,089223316,948,089264756
948,090517488,948,090586674
948,091839396,948,091886189
948,093138888,948,093193268
948,094445958,948,094493453
948,095746185,948,095801929
948,097054651,948,097096092
948,098348762,948,098403750
948,099656453,948,099698337
948,100967415,948,101008743
948,102261485,948,102310521
948,103563268,948,103616551
948,104869306,948,104915927
948,106168651,948,106216591
948,107469289,948,107510826
948,108763551,948,108818987
948,110071704,948,110113192
948,111365934,948,111402773
948,112655399,948,112703035
948,113955750,948,114010017
948,115264430,948,115305612
948,116558277,948,116613739
948,117866423,948,117907778
948,119160471,948,119210602
948,120463369,948,120511898
948,121764609,948,121811426
948,123064121,948,123107281
948,124359983,948,124408409
948,125661105,948,125709183
948,126961954,948,127008400
948,128261095,948,128309429
948,129562174,948,129608910
948,130861633,948,130897251
948,132149870,948,132206270
948,133459001,948,133507567
948,134760318,948,134815482
948,136068203,948,136113389
948,137366161,948,137421610
948,138674287,948,138715238
948,139967941,948,140017026
948,141269813,948,141310967
948,142563631,948,142611620
948,143864306,948,143912193
948,145164915,948,145225663
948,146478318,948,146526430
948,147782219,948,147838399
948,149091108,948,149133874
948,150386627,948,150441994
948,151694736,948,151741467
948,152994181,948,153042390
948,154295096,948,154344549
948,155597275,948,155645787
948,156898575,948,156940971
948,158193646,948,158248930
948,159501635,948,159543765
948,160796458,948,160845138
948,162097884,948,162138981
948,163391702,948,163439830
948,164692616,948,164739829
948,165992527,948,166046614
948,167299244,948,167346281
948,168599011,948,168645845
948,169898535,948,169945625
948,171198309,948,171245302
948,172498027,948,172539181
948,173792008,948,173854087
948,175106848,948,175162441
948,176415155,948,176468779
948,177721533,948,177763838
948,179016548,948,179071852
948,180324497,948,180366030
948,181618730,948,181673532
948,182932458,948,182973474
948,184226173,948,184273522
948,185526297,948,185567566
948,186820227,948,186875892
948,188128505,948,188175786
948,189428578,948,189468453
948,190721119,948,190768087
948,192010327,948,192053555
948,193306301,948,193354958
948,194607657,948,194655392
948,195908103,948,195949901
948,197202639,948,197257838
948,198510525,948,198553749
948,199806431,948,199862310
948,201114998,948,201156372
948,202415293,948,202470405
948,203723132,948,203766540
948,205019280,948,205067204
948,206319873,948,206362185
948,207614901,948,207663798
948,208916520,948,208958257
948,210210987,948,210258872
948,211511582,948,211560582
948,212813304,948,212860016
948,214112795,948,214160614
948,215413320,948,215460036
948,216712712,948,216760397
948,218013133,948,218059828
948,219312581,948,219354857
948,220607547,948,220663300
948,221915971,948,221956756
948,223209445,948,223259421
948,224512262,948,224553869
948,225806571,948,225861422
948,227114210,948,227161530
948,228414267,948,228467837
948,229720559,948,229767598
948,231020288,948,231068534
948,232321191,948,232362596
948,233615320,948,233663345
948,234916026,948,234964909
948,236217585,948,236275032
948,237527789,948,237574622
948,238827275,948,238883167
948,240135802,948,240184233
948,241437058,948,241503001
948,242755736,948,242799044
948,244003112,948,244051174
948,245303905,948,245350533
948,246603245,948,246649182
948,247901863,948,247948884
948,249201623,948,249255794
948,250508510,948,250556983
948,251809691,948,251865353
948,253118054,948,253159047
948,254411767,948,254466683
948,255719347,948,255761153
948,257013845,948,257068934
948,258321655,948,258364571
948,259617237,948,259651635
948,260904355,948,260946228
948,262198973,948,262254113
948,263506795,948,263555139
948,264807914,948,264858072
948,266113481,948,266156561
948,267409255,948,267464164
948,268716823,948,268758403
948,270011185,948,270059450
948,271312188,948,271353874
948,272606561,948,272662298
948,273915027,948,273962207
948,275214912,948,275263136
948,276515843,948,276557340
948,277810062,948,277857639
948,279110340,948,279151764
948,280404455,948,280453030
948,281705744,948,281746551
948,282999263,948,283055029
948,284307645,948,284351131
948,285603806,948,285659018
948,286911757,948,286959522
948,288212229,948,288258955
948,289511733,948,289558879
948,290811624,948,290853033
948,292105685,948,292147622
948,293400344,948,293454524
948,294707238,948,294748498
948,296012589,948,296054116
948,297322211,948,297363266
948,298615901,948,298669324
948,299922046,948,299975983
948,301228779,948,301283213
948,302535913,948,302583930
948,303836731,948,303892096
948,305150710,948,305192153
948,306444787,948,306500047
948,307752712,948,307794316
948,309047045,948,309093842
948,310346559,948,310393693
948,311646458,948,311694910
948,312947650,948,312988991
948,314241704,948,314296604
948,315549271,948,315590459
948,316843131,948,316890017
948,318142716,948,318189332
948,319442009,948,319490011
948,320742782,948,320790025
948,322042753,948,322096537
948,323349215,948,323393960
948,324646747,948,324702184
948,325954929,948,325995910
948,327248655,948,327296900
948,328549582,948,328596751
948,329849414,948,329903564
948,331156223,948,331197580
948,332450294,948,332498895
948,333751681,948,333799118
948,335051817,948,335105885
948,336358490,948,336406287
948,337659011,948,337713501
948,338966151,948,339007573
948,340260263,948,340314179
948,341566928,948,341608369
948,342861665,948,342888789
948,344141447,948,344177025
948,345429749,948,345486775
948,346739484,948,346780431
948,348003005,948,348051451
948,349304166,948,349357545
948,350610260,948,350667091
948,351919760,948,351961586
948,353214294,948,353268958
948,354521647,948,354562689
948,355815395,948,355855311
948,357108066,948,357155247
948,358407961,948,358455920
948,359708653,948,359750361
948,361003096,948,361050875
948,362303623,948,362345063
948,363597769,948,363646575
948,364899344,948,364941968
948,366194715,948,366249948
948,367502616,948,367550781
948,368803527,948,368851589
948,370104333,948,370145316
948,371398022,948,371446239
948,372699021,948,372740545
948,373993268,948,374041417
948,375294188,948,375560434
948,376813208,948,376862228
948,378114947,948,378149070
948,379402261,948,379429131
948,380681911,948,380723350
948,381976088,948,382023514
948,383276176,948,383319352
948,384574527,948,384617880
948,385870609,948,385911737
948,387164418,948,387212572
948,388465195,948,388506664
948,389759385,948,389814095
948,391066810,948,391108284
948,392360964,948,392408796
948,393661555,948,393708237
948,394960952,948,395008185
948,396260812,948,396302124
948,397554818,948,397602519
948,398855273,948,398896902
948,400149543,948,400196592
948,401449271,948,401496531
948,402749256,948,402796722
948,404003031,948,404052721
948,405305493,948,405360997
948,406613684,948,406655034
948,407907744,948,407955850
948,409208595,948,409249872
948,410502605,948,410557867
948,411810562,948,411851932
948,413104606,948,413160005
948,414412683,948,414453735
948,415706446,948,415769306
948,417022028,948,417069129
948,418321822,948,418376058
948,419628757,948,419675767
948,420928504,948,420975192
948,422227935,948,422269050
948,423521765,948,423570217
948,424822953,948,424870076
948,426122835,948,426169458
948,427422140,948,427463557
948,428716269,948,428773297
948,430033610,948,430067561
948,431320321,948,431373949
948,432626685,948,432669998
948,433922736,948,433977743
948,435230418,948,435271458
948,436524146,948,436578833
948,437831561,948,437872641
948,439125303,948,439173000
948,440425623,948,440472437
948,441725168,948,441771714
948,443024374,948,443073087
948,444325739,948,444375320
948,445628105,948,445669415
948,446922132,948,446970417
948,448223038,948,448265836
948,449518549,948,449572601
948,450825285,948,450872595
948,452125239,948,452179979
948,453432720,948,453475481
948,454728311,948,454775826
948,456010257,948,456051699
948,457304471,948,457366598
948,458619360,948,458662053
948,459914823,948,459950129
948,461202895,948,461249866
948,462502602,948,462556664
948,463809331,948,463857953
948,465110655,948,465158850
948,466411563,948,466452606
948,467705268,948,467760376
948,469013160,948,469062085
948,470314797,948,470370076
948,471622771,948,471664249
948,472932825,948,472973645
948,474226352,948,474267732
948,475520484,948,475576280
948,476837574,948,476878118
948,478130857,948,478185009
948,479437688,948,479484729
948,480739102,948,480791463
948,482044608,948,482085950
948,483338740,948,483387052
948,484639802,948,484681223
948,485933960,948,485989065
948,487241763,948,487291018
948,488543733,948,488605521
948,489858317,948,489899697
948,491152442,948,491208098
948,492460773,948,492502416
948,493755142,948,493802485
948,495056309,948,495106200
948,496358975,948,496398902
948,497651593,948,497698815
948,498951589,948,498998688
948,500251365,948,500292749
948,501545512,948,501600882
948,502862037,948,502901636
948,504154364,948,504217591
948,505470303,948,505511370
948,506764092,948,506818173
948,508070907,948,508120176
948,509372955,948,509427975
948,510680673,948,510721333
948,511974067,948,512024032
948,513276789,948,513318231
948,514570919,948,514619046
948,515871740,948,515914854
948,517167594,948,517224615
948,518477338,948,518518389
948,519771002,948,519831070
948,521083811,948,521137923
948,522390623,948,522445690
948,523698354,948,523740216
948,524992949,948,525048650
948,526301344,948,526342582
948,527595282,948,527643242
948,528895964,948,528937245
948,530190025,948,530244344
948,531497052,948,531538895
948,532791649,948,532852770
948,534105476,948,534146265
948,535398939,948,535448857
948,536701598,948,536742825
948,537995556,948,538050724
948,539303435,948,539357397
948,540610168,948,540658799
948,541911516,948,541953022
948,543205717,948,543254192
948,544506947,948,544548547
948,545801260,948,545856287
948,547109068,948,547150364
948,548403014,948,548450961
948,549703689,948,549744797
948,550997529,948,551052959
948,552305674,948,552341440
948,553608742,948,553650493
948,554903348,948,554945179
948,556197910,948,556238925
948,557491643,948,557532804
948,558785535,948,558833450
948,560086164,948,560135197
948,561387900,948,561446933
948,562699648,948,562753596
948,564008384,948,564055790
948,565308578,948,565349479
948,566602158,948,566648825
948,567901503,948,567954818
948,569207590,948,569263113
948,570515885,948,570556753
948,571809490,948,571863845
948,573132630,948,573173980
948,574426736,948,574483690
948,575736400,948,575784150
948,577036936,948,577092655
948,578345405,948,578386277
948,579639098,948,579686926
948,580939765,948,580986932
948,582239663,948,582300534
948,583553196,948,583600233
948,584852912,948,584899991
948,586152673,948,586199186
948,587451842,948,587499921
948,588752661,948,588796108
948,590048800,948,590096342
948,591349070,948,591390398
948,592643173,948,592691332
948,593944066,948,593985761
948,595238459,948,595285313
948,596538062,948,596579245
948,597831954,948,597887380
948,599140055,948,599181656
948,600443030,948,600484153
948,601736913,948,601777941
948,603030660,948,603079030
948,604331722,948,604366304
948,605618981,948,605673181
948,606925904,948,606967009
948,608221200,948,608261174
948,609513875,948,609555156
948,610807819,948,610855334
948,612107991,948,612148092
948,613400796,948,613454256
948,614706963,948,614754144
948,616003039,948,616057459
948,617310134,948,617351261
948,618603906,948,618659186
948,619920930,948,619955442
948,621211195,948,621266178
948,622518803,948,622565810
948,623818492,948,623873005
948,625125695,948,625173280
948,626425989,948,626465663
948,627718317,948,627765957
948,629018718,948,629065667
948,630318343,948,630365159
948,631624720,948,631665832
948,632918543,948,632960323
948,634213062,948,634259711
948,635512474,948,635557454
948,636810189,948,636865949
948,638118593,948,638159963
948,639412679,948,639466417
948,640719081,948,640760627
948,642013375,948,642061059
948,643313767,948,643360953
948,644613715,948,644669049
948,645921715,948,645968677
948,647221359,948,647277426
948,648530181,948,648577142
948,649829904,948,649876305
948,651128984,948,651175754
948,652428577,948,652476682
948,653729370,948,653770082
948,655022783,948,655077906
948,656330507,948,656372367
948,657625102,948,657672779
948,658925466,948,658966891
948,660219578,948,660267890
948,661520661,948,661561505
948,662814230,948,662868360
948,664120948,948,664162199
948,665414902,948,665469930
948,666722632,948,666769491
948,668006023,948,668047240
948,669315360,948,669355911
948,670608621,948,670655052
948,671907719,948,671949268
948,673202042,948,673249728
948,674502464,948,674549528
948,675802214,948,675857807
948,677110561,948,677152240
948,678404933,948,678452518
948,679705156,948,679746493
948,680999302,948,681047285
948,682299999,948,682341144
948,683593871,948,683641860
948,684894580,948,684937830
948,686190512,948,686238188
948,687490828,948,687532547
948,688785265,948,688840543
948,690093187,948,690134053
948,691386728,948,691434418
948,692687079,948,692735950
948,693988724,948,694035396
948,695288097,948,695329791
948,696582518,948,696643962
948,697896632,948,697937813
948,699190468,948,699245802
948,700514277,948,700548693
948,701801369,948,701856727
948,703109389,948,703151025
948,704405128,948,704445849
948,705698517,948,705752647
948,707005375,948,707046635
948,708299352,948,708333583
948,709586230,948,709641204
948,710893888,948,710935557
948,712188194,948,712236718
948,713489398,948,713530179
948,714782886,948,714830411
948,716084591,948,716120916
948,717373700,948,717427783
948,718680476,948,718723382
948,719976113,948,720024281
948,721277052,948,721318406
948,722571078,948,722618996
948,723871678,948,723913509
948,725166216,948,725214300
948,726466986,948,726507840
948,727760523,948,727801498
948,729054166,948,729101286
948,730354044,948,730400629
948,731653317,948,731702868
948,732964673,948,733005310
948,734258030,948,734299022
948,735551682,948,735599419
948,736852103,948,736899037
948,738151745,948,738206771
948,739469487,948,739511062
948,740763744,948,740819421
948,742072137,948,742113485
948,743366226,948,743414356
948,744667114,948,744708298
948,745961024,948,746009460
948,747262219,948,747309250
948,748561942,948,748610587
948,749863329,948,749904291
948,751156993,948,751199737
948,752452465,948,752493955
948,753746667,948,753800382
948,755053041,948,755100793
948,756353593,948,756400697
948,757653440,948,757694398
948,758947089,948,759009949
948,760262600,948,760304240
948,761556935,948,761604751
948,762857414,948,762898906
948,764153717,948,764194617
948,765447313,948,765488669
948,766741432,948,766790987
948,768025690,948,768060378
948,769313083,948,769368419
948,770621103,948,770662149
948,771914815,948,771970255
948,773222953,948,773269770
948,774522480,948,774576304
948,775828962,948,775870581
948,777123275,948,777170007
948,778422690,948,778469397
948,779722058,948,779771439
948,781033247,948,781069303
948,782321978,948,782377226
948,783629944,948,783673268
948,784926013,948,784981534
948,786234227,948,786275033
948,787527702,948,787575897
948,788828617,948,788877164
948,790129865,948,790183712
948,791436387,948,791477688
948,792730383,948,792769981
948,794022795,948,794065418
948,795318134,948,795366365
948,796627811,948,796662022
948,797914755,948,797962279
948,799214997,948,799256460
948,800509253,948,800571552
948,801824256,948,801865156
948,803117820,948,803173190
948,804425887,948,804462158
948,805714844,948,805771653
948,807024329,948,807065697
948,808318449,948,808374055
948,809626803,948,809667871
948,810920606,948,810976053
948,812228680,948,812262674
948,813515435,948,813570684
948,814823422,948,814864838
948,816117542,948,816158905
948,817411753,948,817452761
948,818705436,948,818754782
948,820003190,948,820044952
948,821297699,948,821353003
948,822605680,948,822646833
948,823899473,948,823947646
948,825200370,948,825241825
948,826494534,948,826549675
948,827802403,948,827843870
948,829105492,948,829146627
948,830399362,948,830440338
948,831693030,948,831740162
948,832992943,948,833036002
948,834288718,948,834342622
948,835595347,948,835642378
948,836895124,948,836943232
948,838195947,948,838238892
948,839491605,948,839541132
948,840793881,948,840835448
948,842088156,948,842136424
948,843389321,948,843431098
948,844693011,948,844733793
948,845986532,948,846028056
948,847280716,948,847328864
948,848581508,948,848622939
948,849875633,948,849922034
948,851174710,948,851223737
948,852476394,948,852536348
948,853789065,948,853830114
