874,958609892,874,958752686
874,958830919,874,958860491
874,958923451,874,958951167
874,959013772,874,959041714
874,959104734,874,959133901
874,959196548,874,959224898
874,959287467,874,959316880
874,959379511,874,959406397
874,959469175,874,959496309
874,959558924,874,959585904
874,959648481,874,959676797
874,959739459,874,959766252
874,959828954,874,959855624
874,959918303,874,959946579
874,960049815,874,960076952
874,960139686,874,960166708
874,960229334,874,960256601
874,960319166,874,960351663
874,960414292,874,960441258
874,960503906,874,960544355
874,960607008,874,960640677
874,960703319,874,960731883
874,960794483,874,960821678
874,960884245,874,960910689
874,960973258,874,961000104
874,961062729,874,961089851
874,961152715,874,961179449
874,961242173,874,961268694
874,961331258,874,961365173
874,961427799,874,961454502
874,961517211,874,961544292
874,961606934,874,961641263
874,961703932,874,961730442
874,961793048,874,961820358
874,961882939,874,961909829
874,961972398,874,962001107
874,962063755,874,962098588
874,962161233,874,962189633
874,962252303,874,962286035
874,962348787,874,962375467
874,962438178,874,962464877
874,962527592,874,962554352
874,962616971,874,962650232
874,962712920,874,962739476
874,962802103,874,962828868
874,962891445,874,962918258
874,962980835,874,963007565
874,963070175,874,963097891
874,963160593,874,963187075
874,963249748,874,963276696
874,963339331,874,963366408
874,963429044,874,963463763
874,963526458,874,963553560
874,963616156,874,963643079
874,963705710,874,963732612
874,963795260,874,963822164
874,963884762,874,963911492
874,963974082,874,964010722
874,964075137,874,964109564
874,964173719,874,964202351
874,964266182,874,964292659
874,964355291,874,964383942
874,964446548,874,964473453
874,964536100,874,964563485
874,964626081,874,964653005
874,964715588,874,964741920
874,964804510,874,964831142
874,964893732,874,964920386
874,964983050,874,965021952
874,965084567,874,965111194
874,965173750,874,965200136
874,965262690,874,965289312
874,965351885,874,965378176
874,965440825,874,965466930
874,965529549,874,965555851
874,965618428,874,965644791
874,965707402,874,965733769
874,965796343,874,965822732
874,965885325,874,965912330
874,965974914,874,966003473
874,966066115,874,966094131
874,966156737,874,966190706
874,966253386,874,966281964
874,966344615,874,966370744
874,966433402,874,966459865
874,966522506,874,966550445
874,966613174,874,966639666
874,966702307,874,966728669
874,966791263,874,966817887
874,966880561,874,966914679
874,966977223,874,967010370
874,967072933,874,967100193
874,967170927,874,967197604
874,967260184,874,967286637
874,967349227,874,967375942
874,967438650,874,967465685
874,967528354,874,967554890
874,967617433,874,967644056
874,967706756,874,967733126
874,967795764,874,967823808
874,967886397,874,967912642
874,967975262,874,968006736
874,968069995,874,968097037
874,968159775,874,968186413
874,968249000,874,968282363
874,968345010,874,968371924
874,968434544,874,968460967
874,968523629,874,968549809
874,968612486,874,968639031
874,968701675,874,968728330
874,968790986,874,968817260
874,968879856,874,968906262
874,968968985,874,968995316
874,969057939,874,969084414
874,969147046,874,969173236
874,969235846,874,969262326
874,969324943,874,969351325
874,969414035,874,969441033
874,969503722,874,969530166
874,969592860,874,969619426
874,969682095,874,969708496
874,969771139,874,969798041
874,969860663,874,969887230
874,969949912,874,969976534
874,970039274,874,970065808
874,970128435,874,970154820
874,970217419,874,970243890
874,970306486,874,970333196
874,970395875,874,970422557
874,970485186,874,970511628
874,970574252,874,970600858
874,970663502,874,970697256
874,970759849,874,970786281
874,970848978,874,970875413
874,970938013,874,970964446
874,971027066,874,971055585
874,971118220,874,971145131
874,971207663,874,971240367
874,971303278,874,971329903
874,971392477,874,971427955
874,971490555,874,971524222
874,971586871,874,971613235
874,971675872,874,971702786
874,971765395,874,971792315
874,971854927,874,971881214
874,971943901,874,971970292
874,972005198,874,972031972
874,972094678,874,972121129
874,972183895,874,972210344
874,972272979,874,972299590
874,972362177,874,972388845
874,972451463,874,972477902
874,972540542,874,972566982
874,972629647,874,972662140
874,972724736,874,972751106
874,972813744,874,972841960
874,972904608,874,972930786
874,972993474,874,973019948
874,973082580,874,973109249
874,973171825,874,973198868
874,973261487,874,973288126
874,973350711,874,973377015
874,973439600,874,973466093
874,973528643,874,973555013
874,973617576,874,973645441
874,973707987,874,973734234
874,973796842,874,973823243
874,973885860,874,973912321
874,973974960,874,974003148
874,974065752,874,974092049
874,974154718,874,974186804
874,974249439,874,974277990
874,974340643,874,974375811
874,974438418,874,974465064
874,974527754,874,974554438
874,974617005,874,974650516
874,974713100,874,974739379
874,974801947,874,974828341
874,974890975,874,974917191
874,974979803,874,975005968
874,975068663,874,975095407
874,975158018,874,975184629
874,975247290,874,975274292
874,975340529,874,975367554
874,975430177,874,975456567
874,975519176,874,975545682
874,975608342,874,975634671
874,975697260,874,975725243
874,975787859,874,975814135
874,975876681,874,975902914
874,975965453,874,975992030
874,976054650,874,976081510
874,976144277,874,976170554
874,976233133,874,976259694
874,976322339,874,976348657
874,976411248,874,976437928
874,976500539,874,976527472
874,976590049,874,976616504
874,976679114,874,976705641
874,976768261,874,976796638
874,976859270,874,976885940
874,976948598,874,976974849
874,977037488,874,977063810
874,977126494,874,977152793
874,977215512,874,977242038
874,977304659,874,977332979
874,977395627,874,977422536
874,977485230,874,977512884
874,977575533,874,977601751
874,977664369,874,977690844
874,977753495,874,977779783
874,977842375,874,977868896
874,977931477,874,977958221
874,978020856,874,978047164
874,978109767,874,978136732
874,978199362,874,978226036
874,978288800,874,978315459
874,978378153,874,978404769
874,978467406,874,978493974
874,978556571,874,978583017
874,978645618,874,978671989
874,978734572,874,978762861
874,978825433,874,978851712
874,978914289,874,978947202
874,979009773,874,979036143
874,979098724,874,979125943
874,979188510,874,979215084
874,979277717,874,979323172
874,979385791,874,979412227
874,979474811,874,979508431
874,979571077,874,979597623
874,979660226,874,979686414
874,979749079,874,979775582
874,979838171,874,979864509
874,979927082,874,979953534
874,980003496,874,980029979
874,980092541,874,980118896
874,980181464,874,980208023
874,980270593,874,980296693
874,980359341,874,980386675
874,980449264,874,980482299
874,980544899,874,980571728
874,980634346,874,980660646
874,980723221,874,980751975
874,980814635,874,980840823
874,980903459,874,980929743
874,980992300,874,981026377
874,981089117,874,981115680
874,981178370,874,981204738
874,981267367,874,981293523
874,981356222,874,981382817
874,981445546,874,981471891
874,981534496,874,981560986
874,981623677,874,981651939
874,981714565,874,981741324
874,981803941,874,981830523
874,981893166,874,981919441
874,981982106,874,982008519
874,982071087,874,982097361
874,982159970,874,982186411
874,982249067,874,982275326
874,982337865,874,982366368
874,982428916,874,982456017
874,982518695,874,982545556
874,982608163,874,982635051
874,982697648,874,982723957
874,982786620,874,982813278
874,982875942,874,982902556
874,982965221,874,982998960
874,983061496,874,983088449
874,983151036,874,983177455
874,983240084,874,983266452
874,983329120,874,983357695
874,983420331,874,983446783
874,983512841,874,983539751
874,983602391,874,983628838
874,983691474,874,983717639
874,983780286,874,983806826
874,983869411,874,983896273
874,983958887,874,983985344
874,984008505,874,984037285
874,984099873,874,984126445
874,984189016,874,984215317
874,984277910,874,984304295
874,984366868,874,984395178
874,984457802,874,984484261
874,984546864,874,984573559
874,984636289,874,984662960
874,984725572,874,984752216
874,984814831,874,984841245
874,984903853,874,984930135
874,984992742,874,985019776
874,985082365,874,985115371
874,985177970,874,985204460
874,985267029,874,985293238
874,985355854,874,985382472
874,985445084,874,985471623
874,985534198,874,985560677
874,985623341,874,985657138
874,985719720,874,985745833
874,985808492,874,985834947
874,985897577,874,985923858
874,985986480,874,986012892
874,986075611,874,986102447
874,986165030,874,986192902
874,986255518,874,986282300
874,986344886,874,986371143
874,986433786,874,986460594
874,986523172,874,986551008
874,986613564,874,986640119
874,986702782,874,986729704
874,986792311,874,986818907
874,986881506,874,986907893
874,986970499,874,986998466
874,987061051,874,987088070
874,987150660,874,987177401
874,987240017,874,987266316
874,987328929,874,987357335
874,987419879,874,987446136
874,987508800,874,987536114
874,987598730,874,987625235
874,987687790,874,987714321
874,987777036,874,987803574
874,987866229,874,987892427
874,987955032,874,987981347
874,988003468,874,988031971
874,988094625,874,988121339
874,988183999,874,988210402
874,988273101,874,988299864
874,988362509,874,988388799
874,988451438,874,988477500
874,988540161,874,988566612
874,988629206,874,988655585
874,988718214,874,988744788
874,988807458,874,988834318
874,988896976,874,988923255
874,988985936,874,989012582
874,989075157,874,989101403
874,989164099,874,989190441
874,989253012,874,989279524
874,989342103,874,989368566
874,989431191,874,989457641
874,989520275,874,989546767
874,989609354,874,989637439
874,989700014,874,989726142
874,989788707,874,989815444
874,989878150,874,989904663
874,989967316,874,989993682
874,990056365,874,990082607
874,990145183,874,990171503
874,990234163,874,990261077
874,990323714,874,990350549
874,990413213,874,990441245
874,990503839,874,990530359
874,990592946,874,990619130
874,990681753,874,990708017
874,990770605,874,990798644
874,990861258,874,990887492
874,990950262,874,990976865
874,991039441,874,991093065
874,991155657,874,991193647
874,991256354,874,991285000
874,991347608,874,991375571
874,991438175,874,991464709
874,991527308,874,991553478
874,991619379,874,991646130
874,991708794,874,991735359
874,991798012,874,991824678
874,991887333,874,991913999
874,991976582,874,992013328
874,992076617,874,992106111
874,992168942,874,992197400
874,992260142,874,992286547
874,992349139,874,992375648
874,992438281,874,992465160
874,992527800,874,992554642
874,992617317,874,992643644
874,992706337,874,992734277
874,992796882,874,992823096
874,992885657,874,992912266
874,992974852,874,993000980
874,993063649,874,993090129
874,993152740,874,993179177
874,993241786,874,993268508
874,993331274,874,993357610
874,993420197,874,993448407
874,993511059,874,993537505
874,993600107,874,993626611
874,993689223,874,993715629
874,993778268,874,993804690
874,993867247,874,993893710
874,993956323,874,993982508
874,994045067,874,994071563
874,994134183,874,994160971
874,994402721,874,994433353
874,994506692,874,994533142
874,994595743,874,994622108
874,994684736,874,994710891
874,994773515,874,994800357
874,994862951,874,994889674
874,994952242,874,994978605
874,995041197,874,995083446
874,995146034,874,995172521
874,995235125,874,995261537
874,995324101,874,995350281
874,995412935,874,995439713
874,995502327,874,995528842
874,995591457,874,995619498
874,995682137,874,995708139
874,995770744,874,995798755
874,995861416,874,995887578
874,995950201,874,995976776
874,996040803,874,996068441
874,996131172,874,996159736
874,996222323,874,996249021
874,996311616,874,996338130
874,996400795,874,996427327
874,996489913,874,996516619
874,996579236,874,996605593
874,996668215,874,996694637
874,996757201,874,996783395
874,996845986,874,996872708
874,996935404,874,996961987
874,997024583,874,997052837
874,997115463,874,997141633
874,997204344,874,997231068
874,997293765,874,997321983
874,997384588,874,997411024
874,997473661,874,997500007
874,997562631,874,997589102
874,997651713,874,997678572
874,997741175,874,997767425
874,997830002,874,997856560
874,997919096,874,997945487
874,998008098,874,998034198
874,998096834,874,998123219
874,998185777,874,998214181
874,998276775,874,998304704
874,998367304,874,998394039
874,998456712,874,998483428
874,998546099,874,998572701
874,998635372,874,998662415
874,998725059,874,998751480
874,998814096,874,998840735
874,998903359,874,998931219
874,998993852,874,999020464
874,999083088,874,999110106
874,999172753,874,999200063
874,999262687,874,999289091
874,999351714,874,999378383
874,999441060,874,999467375
874,999530019,874,999556400
874,999618968,874,999645066
874,999707710,874,999762362
874,999824996,874,999851537
874,999914085,874,999940372
875,000004747,875,000031509
875,000094306,875,000120787
875,000183468,875,000210060
875,000272694,875,000299111
875,000363712,875,000390397
875,000453016,875,000479459
875,000542088,875,000568285
875,000630942,875,000657511
875,000720168,875,000746305
875,000808905,875,000835243
875,000897847,875,000929863
875,000992445,875,001018692
875,001081348,875,001109787
875,001172421,875,001199063
875,001261703,875,001288725
875,001351345,875,001377612
875,001440216,875,001466627
875,001529349,875,001556136
875,001618808,875,001645233
875,001707814,875,001734486
875,001797142,875,001823650
875,001886195,875,001919309
875,001981915,875,002015151
875,002077795,875,002106199
875,002168860,875,002195138
875,002257798,875,002286044
875,002348643,875,002374815
875,002437399,875,002463694
875,002526368,875,002552900
875,002615570,875,002641782
875,002704401,875,002736566
875,002799193,875,002825470
875,002888185,875,002914538
875,002977167,875,003010870
875,003073443,875,003100281
875,003163326,875,003189997
875,003252583,875,003278795
875,003341423,875,003367857
875,003430502,875,003457048
875,003519698,875,003546909
875,003609446,875,003635574
875,003698170,875,003724805
875,003787498,875,003819658
875,003882265,875,003908994
875,003971690,875,003997998
875,004060734,875,004087805
875,004150433,875,004178604
875,004241260,875,004274078
875,004336704,875,004363032
875,004425614,875,004452058
875,004514765,875,004541455
875,004604044,875,004630307
875,004692983,875,004720816
875,004783473,875,004809840
875,004872447,875,004899084
875,004961739,875,004989277
875,005051863,875,005078252
875,005140897,875,005167439
875,005230132,875,005256477
875,005319097,875,005345429
875,005408015,875,005434621
875,005497281,875,005523904
875,005586484,875,005613228
875,005675845,875,005702322
875,005764942,875,005791521
875,005854161,875,005880286
875,005942955,875,005969561
875,006032213,875,006058917
875,006121587,875,006147897
875,006210506,875,006236988
875,006299631,875,006326646
875,006389336,875,006422443
875,006485024,875,006527252
875,006589851,875,006616418
875,006679021,875,006705458
875,006768089,875,006794483
875,006857120,875,006883732
875,006946398,875,006972922
875,007035484,875,007065311
875,007128000,875,007154663
875,007217270,875,007243456
875,007306068,875,007332598
875,007395239,875,007421389
875,007483976,875,007510507
875,007573153,875,007599573
875,007662175,875,007690156
875,007752775,875,007779901
875,007842562,875,007869981
875,007932645,875,007958935
875,008003447,875,008030237
875,008092842,875,008119195
875,008185332,875,008211845
875,008274405,875,008300856
875,008363438,875,008389941
875,008452606,875,008478982
875,008541592,875,008568118
875,008630665,875,008656753
875,008719317,875,008746172
875,008808763,875,008835068
875,008897668,875,008924336
875,008986903,875,009013112
875,009075682,875,009102507
875,009165071,875,009193195
875,009255790,875,009282878
875,009345458,875,009371921
875,009434539,875,009462905
875,009525571,875,009551810
875,009614385,875,009640826
875,009703383,875,009729681
875,009792285,875,009818626
875,009881234,875,009909228
875,009971832,875,009998032
875,010060650,875,010087218
875,010149820,875,010176233
875,010238839,875,010265827
875,010328394,875,010354693
875,010417324,875,010443775
875,010506363,875,010532772
875,010595401,875,010623403
875,010686101,875,010720360
875,010782999,875,010809230
875,010871830,875,010898671
875,010961287,875,010987742
875,011050454,875,011077732
875,011140345,875,011166377
875,011229143,875,011255716
875,011318409,875,011345576
875,011408205,875,011435697
875,011498340,875,011525029
875,011587622,875,011613768
875,011676365,875,011702599
875,011765195,875,011791434
875,011854081,875,011880372
875,011943074,875,011969714
875,012003570,875,012030000
875,012092686,875,012127923
875,012190512,875,012217377
875,012280110,875,012306927
875,012369646,875,012395864
875,012458478,875,012484728
875,012547360,875,012573430
875,012636026,875,012662515
875,012725120,875,012751386
875,012813990,875,012842264
875,012904927,875,012931281
875,012993867,875,013020108
875,013082709,875,013114953
875,013177634,875,013203997
875,013266699,875,013294907
875,013357622,875,013384431
875,013447132,875,013474013
875,013536626,875,013564888
875,013627545,875,013653857
875,013716518,875,013742869
875,013805450,875,013831827
875,013894405,875,013920816
875,013983522,875,014011819
875,014074499,875,014100804
875,014163514,875,014189907
875,014252544,875,014279005
875,014341597,875,014367948
875,014430585,875,014457119
875,014519771,875,014551649
875,014614228,875,014648127
875,014710763,875,014736818
875,014799439,875,014827417
875,014890018,875,014916440
875,014979075,875,015005711
875,015068342,875,015095352
875,015157980,875,015191115
875,015253750,875,015280645
875,015343213,875,015369947
875,015432599,875,015464789
875,015527432,875,015566196
875,015628820,875,015655404
875,015718007,875,015744661
875,015807294,875,015835455
875,015898097,875,015924805
875,015987391,875,016013920
875,016076625,875,016103429
875,016166085,875,016193949
875,016256592,875,016283190
875,016353931,875,016380808
875,016443391,875,016477291
875,016539905,875,016566491
875,016629135,875,016657219
875,016719851,875,016746017
875,016808699,875,016835237
875,016897867,875,016924225
875,016986813,875,017015055
875,017077663,875,017105677
875,017168289,875,017201165
875,017263763,875,017292041
875,017354644,875,017387950
875,017450523,875,017476806
875,017539462,875,017566239
875,017628834,875,017655223
875,017717863,875,017744535
875,017807139,875,017833725
875,017896378,875,017925086
875,017987730,875,018013991
875,018076589,875,018102930
875,018165539,875,018193469
875,018256126,875,018282554
875,018345145,875,018371514
875,018434120,875,018460653
875,018523269,875,018549887
875,018612545,875,018638897
875,018701511,875,018727691
875,018790292,875,018816727
875,018879360,875,018905426
875,018968098,875,018994445
875,019057082,875,019085473
875,019148091,875,019174688
875,019237350,875,019265624
875,019328301,875,019355993
875,019418583,875,019446579
875,019509314,875,019535674
875,019598307,875,019625096
875,019687716,875,019714282
875,019776934,875,019803220
875,019865830,875,019892446
875,019955142,875,019981608
875,020003551,875,020030132
875,020092749,875,020120751
875,020183344,875,020209968
875,020272577,875,020299232
875,020361959,875,020388281
875,020450916,875,020477518
875,020540183,875,020566945
875,020629582,875,020655823
875,020718440,875,020744909
875,020807653,875,020834067
875,020896671,875,020923075
875,020985653,875,021011788
875,021074435,875,021100827
875,021163437,875,021189561
875,021252223,875,021278651
875,021341243,875,021368064
875,021430770,875,021458906
875,021521583,875,021547777
875,021610457,875,021637155
875,021699860,875,021726288
875,021788902,875,021815299
875,021877927,875,021904431
875,021967036,875,021993344
875,022055931,875,022082410
875,022145131,875,022171599
875,022234217,875,022260179
875,022322739,875,022349332
875,022411933,875,022438420
875,022501049,875,022527628
875,022590232,875,022616460
875,022679153,875,022712953
875,022775532,875,022802351
875,022864977,875,022891186
875,022953860,875,022980194
875,023042898,875,023069589
875,023132184,875,023158502
875,023221179,875,023247477
875,023310095,875,023336275
875,023398875,875,023425214
875,023487886,875,023516040
875,023578614,875,023605938
875,023668587,875,023694681
875,023757297,875,023784135
875,023846771,875,023872829
875,023935530,875,023961952
875,024003528,875,024030130
875,024092785,875,024118964
875,024181574,875,024208321
875,024270879,875,024297185
875,024359748,875,024386031
875,024452333,875,024479461
875,024542105,875,024568530
875,024631113,875,024657792
875,024720377,875,024746835
875,024809452,875,024835827
875,024898410,875,024925316
875,024987989,875,025016421
875,025079014,875,025104955
875,025167527,875,025193934
875,025256538,875,025282850
875,025345486,875,025371847
875,025434467,875,025460652
875,025523251,875,025549686
875,025612247,875,025640577
875,025703197,875,025731567
875,025794231,875,025820726
875,025883392,875,025911228
875,025973777,875,026000161
875,026062776,875,026089027
875,026151619,875,026178088
875,026240701,875,026267010
875,026329653,875,026363365
875,026425896,875,026454230
875,026516994,875,026545152
875,026607895,875,026634338
875,026696922,875,026723280
875,026785872,875,026812238
875,026874872,875,026901025
875,026963657,875,026990278
875,027052916,875,027080005
875,027142709,875,027169327
875,027231988,875,027258066
875,027320670,875,027347491
875,027410127,875,027436494
875,027499257,875,027525788
875,027588385,875,027614649
875,027677204,875,027703436
875,027766041,875,027792671
875,027855399,875,027882555
875,027945140,875,027971649
875,028003521,875,028030367
875,028093060,875,028119509
875,028182153,875,028208724
875,028271387,875,028297693
875,028360329,875,028386934
875,028449604,875,028476156
875,028538863,875,028565534
875,028628151,875,028654662
875,028717278,875,028743440
875,028806083,875,028832549
875,028895235,875,028921417
875,028984061,875,029010206
875,029072806,875,029099331
875,029161945,875,029188190
875,029250898,875,029277485
875,029340208,875,029366595
875,029429211,875,029455997
875,029518675,875,029546832
875,029609446,875,029635590
875,029698172,875,029724714
875,029787334,875,029813865
875,029876422,875,029902958
875,029965566,875,029991992
875,030054564,875,030080892
875,030143464,875,030169796
875,030232378,875,030258524
875,030321059,875,030347251
875,030409884,875,030436280
875,030498978,875,030525610
875,030588254,875,030614712
875,030677430,875,030704927
875,030767548,875,030793809
875,030856424,875,030883027
875,030945662,875,030972021
875,031034615,875,031072046
875,031134657,875,031161629
875,031224300,875,031251126
875,031313815,875,031341476
875,031404095,875,031430722
875,031493321,875,031519625
875,031582285,875,031609006
875,031671579,875,031699691
875,031762284,875,031788926
875,031851542,875,031878242
875,031940886,875,031967402
875,032003382,875,032030066
875,032092711,875,032119595
875,032182232,875,032208703
875,032271298,875,032298156
875,032360727,875,032387076
875,032449687,875,032475893
875,032542137,875,032568583
875,032631250,875,032657764
875,032720388,875,032746770
875,032809376,875,032835561
875,032898257,875,032931951
875,032994581,875,033021012
875,033083578,875,033109875
875,033172556,875,033198753
875,033261476,875,033288015
875,033350706,875,033377173
875,033439917,875,033467968
875,033530699,875,033557406
875,033619998,875,033646399
875,033708951,875,033735306
875,033797969,875,033824484
875,033887088,875,033913518
875,033976162,875,034002281
875,034064900,875,034091425
875,034154018,875,034180514
875,034243120,875,034269460
875,034332114,875,034366843
875,034429487,875,034455676
875,034518351,875,034550791
875,034613456,875,034639854
875,034702503,875,034729012
875,034791612,875,034818144
875,034880801,875,034907463
875,034970090,875,034996588
875,035059182,875,035086077
875,035148688,875,035175699
875,035238318,875,035264756
875,035327364,875,035353776
875,035416451,875,035444939
875,035507593,875,035534331
875,035596971,875,035623562
875,035686197,875,035712699
875,035775368,875,035801754
875,035864338,875,035890762
875,035953336,875,035979458
875,036003580,875,036030172
875,036092787,875,036118889
875,036181467,875,036213920
875,036276540,875,036302940
875,036365518,875,036392168
875,036454926,875,036481201
875,036543845,875,036570355
875,036632972,875,036660810
875,036723538,875,036755003
875,036817608,875,036843911
875,036906522,875,036933004
875,036995643,875,037022164
875,037084758,875,037112671
875,037175251,875,037201661
875,037264221,875,037290563
875,037353163,875,037379414
875,037442027,875,037468509
875,037531189,875,037557495
875,037620067,875,037646357
875,037708959,875,037735374
875,037798072,875,037825198
875,037887877,875,037914087
875,037976704,875,038003306
875,038065910,875,038092140
875,038154784,875,038181242
875,038243974,875,038270288
875,038332923,875,038360963
875,038423625,875,038451619
875,038514336,875,038541057
875,038603741,875,038636780
875,038699363,875,038732126
875,038794755,875,038821140
875,038883728,875,038910323
875,038972908,875,038999227
875,039061781,875,039088683
875,039151354,875,039178095
875,039240744,875,039267467
875,039330163,875,039356620
875,039419200,875,039445687
875,039508311,875,039534649
875,039597343,875,039623858
875,039686438,875,039712680
875,039775304,875,039801855
875,039864518,875,039891022
875,039953704,875,039980226
875,040003611,875,040030087
875,040092701,875,040125367
875,040187970,875,040216459
875,040279089,875,040305510
875,040368101,875,040394533
875,040457164,875,040483697
875,040546317,875,040572800
875,040639065,875,040667641
875,040730275,875,040756881
875,040819525,875,040845850
875,040908562,875,040934984
875,040997675,875,041024140
875,041086747,875,041112897
875,041175578,875,041202008
875,041264635,875,041291231
875,041353841,875,041380399
875,041442989,875,041469226
875,041531885,875,041558040
875,041620707,875,041647159
875,041709707,875,041736058
875,041798708,875,041830723
875,041893322,875,041919942
875,041982522,875,042008915
875,042071594,875,042098896
875,042161548,875,042187574
875,042250262,875,042276778
875,042339423,875,042365822
875,042428404,875,042454606
875,042517237,875,042545402
875,042608076,875,042634395
875,042697048,875,042723694
875,042786348,875,042812636
875,042875389,875,042901731
875,042964368,875,042990778
875,043053454,875,043080556
875,043143123,875,043169907
875,043232497,875,043258899
875,043321537,875,043347994
875,043410589,875,043438796
875,043501445,875,043529086
875,043591753,875,043618292
875,043680905,875,043707470
875,043770051,875,043796390
875,043859006,875,043885516
875,043948096,875,043974336
875,044003428,875,044029973
875,044092789,875,044119628
875,044182236,875,044208559
875,044271179,875,044297283
875,044359889,875,044386263
875,044448946,875,044476709
875,044539332,875,044565907
875,044628534,875,044662309
875,044724917,875,044751262
875,044813883,875,044842332
875,044905066,875,044932451
875,044995081,875,045021249
875,045083929,875,045110398
875,045173042,875,045199305
875,045261874,875,045288223
875,045350882,875,045377281
875,045439889,875,045466397
875,045529011,875,045555436
875,045618065,875,045644535
875,045707099,875,045735277
875,045797955,875,045824316
875,045886909,875,045913408
875,045976097,875,046004004
875,046066610,875,046093147
875,046155867,875,046183901
875,046246694,875,046273189
875,046335807,875,046362322
875,046425038,875,046451487
875,046514154,875,046540648
875,046603277,875,046629616
875,046692298,875,046719066
875,046781682,875,046808131
875,046870760,875,046897299
875,046959931,875,046986325
875,047049036,875,047076003
875,047138730,875,047165197
875,047227869,875,047254611
875,047317262,875,047343362
875,047406011,875,047432580
875,047495231,875,047521784
875,047584459,875,047610728
875,047673348,875,047699981
875,047762627,875,047790038
875,047852631,875,047879053
875,047941681,875,047968236
875,048003481,875,048030406
875,048093124,875,048119797
875,048182382,875,048210532
875,048273231,875,048299839
875,048362494,875,048388903
875,048451507,875,048477793
