894,112217588,894,112355103
894,112523300,894,112552893
894,112705979,894,112733107
894,112885940,894,112913223
894,113065957,894,113092987
894,113245584,894,113272501
894,113425232,894,113452086
894,113604924,894,113643960
894,113796662,894,113823364
894,113976087,894,114002424
894,114155080,894,114181565
894,114334208,894,114360453
894,114513144,894,114546085
894,114698967,894,114732309
894,114885112,894,114911705
894,115064320,894,115101480
894,115254293,894,115280924
894,115433578,894,115460051
894,115612769,894,115645176
894,115797842,894,115837442
894,115990131,894,116041845
894,116194842,894,116221442
894,116374085,894,116407113
894,116559735,894,116592739
894,116745486,894,116778828
894,116931498,894,116957745
894,117110403,894,117136655
894,117289278,894,117322998
894,117475671,894,117501915
894,117654558,894,117687235
894,117840059,894,117866391
894,118019076,894,118051463
894,118204096,894,118230505
894,118383154,894,118409359
894,118562125,894,118595756
894,118748461,894,118780962
894,118933607,894,118962567
894,119115213,894,119148090
894,119300739,894,119333442
894,119486075,894,119514214
894,119666892,894,119692981
894,119845561,894,119879003
894,120003976,894,120030668
894,120183350,894,120211300
894,120363908,894,120390249
894,120549511,894,120575600
894,120728216,894,120754433
894,120907037,894,120935270
894,121088076,894,121114395
894,121266983,894,121293239
894,121445928,894,121472419
894,121625062,894,121651631
894,121804348,894,121830547
894,121983239,894,122015106
894,122167701,894,122199425
894,122352083,894,122378230
894,122530885,894,122558583
894,122711179,894,122749342
894,122902018,894,122928381
894,123081036,894,123107701
894,123260451,894,123286545
894,123439178,894,123471897
894,123631088,894,123663913
894,123816545,894,123843161
894,123995841,894,124022464
894,124175229,894,124201678
894,124354378,894,124380648
894,124533299,894,124559356
894,124711954,894,124738201
894,124890749,894,124922420
894,125075011,894,125107573
894,125260176,894,125286002
894,125438641,894,125471039
894,125623661,894,125649817
894,125802417,894,125828756
894,125981358,894,126009168
894,126161802,894,126187904
894,126340455,894,126366732
894,126519379,894,126545819
894,126698482,894,126725421
894,126878086,894,126904491
894,127057096,894,127085353
894,127238147,894,127264431
894,127417059,894,127456604
894,127609357,894,127642363
894,127794948,894,127821042
894,127973748,894,128017826
894,128172982,894,128200867
894,128355175,894,128381364
894,128534082,894,128560292
894,128712890,894,128739116
894,128891696,894,128918131
894,129081016,894,129107434
894,129260098,894,129292103
894,129444807,894,129471045
894,129623673,894,129650653
894,129803317,894,129829660
894,129982243,894,130008233
894,130160827,894,130188788
894,130341483,894,130372829
894,130525470,894,130553442
894,130706071,894,130738004
894,130890614,894,130916819
894,131069478,894,131096455
894,131249119,894,131282627
894,131435345,894,131469121
894,131621778,894,131647824
894,131800349,894,131826564
894,131979148,894,132014832
894,132167542,894,132193911
894,132346525,894,132379147
894,132531768,894,132563730
894,132716481,894,132742683
894,132895235,894,132921529
894,133074117,894,133100425
894,133252968,894,133279087
894,133431711,894,133457730
894,133610452,894,133636595
894,133789264,894,133815563
894,133968205,894,133996596
894,134149313,894,134175295
894,134327925,894,134353791
894,134506497,894,134532455
894,134685084,894,134711176
894,134863944,894,134896256
894,135048829,894,135075513
894,135228169,894,135260830
894,135413428,894,135439930
894,135592717,894,135619232
894,135771867,894,135798261
894,135950851,894,135977173
894,136129876,894,136156739
894,136309375,894,136343630
894,136496300,894,136522493
894,136675151,894,136701802
894,136854436,894,136880630
894,137033256,894,137059244
894,137211816,894,137237968
894,137390647,894,137416807
894,137569440,894,137595379
894,137748043,894,137774454
894,137927068,894,137953297
894,138105993,894,138132345
894,138284952,894,138311535
894,138464185,894,138490667
894,138643261,894,138671187
894,138823853,894,138850431
894,139003084,894,139031501
894,139184187,894,139210383
894,139363001,894,139390765
894,139543409,894,139571950
894,139724568,894,139750807
894,139903461,894,139936658
894,140089347,894,140115778
894,140268445,894,140294861
894,140447475,894,140484643
894,140637235,894,140664134
894,140816782,894,140842738
894,140995567,894,141022034
894,141174688,894,141201418
894,141354109,894,141380415
894,141533031,894,141561141
894,141713816,894,141739734
894,141892441,894,141918745
894,142071436,894,142097520
894,142250116,894,142276233
894,142428877,894,142455079
894,142607743,894,142633911
894,142786607,894,142812975
894,142965648,894,142992203
894,143144972,894,143171127
894,143323717,894,143350252
894,143502913,894,143535725
894,143688380,894,143720992
894,143873622,894,143912229
894,144064985,894,144092395
894,144245167,894,144271131
894,144423791,894,144450275
894,144602975,894,144629174
894,144781800,894,144808153
894,144960768,894,144987049
894,145139665,894,145167910
894,145320533,894,145347135
894,145507727,894,145535797
894,145688427,894,145714583
894,145867255,894,145893602
894,146046280,894,146072358
894,146225022,894,146251445
894,146404081,894,146430346
894,146583003,894,146609425
894,146762125,894,146788585
894,146941231,894,146968266
894,147121015,894,147147485
894,147300183,894,147326487
894,147479160,894,147505291
894,147657912,894,147683803
894,147836413,894,147864134
894,148009512,894,148036445
894,148189381,894,148215722
894,148368428,894,148396393
894,148549007,894,148582657
894,148735247,894,148766873
894,148919508,894,148945314
894,149097915,894,149130025
894,149282672,894,149308843
894,149461510,894,149495069
894,149647736,894,149674214
894,149826864,894,149853430
894,150006104,894,150032549
894,150185167,894,150213290
894,150365972,894,150392468
894,150545252,894,150573121
894,150725851,894,150753909
894,150906652,894,150938246
894,151090829,894,151124228
894,151276864,894,151303206
894,151455873,894,151482312
894,151634938,894,151661236
894,151813912,894,151840168
894,151992818,894,152036980
894,152190677,894,152217228
894,152369869,894,152397587
894,152550382,894,152576569
894,152729158,894,152761146
894,152913886,894,152940064
894,153092694,894,153118990
894,153271565,894,153297600
894,153450300,894,153476599
894,153629329,894,153655503
894,153808150,894,153834468
894,153987066,894,154013284
894,154165838,894,154191922
894,154344597,894,154370803
894,154523506,894,154549528
894,154702178,894,154728094
894,154880670,894,154907108
894,155059777,894,155093687
894,155246349,894,155272742
894,155425386,894,155451647
894,155604348,894,155630712
894,155783373,894,155809561
894,155962154,894,155988555
894,156141269,894,156167773
894,156320362,894,156346381
894,156499059,894,156525134
894,156677786,894,156703867
894,156856478,894,156889052
894,157041757,894,157068075
894,157220725,894,157248659
894,157401290,894,157429266
894,157581957,894,157608304
894,157760961,894,157787502
894,157940238,894,157966317
894,158118905,894,158144995
894,158297686,894,158323934
894,158476569,894,158503565
894,158656277,894,158684362
894,158837077,894,158863426
894,159016024,894,159042780
894,159195401,894,159221614
894,159374206,894,159402045
894,159554616,894,159580679
894,159733390,894,159761463
894,159914194,894,159940504
894,160093130,894,160120039
894,160272654,894,160298644
894,160451397,894,160477640
894,160630215,894,160658156
894,160810817,894,160837003
894,160989702,894,161015872
894,161168534,894,161194657
894,161347289,894,161374353
894,161527030,894,161553343
894,161706046,894,161739055
894,161894625,894,161920840
894,162073514,894,162099635
894,162252290,894,162278159
894,162430742,894,162456840
894,162609513,894,162635788
894,162788492,894,162814507
894,162967211,894,162993732
894,163146407,894,163178813
894,163331457,894,163363636
894,163516206,894,163542626
894,163695318,894,163721517
894,163874161,894,163912684
894,164065569,894,164092388
894,164245032,894,164271342
894,164424084,894,164450284
894,164602885,894,164629726
894,164782384,894,164809944
894,164962699,894,164988995
894,165141661,894,165167632
894,165320148,894,165348056
894,165500685,894,165527328
894,165679909,894,165706563
894,165859226,894,165885566
894,166038456,894,166066503
894,166219147,894,166245542
894,166398192,894,166424100
894,166576693,894,166604604
894,166757210,894,166783339
894,166935940,894,166968536
894,167121296,894,167147975
894,167300671,894,167327009
894,167479626,894,167505855
894,167658530,894,167684721
894,167837309,894,167863634
894,168003478,894,168030186
894,168182872,894,168209020
894,168361696,894,168388224
894,168540901,894,168573818
894,168726442,894,168752578
894,168905186,894,168931308
894,169083992,894,169109791
894,169262496,894,169288468
894,169441131,894,169467093
894,169619713,894,169645759
894,169798419,894,169831007
894,169983642,894,170010299
894,170163001,894,170189361
894,170342046,894,170367882
894,170520595,894,170546835
894,170699426,894,170730946
894,170883573,894,170909814
894,171062414,894,171088927
894,171241672,894,171268202
894,171420874,894,171447306
894,171599904,894,171626227
894,171778785,894,171810584
894,171963213,894,171990821
894,172143525,894,172170002
894,172322629,894,172349080
894,172501686,894,172527839
894,172680452,894,172706517
894,172859073,894,172892711
894,173045474,894,173071619
894,173224274,894,173250186
894,173402840,894,173429003
894,173581680,894,173607877
894,173760501,894,173786790
894,173939477,894,173965658
894,174118334,894,174144764
894,174297473,894,174323510
894,174476189,894,174502441
894,174655096,894,174681191
894,174833913,894,174860405
894,175012960,894,175046823
894,175199420,894,175225630
894,175378278,894,175409679
894,175562356,894,175588523
894,175741141,894,175767448
894,175920032,894,175946004
894,176098661,894,176127082
894,176279710,894,176305797
894,176458504,894,176484675
894,176637374,894,176663905
894,176816620,894,176842998
894,176995701,894,177022173
894,177174830,894,177201243
894,177353934,894,177380116
894,177532787,894,177559088
894,177711741,894,177737902
894,177890564,894,177916606
894,178069205,894,178095319
894,178256016,894,178282384
894,178435110,894,178461696
894,178621383,894,178647780
894,178800505,894,178826864
894,178979424,894,179006070
894,179158716,894,179184943
894,179337569,894,179363914
894,179516597,894,179544336
894,179696993,894,179723167
894,179875805,894,179902199
894,180054837,894,180081374
894,180233997,894,180260102
894,180412744,894,180438955
894,180591601,894,180617847
894,180770549,894,180796791
894,180949616,894,180975628
894,181128238,894,181154298
894,181306971,894,181333298
894,181485920,894,181511987
894,181664706,894,181690741
894,181843483,894,181869418
894,182022091,894,182047920
894,182200509,894,182226611
894,182379249,894,182405404
894,182558052,894,182584204
894,182737042,894,182763468
894,182916134,894,182942166
894,183094854,894,183121419
894,183274042,894,183301947
894,183454606,894,183480813
894,183633533,894,183659673
894,183812310,894,183838819
894,183991398,894,184018065
894,184170809,894,184197209
894,184349863,894,184378853
894,184531556,894,184559589
894,184712251,894,184738400
894,184891122,894,184917160
894,185069819,894,185095961
894,185248589,894,185274665
894,185427325,894,185453572
894,185606191,894,185632420
894,185785075,894,185811384
894,185964092,894,185996587
894,186149150,894,186174969
894,186327660,894,186353305
894,186505890,894,186532037
894,186684653,894,186711084
894,186863709,894,186889660
894,187042333,894,187069208
894,187221904,894,187248436
894,187401031,894,187433748
894,187586361,894,187613021
894,187765612,894,187791756
894,187944403,894,187970457
894,188123225,894,188149564
894,188302178,894,188328116
894,188480757,894,188506819
894,188659395,894,188685793
894,188838436,894,188864378
894,189017070,894,189042921
894,189195577,894,189223593
894,189376221,894,189402590
894,189555239,894,189581476
894,189734047,894,189760208
894,189912906,894,189939266
894,190091917,894,190118897
894,190271485,894,190297450
894,190450047,894,190476226
894,190628938,894,190655013
894,190807662,894,190835489
894,190988127,894,191014758
894,191167399,894,191193598
894,191346276,894,191374186
894,191526826,894,191558558
894,191711264,894,191744222
894,191896858,894,191922773
894,192075394,894,192101923
894,192254614,894,192280717
894,192433359,894,192459120
894,192611740,894,192637768
894,192790397,894,192816833
894,192969412,894,192995714
894,193148487,894,193174687
894,193327309,894,193353485
894,193506210,894,193532252
894,193684832,894,193712509
894,193865099,894,193891230
894,194051201,894,194077447
894,194230096,894,194256512
894,194409180,894,194435446
894,194596951,894,194623259
894,194775870,894,194801916
894,194954527,894,194981148
894,195133869,894,195161905
894,195314627,894,195340882
894,195493527,894,195519711
894,195672350,894,195698976
894,195851601,894,195877884
894,196003571,894,196030291
894,196182955,894,196209134
894,196361805,894,196387768
894,196540421,894,196566608
894,196719254,894,196745425
894,196898041,894,196935212
894,197087891,894,197119722
894,197272414,894,197298730
894,197451398,894,197477725
894,197630326,894,197656594
894,197809286,894,197835853
894,197988421,894,198014645
894,198167284,894,198193969
894,198346535,894,198372744
894,198525408,894,198551833
894,198704448,894,198731486
894,198884156,894,198910377
894,199062967,894,199089510
894,199242160,894,199268478
894,199421101,894,199447609
894,199600367,894,199628286
894,199780903,894,199808930
894,199961584,894,199988335
894,200141019,894,200167939
894,200320573,894,200346758
894,200499527,894,200525789
894,200678425,894,200704542
894,200857131,894,200883257
894,201035895,894,201063668
894,201216227,894,201242499
894,201395189,894,201421387
894,201574042,894,201600542
894,201753144,894,201779306
894,201931883,894,201958074
894,202110628,894,202136823
894,202289446,894,202315812
894,202468432,894,202494476
894,202647133,894,202673504
894,202826117,894,202852296
894,203004954,894,203037766
894,203190432,894,203216639
894,203369229,894,203395535
894,203548183,894,203574527
894,203727173,894,203759902
894,203912534,894,203938786
894,204091505,894,204119932
894,204272523,894,204298955
894,204451546,894,204477845
894,204630520,894,204656671
894,204809342,894,204835397
894,204988088,894,205014167
894,205166819,894,205192807
894,205345443,894,205371619
894,205524262,894,205550512
894,205703197,894,205729677
894,205882389,894,205908581
894,206061210,894,206087495
894,206240118,894,206273538
894,206426240,894,206452499
894,206605094,894,206631464
894,206784157,894,206810464
894,206963145,894,206991476
894,207144133,894,207170485
894,207323071,894,207350103
894,207502757,894,207545242
894,207697958,894,207724266
894,207877029,894,207903348
894,208056064,894,208082331
894,208234980,894,208261114
894,208413724,894,208441588
894,208594278,894,208620646
894,208773304,894,208799541
894,208952266,894,208978560
894,209131180,894,209156949
894,209309597,894,209342489
894,209495221,894,209521306
894,209673900,894,209699855
894,209852526,894,209878439
894,210031107,894,210057659
894,210210317,894,210236824
894,210389506,894,210415884
894,210568464,894,210596394
894,210748963,894,210774891
894,210935980,894,210973041
894,211125739,894,211162964
894,211315797,894,211343528
894,211496268,894,211522932
894,211675499,894,211701787
894,211854444,894,211880481
894,212003297,894,212029855
894,212182612,894,212208781
894,212361429,894,212387771
894,212540420,894,212568049
894,212720614,894,212746719
894,212899377,894,212925995
894,213078608,894,213104856
894,213257482,894,213283504
894,213436087,894,213462220
894,213614884,894,213640880
894,213793478,894,213819732
894,213972401,894,213998477
894,214151145,894,214177365
894,214330031,894,214358069
894,214510727,894,214536772
894,214689338,894,214717207
894,214869822,894,214895691
894,215048343,894,215076564
894,215229246,894,215255473
894,215408099,894,215434257
894,215586945,894,215613143
894,215765742,894,215791963
894,215944610,894,215970905
894,216123706,894,216150276
894,216303010,894,216329060
894,216481718,894,216508057
894,216660725,894,216688808
894,216841413,894,216867536
894,217020158,894,217046324
894,217198975,894,217227040
894,217379817,894,217406218
894,217558820,894,217584957
894,217737587,894,217763575
894,217916303,894,217942544
894,218095137,894,218121290
894,218273976,894,218300234
894,218452923,894,218479404
894,218632100,894,218658380
894,218811090,894,218838510
894,218991143,894,219017878
894,219170578,894,219196811
894,219349442,894,219382460
894,219535140,894,219567891
894,219720517,894,219746659
894,219899251,894,219925276
894,220078061,894,220106723
894,220259405,894,220287192
894,220439971,894,220466033
894,220618707,894,220644651
894,220797314,894,220823628
894,220976297,894,221002293
894,221154923,894,221182576
894,221335231,894,221361675
894,221514474,894,221540673
894,221693219,894,221720181
894,221872883,894,221900927
894,222053521,894,222079556
894,222232242,894,222259896
894,222412543,894,222438453
894,222591272,894,222618888
894,222771557,894,222799365
894,222951979,894,222978769
894,223131414,894,223158108
894,223310703,894,223336946
894,223489491,894,223515749
894,223668435,894,223694552
894,223847106,894,223873031
894,224003373,894,224030135
894,224182702,894,224208706
894,224361271,894,224387352
894,224540016,894,224566319
894,224719036,894,224745323
894,224897927,894,224924091
894,225076739,894,225102998
894,225255570,894,225281548
894,225434333,894,225460565
894,225613236,894,225639542
894,225792155,894,225818155
894,225970752,894,225996798
894,226149472,894,226175655
894,226328285,894,226354203
894,226506866,894,226532847
894,226685544,894,226711712
894,226864356,894,226890272
894,227042830,894,227071227
894,227232459,894,227258742
894,227411389,894,227437762
894,227590528,894,227616687
894,227769362,894,227795484
894,227948123,894,227976075
894,228128784,894,228155382
894,228308034,894,228333979
894,228486644,894,228513019
894,228665717,894,228692266
894,228844916,894,228871311
894,229024100,894,229052218
894,229204817,894,229231042
894,229383710,894,229409806
894,229562432,894,229588670
894,229741358,894,229767422
894,229920187,894,229948003
894,230100717,894,230127202
894,230279904,894,230306284
894,230459008,894,230485211
894,230637861,894,230665936
894,230818610,894,230844923
894,230997638,894,231024148
894,231176779,894,231203060
894,231355668,894,231387808
894,231540473,894,231566808
894,231719558,894,231745553
894,231898294,894,231924328
894,232077060,894,232103321
894,232255956,894,232282175
894,232434792,894,232460762
894,232613518,894,232639664
894,232792325,894,232818543
894,232971281,894,232997575
894,233150234,894,233177084
894,233329889,894,233356369
894,233509090,894,233535404
894,233688155,894,233714486
894,233867102,894,233895007
894,234047694,894,234073769
894,234226436,894,234259555
894,234412180,894,234440015
894,234592615,894,234618784
894,234771382,894,234797508
894,234950134,894,234976950
894,235129610,894,235155836
894,235308524,894,235334777
894,235487449,894,235513444
894,235666174,894,235692121
894,235844750,894,235871199
894,236003407,894,236030588
894,236183358,894,236209686
894,236362336,894,236390305
894,236543091,894,236569029
894,236721692,894,236748133
894,236900732,894,236927038
894,237079692,894,237113330
894,237266058,894,237291926
894,237444486,894,237470730
894,237623426,894,237649226
894,237801799,894,237828056
894,237980692,894,238007178
894,238159746,894,238185815
894,238338374,894,238364579
894,238517146,894,238549014
894,238701659,894,238728283
894,238880898,894,238907354
894,239060030,894,239086798
894,239239482,894,239265518
894,239418154,894,239444326
894,239597021,894,239623169
894,239775754,894,239802025
894,239954620,894,239982444
894,240135150,894,240169052
894,240321743,894,240349369
894,240502112,894,240528390
894,240680971,894,240706873
894,240859465,894,240885436
894,241038008,894,241063769
894,241216466,894,241242594
894,241395342,894,241421233
894,241573914,894,241600105
894,241752698,894,241779088
894,241931752,894,241957778
894,242110387,894,242136578
894,242289359,894,242315538
894,242468224,894,242494500
894,242647170,894,242672909
894,242825507,894,242851705
894,243004252,894,243031325
894,243183947,894,243210633
894,243363226,894,243389679
894,243545037,894,243573308
894,243725934,894,243752383
894,243904952,894,243931353
894,244084095,894,244110677
894,244263299,894,244291344
894,244444027,894,244472122
894,244624846,894,244651050
894,244803691,894,244829625
894,244982315,894,245008682
894,245161311,894,245187310
894,245339906,894,245366348
894,245519020,894,245545026
894,245697707,894,245724036
894,245876678,894,245904835
894,246057523,894,246083574
894,246236215,894,246264137
894,246416781,894,246443205
894,246595918,894,246622403
894,246775156,894,246801275
894,246953875,894,246980726
894,247133316,894,247159419
894,247311957,894,247338399
894,247491075,894,247517269
894,247669965,894,247695907
894,247848483,894,247881450
894,248003425,894,248029760
894,248182367,894,248210188
894,248362832,894,248389103
894,248541829,894,248581042
894,248733760,894,248761864
894,248914498,894,248946489
894,249099133,894,249125570
894,249278135,894,249303794
894,249456410,894,249484282
894,249636873,894,249662835
894,249815478,894,249841738
894,249994322,894,250020403
894,250172985,894,250199074
894,250351716,894,250378132
894,250530842,894,250556984
894,250709641,894,250735899
894,250888572,894,250914551
894,251067170,894,251094541
894,251247218,894,251273691
894,251426325,894,251452639
894,251605285,894,251631903
894,251784577,894,251810672
894,251963286,894,251989304
894,252141994,894,252168398
894,252321093,894,252347319
894,252499861,894,252525880
894,252678581,894,252704821
894,252857525,894,252885083
894,253037780,894,253064133
894,253216758,894,253242913
894,253395577,894,253421637
894,253574198,894,253600492
894,253753216,894,253779364
894,253932055,894,253957961
894,254110554,894,254136863
894,254289438,894,254315745
894,254468363,894,254494689
894,254647407,894,254673908
894,254826629,894,254852765
894,255005359,894,255032024
894,255184687,894,255210874
894,255363521,894,255389725
894,255542404,894,255568672
894,255721319,894,255747760
894,255900418,894,255926636
894,256079249,894,256113019
894,256265689,894,256292077
894,256444643,894,256470669
894,256623337,894,256649573
894,256802279,894,256828680
894,256981325,894,257009228
894,257161838,894,257188033
894,257340629,894,257368696
894,257521486,894,257549126
894,257701738,894,257728060
894,257880739,894,257906908
894,258059606,894,258085649
894,258238309,894,258264509
894,258417154,894,258443356
894,258595981,894,258622023
894,258774655,894,258800958
894,258953600,894,258980445
894,259133126,894,259159561
894,259312248,894,259340032
894,259492632,894,259518760
894,259671394,894,259697334
894,259874840,894,259908140
894,260060829,894,260087518
894,260240205,894,260266542
894,260419241,894,260445440
894,260598125,894,260624320
894,260776844,894,260804498
894,260957137,894,260983372
894,261135972,894,261162138
894,261314738,894,261341004
894,261493633,894,261519762
894,261672433,894,261698714
894,261851368,894,261877516
894,262030240,894,262056519
894,262209157,894,262235206
894,262387809,894,262413722
894,262566349,894,262592444
894,262745085,894,262771163
894,262923761,894,262949931
894,263102595,894,263129226
894,263281837,894,263308147
894,263460770,894,263488660
894,263641306,894,263676106
894,263828761,894,263854882
894,264003514,894,264030102
894,264182765,894,264208950
894,264361626,894,264389228
894,264541966,894,264570011
894,264722625,894,264750479
894,264903158,894,264929366
894,265081915,894,265108076
894,265260726,894,265288547
894,265441281,894,265469237
894,265621877,894,265647851
894,265800431,894,265828190
894,265980805,894,266006848
894,266159443,894,266185781
894,266338403,894,266364482
894,266517132,894,266543293
894,266695959,894,266723821
894,266876432,894,266902626
894,267055284,894,267082104
894,267234726,894,267261033
894,267413619,894,267440036
894,267592648,894,267621124
894,267773744,894,267799966
894,267952584,894,267978893
894,268131691,894,268157941
894,268310611,894,268336913
894,268489578,894,268515675
894,268668219,894,268694242
894,268846876,894,268873277
894,269025896,894,269051996
894,269204591,894,269230431
894,269383064,894,269408997
894,269561752,894,269587635
894,269740252,894,269766342
894,269919001,894,269945175
894,270097840,894,270123931
894,270276477,894,270308893
894,270461473,894,270487645
894,270640319,894,270666453
894,270819041,894,270845126
894,270997745,894,271024315
894,271176936,894,271203098
894,271355657,894,271381972
894,271534599,894,271560565
894,271713291,894,271745117
894,271897673,894,271923637
894,272076317,894,272102785
894,272255360,894,272281446
894,272434072,894,272460347
894,272612968,894,272639120
894,272791833,894,272818115
894,272970701,894,272996848
894,273149456,894,273175622
894,273328307,894,273354880
894,273507632,894,273533784
894,273686373,894,273714277
894,273866908,894,273893331
894,274045960,894,274072272
894,274224902,894,274250876
894,274403636,894,274429890
894,274582556,894,274608712
894,274761334,894,274787414
894,274940016,894,274966512
894,275119108,894,275145319
894,275298030,894,275324232
894,275476845,894,275502899
894,275655553,894,275681651
894,275834313,894,275862107
894,276003328,894,276030367
894,276185867,894,276212421
894,276365069,894,276397875
894,276550517,894,276576831
894,276729521,894,276757496
894,276910122,894,276936188
894,277088869,894,277121924
894,277274586,894,277300856
894,277453541,894,277481734
894,277634333,894,277660624
894,277813282,894,277839442
894,277992120,894,278018474
894,278171054,894,278197110
894,278349772,894,278375668
894,278528378,894,278554564
894,278707142,894,278735101
894,278887709,894,278913914
894,279066572,894,279093398
894,279246067,894,279272323
894,279424945,894,279451084
894,279603792,894,279630141
894,279782790,894,279810563
894,279963193,894,279989414
894,280142030,894,280168468
894,280321061,894,280347266
894,280499921,894,280525960
894,280678590,894,280704703
894,280857300,894,280883371
894,281036071,894,281068732
894,281221274,894,281249216
894,281401939,894,281428150
894,281580741,894,281607083
894,281759749,894,281786413
894,281939058,894,281967158
894,282119895,894,282146032
894,282298648,894,282326450
894,282479142,894,282505103
894,282657650,894,282683653
894,282836300,894,282862292
894,283014905,894,283041653
894,283194390,894,283220805
894,283373434,894,283406281
894,283558956,894,283585128
894,283737689,894,283763751
894,283916365,894,283942448
894,284095158,894,284121639
894,284274372,894,284300314
894,284452890,894,284478952
894,284631604,894,284657823
894,284810435,894,284837508
894,284990228,894,285016265
894,285168799,894,285194792
894,285347420,894,285375405
894,285528007,894,285561044
894,285713634,894,285741495
894,285894149,894,285920363
894,286073019,894,286099392
894,286252037,894,286278213
894,286430844,894,286456977
894,286609614,894,286635375
894,286788032,894,286814124
894,286966710,894,286994996
894,287147671,894,287173696
894,287326360,894,287352372
894,287504959,894,287537924
894,287690569,894,287717445
894,287870052,894,287897614
894,288003346,894,288030444
894,288183133,894,288209099
894,288361743,894,288387899
894,288540578,894,288566924
894,288719522,894,288745592
894,288898239,894,288924352
894,289076963,894,289103239
894,289255904,894,289281804
894,289434548,894,289462403
894,289615073,894,289641407
894,289794014,894,289820325
894,289972930,894,289999060
894,290151673,894,290179591
894,290332300,894,290358568
894,290511178,894,290537872
894,290690503,894,290718194
894,290870867,894,290897032
894,291049613,894,291076287
894,291228922,894,291255184
894,291407786,894,291434365
894,291587032,894,291614964
894,291767567,894,291795314
894,291948002,894,291973922
