977,008091318,977,008230760
977,009706082,977,009762492
977,011222319,977,011258331
977,012717674,977,012773269
977,014232247,977,014294050
977,015753236,977,015814157
977,017266848,977,017343443
977,018796215,977,018851822
977,020306732,977,020361546
977,021814294,977,021862722
977,023315440,977,023363123
977,024822636,977,024876994
977,026329733,977,026378062
977,027830805,977,027896718
977,029349538,977,029412091
977,030864805,977,030913948
977,032366701,977,032429169
977,033881976,977,033929403
977,035388433,977,035444648
977,036906355,977,036949583
977,038402416,977,038443518
977,039902428,977,039952247
977,041405059,977,041453349
977,042906092,977,042961584
977,044421163,977,044462824
977,045915637,977,045963581
977,047416312,977,047471733
977,048932402,977,048974578
977,050427496,977,050489835
977,051942557,977,051995908
977,053457376,977,053491380
977,054944091,977,054999604
977,056452445,977,056514989
977,057967804,977,058030073
977,059482848,977,059545728
977,060998527,977,061061565
977,062514275,977,062569488
977,064010131,977,064052474
977,065505251,977,065560536
977,067013215,977,067048636
977,068503715,977,068551715
977,070004518,977,070066271
977,071519037,977,071574290
977,073027039,977,073087752
977,074540524,977,074600598
977,076053376,977,076095023
977,077547869,977,077603289
977,079056027,977,079110557
977,080563212,977,080625629
977,082078371,977,082140222
977,083592982,977,083648707
977,085110567,977,085152309
977,086604986,977,086660040
977,088112825,977,088154434
977,089607142,977,089655084
977,091113918,977,091147808
977,092600544,977,092660550
977,094113340,977,094167989
977,095620682,977,095689221
977,097141960,977,097197064
977,098649805,977,098697901
977,100152334,977,100192674
977,101645424,977,101699380
977,103152101,977,103193165
977,104645910,977,104701444
977,106154210,977,106203161
977,107662292,977,107710134
977,109162911,977,109202812
977,110655562,977,110705099
977,112164236,977,112205464
977,113658172,977,113715513
977,115168158,977,115208519
977,116670780,977,116719201
977,118171935,977,118221363
977,119674026,977,119722838
977,121175773,977,121230484
977,122683210,977,122729904
977,124182657,977,124217447
977,125670235,977,125725387
977,127184119,977,127225583
977,128678328,977,128734080
977,130193083,977,130233830
977,131686559,977,131743668
977,133196423,977,133237601
977,134690384,977,134744524
977,136197206,977,136239084
977,137691792,977,137755155
977,139207935,977,139250695
977,140703438,977,140759623
977,142212292,977,142266247
977,143718995,977,143774154
977,145226920,977,145268262
977,146736250,977,146796988
977,148249706,977,148304163
977,149756898,977,149811957
977,151264711,977,151305434
977,152758214,977,152813550
977,154266302,977,154314725
977,155767403,977,155821215
977,157273935,977,157335989
977,158788717,977,158852968
977,160305674,977,160347611
977,161800364,977,161841194
977,163293933,977,163340917
977,164793719,977,164848174
977,166301021,977,166342876
977,167795604,977,167849711
977,169309710,977,169348943
977,170801709,977,170864618
977,172317235,977,172366104
977,173818880,977,173874347
977,175327037,977,175368482
977,176821207,977,176876729
977,178329476,977,178379711
977,179832418,977,179880465
977,181333183,977,181388361
977,182841082,977,182903958
977,184356688,977,184404651
977,185857351,977,185926917
977,187379624,977,187439807
977,188892607,977,188953727
977,190406467,977,190446941
977,191899628,977,191961085
977,193413863,977,193455245
977,194908004,977,194962216
977,196414928,977,196463494
977,197916300,977,197978609
977,199431387,977,199473039
977,200925793,977,200981607
977,202434388,977,202482938
977,203935630,977,203991384
977,205444087,977,205485265
977,206937981,977,206993994
977,208446809,977,208501912
977,209954642,977,209990196
977,211458020,977,211492579
977,212954687,977,212996009
977,214448804,977,214497341
977,215950044,977,215996864
977,217449604,977,217504333
977,218957063,977,219004894
977,220457632,977,220507914
977,221960698,977,222010498
977,223463230,977,223511170
977,224963998,977,225019884
977,226472602,977,226520779
977,227973502,977,228026902
977,229479673,977,229520469
977,230973155,977,231023068
977,232475849,977,232532122
977,233984863,977,234038716
977,235497687,977,235543775
977,236996575,977,237043726
977,238496416,977,238544436
977,239997134,977,240046260
977,241499099,977,241553091
977,243005786,977,243039586
977,244492368,977,244533778
977,245987022,977,246013206
977,247465901,977,247514392
977,248967151,977,249022844
977,250475661,977,250524550
977,251977305,977,252025860
977,253478611,977,253527262
977,254979963,977,255015660
977,256468370,977,256509526
977,257962282,977,258016280
977,259469015,977,259524871
977,260977564,977,261031765
977,262484447,977,262533124
977,263985789,977,264034283
977,265487189,977,265528467
977,266981241,977,267029093
977,268481920,977,268531088
977,269983822,977,270031650
977,271484403,977,271539334
977,272992170,977,273047708
977,274500519,977,274557514
977,276002998,977,276058695
977,277511430,977,277552279
977,279004973,977,279059024
977,280511740,977,280558547
977,282011212,977,282066113
977,283527070,977,283583110
977,285035880,977,285090076
977,286542818,977,286591414
977,288003019,977,288050305
977,289503120,977,289551738
977,291004457,977,291065861
977,292518641,977,292560285
977,294013000,977,294073634
977,295532284,977,295582281
977,297035187,977,297090825
977,298550217,977,298590651
977,300008983,977,300057479
977,301510264,977,301558784
977,303011516,977,303059325
977,304512085,977,304559253
977,306011975,977,306067373
977,307520061,977,307561448
977,309014281,977,309069585
977,310522279,977,310570683
977,312011396,977,312053265
977,313506024,977,313554877
977,315007555,977,315057143
977,316509880,977,316558620
977,318011368,977,318066535
977,319519216,977,319560909
977,321013776,977,321069274
977,322522045,977,322569095
977,324003125,977,324067494
977,325520199,977,325568900
977,327021616,977,327055240
977,328507916,977,328556076
977,330015208,977,330069588
977,331528703,977,331576412
977,333029197,977,333084483
977,334537261,977,334584596
977,336003119,977,336065269
977,337518061,977,337566463
977,339019145,977,339086734
977,340539474,977,340586907
977,342039639,977,342101775
977,343554495,977,343601957
977,345054736,977,345110596
977,346570862,977,346612240
977,348064910,977,348111406
977,349564192,977,349605092
977,351057803,977,351107103
977,352559876,977,352614426
977,354067161,977,354119571
977,355572277,977,355626754
977,357079540,977,357135868
977,358588557,977,358629278
977,360081941,977,360134264
977,361587003,977,361633672
977,363086399,977,363140481
977,364593221,977,364638589
977,366091344,977,366138368
977,367591118,977,367638434
977,369091212,977,369146913
977,370599648,977,370662837
977,372115525,977,372163497
977,373616231,977,373666431
977,375119131,977,375167213
977,376619929,977,376679859
977,378132586,977,378195777
977,379656082,977,379692864
977,381145767,977,381203221
977,382655963,977,382704307
977,384156990,977,384205586
977,385658353,977,385707370
977,387160067,977,387206720
977,388659451,977,388706728
977,390159451,977,390213517
977,391666221,977,391707912
977,393160664,977,393223615
977,394676384,977,394723428
977,396176122,977,396224816
977,397677555,977,397731871
977,399190849,977,399239306
977,400692121,977,400741617
977,402194368,977,402256915
977,403709666,977,403751366
977,405204061,977,405258950
977,406711716,977,406767558
977,408220255,977,408267186
977,409719877,977,409774896
977,411227658,977,411275583
977,412728376,977,412773688
977,414226539,977,414287030
977,415739735,977,415781733
977,417234481,977,417289905
977,418742610,977,418783510
977,420245972,977,420300717
977,421753465,977,421800522
977,423253264,977,423301151
977,424760224,977,424794487
977,426247220,977,426302559
977,427755378,977,427796797
977,429250205,977,429276786
977,430729510,977,430770087
977,432222809,977,432262885
977,433715605,977,433770316
977,435223063,977,435271275
977,436723969,977,436770910
977,438223612,977,438279042
977,439731818,977,439780949
977,441233688,977,441289044
977,442741759,977,442790422
977,444243064,977,444290443
977,445743184,977,445797562
977,447250263,977,447297566
977,448750348,977,448797430
977,450250088,977,450304102
977,451756785,977,451811675
977,453264403,977,453319034
977,454771761,977,454819946
977,456272543,977,456328035
977,457786953,977,457828243
977,459281031,977,459316294
977,460769003,977,460817057
977,462269813,977,462323698
977,463776342,977,463818919
977,465271607,977,465326823
977,466779524,977,466828075
977,468280707,977,468336366
977,469789125,977,469837457
977,471297138,977,471346094
977,472798877,977,472845994
977,474298791,977,474352435
977,475805138,977,475853977
977,477306727,977,477362186
977,478814906,977,478865832
977,480318480,977,480367623
977,481820331,977,481861201
977,483313820,977,483360431
977,484813156,977,484860092
977,486312843,977,486366587
977,487819267,977,487866781
977,489319546,977,489374733
977,490827415,977,490876375
977,492328996,977,492384959
977,493837678,977,493899379
977,495359445,977,495421718
977,496874629,977,496930218
977,498382929,977,498445422
977,499898215,977,499946873
977,501399596,977,501454789
977,502907473,977,502948891
977,504401516,977,504454489
977,505907232,977,505954043
977,507406753,977,507454708
977,508907460,977,508962207
977,510414890,977,510471715
977,511924449,977,511966043
977,513418808,977,513474524
977,514927201,977,514968090
977,516420889,977,516468962
977,517921710,977,517970334
977,519423060,977,519471141
977,520923893,977,520966980
977,522419744,977,522483906
977,523936586,977,523978001
977,525430700,977,525478781
977,526931464,977,526980485
977,528433160,977,528481593
977,529934566,977,529984642
977,531437263,977,531492850
977,532945622,977,532992552
977,534445247,977,534507577
977,535960312,977,536004310
977,537457139,977,537512343
977,538965055,977,539022358
977,540475073,977,540523041
977,541975760,977,542024286
977,543476989,977,543525778
977,544978516,977,545028387
977,546481066,977,546535343
977,547988045,977,548030111
977,549482901,977,549537236
977,550989917,977,551031091
977,552483821,977,552531537
977,553984271,977,554025110
977,555477748,977,555525874
977,556981466,977,557037654
977,558490335,977,558544536
977,559997242,977,560049061
977,561501817,977,561559000
977,563011728,977,563053307
977,564506042,977,564553950
977,566006653,977,566061202
977,567513852,977,567569379
977,569022253,977,569071232
977,570523940,977,570586361
977,572003060,977,572059098
977,573511846,977,573559475
977,575012200,977,575060961
977,576513704,977,576560356
977,578013166,977,578067798
977,579520465,977,579573771
977,581026561,977,581080586
977,582533295,977,582595574
977,584009853,977,584059296
977,585512118,977,585567662
977,587020374,977,587069364
977,588522079,977,588577663
977,590030414,977,590078499
977,591531191,977,591579101
977,593031827,977,593078929
977,594531719,977,594584483
977,596003050,977,596051271
977,597503981,977,597561394
977,599014203,977,599049652
977,600504654,977,600545871
977,601998617,977,602047497
977,603500238,977,603548330
977,605001103,977,605050281
977,606502997,977,606558382
977,608003042,977,608044515
977,609513022,977,609554026
977,611006728,977,611055530
977,612508187,977,612563407
977,614016090,977,614064286
977,615516979,977,615572704
977,617025436,977,617066748
977,618519424,977,618589433
977,620003029,977,620045971
977,621500899,977,621543496
977,623002418,977,623043251
977,624496011,977,624551467
977,626004213,977,626044938
977,627497633,977,627544357
977,628997007,977,629051544
977,630504182,977,630566345
977,632003054,977,632052269
977,633505048,977,633560228
977,635012982,977,635061798
977,636514424,977,636562292
977,638014994,977,638065135
977,639517833,977,639566079
977,641018869,977,641060227
977,642512964,977,642568955
977,644009925,977,644058821
977,645511594,977,645557777
977,647010460,977,647051554
977,648504233,977,648554350
977,650007068,977,650061491
977,651514190,977,651560932
977,653013697,977,653054907
977,654507646,977,654555193
977,656002977,977,656059668
977,657512443,977,657560052
977,659012741,977,659061679
977,660514357,977,660569759
977,662022449,977,662063387
977,663516112,977,663571777
977,665024532,977,665066034
977,666518742,977,666588515
977,668009826,977,668051723
977,669504543,977,669552746
977,671005396,977,671046049
977,672498808,977,672547198
977,673999904,977,674048324
977,675501013,977,675548287
977,677001047,977,677055854
977,678508593,977,678569808
977,680003057,977,680052123
977,681504896,977,681552827
977,683005520,977,683054647
977,684507400,977,684564669
977,686017366,977,686066087
977,687518836,977,687581860
977,689034574,977,689075774
977,690528476,977,690582630
977,692002985,977,692050125
977,693505612,977,693561281
977,695013987,977,695063029
977,696515806,977,696573345
977,698026104,977,698068670
977,699521363,977,699576229
977,701029051,977,701072252
977,702525034,977,702580143
977,704006226,977,704041674
977,705510098,977,705550828
977,707003587,977,707052664
977,708505408,977,708568202
977,710020867,977,710061493
977,711514243,977,711569702
977,713022414,977,713069330
977,714522045,977,714586569
977,716006389,977,716041258
977,717516692,977,717557285
977,719010050,977,719057445
977,720510207,977,720560347
977,722013060,977,722054209
977,723506939,977,723569214
977,725021978,977,725063269
977,726516060,977,726580406
977,728003079,977,728045097
977,729497869,977,729553419
977,731006134,977,731062441
977,732521500,977,732569540
977,734022225,977,734063294
977,735516000,977,735563885
977,737022618,977,737056850
977,738509605,977,738565974
977,740003117,977,740052388
977,741505111,977,741560362
977,743013021,977,743061110
977,744513842,977,744575213
977,746027884,977,746069227
977,747521943,977,747569658
977,749022418,977,749063658
977,750516413,977,750571692
977,752009821,977,752057030
977,753509763,977,753564866
977,755017508,977,755075451
977,756528252,977,756583674
977,758043623,977,758092108
977,759544751,977,759592883
977,761045637,977,761096421
977,762549132,977,762619268
977,764071956,977,764113950
977,765566699,977,765621725
977,767074483,977,767117820
977,768570528,977,768617874
977,770070723,977,770111904
977,771564611,977,771611805
977,773064565,977,773107952
977,774560668,977,774622394
977,776075113,977,776124357
977,777577164,977,777632440
977,779085138,977,779129049
977,780581836,977,780629921
977,782082644,977,782123904
977,783576606,977,783630753
977,785083522,977,785132675
977,786585449,977,786639631
977,788092258,977,788139719
977,789592477,977,789646519
977,791099188,977,791148171
977,792600872,977,792650984
977,794103704,977,794144664
977,795597347,977,795652958
977,797105781,977,797152675
977,798605465,977,798667758
977,800120466,977,800167986
977,801620823,977,801684894
977,803137612,977,803186284
977,804639032,977,804694798
977,806147486,977,806188367
977,807641069,977,807688990
977,809141730,977,809188659
977,810641387,977,810709826
977,812162473,977,812204106
977,813656837,977,813703296
977,815156123,977,815197189
977,816649746,977,816697092
977,818149871,977,818204590
977,819657329,977,819710733
977,821163524,977,821218287
977,822670978,977,822732378
977,824185175,977,824220553
977,825673404,977,825728475
977,827181164,977,827230314
977,828683050,977,828738759
977,830194020,977,830242912
977,831695652,977,831750072
977,833202926,977,833257914
977,834710607,977,834764984
977,836217630,977,836258087
977,837710875,977,837766081
977,839218743,977,839259676
977,840712388,977,840760163
977,842212870,977,842267301
977,843719993,977,843774465
977,845227225,977,845282121
977,846734861,977,846790210
977,848243043,977,848292536
977,849745356,977,849792784
977,851252994,977,851287324
977,852740104,977,852788495
977,854241278,977,854282378
977,855735128,977,855785139
977,857237979,977,857279649
977,858732402,977,858779052
977,860231711,977,860278935
977,861731693,977,861779876
977,863232542,977,863281260
977,864734102,977,864788589
977,866241367,977,866288028
977,867740741,977,867795856
977,869248559,977,869290097
977,870750217,977,870798727
977,872251378,977,872300749
977,873753514,977,873808616
977,875261331,977,875531728
977,876984500,977,877040259
977,878492946,977,878548467
977,880018042,977,880061758
977,881530159,977,881564076
977,883016755,977,883051311
977,884504075,977,884552864
977,886005552,977,886060832
977,887513555,977,887554815
977,889007541,977,889060301
977,890512964,977,890559908
977,892010312,977,892052854
977,893505629,977,893560930
977,895020095,977,895047348
977,896500032,977,896549051
977,898001768,977,898049911
977,899502585,977,899559436
977,901012127,977,901046149
977,902504916,977,902554322
977,904002994,977,904058874
977,905511605,977,905552626
977,907005353,977,907056031
977,908508775,977,908550585
977,910003289,977,910058361
977,911511279,977,911559486
977,913012213,977,913059345
977,914512068,977,914560391
977,916003024,977,916056256
977,917509031,977,917559228
977,919011898,977,919069072
977,920521836,977,920576762
977,922029473,977,922083617
977,923536316,977,923585323
977,925045106,977,925093081
977,926545768,977,926586558
977,928003005,977,928050096
977,929502826,977,929559275
977,931012012,977,931065054
977,932517827,977,932572618
977,934025315,977,934072077
977,935524843,977,935565893
977,937018645,977,937073242
977,938526055,977,938580648
977,940017032,977,940900759
977,942354800,977,942409772
977,943862509,977,943917001
977,945369703,977,945424547
977,946877315,977,946932814
977,948385513,977,948426897
977,949879663,977,949927344
977,951380062,977,951421422
977,952874096,977,952922128
977,954374817,977,954423074
977,955875757,977,955922664
977,957375390,977,957429621
977,958882305,977,958916333
977,960375679,977,960418215
977,961870863,977,961917747
977,963370417,977,963421165
977,964873816,977,964929280
977,966381969,977,966436701
977,967892654,977,967932640
977,969385362,977,969434311
977,970887065,977,970936848
977,972389536,977,972438468
977,973891208,977,973946466
977,975399173,977,975440354
977,976893055,977,976940829
977,978393587,977,978448254
977,979907665,977,979954311
977,981407010,977,981448267
977,982900935,977,982956836
977,984416783,977,984457924
977,985910635,977,985958233
977,987410962,977,987459719
977,988912429,977,988967809
977,990420539,977,990461728
977,991914422,977,991969899
977,993422668,977,993471754
977,994938703,977,994987083
977,996439966,977,996488894
977,997941629,977,997996657
977,999449371,977,999490590
978,000943278,978,000991419
978,002444276,978,002494605
978,003947367,978,004009672
978,005462496,978,005523986
978,006977717,978,007019590
978,008472491,978,008521214
978,009973963,978,010029404
978,011482125,978,011523517
978,012977694,978,013018398
978,014471149,978,014518057
978,015970781,978,016019940
978,017481672,978,017516047
978,018968792,978,019016825
978,020469616,978,020518599
978,021971370,978,022026511
978,023479230,978,023520707
978,024973463,978,025020608
978,026473383,978,026520182
978,027972872,978,028026564
978,029479453,978,029534103
978,030986845,978,031033835
978,032486536,978,032526281
978,033979014,978,034026860
978,035479559,978,035521186
978,036973917,978,037020670
978,038473462,978,038522180
978,039974871,978,040023867
978,041476721,978,041525878
978,042978649,978,043027012
978,044479774,978,044528892
978,045981613,978,046031325
978,047484003,978,047525217
978,048977990,978,049024703
978,050477399,978,050531565
978,051984307,978,052063902
978,053516673,978,053564129
978,055016816,978,055069236
978,056521925,978,056575420
978,058028197,978,058088872
978,059541553,978,059582642
978,061035363,978,061083133
978,062535913,978,062583446
978,064031207,978,064073067
978,065525857,978,065567326
978,067020021,978,067055219
978,068508062,978,068557048
978,070009810,978,070065230
978,071517909,978,071561130
978,073013849,978,073069912
978,074522593,978,074584110
978,076002995,978,076056137
978,077508909,978,077563312
978,079016121,978,079072427
978,080525208,978,080579842
978,082032650,978,082086923
978,083539653,978,083588389
978,085041187,978,085096831
978,086549602,978,086590575
978,088003092,978,088051602
978,089504378,978,089545540
978,090998334,978,091046491
978,092499217,978,092548271
978,094001073,978,094048833
978,095508574,978,095550302
978,097003117,978,097058705
978,098511467,978,098565899
978,100006910,978,100056559
978,101531720,978,101565402
978,103018107,978,103073722
978,104533896,978,104583228
978,106035935,978,106091227
978,107543906,978,107592814
978,109045593,978,109100897
978,110553679,978,110594735
978,112003125,978,112066353
978,113519078,978,113568723
978,115021518,978,115077171
978,116529850,978,116578490
978,118031202,978,118078858
978,119531547,978,119580452
978,121040515,978,121088998
978,122541726,978,122590226
978,124003071,978,124059372
978,125512158,978,125568408
978,127021079,978,127075072
978,128527841,978,128567210
978,130019920,978,130067478
978,131520157,978,131561288
978,133014082,978,133068356
978,134521085,978,134575468
978,136002991,978,136065570
978,137518363,978,137559563
978,139012254,978,139066486
978,140519086,978,140574628
978,142027299,978,142082291
978,143534951,978,143583759
978,145037408,978,145079779
978,146532498,978,146582712
978,148018585,978,148059002
978,149511865,978,149554781
978,151007449,978,151061931
978,152514707,978,152563638
978,154016325,978,154063146
978,155515896,978,155559356
978,157012174,978,157066366
978,158519106,978,158574292
978,160003146,978,160059732
978,161512499,978,161555698
978,163008479,978,163049550
978,164502233,978,164543957
978,165996641,978,166052145
978,167504906,978,167546182
978,168998929,978,169045826
978,170498546,978,170532019
978,171984743,978,172040792
978,173493547,978,173542098
978,175000748,978,175048652
978,176501378,978,176544548
978,177997270,978,178044775
978,179497470,978,179538491
978,180991181,978,181041025
978,182493823,978,182548172
978,184010093,978,184066594
978,185535082,978,185570167
978,187022870,978,187078062
978,188530780,978,188579888
978,190032607,978,190087662
978,191540357,978,191581696
978,193040801,978,193096237
978,194549009,978,194590184
978,196005028,978,196032373
978,197485183,978,197533603
978,198986318,978,199026342
978,200486175,978,200527165
978,201979924,978,202033694
978,203486328,978,203527603
978,204980304,978,205034429
978,206487200,978,206528306
978,207981041,978,208028168
978,209480915,978,209530191
978,210982915,978,211030780
978,212483534,978,212532360
978,213985074,978,214033082
978,215485813,978,215526977
978,216979713,978,217027713
978,218480467,978,218529140
978,219981838,978,220043120
978,221495836,978,221544611
978,222997254,978,223052846
978,224505544,978,224552313
978,226004997,978,226059470
978,227512109,978,227559037
978,229011742,978,229066112
978,230518807,978,230579801
978,232003019,978,232063562
978,233516346,978,233557483
978,235010194,978,235058558
978,236511277,978,236559797
978,238012476,978,238069348
978,239522033,978,239563472
978,241018712,978,241074108
978,242526844,978,242567905
978,244003085,978,244059094
978,245511825,978,245566161
978,247026373,978,247067377
978,248520131,978,248569278
978,250021937,978,250077152
978,251529872,978,251575628
978,253028426,978,253082682
978,254535445,978,254589627
978,256003170,978,256045218
978,257513331,978,257548196
978,259000921,978,259058174
978,260510937,978,260559667
978,262012395,978,262060226
978,263512931,978,263554619
978,265007355,978,265054052
978,266506796,978,266553406
978,268002932,978,268065402
978,269518122,978,269572208
978,271024926,978,271071727
978,272524433,978,272572949
978,274025721,978,274080516
978,275533243,978,275580330
978,277033137,978,277095278
978,278547939,978,278594746
978,280011817,978,280051922
978,281504687,978,281553247
978,283006040,978,283061678
978,284514351,978,284563241
978,286016073,978,286071383
978,287524124,978,287571426
978,289024080,978,289072121
978,290524827,978,290572040
978,292002988,978,292051642
978,293504384,978,293545572
978,294998287,978,295045219
978,296497956,978,296546889
978,297999613,978,298054856
978,299507558,978,299548839
978,301001521,978,301056123
978,302508879,978,302555343
978,304003128,978,304052048
978,305504816,978,305553364
978,307006037,978,307061548
978,308514185,978,308562876
978,310015609,978,310078151
978,311530814,978,311578547
978,313031275,978,313079269
978,314531931,978,314580739
978,316002992,978,316056348
978,317509052,978,317557443
978,319010098,978,319045895
978,320498645,978,320539920
978,321992597,978,322046465
978,323499130,978,323540376
978,324993087,978,325041102
978,326493762,978,326534652
978,327987403,978,328043366
978,329496849,978,329523939
978,330976637,978,331031927
978,332484569,978,332532854
978,333985556,978,334040618
978,335493293,978,335535104
978,336987923,978,337043144
978,338495922,978,338544065
978,339996730,978,340047498
978,341500344,978,341549017
978,343001702,978,343048414
978,344501131,978,344549475
978,346002226,978,346050047
978,347502754,978,347549707
978,349002393,978,349056435
978,350509127,978,350557722
978,352002957,978,352057337
978,353510070,978,353551553
978,355004404,978,355060193
978,356512999,978,356561969
978,358014712,978,358070120
978,359522853,978,359571753
978,361024449,978,361071650
978,362524463,978,362578772
978,364003009,978,364065172
978,365517971,978,365572301
978,367025017,978,367073052
978,368525735,978,368574960
978,370027625,978,370081464
978,371534180,978,371584088
978,373043002,978,373099635
978,374552384,978,374608608
978,376061201,978,376115323
978,377570971,978,377619924
978,379072710,978,379116337
978,380569099,978,380618056
978,382070785,978,382125483
978,383578168,978,383619381
978,385072051,978,385119022
978,386571761,978,386620297
978,388072981,978,388128744
978,389581514,978,389630645
978,391083411,978,391130304
978,392583087,978,392624206
978,394076912,978,394123232
978,395575953,978,395630492
978,397083227,978,397131014
978,398583752,978,398624475
978,400077140,978,400123958
978,401576639,978,401617864
978,403070575,978,403127779
978,404580781,978,404629429
978,406089216,978,406138666
978,407591359,978,407634433
978,409087220,978,409135132
978,410587828,978,410636370
978,412089081,978,412143812
978,413596528,978,413643524
978,415096234,978,415151582
978,416604369,978,416652873
978,418105632,978,418160861
978,419613571,978,419654846
978,421107565,978,421162808
978,422615522,978,422656395
978,424109065,978,424165179
978,425617963,978,425666765
978,427119533,978,427167611
978,428620325,978,428669450
978,430122164,978,430169846
978,431622550,978,431663833
978,433116502,978,433172297
978,434625023,978,434679253
978,436131915,978,436194653
978,437647503,978,437688564
978,439141317,978,439189411
978,440643703,978,440692817
978,442145988,978,442202848
978,443662545,978,443696884
978,445149716,978,445205192
978,446657991,978,446708538
978,448161174,978,448217366
978,449670203,978,449720116
978,451172835,978,451228364
978,452681064,978,452729667
978,454182388,978,454237750
978,455690459,978,455739586
978,457192287,978,457240551
978,458693286,978,458736484
978,460189142,978,460232567
978,461685313,978,461740071
978,463198750,978,463240326
978,464693070,978,464741776
978,466194532,978,466249628
978,467702342,978,467753199
978,469205980,978,469262988
978,470715766,978,470756719
978,472209427,978,472266967
978,473719823,978,473761965
978,475214747,978,475270348
978,476723089,978,476774161
978,478226898,978,478282346
978,479735056,978,479776576
978,481229326,978,481285077
978,482737792,978,482784985
978,484237679,978,484284726
978,485737507,978,485784308
978,487237017,978,487283623
978,488736363,978,488790835
978,490243569,978,490290284
978,491742997,978,491784343
978,493237135,978,493283953
978,494737946,978,494787378
978,496240182,978,496289174
978,497742048,978,497790989
978,499243747,978,499299391
978,500752133,978,500801209
978,502253881,978,502309204
978,503761938,978,503808949
978,505261687,978,505308517
978,506761271,978,506811667
978,508264391,978,508319369
978,509772082,978,509818811
