845,507231060,845,507311838
845,507378421,845,507407598
845,507460586,845,507487914
845,507540784,845,507567598
845,507620254,845,507647306
845,507700268,845,507727620
845,507780268,845,507807269
845,507859909,845,507886115
845,507938807,845,507965160
845,508045440,845,508072810
845,508125701,845,508152063
845,508204765,845,508231127
845,508283819,845,508309951
845,508362621,845,508388902
845,508441573,845,508468551
845,508521222,845,508547955
845,508600608,845,508627338
845,508680017,845,508708134
845,508760916,845,508787509
845,508840150,845,508866337
845,508918971,845,508951826
845,509004438,845,509030532
845,509083187,845,509110134
845,509162865,845,509189245
845,509241905,845,509269994
845,509322742,845,509349081
845,509401796,845,509428393
845,509481047,845,509507856
845,509560557,845,509588972
845,509641662,845,509681028
845,509733692,845,509759921
845,509812619,845,509838940
845,509891588,845,509917695
845,509970366,845,509996740
845,510049382,845,510075779
845,510128392,845,510154679
845,510207282,845,510233427
845,510286078,845,510318730
845,510371440,845,510404028
845,510456672,845,510484796
845,510537477,845,510563593
845,510616292,845,510642618
845,510695286,845,510728213
845,510780868,845,510807637
845,510860316,845,510888067
845,510940752,845,510967195
845,511019823,845,511060284
845,511112928,845,511140187
845,511192791,845,511220002
845,511272592,845,511299153
845,511351790,845,511378092
845,511430716,845,511457065
845,511516737,845,511545077
845,511597754,845,511624110
845,511676782,845,511703069
845,511755706,845,511782064
845,511834887,845,511860829
845,511913489,845,511946410
845,511999039,845,512040378
845,512093423,845,512120791
845,512174185,845,512201373
845,512254330,845,512280566
845,512333165,845,512359465
845,512412069,845,512438458
845,512491170,845,512517562
845,512570275,845,512598071
845,512650696,845,512676801
845,512729518,845,512755635
845,512808288,845,512834441
845,512887078,845,512913046
845,512965752,845,512992031
845,513044602,845,513077380
845,513130005,845,513156176
845,513208719,845,513234804
845,513287411,845,513313506
845,513366100,845,513391941
845,513444553,845,513470583
845,513523251,845,513549313
845,513601938,845,513628405
845,513681065,845,513707438
845,513760297,845,513788620
845,513841290,845,513867645
845,513920283,845,513946252
845,513998917,845,514024822
845,514077447,845,514103286
845,514155892,845,514182031
845,514234672,845,514260743
845,514313353,845,514339398
845,514392027,845,514418195
845,514470806,845,514497191
845,514549890,845,514576351
845,514629012,845,514656878
845,514712323,845,514738754
845,514791419,845,514823094
845,514875742,845,514901990
845,514954591,845,514980898
845,515033605,845,515059604
845,515112268,845,515138530
845,515191152,845,515217988
845,515270587,845,515296921
845,515349519,845,515375801
845,515428510,845,515454695
845,515507299,845,515534247
845,515586857,845,515612843
845,515665369,845,515691356
845,515743940,845,515771840
845,515824444,845,515850368
845,515903047,845,515928764
845,515981371,845,516014202
845,516066969,845,516093245
845,516145860,845,516171910
845,516224475,845,516250499
845,516303141,845,516329337
845,516381926,845,516408077
845,516460668,845,516493205
845,516545820,845,516577847
845,516630407,845,516662381
845,516714950,845,516741005
845,516793617,845,516819578
845,516872227,845,516905835
845,516958420,845,516984698
845,517037310,845,517070123
845,517122683,845,517155311
845,517208026,845,517234079
845,517286708,845,517312556
845,517365167,845,517391266
845,517443918,845,517470357
845,517522970,845,517549301
845,517601943,845,517628125
845,517680707,845,517706940
845,517759525,845,517785845
845,517838429,845,517864603
845,517917168,845,517945301
845,517997903,845,518029618
845,518082183,845,518108336
845,518160951,845,518186903
845,518239487,845,518265906
845,518318578,845,518344244
845,518396765,845,518422903
845,518475509,845,518501233
845,518553845,845,518579824
845,518632381,845,518658355
845,518710983,845,518737225
845,518789841,845,518824217
845,518876797,845,518902767
845,518955342,845,518981385
845,519033988,845,519060147
845,519112791,845,519140565
845,519193174,845,519219650
845,519272225,845,519298472
845,519351006,845,519377180
845,519429795,845,519455809
845,519508377,845,519534581
845,519587176,845,519613196
845,519665935,845,519691834
845,519744444,845,519777074
845,519829664,845,519855641
845,519908242,845,519934480
845,519987127,845,520013788
845,520066493,845,520092992
845,520145688,845,520171833
845,520224418,845,520250829
845,520303408,845,520329322
845,520382010,845,520414315
845,520466967,845,520492981
845,520545586,845,520571489
845,520624028,845,520650150
845,520702820,845,520734777
845,520787480,845,520815054
845,520867677,845,520893110
845,520945682,845,520971827
845,521024452,845,521050430
845,521103018,845,521129016
845,521181615,845,521207618
845,521260274,845,521286240
845,521338857,845,521364878
845,521417478,845,521443581
845,521496201,845,521522153
845,521574779,845,521600739
845,521653352,845,521679484
845,521732178,845,521758067
845,521810635,845,521836571
845,521889132,845,521915255
845,521975897,845,522002376
845,522054996,845,522081154
845,522133772,845,522160199
845,522212828,845,522238629
845,522291278,845,522317291
845,522369885,845,522397462
845,522450024,845,522476188
845,522528776,845,522555125
845,522607793,845,522635897
845,522688494,845,522716331
845,522768909,845,522795174
845,522847799,845,522873992
845,522926634,845,522953187
845,523005786,845,523032160
845,523084762,845,523110735
845,523163320,845,523191441
845,523244099,845,523270215
845,523322803,845,523355885
845,523408470,845,523434308
845,523487000,845,523520653
845,523573233,845,523599482
845,523652108,845,523678198
845,523730934,845,523757015
845,523809612,845,523835866
845,523888537,845,523914699
845,523967327,845,523993405
845,524003953,845,524030339
845,524082980,845,524109274
845,524161873,845,524193552
845,524246132,845,524272551
845,524325195,845,524351346
845,524403997,845,524430231
845,524482819,845,524509000
845,524561594,845,524587486
845,524640078,845,524665945
845,524718584,845,524744468
845,524797071,845,524822913
845,524875483,845,524901300
845,524953889,845,524979790
845,525032390,845,525064988
845,525117584,845,525143517
845,525196113,845,525229548
845,525282175,845,525308199
845,525360837,845,525387097
845,525439727,845,525466002
845,525518623,845,525544805
845,525597368,845,525625324
845,525677920,845,525704049
845,525756675,845,525782595
845,525835155,845,525861230
845,525913846,845,525945234
845,525997839,845,526025633
845,526078276,845,526104331
845,526156917,845,526183225
845,526235902,845,526263581
845,526316167,845,526342265
845,526394869,845,526421332
845,526473947,845,526501799
845,526554447,845,526580549
845,526633128,845,526659157
845,526711768,845,526737952
845,526790581,845,526816596
845,526869228,845,526895387
845,526948004,845,526974172
845,527026815,845,527052785
845,527105453,845,527131173
845,527183783,845,527210169
845,527262756,845,527289117
845,527341709,845,527367995
845,527420613,845,527446808
845,527499459,845,527525771
845,527578336,845,527604377
845,527656936,845,527683678
845,527736279,845,527762101
845,527814698,845,527840786
845,527893373,845,527919506
845,527972130,845,527998489
845,528003887,845,528031337
845,528084007,845,528110207
845,528162805,845,528190863
845,528243513,845,528269649
845,528322249,845,528348359
845,528400959,845,528426768
845,528479340,845,528505252
845,528557896,845,528585758
845,528638366,845,528664597
845,528717257,845,528744775
845,528797445,845,528829037
845,528881651,845,528907942
845,528960593,845,528986752
845,529039332,845,529065550
845,529120849,845,529146924
845,529199525,845,529225466
845,529278068,845,529304030
845,529356598,845,529382739
845,529435339,845,529461698
845,529514353,845,529540386
845,529593061,845,529619043
845,529671602,845,529697397
845,529750100,845,529775966
845,529828586,845,529854452
845,529907086,845,529933246
845,529985886,845,530011880
845,530064476,845,530092951
845,530145572,845,530171582
845,530224198,845,530250082
845,530302695,845,530328941
845,530381581,845,530407521
845,530460158,845,530486305
845,530538958,845,530564689
845,530617350,845,530643620
845,530696288,845,530722503
845,530775137,845,530801367
845,530853987,845,530880046
845,530932646,845,530958639
845,531011229,845,531038911
845,531091630,845,531117707
845,531170305,845,531204702
845,531257295,845,531283896
845,531336427,845,531362436
845,531414982,845,531441340
845,531493955,845,531520191
845,531572903,845,531599205
845,531651778,845,531677932
845,531730532,845,531756494
845,531809084,845,531834888
845,531887559,845,531913632
845,531966246,845,531992565
845,532014582,845,532043149
845,532097901,845,532125660
845,532178242,845,532205762
845,532258315,845,532285887
845,532338443,845,532364348
845,532416914,845,532449692
845,532502350,845,532534966
845,532587577,845,532615282
845,532667923,845,532694105
845,532746806,845,532772823
845,532825412,845,532851622
845,532904275,845,532930371
845,532982971,845,533010736
845,533063330,845,533089251
845,533141824,845,533167690
845,533220295,845,533246230
845,533298794,845,533324656
845,533377342,845,533403356
845,533455955,845,533490239
845,533542824,845,533569098
845,533621737,845,533647836
845,533700440,845,533726568
845,533779179,845,533805239
845,533857891,845,533886102
845,533938762,845,533966789
845,534019408,845,534045831
845,534098415,845,534124633
845,534177239,845,534205032
845,534257723,845,534283529
845,534336176,845,534362142
845,534414739,845,534440645
845,534493215,845,534519684
845,534572229,845,534598187
845,534650753,845,534676761
845,534729318,845,534754953
845,534807554,845,534833321
845,534885877,845,534911887
845,534964432,845,534990585
845,535043296,845,535069243
845,535121828,845,535148064
845,535200599,845,535229027
845,535281633,845,535307666
845,535360263,845,535386296
845,535438888,845,535464960
845,535517587,845,535543768
845,535596359,845,535622204
845,535674761,845,535701090
845,535753729,845,535779849
845,535832408,845,535858226
845,535910890,845,535936892
845,535989470,845,536015878
845,536068640,845,536094828
845,536147442,845,536173406
845,536226015,845,536251984
845,536312888,845,536339004
845,536391619,845,536417733
845,536470333,845,536496965
845,536549508,845,536575493
845,536628065,845,536654033
845,536706617,845,536732819
845,536785408,845,536811564
845,536864161,845,536890245
845,536942918,845,536974980
845,537027560,845,537059678
845,537112279,845,537138580
845,537191222,845,537216999
845,537269606,845,537302436
845,537355035,845,537381059
845,537433647,845,537461386
845,537513973,845,537539814
845,537592424,845,537618350
845,537670902,845,537696942
845,537749553,845,537776537
845,537829141,845,537855188
845,537907767,845,537935407
845,537987990,845,538013992
845,538066555,845,538092243
845,538144807,845,538171169
845,538223752,845,538249798
845,538302428,845,538328767
845,538381382,845,538407404
845,538459977,845,538486142
845,538538725,845,538564521
845,538617116,845,538643040
845,538695623,845,538721491
845,538774100,845,538801791
845,538854351,845,538880570
845,538933142,845,538965321
845,539017927,845,539044274
845,539096916,845,539122887
845,539175533,845,539201962
845,539254517,845,539280552
845,539333085,845,539359318
845,539411914,845,539437807
845,539490368,845,539516043
845,539568673,845,539596712
845,539649348,845,539675511
845,539728076,845,539754066
845,539806647,845,539832396
845,539885016,845,539911140
845,539963801,845,539989916
845,540003596,845,540031702
845,540084380,845,540111934
845,540164543,845,540190828
845,540243518,845,540269850
845,540322477,845,540348630
845,540401250,845,540427187
845,540479787,845,540507349
845,540559962,845,540586221
845,540638846,845,540666666
845,540719248,845,540745274
845,540797840,845,540823858
845,540876438,845,540904085
845,540956653,845,540982582
845,541035179,845,541061208
845,541113748,845,541146287
845,541198860,845,541224739
845,541277345,845,541303248
845,541355775,845,541381629
845,541434293,845,541460405
845,541513056,845,541540468
845,541593039,845,541619113
845,541671741,845,541699442
845,541752079,845,541777964
845,541830580,845,541858109
845,541910726,845,541936624
845,541989218,845,542016803
845,542069384,845,542095729
845,542148352,845,542174375
845,542226932,845,542252715
845,542305266,845,542331155
845,542383751,845,542409913
845,542462591,845,542488877
845,542541480,845,542567471
845,542620099,845,542645965
845,542698498,845,542733720
845,542786296,845,542813078
845,542865633,845,542891791
845,542944320,845,542970350
845,543022876,845,543050634
845,543103204,845,543129189
845,543181717,845,543208228
845,543260783,845,543294256
845,543346782,845,543373037
845,543425661,845,543453377
845,543508583,845,543536703
845,543589248,845,543615166
845,543667756,845,543694264
845,543746860,845,543772967
845,543825610,845,543851746
845,543904329,845,543930363
845,543982978,845,544044330
845,544097301,845,544124030
845,544177256,845,544203378
845,544255980,845,544281920
845,544334515,845,544360556
845,544413124,845,544439001
845,544491592,845,544517764
845,544570325,845,544596327
845,544648917,845,544675304
845,544727908,845,544754204
845,544806797,845,544832980
845,544885621,845,544911851
845,544964458,845,544990616
845,545043201,845,545068956
845,545121559,845,545147466
845,545200058,845,545232768
845,545285345,845,545311209
845,545363821,845,545390851
845,545443447,845,545471022
845,545523662,845,545549806
845,545602368,845,545628281
845,545680888,845,545707412
845,545759978,845,545786142
845,545838724,845,545864726
845,545917361,845,545943266
845,545995857,845,546021809
845,546074383,845,546100320
845,546152905,845,546178793
845,546231386,845,546257112
845,546309690,845,546335557
845,546388112,845,546413976
845,546466574,845,546492556
845,546545227,845,546571409
845,546623981,845,546650371
845,546702964,845,546728883
845,546781475,845,546807607
845,546860284,845,546886223
845,546938770,845,546965258
845,547017824,845,547043819
845,547096415,845,547122414
845,547175005,845,547201649
845,547254275,845,547280420
845,547332982,845,547359189
845,547411808,845,547438065
845,547490632,845,547516587
845,547569201,845,547595612
845,547648268,845,547674410
845,547726970,845,547753043
845,547805617,845,547831650
845,547884230,845,547910451
845,547963032,845,547989135
845,548004782,845,548031303
845,548084015,845,548110416
845,548163002,845,548189043
845,548241649,845,548267874
845,548320423,845,548346527
845,548399153,845,548425398
845,548478000,845,548503965
845,548556605,845,548582443
845,548635067,845,548662769
845,548715342,845,548741332
845,548793872,845,548819770
845,548872451,845,548898431
845,548951032,845,548977066
845,549029670,845,549055956
845,549108584,845,549134559
845,549187139,845,549229016
845,549281647,845,549307541
845,549360122,845,549386248
845,549438871,845,549464720
845,549517434,845,549550296
845,549602916,845,549629015
845,549681626,845,549708572
845,549761130,845,549793434
845,549846092,845,549872116
845,549924783,845,549950662
845,550003195,845,550029284
845,550081821,845,550107968
845,550160515,845,550186565
845,550239126,845,550264900
845,550317458,845,550343665
845,550396226,845,550424464
845,550477049,845,550503227
845,550555835,845,550582001
845,550634557,845,550660582
845,550715800,845,550742122
845,550794725,845,550822472
845,550875062,845,550902884
845,550955457,845,550983406
845,551036056,845,551062002
845,551114613,845,551140747
845,551193347,845,551220305
845,551272937,845,551299173
845,551351764,845,551377827
845,551430406,845,551470037
845,551522617,845,551548839
845,551601431,845,551627304
845,551679873,845,551713241
845,551765850,845,551791848
845,551844405,845,551870424
845,551923013,845,551949118
845,552010921,845,552037514
845,552090190,845,552116255
845,552168852,845,552202294
845,552254888,845,552281112
845,552333698,845,552359668
845,552412235,845,552438111
845,552490708,845,552516587
845,552569167,845,552595088
845,552647682,845,552673565
845,552726129,845,552751980
845,552804580,845,552830592
845,552883232,845,552909050
845,552961657,845,552990285
845,553042929,845,553069052
845,553121823,845,553147950
845,553200538,845,553226553
845,553279153,845,553305137
845,553357738,845,553383436
845,553435991,845,553462199
845,553514842,845,553540927
845,553593492,845,553619407
845,553672027,845,553697864
845,553750433,845,553777928
845,553830565,845,553856694
845,553909330,845,553935163
845,553987732,845,554013810
845,554066418,845,554094152
845,554146773,845,554172747
845,554225376,845,554251511
845,554304124,845,554330067
845,554382637,845,554410473
845,554463076,845,554489152
845,554541747,845,554567850
845,554620449,845,554646498
845,554699109,845,554725278
845,554777883,845,554803792
845,554856396,845,554882423
845,554935094,845,554961085
845,555013686,845,555039630
845,555092222,845,555118192
845,555170772,845,555199444
845,555252107,845,555278394
845,555331247,845,555357352
845,555409939,845,555436263
845,555488889,845,555515746
845,555568329,845,555594218
845,555646851,845,555672834
845,555725444,845,555751496
845,555804140,845,555830013
845,555882581,845,555908575
845,555961147,845,555987102
845,556003548,845,556030060
845,556082734,845,556108664
845,556161230,845,556187067
845,556239698,845,556265533
845,556318131,845,556343956
845,556396515,845,556422178
845,556474757,845,556507955
845,556560581,845,556586117
845,556638661,845,556664684
845,556717336,845,556744107
845,556796699,845,556824682
845,556877258,845,556903079
845,556955642,845,556983313
845,557035933,845,557062043
845,557114591,845,557142189
845,557194777,845,557220891
845,557273443,845,557299669
845,557352342,845,557378144
845,557430693,845,557456458
845,557509094,845,557535291
845,557587917,845,557613546
845,557666124,845,557692054
845,557744609,845,557772232
845,557824831,845,557850885
845,557906033,845,557934167
845,557986839,845,558013602
845,558066217,845,558092377
845,558144943,845,558177817
845,558230423,845,558256480
845,558309108,845,558335123
845,558387740,845,558414077
845,558466680,845,558493231
845,558545840,845,558572190
845,558624745,845,558650616
845,558703327,845,558729256
845,558781845,845,558807807
845,558860375,845,558893009
845,558945621,845,558971737
845,559024287,845,559051861
845,559104494,845,559130725
845,559183281,845,559209602
845,559262124,845,559288191
845,559340775,845,559366686
845,559419317,845,559446964
845,559499610,845,559525754
845,559578349,845,559604349
845,559656918,845,559683112
845,559735728,845,559761771
845,559814383,845,559841059
845,559893701,845,559920914
845,559973487,845,559999609
845,560056571,845,560085956
845,560138710,845,560164831
845,560217440,845,560243442
845,560296062,845,560322004
845,560374597,845,560400916
845,560453516,845,560479754
845,560532380,845,560560275
845,560612915,845,560638685
845,560691253,845,560717079
845,560769648,845,560795521
845,560848111,845,560874078
845,560926605,845,560952700
845,561005286,845,561031250
845,561083789,845,561109976
845,561162483,845,561188476
845,561241047,845,561267079
845,561319609,845,561345451
845,561398054,845,561424061
845,561476685,845,561502682
845,561555245,845,561581149
845,561633747,845,561659679
845,561712213,845,561738238
845,561790788,845,561817547
845,561870168,845,561903225
845,561955793,845,561981703
845,562034250,845,562060249
845,562112806,845,562138803
845,562191382,845,562219093
845,562271721,845,562297901
845,562350473,845,562376739
845,562429294,845,562455429
845,562508037,845,562533850
845,562586490,845,562612309
845,562664921,845,562691007
845,562743607,845,562769317
845,562821863,845,562847958
845,562900522,845,562926418
845,562979081,845,563005203
845,563057801,845,563084650
845,563137323,845,563163404
845,563216013,845,563242636
845,563295266,845,563321301
845,563373892,845,563400019
845,563452582,845,563478849
845,563531486,845,563559436
845,563612131,845,563638363
845,563690874,845,563716891
845,563769423,845,563795201
845,563847730,845,563875297
845,563927840,845,563953758
845,564004798,845,564031343
845,564083971,845,564111647
845,564164251,845,564196798
845,564249353,845,564275562
845,564328111,845,564354244
845,564406836,845,564432968
845,564485528,845,564513274
845,564565829,845,564591820
845,564644412,845,564671969
845,564724539,845,564750487
845,564803128,845,564830942
845,564883516,845,564909809
845,564962381,845,564988610
845,565041166,845,565067178
845,565122295,845,565148406
845,565200978,845,565226872
845,565279417,845,565305168
845,565357671,845,565383753
845,565436307,845,565461988
845,565514550,845,565540739
845,565593298,845,565619437
845,565672077,845,565698200
845,565750762,845,565777085
845,565829640,845,565855797
845,565908288,845,565936143
845,565988707,845,566016176
845,566068751,845,566094734
845,566147307,845,566175473
845,566228009,845,566254018
845,566306601,845,566332716
845,566385313,845,566411143
845,566463729,845,566489874
845,566542462,845,566568500
845,566621052,845,566648986
845,566701548,845,566727685
845,566780287,845,566806601
845,566859153,845,566885369
845,566937964,845,566964135
845,567016659,845,567042635
845,567095184,845,567121241
845,567173838,845,567202178
845,567254753,845,567287247
845,567339799,845,567365589
845,567418170,845,567450007
845,567502599,845,567528608
845,567581213,845,567606947
845,567659528,845,567684954
845,567737556,845,567769134
845,567821745,845,567847909
845,567900479,845,567926389
845,567979009,845,568007365
845,568060152,845,568086492
845,568139100,845,568165550
845,568218151,845,568244145
845,568296700,845,568324286
845,568376907,845,568402999
845,568455573,845,568481730
845,568534279,845,568560453
845,568613071,845,568639248
845,568691813,845,568717928
845,568770501,845,568796625
845,568849257,845,568875316
845,568927914,845,568953684
845,569006197,845,569032086
845,569084608,845,569110493
845,569162966,845,569188844
845,569241443,845,569267447
845,569320066,845,569351669
845,569404233,845,569430173
845,569482706,845,569508730
845,569561259,845,569587276
845,569639806,845,569672865
845,569725418,845,569759603
845,569812139,845,569838476
845,569891061,845,569917216
845,569969834,845,569998311
845,570050846,845,570076730
845,570129276,845,570160546
845,570213066,845,570239038
845,570291568,845,570319114
845,570371787,845,570399336
845,570451892,845,570477921
845,570530535,845,570556532
845,570609064,845,570635179
845,570687771,845,570713918
845,570766468,845,570792274
845,570844813,845,570870664
845,570923194,845,570948983
845,571001538,845,571027553
845,571080114,845,571106062
845,571158669,845,571195234
845,571247773,845,571275809
845,571328342,845,571358437
845,571411068,845,571438566
845,571491148,845,571518858
845,571571458,845,571597851
845,571650420,845,571676426
845,571729082,845,571754955
845,571807529,845,571835277
845,571887886,845,571914088
845,571966773,845,571993263
845,572003898,845,572032236
845,572084933,845,572110981
845,572163601,845,572189361
845,572241964,845,572267896
845,572323062,845,572351104
845,572403671,845,572431594
845,572484268,845,572510348
845,572562932,845,572588804
845,572641349,845,572667318
845,572719917,845,572746015
845,572798600,845,572824769
845,572877365,845,572903037
845,572955580,845,572981140
845,573033706,845,573059584
845,573112126,845,573138519
845,573191079,845,573217450
845,573270052,845,573296063
845,573348627,845,573374567
845,573427206,845,573454747
845,573507335,845,573533235
845,573585832,845,573613650
845,573666150,845,573692081
845,573744696,845,573771001
845,573823582,845,573849673
845,573902222,845,573928335
845,573980946,845,574006901
845,574059477,845,574085306
845,574137846,845,574163727
845,574216375,845,574242253
845,574294795,845,574320728
845,574373350,845,574399331
845,574451888,845,574478300
845,574530937,845,574557026
845,574609637,845,574635722
845,574688266,845,574715873
845,574768481,845,574794369
845,574846931,845,574872824
845,574925418,845,574951502
845,575004067,845,575030044
845,575082596,845,575108467
845,575160992,845,575199017
845,575251639,845,575280362
845,575332971,845,575360678
845,575413274,845,575439983
845,575492618,845,575518968
845,575571548,845,575597481
845,575650116,845,575676390
845,575728962,845,575754769
845,575807365,845,575833250
845,575885807,845,575911855
845,575964468,845,575990495
845,576003550,845,576031588
845,576084289,845,576110374
845,576162935,845,576189133
845,576241697,845,576269571
845,576322136,845,576347937
845,576400516,845,576434661
845,576487311,845,576514861
845,576567405,845,576593526
845,576646047,845,576671864
845,576724449,845,576751986
845,576804531,845,576830528
845,576883098,845,576909196
845,576961748,845,576987853
845,577040444,845,577068064
845,577120656,845,577146473
845,577199037,845,577224825
845,577277438,845,577303500
845,577356103,845,577382333
845,577434900,845,577467242
845,577519906,845,577552476
845,577605032,845,577631064
845,577683648,845,577709775
845,577762341,845,577788450
845,577841023,845,577872641
845,577925193,845,577951282
845,578003846,845,578029942
845,578082489,845,578108570
845,578161134,845,578187482
845,578240128,845,578266124
845,578318745,845,578344673
845,578397189,845,578422999
845,578475577,845,578501501
845,578554114,845,578580223
845,578632785,845,578658766
845,578711352,845,578739100
845,578791708,845,578817666
845,578870247,845,578896159
845,578948729,845,578976647
845,579029268,845,579055232
845,579107833,845,579133568
845,579186113,845,579213147
845,579265733,845,579291996
845,579344566,845,579370643
845,579423179,845,579451101
845,579506181,845,579532579
845,579585158,845,579610887
845,579663508,845,579689503
845,579742057,845,579769828
845,579822364,845,579848243
845,579900851,845,579926954
845,579979538,845,580007064
845,580059719,845,580086247
845,580138857,845,580164869
845,580217441,845,580243312
845,580295894,845,580321521
845,580374068,845,580399696
845,580452348,845,580478318
845,580531062,845,580557127
845,580609741,845,580635826
845,580688367,845,580714824
845,580767402,845,580794466
845,580847108,845,580873293
845,580925946,845,580952052
845,581004655,845,581030773
845,581083330,845,581109239
845,581161863,845,581187877
845,581240457,845,581266486
845,581319083,845,581345012
845,581397609,845,581423885
845,581476489,845,581509831
845,581562335,845,581588036
845,581640646,845,581666768
845,581719308,845,581745132
845,581797790,845,581823792
845,581876422,845,581902158
845,581954734,845,581981087
845,582033715,845,582060457
845,582113015,845,582139163
845,582191729,845,582217911
845,582270494,845,582302883
845,582355441,845,582381255
845,582433849,845,582459964
845,582512532,845,582538644
845,582591188,845,582617941
845,582670527,845,582696614
845,582749176,845,582775130
845,582827738,845,582853721
845,582906299,845,582932302
845,582984885,845,583010958
845,583063478,845,583091233
845,583143822,845,583169881
845,583222432,845,583249468
845,583302028,845,583329132
845,583381673,845,583407789
845,583460303,845,583488074
845,583540600,845,583566676
845,583619319,845,583645681
845,583698272,845,583724233
845,583776860,845,583803115
845,583855682,845,583881944
845,583934532,845,583960648
845,584005980,845,584032637
845,584087343,845,584113358
845,584165960,845,584192115
845,584244694,845,584272203
845,584324840,845,584352493
845,584405045,845,584430736
845,584483358,845,584509149
845,584561702,845,584587768
845,584640322,845,584673278
845,584725791,845,584751738
845,584804289,845,584830274
845,584882854,845,584909192
845,584961838,845,584987832
845,585040380,845,585066526
845,585119070,845,585145412
845,585197934,845,585223941
845,585276552,845,585302808
845,585355389,845,585381339
845,585433926,845,585459810
845,585512365,845,585538484
845,585591060,845,585617061
845,585669640,845,585695773
845,585748337,845,585774767
845,585827358,845,585854999
845,585907589,845,585933879
845,585986468,845,586012377
845,586064944,845,586090923
845,586143464,845,586169445
845,586222034,845,586248030
845,586300647,845,586326502
845,586379034,845,586405328
845,586457869,845,586483757
