6391,659237971,                6391,767689075
6391,767804277,                6391,832448118
6391,832514152,                6391,879732483
6391,879804672,                6391,932542918
6391,932612159,                6391,992287456
6391,992352074,                6392,099504669
6392,099567198,                6392,154263177
6392,154325598,                6392,183993105
6392,184060980,                6392,215885635
6392,215954075,                6392,255914025
6392,255976171,                6392,340080663
6392,340148027,                6392,420183641
6392,420245652,                6392,491430661
6392,491494299,                6392,554002864
6392,554064942,                6392,609316996
6392,609384418,                6392,678195711
6392,678272802,                6392,753804715
6392,753873271,                6392,820067131
6392,820136794,                6392,874989903
6392,875051529,                6392,908434422
6392,908499451,                6392,941338314
6392,941406676,                6392,963578110
6392,963645693,                6393,018073504
6393,018135716,                6393,083439263
6393,083501402,                6393,124919852
6393,124981738,                6393,151688543
6393,151751356,                6393,218079097
6393,218146621,                6393,254855394
6393,254922426,                6393,285963392
6393,286031966,                6393,340321909
6393,340385031,                6393,394065995
6393,394130019,                6393,448084744
6393,448151122,                6393,489479088
6393,489545881,                6393,513955901
6393,514020343,                6393,573802419
6393,573872121,                6393,608775268
6393,608835932,                6393,639843409
6393,639906508,                6393,792064220
6393,792128086,                6393,822752129
6393,822816124,                6393,896103280
6393,896171136,                6393,957575362
6393,957635765,                6394,020330855
6394,020395015,                6394,095520171
6394,095589570,                6394,160970727
6394,161036742,                6394,235644447
6394,235707809,                6394,314211285
6394,314276758,                6394,382931594
6394,382997192,                6394,448216389
6394,448281179,                6394,529027574
6394,529094844,                6394,594471106
6394,594529715,                6394,630856827
6394,630925028,                6394,780029280
6394,780120524,                6394,811926504
6394,811991340,                6394,877786044
6394,877848513,                6394,956757204
6394,956824012,                6394,977557002
6394,977620160,                6395,038124915
6395,038192961,                6395,114712383
6395,114774775,                6395,188837461
6395,188899511,                6395,256222036
6395,256285626,                6395,279421763
6395,279491831,                6395,337748480
6395,337810460,                6395,407562498
6395,407626378,                6395,473723927
6395,473794109,                6395,499884433
6395,499945947,                6395,561507811
6395,561570476,                6395,622547035
6395,622612214,                6395,788044070
6395,788107977,                6395,838569935
6395,838632633,                6395,903385486
6395,903449443,                6395,989777619
6395,989841663,                6396,057770760
6396,057838076,                6396,087430715
6396,087495414,                6396,123535299
6396,123597668,                6396,159764936
6396,159829595,                6396,206571264
6396,206635231,                6396,275274136
6396,275342383,                6396,307824131
6396,307885255,                6396,361506890
6396,361581320,                6396,407548935
6396,407616654,                6396,436189909
6396,436255390,                6396,495366367
6396,495430925,                6396,577562439
6396,577626183,                6396,621456877
6396,621519393,                6396,808025355
6396,808093562,                6396,849841374
6396,849906514,                6396,891965093
6396,892007325,                6396,916153893
6396,916221191,                6396,983099129
6396,983163769,                6397,007660917
6397,007728470,                6397,062026279
6397,062094396,                6397,135722524
6397,135784968,                6397,202210191
6397,202276556,                6397,234381478
6397,234445907,                6397,269159527
6397,269227180,                6397,320670138
6397,320731975,                6397,378934618
6397,378996559,                6397,424791855
6397,424853415,                6397,453722856
6397,453786171,                6397,500804770
6397,500868226,                6397,569692252
6397,569755245,                6397,650193134
6397,650255176,                6397,800047360
6397,800111742,                6397,853020038
6397,853082932,                6397,924905504
6397,924969658,                6397,991683667
6397,991754827,                6398,059608603
6398,059673463,                6398,140758495
6398,140827651,                6398,209205649
6398,209270491,                6398,288948728
6398,289014321,                6398,313938078
6398,314001461,                6398,345920435
6398,345991826,                6398,398637549
6398,398705841,                6398,441826188
6398,441896003,                6398,470070381
6398,470135907,                6398,521510591
6398,521574128,                6398,597787146
6398,597849955,                6398,679033924
6398,679099649,                6398,724392006
6398,724455208,                6398,776600026
6398,776662709,                6398,822680595
6398,822743699,                6398,882214757
6398,882277212,                6398,930668647
6398,930730923,                6398,976049689
6398,976112274,                6399,061295925
6399,061359469,                6399,127333944
6399,127396176,                6399,201709800
6399,201772183,                6399,282797653
6399,282859958,                6399,348291390
6399,348353708,                6399,431250904
6399,431319331,                6399,508595050
6399,508657682,                6399,593577224
6399,593639991,                6399,636073354
6399,636135450,                6399,848077634
6399,848144871,                6399,909599042
6399,909662189,                6399,986166018
6399,986242144,                6400,057808208
6400,057884850,                6400,148836454
6400,148912456,                6400,218887509
6400,218967181,                6400,307662297
6400,307738526,                6400,381827732
6400,381902958,                6400,473518484
6400,473581610,                6400,502386536
6400,502448957,                6400,549113592
6400,549175602,                6400,634475129
6400,634537427,                6400,812029785
6400,812099489,                6400,889269239
6400,889334156,                6400,961216542
6400,961281465,                6401,054006158
6401,054070883,                6401,129991891
6401,130056178,                6401,222628566
6401,222693037,                6401,300911162
6401,300975379,                6401,389515371
6401,389579489,                6401,411781484
6401,411845360,                6401,470263456
6401,470326220,                6401,563861113
6401,563923362,                6401,656302121
6401,656364699,                6401,760017026
6401,760098638,                6401,816495966
6401,816559360,                6401,898673576
6401,898736631,                6401,934254149
6401,934317449,                6401,998303750
6401,998366036,                6402,025552027
6402,025614629,                6402,099531227
6402,099593940,                6402,195541270
6402,195603725,                6402,284667438
6402,284730055,                6402,318228859
6402,318290873,                6402,381476849
6402,381539168,                6402,418262375
6402,418324490,                6402,486881351
6402,486944054,                6402,582309422
6402,582372105,                6402,602175168
6402,602237641,                6402,684356054
6402,684431333,                6402,781493959
6402,781557433,                6402,872840630
6402,872904110,                6402,970213943
6402,970277311,                6403,011155202
6403,011218187,                6403,075204277
6403,075272987,                6403,184746945
6403,184815171,                6403,286618099
6403,286680843,                6403,394964978
6403,395027578,                6403,511555338
6403,511618162,                6403,565483080
6403,565551246,                6403,631847395
6403,631909897,                6403,884037252
6403,884116546,                6403,984981071
6403,985049063,                6404,096240923
6404,096318106,                6404,156034757
6404,156128010,                6404,215815341
6404,215892277,                6404,268050424
6404,268128017,                6404,344412522
6404,344488694,                6404,399083207
6404,399159139,                6404,467012886
6404,467075767,                6404,586509730
6404,586573310,                6404,633715682
6404,633778597,                6404,808075979
6404,808157952,                6404,849091874
6404,849154654,                6404,903863504
6404,903927105,                6404,956916791
6404,956981527,                6405,088949259
6405,089014286,                6405,118227425
6405,118291563,                6405,265220043
6405,265284741,                6405,333719547
6405,333783934,                6405,387951701
6405,388006325,                6405,476015464
6405,476079997,                6405,501816628
6405,501878833,                6405,581287000
6405,581349498,                6405,682445577
6405,682511695,                6405,776249774
6405,776313159,                6405,886549424
6405,886612341,                6405,990804042
6405,990867054,                6406,104310395
6406,104373238,                6406,211763170
6406,211826517,                6406,329266956
6406,329330322,                6406,374318401
6406,374381041,                6406,422944668
6406,423007554,                6406,462221088
6406,462283773,                6406,508789529
6406,508852031,                6406,595492011
6406,595554455,                6406,671668483
6406,671734112,                6406,759506138
6406,759569475,                6406,840052603
6406,840115531,                6406,872086334
6406,872148732,                6406,936375356
6406,936438122,                6406,965722145
6406,965784451,                6407,010532413
6407,010594976,                6407,096400809
6407,096463418,                6407,126726831
6407,126788659,                6407,177403783
6407,177465830,                6407,266797862
6407,266860525,                6407,324768405
6407,324837999,                6407,372335295
6407,372397455,                6407,462039551
6407,462102462,                6407,503929130
6407,503991344,                6407,549919520
6407,549981895,                6407,639668921
6407,639731663,                6407,828028702
6407,828109747,                6407,909782964
6407,909846326,                6408,003437698
6408,003503779,                6408,088993322
6408,089058450,                6408,186779260
6408,186843993,                6408,285810968
6408,285875691,                6408,312707828
6408,312772219,                6408,370637966
6408,370712303,                6408,459205035
6408,459268289,                6408,510374198
6408,510443171,                6408,560563155
6408,560630422,                6408,657709847
6408,657774330,                6408,760086453
6408,760153647,                6408,839372702
6408,839435399,                6408,942353073
6408,942423071,                6409,045643907
6409,045711987,                6409,074238624
6409,074300678,                6409,145702379
6409,145765998,                6409,171905278
6409,171967378,                6409,229655798
6409,229725316,                6409,319616675
6409,319684719,                6409,428012692
6409,428079063,                6409,469722106
6409,469786852,                6409,532427288
6409,532491460,                6409,638785001
6409,638846230,                6409,784075265
6409,784142717,                6409,838968908
6409,839034348,                6409,926901642
6409,926964238,                6410,028582897
6410,028650465,                6410,135292275
6410,135356778,                6410,242227455
6410,242292169,                6410,287467239
6410,287534658,                6410,355091748
6410,355167947,                6410,385489044
6410,385554760,                6410,460405378
6410,460464642,                6410,563247592
6410,563311483,                6410,600340357
6410,600405642,                6410,668456671
6410,668535833,                6410,707790347
6410,707859885,                6410,777967257
6410,778030188,                6410,880084420
6410,880149309,                6410,911630761
6410,911695502,                6410,992823590
6410,992899876,                6411,099286392
6411,099350020,                6411,204934863
6411,204997687,                6411,307153870
6411,307217793,                6411,404212202
6411,404279692,                6411,488191401
6411,488255712,                6411,584045383
6411,584110099,                6411,587707596
6411,587768601,                6411,625800935
6411,625864811,                6411,685214936
6411,685282556,                6411,791339710
6411,791410179,                6411,892194418
6411,892264528,                6411,920850851
6411,920915938,                6411,979245843
6411,979322984,                6412,010868158
6412,010940203,                6412,074059761
6412,074121891,                6412,171523893
6412,171585204,                6412,272061667
6412,272123232,                6412,368700720
6412,368768548,                6412,458445604
6412,458510013,                6412,561658113
6412,561729058,                6412,664859458
