6300,235977547,6300,283633091
6300,283734675,6300,315596063
6300,315698575,6300,347611186
6300,347711048,6300,379600358
6300,379679005,6300,411611578
6300,411713602,6300,443599321
6300,443709602,6300,475598108
6300,475713135,6300,507608662
6300,507717519,6300,539605486
6300,539700021,6300,571597740
6300,571684855,6300,603604598
6300,603705699,6300,635688323
6300,635768125,6300,667600652
6300,667701983,6300,699596783
6300,699697675,6300,719654235
6300,719762264,6300,751607764
6300,751714874,6300,783604833
6300,783712997,6300,815597881
6300,815705972,6300,847618509
6300,847719599,6300,879598101
6300,879713141,6300,911598002
6300,911712868,6300,943599778
6300,943702498,6300,975605401
6300,975720771,6301,007599072
6301,007706839,6301,039610423
6301,039731886,6301,071600304
6301,071715500,6301,103610796
6301,103718195,6301,135598160
6301,135712777,6301,167608164
6301,167719890,6301,199598323
6301,199707230,6301,231600427
6301,231701934,6301,263615139
6301,263730200,6301,295597104
6301,295697705,6301,327598137
6301,327699051,6301,359607384
6301,359722671,6301,391598622
6301,391691690,6301,423600039
6301,423706475,6301,455602009
6301,455712391,6301,487609356
6301,487709852,6301,519600737
6301,519694481,6301,551603412
6301,551682787,6301,583597815
6301,583711917,6301,615597246
6301,615704592,6301,647598914
6301,647705430,6301,679599841
6301,679710028,6301,711596818
6301,711683396,6301,743597345
6301,743698538,6301,775620876
6301,775729158,6301,807605059
6301,807719467,6301,839598057
6301,839705465,6301,879605559
6301,879705924,6301,911589995
6301,911690376,6301,943599146
6301,943708191,6301,987597430
6301,987704957,6302,019597192
6302,019697776,6302,051590585
6302,051690999,6302,083605524
6302,083706731,6302,115597101
6302,115704887,6302,147597224
6302,147712223,6302,179600269
6302,179711147,6302,211604250
6302,211705576,6302,243593409
6302,243694387,6302,275606887
6302,275701654,6302,307599408
6302,307700417,6302,339590385
6302,339698504,6302,371596904
6302,371696255,6302,403597355
6302,403690939,6302,435604318
6302,435713723,6302,467590262
6302,467698327,6302,499597207
6302,499705024,6302,531590203
6302,531691627,6302,563597083
6302,563705017,6302,595590121
6302,595697840,6302,627597828
6302,627720622,6302,659597728
6302,659698945,6302,691599106
6302,691710275,6302,723590516
6302,723691845,6302,759597136
6302,759719550,6302,791609490
6302,791718322,6302,823597187
6302,823705479,6302,863591681
6302,863692911,6302,895598182
6302,895705731,6302,927598636
6302,927699040,6302,959591155
6302,959707628,6302,991590804
6302,991691656,6303,023597200
6303,023711518,6303,055590525
6303,055696977,6303,087589113
6303,087704652,6303,119593707
6303,119694377,6303,151599701
6303,151711760,6303,183596298
6303,183706371,6303,215590413
6303,215698365,6303,247602977
6303,247695496,6303,279603546
6303,279718930,6303,311599844
6303,311707944,6303,343589316
6303,343696990,6303,375591591
6303,375692146,6303,407596652
6303,407704302,6303,439599880
6303,439716575,6303,471613694
6303,471721548,6303,503578653
6303,503665324,6303,539610131
6303,539731553,6303,571597156
6303,571705898,6303,603600946
6303,603709159,6303,635590069
6303,635690957,6303,667599360
6303,667709298,6303,699591662
6303,699692803,6303,731596491
6303,731711022,6303,763588698
6303,763673608,6303,795601216
6303,795709754,6303,827592471
6303,827700710,6303,863632262
6303,863739975,6303,895611759
6303,895719370,6303,927599327
6303,927707680,6303,959615114
6303,959717276,6303,991598568
6303,991706322,6304,023620854
6304,023735879,6304,055613996
6304,055721350,6304,087606146
6304,087707029,6304,119606868
6304,119721875,6304,151616922
6304,151731071,6304,183585499
6304,183695190,6304,215597067
6304,215698327,6304,247597229
6304,247698175,6304,279597580
6304,279698894,6304,311597811
6304,311698575,6304,343599913
6304,343700649,6304,375592279
6304,375707303,6304,407604733
6304,407704991,6304,439592010
6304,439709194,6304,471596327
6304,471697194,6304,503593091
6304,503693903,6304,535597012
6304,535711847,6304,567597747
6304,567703936,6304,599597017
6304,599704950,6304,631591529
6304,631714693,6304,663597012
6304,663704940,6304,695592251
6304,695709028,6304,727598507
6304,727706708,6304,759598895
6304,759706578,6304,791586529
6304,791701835,6304,823590733
6304,823712391,6304,847618090
6304,847719207,6304,879596720
6304,879704864,6304,911597340
6304,911704880,6304,943596242
6304,943705320,6304,975622551
6304,975730659,6305,007605030
6305,007712247,6305,039597476
6305,039705754,6305,083592152
6305,083706591,6305,115597567
6305,115705938,6305,147592672
6305,147702131,6305,179599409
6305,179710146,6305,211590400
6305,211712209,6305,243603984
6305,243712538,6305,275605758
6305,275728123,6305,307599948
6305,307715387,6305,339590774
6305,339712649,6305,371598032
6305,371692442,6305,403590177
6305,403704729,6305,435608610
6305,435739463,6305,467590408
6305,467712134,6305,499597467
6305,499712725,6305,531590147
6305,531704976,6305,563597209
6305,563712415,6305,595589975
6305,595704348,6305,627597130
6305,627698672,6305,659606334
6305,659728497,6305,691599266
6305,691702654,6305,723590340
6305,723705470,6305,759612631
6305,759727271,6305,784182139
6305,784268941,6305,803600692
6305,803702142,6305,835590080
6305,835691364,6305,847646334
6305,847753863,6305,879590552
6305,879704830,6305,927597169
6305,927698127,6305,943637711
6305,943733645,6305,975597501
6305,975702572,6306,023590245
6306,023712807,6306,055597473
6306,055698387,6306,087589876
6306,087697481,6306,119597122
6306,119705271,6306,151606214
6306,151706800,6306,183602262
6306,183705563,6306,215590107
6306,215690488,6306,247595928
6306,247697310,6306,279590625
6306,279711194,6306,311597509
6306,311699182,6306,343589672
6306,343697388,6306,375599878
6306,375701033,6306,407589366
6306,407697088,6306,439599024
6306,439709119,6306,471589617
6306,471697302,6306,503599461
6306,503692865,6306,535589948
6306,535711659,6306,567599669
6306,567707296,6306,599589958
6306,599690345,6306,631599291
6306,631714816,6306,663592434
6306,663693082,6306,695601867
6306,695704911,6306,727589792
6306,727697855,6306,759598497
6306,759706363,6306,791590536
6306,791706293,6306,823597202
6306,823698386,6306,859590059
6306,859697684,6306,891599506
6306,891700378,6306,923593146
6306,923701259,6306,983599819
6306,983709682,6307,015590076
6307,015711613,6307,047599599
6307,047700095,6307,079590149
6307,079704794,6307,111597394
6307,111704811,6307,143591403
6307,143699557,6307,175599207
6307,175709855,6307,207589910
6307,207697933,6307,239597189
6307,239698372,6307,271590853
6307,271706236,6307,303596694
6307,303697821,6307,335589800
6307,335704785,6307,367597180
6307,367697805,6307,390343340
6307,390443649,6307,411599802
6307,411715165,6307,443606229
6307,443729212,6307,475597616
6307,475705906,6307,507615720
6307,507716471,6307,539597572
6307,539705679,6307,571596032
6307,571704555,6307,603592136
6307,603699771,6307,635590005
6307,635703047,6307,667602972
6307,667706956,6307,699583436
6307,699691430,6307,731600027
6307,731707652,6307,763591450
6307,763712467,6307,795603326
6307,795704416,6307,827586131
6307,827693768,6307,863607199
6307,863707806,6307,895599540
6307,895706677,6307,927606211
6307,927707181,6307,959618211
6307,959720831,6307,991613500
6307,991714097,6308,023613280
6308,023728560,6308,055614109
6308,055722005,6308,087606135
6308,087713611,6308,119620830
6308,119721138,6308,151623825
6308,151730939,6308,183602072
6308,183704624,6308,215589808
6308,215690930,6308,247597109
6308,247705254,6308,279591254
6308,279699178,6308,311596944
6308,311697986,6308,343590112
6308,343697850,6308,375597137
6308,375698131,6308,407575791
6308,407654666,6308,435594281
6308,435711110,6308,467603888
6308,467712138,6308,499597761
6308,499706056,6308,531589941
6308,531712235,6308,563596574
6308,563704629,6308,595589742
6308,595713152,6308,627598835
6308,627705337,6308,659590935
6308,659714164,6308,691599591
6308,691717017,6308,723595119
6308,723696378,6308,759597024
6308,759704918,6308,791598974
6308,791714233,6308,823597186
6308,823719657,6308,863591815
6308,863716601,6308,895601190
6308,895709279,6308,927596791
6308,927704677,6308,959598738
6308,959708153,6308,991591529
6308,991714099,6309,023596838
6309,023704451,6309,055591865
6309,055706948,6309,087597172
6309,087711830,6309,119596522
6309,119683287,6309,151603961
6309,151712688,6309,183592067
6309,183709409,6309,215597104
6309,215705293,6309,247596678
6309,247690962,6309,279597017
6309,279698905,6309,311589829
6309,311705030,6309,343597097
6309,343683685,6309,375589755
6309,375719627,6309,407597629
6309,407705617,6309,439592714
6309,439702074,6309,471606429
6309,471714449,6309,495640281
6309,495755221,6309,527612330
6309,527727204,6309,559598208
6309,559705461,6309,603589536
6309,603703863,6309,635595388
6309,635702823,6309,667598960
6309,667709309,6309,699589937
6309,699698132,6309,731596739
6309,731697785,6309,763605201
6309,763720254,6309,795597049
6309,795705201,6309,827589720
6309,827697336,6309,863597192
6309,863690722,6309,879635429
6309,879743131,6309,911598224
6309,911691569,6309,959592260
6309,959701701,6310,023597063
6310,023705608,6310,055589550
6310,055704337,6310,087599617
6310,087707094,6310,119589887
6310,119704498,6310,151602923
6310,151717568,6310,183592038
6310,183701773,6310,215599933
6310,215708148,6310,247590080
6310,247690965,6310,279615005
6310,279730188,6310,311590114
6310,311697408,6310,343599258
6310,343699806,6310,375589928
6310,375697632,6310,407596732
6310,407697509,6310,439592268
6310,439716234,6310,471597013
6310,471704820,6310,503589530
6310,503703816,6310,535599622
6310,535715204,6310,567603876
6310,567718592,6310,599596830
6310,599704427,6310,631589825
6310,631711046,6310,663599626
6310,663714894,6310,695592024
6310,695702293,6310,727597196
6310,727698112,6310,759592609
6310,759707185,6310,791597534
6310,791705971,6310,823589707
6310,823697905,6310,847600608
6310,847701258,6310,879598262
6310,879705906,6310,911596775
6310,911704719,6310,955591665
6310,955693983,6310,987626115
6310,987727467,6311,019594045
6311,019708991,6311,051597067
6311,051705134,6311,087590424
6311,087706012,6311,119599962
6311,119700474,6311,151605931
6311,151720841,6311,183599495
6311,183702846,6311,215590064
6311,215698284,6311,247597728
6311,247705903,6311,279589823
6311,279705619,6311,311606266
6311,311700886,6311,343589691
6311,343690104,6311,375597253
6311,375697685,6311,407598661
6311,407706241,6311,439599133
6311,439722840,6311,471589913
6311,471691403,6311,503605987
6311,503700290,6311,539589731
6311,539704777,6311,571596936
6311,571690517,6311,603584257
6311,603691855,6311,635596884
6311,635697433,6311,667592409
6311,667709303,6311,699590963
6311,699698960,6311,731592645
6311,731700388,6311,763578102
6311,763667955,6311,795583953
6311,795692052,6311,827592079
6311,827700267,6311,863606666
6311,863721032,6311,895613965
6311,895714353,6311,911618709
6311,911712022,6311,943608608
6311,943711173,6311,975589331
6311,975704257,6312,019590782
6312,019691758,6312,051582583
6312,051690627,6312,095590188
6312,095698296,6312,127610481
6312,127725144,6312,159610824
6312,159718807,6312,191599729
6312,191710023,6312,223589923
6312,223691052,6312,255596916
6312,255690894,6312,287589990
6312,287698751,6312,319596699
6312,319697397,6312,351589530
6312,351697460,6312,395596651
6312,395704154,6312,439601857
6312,439726108,6312,471596579
6312,471704545,6312,503606025
6312,503713843,6312,535596757
6312,535719443,6312,567589756
6312,567690578,6312,599596621
6312,599718726,6312,631589686
6312,631697275,6312,675592923
6312,675717865,6312,707589572
6312,707697716,6312,739596687
6312,739712329,6312,771600519
6312,771707973,6312,803599197
6312,803720837,6312,835589953
6312,835704540,6312,887571492
6312,887637257,6312,919614620
6312,919722011,6312,951598833
6312,951714833,6312,983596618
6312,983711058,6313,015606961
6313,015721284,6313,047597619
6313,047704803,6313,079594811
6313,079709274,6313,111596882
6313,111704424,6313,143603221
6313,143705381,6313,175606189
6313,175722158,6313,207597224
6313,207712120,6313,239596242
6313,239704143,6313,271594337
6313,271710277,6313,303597802
6313,303705357,6313,335596323
6313,335710490,6313,367596831
6313,367704251,6313,399596276
6313,399696821,6313,431596895
6313,431697641,6313,463598556
6313,463714747,6313,495600078
6313,495714643,6313,527604390
6313,527711584,6313,559598393
6313,559699886,6313,591596491
6313,591717904,6313,623599510
6313,623714005,6313,655596492
6313,655711401,6313,678839892
6313,678919972,6313,711605099
6313,711699442,6313,743590329
6313,743691032,6313,775620438
6313,775721550,6313,807597575
6313,807697805,6313,839589765
6313,839697397,6313,863607251
6313,863707325,6313,895605148
6313,895720887,6313,927590059
6313,927704017,6313,959597887
6313,959700046,6313,991589780
6313,991698118,6314,023596400
6314,023717978,6314,055596794
6314,055697617,6314,087596474
6314,087703608,6314,119589515
6314,119681197,6314,151612013
6314,151719347,6314,183592084
6314,183694790,6314,215596599
6314,215704617,6314,247589683
6314,247690816,6314,279596546
6314,279710355,6314,311596628
6314,311696740,6314,343594985
6314,343687971,6314,375609049
6314,375710071,6314,407596446
6314,407702749,6314,439591596
6314,439701785,6314,471596737
6314,471704742,6314,503589613
6314,503690051,6314,535596462
6314,535711141,6314,567596624
6314,567696792,6314,599596400
6314,599689182,6314,631592312
6314,631692722,6314,663597398
6314,663715893,6314,695592014
6314,695701729,6314,727589151
6314,727690215,6314,755644277
6314,755745442,6314,787597351
6314,787705167,6314,819589797
6314,819697702,6314,847599309
6314,847714205,6314,887589799
6314,887691074,6314,919605669
6314,919706506,6314,951591172
6314,951699399,6314,967638444
6314,967745407,6315,011595399
6315,011689191,6315,043596585
6315,043697145,6315,075590556
6315,075683823,6315,107596609
6315,107703994,6315,139603791
6315,139711165,6315,171599118
6315,171708471,6315,203599645
6315,203707748,6315,235598684
6315,235691784,6315,267589694
6315,267691214,6315,299596435
6315,299711314,6315,343597131
6315,343698033,6315,375589641
6315,375704207,6315,407590157
6315,407683976,6315,451598344
6315,451708146,6315,483590146
6315,483690641,6315,507609662
6315,507724546,6315,539590077
6315,539690498,6315,571596521
6315,571703744,6315,603592186
6315,603692945,6315,635596397
6315,635710866,6315,667593204
6315,667696243,6315,699590989
6315,699705550,6315,731592944
6315,731687304,6315,755653539
6315,755761046,6315,787590227
6315,787697964,6315,819590597
6315,819697868,6315,847599012
6315,847707088,6315,879605027
6315,879712115,6315,911596511
6315,911697209,6315,943607935
6315,943723643,6315,975596558
6315,975690727,6316,007614468
6316,007722190,6316,039589767
6316,039689614,6316,071623469
6316,071730711,6316,115601764
6316,115702264,6316,147586890
6316,147694485,6316,179592536
6316,179695618,6316,211596514
6316,211704385,6316,243590222
6316,243684870,6316,275613137
6316,275720220,6316,319589793
6316,319696972,6316,351596578
6316,351689848,6316,383596811
6316,383698213,6316,415598010
6316,415710848,6316,447591758
6316,447702098,6316,491596781
6316,491720671,6316,523595090
6316,523704043,6316,567596692
6316,567697529,6316,599590403
6316,599706167,6316,631597008
6316,631704308,6316,663598265
6316,663714215,6316,695598816
6316,695701615,6316,727598755
6316,727713774,6316,755644569
6316,755745318,6316,787590679
6316,787692696,6316,831599541
6316,831699611,6316,863596936
6316,863704393,6316,895589301
6316,895690371,6316,927602841
6316,927710844,6316,959612376
6316,959706958,6316,991590012
6316,991705105,6317,035589488
6317,035695879,6317,067589852
6317,067711626,6317,099596903
6317,099696324,6317,131590338
6317,131698617,6317,163595071
6317,163704422,6317,195592530
6317,195717122,6317,227597016
6317,227697307,6317,259597379
6317,259720718,6317,291589711
6317,291697110,6317,335589395
6317,335696758,6317,391613644
6317,391714251,6317,423589893
6317,423705802,6317,455598093
6317,455708457,6317,487570542
6317,487643263,6317,519598676
6317,519698439,6317,551589368
6317,551696819,6317,583596455
6317,583696597,6317,615592331
6317,615717979,6317,647612476
6317,647713196,6317,679593728
6317,679696871,6317,711599278
6317,711707481,6317,743589589
6317,743697577,6317,775621043
6317,775722047,6317,807602289
6317,807703534,6317,839596924
6317,839704867,6317,879591027
6317,879698980,6317,907597142
6317,907711983,6317,939592035
6317,939701998,6317,971596813
6317,971698084,6318,003596027
6318,003702146,6318,024125390
6318,024204145,6318,043590662
6318,043713596,6318,075591356
6318,075691604,6318,107590226
6318,107712319,6318,151599177
6318,151699352,6318,183591621
6318,183701708,6318,227596438
6318,227704505,6318,259596602
6318,259705102,6318,291599519
6318,291700280,6318,323589702
6318,323697905,6318,355597021
6318,355690795,6318,387589570
6318,387704872,6318,409486943
6318,409559409,6318,415613324
6318,415679374,6318,435607611
6318,435717287,6318,467589841
6318,467697879,6318,499596897
6318,499705060,6318,531589580
6318,531704277,6318,563596972
6318,563690198,6318,595589962
6318,595704723,6318,639596508
6318,639690378,6318,671602430
6318,671728214,6318,703589527
6318,703683790,6318,747590193
6318,747697932,6318,779598495
6318,779706166,6318,811589531
6318,811704720,6318,843597699
6318,843705807,6318,879589548
6318,879697610,6318,911596642
6318,911690254,6318,943591449
6318,943707771,6318,975589892
6318,975683864,6319,007604823
6319,007705170,6319,039596897
6319,039690201,6319,071589425
6319,071703727,6319,103589753
6319,103690049,6319,135589248
6319,135704234,6319,167608600
6319,167704345,6319,199589640
6319,199704526,6319,231589617
6319,231689909,6319,263589357
6319,263697135,6319,295596717
6319,295711635,6319,327589373
6319,327697068,6319,359597998
6319,359698729,6319,391602682
6319,391703567,6319,423596646
6319,423696988,6319,455593631
6319,455703422,6319,487597030
6319,487697790,6319,523605299
6319,523720890,6319,555596584
6319,555696690,6319,587589853
6319,587690618,6319,619597241
6319,619704414,6319,651591115
6319,651698755,6319,683599618
6319,683701887,6319,715591170
6319,715699589,6319,747590133
6319,747697398,6319,779583943
6319,779691357,6319,835601480
6319,835703062,6319,895599507
6319,895707701,6319,911640861
6319,911746593,6319,959614836
6319,959724122,6320,007608251
6320,007716111,6320,039590146
6320,039690985,6320,083588969
6320,083689203,6320,127609459
6320,127710766,6320,159589184
6320,159689396,6320,191607533
6320,191710429,6320,223598669
6320,223692352,6320,267598989
6320,267700723,6320,299589899
6320,299690436,6320,331599009
6320,331713532,6320,363592180
6320,363693000,6320,395599093
6320,395706612,6320,427589430
6320,427690623,6320,459597717
6320,459706848,6320,491593354
6320,491716476,6320,523596419
6320,523719143,6320,555591900
6320,555694577,6320,587596538
6320,587711603,6320,619589232
6320,619689569,6320,651597474
6320,651711867,6320,683592729
6320,683702324,6320,715596889
6320,715705368,6320,747596084
6320,747711361,6320,779597464
6320,779705153,6320,811602393
6320,811702718,6320,843596262
6320,843711279,6320,879594518
6320,879702678,6320,911596667
6320,911711901,6320,943591906
6320,943708194,6320,975596641
6320,975704622,6321,007627187
6321,007725817,6321,039595893
6321,039703866,6321,071589735
6321,071697161,6321,103603579
6321,103711245,6321,135594771
6321,135702458,6321,167599739
6321,167711245,6321,199590197
6321,199698494,6321,231605633
6321,231720888,6321,263594452
6321,263710863,6321,295596377
6321,295712479,6321,327589352
6321,327704327,6321,359596090
6321,359696013,6321,391602655
6321,391710488,6321,423596243
6321,423717717,6321,455591098
6321,455707362,6321,487602844
6321,487703482,6321,519589308
6321,519689825,6321,551599095
6321,551706248,6321,583589570
6321,583698238,6321,615596132
6321,615703691,6321,647594647
6321,647695461,6321,679598758
6321,679702603,6321,711590004
6321,711691209,6321,743605976
6321,743714471,6321,775606980
6321,775686850,6321,807598036
6321,807699003,6321,839590519
6321,839705488,6321,879590071
6321,879697705,6321,911589247
6321,911689260,6321,943598348
6321,943701303,6321,975589713
6321,975690194,6322,007597747
6322,007713660,6322,039589929
6322,039697277,6322,071596182
6322,071697376,6322,103589147
6322,103689817,6322,147596138
6322,147690011,6322,179592360
6322,179708973,6322,211597407
6322,211698725,6322,243590063
6322,243690891,6322,275614419
6322,275715258,6322,307590141
6322,307704175,6322,339599661
6322,339700021,6322,371589327
6322,371696857,6322,403597165
6322,403704279,6322,435600099
6322,435709514,6322,467596925
6322,467697507,6322,499589369
6322,499690158,6322,531596726
6322,531704841,6322,563605057
6322,563705844,6322,595597072
6322,595697542,6322,627589375
6322,627687374,6322,659598211
6322,659699629,6322,691595898
6322,691721302,6322,723597621
6322,723698794,6322,755606161
6322,755707076,6322,787598513
6322,787707006,6322,819589102
6322,819696919,6322,847602619
6322,847703790,6322,879589322
6322,879697219,6322,911596352
6322,911697211,6322,943591494
6322,943694212,6322,975599314
6322,975707003,6323,007598625
6323,007691885,6323,039599025
6323,039699675,6323,071589259
6323,071695318,6323,103596443
6323,103696902,6323,135596458
6323,135703636,6323,167601640
6323,167704194,6323,199590099
6323,199691431,6323,231594643
6323,231695426,6323,263604159
6323,263698323,6323,295596908
6323,295705934,6323,327594642
6323,327702239,6323,359596849
6323,359691230,6323,391601019
6323,391708482,6323,423596514
6323,423701657,6323,455591027
6323,455707717,6323,487596494
6323,487690453,6323,523589555
6323,523697616,6323,555597933
6323,555692393,6323,587594728
6323,587695002,6323,619597582
6323,619703928,6323,651591902
6323,651706954,6323,683598895
6323,683695193,6323,715587721
6323,715695406,6323,747593353
6323,747687516,6323,783597919
6323,783734856,6323,815599187
6323,815693255,6323,847599522
6323,847714545,6323,879613369
6323,879714109,6323,911605759
6323,911719620,6323,943609063
6323,943710903,6323,975589605
6323,975697509,6324,007606980
6324,007713960,6324,039591971
6324,039707511,6324,071606120
6324,071707105,6324,103589736
6324,103696862,6324,135599081
6324,135692741,6324,147617934
6324,147732605,6324,167602044
6324,167719704,6324,199591280
6324,199689303,6324,231597279
6324,231698197,6324,263589308
6324,263704583,6324,295596754
6324,295705335,6324,327589070
6324,327689387,6324,359596744
6324,359704912,6324,391602509
6324,391709688,6324,423596765
6324,423697529,6324,455607145
6324,455709736,6324,487597684
6324,487714040,6324,519589426
6324,519712681,6324,551596637
6324,551698291,6324,583597389
6324,583705515,6324,615596620
6324,615698019,6324,647589310
6324,647695386,6324,679600973
6324,679719835,6324,711618722
6324,711725238,6324,743601320
6324,743708986,6324,783591812
6324,783705834,6324,815604718
6324,815712548,6324,847599677
6324,847706617,6324,879596015
6324,879697625,6324,923596890
6324,923704439,6324,955590824
6324,955700351,6324,987575307
6324,987661956,6325,031591043
6325,031692644,6325,059596847
6325,059695440,6325,091604388
6325,091711945,6325,123596469
6325,123711785,6325,155592583
6325,155694041,6325,187581168
6325,187670109,6325,219590149
6325,219698478,6325,251597096
6325,251705306,6325,283590209
6325,283698311,6325,315597312
6325,315719870,6325,347589642
6325,347691074,6325,379596548
6325,379711680,6325,411597020
6325,411704683,6325,443601129
6325,443718543,6325,475589681
6325,475690897,6325,507601620
6325,507710034,6325,539592402
6325,539693619,6325,571596217
6325,571711667,6325,603591991
6325,603685988,6325,635596291
6325,635711113,6325,667591984
6325,667695540,6325,699596032
6325,699703638,6325,731589470
6325,731690540,6325,763596788
6325,763711535,6325,795590273
6325,795698437,6325,827596706
6325,827710710,6325,863598970
6325,863706672,6325,895596533
6325,895711725,6325,927590563
6325,927691090,6325,959604366
6325,959713472,6326,003589322
6326,003690374,6326,035595895
6326,035703518,6326,079590224
6326,079698146,6326,111596377
6326,111696311,6326,143589708
6326,143690929,6326,175599136
6326,175701762,6326,207590545
6326,207692319,6326,239589507
6326,239689832,6326,271591682
6326,271700506,6326,303596199
6326,303707991,6326,335598232
6326,335713382,6326,367597378
6326,367703304,6326,399590427
6326,399698202,6326,431598897
6326,431706763,6326,463591416
6326,463714556,6326,495591862
6326,495692002,6326,527589980
6326,527705164,6326,559612277
6326,559726502,6326,591590538
6326,591705320,6326,623598888
6326,623692461,6326,655594693
6326,655702877,6326,687599403
6326,687710481,6326,719589740
6326,719697767,6326,751599015
6326,751699976,6326,791605491
6326,791721143,6326,823596817
6326,823696625,6326,863598798
6326,863713450,6326,895593282
6326,895701673,6326,927590320
6326,927697994,6326,959597980
6326,959693037,6326,991589467
6326,991697504,6327,023590073
6327,023690904,6327,055589284
6327,055689853,6327,087596152
6327,087695136,6327,119589647
6327,119697397,6327,151597457
6327,151690801,6327,183591530
6327,183708412,6327,207638228
6327,207753316,6327,239597617
6327,239705313,6327,271596684
6327,271690099,6327,303595563
6327,303703506,6327,335596255
6327,335696405,6327,367589834
6327,367703231,6327,411598414
6327,411712887,6327,443608370
6327,443711069,6327,475596494
6327,475696433,6327,507624491
6327,507724281,6327,539596400
6327,539703831,6327,571588884
6327,571690176,6327,603593643
6327,603693590,6327,635589888
6327,635690809,6327,667599201
6327,667708608,6327,699583622
6327,699691844,6327,731599139
6327,731699864,6327,763584042
6327,763685317,6327,795598085
6327,795699047,6327,827584000
6327,827692036,6327,863610955
6327,863718418,6327,895604955
6327,895712382,6327,927612560
6327,927713111,6327,959614286
6327,959723889,6327,991605529
6327,991712858,6328,023608651
6328,023724346,6328,055620259
6328,055721319,6328,087613288
6328,087714523,6328,119620309
6328,119727724,6328,151628948
6328,151729779,6328,183600265
6328,183703673,6328,215589905
6328,215691611,6328,247599539
6328,247706455,6328,279593489
6328,279701847,6328,311589268
6328,311704050,6328,343589364
6328,343696647,6328,375596102
6328,375703487,6328,407570337
6328,407656416,6328,435610268
6328,435719633,6328,467589546
6328,467705008,6328,499596512
6328,499711738,6328,531594271
6328,531695730,6328,563588926
6328,563687960,6328,595589437
6328,595705294,6328,627596293
6328,627704500,6328,659590678
6328,659698512,6328,691592392
6328,691710028,6328,723589411
6328,723697881,6328,755596343
6328,755704869,6328,791600646
6328,791701367,6328,823589151
6328,823683212,6328,863590584
6328,863706000,6328,895606143
6328,895692798,6328,927589806
6328,927711700,6328,959592282
6328,959693720,6328,991589671
6328,991704989,6329,023615655
6329,023715996,6329,055591780
6329,055707323,6329,087589815
6329,087704587,6329,119588971
6329,119704020,6329,151602175
6329,151703403,6329,183591021
6329,183718928,6329,215592080
6329,215693521,6329,247589658
6329,247705727,6329,279596333
6329,279697824,6329,311589445
6329,311711718,6329,343604924
6329,343712123,6329,375589163
6329,375704226,6329,407605693
6329,407713173,6329,439596504
6329,439713041,6329,471598050
6329,471698871,6329,503592615
6329,503707855,6329,535598104
6329,535698007,6329,567574737
6329,567704244,6329,599596899
6329,599704122,6329,631589157
6329,631704078,6329,663597857
6329,663697561,6329,695591447
6329,695694621,6329,727597214
6329,727705114,6329,759589279
6329,759696754,6329,791597306
6329,791698350,6329,823588551
6329,823696198,6329,847600583
6329,847715028,6329,879588871
6329,879694364,6329,911596055
6329,911695676,6329,943591941
6329,943694473,6329,975596325
6329,975704135,6330,007597509
6330,007705656,6330,039596933
6330,039697143,6330,071594655
6330,071701515,6330,103596469
6330,103704466,6330,135588978
6330,135697035,6330,167598138
6330,167701354,6330,199589991
6330,199691411,6330,231596836
6330,231697272,6330,263589360
6330,263697771,6330,283599976
6330,283709115,6330,315589108
6330,315703846,6330,347589342
6330,347697028,6330,379595246
6330,379696780,6330,411597731
6330,411698796,6330,443594792
6330,443704673,6330,475607501
6330,475708243,6330,507604808
6330,507713093,6330,539597572
6330,539690911,6330,571602294
6330,571710108,6330,603588965
6330,603696128,6330,635589171
6330,635696751,6330,667607060
6330,667709997,6330,699590560
6330,699707501,6330,731593429
6330,731694257,6330,763589106
6330,763704235,6330,795596450
6330,795703612,6330,827588849
6330,827703671,6330,863589254
6330,863703671,6330,895592879
6330,895700206,6330,927597048
6330,927696142,6330,959600553
6330,959710792,6330,991589383
6330,991683028,6331,023583058
6331,023690619,6331,055596611
6331,055697741,6331,087588854
6331,087696454,6331,119588977
6331,119689126,6331,151604651
6331,151705234,6331,183597930
6331,183693861,6331,203636016
6331,203744679,6331,211628089
6331,211735868,6331,219620315
6331,219721683,6331,263591085
6331,263698447,6331,295596091
6331,295704096,6331,327590020
6331,327690005,6331,359597146
6331,359696542,6331,391604763
6331,391711831,6331,435606871
6331,435709225,6331,479592266
6331,479692676,6331,507617247
6331,507733016,6331,539599933
6331,539706740,6331,571609000
6331,571710156,6331,603583491
6331,603683823,6331,635592226
6331,635693162,6331,667592726
6331,667695565,6331,699589863
6331,699698200,6331,731584713
6331,731691597,6331,763585212
6331,763686081,6331,795593150
6331,795701522,6331,827588822
6331,827710770,6331,863606292
6331,863713910,6331,895598397
6331,895699176,6331,927598472
6331,927698248,6331,959613159
6331,959722471,6331,991598605
6331,991716772,6332,023619329
6332,023727119,6332,055607332
6332,055715569,6332,087620185
6332,087721202,6332,119612852
6332,119727411,6332,151614613
6332,151715116,6332,183591430
6332,183701191,6332,215596199
6332,215697704,6332,247589043
6332,247703689,6332,279590272
6332,279690863,6332,311588883
6332,311703341,6332,343596532
6332,343704655,6332,375591854
6332,375692533,6332,407596278
6332,407697285,6332,439591646
6332,439701456,6332,471596258
6332,471704530,6332,503589926
6332,503705586,6332,535594411
6332,535703367,6332,567593993
6332,567702603,6332,599596101
6332,599712610,6332,631596229
