4555,232813239,                4555,307033880
4555,307150059,                4555,344041164
4555,344147653,                4555,391183749
4555,391288170,                4555,434699596
4555,434813263,                4555,479918782
4555,480003822,                4555,527034271
4555,527140107,                4555,571358782
4555,571464297,                4555,615350620
4555,615467520,                4555,652797473
4555,652889831,                4555,699105987
4555,699211717,                4555,743887199
4555,743986334,                4555,791748048
4555,791825750,                4555,839895394
4555,839987379,                4555,878680773
4555,878779478,                4555,915346908
4555,915452456,                4555,959729538
4555,959836473,                4556,008074617
4556,008174067,                4556,009474107
4556,009571934,                4556,055568332
4556,055673856,                4556,099435437
4556,099533691,                4556,143503405
4556,143609040,                4556,177627147
4556,177742959,                4556,223006982
4556,223120599,                4556,267351244
4556,267444174,                4556,304592990
4556,304700222,                4556,351537828
4556,351636684,                4556,395777845
4556,395868968,                4556,445317547
4556,445417994,                4556,491033454
4556,491132711,                4556,536025221
4556,536131240,                4556,583464621
4556,583585303,                4556,626877215
4556,626980598,                4556,666921415
4556,667044700,                4556,711499721
4556,711605240,                4556,755499648
4556,755612251,                4556,791673727
4556,791786799,                4556,839079500
4556,839192757,                4556,879142015
4556,879248286,                4556,916736350
4556,916841685,                4556,928121645
4556,928225338,                4556,975922214
4556,976003377,                4557,019353718
4557,019466608,                4557,063432112
4557,063545284,                4557,098252253
4557,098371947,                4557,143391264
4557,143499583,                4557,187038891
4557,187155092,                4557,231531718
4557,231594585,                4557,265882179
4557,265995629,                4557,311563618
4557,311669141,                4557,356056079
4557,356168974,                4557,403406438
4557,403518507,                4557,447081903
4557,447196206,                4557,485174071
4557,485286623,                4557,531790811
4557,531903169,                4557,580010273
4557,580118357,                4557,623108302
4557,623221290,                4557,667379847
4557,667488453,                4557,703872977
4557,703993340,                4557,750561023
4557,750667014,                4557,795599919
4557,795713750,                4557,839559415
4557,839665989,                4557,857530874
4557,857643849,                4557,903452519
4557,903551579,                4557,947063468
4557,947171539,                4557,991381949
4557,991481389,                4558,027611658
4558,027717470,                4558,075546440
4558,075657877,                4558,119240558
4558,119339672,                4558,154647253
4558,154753754,                4558,198959032
4558,199068240,                4558,243752093
4558,243858470,                4558,291482672
4558,291596322,                4558,336072671
4558,336192667,                4558,383286553
4558,383399608,                4558,423663549
4558,423776842,                4558,471235103
4558,471350332,                4558,515915012
4558,516003162,                4558,565914810
4558,566033005,                4558,610376507
4558,610497413,                4558,653332802
4558,653423867,                4558,699770007
4558,699878758,                4558,751163587
4558,751262650,                4558,752753263
4558,752851962,                4558,800995487
4558,801095038,                4558,848401065
4558,848514742,                4558,897727914
4558,897825435,                4558,938708769
4558,938809246,                4558,980452785
4558,980559776,                4559,029528856
4559,029641783,                4559,074931212
4559,075034286,                4559,116006984
4559,116091809,                4559,166600781
4559,166710678,                4559,208655353
4559,208768157,                4559,257098467
4559,257204546,                4559,304140753
4559,304247638,                4559,354301705
4559,354405990,                4559,397455912
4559,397569378,                4559,442943591
4559,443043845,                4559,483973002
4559,484080927,                4559,534507804
4559,534606180,                4559,576979862
4559,577085666,                4559,585639371
4559,585737927,                4559,592156439
4559,592255018,                4559,603479405
4559,603577972,                4559,642721130
4559,642819727,                4559,684243855
4559,684344889,                4559,733818710
4559,733925993,                4559,778385036
4559,778484227,                4559,821589962
4559,821710448,                4559,868471857
4559,868577609,                4559,919319320
4559,919432384,                4559,960693199
4559,960807331,                4560,010782249
4560,010895377,                4560,054690739
4560,054796152,                4560,097323017
4560,097442052,                4560,145139307
4560,145245488,                4560,193408683
4560,193538025,                4560,240864747
4560,240963905,                4560,290372196
4560,290485601,                4560,334585008
4560,334683561,                4560,379088355
4560,379193816,                4560,420798304
4560,420905250,                4560,470520663
4560,470635298,                4560,514177934
4560,514276810,                4560,559136890
4560,559235810,                4560,600998698
4560,601111452,                4560,650158039
4560,650270794,                4560,695334642
4560,695449400,                4560,735925585
4560,736003247,                4560,788390581
4560,788461887,                4560,831029843
4560,831135410,                4560,873146203
4560,873251844,                4560,922079840
4560,922200129,                4560,967934360
4560,968004659,                4561,020351754
4561,020471395,                4561,071043207
4561,071155848,                4561,112389916
4561,112495443,                4561,163043582
4561,163144155,                4561,205216804
4561,205332327,                4561,253236340
4561,253348903,                4561,301476243
4561,301589505,                4561,349511371
4561,349623595,                4561,384317621
4561,384431263,                4561,435701230
4561,435787033,                4561,488567180
4561,488673389,                4561,538874638
4561,538973407,                4561,581227364
4561,581347398,                4561,629677865
4561,629790842,                4561,676409364
4561,676531702,                4561,727362800
4561,727475977,                4561,768506428
4561,768597925,                4561,818931434
4561,819045323,                4561,859477674
4561,859575082,                4561,899942778
4561,900003117,                4561,952536508
4561,952637211,                4562,002813126
4562,002912859,                4562,046615229
4562,046708193,                4562,089969879
4562,090076075,                4562,135097336
4562,135210704,                4562,176859240
4562,176968087,                4562,219823984
4562,219930233,                4562,272811280
4562,272918080,                4562,322564538
4562,322670410,                4562,367270454
4562,367369306,                4562,408052838
4562,408153038,                4562,460217865
4562,460332891,                4562,503051144
4562,503171067,                4562,545247609
4562,545360839,                4562,593157799
4562,593271005,                4562,641967139
4562,642071500,                4562,688208204
4562,688317339,                4562,739616389
4562,739723333,                4562,779102629
4562,779209065,                4562,821210838
4562,821322571,                4562,869664023
4562,869770194,                4562,916284759
4562,916383260,                4562,967905306
4562,968003475,                4563,020371144
4563,020477200,                4563,071357046
4563,071474148,                4563,112436199
4563,112534717,                4563,162563419
4563,162670497,                4563,205856825
4563,205971221,                4563,251922850
4563,252003146,                4563,304488767
4563,304602847,                4563,355231498
4563,355352160,                4563,396937369
4563,397035992,                4563,445643134
4563,445736625,                4563,491880017
4563,491987344,                4563,543506145
4563,543605123,                4563,582979988
4563,583078743,                4563,622913704
4563,623025124,                4563,665305977
4563,665407202,                4563,712582764
4563,712696699,                4563,761913780
4563,762012525,                4563,806033676
4563,806139777,                4563,850044834
4563,850143949,                4563,894371301
4563,894476832,                4563,938351992
4563,938459529,                4563,982509764
4563,982630335,                4564,025283865
4564,025396750,                4564,072234257
4564,072346714,                4564,123255545
4564,123360951,                4564,163670115
4564,163790100,                4564,206978959
4564,207094929,                4564,249151001
4564,249257242,                4564,296114448
4564,296220939,                4564,346250745
4564,346363674,                4564,386356220
4564,386462410,                4564,429561389
4564,429666530,                4564,476122183
4564,476229942,                4564,527112076
4564,527221099,                4564,568295151
4564,568394060,                4564,617850746
4564,617964183,                4564,662485629
4564,662591053,                4564,704826305
4564,704947935,                4564,753197949
4564,753311619,                4564,800682034
4564,800795235,                4564,849556980
4564,849669505,                4564,895688964
4564,895788427,                4564,947679478
4564,947787577,                4564,999329545
4564,999449817,                4565,038975549
4565,039096997,                4565,078268966
4565,078388736,                4565,121300943
4565,121414236,                4565,126808196
4565,126920408,                4565,168140617
4565,168249966,                4565,217946769
4565,218060056,                4565,262038637
4565,262145838,                4565,305800101
4565,305913643,                4565,350354432
4565,350460524,                4565,393159739
4565,393286289,                4565,440014425
4565,440122747,                4565,490234331
4565,490353676,                4565,533403078
4565,533525556,                4565,579174799
4565,579295497,                4565,619297586
4565,619409725,                4565,658264593
4565,658385029,                4565,701310237
4565,701417877,                4565,747434950
4565,747546933,                4565,786264055
4565,786370314,                4565,829340380
4565,829446032,                4565,875394636
4565,875500779,                4565,914827218
4565,914926141,                4565,955859784
4565,955967220,                4566,006588199
4566,006693293,                4566,048625733
4566,048725157,                4566,096918784
4566,097030120,                4566,144177320
4566,144276549,                4566,193707862
4566,193817398,                4566,238517070
4566,238623358,                4566,280736278
4566,280849920,                4566,328733325
4566,328831463,                4566,376674620
4566,376787321,                4566,418267443
4566,418380737,                4566,461518909
4566,461633446,                4566,468369003
4566,468473245,                4566,517500053
4566,517612827,                4566,562884887
4566,562990296,                4566,603865548
4566,603970986,                4566,654549224
4566,654647061,                4566,696651988
4566,696752851,                4566,744852630
4566,744957703,                4566,792374478
4566,792474474,                4566,841496453
4566,841610584,                4566,861326936
4566,861432986,                4566,907273027
4566,907371597,                4566,946762997
4566,946870254,                4566,986215668
4566,986326276,                4567,029392535
4567,029491138,                4567,075211102
4567,075309886,                4567,115126448
4567,115239042,                4567,155389881
4567,155502511,                4567,194559073
4567,194675509,                4567,236644928
4567,236750459,                4567,284915538
4567,285028966,                4567,332337700
4567,332428803,                4567,381515832
4567,381614910,                4567,422209661
4567,422314744,                4567,465448696
4567,465563972,                4567,506248954
4567,506348036,                4567,549320747
4567,549441682,                4567,595366523
4567,595465801,                4567,634936033
4567,635034961,                4567,675811248
4567,675912694,                4567,726806485
4567,726912304,                4567,768095615
4567,768194846,                4567,818107703
4567,818213945,                4567,861735566
4567,861834354,                4567,906382298
4567,906494856,                4567,948869302
4567,948976386,                4567,996307929
4567,996427959,                4568,045711128
4568,045823930,                4568,090661717
4568,090775120,                4568,132449492
4568,132555564,                4568,181201950
4568,181324580,                4568,227503765
4568,227601321,                4568,266523061
4568,266637147,                4568,308828741
4568,308941978,                4568,356528972
4568,356634750,                4568,405077128
4568,405181664,                4568,419483863
4568,419589948,                4568,420031508
4568,420096341,                4568,470114162
4568,470221796,                4568,513577558
4568,513690686,                4568,560538874
4568,560651676,                4568,608121620
4568,608234566,                4568,656343301
4568,656456619,                4568,705045316
4568,705160352,                4568,753108799
4568,753229731,                4568,800576316
4568,800697545,                4568,848875768
4568,848981769,                4568,896011770
4568,896105393,                4568,943225538
4568,943347279,                4568,989015349
4568,989127775,                4569,036802589
4569,036921759,                4569,084945511
4569,085058107,                4569,132585378
4569,132684704,                4569,180810472
4569,180920504,                4569,228435087
4569,228541753,                4569,276892793
4569,276998725,                4569,324860150
4569,324966431,                4569,373441586
4569,373555149,                4569,414831799
4569,414943759,                4569,461886440
4569,462000731,                4569,508493060
4569,508606237,                4569,557679588
4569,557792010,                4569,599578657
4569,599698168,                4569,644099265
4569,644212240,                4569,692163769
4569,692278890,                4569,742064620
4569,742178460,                4569,789767552
4569,789881022,                4569,831674750
4569,831773849,                4569,879880423
4569,879986820,                4569,924608715
4569,924707760,                4569,972926022
4569,973034104,                4570,021669817
4570,021768378,                4570,070086124
4570,070192424,                4570,110933573
4570,111032662,                4570,156373684
4570,156451925,                4570,205229937
4570,205331123,                4570,253661963
4570,253775247,                4570,301489281
4570,301602604,                4570,342926859
4570,343032540,                4570,388394249
4570,388499683,                4570,436855718
4570,436977379,                4570,486674373
4570,486787324,                4570,527316473
4570,527422463,                4570,571997002
4570,572107333,                4570,620882168
4570,621000639,                4570,670604668
4570,670713124,                4570,708917170
4570,709023649,                4570,755845107
4570,755949959,                4570,800466313
4570,800572771,                4570,849438794
4570,849530374,                4570,898597380
4570,898719678,                4570,935774674
4570,935853546,                4570,984966558
4570,985091123,                4571,033323096
4571,033434873,                4571,082460430
4571,082580349,                4571,130526306
4571,130624809,                4571,169632160
4571,169747918,                4571,216621484
4571,216735486,                4571,265502594
4571,265616534,                4571,314260006
4571,314359234,                4571,356412174
4571,356518044,                4571,405231595
4571,405331495,                4571,453951456
4571,454059456,                4571,502072980
4571,502179264,                4571,513248153
4571,513339514,                4571,562421998
4571,562521004,                4571,610865794
4571,610971182,                4571,646946166
4571,647050710,                4571,692210883
4571,692319419,                4571,741870717
4571,741977529,                4571,791039106
4571,791145673,                4571,826435690
4571,826542078,                4571,872751553
