2442,523104582,2442,523166160
2442,523710930,2442,523754984
2442,524297741,2442,524360170
2442,524905507,2442,524965053
2442,525509398,2442,525571510
2442,526118189,2442,526177357
2442,526703799,2442,526753890
2442,527295520,2442,527357458
2442,527902251,2442,527964636
2442,528509176,2442,528569195
2442,529113611,2442,529174972
2442,529685048,2442,529722225
2442,530264074,2442,530328856
2442,530873479,2442,530935303
2442,531480390,2442,531542225
2442,532088686,2442,532149667
2442,532694063,2442,532753885
2442,533280861,2442,533325169
2442,533866498,2442,533928110
2442,534471534,2442,534531998
2442,535077004,2442,535138452
2442,535683011,2442,535743745
2442,536272787,2442,536323402
2442,536864684,2442,536924643
2442,537467948,2442,537528365
2442,538072584,2442,538132887
2442,538681471,2442,538745551
2442,539272814,2442,539316745
2442,539859265,2442,539923790
2442,540467729,2442,540530181
2442,541073869,2442,541136191
2442,541679416,2442,541739859
2442,542249762,2442,542287465
2442,542828300,2442,542888941
2442,543431972,2442,543494023
2442,544041119,2442,544102897
2442,544646936,2442,544707723
2442,545254822,2442,545315485
2442,545842778,2442,545891898
2442,546434345,2442,546493597
2442,547038524,2442,547100352
2442,547645001,2442,547703806
2442,548252957,2442,548314912
2442,548841534,2442,548884190
2442,549425442,2442,549490094
2442,550034770,2442,550096345
2442,550644298,2442,550704704
2442,551249377,2442,551309447
2442,551819339,2442,551856990
2442,552399877,2442,552460844
2442,553005207,2442,553067248
2442,553612402,2442,553672315
2442,554216867,2442,554277020
2442,554786846,2442,554825517
2442,555367390,2442,555435733
2442,555978914,2442,556036664
2442,556580913,2442,556642508
2442,557186219,2442,557245461
2442,557788452,2442,557849960
2442,558377533,2442,558421664
2442,558964004,2442,559028612
2442,559573198,2442,559634740
2442,560180460,2442,560242205
2442,560787215,2442,560849404
2442,561377537,2442,561419873
2442,561962173,2442,562022766
2442,562567599,2442,562628029
2442,563173550,2442,563235164
2442,563778179,2442,563838342
2442,564367373,2442,564410987
2442,564952069,2442,565020368
2442,565563622,2442,565625043
2442,566171599,2442,566231861
2442,566776137,2442,566837568
2442,567364027,2442,567407160
2442,567948679,2442,568014686
2442,568559422,2442,568622772
2442,569166797,2442,569227631
2442,569771847,2442,569832487
2442,570342396,2442,570379993
2442,570922400,2442,570983477
2442,571528411,2442,571591994
2442,572137124,2442,572198412
2442,572741693,2442,572803972
2442,573348471,2442,573410239
2442,573937335,2442,573979904
2442,574522348,2442,574591164
2442,575135296,2442,575197211
2442,575741938,2442,575801363
2442,576347347,2442,576409476
2442,576942182,2442,576983896
2442,577525099,2442,577587074
2442,578131470,2442,578194996
2442,578739265,2442,578801664
2442,579345923,2442,579406056
2442,579916162,2442,579952858
2442,580496433,2442,580557604
2442,581101916,2442,581161005
2442,581704970,2442,581765927
2442,582311221,2442,582371364
2442,582916163,2442,582977494
2442,583504223,2442,583547924
2442,584090684,2442,584158793
2442,584702315,2442,584762998
2442,585306416,2442,585368364
2442,585911512,2442,585973417
2442,586483320,2442,586519512
2442,587060203,2442,587122302
2442,587665660,2442,587729066
2442,588274971,2442,588336899
2442,588881105,2442,588942075
2442,589487128,2442,589549407
2442,590076046,2442,590118682
2442,590659744,2442,590721632
2442,591265664,2442,591327829
2442,591872442,2442,591932925
2442,592479143,2442,592540157
2442,593050023,2442,593087487
2442,593628555,2442,593698089
2442,594244944,2442,594305471
2442,594850324,2442,594911925
2442,595456228,2442,595517906
2442,596063079,2442,596124317
2442,596652344,2442,596695387
2442,597239045,2442,597304054
2442,597848433,2442,597910922
2442,598453933,2442,598514813
2442,599058188,2442,599119892
2442,599647953,2442,599690862
2442,600237467,2442,600298888
2442,600843134,2442,600904195
2442,601447630,2442,601508901
2442,602052212,2442,602114264
2442,602640672,2442,602683435
2442,603227007,2442,603297078
2442,603841440,2442,603903012
2442,604449313,2442,604511021
2442,605055564,2442,605117739
2442,605627598,2442,605666520
2442,606211179,2442,606273932
2442,606818348,2442,606885068
2442,607428383,2442,607489040
2442,608034000,2442,608094143
2442,608637461,2442,608697206
2442,609226595,2442,609270626
2442,609813256,2442,609874854
2442,610418159,2442,610478438
2442,611021646,2442,611084072
2442,611628618,2442,611687876
2442,612204023,2442,612242130
2442,612783570,2442,612852609
2442,613396264,2442,613458830
2442,614002141,2442,614063983
2442,614608242,2442,614669249
2442,615197640,2442,615241287
2442,615783681,2442,615844528
2442,616391283,2442,616455390
2442,617000447,2442,617061177
2442,617605389,2442,617666497
2442,618193773,2442,618238017
2442,618779253,2442,618840854
2442,619385233,2442,619447031
2442,619990943,2442,620062456
2442,620607419,2442,620669655
2442,621179514,2442,621217525
2442,621758230,2442,621820508
2442,622364707,2442,622431144
2442,622976484,2442,623039153
2442,623583366,2442,623645584
2442,624157806,2442,624195286
2442,624736098,2442,624797195
2442,625342169,2442,625401531
2442,625946631,2442,626012033
2442,626555361,2442,626616602
2442,627160711,2442,627221891
2442,627749668,2442,627793192
2442,628337304,2442,628399516
2442,628943962,2442,629003821
2442,629548501,2442,629610626
2442,630161539,2442,630223604
2442,630733417,2442,630771471
2442,631315713,2442,631378259
2442,631922324,2442,631989225
2442,632532957,2442,632594455
2442,633139211,2442,633198062
2442,633743359,2442,633804887
2442,634334145,2442,634378140
2442,634921351,2442,634982969
2442,635527301,2442,635590855
2442,636135848,2442,636196865
2442,636740223,2442,636801150
2442,637329021,2442,637371650
2442,637912702,2442,637975805
2442,638519600,2442,638578602
2442,639122561,2442,639183518
2442,639726876,2442,639787005
2442,640315646,2442,640359047
2442,640900032,2442,640961092
2442,641505922,2442,641573857
2442,642118270,2442,642177876
2442,642722779,2442,642784019
2442,643293805,2442,643332126
2442,643874430,2442,643934816
2442,644480063,2442,644542132
2442,645085550,2442,645150154
2442,645693466,2442,645754927
2442,646264746,2442,646302249
2442,646842941,2442,646903431
2442,647446429,2442,647508504
2442,648053504,2442,648113543
2442,648656948,2442,648718789
2442,649228625,2442,649266929
2442,649809680,2442,649870614
2442,650413872,2442,650475473
2442,651018607,2442,651086893
2442,651629994,2442,651691722
2442,652204074,2442,652243713
2442,652784559,2442,652847398
2442,653392715,2442,653453896
2442,653998442,2442,654059135
2442,654604075,2442,654668486
2442,655212535,2442,655273709
2442,655801242,2442,655845517
2442,656388377,2442,656449051
2442,656992182,2442,657054187
2442,657597545,2442,657657601
2442,658202911,2442,658264316
2442,658808935,2442,658867790
2442,659394746,2442,659437659
2442,659980786,2442,660042034
2442,660587217,2442,660656107
2442,661199205,2442,661261694
2442,661788806,2442,661830020
2442,662371306,2442,662433031
2442,662976312,2442,663037359
2442,663580687,2442,663642402
2442,664193813,2442,664257710
2442,664784442,2442,664828583
2442,665369705,2442,665432581
2442,665975699,2442,666037400
2442,666581155,2442,666642667
2442,667187299,2442,667247970
2442,667775316,2442,667819373
2442,668363699,2442,668424049
2442,668968765,2442,669030620
2442,669573725,2442,669632726
2442,670175994,2442,670245258
2442,670773288,2442,670817155
2442,671361765,2442,671423443
2442,671968303,2442,672030378
2442,672573712,2442,672634897
2442,673177981,2442,673240874
2442,673768273,2442,673817510
2442,674360191,2442,674421415
2442,674964566,2442,675026558
2442,675570830,2442,675632388
2442,676179317,2442,676241145
2442,676769362,2442,676812942
2442,677355433,2442,677415652
2442,677960469,2442,678021796
2442,678566372,2442,678626562
2442,679169907,2442,679231988
2442,679760062,2442,679810287
2442,680356949,2442,680418143
2442,680962769,2442,681024130
2442,681567878,2442,681628308
2442,682173108,2442,682233628
2442,682743420,2442,682779679
2442,683328977,2442,683394113
2442,683937738,2442,683998204
2442,684551030,2442,684612971
2442,685155929,2442,685216255
2442,685725995,2442,685762006
2442,686303856,2442,686366044
2442,686909853,2442,686970056
2442,687514362,2442,687575452
2442,688121880,2442,688181706
2442,688725001,2442,688786963
2442,689315934,2442,689368058
2442,689910201,2442,689971859
2442,690516271,2442,690576624
2442,691120840,2442,691182231
2442,691725633,2442,691784654
2442,692316512,2442,692361180
2442,692903551,2442,692966113
2442,693509171,2442,693568459
2442,694111577,2442,694173118
2442,694717287,2442,694778151
2442,695305974,2442,695349858
2442,695891885,2442,695953666
2442,696498666,2442,696560992
2442,697104206,2442,697164199
2442,697708264,2442,697769151
2442,698279167,2442,698316637
2442,698859131,2442,698931905
2442,699475177,2442,699537665
2442,700082702,2442,700142775
2442,700688172,2442,700750013
2442,701293869,2442,701353231
2442,701880484,2442,701924765
2442,702467355,2442,702531359
2442,703075468,2442,703137754
2442,703682080,2442,703742923
2442,704287816,2442,704348093
2442,704874651,2442,704917748
2442,705458603,2442,705517304
2442,706060559,2442,706122657
2442,706665848,2442,706724897
2442,707270958,2442,707333040
2442,707861390,2442,707904670
2442,708449660,2442,708519174
2442,709063894,2442,709123993
2442,709667428,2442,709729263
2442,710274910,2442,710335176
2442,710861715,2442,710906016
2442,711449147,2442,711509764
2442,712055568,2442,712118384
2442,712661829,2442,712724248
2442,713267582,2442,713329561
2442,713855822,2442,713898935
2442,714444823,2442,714505083
2442,715049018,2442,715110182
2442,715654248,2442,715713172
2442,716257251,2442,716318819
2442,716844921,2442,716888371
2442,717429793,2442,717492115
2442,718035460,2442,718108912
2442,718652914,2442,718714652
2442,719257723,2442,719317949
2442,719827922,2442,719864057
2442,720405513,2442,720466667
2442,721009858,2442,721072000
2442,721616993,2442,721678474
2442,722223034,2442,722282279
2442,722827392,2442,722889521
2442,723416590,2442,723459016
2442,724009959,2442,724071310
2442,724615796,2442,724676429
2442,725221446,2442,725284362
2442,725828341,2442,725891701
2442,726401657,2442,726440919
2442,726982995,2442,727043716
2442,727586710,2442,727656180
2442,728201274,2442,728262010
2442,728805352,2442,728864747
2442,729374523,2442,729410091
2442,729950786,2442,730012223
2442,730556993,2442,730619208
2442,731164188,2442,731226884
2442,731771747,2442,731831860
2442,732377951,2442,732438962
2442,732967363,2442,733010586
2442,733553317,2442,733613219
2442,734158169,2442,734219500
2442,734766839,2442,734828938
2442,735375536,2442,735436267
2442,735964447,2442,736007907
2442,736555290,2442,736615550
2442,737158758,2442,737225421
2442,737770071,2442,737832046
2442,738376605,2442,738434335
2442,738962316,2442,739005108
2442,739547719,2442,739608829
2442,740154487,2442,740216325
2442,740761348,2442,740824138
2442,741369384,2442,741431573
2442,741958248,2442,742002273
2442,742545183,2442,742604459
2442,743149168,2442,743211223
2442,743754381,2442,743814861
2442,744360548,2442,744421612
2442,744948985,2442,744991161
2442,745532196,2442,745593046
2442,746136661,2442,746198172
2442,746742715,2442,746810190
2442,747354028,2442,747412930
2442,747922959,2442,747959802
2442,748504221,2442,748565359
2442,749110579,2442,749171272
2442,749714470,2442,749775788
2442,750320377,2442,750381301
2442,750924629,2442,750986110
2442,751513917,2442,751557410
2442,752100224,2442,752159299
2442,752709172,2442,752772845
2442,753317241,2442,753378015
2442,753921132,2442,753983124
2442,754509449,2442,754550129
2442,755091285,2442,755152512
2442,755697312,2442,755755162
2442,756301961,2442,756369249
2442,756914739,2442,756975032
2442,757501447,2442,757545982
2442,758088149,2442,758149690
2442,758692854,2442,758754829
2442,759297827,2442,759359902
2442,759904695,2442,759966356
2442,760496763,2442,760541338
2442,761084639,2442,761144695
2442,761689161,2442,761749831
2442,762294931,2442,762355161
2442,762899998,2442,762960331
2442,763488965,2442,763532162
2442,764076982,2442,764137802
2442,764682588,2442,764744053
2442,765288779,2442,765350126
2442,765895060,2442,765961346
2442,766471543,2442,766508692
2442,767051156,2442,767112847
2442,767656128,2442,767715554
2442,768260494,2442,768320823
2442,768865463,2442,768926801
2442,769472495,2442,769535748
2442,770063805,2442,770107088
2442,770648187,2442,770708947
2442,771252172,2442,771313966
2442,771858586,2442,771919359
2442,772464757,2442,772527182
2442,773053784,2442,773095149
2442,773636147,2442,773697748
2442,774240866,2442,774299974
2442,774844878,2442,774906082
2442,775451385,2442,775516484
2442,776045359,2442,776089199
2442,776630368,2442,776689890
2442,777232894,2442,777293972
2442,777838484,2442,777898938
2442,778445409,2442,778506149
2442,779033943,2442,779078471
2442,779619603,2442,779679903
2442,780224642,2442,780285907
2442,780830303,2442,780889911
2442,781436673,2442,781497537
2442,782023979,2442,782067222
2442,782608508,2442,782670910
2442,783213991,2442,783276033
2442,783819778,2442,783881156
2442,784426619,2442,784488504
2442,784998604,2442,785044931
2442,785587471,2442,785649409
2442,786193421,2442,786254499
2442,786798711,2442,786859788
2442,787406717,2442,787466880
2442,788012681,2442,788075010
2442,788585069,2442,788625139
2442,789167579,2442,789226914
2442,789778876,2442,789840387
2442,790384946,2442,790443694
2442,790988477,2442,791050552
2442,791595118,2442,791653876
2442,792184650,2442,792227960
2442,792768892,2442,792829398
2442,793373641,2442,793434374
2442,793978210,2442,794039914
2442,794584641,2442,794651829
2442,795161795,2442,795200763
2442,795741592,2442,795803033
2442,796348036,2442,796409327
2442,796952488,2442,797014303
2442,797559520,2442,797621601
2442,798166011,2442,798229277
2442,798757104,2442,798800614
2442,799341690,2442,799402290
2442,799945160,2442,800017217
2442,800562270,2442,800622493
2442,801166238,2442,801228183
2442,801755276,2442,801798249
2442,802339274,2442,802399627
2442,802943783,2442,803004740
2442,803549553,2442,803610917
2442,804157536,2442,804226008
2442,804736065,2442,804775303
2442,805318478,2442,805378504
2442,805923227,2442,805985535
2442,806529598,2442,806588319
2442,807131583,2442,807193685
2442,807739036,2442,807801791
2442,808332325,2442,808374901
2442,808918169,2442,808977641
2442,809521656,2442,809583741
2442,810128087,2442,810187259
2442,810731094,2442,810792084
2442,811301904,2442,811340435
2442,811882098,2442,811942838
2442,812488589,2442,812550190
2442,813093595,2442,813152376
2442,813697443,2442,813764941
2442,814309881,2442,814368632
2442,814895114,2442,814939401
2442,815480514,2442,815541277
2442,816086304,2442,816148589
2442,816693856,2442,816755681
2442,817300257,2442,817362763
2442,817889254,2442,817932431
2442,818476777,2442,818538171
2442,819081466,2442,819144375
2442,819687957,2442,819745744
2442,820290563,2442,820352024
2442,820861690,2442,820899133
2442,821440362,2442,821500555
2442,822043610,2442,822105922
2442,822649200,2442,822708041
2442,823251245,2442,823319264
2442,823829177,2442,823868045
2442,824410702,2442,824468930
2442,825012151,2442,825074069
2442,825617964,2442,825676626
2442,826220598,2442,826282456
2442,826825467,2442,826888770
2442,827415729,2442,827459470
2442,828008908,2442,828069438
2442,828614108,2442,828674538
2442,829218587,2442,829279487
2442,829822585,2442,829884743
2442,830411976,2442,830454418
2442,830996328,2442,831055920
2442,831599095,2442,831661280
2442,832206140,2442,832264481
2442,832808756,2442,832876304
2442,833404749,2442,833448342
2442,833989481,2442,834051236
2442,834594277,2442,834657476
2442,835200588,2442,835261571
2442,835805981,2442,835866801
2442,836395899,2442,836440688
2442,836982758,2442,837044252
2442,837588408,2442,837647533
2442,838192179,2442,838252508
2442,838796614,2442,838856023
2442,839365872,2442,839401617
2442,839944284,2442,840012703
2442,840557279,2442,840616411
2442,841161050,2442,841223342
2442,841766597,2442,841825638
2442,842368686,2442,842436792
2442,842968673,2442,843009227
2442,843553482,2442,843615194
2442,844160113,2442,844219926
2442,844764422,2442,844825483
2442,845369995,2442,845430111
2442,845956493,2442,846004192
2442,846546275,2442,846608447
2442,847153113,2442,847213576
2442,847756721,2442,847818796
2442,848363675,2442,848425931
2442,848953280,2442,848997411
2442,849538453,2442,849597355
2442,850140636,2442,850203319
2442,850748132,2442,850807133
2442,851350958,2442,851412710
2442,851940516,2442,851990811
2442,852534610,2442,852596441
2442,853139783,2442,853201744
2442,853745957,2442,853807034
2442,854351143,2442,854411236
2442,854939240,2442,854980123
2442,855524252,2442,855587012
2442,856132956,2442,856191747
2442,856736934,2442,856799093
2442,857344043,2442,857403151
2442,857931034,2442,857975810
2442,858520442,2442,858582711
2442,859126736,2442,859187937
2442,859733318,2442,859794982
2442,860343700,2442,860404393
2442,860930979,2442,860973858
2442,861515411,2442,861582729
2442,862128256,2442,862188913
2442,862733592,2442,862794186
2442,863338221,2442,863399392
2442,863909131,2442,863946804
2442,864494210,2442,864556339
2442,865099680,2442,865162183
2442,865706231,2442,865767299
2442,866312602,2442,866373967
2442,866918269,2442,866978899
2442,867508538,2442,867550914
2442,868093611,2442,868152172
2442,868697285,2442,868757658
2442,869302018,2442,869360916
2442,869904200,2442,869965898
2442,870493605,2442,870537806
2442,871080193,2442,871147721
2442,871690755,2442,871752807
2442,872297750,2442,872358027
2442,872902266,2442,872963039
2442,873491313,2442,873533352
2442,874075542,2442,874136542
2442,874679673,2442,874742476
2442,875285881,2442,875346911
2442,875891290,2442,875950255
2442,876481296,2442,876534577
2442,877076761,2442,877137735
2442,877681103,2442,877743064
2442,878286169,2442,878346268
2442,878889236,2442,878951588
2442,879461404,2442,879498860
2442,880041514,2442,880102345
2442,880648279,2442,880716892
2442,881260086,2442,881320092
2442,881863497,2442,881924004
2442,882468443,2442,882527551
2442,883054137,2442,883096833
2442,883637935,2442,883698512
2442,884243432,2442,884308086
2442,884852779,2442,884915098
2442,885460021,2442,885522216
2442,886050283,2442,886094084
2442,886635219,2442,886693457
2442,887236528,2442,887298927
2442,887843156,2442,887902020
2442,888448612,2442,888509095
2442,889035554,2442,889079872
2442,889625566,2442,889686810
2442,890232010,2442,890300730
2442,890843984,2442,890905105
2442,891449034,2442,891510665
2442,892040787,2442,892084261
2442,892625313,2442,892685983
2442,893229341,2442,893288994
2442,893834180,2442,893896960
2442,894442156,2442,894501602
2442,895029899,2442,895073152
2442,895614128,2442,895674921
2442,896225808,2442,896286185
2442,896829452,2442,896890436
2442,897433601,2442,897494595
2442,898004524,2442,898041704
2442,898583944,2442,898645532
2442,899189671,2442,899250341
2442,899793518,2442,899861277
2442,900406400,2442,900467060
2442,900977133,2442,901016479
2442,901558569,2442,901617991
2442,902161095,2442,902223190
2442,902768290,2442,902828226
2442,903372786,2442,903434040
2442,903977234,2442,904035155
2442,904562744,2442,904609135
2442,905150150,2442,905212125
2442,905755620,2442,905817258
2442,906360592,2442,906422614
2442,906967611,2442,907029706
2442,907560015,2442,907603693
2442,908146343,2442,908205358
2442,908750561,2442,908812346
2442,909357173,2442,909424764
2442,909969370,2442,910030671
2442,910560313,2442,910602622
2442,911143638,2442,911204261
2442,911747666,2442,911809294
2442,912354207,2442,912415541
2442,912958936,2442,913020160
2442,913529962,2442,913567112
2442,914109235,2442,914170493
2442,914715079,2442,914775722
2442,915320789,2442,915383054
2442,915926336,2442,915988100
2442,916533260,2442,916595242
2442,917121724,2442,917165521
2442,917708145,2442,917766746
2442,918310882,2442,918371973
2442,918914924,2442,918981901
2442,919526447,2442,919588482
2442,920117327,2442,920159479
2442,920700444,2442,920761939
2442,921305073,2442,921366938
2442,921912285,2442,921974487
2442,922520218,2442,922581669
2442,923110336,2442,923153353
2442,923695219,2442,923756890
2442,924302982,2442,924364092
2442,924907227,2442,924969532
2442,925512937,2442,925574418
2442,926101243,2442,926144196
2442,926686994,2442,926748218
2442,927292807,2442,927353254
2442,927896552,2442,927956561
2442,928501354,2442,928567961
2442,929095725,2442,929139579
2442,929684639,2442,929745285
2442,930290122,2442,930352464
2442,930896419,2442,930957593
2442,931502473,2442,931564845
2442,932111764,2442,932175932
2442,932704069,2442,932747873
2442,933289075,2442,933349471
2442,933892743,2442,933954648
2442,934497775,2442,934558222
2442,935102241,2442,935163395
2442,935689977,2442,935734051
2442,936278594,2442,936340672
2442,936885642,2442,936948001
2442,937492253,2442,937553297
2442,938098624,2442,938163916
2442,938690889,2442,938734429
2442,939276706,2442,939337886
2442,939881078,2442,939943219
2442,940488052,2442,940550144
2442,941095548,2442,941157366
2442,941684512,2442,941729024
2442,942270086,2442,942328777
2442,942872776,2442,942934153
2442,943477721,2442,943537274
2442,944082227,2442,944144329
2442,944670897,2442,944714224
2442,945257038,2442,945317204
2442,945860599,2442,945922878
2442,946466056,2442,946528174
2442,947071389,2442,947133547
2442,947643317,2442,947688155
2442,948231977,2442,948292143
2442,948835435,2442,948897667
2442,949447482,2442,949508780
2442,950053716,2442,950114146
2442,950659863,2442,950721121
2442,951249358,2442,951296156
2442,951837344,2442,951895972
2442,952440792,2442,952501893
2442,953047023,2442,953106265
2442,953652583,2442,953714217
2442,954242154,2442,954283061
2442,954824597,2442,954885615
2442,955429450,2442,955490948
2442,956036151,2442,956098063
2442,956645255,2442,956705355
2442,957233098,2442,957283713
2442,957824825,2442,957886920
2442,958430158,2442,958492190
2442,959036666,2442,959098260
2442,959644281,2442,959706507
2442,960252184,2442,960313675
2442,960840688,2442,960886534
2442,961428270,2442,961489458
2442,962034010,2442,962091667
2442,962637301,2442,962699593
2442,963244319,2442,963303521
2442,963830931,2442,963874468
2442,964417278,2442,964478192
2442,965021817,2442,965083352
2442,965627544,2442,965753606
2442,966298099,2442,966357251
2442,966884747,2442,966934047
2442,967476181,2442,967536714
2442,968083209,2442,968144136
2442,968691385,2442,968753350
2442,969297576,2442,969358633
2442,969884805,2442,969928485
2442,970470909,2442,970530578
2442,971073932,2442,971135310
2442,971682723,2442,971742365
2442,972287972,2442,972349457
2442,972877901,2442,972921902
2442,973463751,2442,973525339
2442,974069715,2442,974130499
2442,974676824,2442,974738678
2442,975282877,2442,975342867
2442,975868965,2442,975910296
2442,976454989,2442,976524903
2442,977068368,2442,977127750
2442,977675219,2442,977737301
2442,978282144,2442,978344122
2442,978871902,2442,978915630
2442,979456862,2442,979515596
2442,980060590,2442,980122732
2442,980666810,2442,980725919
2442,981269744,2442,981330861
2442,981858622,2442,981902629
2442,982443741,2442,982503313
2442,983046658,2442,983107509
2442,983652111,2442,983712591
2442,984257521,2442,984317971
2442,984845401,2442,984887596
2442,985428592,2442,985489455
2442,986033521,2442,986104613
2442,986648842,2442,986709662
2442,987253321,2442,987313056
2442,987822976,2442,987859024
2442,988401441,2442,988461627
2442,989004915,2442,989064821
2442,989608463,2442,989670061
2442,990575160,2442,990637359
2442,991196548,2442,991257572
2442,991813852,2442,991872974
2442,992425903,2442,992486580
2442,993037359,2442,993097899
2442,993657156,2442,993717272
2442,994273245,2442,994334936
2442,994890128,2442,994952276
2442,995506350,2442,995565582
2442,996118117,2442,996185391
2442,996744725,2442,996806866
2442,997364658,2442,997424367
2442,997978641,2442,998039555
2442,998590194,2442,998649947
2442,999204074,2442,999266179
2442,999817443,2442,999877466
2443,000432027,2443,000490925
2443,001057336,2443,001118891
2443,001669353,2443,001730307
2443,002282152,2443,002341514
2443,002879269,2443,002923493
2443,003477907,2443,003539555
2443,004091800,2443,004152897
2443,004703821,2443,004762208
2443,005314697,2443,005375370
2443,005929718,2443,005997910
2443,006548523,2443,006609480
2443,007164008,2443,007225956
2443,007760330,2443,007801952
2443,008352288,2443,008413559
2443,008967669,2443,009027241
2443,009577958,2443,009638408
2443,010189842,2443,010251910
2443,010806395,2443,010867168
2443,011419794,2443,011480691
2443,012039106,2443,012098311
2443,012653019,2443,012713703
2443,013267079,2443,013329137
2443,013880118,2443,013940547
2443,014477415,2443,014521616
2443,015073651,2443,015134361
2443,015693374,2443,015760418
2443,016312823,2443,016372529
2443,016923716,2443,016984897
2443,017537248,2443,017598309
2443,018149042,2443,018209565
2443,018764003,2443,018824887
2443,019378784,2443,019440458
2443,019974465,2443,020020442
2443,020569013,2443,020628051
2443,021178614,2443,021239478
2443,021790795,2443,021852927
2443,022408806,2443,022469249
2443,023022805,2443,023083509
2443,023639268,2443,023699104
2443,024251823,2443,024312566
2443,024847081,2443,024888378
2443,025437056,2443,025505282
2443,026056312,2443,026117559
2443,026671092,2443,026733024
2443,027283650,2443,027344230
2443,027898384,2443,027957673
2443,028514049,2443,028575066
2443,029127315,2443,029188559
2443,029740280,2443,029799839
2443,030333632,2443,030378878
2443,030947195,2443,031006170
2443,031560774,2443,031621624
2443,032173976,2443,032232984
2443,032790035,2443,032852551
2443,033406047,2443,033468009
2443,034021929,2443,034081561
2443,034636029,2443,034696772
2443,035251527,2443,035318711
2443,035870035,2443,035929761
2443,036482396,2443,036542919
2443,037076686,2443,037119069
2443,037676743,2443,037739035
2443,038289915,2443,038351330
2443,038903181,2443,038963714
2443,039518605,2443,039579473
2443,040132095,2443,040190489
2443,040751457,2443,040812081
2443,041364556,2443,041425540
2443,041976333,2443,042038772
2443,042577428,2443,042620828
2443,043169312,2443,043230656
2443,043805881,2443,043866778
2443,044422447,2443,044484155
2443,045038312,2443,045107289
2443,045663498,2443,045725069
2443,046275742,2443,046335345
2443,046886362,2443,046947769
2443,047498366,2443,047559049
2443,048070954,2443,048109025
2443,048661263,2443,048724426
2443,049285341,2443,049345938
2443,049898123,2443,049959290
2443,050521210,2443,050580782
2443,051139011,2443,051200549
2443,051757736,2443,051819828
2443,052376361,2443,052435353
2443,052986653,2443,053049039
2443,053599889,2443,053660242
2443,054214472,2443,054276691
2443,054828068,2443,054895653
2443,055405612,2443,055445358
2443,055994209,2443,056066660
2443,056620660,2443,056681901
2443,057232841,2443,057295433
2443,057861214,2443,057920983
2443,058471833,2443,058534442
2443,059088506,2443,059149820
2443,059705346,2443,059765205
2443,060319148,2443,060380389
2443,060931122,2443,060990051
2443,061526507,2443,061570028
2443,062121699,2443,062182953
2443,062741615,2443,062803380
2443,063354397,2443,063416852
2443,063970516,2443,064029641
2443,064582696,2443,064650285
2443,065201218,2443,065260910
2443,065816419,2443,065878394
2443,066429247,2443,066491806
2443,067025487,2443,067069551
2443,067622090,2443,067683691
2443,068240127,2443,068299025
2443,068850750,2443,068912571
2443,069465967,2443,069525900
2443,070086425,2443,070148356
2443,070705814,2443,070767055
2443,071317367,2443,071376169
2443,071927025,2443,071987395
2443,072543218,2443,072604805
2443,073143101,2443,073187002
2443,073736677,2443,073798969
2443,074353397,2443,074420611
2443,074974588,2443,075036049
2443,075586862,2443,075645263
2443,076198336,2443,076258539
2443,076809696,2443,076872121
2443,077382067,2443,077419537
2443,077973855,2443,078036147
2443,078586970,2443,078648541
2443,079203596,2443,079261897
2443,079822431,2443,079883462
2443,080436595,2443,080496807
2443,081047834,2443,081106195
2443,081657522,2443,081719417
2443,082229567,2443,082267307
2443,082824027,2443,082882829
2443,083433565,2443,083494072
2443,084046767,2443,084114379
2443,084668369,2443,084726820
2443,085280580,2443,085342222
2443,085893095,2443,085954589
2443,086509721,2443,086569190
2443,087124939,2443,087186417
2443,087755818,2443,087816522
2443,088370135,2443,088429814
2443,088981025,2443,089043106
2443,089597530,2443,089656535
2443,090190352,2443,090234517
2443,090791247,2443,090850482
2443,091401162,2443,091461885
2443,092014394,2443,092075458
2443,092635362,2443,092694981
2443,093251240,2443,093312274
2443,093873049,2443,093941255
2443,094494991,2443,094555421
2443,095110720,2443,095173175
2443,095727122,2443,095788473
2443,096341045,2443,096401809
2443,096939337,2443,096983725
2443,097536533,2443,097597864
2443,098150593,2443,098211187
2443,098765914,2443,098824322
2443,099375049,2443,099435886
2443,099989782,2443,100059697
2443,100616053,2443,100674894
2443,101225788,2443,101286762
2443,101846515,2443,101908750
2443,102459494,2443,102521415
2443,103059334,2443,103103515
2443,103656828,2443,103726421
2443,104278873,2443,104340525
2443,104901646,2443,104960137
2443,105510540,2443,105571601
2443,106139437,2443,106201098
2443,106755780,2443,106814888
2443,107365004,2443,107425988
2443,107979364,2443,108040868
2443,108595269,2443,108654621
2443,109205171,2443,109265994
2443,109806269,2443,109849095
2443,110397666,2443,110457995
2443,111012690,2443,111071304
2443,111625051,2443,111686822
2443,112242401,2443,112304219
2443,112860920,2443,112919758
2443,113471422,2443,113539614
2443,114094822,2443,114156951
2443,114707694,2443,114768217
2443,115301607,2443,115341830
2443,115890341,2443,115951592
2443,116503980,2443,116565061
2443,117115878,2443,117176765
2443,117739505,2443,117800910
2443,118353535,2443,118413438
2443,118967338,2443,119028886
2443,119582526,2443,119644401
2443,120196809,2443,120255544
2443,120796339,2443,120839562
2443,121391921,2443,121453722
2443,122007933,2443,122069133
2443,122619396,2443,122678368
2443,123229144,2443,123296031
2443,123855265,2443,123917406
