2218,776565791,2218,776632614
2218,777750016,2218,777809895
2218,778910825,2218,778967450
2218,780073248,2218,780130408
2218,781232509,2218,781292795
2218,782396414,2218,782456380
2218,783569090,2218,783641293
2218,784744308,2218,784810695
2218,785911437,2218,785977063
2218,787077986,2218,787138355
2218,788241591,2218,788304790
2218,789407478,2218,789467574
2218,790568380,2218,790633466
2218,791734448,2218,791790887
2218,792897112,2218,792958303
2218,794060310,2218,794125706
2218,795226525,2218,795291957
2218,796394926,2218,796456187
2218,797560483,2218,797620622
2218,798724128,2218,798789063
2218,799891157,2218,799951266
2218,801053440,2218,801114564
2218,802216959,2218,802288919
2218,803393822,2218,803460483
2218,804572809,2218,804634190
2218,805737715,2218,805797668
2218,806898591,2218,806963956
2218,808069781,2218,808131022
2218,809237361,2218,809302957
2218,810407874,2218,810468070
2218,811579708,2218,811639888
2218,812742472,2218,812803102
2218,813903795,2218,813969107
2218,815073467,2218,815133580
2218,816239478,2218,816300899
2218,817401638,2218,817462148
2218,818574888,2218,818636289
2218,819743025,2218,819808704
2218,820912386,2218,820980452
2218,822081288,2218,822146840
2218,823250479,2218,823311059
2218,824415766,2218,824476496
2218,825589916,2218,825651277
2218,826753008,2218,826812960
2218,827917858,2218,827983367
2218,829087636,2218,829148634
2218,830250027,2218,830310607
2218,831414877,2218,831474990
2218,832578772,2218,832645062
2218,833746172,2218,833807296
2218,834908248,2218,834973076
2218,836080049,2218,836140960
2218,837244348,2218,837309544
2218,838409963,2218,838470085
2218,839579515,2218,839646759
2218,840753905,2218,840820482
2218,841923424,2218,841988853
2218,843090092,2218,843150385
2218,844253097,2218,844313977
2218,845419105,2218,845479481
2218,846588056,2218,846653625
2218,847754484,2218,847819973
2218,848927570,2218,848989502
2218,850090464,2218,850156194
2218,851260497,2218,851325916
2218,852432512,2218,852501401
2218,853608584,2218,853668510
2218,854771555,2218,854831585
2218,855932698,2218,855993057
2218,857095165,2218,857160934
2218,858263272,2218,858330366
2218,859435347,2218,859501276
2218,860607815,2218,860669173
2218,861770606,2218,861836292
2218,862942774,2218,863009411
2218,864114816,2218,864181973
2218,865286804,2218,865352123
2218,866453019,2218,866513088
2218,867617645,2218,867678021
2218,868785925,2218,868847370
2218,869948716,2218,870008872
2218,871110803,2218,871176218
2218,872279093,2218,872336760
2218,873438854,2218,873504273
2218,874605282,2218,874665342
2218,875766304,2218,875831510
2218,876933951,2218,877006565
2218,878108171,2218,878173273
2218,879274600,2218,879335657
2218,880439546,2218,880505636
2218,881572039,2218,881615129
2218,882716071,2218,882776080
2218,883877000,2218,883942739
2218,885046251,2218,885107522
2218,886208388,2218,886273830
2218,887374002,2218,887439871
2218,888542313,2218,888603820
2218,889704816,2218,889770863
2218,890874822,2218,890931478
2218,892034600,2218,892095784
2218,893196773,2218,893262682
2218,894367406,2218,894433522
2218,895537198,2218,895609749
2218,896713855,2218,896779921
2218,897884592,2218,897950424
2218,899051500,2218,899108713
2218,900211385,2218,900273964
2218,901375587,2218,901441363
2218,902542496,2218,902608099
2218,903711207,2218,903776790
2218,904879848,2218,904941329
2218,906042021,2218,906107904
2218,907211693,2218,907272290
2218,908375058,2218,908441772
2218,909542721,2218,909609221
2218,910710257,2218,910775750
2218,911881011,2218,911946570
2218,913053136,2218,913119616
2218,914220715,2218,914289481
2218,915390507,2218,915457098
2218,916565165,2218,916626269
2218,917728170,2218,917794129
2218,918896133,2218,918956443
2218,920061640,2218,920123345
2218,921227815,2218,921288222
2218,922391600,2218,922457310
2218,923561753,2218,923622250
2218,924724868,2218,924792693
2218,925894369,2218,925954829
2218,927059716,2218,927125342
2218,928231491,2218,928298024
2218,929398940,2218,929464253
2218,930565128,2218,930625572
2218,931736362,2218,931796866
2218,932902961,2218,932972138
2218,934073063,2218,934139020
2218,935241294,2218,935301610
2218,936404178,2218,936465385
2218,937568357,2218,937629788
2218,938730727,2218,938791070
2218,939892564,2218,939954215
2218,941058138,2218,941115965
2218,942219200,2218,942284642
2218,943385869,2218,943451631
2218,944557153,2218,944618587
2218,945726534,2218,945793448
2218,946894644,2218,946955048
2218,948059571,2218,948120575
2218,949221374,2218,949287013
2218,950390205,2218,950450478
2218,951553990,2218,951619540
2218,952732603,2218,952799297
2218,953900423,2218,953960873
2218,955063247,2218,955130224
2218,956236089,2218,956297377
2218,957398386,2218,957463845
2218,958566977,2218,958632646
2218,959740373,2218,959806266
2218,960909375,2218,961205293
2218,962310024,2218,962367153
2218,963472367,2218,963538383
2218,964644262,2218,964701641
2218,965807867,2218,965868457
2218,966971652,2218,967032005
2218,968134797,2218,968195967
2218,969297180,2218,969362629
2218,970463729,2218,970529759
2218,971630878,2218,971696457
2218,972799850,2218,972857306
2218,973961452,2218,974021969
2218,975127176,2218,975188948
2218,976291605,2218,976352656
2218,977457373,2218,977517559
2218,978622480,2218,978682646
2218,979793954,2218,979854701
2218,980957669,2218,981015269
2218,982116959,2218,982177479
2218,983278582,2218,983335481
2218,984879052,2218,984937493
2218,986045263,2218,986106658
2218,987207844,2218,987268651
2218,988372954,2218,988434155
2218,989535054,2218,989603654
2218,990709986,2218,990776416
2218,991881607,2218,991941846
2218,993047725,2218,993105328
2218,994210259,2218,994270582
2218,995371494,2218,995428316
2218,996530200,2218,996588137
2218,997690295,2218,997750621
2218,998851343,2218,998911496
2219,000014301,2219,000075802
2219,001177085,2219,001234995
2219,002336452,2219,002396925
2219,003501438,2219,003558371
2219,004663815,2219,004725089
2219,005835376,2219,005895970
2219,007000106,2219,007060479
2219,008164782,2219,008233729
2219,009335382,2219,009395915
2219,010498687,2219,010559541
2219,011660190,2219,011720736
2219,012829415,2219,012888159
2219,013991828,2219,014048914
2219,015152627,2219,015213297
2219,016319282,2219,016381521
2219,017482720,2219,017543427
2219,018644223,2219,018710743
2219,019823506,2219,019889492
2219,020992370,2219,021050678
2219,022155642,2219,022221521
2219,023322430,2219,023379470
2219,024485648,2219,024543282
2219,025644955,2219,025705742
2219,026812945,2219,026878535
2219,027979854,2219,028047813
2219,029149526,2219,029206813
2219,030308146,2219,030368378
2219,031471570,2219,031538835
2219,032645841,2219,032707008
2219,033819084,2219,033879671
2219,034980320,2219,035040369
2219,036145486,2219,036206437
2219,037311041,2219,037371280
2219,038472063,2219,038532669
2219,039633085,2219,039693525
2219,040799019,2219,040860087
2219,041960896,2219,042021125
2219,043123119,2219,043189699
2219,044293502,2219,044354843
2219,045455375,2219,045522252
2219,046623125,2219,046684546
2219,047791956,2219,047852279
2219,048954767,2219,049015674
2219,050120848,2219,050179045
2219,051284393,2219,051345063
2219,052451695,2219,052513073
2219,053613588,2219,053673668
2219,054777551,2219,054838084
2219,055943275,2219,055999914
2219,057108846,2219,057166145
2219,058267105,2219,058323914
2219,059429088,2219,059489564
2219,060593220,2219,060654227
2219,061758100,2219,061819678
2219,062920564,2219,062980903
2219,064086545,2219,064150345
2219,065254261,2219,065314558
2219,066415524,2219,066472339
2219,067573302,2219,067633759
2219,068735993,2219,068793903
2219,069900662,2219,069960899
2219,071061654,2219,071122244
2219,072227155,2219,072284397
2219,073386101,2219,073452288
2219,074554812,2219,074611641
2219,075712350,2219,075772944
2219,076875328,2219,076937300
2219,078038239,2219,078095408
2219,079196411,2219,079256791
2219,080360734,2219,080418253
2219,081525270,2219,081585903
2219,082686909,2219,082754127
2219,083867110,2219,083933196
2219,085038524,2219,085096150
2219,086196963,2219,086262495
2219,087363178,2219,087424796
2219,088530554,2219,088588604
2219,089695287,2219,089755730
2219,090858498,2219,090915898
2219,092018413,2219,092080898
2219,093182104,2219,093243051
2219,094346343,2219,094407130
2219,095507846,2219,095568496
2219,096671571,2219,096733065
2219,097838807,2219,097900038
2219,099000910,2219,099058156
2219,100161005,2219,100222709
2219,101323288,2219,101396713
2219,102498367,2219,102563996
2219,103664675,2219,103725128
2219,104834000,2219,104896219
2219,105997678,2219,106058175
2219,107160022,2219,107220125
2219,108326483,2219,108387814
2219,109493239,2219,109550228
2219,110653994,2219,110714264
2219,111817686,2219,111874538
2219,112978695,2219,113039652
2219,114140691,2219,114201074
2219,115302674,2219,115364169
2219,116469376,2219,116530527
2219,117631326,2219,117691659
2219,118792348,2219,118852618
2219,119957428,2219,120032495
2219,121137222,2219,121198109
2219,122299202,2219,122359562
2219,123463785,2219,123524065
2219,124630003,2219,124692315
2219,125793802,2219,125860085
2219,126964435,2219,127025205
2219,128132098,2219,128189564
2219,129290296,2219,129350636
2219,130455670,2219,130513464
2219,131616092,2219,131676545
2219,132779023,2219,132840090
2219,133949429,2219,134009655
2219,135112974,2219,135173137
2219,136277393,2219,136338704
2219,137440905,2219,137501511
2219,138604783,2219,138672138
2219,139777005,2219,139837141
2219,140945629,2219,141002902
2219,142107099,2219,142167212
2219,143268241,2219,143324633
2219,144430932,2219,144491498
2219,145594971,2219,145656291
2219,146757194,2219,146817210
2219,147923742,2219,147983805
2219,149086239,2219,149143429
2219,150244104,2219,150310208
2219,151411614,2219,151468717
2219,152575793,2219,152636907
2219,153737743,2219,153797819
2219,154905253,2219,154965509
2219,156067823,2219,156128911
2219,157232943,2219,157296590
2219,158399732,2219,158459938
2219,159562556,2219,159619295
2219,160725894,2219,160787682
2219,161894211,2219,161955479
2219,163057035,2219,163123245
2219,164228303,2219,164289327
2219,165391814,2219,165451911
2219,166552910,2219,166613053
2219,167717583,2219,167774208
2219,168876670,2219,168937540
2219,170043111,2219,170103130
2219,171203893,2219,171264159
2219,172366750,2219,172427420
2219,173529181,2219,173585566
2219,174692202,2219,174752298
2219,175855550,2219,175919747
2219,177022806,2219,177083776
2219,178184922,2219,178241545
2219,179342340,2219,179402370
2219,180508441,2219,180569482
2219,181673034,2219,181729570
2219,182829972,2219,182890158
2219,184013457,2219,184072455
2219,185173401,2219,185233811
2219,186337640,2219,186394332
2219,187498449,2219,187558712
2219,188664984,2219,188725717
2219,189826620,2219,189893047
2219,191006143,2219,191072910
2219,192179453,2219,192240330
2219,193352936,2219,193413109
2219,194514799,2219,194581870
2219,195685526,2219,195745965
2219,196853409,2219,196911122
2219,198023695,2219,198084252
2219,199186279,2219,199247943
2219,200350578,2219,200411699
2219,201512768,2219,201569534
2219,202670426,2219,202731504
2219,203832169,2219,203892793
2219,205006677,2219,205068011
2219,206168991,2219,206230365
2219,207331695,2219,207392108
2219,208497582,2219,208558803
2219,209659762,2219,209716425
2219,210820047,2219,210880427
2219,211981669,2219,212046882
2219,213148338,2219,213216500
2219,214317503,2219,214377773
2219,215479273,2219,215539793
2219,216645447,2219,216706108
2219,217807204,2219,217867326
2219,218977717,2219,219037683
2219,220142376,2219,220199646
2219,221303725,2219,221370693
2219,222476281,2219,222533016
2219,223633191,2219,223693237
2219,224796029,2219,224856699
2219,225959227,2219,226019430
2219,227124093,2219,227184269
2219,228288392,2219,228345548
2219,229446257,2219,229511907
2219,230617371,2219,230677718
2219,231779595,2219,231846248
2219,232948937,2219,233006904
2219,234107766,2219,234167859
2219,235272633,2219,235332709
2219,236437966,2219,236497655
2219,237599242,2219,237664591
2219,238768073,2219,238828102
2219,239932579,2219,239993002
2219,241102251,2219,241159711
2219,242263367,2219,242328255
2219,243428741,2219,243488907
2219,244591311,2219,244652038
2219,245756431,2219,245816504
2219,246922018,2219,246983039
2219,248097971,2219,248155818
2219,249260161,2219,249316506
2219,250418180,2219,250490617
2219,251595514,2219,251656802
2219,252759239,2219,252820587
2219,253921189,2219,253981339
2219,255093384,2219,255153534
2219,256256676,2219,256317569
2219,257418432,2219,257479105
2219,258580175,2219,258640221
2219,259745161,2219,259801740
2219,260906457,2219,260967254
2219,262077177,2219,262133906
2219,263240001,2219,263299897
2219,264402258,2219,264459908
2219,265561445,2219,265621955
2219,266725831,2219,266793169
2219,267894422,2219,267954848
2219,269068285,2219,269135803
2219,270243257,2219,270309043
2219,271414250,2219,271480006
2219,272584556,2219,272645737
2219,273746506,2219,273813770
2219,274916178,2219,274976722
2219,276091123,2219,276152404
2219,277256363,2219,277316820
2219,278417025,2219,278477698
2219,279578981,2219,279635503
2219,280738141,2219,280795684
2219,281899146,2219,281965820
2219,283070604,2219,283131151
2219,284234543,2219,284295730
2219,285397334,2219,285454133
2219,286559677,2219,286620141
2219,287724304,2219,287788942
2219,288893121,2219,288953835
2219,290058121,2219,290118388
2219,291219263,2219,291285550
2219,292390050,2219,292447169
2219,293547795,2219,293607861
2219,294710499,2219,294770749
2219,295872195,2219,295928824
2219,297046393,2219,297108431
2219,298212187,2219,298268742
2219,299373089,2219,299433322
2219,300535660,2219,300596493
2219,301703182,2219,301763355
2219,302864565,2219,302930538
2219,304033309,2219,304094370
2219,305197301,2219,305257538
2219,306361928,2219,306428388
2219,307529557,2219,307589383
2219,308693810,2219,308750903
2219,309852082,2219,309912292
2219,311017789,2219,311079494
2219,312184732,2219,312246606
2219,313348604,2219,313408727
2219,314511428,2219,314568063
2219,315670768,2219,315731058
2219,316835308,2219,316892761
2219,317995816,2219,318056359
2219,319160923,2219,319221156
2219,320323613,2219,320384357
2219,321488493,2219,321548589
2219,322652142,2219,322708547
2219,323812099,2219,323872218
2219,324974476,2219,325038480
2219,326148560,2219,326208823
2219,327309942,2219,327371417
2219,328476524,2219,328537511
2219,329641958,2219,329702161
2219,330803598,2219,330869988
2219,331971090,2219,332036743
2219,333145808,2219,333206899
2219,334310194,2219,334370173
2219,335471096,2219,335527845
2219,336630590,2219,336691844
2219,337792660,2219,337852782
2219,338954162,2219,339014612
2219,340128793,2219,340190268
2219,341292065,2219,341352451
2219,342456931,2219,342518239
2219,343621197,2219,343684454
2219,344787372,2219,344844852
2219,345946365,2219,346007025
2219,347133938,2219,347200254
2219,348303523,2219,348362294
2219,349463070,2219,349523506
2219,350624573,2219,350685183
2219,351786693,2219,351846812
2219,352949247,2219,353010371
2219,354111123,2219,354168282
2219,355271064,2219,355331373
2219,356439925,2219,356497742
2219,357601277,2219,357662621
2219,358763861,2219,358824268
2219,359925364,2219,359985810
2219,361088565,2219,361149769
2219,362254016,2219,362321450
2219,363425610,2219,363485816
2219,364589743,2219,364646972
2219,365747774,2219,365807854
2219,366909757,2219,366975867
2219,368078862,2219,368136031
2219,369240588,2219,369300778
2219,370402675,2219,370468271
2219,371568983,2219,371629160
2219,372731554,2219,372789461
2219,373891027,2219,373951130
2219,375052049,2219,375112259
2219,376214787,2219,376275677
2219,377376376,2219,377441461
2219,378501670,2219,378541873
2219,379643130,2219,379703209
2219,380806688,2219,380874053
2219,381977935,2219,382037985
2219,383138717,2219,383198763
2219,384300810,2219,384361494
2219,385462443,2219,385520247
2219,386620942,2219,386680868
2219,387782565,2219,387843556
2219,388946023,2219,389007251
2219,390111457,2219,390171413
2219,391279568,2219,391339814
2219,392442258,2219,392503262
2219,393607111,2219,393663620
2219,394764916,2219,394830859
2219,395932186,2219,395992388
2219,397094409,2219,397155156
2219,398260837,2219,398320960
2219,399422100,2219,399488937
2219,400597405,2219,400657898
2219,401758801,2219,401819014
2219,402923427,2219,402984417
2219,404086765,2219,404143537
2219,405253280,2219,405313333
2219,406417289,2219,406477248
2219,407578208,2219,407638431
2219,408741993,2219,408802630
2219,409902895,2219,409959374
2219,411061034,2219,411121173
2219,412225407,2219,412282472
2219,413383679,2219,413444032
2219,414545061,2219,414611381
2219,415716775,2219,415777265
2219,416879873,2219,416941057
2219,418047229,2219,418115855
2219,419220626,2219,419281002
2219,420385886,2219,420443269
2219,421544112,2219,421604395
2219,422706575,2219,422764562
2219,423865435,2219,423925765
2219,425030769,2219,425091706
2219,426192405,2219,426252801
2219,427353667,2219,427414177
2219,428517125,2219,428574231
2219,429675110,2219,429741544
2219,430846224,2219,430911817
2219,432014715,2219,432073226
2219,433176318,2219,433243372
2219,434348966,2219,434409333
2219,435513816,2219,435574109
2219,436679841,2219,436747729
2219,437848612,2219,437914021
2219,439015067,2219,439071589
2219,440176479,2219,440237523
2219,441339754,2219,441396450
2219,442500175,2219,442565668
2219,443669701,2219,443734823
2219,444841308,2219,444902206
2219,446003785,2219,446064048
2219,447166970,2219,447226909
2219,448335954,2219,448397596
2219,449499226,2219,449555598
2219,450659527,2219,450720164
2219,451821150,2219,451881767
2219,452987608,2219,453048759
2219,454153406,2219,454213566
2219,455324520,2219,455391080
2219,456493651,2219,456554762
2219,457659419,2219,457725612
2219,458827169,2219,458887028
2219,459993837,2219,460064422
2219,461166726,2219,461232185
2219,462344835,2219,462404851
2219,463505376,2219,463566510
2219,464669268,2219,464726535
2219,465832827,2219,465898182
2219,466999135,2219,467055687
2219,468159109,2219,468220360
2219,469332112,2219,469389031
2219,470492987,2219,470553173
2219,471654129,2219,471714055
2219,472816413,2219,472877640
2219,473978242,2219,474044796
2219,475148008,2219,475204427
2219,476307362,2219,476368185
2219,477469238,2219,477529337
2219,478632636,2219,478693787
2219,479794526,2219,479854555
2219,480960703,2219,481018157
2219,482119213,2219,482179569
2219,483289365,2219,483346768
2219,484890092,2219,484948557
2219,486053404,2219,486114084
2219,487215117,2219,487271852
2219,488375175,2219,488432658
2219,489533463,2219,489593783
2219,490695446,2219,490756063
2219,491860313,2219,491921050
2219,493026654,2219,493091683
2219,494192569,2219,494253826
2219,495365364,2219,495425961
2219,496531943,2219,496589620
2219,497690532,2219,497752177
2219,498856961,2219,498917160
2219,500022174,2219,500083235
2219,501186213,2219,501252577
2219,502359850,2219,502420240
2219,503520992,2219,503577807
2219,504686252,2219,504747683
2219,505848656,2219,505905448
2219,507008984,2219,507074776
2219,508177368,2219,508238755
2219,509346526,2219,509408334
2219,510513195,2219,510573681
2219,511675899,2219,511743490
2219,512846038,2219,512906708
2219,514008034,2219,514064843
2219,515169751,2219,515229850
2219,516339242,2219,516396495
2219,517497468,2219,517563441
2219,518664857,2219,518730817
2219,519835130,2219,519895573
2219,521000150,2219,521061615
2219,522162220,2219,522222603
2219,523326606,2219,523392479
2219,524501778,2219,524565845
2219,525668714,2219,525729270
2219,526830189,2219,526895705
2219,527996524,2219,528073366
2219,529174005,2219,529234418
2219,530329912,2219,530397663
2219,531499894,2219,531556546
2219,532657883,2219,532716707
2219,533823473,2219,533880302
2219,534985002,2219,535051900
2219,536158072,2219,536215972
2219,537324707,2219,537385344
2219,538486293,2219,538552026
2219,539653015,2219,539714443
2219,540808271,2219,540870523
2219,541971198,2219,542028711
2219,543133996,2219,543195043
2219,544302600,2219,544360337
2219,545465317,2219,545525747
2219,546626700,2219,546687874
2219,547788923,2219,547845886
2219,548940294,2219,549009934
2219,550124903,2219,550181719
2219,551282321,2219,551348745
2219,552461307,2219,552518677
2219,553619383,2219,553679729
2219,554784129,2219,554845634
2219,555946593,2219,556014268
2219,557115304,2219,557176114
2219,558283054,2219,558343323
2219,559453927,2219,559514671
2219,560620896,2219,560682190
2219,561789520,2219,561850097
2219,562950809,2219,563011453
2219,564116837,2219,564178302
2219,565282224,2219,565339160
2219,566449614,2219,566516134
2219,567619286,2219,567684118
2219,568787086,2219,568848881
2219,569952863,2219,570019691
2219,571121427,2219,571181911
2219,572284579,2219,572346704
2219,573458996,2219,573519356
2219,574624944,2219,574690813
2219,575795337,2219,575855807
2219,576958962,2219,577016482
2219,578117381,2219,578174237
2219,579275039,2219,579340545
2219,580454943,2219,580512270
2219,581615361,2219,581676255
2219,582782614,2219,582839840
2219,583940392,2219,584009202
2219,585111025,2219,585172940
2219,586274691,2219,586341641
2219,587448207,2219,587514157
2219,588617689,2219,588679120
2219,589782118,2219,589847644
2219,590951937,2219,591012380
2219,592118786,2219,592179786
2219,593280709,2219,593337565
2219,594446777,2219,594507327
2219,595608640,2219,595665629
2219,596770433,2219,596831817
2219,597935386,2219,597996080
2219,599101050,2219,599161430
2219,600263961,2219,600325996
2219,601435375,2219,601492184
2219,602597118,2219,602657631
2219,603761985,2219,603822405
2219,604928493,2219,604993178
2219,606098282,2219,606158939
2219,607262952,2219,607329258
2219,608446100,2219,608503743
2219,609604338,2219,609665876
2219,610766922,2219,610827389
2219,611930467,2219,611991240
2219,613095831,2219,613153407
2219,614254297,2219,614311302
2219,615412212,2219,615473409
2219,616576408,2219,616633874
2219,617734857,2219,617795106
2219,618895879,2219,618956262
2219,620058883,2219,620116376
2219,621216601,2219,621277104
2219,622377743,2219,622437926
2219,623550059,2219,623623871
2219,624726659,2219,624783718
2219,625884477,2219,625949956
2219,627055951,2219,627116581
2219,628222430,2219,628283380
2219,629387246,2219,629452872
2219,630565688,2219,630626932
2219,631734656,2219,631794702
2219,632897393,2219,632958501
2219,634059447,2219,634124802
2219,635228398,2219,635284977
2219,636391543,2219,636452570
2219,637562456,2219,637619032
2219,638719754,2219,638779887
2219,639884380,2219,639949676
2219,641053021,2219,641111008
2219,642217357,2219,642284605
2219,643386428,2219,643446381
2219,644560005,2219,644620778
2219,645721327,2219,645782238
2219,646886795,2219,646953171
2219,648056877,2219,648117898
2219,649222655,2219,649287937
2219,650388963,2219,650445558
2219,651554670,2219,651619845
2219,652724522,2219,652781722
2219,653886325,2219,653946308
2219,655049827,2219,655115379
2219,656218661,2219,656276051
2219,657376960,2219,657436990
2219,658537862,2219,658594304
2219,659696121,2219,659756348
2219,660859266,2219,660923924
2219,662025494,2219,662090923
2219,663197329,2219,663254001
2219,664358114,2219,664419258
2219,665529224,2219,665589270
2219,666693850,2219,666753790
2219,667857876,2219,667918296
2219,669021841,2219,669078880
2219,670181962,2219,670247645
2219,671348631,2219,671405070
2219,672516341,2219,672577181
2219,673677523,2219,673737639
2219,674839626,2219,674899883
2219,676024042,2219,676083197
2219,677185058,2219,677245007
2219,678345759,2219,678405785
2219,679509785,2219,679573095
2219,680675192,2219,680732134
2219,681836034,2219,681896066
2219,682996575,2219,683056868
2219,684163444,2219,684222723
2219,685327750,2219,685387886
2219,686489493,2219,686550153
2219,687653772,2219,687710027
2219,688816153,2219,688877073
2219,689979047,2219,690036156
2219,691140189,2219,691201383
2219,692303924,2219,692364874
2219,693468961,2219,693529097
2219,694641756,2219,694701789
2219,695803860,2219,695864623
2219,696970699,2219,697032263
2219,698135155,2219,698199069
2219,699300742,2219,699366711
2219,700469873,2219,700527276
2219,701627952,2219,701687968
2219,702792458,2219,702852661
2219,703955523,2219,704017788
2219,705124731,2219,705185464
2219,706286337,2219,706352834
2219,707456970,2219,707517126
2219,708627483,2219,708689138
2219,709794512,2219,709855082
2219,710955775,2219,711012487
2219,712120701,2219,712182035
2219,713282985,2219,713340214
2219,714443199,2219,714508798
2219,715621608,2219,715678257
2219,716780798,2219,716849871
2219,717950740,2219,718011220
2219,719115246,2219,719175653
2219,720269661,2219,720331092
2219,721433539,2219,721496185
2219,722607443,2219,722674234
2219,723780359,2219,723840632
2219,724943153,2219,725004147
2219,726107689,2219,726168186
2219,727273053,2219,727333410
2219,728438400,2219,728495630
2219,729599285,2219,729659575
2219,730753660,2219,730814640
2219,731918806,2219,731975502
2219,733077035,2219,733137946
2219,734241211,2219,734297563
2219,735398509,2219,735467061
2219,736574508,2219,736634871
2219,737735811,2219,737796241
2219,738890075,2219,738951643
2219,740054031,2219,740111651
2219,741215650,2219,741281873
2219,742397920,2219,742454682
2219,743558581,2219,743619185
2219,744724709,2219,744782286
2219,745883989,2219,745944476
2219,747045372,2219,747105618
2219,748208036,2219,748265596
2219,749369912,2219,749430316
2219,750531922,2219,750588878
2219,751689701,2219,751750928
2219,752853416,2219,752914653
2219,754015349,2219,754082760
2219,755183820,2219,755243775
2219,756349724,2219,756407010
2219,757507666,2219,757567795
2219,758668808,2219,758726775
2219,759828509,2219,759894495
2219,760997660,2219,761058934
2219,762159804,2219,762219950
2219,763321907,2219,763382150
2219,764485622,2219,764542925
2219,765653682,2219,765713929
2219,766814945,2219,766872635
2219,767974885,2219,768031150
2219,769133625,2219,769191358
2219,770293566,2219,770350194
2219,771451584,2219,771517651
2219,772629716,2219,772693720
2219,773794653,2219,773854859
2219,774955795,2219,775016008
2219,776119400,2219,776179996
2219,777281203,2219,777341259
2219,778445442,2219,778501931
2219,779603607,2219,779663640
2219,780769619,2219,780826775
2219,781927574,2219,781988528
2219,783089317,2219,783149550
2219,784252071,2219,784313322
2219,785418810,2219,785484749
2219,786588241,2219,786648548
2219,787752961,2219,787812877
2219,788915511,2219,788972534
2219,790074671,2219,790140280
2219,791243983,2219,791316126
2219,792423466,2219,792484437
2219,793585250,2219,793645723
2219,794750356,2219,794810463
2219,795913060,2219,795974725
2219,797080830,2219,797139311
2219,798242793,2219,798303207
2219,799404056,2219,799460911
2219,800567200,2219,800628541
2219,801738474,2219,801795163
2219,802895892,2219,802962375
2219,804069108,2219,804130535
2219,805231391,2219,805292005
2219,806394189,2219,806454599
2219,807555358,2219,807612330
2219,808718125,2219,808779286
2219,809884370,2219,809948778
2219,811049717,2219,811109693
2219,812214424,2219,812276669
2219,813380772,2219,813446358
2219,814549002,2219,814609065
2219,815725135,2219,815790434
2219,816894884,2219,816955768
2219,818058740,2219,818118622
2219,819220482,2219,819280595
2219,820383747,2219,820441000
2219,821544448,2219,821604695
2219,822706672,2219,822766661
2219,823867454,2219,823932652
2219,825036224,2219,825093828
2219,826195745,2219,826261094
2219,827364095,2219,827424976
2219,828528321,2219,828592262
2219,829701277,2219,829761510
2219,830863821,2219,830920971
2219,832027113,2219,832088093
2219,833190484,2219,833248224
2219,834350145,2219,834415260
2219,835520805,2219,835580657
2219,836686322,2219,836743611
2219,837844651,2219,837904734
2219,839005673,2219,839062292
2219,840164722,2219,840221992
2219,841325194,2219,841385367
2219,842486096,2219,842547020
2219,843647959,2219,843708032
2219,844811704,2219,844868744
2219,845973127,2219,846033193
2219,847138234,2219,847205198
2219,848331743,2219,848392651
2219,849495839,2219,849552668
2219,850657101,2219,850717468
2219,851826413,2219,851882848
2219,852987014,2219,853048075
2219,854150619,2219,854216999
2219,855321853,2219,855387479
2219,856500733,2219,856558847
2219,857659546,2219,857720713
2219,858823061,2219,858888463
2219,859990330,2219,860067095
2219,861168292,2219,861228655
2219,862331716,2219,862392296
2219,863496102,2219,863556242
2219,864660668,2219,864718148
2219,865819201,2219,865891117
2219,866992264,2219,867052396
2219,868158772,2219,868219916
2219,869321877,2219,869381946
2219,870487824,2219,870549269
2219,871651129,2219,871711656
2219,872822053,2219,872884191
2219,873986629,2219,874047232
2219,875151709,2219,875211865
2219,876314459,2219,876375647
2219,877476543,2219,877533492
2219,878638166,2219,878704459
2219,879816368,2219,879873257
2219,880979452,2219,881040773
2219,882141535,2219,882202145
2219,883303038,2219,883363868
2219,884467244,2219,884536514
2219,885638434,2219,885698657
2219,886805807,2219,886865896
2219,887966949,2219,888031410
2219,889134819,2219,889195386
2219,890299926,2219,890359902
2219,891460468,2219,891520604
2219,892626105,2219,892687166
2219,893790054,2219,893850053
2219,894943464,2219,895009954
2219,896112665,2219,896169744
2219,897270744,2219,897330843
2219,898431646,2219,898491785
2219,899594143,2219,899653979
2219,900758786,2219,900820073
2219,901922641,2219,901979140
2219,903083183,2219,903150951
2219,904259522,2219,904316435
2219,905417361,2219,905477360
2219,906582828,2219,906639490
2219,907740126,2219,907807287
2219,908910719,2219,908971713
2219,910074441,2219,910134510
2219,911239291,2219,911299427
2219,912403967,2219,912461270
2219,913562536,2219,913627892
2219,914729445,2219,914786351
2219,915887704,2219,915947863
2219,917050468,2219,917111185
2219,918212751,2219,918273785
2219,919386148,2219,919446141
2219,920552176,2219,920609552
2219,921713719,2219,921780809
2219,922890212,2219,922946737
2219,924050230,2219,924111540
2219,925214445,2219,925274498
2219,926375107,2219,926435190
2219,927536369,2219,927602279
2219,928705260,2219,928765947
2219,929868625,2219,929933834
2219,930994163,2219,931034149
2219,932137031,2219,932198291
2219,933299551,2219,933366011
2219,934470168,2219,934530007
2219,935634090,2219,935699312
2219,936805494,2219,936866655
2219,937973314,2219,938033376
2219,939135057,2219,939200305
2219,940303707,2219,940367501
2219,941471157,2219,941536559
