4598,230241470,                4598,230365660
4598,231487674,                4598,231631273
4598,232733521,                4598,232851711
4598,233956104,                4598,234103227
4598,235198230,                4598,235346922
4598,236452023,                4598,236609341
4598,237711525,                4598,237864849
4598,238969739,                4598,239111480
4598,240214208,                4598,240357460
4598,241458176,                4598,241601171
4598,242702170,                4598,242850605
4598,243910246,                4598,244043814
4598,245142311,                4598,245277387
4598,246381226,                4598,246528610
4598,247629052,                4598,247773232
4598,248877772,                4598,249022656
4598,250124754,                4598,250273412
4598,251377442,                4598,251526611
4598,252632603,                4598,252775351
4598,253879094,                4598,254025713
4598,255126726,                4598,255273559
4598,256379253,                4598,256538935
4598,257643108,                4598,257790181
4598,258891047,                4598,259039325
4598,260141986,                4598,260285115
4598,261388013,                4598,261531038
4598,262631691,                4598,262784040
4598,263843648,                4598,263968486
4598,265075986,                4598,265220006
4598,266322717,                4598,266474970
4598,267579971,                4598,267723490
4598,268826001,                4598,268969334
4598,270081623,                4598,270226537
4598,271330346,                4598,271472861
4598,272578055,                4598,272720687
4598,273824853,                4598,273970982
4598,275082480,                4598,275224531
4598,276326862,                4598,276485955
4598,277586578,                4598,277730177
4598,278833499,                4598,278980445
4598,280094169,                4598,280242621
4598,281347285,                4598,281493026
4598,282593682,                4598,282740519
4598,283840887,                4598,283986759
4598,285088840,                4598,285230480
4598,286289845,                4598,286417529
4598,287520501,                4598,287667895
4598,288770976,                4598,288914659
4598,290015305,                4598,290161106
4598,291263187,                4598,291407193
4598,292510298,                4598,292655353
4598,293756068,                4598,293905354
4598,295006430,                4598,295149986
4598,296252367,                4598,296411331
4598,297513835,                4598,297661262
4598,298764418,                4598,298909108
4598,300013278,                4598,300167243
4598,301268352,                4598,301410503
4598,302515434,                4598,302660371
4598,303760994,                4598,303903612
4598,305009187,                4598,305160031
4598,306260843,                4598,306407263
4598,307507842,                4598,307655883
4598,308756939,                4598,308904897
4598,310006413,                4598,310158666
4598,311259702,                4598,311402724
4598,312504891,                4598,312648804
4598,313752059,                4598,313899456
4598,315000105,                4598,315143998
4598,316249362,                4598,316405967
4598,317508665,                4598,317651413
4598,318755723,                4598,318904662
4598,320015816,                4598,320164885
4598,321268952,                4598,321412714
4598,322514582,                4598,322660070
4598,323758536,                4598,323901748
4598,325004310,                4598,325155071
4598,326259718,                4598,326405186
4598,327505841,                4598,327652581
4598,328759437,                4598,328904265
4598,330008695,                4598,330153715
4598,331258019,                4598,331401581
4598,332503929,                4598,332648669
4598,333750857,                4598,333895183
4598,334995779,                4598,335142465
4598,336244796,                4598,336401187
4598,337522940,                4598,337668542
4598,338769972,                4598,338914439
4598,340016422,                4598,340128792
4598,341232492,                4598,341374883
4598,342488240,                4598,342625392
4598,343726511,                4598,343869777
4598,344974821,                4598,345120189
4598,346223598,                4598,346337339
4598,347440244,                4598,347583049
4598,348687929,                4598,348810154
4598,349913423,                4598,350062048
4598,351173439,                4598,351320532
4598,352428306,                4598,352541023
4598,353645657,                4598,353789810
4598,354890656,                4598,355029099
4598,356133803,                4598,356296011
4598,357396873,                4598,357538994
4598,358640551,                4598,358754833
4598,359856837,                4598,360008776
4598,361115806,                4598,361258934
4598,362363414,                4598,362508208
4598,363611777,                4598,363754619
4598,364861275,                4598,364975714
4598,366077147,                4598,366231746
4598,367333920,                4598,367477329
4598,368579830,                4598,368716812
4598,369818872,                4598,369965048
4598,371068753,                4598,371192223
4598,372296549,                4598,372440249
4598,373541015,                4598,373692319
4598,374796826,                4598,374921857
4598,376027959,                4598,376182969
4598,377284662,                4598,377420559
4598,378520968,                4598,378662582
4598,379763127,                4598,379899211
4598,381001465,                4598,381119569
4598,382179227,                4598,382309814
4598,383408501,                4598,383545186
4598,384647683,                4598,384790422
4598,385893934,                4598,386038431
4598,387142537,                4598,387277319
4598,388379901,                4598,388526013
4598,389628811,                4598,389750014
4598,390852065,                4598,391000243
4598,392101940,                4598,392254069
4598,393358119,                4598,393502449
4598,394606045,                4598,394757456
4598,395860174,                4598,396019992
4598,397123315,                4598,397276618
4598,398378285,                4598,398524881
4598,399625687,                4598,399761801
4598,400867389,                4598,401015137
4598,402115685,                4598,402268108
4598,403374981,                4598,403518140
4598,404622113,                4598,404766907
4598,405868944,                4598,406014205
4598,407114860,                4598,407265091
4598,408367044,                4598,408514688
4598,409615594,                4598,409757655
4598,410817317,                4598,410949279
4598,412049548,                4598,412195500
4598,413301292,                4598,413448909
4598,414549098,                4598,414697946
4598,415800815,                4598,415959148
4598,417062950,                4598,417210471
4598,418323621,                4598,418472816
4598,419574266,                4598,419719661
4598,420825853,                4598,420968294
4598,422071833,                4598,422224676
4598,423328846,                4598,423472078
4598,424577743,                4598,424725267
4598,425840950,                4598,425990446
4598,427091115,                4598,427240374
4598,428342912,                4598,428493660
4598,429597332,                4598,429744989
4598,430848939,                4598,430995041
4598,432097733,                4598,432241826
4598,433342301,                4598,433486692
4598,434590981,                4598,434738942
4598,435842752,                4598,436009711
4598,437111034,                4598,437262443
4598,438366269,                4598,438504261
4598,439608504,                4598,439753298
4598,440855526,                4598,441002312
4598,442106312,                4598,442259816
4598,443363324,                4598,443506113
4598,444610419,                4598,444733672
4598,445837464,                4598,445983650
4598,447086024,                4598,447229720
4598,448333900,                4598,448471619
4598,449531057,                4598,449657630
4598,450756190,                4598,450884415
4598,451986052,                4598,452138478
4598,453257362,                4598,453400584
4598,454504043,                4598,454649922
4598,455750724,                4598,455910779
4598,457013691,                4598,457158014
4598,458259704,                4598,458404912
4598,459505741,                4598,459649587
4598,460711224,                4598,460838415
4598,461936991,                4598,462085173
4598,463189002,                4598,463341208
4598,464447630,                4598,464590809
4598,465691254,                4598,465834533
4598,466935292,                4598,467079923
4598,468184206,                4598,468338801
4598,469439707,                4598,469584465
4598,470644016,                4598,470762109
4598,471864547,                4598,472010316
4598,473110911,                4598,473247492
4598,474360476,                4598,474507492
4598,475610321,                4598,475776516
4598,476882104,                4598,477025363
4598,478128708,                4598,478276299
4598,479377071,                4598,479519155
4598,480623615,                4598,480771717
4598,481873196,                4598,482020246
4598,483123962,                4598,483269290
4598,484379420,                4598,484523266
4598,485616787,                4598,485766837
4598,486867610,                4598,487012784
4598,488115596,                4598,488262679
4598,489364576,                4598,489507515
4598,490612338,                4598,490751035
4598,491851811,                4598,491994860
4598,493097695,                4598,493240600
4598,494352785,                4598,494499218
4598,495600067,                4598,495756845
4598,496863381,                4598,497009343
4598,498110609,                4598,498259398
4598,499362096,                4598,499485555
4598,500587943,                4598,500735777
4598,501836596,                4598,501985485
4598,503086521,                4598,503212233
4598,504323778,                4598,504476591
4598,505577360,                4598,505720863
4598,506821475,                4598,506969893
4598,508031630,                4598,508155530
4598,509257758,                4598,509412897
4598,510515144,                4598,510662975
4598,511767592,                4598,511912630
4598,513014820,                4598,513159921
4598,514260233,                4598,514407060
4598,515511553,                4598,515669349
4598,516771640,                4598,516916367
4598,518018381,                4598,518167470
4598,519272951,                4598,519423559
4598,520529554,                4598,520675272
4598,521778207,                4598,521922718
4598,523026691,                4598,523168948
4598,524271997,                4598,524422130
4598,525528583,                4598,525675659
4598,526776225,                4598,526924733
4598,528028005,                4598,528171361
4598,529272230,                4598,529422794
4598,530523356,                4598,530670790
4598,531730418,                4598,531853464
4598,532953505,                4598,533098680
4598,534199245,                4598,534312683
4598,535421659,                4598,535581230
4598,536687158,                4598,536826870
4598,537927442,                4598,538073274
4598,539174633,                4598,539318009
4598,540423700,                4598,540539190
4598,541641565,                4598,541778056
4598,542880677,                4598,543018686
4598,544124294,                4598,544261296
4598,545367595,                4598,545511481
4598,546612354,                4598,546735716
4598,547837050,                4598,547983018
4598,549086924,                4598,549230981
4598,550332695,                4598,550480365
4598,551583941,                4598,551731955
4598,552837697,                4598,552973985
4598,554077543,                4598,554216441
4598,555317016,                4598,555468795
4598,556572297,                4598,556685214
4598,557785870,                4598,557930934
4598,559031109,                4598,559169919
4598,560231603,                4598,560356017
4598,561462676,                4598,561605021
4598,562706955,                4598,562842204
4598,563952555,                4598,564097229
4598,565197958,                4598,565317723
4598,566424936,                4598,566569209
4598,567669815,                4598,567815233
4598,568920291,                4598,569034696
4598,570138429,                4598,570286890
4598,571393640,                4598,571536378
4598,572640268,                4598,572761177
4598,573865978,                4598,574005058
4598,575105691,                4598,575232454
4598,576338626,                4598,576485933
4598,577590042,                4598,577725969
4598,578826631,                4598,578973688
4598,580079012,                4598,580222532
4598,581323237,                4598,581435567
4598,582539840,                4598,582684588
4598,583788727,                4598,583925249
4598,585028030,                4598,585173582
4598,586278005,                4598,586426900
4598,587528290,                4598,587676809
4598,588782250,                4598,588925188
4598,590028861,                4598,590175040
4598,591279747,                4598,591428315
4598,592533466,                4598,592675804
4598,593735251,                4598,593870097
4598,594969648,                4598,595130771
4598,596236249,                4598,596379458
4598,597491807,                4598,597637008
4598,598738088,                4598,598859351
4598,599959900,                4598,600102952
4598,601203698,                4598,601350811
4598,602453022,                4598,602599952
4598,603703668,                4598,603847230
4598,604948277,                4598,605091412
4598,606196550,                4598,606345926
4598,607455965,                4598,607598794
4598,608704913,                4598,608851956
4598,609954854,                4598,610101267
4598,611206331,                4598,611350504
4598,612461021,                4598,612606589
4598,613710395,                4598,613866228
4598,614967798,                4598,615126792
4598,616232403,                4598,616375612
4598,617482755,                4598,617631087
4598,618734402,                4598,618848701
4598,619950408,                4598,620099667
4598,621200813,                4598,621348040
4598,622452180,                4598,622596480
4598,623701624,                4598,623844212
4598,624950898,                4598,625094007
4598,626194386,                4598,626340938
4598,627445872,                4598,627588113
4598,628690461,                4598,628833803
4598,629938273,                4598,630075789
4598,631180609,                4598,631300521
4598,632405605,                4598,632556983
4598,633660656,                4598,633803911
4598,634905054,                4598,635065617
4598,636168505,                4598,636311967
4598,637415793,                4598,637559266
4598,638661317,                4598,638806254
4598,639909109,                4598,640058345
4598,641162838,                4598,641306101
4598,642406406,                4598,642551630
4598,643652803,                4598,643795622
4598,644900436,                4598,645046862
4598,646150934,                4598,646296179
4598,647400939,                4598,647544385
4598,648649733,                4598,648796138
4598,649855686,                4598,649983207
4598,651081874,                4598,651224822
4598,652329569,                4598,652476339
4598,653580522,                4598,653723884
4598,654826843,                4598,654989080
4598,656051221,                4598,656175662
4598,657276551,                4598,657419216
4598,658526760,                4598,658672935
4598,659774402,                4598,659916720
4598,661019108,                4598,661163061
4598,662264824,                4598,662411147
4598,663524537,                4598,663665977
4598,664770197,                4598,664913025
4598,666013410,                4598,666158908
4598,667259611,                4598,667402226
4598,668514047,                4598,668657753
4598,669758606,                4598,669904518
4598,670964106,                4598,671087502
4598,672188598,                4598,672333166
4598,673437676,                4598,673589728
4598,674696928,                4598,674855625
4598,675956628,                4598,676101135
4598,677201627,                4598,677343734
4598,678403259,                4598,678534925
4598,679636962,                4598,679783618
4598,680887074,                4598,681033183
4598,682136681,                4598,682287219
4598,683389019,                4598,683533623
4598,684639614,                4598,684786277
4598,685888508,                4598,686036823
4598,687137832,                4598,687283147
4598,688387330,                4598,688533752
4598,689634798,                4598,689780450
4598,690881480,                4598,691029607
4598,692091398,                4598,692214013
4598,693312567,                4598,693453770
4598,694554442,                4598,694712738
4598,695813377,                4598,695955485
4598,697057886,                4598,697203915
4598,698263493,                4598,698387683
4598,699489266,                4598,699639470
4598,700745822,                4598,700890132
4598,701992763,                4598,702139490
4598,703240285,                4598,703385086
4598,704491225,                4598,704644572
4598,705747287,                4598,705892037
4598,706995303,                4598,707136953
4598,708242818,                4598,708390082
4598,709491308,                4598,709642456
4598,710743155,                4598,710886274
4598,711989963,                4598,712146180
4598,713249336,                4598,713393763
4598,714498500,                4598,714659779
4598,715761279,                4598,715903447
4598,717006105,                4598,717151320
4598,718255920,                4598,718382105
4598,719482701,                4598,719634316
4598,720740565,                4598,720886637
4598,721987836,                4598,722133328
4598,723233917,                4598,723377299
4598,724483301,                4598,724635026
4598,725736049,                4598,725883623
4598,726988617,                4598,727132427
4598,728238131,                4598,728383476
4598,729483902,                4598,729634916
4598,730739309,                4598,730884427
4598,731990916,                4598,732145171
4598,733249895,                4598,733394929
4598,734499699,                4598,734669149
4598,735729124,                4598,735852239
4598,736952274,                4598,737095396
4598,738199977,                4598,738344787
4598,739448580,                4598,739592843
4598,740696172,                4598,740843499
4598,741946027,                4598,742065535
4598,743166354,                4598,743310217
4598,744416389,                4598,744558407
4598,745668170,                4598,745809590
4598,746911246,                4598,747057168
4598,748160534,                4598,748303789
4598,749404432,                4598,749550831
4598,750661098,                4598,750809803
4598,751910288,                4598,752060359
4598,753162976,                4598,753308822
4598,754409898,                4598,754563599
4598,755663604,                4598,755815076
4598,756920684,                4598,757066522
4598,758167298,                4598,758312062
4598,759414099,                4598,759549582
4598,760663013,                4598,760808668
4598,761910585,                4598,762059096
4598,763159909,                4598,763304179
4598,764409046,                4598,764551894
4598,765654953,                4598,765800828
4598,766901754,                4598,767046368
4598,768149466,                4598,768292435
4598,769393555,                4598,769537134
4598,770637713,                4598,770782313
4598,771886436,                4598,772031938
4598,773132997,                4598,773270997
4598,774372710,                4598,774530843
4598,775631885,                4598,775778889
4598,776881143,                4598,777024612
4598,778084424,                4598,778208160
4598,779310374,                4598,779452869
4598,780556208,                4598,780706415
4598,781806874,                4598,781954471
4598,783055026,                4598,783196987
4598,784304885,                4598,784447429
4598,785556875,                4598,785705977
4598,786807280,                4598,786951557
4598,788053704,                4598,788198448
4598,789302444,                4598,789450385
4598,790550927,                4598,790705546
4598,791812265,                4598,791955331
4598,793057752,                4598,793201411
4598,794304186,                4598,794461715
4598,795562564,                4598,795705826
4598,796812479,                4598,796954940
4598,798055325,                4598,798206594
4598,799308854,                4598,799452227
4598,800554524,                4598,800707141
4598,801808344,                4598,801953552
4598,803055626,                4598,803200456
4598,804306298,                4598,804451292
4598,805551631,                4598,805698664
4598,806801916,                4598,806947177
4598,808049491,                4598,808195367
4598,809301122,                4598,809448689
4598,810550239,                4598,810698444
4598,811800895,                4598,811944064
4598,813046224,                4598,813194289
4598,814288741,                4598,814450231
4598,815550866,                4598,815694863
4598,816796600,                4598,816941741
4598,818042710,                4598,818187304
4598,819288069,                4598,819430130
4598,820525376,                4598,820646790
4598,821747432,                4598,821892186
4598,822993032,                4598,823134732
4598,824237123,                4598,824382835
4598,825490599,                4598,825633721
4598,826693429,                4598,826817743
4598,827922046,                4598,828067418
4598,829168247,                4598,829312260
4598,830412886,                4598,830561210
4598,831666294,                4598,831810715
4598,832911634,                4598,833054115
4598,834113483,                4598,834249100
4598,835348791,                4598,835491857
4598,836594899,                4598,836747585
4598,837855192,                4598,838005209
4598,839109422,                4598,839252190
4598,840358319,                4598,840505128
4598,841609508,                4598,841760940
4598,842861478,                4598,843008091
4598,844113980,                4598,844257218
4598,845360127,                4598,845508001
4598,846608730,                4598,846762942
4598,847866344,                4598,848014699
4598,849109888,                4598,849253811
4598,850354377,                4598,850499094
4598,851599856,                4598,851744020
4598,852846554,                4598,852989830
4598,854092378,                4598,854249346
4598,855344078,                4598,855487320
4598,856590058,                4598,856737121
4598,857838351,                4598,857982988
4598,859086310,                4598,859233013
4598,860328839,                4598,860476297
4598,861569624,                4598,861716040
4598,862820259,                4598,862963906
4598,864068102,                4598,864215059
4598,865315674,                4598,865457608
4598,866558751,                4598,866703131
4598,867815524,                4598,867957775
4598,869064438,                4598,869187133
4598,870291947,                4598,870441970
4598,871546076,                4598,871693013
4598,872806160,                4598,872948982
4598,874051332,                4598,874213790
4598,875317756,                4598,875460488
4598,876562185,                4598,876706525
4598,877800236,                4598,878250049
4598,879359708,                4598,879503438
4598,880609783,                4598,880757253
4598,881850637,                4598,881996292
4598,883098150,                4598,883243554
4598,884346062,                4598,884493306
4598,885595837,                4598,885740271
4598,886844440,                4598,886988617
4598,888085665,                4598,888229898
4598,889330714,                4598,889474203
4598,890576314,                4598,890720330
4598,891831405,                4598,891976058
4598,893080819,                4598,893224151
4598,894317852,                4598,894479278
4598,895585624,                4598,895727732
4598,896837561,                4598,896981915
4598,898082590,                4598,898235290
4598,899338402,                4598,899484057
4598,900585150,                4598,900732450
4598,901844980,                4598,901989954
4598,903094424,                4598,903236959
4598,904339140,                4598,904481708
4598,905586104,                4598,905733822
4598,906843555,                4598,906990638
4598,908096436,                4598,908243353
4598,909348253,                4598,909492163
4598,910587255,                4598,910730991
4598,911842696,                4598,911986439
4598,913087642,                4598,913230614
4598,914335217,                4598,914496524
4598,915600400,                4598,915742694
4598,916840683,                4598,916983812
4598,918090398,                4598,918239507
4598,919343283,                4598,919487063
4598,920589597,                4598,920733961
4598,921845219,                4598,921989262
4598,923090098,                4598,923235983
4598,924339679,                4598,924481323
4598,925581898,                4598,925725130
4598,926834346,                4598,926979410
4598,928085539,                4598,928233473
4598,929336358,                4598,929482263
4598,930583159,                4598,930728003
4598,931837366,                4598,931979700
4598,933081997,                4598,933228163
4598,934332933,                4598,934489464
4598,935591028,                4598,935734186
4598,936839924,                4598,936984715
4598,938085711,                4598,938229170
4598,939333634,                4598,939475114
4598,940580826,                4598,940726557
4598,941830200,                4598,941975695
4598,943079524,                4598,943222870
4598,944328408,                4598,944471450
4598,945573006,                4598,945717981
4598,946819447,                4598,946963417
4598,948069119,                4598,948213342
4598,949314612,                4598,949460794
4598,950520369,                4598,950644295
4598,951742738,                4598,951891393
4598,952999564,                4598,953143284
4598,954246432,                4598,954404535
4598,955505728,                4598,955654083
4598,956758726,                4598,956911066
4598,958014708,                4598,958160270
4598,959261106,                4598,959403991
4598,960506455,                4598,960650769
4598,961753070,                4598,961908616
4598,963009722,                4598,963151403
4598,964213020,                4598,964334380
4598,965436464,                4598,965582392
4598,966684530,                4598,966831116
4598,967933887,                4598,968080964
4598,969183255,                4598,969326357
4598,970426692,                4598,970571066
4598,971671451,                4598,971813482
4598,972925204,                4598,973067889
4598,974169018,                4598,974328389
4598,975429318,                4598,975572380
4598,976675589,                4598,976818191
4598,977918836,                4598,978065963
4598,979167560,                4598,979314233
4598,980417551,                4598,980560870
4598,981661763,                4598,981804605
4598,982912889,                4598,983057476
4598,984119253,                4598,984243310
4598,985342774,                4598,985485259
4598,986592622,                4598,986738454
4598,987843104,                4598,987995540
4598,989099744,                4598,989241831
4598,990342594,                4598,990490565
4598,991592519,                4598,991739879
4598,992848193,                4598,992990765
4598,994091648,                4598,994248632
4598,995352909,                4598,995495887
4598,996601993,                4598,996746126
4598,997849395,                4598,997993932
4598,999098629,                4598,999244291
4599,000342540,                4599,000488776
4599,001591120,                4599,001733441
4599,002834797,                4599,002988562
4599,004095304,                4599,004237492
4599,005342015,                4599,005484637
4599,006585533,                4599,006732556
4599,007844828,                4599,007995429
4599,009095834,                4599,009242688
4599,010343597,                4599,010487220
4599,011592017,                4599,011736664
4599,012842442,                4599,012995242
4599,014099018,                4599,014258065
4599,015361437,                4599,015505617
4599,016611175,                4599,016754381
4599,017858163,                4599,018002764
4599,019106002,                4599,019248727
4599,020353928,                4599,020496440
4599,021555948,                4599,021675799
4599,022774126,                4599,022919777
4599,024022489,                4599,024167676
4599,025272413,                4599,025420288
4599,026524261,                4599,026669852
4599,027770461,                4599,027912238
4599,029018224,                4599,029165430
4599,030266226,                4599,030413970
4599,031514709,                4599,031657074
4599,032718858,                4599,032843058
4599,033943033,                4599,034100585
4599,035202569,                4599,035349209
4599,036451246,                4599,036598056
4599,037699656,                4599,037846045
4599,038958471,                4599,039104126
4599,040210408,                4599,040353880
4599,041455804,                4599,041601402
4599,042707644,                4599,042851711
4599,043960332,                4599,044106825
4599,045211458,                4599,045355118
4599,046460422,                4599,046605056
4599,047708949,                4599,047853089
4599,048967524,                4599,049112485
4599,050218530,                4599,050368099
4599,051471819,                4599,051615011
4599,052719154,                4599,052865023
4599,053975393,                4599,054133686
4599,055235289,                4599,055382496
4599,056485771,                4599,056629040
4599,057731654,                4599,057877640
4599,058989748,                4599,059134342
4599,060237391,                4599,060381510
4599,061486384,                4599,061629216
4599,062730152,                4599,062877739
4599,063986805,                4599,064137606
4599,065241655,                4599,065383943
4599,066488457,                4599,066638056
4599,067741866,                4599,067885822
4599,068989585,                4599,069133501
4599,070237631,                4599,070386079
4599,071490799,                4599,071634729
4599,072740177,                4599,072878507
4599,073987525,                4599,074144507
4599,075249945,                4599,075395506
4599,076497663,                4599,076642681
4599,077743307,                4599,077891842
4599,079003924,                4599,079145911
4599,080252166,                4599,080397685
4599,081499328,                4599,081642157
4599,082743006,                4599,082889292
4599,084009159,                4599,084157144
4599,085260035,                4599,085404216
4599,086506356,                4599,086651384
4599,087756118,                4599,087902954
4599,089006620,                4599,089150106
4599,090251445,                4599,090399093
4599,091505575,                4599,091650973
4599,092753097,                4599,092895218
4599,093999855,                4599,094160267
4599,095261476,                4599,095413899
4599,096516567,                4599,096663777
4599,097723135,                4599,097852331
4599,098954185,                4599,099080868
4599,100187050,                4599,100331487
4599,101432049,                4599,101574150
4599,102678370,                4599,102823104
4599,103926973,                4599,104072251
4599,105176538,                4599,105319366
4599,106422935,                4599,106569485
4599,107673985,                4599,107816626
4599,108922161,                4599,109073543
4599,110174675,                4599,110319469
4599,111420275,                4599,111565640
4599,112668114,                4599,112811243
4599,113911715,                4599,114080954
4599,115141890,                4599,115238762
4599,116335440,                4599,116452802
4599,117553952,                4599,117672045
4599,118780406,                4599,118898266
4599,119968159,                4599,120058250
4599,121126872,                4599,121249857
4599,122316420,                4599,122418899
4599,123478023,                4599,123573270
4599,124667118,                4599,124761964
4599,125863694,                4599,125954539
4599,127067042,                4599,127209059
4599,128309438,                4599,128454986
4599,129557400,                4599,129702395
4599,130806725,                4599,130951769
4599,132058024,                4599,132200876
4599,133301649,                4599,133459217
4599,134560704,                4599,134705198
4599,135806424,                4599,135952299
4599,137047265,                4599,137159975
4599,138262783,                4599,138412323
4599,139513189,                4599,139655960
4599,140762526,                4599,140905778
4599,142011476,                4599,142140399
4599,143241218,                4599,143385157
4599,144490635,                4599,144634011
4599,145738304,                4599,145883969
4599,146984702,                4599,147136988
4599,148240387,                4599,148383509
4599,149484715,                4599,149627633
4599,150728272,                4599,150872813
4599,151974113,                4599,152124573
4599,153230165,                4599,153386936
4599,154487855,                4599,154635616
4599,155736338,                4599,155878580
4599,156982409,                4599,157135486
4599,158235991,                4599,158380241
4599,159439803,                4599,159562231
4599,160662266,                4599,160805471
4599,161906954,                4599,162052816
4599,163153876,                4599,163296477
4599,164398928,                4599,164544873
4599,165646156,                4599,165793654
4599,166898604,                4599,167043398
4599,168149440,                4599,168293820
4599,169394129,                4599,169536343
4599,170636966,                4599,170784660
4599,171885689,                4599,172029312
4599,173089207,                4599,173222014
4599,174325066,                4599,174473494
4599,175574193,                4599,175719077
4599,176825372,                4599,176970093
4599,178082572,                4599,178228501
4599,179329570,                4599,179473527
4599,180575874,                4599,180720959
4599,181820890,                4599,181965514
4599,183024942,                4599,183145415
4599,184248527,                4599,184393638
4599,185494901,                4599,185637632
4599,186739179,                4599,186883733
4599,187986100,                4599,188142397
4599,189245276,                4599,189387911
4599,190492077,                4599,190645581
4599,191750412,                4599,191897448
4599,193001488,                4599,193167550
4599,194268643,                4599,194413944
4599,195518164,                4599,195660405
4599,196762672,                4599,196908124
4599,198014409,                4599,198148855
4599,199249076,                4599,199391294
4599,200496431,                4599,200644579
4599,201745322,                4599,201890519
4599,202992243,                4599,203137267
4599,204240492,                4599,204382653
4599,205486806,                4599,205633763
4599,206734328,                4599,206884048
4599,207987377,                4599,208143791
4599,209248158,                4599,209391931
4599,210493517,                4599,210642036
4599,211744644,                4599,211888073
4599,212990671,                4599,213156125
4599,214261193,                4599,214407732
4599,215508594,                4599,215652240
4599,216756243,                4599,216900306
4599,218002971,                4599,218117116
4599,219227373,                4599,219373986
4599,220480234,                4599,220624187
4599,221728664,                4599,221878107
4599,222978906,                4599,223123677
4599,224226061,                4599,224375414
4599,225475916,                4599,225620530
4599,226680171,                4599,226807505
4599,227911194,                4599,228058641
4599,229169616,                4599,229313208
4599,230413624,                4599,230552922
4599,231654538,                4599,231790759
4599,232894558,                4599,233030429
4599,234136968,                4599,234286681
4599,235387493,                4599,235531927
4599,236636787,                4599,236781888
4599,237883018,                4599,238027264
4599,239131381,                4599,239278738
4599,240380758,                4599,240525862
4599,241629145,                4599,241771926
4599,242872745,                4599,243019011
4599,244121179,                4599,244274763
4599,245376320,                4599,245519478
4599,246621078,                4599,246766263
4599,247871200,                4599,248021661
4599,249122490,                4599,249272647
4599,250374217,                4599,250520486
4599,251621498,                4599,251768448
4599,252871957,                4599,253028505
4599,254130148,                4599,254276851
4599,255377400,                4599,255521610
4599,256626554,                4599,256770297
4599,257870882,                4599,258019538
4599,259119683,                4599,259264370
4599,260366955,                4599,260510931
4599,261612488,                4599,261758560
4599,262863974,                4599,263009025
4599,264111566,                4599,264261036
4599,265362459,                4599,265506292
4599,266610384,                4599,266757581
4599,267858747,                4599,268009522
4599,269114078,                4599,269260875
4599,270361601,                4599,270499367
4599,271604634,                4599,271749522
4599,272852270,                4599,273010393
4599,274113778,                4599,274258312
4599,275362502,                4599,275506365
4599,276612136,                4599,276757898
4599,277860506,                4599,278007493
4599,279109273,                4599,279262263
4599,280367434,                4599,280514310
4599,281618013,                4599,281762363
4599,282863252,                4599,283007943
4599,284110033,                4599,284262660
4599,285362741,                4599,285505633
4599,286607620,                4599,286752204
4599,287853580,                4599,287996993
4599,289110473,                4599,289253195
4599,290353987,                4599,290498915
4599,291599631,                4599,291742893
4599,292850947,                4599,293008032
4599,294112399,                4599,294260073
4599,295361015,                4599,295508125
4599,296610667,                4599,296759789
4599,297863508,                4599,297986550
4599,299087122,                4599,299231689
4599,300293377,                4599,300419956
4599,301521496,                4599,301667341
4599,302772666,                4599,302916589
4599,304018679,                4599,304166023
4599,305278883,                4599,305422612
4599,306525844,                4599,306674002
4599,307774648,                4599,307916588
4599,309018415,                4599,309161518
4599,310264603,                4599,310409831
4599,311511207,                4599,311654283
4599,312759760,                4599,312916408
4599,314020788,                4599,314169497
4599,315274197,                4599,315415457
4599,316521586,                4599,316669757
4599,317774724,                4599,317920533
4599,319022410,                4599,319173334
4599,320284779,                4599,320429272
4599,321533072,                4599,321680051
4599,322781555,                4599,322930343
4599,324037123,                4599,324181740
4599,325294499,                4599,325439594
4599,326544705,                4599,326696453
4599,327800356,                4599,327946949
4599,329051823,                4599,329194745
4599,330305612,                4599,330452142
4599,331553044,                4599,331695379
4599,332801204,                4599,332961713
4599,334062475,                4599,334211464
4599,335322328,                4599,335464526
4599,336566743,                4599,336714307
4599,337815383,                4599,337960417
4599,339063736,                4599,339207018
4599,340322744,                4599,340444348
4599,341546602,                4599,341692868
4599,342793524,                4599,342936189
4599,344041790,                4599,344166090
4599,345267347,                4599,345413192
4599,346514629,                4599,346652211
4599,347752723,                4599,347894470
4599,348996982,                4599,349140741
4599,350245301,                4599,350358419
4599,351459185,                4599,351604453
4599,352666220,                4599,352787650
4599,353886100,                4599,354032706
4599,355136515,                4599,355280949
4599,356391676,                4599,356510467
4599,357610895,                4599,357761299
4599,358862622,                4599,358999530
4599,360094302,                4599,360236794
4599,361345719,                4599,361490089
4599,362591132,                4599,362704773
4599,363806937,                4599,363949899
4599,365052537,                4599,365191148
4599,366301381,                4599,366448101
4599,367549023,                4599,367695366
4599,368797697,                4599,368909543
4599,369968951,                4599,370085085
4599,371183541,                4599,371327555
4599,372429709,                4599,372584718
4599,373688480,                4599,373828726
4599,374933519,                4599,375046800
4599,376153079,                4599,376289353
4599,377402573,                4599,378200372
4599,379309134,                4599,379442084
4599,380544168,                4599,380690327
4599,381791083,                4599,381934138
4599,383039072,                4599,383165421
4599,384227486,                4599,384352847
4599,385458562,                4599,385596922
4599,386700241,                4599,386837212
4599,387941876,                4599,388080263
4599,389183972,                4599,389306887
4599,390412892,                4599,390560376
4599,391664659,                4599,391789931
4599,392895615,                4599,393054743
4599,394155155,                4599,394303152
4599,395407369,                4599,395551929
4599,396653793,                4599,396797776
4599,397898222,                4599,398023263
4599,399082734,                4599,399205246
4599,400307840,                4599,400450746
4599,401552649,                4599,401696632
4599,402791007,                4599,402910008
4599,404012970,                4599,404158498
4599,405259721,                4599,405402993
4599,406504773,                4599,406642810
4599,407743405,                4599,407886878
4599,408989853,                4599,409136052
4599,410238810,                4599,410386210
4599,411490177,                4599,411634717
4599,412740719,                4599,412900080
4599,414000782,                4599,414145409
4599,415249639,                4599,415391566
4599,416494741,                4599,416636569
4599,417739877,                4599,417889777
4599,418994848,                4599,419137443
4599,420239133,                4599,420389446
4599,421490252,                4599,421635090
4599,422737654,                4599,422881677
4599,423986498,                4599,424139882
4599,425240311,                4599,425384474
4599,426495762,                4599,426640376
4599,427742683,                4599,427886636
4599,428989071,                4599,429134068
4599,430235445,                4599,430384454
4599,431487772,                4599,431631425
4599,432735124,                4599,432895469
4599,433999515,                4599,434143438
4599,435246116,                4599,435393667
4599,436455354,                4599,436579835
4599,437681461,                4599,437827844
4599,438929731,                4599,439078033
4599,440176713,                4599,440314001
4599,441424415,                4599,441566342
4599,442672538,                4599,442817272
4599,443917941,                4599,444064093
4599,445168904,                4599,445312052
4599,446415585,                4599,446564433
4599,447668196,                4599,447815783
4599,448918765,                4599,449062244
4599,450162716,                4599,450306699
4599,451416485,                4599,451538273
4599,452641885,                4599,452793317
4599,453894753,                4599,454038636
4599,455140593,                4599,455282564
4599,456385525,                4599,456528955
4599,457588523,                4599,457711128
4599,458809591,                4599,458954609
4599,460057467,                4599,460200799
4599,461302276,                4599,461453771
4599,462554604,                4599,462701697
4599,463802323,                4599,463945108
4599,465049955,                4599,465193461
4599,466294003,                4599,466442010
4599,467501932,                4599,467623336
4599,468724435,                4599,468872396
4599,469973179,                4599,470122585
4599,471223224,                4599,471365945
4599,472479209,                4599,472636427
4599,473737730,                4599,473886806
4599,474989097,                4599,475136387
