4610,550103204,4610,550164254
4610,550238830,4610,550289639
4610,550346748,4610,550411910
4610,550468429,4610,550537198
4610,550593720,4610,550660560
4610,550717009,4610,550791698
4610,550848591,4610,550911687
4610,550968162,4610,551034639
4610,551091234,4610,551161235
4610,551217674,4610,551283363
4610,551339885,4610,551409779
4610,551466561,4610,551532120
4610,551588592,4610,551657141
4610,551713556,4610,551780704
4610,551837109,4610,551905895
4610,551962260,4610,552032418
4610,552088896,4610,552155153
4610,552211942,4610,552279738
4610,552336183,4610,552403535
4610,552460234,4610,552528970
4610,552585686,4610,552652333
4610,552709135,4610,552781486
4610,552838369,4610,552900400
4610,552956976,4610,553026266
4610,553082772,4610,553151311
4610,553207777,4610,553274794
4610,553331604,4610,553399966
4610,553456652,4610,553523419
4610,553580155,4610,553648801
4610,553705343,4610,553772294
4610,553828990,4610,553897293
4610,553954045,4610,554020732
4610,554077548,4610,554145517
4610,554202043,4610,554270876
4610,554327304,4610,554394065
4610,554450587,4610,554520211
4610,554576967,4610,554643658
4610,554700454,4610,554773178
4610,554829997,4610,554892119
4610,554948992,4610,555016747
4610,555073222,4610,555140110
4610,555196619,4610,555265645
4610,555322181,4610,555390881
4610,555447376,4610,555514501
4610,555571250,4610,555639802
4610,555696612,4610,555763272
4610,555820011,4610,555888728
4610,555945440,4610,556013149
4610,556070115,4610,556136812
4610,556193264,4610,556263382
4610,556320294,4610,556386047
4610,556442729,4610,556511249
4610,556568028,4610,556634722
4610,556691461,4610,556732291
4610,556788917,4610,556854289
4610,556910858,4610,556977392
4610,557033967,4610,557102560
4610,557159002,4610,557226660
4610,557283423,4610,557351578
4610,557408010,4610,557474691
4610,557531090,4610,557600457
4610,557656972,4610,557725355
4610,557781843,4610,557849155
4610,557905683,4610,557974713
4610,558031683,4610,558097622
4610,558154348,4610,558222831
4610,558279513,4610,558346214
4610,558403093,4610,558471649
4610,558528318,4610,558594925
4610,558651627,4610,558724048
4610,558780567,4610,558845642
4610,558902097,4610,558968464
4610,559024929,4610,559094400
4610,559151236,4610,559217603
4610,559274285,4610,559342514
4610,559398953,4610,559466137
4610,559522863,4610,559591355
4610,559647817,4610,559715162
4610,559771904,4610,559840080
4610,559896762,4610,559965078
4610,560022378,4610,560088608
4610,560145117,4610,560213683
4610,560270128,4610,560336805
4610,560393260,4610,560462237
4610,560518892,4610,560585549
4610,560642031,4610,560715103
4610,560771832,4610,560834931
4610,560891687,4610,560959939
4610,561016641,4610,561085821
4610,561142741,4610,561208740
4610,561268676,4610,561333912
4610,561390481,4610,561457291
4610,561514040,4610,561583203
4610,561639892,4610,561706940
4610,561763339,4610,561831077
4610,561887589,4610,561954166
4610,562010648,4610,562079514
4610,562135946,4610,562205450
4610,562262252,4610,562328759
4610,562385422,4610,562453874
4610,562510593,4610,562577210
4610,562633976,4610,562707261
4610,562764290,4610,562826355
4610,562883144,4610,562950886
4610,563007331,4610,563074018
4610,563130483,4610,563199350
4610,563255822,4610,563325506
4610,563382278,4610,563448632
4610,563505401,4610,563573780
4610,563630579,4610,563696872
4610,563753354,4610,563823305
4610,563879847,4610,563945403
4610,564002652,4610,564070925
4610,564127507,4610,564196753
4610,564253479,4610,564320203
4610,564376998,4610,564445024
4610,564501489,4610,564567909
4610,564624488,4610,564697612
4610,564754284,4610,564816693
4610,564873185,4610,564941901
4610,564998373,4610,565065144
4610,565121552,4610,565191043
4610,565247831,4610,565316401
4610,565373173,4610,565439556
4610,565496312,4610,565565395
4610,565622151,4610,565688331
4610,565745066,4610,565813192
4610,565869620,4610,565936908
4610,565993363,4610,566062069
4610,566118544,4610,566185408
4610,566241907,4610,566310760
4610,566367239,4610,566435931
4610,566492346,4610,566559014
4610,566615525,4610,566688700
4610,566745232,4610,566807965
4610,566864467,4610,566933079
4610,566989534,4610,567056295
4610,567112750,4610,567182240
4610,567239069,4610,567305283
4610,567361951,4610,567430718
4610,567487467,4610,567556416
4610,567613185,4610,567679385
4610,567736127,4610,567804636
4610,567861432,4610,567927558
4610,567983970,4610,568053965
4610,568110466,4610,568176800
4610,568233562,4610,568302105
4610,568358773,4610,568425270
4610,568481932,4610,568550318
4610,568606746,4610,568679814
4610,568736636,4610,568799356
4610,568856131,4610,568924534
4610,568981182,4610,569047399
4610,569103837,4610,569173338
4610,569229830,4610,569262591
4610,569319133,4610,569386604
4610,569443016,4610,569512559
4610,569569101,4610,569636149
4610,569692808,4610,569761283
4610,569817962,4610,569886692
4610,569943380,4610,570009303
4610,570065725,4610,570135135
4610,570191751,4610,570258288
4610,570314916,4610,570383662
4610,570440248,4610,570506831
4610,570563497,4610,570636074
4610,570692829,4610,570756079
4610,570812825,4610,570881144
4610,570937849,4610,571006398
4610,571063074,4610,571129794
4610,571186430,4610,571255072
4610,571311754,4610,571378094
4610,571434520,4610,571503182
4610,571559624,4610,571627035
4610,571683751,4610,571752333
4610,571809076,4610,571875572
4610,571932278,4610,572014296
4610,572072026,4610,572127243
4610,572184069,4610,572249624
4610,572309697,4610,572375440
4610,572431905,4610,572497835
4610,572554156,4610,572627211
4610,572683789,4610,572746522
4610,572802954,4610,572871563
4610,572927978,4610,572995039
4610,573051441,4610,573121081
4610,573177793,4610,573246413
4610,573303021,4610,573369458
4610,573426104,4610,573495551
4610,573552163,4610,573617828
4610,573674327,4610,573743033
4610,573799485,4610,573866873
4610,573923472,4610,573992391
4610,574048990,4610,574115630
4610,574172319,4610,574240792
4610,574297410,4610,574366010
4610,574422628,4610,574488831
4610,574545203,4610,574618031
4610,574674426,4610,574738216
4610,574794995,4610,574863468
4610,574920036,4610,574986680
4610,575043305,4610,575111764
4610,575168340,4610,575236859
4610,575293528,4610,575360018
4610,575416423,4610,575485910
4610,575542575,4610,575609570
4610,575666198,4610,575734801
4610,575791416,4610,575857986
4610,575914642,4610,575982664
4610,576039953,4610,576106300
4610,576162678,4610,576231388
4610,576287770,4610,576356813
4610,576413368,4610,576480379
4610,576537044,4610,576610129
4610,576666901,4610,576729203
4610,576785818,4610,576854568
4610,576911203,4610,576977957
4610,577034566,4610,577102865
4610,577159286,4610,577226497
4610,577283016,4610,577351505
4610,577407910,4610,577477627
4610,577534239,4610,577600623
4610,577657235,4610,577725901
4610,577782526,4610,577849180
4610,577905849,4610,577974331
4610,578030980,4610,578097774
4610,578154393,4610,578222618
4610,578278940,4610,578346021
4610,578402389,4610,578471192
4610,578527530,4610,578601082
4610,578657914,4610,578720570
4610,578777192,4610,578846055
4610,578902680,4610,578969137
4610,579025836,4610,579094712
4610,579151341,4610,579217544
4610,579274156,4610,579342485
4610,579399017,4610,579466178
4610,579522773,4610,579591733
4610,579648392,4610,579716590
4610,579773009,4610,579840263
4610,579896985,4610,579965545
4610,580023114,4610,580088590
4610,580144992,4610,580213735
4610,580270077,4610,580337441
4610,580394003,4610,580463523
4610,580520199,4610,580590116
4610,580646865,4610,580711847
4610,580768623,4610,580836905
4610,580893510,4610,580959597
4610,581015969,4610,581085355
4610,581141707,4610,581208461
4610,581264840,4610,581334236
4610,581390905,4610,581457863
4610,581514615,4610,581582767
4610,581639426,4610,581706256
4610,581762855,4610,581796464
4610,581853139,4610,581921415
4610,581977834,4610,582047060
4610,582103546,4610,582170643
4610,582227292,4610,582296018
4610,582352597,4610,582419167
4610,582475792,4610,582548343
4610,582605072,4610,582668061
4610,582724627,4610,582792659
4610,582849131,4610,582916048
4610,582972420,4610,583041152
4610,583097534,4610,583168787
4610,583225529,4610,583290537
4610,583350487,4610,583416016
4610,583472741,4610,583538814
4610,583595550,4610,583664203
4610,583720811,4610,583787078
4610,583843473,4610,583912613
4610,583968965,4610,584036703
4610,584093138,4610,584161090
4610,584217415,4610,584286375
4610,584342747,4610,584410198
4610,584466884,4610,584540052
4610,584596731,4610,584659083
4610,584715701,4610,584784484
4610,584841167,4610,584907550
4610,584964122,4610,585032381
4610,585088776,4610,585156081
4610,585212733,4610,585281462
4610,585338084,4610,585407438
4610,585464104,4610,585529980
4610,585586608,4610,585654897
4610,585711339,4610,585778263
4610,585834625,4610,585903528
4610,585959870,4610,586026764
4610,586083136,4610,586152603
4610,586209325,4610,586276016
4610,586332614,4610,586401160
4610,586457596,4610,586531194
4610,586587623,4610,586650165
4610,586706850,4610,586775393
4610,586832019,4610,586898616
4610,586955221,4610,587023970
4610,587080546,4610,587147253
4610,587203885,4610,587272598
4610,587329304,4610,587395867
4610,587452473,4610,587521956
4610,587578582,4610,587646697
4610,587703296,4610,587770063
4610,587826742,4610,587895281
4610,587951893,4610,588020543
4610,588077302,4610,588144069
4610,588200694,4610,588267271
4610,588323907,4610,588392606
4610,588449218,4610,588521599
4610,588578281,4610,588641204
4610,588697803,4610,588766545
4610,588823258,4610,588889728
4610,588946390,4610,589015116
4610,589071712,4610,589138415
4610,589195024,4610,589263844
4610,589320453,4610,589387637
4610,589444366,4610,589512384
4610,589568993,4610,589638020
4610,589694702,4610,589761169
4610,589817744,4610,589886494
4610,589943089,4610,590009766
4610,590066412,4610,590134551
4610,590190966,4610,590258567
4610,590314956,4610,590383805
4610,590440544,4610,590511066
4610,590567735,4610,590632473
4610,590689088,4610,590757674
4610,590814310,4610,590880910
4610,590937649,4610,591005738
4610,591062090,4610,591129131
4610,591185462,4610,591254789
4610,591311171,4610,591377958
4610,591434367,4610,591503563
4610,591560199,4610,591626429
4610,591682844,4610,591751747
4610,591808112,4610,591877623
4610,591934258,4610,592005801
4610,592062657,4610,592126560
4610,592183276,4610,592249099
4610,592305481,4610,592374911
4610,592431580,4610,592502565
4610,592559291,4610,592623585
4610,592680214,4610,592746954
4610,592803643,4610,592872002
4610,592928431,4610,592997454
4610,593054176,4610,593120249
4610,593176644,4610,593246068
4610,593302713,4610,593369524
4610,593425889,4610,593494725
4610,593552943,4610,593618028
4610,593674653,4610,593743329
4610,593800038,4610,593866722
4610,593923344,4610,593991917
4610,594048476,4610,594117372
4610,594174001,4610,594240784
4610,594297403,4610,594329944
4610,594389320,4610,594461316
4610,594518095,4610,594579549
4610,594636011,4610,594704871
4610,594761246,4610,594828427
4610,594885069,4610,594953749
4610,595010307,4610,595076674
4610,595133186,4610,595202002
4610,595258428,4610,595327314
4610,595383722,4610,595450993
4610,595507679,4610,595575901
4610,595632260,4610,595700555
4610,595757194,4610,595825029
4610,595881618,4610,595948252
4610,596005815,4610,596074254
4610,596130960,4610,596196749
4610,596253137,4610,596321874
4610,596378242,4610,596451190
4610,596507622,4610,596570684
4610,596627143,4610,596696023
4610,596752411,4610,596819198
4610,596875563,4610,596944980
4610,597001616,4610,597068156
4610,597124772,4610,597193648
4610,597250333,4610,597317418
4610,597374066,4610,597442128
4610,597498737,4610,597567483
4610,597624075,4610,597691283
4610,597748139,4610,597815984
4610,597872352,4610,597939160
4610,597995578,4610,598064888
4610,598121504,4610,598188234
4610,598244896,4610,598313412
4610,598370018,4610,598440309
4610,598496767,4610,598562473
4610,598619132,4610,598687187
4610,598743706,4610,598810904
4610,598867536,4610,598936065
4610,598992657,4610,599059394
4610,599115976,4610,599184292
4610,599240681,4610,599308092
4610,599364537,4610,599432996
4610,599489405,4610,599558278
4610,599614669,4610,599681644
4610,599738075,4610,599806895
4610,599863377,4610,599930071
4610,599986456,4610,600056934
4610,600113700,4610,600179342
4610,600235968,4610,600304620
4610,600361386,4610,600431741
4610,600488393,4610,600552931
4610,600609272,4610,600678659
4610,600735405,4610,600801865
4610,600858450,4610,600927574
4610,600984273,4610,601050559
4610,601107155,4610,601175894
4610,601232446,4610,601299727
4610,601356349,4610,601424551
4610,601481190,4610,601547851
4610,601604489,4610,601672825
4610,601729254,4610,601798554
4610,601855149,4610,601921703
4610,601978255,4610,602047371
4610,602103957,4610,602170497
4610,602227136,4610,602295925
4610,602352507,4610,602423313
4610,602480061,4610,602545003
4610,602601769,4610,602667788
4610,602724481,4610,602793170
4610,602849772,4610,602918388
4610,602975047,4610,603041791
4610,603098440,4610,603166642
4610,603223067,4610,603290668
4610,603347034,4610,603415696
4610,603472352,4610,603539109
4610,603595714,4610,603664457
4610,603721146,4610,603787639
4610,603844238,4610,603912527
4610,603968899,4610,604039337
4610,604096009,4610,604162176
4610,604218971,4610,604287067
4610,604343676,4610,604414227
4610,604470933,4610,604535741
4610,604592523,4610,604658893
4610,604715519,4610,604784362
4610,604840960,4610,604907614
4610,604964226,4610,605032852
4610,605089511,4610,605158250
4610,605214829,4610,605282130
4610,605338752,4610,605406300
4610,605466747,4610,605530554
4610,605587376,4610,605655695
4610,605712337,4610,605779265
4610,605835984,4610,605903749
4610,605960144,4610,606029077
4610,606085395,4610,606152416
4610,606208785,4610,606278165
4610,606334754,4610,606405048
4610,606461513,4610,606527032
4610,606583711,4610,606649751
4610,606706260,4610,606775623
4610,606832225,4610,606865370
4610,606922042,4610,606988833
4610,607045215,4610,607114662
4610,607171377,4610,607237991
4610,607294593,4610,607363736
4610,607420505,4610,607488774
4610,607546961,4610,607611956
4610,607668595,4610,607737275
4610,607793860,4610,607860417
4610,607917006,4610,607985845
4610,608043315,4610,608109492
4610,608166070,4610,608235204
4610,608291912,4610,608361970
4610,608418772,4610,608482900
4610,608539292,4610,608608532
4610,608665184,4610,608731781
4610,608788513,4610,608856992
4610,608913564,4610,608980792
4610,609037474,4610,609105950
4610,609162552,4610,609229747
4610,609286536,4610,609354097
4610,609410546,4610,609477316
4610,609533678,4610,609602514
4610,609659043,4610,609728416
4610,609785089,4610,609851575
4610,609908201,4610,609976520
4610,610032895,4610,610100253
4610,610156885,4610,610225805
4610,610282403,4610,610353456
4610,610409991,4610,610474489
4610,610531158,4610,610597942
4610,610654594,4610,610722696
4610,610779138,4610,610848361
4610,610904993,4610,610971510
4610,611028092,4610,611096948
4610,611153557,4610,611220261
4610,611276893,4610,611345703
4610,611402341,4610,611468788
4610,611525374,4610,611593759
4610,611650181,4610,611719111
4610,611775509,4610,611842874
4610,611899663,4610,611967745
4610,612024734,4610,612091271
4610,612147643,4610,612217320
4610,612273986,4610,612346229
4610,612403115,4610,612465674
4610,612522383,4610,612588876
4610,612645509,4610,612714168
4610,612770797,4610,612839463
4610,612896088,4610,612962575
4610,613018954,4610,613088210
4610,613144862,4610,613212013
4610,613268659,4610,613336237
4610,613392569,4610,613459680
4610,613516132,4610,613584961
4610,613641320,4610,613708698
4610,613765336,4610,613834359
4610,613890945,4610,613959401
4610,614016136,4610,614082707
4610,614139315,4610,614207538
4610,614263939,4610,614336013
4610,614392832,4610,614456782
4610,614513511,4610,614580148
4610,614636827,4610,614705350
4610,614761978,4610,614828082
4610,614884473,4610,614953460
4610,615009862,4610,615078935
4610,615135347,4610,615202628
4610,615259307,4610,615327435
4610,615383861,4610,615451592
4610,615508248,4610,615576303
4610,615632798,4610,615699486
4610,615755931,4610,615824710
4610,615881159,4610,615947986
4610,616005132,4610,616074099
4610,616130878,4610,616199383
4610,616256039,4610,616326434
4610,616383086,4610,616447433
4610,616506882,4610,616571457
4610,616628222,4610,616696405
4610,616753060,4610,616819694
4610,616876272,4610,616944638
4610,617001033,4610,617068702
4610,617125357,4610,617194357
4610,617251002,4610,617319098
4610,617375706,4610,617441853
4610,617498241,4610,617567274
4610,617623806,4610,617690944
4610,617747626,4610,617816289
4610,617872941,4610,617939114
4610,617995483,4610,618064993
4610,618121632,4610,618190378
4610,618246977,4610,618317829
4610,618374658,4610,618438795
4610,618495220,4610,618562235
4610,618618913,4610,618687563
4610,618743965,4610,618810942
4610,618867621,4610,618936294
4610,618992919,4610,619059596
4610,619116262,4610,619184891
4610,619241560,4610,619310319
4610,619366918,4610,619399676
4610,619456088,4610,619525655
4610,619582147,4610,619651096
4610,619707608,4610,619774773
4610,619831411,4610,619900021
4610,619956603,4610,620024304
4610,620082445,4610,620148772
4610,620205364,4610,620275889
4610,620332394,4610,620397676
4610,620454265,4610,620520715
4610,620577387,4610,620646030
4610,620702619,4610,620771268
4610,620827820,4610,620894724
4610,620951309,4610,621020146
4610,621076774,4610,621143882
4610,621200551,4610,621268553
4610,621325212,4610,621391915
4610,621448507,4610,621517220
4610,621573802,4610,621640630
4610,621697252,4610,621765828
4610,621822450,4610,621891640
4610,621948302,4610,622014799
4610,622071448,4610,622139530
4610,622195958,4610,622267217
4610,622323876,4610,622388721
4610,622445350,4610,622511853
4610,622568459,4610,622637208
4610,622693877,4610,622760427
4610,622817039,4610,622885769
4610,622942394,4610,623011261
4610,623067936,4610,623134483
4610,623191139,4610,623259398
4610,623315823,4610,623382657
4610,623439152,4610,623508859
4610,623565591,4610,623631845
4610,623688550,4610,623757126
4610,623813755,4610,623882471
4610,623939067,4610,624006528
4610,624064131,4610,624131913
4610,624188341,4610,624257878
4610,624314410,4610,624379996
4610,624436759,4610,624503079
4610,624559734,4610,624628353
4610,624684929,4610,624751579
4610,624808195,4610,624876944
4610,624933610,4610,625001899
4610,625058277,4610,625126059
4610,625182457,4610,625250509
4610,625306954,4610,625373768
4610,625430150,4610,625499764
4610,625556543,4610,625622843
4610,625679472,4610,625748178
4610,625804777,4610,625871477
4610,625928123,4610,625996905
4610,626053514,4610,626122207
4610,626178852,4610,626249427
4610,626306233,4610,626370531
4610,626426896,4610,626494220
4610,626550946,4610,626619178
4610,626675583,4610,626743155
4610,626799834,4610,626868203
4610,626924858,4610,626991135
4610,627047530,4610,627116353
4610,627172738,4610,627242045
4610,627298727,4610,627365501
4610,627422106,4610,627490912
4610,627550872,4610,627614565
4610,627671458,4610,627739340
4610,627795882,4610,627862686
4610,627919331,4610,627987627
4610,628049562,4610,628111523
4610,628168115,4610,628241096
4610,628297785,4610,628362623
4610,628419256,4610,628485128
4610,628541610,4610,628610340
4610,628666722,4610,628733559
4610,628789961,4610,628858860
4610,628915262,4610,628982176
4610,629038581,4610,629108689
4610,629165401,4610,629230754
4610,629287246,4610,629356225
4610,629412644,4610,629481513
4610,629538002,4610,629605266
4610,629661995,4610,629730081
4610,629786479,4610,629853357
4610,629909725,4610,629979773
4610,630036461,4610,630102648
4610,630159420,4610,630231494
4610,630287989,4610,630352881
4610,630409342,4610,630476153
4610,630532512,4610,630601451
4610,630657880,4610,630725204
4610,630781963,4610,630850456
4610,630907181,4610,630974476
4610,631031158,4610,631099060
4610,631155682,4610,631222299
4610,631280399,4610,631347797
4610,631404516,4610,631473239
4610,631529891,4610,631596815
4610,631654352,4610,631722367
4610,631778986,4610,631844878
4610,631901254,4610,631934275
4610,631990934,4610,632059970
4610,632116409,4610,632185656
4610,632242201,4610,632307657
4610,632364379,4610,632430762
4610,632487391,4610,632556124
4610,632612766,4610,632679366
4610,632736028,4610,632804661
4610,632861220,4610,632929656
4610,632986054,4610,633054176
4610,633110655,4610,633178543
4610,633235005,4610,633301769
4610,633358191,4610,633427064
4610,633483466,4610,633550683
4610,633607379,4610,633675978
4610,633732637,4610,633799241
4610,633855866,4610,633924772
4610,633981388,4610,634049477
4610,634105862,4610,634176463
4610,634232939,4610,634298775
4610,634355420,4610,634421533
4610,634477969,4610,634547332
4610,634603978,4610,634670000
4610,634726399,4610,634795686
4610,634852134,4610,634921371
4610,634978070,4610,635044583
4610,635101166,4610,635169434
4610,635225810,4610,635292757
4610,635349162,4610,635418609
4610,635475261,4610,635541882
4610,635598507,4610,635667103
4610,635723702,4610,635790352
4610,635847034,4610,635915851
4610,635972443,4610,636042173
4610,636098849,4610,636168790
4610,636225549,4610,636289573
4610,636345968,4610,636413639
4610,636470275,4610,636538183
4610,636594555,4610,636661225
4610,636717617,4610,636787058
4610,636843690,4610,636910477
4610,636967102,4610,637036282
4610,637092888,4610,637160997
4610,637217585,4610,637283989
4610,637340381,4610,637409751
4610,637466483,4610,637533003
4610,637589602,4610,637658248
4610,637714840,4610,637781571
4610,637838153,4610,637906982
4610,637963614,4610,638030328
4610,638086713,4610,638160048
4610,638216784,4610,638281111
4610,638337727,4610,638403817
4610,638460212,4610,638529739
4610,638589558,4610,638652774
4610,638709300,4610,638778343
4610,638834968,4610,638901602
4610,638958164,4610,639026920
4610,639083512,4610,639150149
4610,639206771,4610,639275528
4610,639332146,4610,639400886
4610,639457501,4610,639524122
4610,639580841,4610,639649947
4610,639706566,4610,639772412
4610,639828807,4610,639897697
4610,639954099,4610,640022521
4610,640079283,4610,640150689
4610,640207498,4610,640269820
4610,640326222,4610,640395005
4610,640451407,4610,640520307
4610,640576682,4610,640644253
4610,640700912,4610,640769021
4610,640825429,4610,640892370
4610,640948759,4610,641018629
4610,641075308,4610,641141388
4610,641197993,4610,641267213
4610,641323809,4610,641391824
4610,641448239,4610,641515006
4610,641571428,4610,641640665
4610,641697327,4610,641763971
4610,641820646,4610,641949902
4610,642006488,4610,642076162
4610,642132710,4610,642203275
4610,642259981,4610,642324642
4610,642381044,4610,642448098
4610,642504697,4610,642572956
4610,642629321,4610,642696692
4610,642753298,4610,642821957
4610,642878489,4610,642947910
4610,643004515,4610,643070728
4610,643127494,4610,643195739
4610,643252104,4610,643319025
4610,643375584,4610,643444280
4610,643500769,4610,643568230
4610,643624935,4610,643693481
4610,643750270,4610,643816637
4610,643873326,4610,643942075
4610,643998728,4610,644067287
4610,644124016,4610,644194537
4610,644250936,4610,644315801
4610,644372263,4610,644439644
4610,644496343,4610,644530125
4610,644586931,4610,644654779
4610,644711151,4610,644777985
4610,644834454,4610,644903253
4610,644959652,4610,645027854
4610,645084513,4610,645152375
4610,645209063,4610,645275614
4610,645332246,4610,645401002
4610,645457724,4610,645526377
4610,645582976,4610,645649669
4610,645706251,4610,645774988
4610,645831690,4610,645897823
4610,645954188,4610,646023728
4610,646080304,4610,646151510
4610,646208319,4610,646272546
4610,646329122,4610,646397224
4610,646453599,4610,646520546
4610,646576975,4610,646645798
4610,646702149,4610,646769197
4610,646825505,4610,646894465
4610,646950884,4610,647017824
4610,647074126,4610,647143076
4610,647199508,4610,647266368
4610,647322800,4610,647392170
4610,647448849,4610,647517509
4610,647574187,4610,647640708
4610,647697370,4610,647766610
4610,647823295,4610,647889095
4610,647945570,4610,648016202
4610,648072861,4610,648142077
4610,648198633,4610,648263100
4610,648319526,4610,648386376
4610,648442711,4610,648511768
4610,648568236,4610,648636963
4610,648693358,4610,648760719
4610,648817404,4610,648885984
4610,648942643,4610,649009910
4610,649066606,4610,649134765
4610,649191383,4610,649258097
4610,649314679,4610,649383255
4610,649439604,4610,649506858
4610,649563494,4610,649632029
4610,649694475,4610,649757761
4610,649814440,4610,649880673
4610,649937222,4610,650006132
4610,650062704,4610,650132618
4610,650188953,4610,650254319
4610,650310691,4610,650378118
4610,650434761,4610,650502839
4610,650559291,4610,650626058
4610,650682460,4610,650752134
4610,650808719,4610,650877269
4610,650933847,4610,651000368
4610,651056820,4610,651126150
4610,651182765,4610,651248872
4610,651305277,4610,651374096
4610,651430441,4610,651498473
4610,651555042,4610,651623131
4610,651679806,4610,651746547
4610,651803172,4610,651871481
4610,651927936,4610,651997383
4610,652005733,4610,652125071
4610,652181790,4610,652245997
4610,652302590,4610,652369020
4610,652425532,4610,652494291
4610,652550853,4610,652617944
4610,652674523,4610,652743149
4610,652799821,4610,652868394
4610,652924912,4610,652992363
4610,653048989,4610,653116574
4610,653172996,4610,653239796
4610,653296271,4610,653365151
4610,653421620,4610,653488400
4610,653544802,4610,653613635
4610,653670073,4610,653736991
4610,653793383,4610,653862606
4610,653918951,4610,653988365
4610,654044977,4610,654116159
4610,654172921,4610,654237065
4610,654293411,4610,654360358
4610,654416987,4610,654485229
4610,654541681,4610,654608695
4610,654665310,4610,654733656
4610,654790045,4610,654857409
4610,654914181,4610,654982851
4610,655039493,4610,655108046
4610,655164618,4610,655231475
4610,655288064,4610,655356823
4610,655413395,4610,655480252
4610,655536868,4610,655605437
4610,655662009,4610,655728977
4610,655785589,4610,655854555
4610,655911264,4610,655977651
4610,656035274,4610,656106513
4610,656162948,4610,656227603
4610,656284145,4610,656350845
4610,656407284,4610,656476768
4610,656533463,4610,656600080
4610,656656729,4610,656725372
4610,656781994,4610,656848377
4610,656904746,4610,656974446
4610,657030995,4610,657064303
4610,657121076,4610,657188037
4610,657244408,4610,657312717
4610,657369203,4610,657436420
4610,657492846,4610,657561338
4610,657617713,4610,657687257
4610,657744023,4610,657810533
4610,657867238,4610,657935300
4610,657991749,4610,658062784
4610,658119560,4610,658184248
4610,658240657,4610,658307794
4610,658364446,4610,658433102
4610,658489801,4610,658558404
4610,658615039,4610,658681273
4610,658737725,4610,658807192
4610,658863834,4610,658929887
4610,658986442,4610,659055702
4610,659112224,4610,659178588
4610,659235026,4610,659303963
4610,659360404,4610,659427676
4610,659484468,4610,659553017
4610,659609683,4610,659678412
4610,659735034,4610,659801691
4610,659858343,4610,659926973
4610,659983602,4610,660054907
4610,660111576,4610,660175460
4610,660231975,4610,660298492
4610,660354944,4610,660423807
4610,660480309,4610,660547036
4610,660603528,4610,660673319
4610,660734313,4610,660798580
4610,660855273,4610,660921886
4610,660978375,4610,661046904
4610,661103546,4610,661169733
4610,661226221,4610,661295174
4610,661351513,4610,661418340
4610,661474722,4610,661544279
4610,661600958,4610,661667468
4610,661724110,4610,661792836
4610,661849515,4610,661918088
4610,661974663,4610,662045839
4610,662102458,4610,662167026
4610,662223671,4610,662290074
4610,662346466,4610,662415603
4610,662472192,4610,662538392
4610,662594770,4610,662663676
4610,662720028,4610,662787436
4610,662844045,4610,662912754
4610,662969470,4610,663038126
4610,663094875,4610,663161358
4610,663218074,4610,663286743
4610,663343399,4610,663409458
4610,663465967,4610,663534853
4610,663591279,4610,663658843
4610,663715412,4610,663784198
4610,663840814,4610,663907724
4610,663964407,4610,664036910
4610,664093299,4610,664158187
4610,664214936,4610,664281293
4610,664338062,4610,664406564
4610,664463240,4610,664529864
4610,664586596,4610,664655279
4610,664711974,4610,664778541
4610,664835187,4610,664904463
4610,664961129,4610,665027232
4610,665083837,4610,665152620
4610,665209252,4610,665278015
4610,665334701,4610,665401254
4610,665457890,4610,665526245
4610,665582727,4610,665649535
4610,665706067,4610,665774709
4610,665831291,4610,665898459
4610,665955185,4610,666027605
4610,666084287,4610,666148922
4610,666205247,4610,666272051
4610,666328449,4610,666397392
4610,666453898,4610,666520665
4610,666577050,4610,666646494
4610,666703163,4610,666769866
4610,666826485,4610,666895048
4610,666951850,4610,667017793
4610,667074298,4610,667143562
4610,667200064,4610,667268556
4610,667324978,4610,667392396
4610,667449078,4610,667517274
4610,667573676,4610,667640633
4610,667696958,4610,667765965
4610,667822403,4610,667889874
4610,667946560,4610,668019908
4610,668076590,4610,668138448
4610,668195171,4610,668263570
4610,668320295,4610,668388961
4610,668445667,4610,668511677
4610,668568299,4610,668637515
4610,668694248,4610,668761295
4610,668818067,4610,668887631
4610,668944337,4610,669009572
4610,669066224,4610,669134426
4610,669190848,4610,669257756
4610,669314181,4610,669383548
4610,669440213,4610,669508902
4610,669565615,4610,669598503
4610,669654925,4610,669724712
4610,669781394,4610,669849526
4610,669906135,4610,669977751
4610,670034590,4610,670098527
4610,670154999,4610,670222154
4610,670278842,4610,670347545
4610,670404224,4610,670470667
4610,670527353,4610,670596036
4610,670652791,4610,670719422
4610,670776050,4610,670844623
4610,670901412,4610,670969978
4610,671026607,4610,671092797
4610,671149359,4610,671218138
4610,671274573,4610,671341427
4610,671397903,4610,671466579
4610,671523037,4610,671590038
4610,671646530,4610,671716017
4610,671777461,4610,671841182
4610,671897697,4610,671968369
4610,672025488,4610,672089882
4610,672146228,4610,672212841
4610,672269200,4610,672338096
4610,672394545,4610,672461852
4610,672518611,4610,672587044
4610,672643699,4610,672710426
4610,672767155,4610,672836322
4610,672892974,4610,672961039
4610,673017715,4610,673084395
4610,673140957,4610,673209440
4610,673265835,4610,673332732
4610,673389104,4610,673458454
4610,673515056,4610,673582314
4610,673638990,4610,673707205
4610,673763780,4610,673830521
4610,673887180,4610,673959577
4610,674016433,4610,674080744
4610,674137246,4610,674203852
